nohup: ignoring input
Run directory: ./outputs_sam_sirst/nuaa_size256_bs4_e1500_kp1_pixels0_g7_20250905_233325
[Epoch 001] loss=1.4594 miou=0.0000 f1=0.0000 time=15.0s
[Epoch 002] loss=0.9385 miou=0.3020 f1=0.4465 time=13.7s
[Epoch 003] loss=0.3651 miou=0.6396 f1=0.7642 time=13.6s
[Epoch 004] loss=0.2011 miou=0.6704 f1=0.7876 time=13.6s
[Epoch 005] loss=0.1813 miou=0.6726 f1=0.7897 time=13.9s
[Epoch 006] loss=0.1826 miou=0.6866 f1=0.8000 time=14.0s
[Epoch 007] loss=0.1661 miou=0.6761 f1=0.7928 time=13.9s
[Epoch 008] loss=0.1777 miou=0.6968 f1=0.8093 time=13.9s
[Epoch 009] loss=0.1716 miou=0.6916 f1=0.8055 time=13.9s
[Epoch 010] loss=0.1736 miou=0.6926 f1=0.8066 time=13.7s
[Epoch 011] loss=0.1609 miou=0.6935 f1=0.8060 time=13.8s
[Epoch 012] loss=0.1651 miou=0.6974 f1=0.8091 time=13.9s
[Epoch 013] loss=0.1618 miou=0.6892 f1=0.7999 time=13.9s
[Epoch 014] loss=0.1543 miou=0.6937 f1=0.8053 time=13.8s
[Epoch 015] loss=0.1516 miou=0.6970 f1=0.8081 time=13.8s
[Epoch 016] loss=0.1609 miou=0.6953 f1=0.8081 time=13.9s
[Epoch 017] loss=0.1580 miou=0.6953 f1=0.8069 time=13.8s
[Epoch 018] loss=0.1558 miou=0.6802 f1=0.7969 time=13.8s
[Epoch 019] loss=0.1471 miou=0.7039 f1=0.8141 time=13.8s
[Epoch 020] loss=0.1431 miou=0.6985 f1=0.8104 time=14.1s
[Epoch 021] loss=0.1430 miou=0.6920 f1=0.8048 time=13.8s
[Epoch 022] loss=0.1432 miou=0.6889 f1=0.8016 time=13.6s
[Epoch 023] loss=0.1417 miou=0.6936 f1=0.8063 time=13.8s
[Epoch 024] loss=0.1365 miou=0.6963 f1=0.8083 time=13.9s
[Epoch 025] loss=0.1471 miou=0.6955 f1=0.8088 time=13.2s
[Epoch 026] loss=0.1410 miou=0.7020 f1=0.8132 time=13.3s
[Epoch 027] loss=0.1460 miou=0.6841 f1=0.7984 time=13.2s
[Epoch 028] loss=0.1446 miou=0.6880 f1=0.8022 time=13.2s
[Epoch 029] loss=0.1399 miou=0.6999 f1=0.8102 time=13.2s
[Epoch 030] loss=0.1354 miou=0.6832 f1=0.7971 time=13.2s
[Epoch 031] loss=0.1386 miou=0.7033 f1=0.8115 time=13.2s
[Epoch 032] loss=0.1346 miou=0.6970 f1=0.8074 time=13.2s
[Epoch 033] loss=0.1323 miou=0.6877 f1=0.8036 time=13.2s
[Epoch 034] loss=0.1306 miou=0.7002 f1=0.8114 time=13.3s
[Epoch 035] loss=0.1358 miou=0.6956 f1=0.8079 time=13.2s
[Epoch 036] loss=0.1294 miou=0.6811 f1=0.7960 time=13.2s
[Epoch 037] loss=0.1369 miou=0.6859 f1=0.7994 time=13.2s
[Epoch 038] loss=0.1347 miou=0.6960 f1=0.8074 time=13.2s
[Epoch 039] loss=0.1276 miou=0.6862 f1=0.7984 time=13.2s
[Epoch 040] loss=0.1272 miou=0.6917 f1=0.8038 time=13.3s
[Epoch 041] loss=0.1301 miou=0.7001 f1=0.8110 time=13.5s
[Epoch 042] loss=0.1269 miou=0.7002 f1=0.8121 time=13.8s
[Epoch 043] loss=0.1273 miou=0.7037 f1=0.8139 time=13.2s
[Epoch 044] loss=0.1298 miou=0.6862 f1=0.7990 time=13.2s
[Epoch 045] loss=0.1231 miou=0.6954 f1=0.8081 time=13.2s
[Epoch 046] loss=0.1217 miou=0.6895 f1=0.8023 time=13.2s
[Epoch 047] loss=0.1270 miou=0.6879 f1=0.8034 time=13.2s
[Epoch 048] loss=0.1251 miou=0.6896 f1=0.8022 time=13.2s
[Epoch 049] loss=0.1232 miou=0.6969 f1=0.8088 time=13.2s
[Epoch 050] loss=0.1219 miou=0.6880 f1=0.8012 time=13.9s
[Epoch 051] loss=0.1256 miou=0.6816 f1=0.7963 time=13.9s
[Epoch 052] loss=0.1217 miou=0.6907 f1=0.8028 time=13.9s
[Epoch 053] loss=0.1232 miou=0.6862 f1=0.8000 time=13.8s
[Epoch 054] loss=0.1245 miou=0.6783 f1=0.7934 time=13.8s
[Epoch 055] loss=0.1223 miou=0.6886 f1=0.8015 time=13.8s
[Epoch 056] loss=0.1230 miou=0.6847 f1=0.7992 time=13.8s
[Epoch 057] loss=0.1149 miou=0.6896 f1=0.8027 time=13.7s
[Epoch 058] loss=0.1233 miou=0.6822 f1=0.7963 time=13.8s
[Epoch 059] loss=0.1249 miou=0.6931 f1=0.8059 time=13.8s
[Epoch 060] loss=0.1178 miou=0.6926 f1=0.8055 time=13.8s
[Epoch 061] loss=0.1110 miou=0.6831 f1=0.7980 time=13.9s
[Epoch 062] loss=0.1155 miou=0.6904 f1=0.8039 time=13.8s
[Epoch 063] loss=0.1199 miou=0.6864 f1=0.7998 time=13.8s
[Epoch 064] loss=0.1167 miou=0.6850 f1=0.7990 time=13.7s
[Epoch 065] loss=0.1154 miou=0.6902 f1=0.8042 time=12.9s
[Epoch 066] loss=0.1152 miou=0.6885 f1=0.8034 time=12.9s
[Epoch 067] loss=0.1196 miou=0.6862 f1=0.8002 time=12.9s
[Epoch 068] loss=0.1128 miou=0.6926 f1=0.8043 time=13.8s
[Epoch 069] loss=0.1092 miou=0.6980 f1=0.8111 time=12.9s
[Epoch 070] loss=0.1092 miou=0.6904 f1=0.8028 time=13.3s
[Epoch 071] loss=0.1074 miou=0.6918 f1=0.8051 time=12.9s
[Epoch 072] loss=0.1096 miou=0.6987 f1=0.8097 time=13.8s
[Epoch 073] loss=0.1131 miou=0.6958 f1=0.8076 time=13.8s
[Epoch 074] loss=0.1150 miou=0.6909 f1=0.8028 time=13.3s
[Epoch 075] loss=0.1127 miou=0.6849 f1=0.7993 time=13.6s
[Epoch 076] loss=0.1093 miou=0.6964 f1=0.8084 time=13.8s
[Epoch 077] loss=0.1136 miou=0.6978 f1=0.8088 time=13.2s
[Epoch 078] loss=0.1086 miou=0.6953 f1=0.8066 time=13.2s
[Epoch 079] loss=0.1039 miou=0.6824 f1=0.7973 time=13.2s
[Epoch 080] loss=0.1075 miou=0.6889 f1=0.8010 time=13.2s
[Epoch 081] loss=0.1086 miou=0.6784 f1=0.7948 time=13.2s
[Epoch 082] loss=0.1084 miou=0.6867 f1=0.8009 time=13.2s
[Epoch 083] loss=0.1027 miou=0.6852 f1=0.8004 time=13.4s
[Epoch 084] loss=0.1066 miou=0.6851 f1=0.7989 time=13.4s
[Epoch 085] loss=0.1050 miou=0.6946 f1=0.8076 time=13.7s
[Epoch 086] loss=0.1043 miou=0.6746 f1=0.7907 time=13.5s
[Epoch 087] loss=0.1012 miou=0.6814 f1=0.7973 time=13.4s
[Epoch 088] loss=0.1092 miou=0.6935 f1=0.8060 time=13.1s
[Epoch 089] loss=0.1096 miou=0.6822 f1=0.7972 time=13.1s
[Epoch 090] loss=0.1077 miou=0.6874 f1=0.8010 time=13.0s
[Epoch 091] loss=0.0956 miou=0.6821 f1=0.7970 time=13.0s
[Epoch 092] loss=0.1094 miou=0.6913 f1=0.8046 time=12.9s
[Epoch 093] loss=0.1137 miou=0.6822 f1=0.7982 time=12.9s
[Epoch 094] loss=0.1063 miou=0.6854 f1=0.8020 time=13.1s
[Epoch 095] loss=0.1030 miou=0.6897 f1=0.8030 time=13.4s
[Epoch 096] loss=0.1023 miou=0.6839 f1=0.7982 time=13.0s
[Epoch 097] loss=0.1051 miou=0.6873 f1=0.8018 time=13.9s
[Epoch 098] loss=0.1006 miou=0.6833 f1=0.7983 time=14.3s
[Epoch 099] loss=0.1012 miou=0.6910 f1=0.8036 time=13.8s
[Epoch 100] loss=0.0987 miou=0.7018 f1=0.8131 time=13.9s
[Epoch 101] loss=0.0975 miou=0.6877 f1=0.8009 time=14.0s
[Epoch 102] loss=0.0964 miou=0.6836 f1=0.8008 time=14.0s
[Epoch 103] loss=0.0982 miou=0.6807 f1=0.7953 time=13.4s
[Epoch 104] loss=0.0949 miou=0.6832 f1=0.7986 time=12.9s
[Epoch 105] loss=0.1172 miou=0.6816 f1=0.7970 time=13.3s
[Epoch 106] loss=0.1073 miou=0.6900 f1=0.8036 time=13.7s
[Epoch 107] loss=0.1020 miou=0.6679 f1=0.7875 time=12.9s
[Epoch 108] loss=0.1024 miou=0.6930 f1=0.8053 time=13.8s
[Epoch 109] loss=0.0952 miou=0.6912 f1=0.8047 time=14.0s
[Epoch 110] loss=0.0980 miou=0.6867 f1=0.8009 time=13.9s
[Epoch 111] loss=0.0899 miou=0.6902 f1=0.8025 time=14.0s
[Epoch 112] loss=0.0976 miou=0.6884 f1=0.8031 time=13.9s
[Epoch 113] loss=0.0857 miou=0.6954 f1=0.8075 time=14.2s
[Epoch 114] loss=0.0899 miou=0.6923 f1=0.8056 time=14.2s
[Epoch 115] loss=0.0992 miou=0.6879 f1=0.8040 time=14.0s
[Epoch 116] loss=0.0923 miou=0.6782 f1=0.7947 time=14.1s
[Epoch 117] loss=0.0923 miou=0.6884 f1=0.8029 time=14.2s
[Epoch 118] loss=0.0942 miou=0.6916 f1=0.8063 time=14.3s
[Epoch 119] loss=0.0922 miou=0.6920 f1=0.8045 time=14.2s
[Epoch 120] loss=0.0909 miou=0.6850 f1=0.8005 time=14.2s
[Epoch 121] loss=0.0878 miou=0.6940 f1=0.8077 time=14.2s
[Epoch 122] loss=0.0887 miou=0.6885 f1=0.8022 time=14.1s
[Epoch 123] loss=0.0877 miou=0.6873 f1=0.8021 time=14.1s
[Epoch 124] loss=0.0840 miou=0.6872 f1=0.8008 time=14.1s
[Epoch 125] loss=0.0809 miou=0.6805 f1=0.7960 time=14.2s
[Epoch 126] loss=0.0868 miou=0.6866 f1=0.8012 time=14.2s
[Epoch 127] loss=0.0844 miou=0.6736 f1=0.7904 time=14.0s
[Epoch 128] loss=0.0877 miou=0.6873 f1=0.8008 time=14.2s
[Epoch 129] loss=0.0950 miou=0.6856 f1=0.8005 time=14.0s
[Epoch 130] loss=0.0913 miou=0.6879 f1=0.8029 time=13.7s
[Epoch 131] loss=0.0822 miou=0.6817 f1=0.7973 time=13.2s
[Epoch 132] loss=0.0812 miou=0.6948 f1=0.8078 time=13.6s
[Epoch 133] loss=0.0838 miou=0.6887 f1=0.8032 time=13.9s
[Epoch 134] loss=0.0825 miou=0.6868 f1=0.8018 time=13.8s
[Epoch 135] loss=0.0854 miou=0.6890 f1=0.8031 time=14.2s
[Epoch 136] loss=0.0875 miou=0.6860 f1=0.8006 time=13.8s
[Epoch 137] loss=0.0926 miou=0.6820 f1=0.7968 time=13.8s
[Epoch 138] loss=0.0846 miou=0.6766 f1=0.7925 time=13.8s
[Epoch 139] loss=0.0849 miou=0.6882 f1=0.8025 time=13.8s
[Epoch 140] loss=0.0865 miou=0.6802 f1=0.7962 time=13.8s
[Epoch 141] loss=0.0820 miou=0.6885 f1=0.8028 time=13.9s
[Epoch 142] loss=0.0847 miou=0.6789 f1=0.7959 time=13.9s
[Epoch 143] loss=0.0924 miou=0.6844 f1=0.8002 time=13.9s
[Epoch 144] loss=0.0872 miou=0.6843 f1=0.8005 time=13.9s
[Epoch 145] loss=0.0915 miou=0.6823 f1=0.7987 time=13.9s
[Epoch 146] loss=0.0871 miou=0.6839 f1=0.7981 time=13.9s
[Epoch 147] loss=0.0847 miou=0.6824 f1=0.7978 time=13.9s
[Epoch 148] loss=0.0871 miou=0.6917 f1=0.8051 time=13.9s
[Epoch 149] loss=0.0833 miou=0.6857 f1=0.8007 time=13.9s
[Epoch 150] loss=0.0817 miou=0.6970 f1=0.8089 time=13.9s
[Epoch 151] loss=0.0787 miou=0.6941 f1=0.8064 time=13.9s
[Epoch 152] loss=0.0746 miou=0.6885 f1=0.8028 time=13.9s
[Epoch 153] loss=0.0756 miou=0.6881 f1=0.8029 time=13.9s
[Epoch 154] loss=0.0771 miou=0.6839 f1=0.7994 time=13.7s
[Epoch 155] loss=0.0803 miou=0.6798 f1=0.7949 time=13.7s
[Epoch 156] loss=0.0794 miou=0.6822 f1=0.7952 time=13.8s
[Epoch 157] loss=0.0853 miou=0.6906 f1=0.8052 time=13.9s
[Epoch 158] loss=0.0831 miou=0.6766 f1=0.7928 time=13.8s
[Epoch 159] loss=0.0807 miou=0.6816 f1=0.7973 time=13.7s
[Epoch 160] loss=0.0778 miou=0.6850 f1=0.8000 time=13.8s
[Epoch 161] loss=0.0813 miou=0.6854 f1=0.8006 time=13.8s
[Epoch 162] loss=0.0738 miou=0.6739 f1=0.7898 time=13.9s
[Epoch 163] loss=0.0763 miou=0.6877 f1=0.8012 time=13.9s
[Epoch 164] loss=0.0757 miou=0.6869 f1=0.8018 time=13.9s
[Epoch 165] loss=0.0779 miou=0.6901 f1=0.8038 time=13.8s
[Epoch 166] loss=0.0868 miou=0.6724 f1=0.7904 time=13.9s
[Epoch 167] loss=0.0786 miou=0.6739 f1=0.7904 time=13.9s
[Epoch 168] loss=0.0768 miou=0.6885 f1=0.8024 time=13.9s
[Epoch 169] loss=0.0757 miou=0.6945 f1=0.8078 time=13.8s
[Epoch 170] loss=0.0747 miou=0.6911 f1=0.8043 time=13.8s
[Epoch 171] loss=0.0774 miou=0.6859 f1=0.8019 time=13.9s
[Epoch 172] loss=0.0716 miou=0.6923 f1=0.8056 time=13.7s
[Epoch 173] loss=0.0697 miou=0.6839 f1=0.8005 time=13.7s
[Epoch 174] loss=0.0679 miou=0.6885 f1=0.8031 time=13.6s
[Epoch 175] loss=0.0719 miou=0.6792 f1=0.7951 time=13.6s
[Epoch 176] loss=0.0729 miou=0.6826 f1=0.7992 time=13.8s
[Epoch 177] loss=0.0771 miou=0.6874 f1=0.8033 time=13.8s
[Epoch 178] loss=0.0707 miou=0.6961 f1=0.8084 time=13.7s
[Epoch 179] loss=0.0724 miou=0.6831 f1=0.8002 time=13.8s
[Epoch 180] loss=0.0779 miou=0.6891 f1=0.8034 time=13.8s
[Epoch 181] loss=0.0859 miou=0.6881 f1=0.8027 time=13.8s
[Epoch 182] loss=0.0823 miou=0.6887 f1=0.8038 time=13.7s
[Epoch 183] loss=0.0790 miou=0.6830 f1=0.8002 time=13.8s
[Epoch 184] loss=0.0793 miou=0.6800 f1=0.7960 time=13.9s
[Epoch 185] loss=0.0747 miou=0.6863 f1=0.8024 time=13.9s
[Epoch 186] loss=0.0699 miou=0.6854 f1=0.8005 time=13.9s
[Epoch 187] loss=0.0699 miou=0.6870 f1=0.8018 time=13.9s
[Epoch 188] loss=0.0760 miou=0.6875 f1=0.8025 time=13.9s
[Epoch 189] loss=0.0689 miou=0.6797 f1=0.7969 time=13.9s
[Epoch 190] loss=0.0659 miou=0.6769 f1=0.7960 time=13.9s
[Epoch 191] loss=0.0702 miou=0.6875 f1=0.8012 time=13.9s
[Epoch 192] loss=0.0701 miou=0.6813 f1=0.7980 time=13.9s
[Epoch 193] loss=0.0693 miou=0.6819 f1=0.7985 time=13.9s
[Epoch 194] loss=0.0677 miou=0.6877 f1=0.8021 time=13.9s
[Epoch 195] loss=0.0630 miou=0.6952 f1=0.8078 time=13.9s
[Epoch 196] loss=0.0678 miou=0.6918 f1=0.8050 time=13.9s
[Epoch 197] loss=0.0685 miou=0.6742 f1=0.7932 time=13.9s
[Epoch 198] loss=0.0688 miou=0.6818 f1=0.7974 time=13.9s
[Epoch 199] loss=0.0710 miou=0.6839 f1=0.7996 time=13.9s
[Epoch 200] loss=0.0690 miou=0.6858 f1=0.8008 time=13.8s
[Epoch 201] loss=0.0673 miou=0.6840 f1=0.8000 time=13.9s
[Epoch 202] loss=0.0683 miou=0.6955 f1=0.8085 time=13.7s
[Epoch 203] loss=0.0638 miou=0.6815 f1=0.7984 time=13.7s
[Epoch 204] loss=0.0636 miou=0.6870 f1=0.8032 time=13.9s
[Epoch 205] loss=0.0645 miou=0.6936 f1=0.8077 time=13.9s
[Epoch 206] loss=0.0659 miou=0.6826 f1=0.7979 time=13.8s
[Epoch 207] loss=0.0657 miou=0.6841 f1=0.8000 time=13.9s
[Epoch 208] loss=0.0658 miou=0.6874 f1=0.8023 time=13.9s
[Epoch 209] loss=0.0620 miou=0.6911 f1=0.8056 time=14.0s
[Epoch 210] loss=0.0657 miou=0.6866 f1=0.8020 time=14.1s
[Epoch 211] loss=0.0614 miou=0.6929 f1=0.8074 time=13.8s
[Epoch 212] loss=0.0597 miou=0.6931 f1=0.8070 time=13.9s
[Epoch 213] loss=0.0587 miou=0.6954 f1=0.8082 time=13.7s
[Epoch 214] loss=0.0623 miou=0.6908 f1=0.8053 time=13.7s
[Epoch 215] loss=0.0635 miou=0.6870 f1=0.8021 time=13.6s
[Epoch 216] loss=0.0616 miou=0.6900 f1=0.8044 time=13.7s
[Epoch 217] loss=0.0606 miou=0.6901 f1=0.8053 time=13.9s
[Epoch 218] loss=0.0613 miou=0.6916 f1=0.8063 time=13.9s
[Epoch 219] loss=0.0624 miou=0.6787 f1=0.7967 time=13.9s
[Epoch 220] loss=0.0604 miou=0.6831 f1=0.7974 time=13.9s
[Epoch 221] loss=0.0617 miou=0.6848 f1=0.8003 time=13.9s
[Epoch 222] loss=0.0646 miou=0.6875 f1=0.8027 time=13.9s
[Epoch 223] loss=0.0596 miou=0.6806 f1=0.7973 time=13.9s
[Epoch 224] loss=0.0615 miou=0.6937 f1=0.8080 time=13.9s
[Epoch 225] loss=0.0591 miou=0.6866 f1=0.8022 time=13.9s
[Epoch 226] loss=0.0580 miou=0.7008 f1=0.8124 time=13.7s
[Epoch 227] loss=0.0618 miou=0.6986 f1=0.8117 time=13.7s
[Epoch 228] loss=0.0623 miou=0.6953 f1=0.8080 time=13.9s
[Epoch 229] loss=0.0597 miou=0.6835 f1=0.7995 time=13.9s
[Epoch 230] loss=0.0570 miou=0.6736 f1=0.7920 time=13.9s
[Epoch 231] loss=0.0609 miou=0.6814 f1=0.7971 time=13.9s
[Epoch 232] loss=0.0611 miou=0.6893 f1=0.8034 time=13.9s
[Epoch 233] loss=0.0593 miou=0.6823 f1=0.7977 time=13.9s
[Epoch 234] loss=0.0654 miou=0.6812 f1=0.7965 time=13.9s
[Epoch 235] loss=0.0605 miou=0.6809 f1=0.7974 time=13.9s
[Epoch 236] loss=0.0619 miou=0.6835 f1=0.7978 time=13.9s
[Epoch 237] loss=0.0607 miou=0.6852 f1=0.8009 time=14.1s
[Epoch 238] loss=0.0669 miou=0.6844 f1=0.7984 time=13.9s
[Epoch 239] loss=0.0579 miou=0.6830 f1=0.8004 time=13.7s
[Epoch 240] loss=0.0601 miou=0.6873 f1=0.8022 time=13.7s
[Epoch 241] loss=0.0639 miou=0.6758 f1=0.7933 time=13.9s
[Epoch 242] loss=0.0610 miou=0.6800 f1=0.7967 time=13.8s
[Epoch 243] loss=0.0579 miou=0.6780 f1=0.7951 time=13.9s
[Epoch 244] loss=0.0582 miou=0.6863 f1=0.8015 time=13.9s
[Epoch 245] loss=0.0562 miou=0.6833 f1=0.8000 time=13.9s
[Epoch 246] loss=0.0592 miou=0.6807 f1=0.7981 time=13.9s
[Epoch 247] loss=0.0675 miou=0.6867 f1=0.8025 time=13.9s
[Epoch 248] loss=0.0563 miou=0.6890 f1=0.8030 time=13.9s
[Epoch 249] loss=0.0608 miou=0.6831 f1=0.8002 time=13.9s
[Epoch 250] loss=0.0655 miou=0.6808 f1=0.7979 time=13.7s
[Epoch 251] loss=0.0684 miou=0.6832 f1=0.7987 time=13.9s
[Epoch 252] loss=0.0630 miou=0.6800 f1=0.7955 time=13.9s
[Epoch 253] loss=0.0649 miou=0.6833 f1=0.7990 time=13.8s
[Epoch 254] loss=0.0627 miou=0.6770 f1=0.7938 time=13.7s
[Epoch 255] loss=0.0565 miou=0.6826 f1=0.7974 time=13.9s
[Epoch 256] loss=0.0584 miou=0.6897 f1=0.8028 time=13.9s
[Epoch 257] loss=0.0587 miou=0.6881 f1=0.8030 time=13.8s
[Epoch 258] loss=0.0569 miou=0.6792 f1=0.7968 time=13.9s
[Epoch 259] loss=0.0606 miou=0.6805 f1=0.7956 time=13.9s
[Epoch 260] loss=0.0544 miou=0.6787 f1=0.7953 time=13.9s
[Epoch 261] loss=0.0561 miou=0.6796 f1=0.7965 time=13.9s
[Epoch 262] loss=0.0506 miou=0.6795 f1=0.7962 time=13.9s
[Epoch 263] loss=0.0542 miou=0.6813 f1=0.7967 time=13.7s
[Epoch 264] loss=0.0558 miou=0.6784 f1=0.7951 time=13.8s
[Epoch 265] loss=0.0539 miou=0.6840 f1=0.7992 time=13.7s
[Epoch 266] loss=0.0564 miou=0.6881 f1=0.8023 time=13.7s
[Epoch 267] loss=0.0539 miou=0.6844 f1=0.7997 time=13.7s
[Epoch 268] loss=0.0518 miou=0.6885 f1=0.8016 time=13.8s
[Epoch 269] loss=0.0522 miou=0.6915 f1=0.8050 time=14.0s
[Epoch 270] loss=0.0495 miou=0.6822 f1=0.7955 time=14.0s
[Epoch 271] loss=0.0536 miou=0.6805 f1=0.7956 time=13.8s
[Epoch 272] loss=0.0505 miou=0.6876 f1=0.8019 time=14.0s
[Epoch 273] loss=0.0525 miou=0.6817 f1=0.7966 time=13.9s
[Epoch 274] loss=0.0501 miou=0.6697 f1=0.7898 time=13.8s
[Epoch 275] loss=0.0549 miou=0.6868 f1=0.8018 time=12.8s
[Epoch 276] loss=0.0512 miou=0.6740 f1=0.7904 time=13.8s
[Epoch 277] loss=0.0548 miou=0.6861 f1=0.8010 time=13.8s
[Epoch 278] loss=0.0496 miou=0.6728 f1=0.7912 time=13.8s
[Epoch 279] loss=0.0552 miou=0.6802 f1=0.7958 time=12.9s
[Epoch 280] loss=0.0519 miou=0.6795 f1=0.7957 time=12.9s
[Epoch 281] loss=0.0544 miou=0.6854 f1=0.7995 time=12.9s
[Epoch 282] loss=0.0568 miou=0.6794 f1=0.7956 time=12.9s
[Epoch 283] loss=0.0559 miou=0.6778 f1=0.7954 time=12.9s
[Epoch 284] loss=0.0578 miou=0.6793 f1=0.7955 time=13.8s
[Epoch 285] loss=0.0550 miou=0.6927 f1=0.8051 time=13.0s
[Epoch 286] loss=0.0558 miou=0.6837 f1=0.7985 time=13.8s
[Epoch 287] loss=0.0623 miou=0.6825 f1=0.7991 time=13.9s
[Epoch 288] loss=0.0547 miou=0.6807 f1=0.7967 time=13.8s
[Epoch 289] loss=0.0578 miou=0.6737 f1=0.7913 time=13.6s
[Epoch 290] loss=0.0555 miou=0.6877 f1=0.8023 time=13.5s
[Epoch 291] loss=0.0518 miou=0.6741 f1=0.7918 time=12.9s
[Epoch 292] loss=0.0547 miou=0.6778 f1=0.7952 time=13.8s
[Epoch 293] loss=0.0498 miou=0.6821 f1=0.7974 time=13.9s
[Epoch 294] loss=0.0523 miou=0.6735 f1=0.7916 time=13.9s
[Epoch 295] loss=0.0532 miou=0.6799 f1=0.7950 time=13.8s
[Epoch 296] loss=0.0481 miou=0.6776 f1=0.7934 time=13.8s
[Epoch 297] loss=0.0552 miou=0.6821 f1=0.7972 time=13.9s
[Epoch 298] loss=0.0570 miou=0.6742 f1=0.7905 time=13.9s
[Epoch 299] loss=0.0519 miou=0.6840 f1=0.7985 time=13.9s
[Epoch 300] loss=0.0488 miou=0.6874 f1=0.8018 time=13.6s
[Epoch 301] loss=0.0516 miou=0.6816 f1=0.7962 time=13.8s
[Epoch 302] loss=0.0493 miou=0.6888 f1=0.8025 time=13.7s
[Epoch 303] loss=0.0456 miou=0.6841 f1=0.7984 time=13.8s
[Epoch 304] loss=0.0524 miou=0.6858 f1=0.7995 time=13.5s
[Epoch 305] loss=0.0497 miou=0.6844 f1=0.8000 time=13.8s
[Epoch 306] loss=0.0504 miou=0.6895 f1=0.8029 time=13.8s
[Epoch 307] loss=0.0491 miou=0.6828 f1=0.7988 time=13.9s
[Epoch 308] loss=0.0484 miou=0.6826 f1=0.7987 time=12.9s
[Epoch 309] loss=0.0456 miou=0.6866 f1=0.7997 time=12.9s
[Epoch 310] loss=0.0453 miou=0.6816 f1=0.7964 time=12.9s
[Epoch 311] loss=0.0450 miou=0.6773 f1=0.7932 time=13.7s
[Epoch 312] loss=0.0460 miou=0.6839 f1=0.7983 time=12.9s
[Epoch 313] loss=0.0552 miou=0.6767 f1=0.7944 time=13.9s
[Epoch 314] loss=0.0537 miou=0.6882 f1=0.8025 time=13.9s
[Epoch 315] loss=0.0490 miou=0.6881 f1=0.8030 time=12.9s
[Epoch 316] loss=0.0500 miou=0.6822 f1=0.7981 time=12.9s
[Epoch 317] loss=0.0502 miou=0.6843 f1=0.7995 time=13.8s
[Epoch 318] loss=0.0488 miou=0.6768 f1=0.7925 time=12.9s
[Epoch 319] loss=0.0586 miou=0.6733 f1=0.7901 time=13.8s
[Epoch 320] loss=0.0616 miou=0.6848 f1=0.7995 time=13.8s
[Epoch 321] loss=0.0563 miou=0.6797 f1=0.7958 time=12.9s
[Epoch 322] loss=0.0474 miou=0.6855 f1=0.8005 time=12.9s
[Epoch 323] loss=0.0504 miou=0.6706 f1=0.7891 time=13.8s
[Epoch 324] loss=0.0519 miou=0.6903 f1=0.8033 time=13.8s
[Epoch 325] loss=0.0515 miou=0.6823 f1=0.7974 time=13.8s
[Epoch 326] loss=0.0489 miou=0.6810 f1=0.7972 time=13.9s
[Epoch 327] loss=0.0501 miou=0.6811 f1=0.7977 time=13.9s
[Epoch 328] loss=0.0472 miou=0.6862 f1=0.8017 time=14.1s
[Epoch 329] loss=0.0514 miou=0.6853 f1=0.8000 time=14.1s
[Epoch 330] loss=0.0534 miou=0.6805 f1=0.7965 time=14.2s
[Epoch 331] loss=0.0481 miou=0.6847 f1=0.8006 time=14.2s
[Epoch 332] loss=0.0493 miou=0.6885 f1=0.8031 time=14.0s
[Epoch 333] loss=0.0482 miou=0.6966 f1=0.8099 time=14.1s
[Epoch 334] loss=0.0465 miou=0.6955 f1=0.8083 time=14.2s
[Epoch 335] loss=0.0459 miou=0.6903 f1=0.8050 time=13.9s
[Epoch 336] loss=0.0484 miou=0.6905 f1=0.8052 time=13.8s
[Epoch 337] loss=0.0471 miou=0.6854 f1=0.8003 time=14.0s
[Epoch 338] loss=0.0475 miou=0.6875 f1=0.8028 time=13.9s
[Epoch 339] loss=0.0470 miou=0.6863 f1=0.8017 time=14.1s
[Epoch 340] loss=0.0410 miou=0.6826 f1=0.7985 time=14.1s
[Epoch 341] loss=0.0442 miou=0.6885 f1=0.8040 time=14.2s
[Epoch 342] loss=0.0447 miou=0.6856 f1=0.8012 time=14.0s
[Epoch 343] loss=0.0437 miou=0.6866 f1=0.8018 time=14.0s
[Epoch 344] loss=0.0438 miou=0.6918 f1=0.8051 time=14.0s
[Epoch 345] loss=0.0468 miou=0.6871 f1=0.8015 time=14.1s
[Epoch 346] loss=0.0427 miou=0.6863 f1=0.8011 time=14.1s
[Epoch 347] loss=0.0428 miou=0.6888 f1=0.8036 time=14.1s
[Epoch 348] loss=0.0420 miou=0.6909 f1=0.8048 time=14.0s
[Epoch 349] loss=0.0460 miou=0.6875 f1=0.8023 time=14.0s
[Epoch 350] loss=0.0440 miou=0.6891 f1=0.8034 time=14.1s
[Epoch 351] loss=0.0483 miou=0.6855 f1=0.7998 time=14.2s
[Epoch 352] loss=0.0462 miou=0.6914 f1=0.8061 time=14.2s
[Epoch 353] loss=0.0454 miou=0.6835 f1=0.8010 time=13.9s
[Epoch 354] loss=0.0539 miou=0.6875 f1=0.8027 time=14.0s
[Epoch 355] loss=0.0473 miou=0.6849 f1=0.7999 time=14.0s
[Epoch 356] loss=0.0433 miou=0.6841 f1=0.7992 time=14.0s
[Epoch 357] loss=0.0435 miou=0.6811 f1=0.7972 time=14.1s
[Epoch 358] loss=0.0396 miou=0.6802 f1=0.7971 time=14.0s
[Epoch 359] loss=0.0420 miou=0.6808 f1=0.7965 time=14.0s
[Epoch 360] loss=0.0428 miou=0.6878 f1=0.8025 time=14.0s
[Epoch 361] loss=0.0392 miou=0.6907 f1=0.8041 time=13.8s
[Epoch 362] loss=0.0401 miou=0.6840 f1=0.7998 time=14.0s
[Epoch 363] loss=0.0465 miou=0.6820 f1=0.7975 time=14.2s
[Epoch 364] loss=0.0454 miou=0.6753 f1=0.7927 time=13.9s
[Epoch 365] loss=0.0455 miou=0.6848 f1=0.8007 time=13.8s
[Epoch 366] loss=0.0453 miou=0.6800 f1=0.7947 time=13.9s
[Epoch 367] loss=0.0435 miou=0.6817 f1=0.7973 time=13.2s
[Epoch 368] loss=0.0473 miou=0.6777 f1=0.7935 time=13.8s
[Epoch 369] loss=0.0535 miou=0.6795 f1=0.7947 time=13.8s
[Epoch 370] loss=0.0494 miou=0.6750 f1=0.7927 time=13.8s
[Epoch 371] loss=0.0523 miou=0.6782 f1=0.7946 time=13.9s
[Epoch 372] loss=0.0482 miou=0.6830 f1=0.7978 time=13.8s
[Epoch 373] loss=0.0469 miou=0.6809 f1=0.7964 time=13.8s
[Epoch 374] loss=0.0447 miou=0.6787 f1=0.7939 time=13.9s
[Epoch 375] loss=0.0437 miou=0.6742 f1=0.7916 time=13.8s
Unfroze image encoder for joint fine-tuning.
[Epoch 376] loss=0.0429 miou=0.6779 f1=0.7951 time=21.7s
[Epoch 377] loss=0.0435 miou=0.6787 f1=0.7955 time=21.3s
[Epoch 378] loss=0.0457 miou=0.6729 f1=0.7908 time=21.3s
[Epoch 379] loss=0.0420 miou=0.6813 f1=0.7981 time=21.3s
[Epoch 380] loss=0.0424 miou=0.6731 f1=0.7907 time=21.4s
[Epoch 381] loss=0.0427 miou=0.6759 f1=0.7945 time=21.3s
[Epoch 382] loss=0.0427 miou=0.6775 f1=0.7932 time=21.3s
[Epoch 383] loss=0.0406 miou=0.6757 f1=0.7923 time=21.3s
[Epoch 384] loss=0.0416 miou=0.6732 f1=0.7919 time=21.3s
[Epoch 385] loss=0.0405 miou=0.6839 f1=0.7992 time=21.3s
[Epoch 386] loss=0.0410 miou=0.6735 f1=0.7905 time=21.3s
[Epoch 387] loss=0.0421 miou=0.6792 f1=0.7951 time=21.3s
[Epoch 388] loss=0.0496 miou=0.6703 f1=0.7887 time=21.3s
[Epoch 389] loss=0.0443 miou=0.6710 f1=0.7885 time=21.3s
[Epoch 390] loss=0.0414 miou=0.6826 f1=0.7973 time=21.3s
[Epoch 391] loss=0.0404 miou=0.6803 f1=0.7966 time=21.4s
[Epoch 392] loss=0.0434 miou=0.6834 f1=0.7979 time=21.3s
[Epoch 393] loss=0.0422 miou=0.6730 f1=0.7900 time=21.3s
[Epoch 394] loss=0.0438 miou=0.6743 f1=0.7911 time=21.3s
[Epoch 395] loss=0.0414 miou=0.6773 f1=0.7931 time=21.2s
[Epoch 396] loss=0.0411 miou=0.6740 f1=0.7901 time=21.3s
[Epoch 397] loss=0.0414 miou=0.6802 f1=0.7970 time=21.3s
[Epoch 398] loss=0.0410 miou=0.6644 f1=0.7846 time=21.2s
[Epoch 399] loss=0.0444 miou=0.6680 f1=0.7863 time=21.3s
[Epoch 400] loss=0.0490 miou=0.6637 f1=0.7845 time=21.3s
[Epoch 401] loss=0.0459 miou=0.6647 f1=0.7845 time=21.3s
[Epoch 402] loss=0.0448 miou=0.6650 f1=0.7843 time=21.3s
[Epoch 403] loss=0.0445 miou=0.6667 f1=0.7864 time=21.0s
[Epoch 404] loss=0.0379 miou=0.6752 f1=0.7927 time=20.9s
[Epoch 405] loss=0.0448 miou=0.6765 f1=0.7933 time=21.3s
[Epoch 406] loss=0.0476 miou=0.6748 f1=0.7926 time=20.9s
[Epoch 407] loss=0.0391 miou=0.6784 f1=0.7952 time=20.9s
[Epoch 408] loss=0.0390 miou=0.6817 f1=0.7975 time=21.4s
[Epoch 409] loss=0.0360 miou=0.6791 f1=0.7974 time=21.3s
[Epoch 410] loss=0.0386 miou=0.6801 f1=0.7952 time=21.3s
[Epoch 411] loss=0.0420 miou=0.6760 f1=0.7916 time=21.3s
[Epoch 412] loss=0.0451 miou=0.6731 f1=0.7904 time=21.2s
[Epoch 413] loss=0.0395 miou=0.6770 f1=0.7926 time=21.3s
[Epoch 414] loss=0.0384 miou=0.6707 f1=0.7893 time=21.4s
[Epoch 415] loss=0.0428 miou=0.6823 f1=0.7981 time=21.3s
[Epoch 416] loss=0.0412 miou=0.6771 f1=0.7933 time=21.3s
[Epoch 417] loss=0.0415 miou=0.6791 f1=0.7944 time=21.3s
[Epoch 418] loss=0.0438 miou=0.6843 f1=0.7994 time=21.2s
[Epoch 419] loss=0.0426 miou=0.6814 f1=0.7979 time=21.3s
[Epoch 420] loss=0.0421 miou=0.6857 f1=0.8002 time=21.3s
[Epoch 421] loss=0.0404 miou=0.6851 f1=0.8003 time=21.3s
[Epoch 422] loss=0.0407 miou=0.6762 f1=0.7941 time=21.3s
[Epoch 423] loss=0.0400 miou=0.6795 f1=0.7961 time=21.3s
[Epoch 424] loss=0.0362 miou=0.6843 f1=0.7991 time=20.9s
[Epoch 425] loss=0.0364 miou=0.6787 f1=0.7950 time=21.3s
[Epoch 426] loss=0.0388 miou=0.6826 f1=0.7979 time=21.3s
[Epoch 427] loss=0.0416 miou=0.6848 f1=0.7998 time=21.3s
[Epoch 428] loss=0.0362 miou=0.6755 f1=0.7929 time=20.9s
[Epoch 429] loss=0.0365 miou=0.6710 f1=0.7899 time=20.9s
[Epoch 430] loss=0.0405 miou=0.6757 f1=0.7923 time=20.9s
[Epoch 431] loss=0.0409 miou=0.6747 f1=0.7929 time=20.9s
[Epoch 432] loss=0.0422 miou=0.6719 f1=0.7898 time=21.3s
[Epoch 433] loss=0.0447 miou=0.6763 f1=0.7942 time=21.2s
[Epoch 434] loss=0.0377 miou=0.6806 f1=0.7962 time=21.3s
[Epoch 435] loss=0.0367 miou=0.6859 f1=0.8007 time=21.3s
[Epoch 436] loss=0.0428 miou=0.6786 f1=0.7955 time=21.3s
[Epoch 437] loss=0.0394 miou=0.6790 f1=0.7956 time=21.3s
[Epoch 438] loss=0.0365 miou=0.6734 f1=0.7915 time=21.3s
[Epoch 439] loss=0.0390 miou=0.6804 f1=0.7967 time=21.3s
[Epoch 440] loss=0.0410 miou=0.6766 f1=0.7940 time=21.3s
[Epoch 441] loss=0.0334 miou=0.6764 f1=0.7936 time=21.3s
[Epoch 442] loss=0.0351 miou=0.6700 f1=0.7890 time=21.3s
[Epoch 443] loss=0.0331 miou=0.6769 f1=0.7939 time=21.3s
[Epoch 444] loss=0.0345 miou=0.6784 f1=0.7958 time=21.3s
[Epoch 445] loss=0.0374 miou=0.6766 f1=0.7935 time=21.3s
[Epoch 446] loss=0.0378 miou=0.6740 f1=0.7912 time=21.3s
[Epoch 447] loss=0.0369 miou=0.6743 f1=0.7923 time=21.2s
[Epoch 448] loss=0.0382 miou=0.6796 f1=0.7954 time=21.6s
[Epoch 449] loss=0.0400 miou=0.6675 f1=0.7864 time=21.3s
[Epoch 450] loss=0.0394 miou=0.6773 f1=0.7943 time=21.5s
[Epoch 451] loss=0.0380 miou=0.6809 f1=0.7968 time=21.3s
[Epoch 452] loss=0.0432 miou=0.6764 f1=0.7932 time=21.3s
[Epoch 453] loss=0.0357 miou=0.6803 f1=0.7958 time=21.2s
[Epoch 454] loss=0.0361 miou=0.6825 f1=0.7983 time=21.3s
[Epoch 455] loss=0.0395 miou=0.6764 f1=0.7926 time=21.3s
[Epoch 456] loss=0.0392 miou=0.6814 f1=0.7965 time=21.3s
[Epoch 457] loss=0.0407 miou=0.6799 f1=0.7952 time=21.3s
[Epoch 458] loss=0.0394 miou=0.6768 f1=0.7939 time=21.3s
[Epoch 459] loss=0.0394 miou=0.6804 f1=0.7954 time=21.3s
[Epoch 460] loss=0.0375 miou=0.6857 f1=0.8004 time=21.3s
[Epoch 461] loss=0.0427 miou=0.6754 f1=0.7930 time=21.3s
[Epoch 462] loss=0.0438 miou=0.6799 f1=0.7953 time=21.3s
[Epoch 463] loss=0.0395 miou=0.6644 f1=0.7835 time=21.3s
[Epoch 464] loss=0.0425 miou=0.6811 f1=0.7971 time=21.3s
[Epoch 465] loss=0.0399 miou=0.6780 f1=0.7937 time=21.3s
[Epoch 466] loss=0.0378 miou=0.6840 f1=0.8005 time=21.3s
[Epoch 467] loss=0.0337 miou=0.6741 f1=0.7923 time=21.3s
[Epoch 468] loss=0.0355 miou=0.6785 f1=0.7949 time=21.3s
[Epoch 469] loss=0.0399 miou=0.6833 f1=0.7970 time=21.3s
[Epoch 470] loss=0.0374 miou=0.6749 f1=0.7925 time=21.3s
[Epoch 471] loss=0.0369 miou=0.6840 f1=0.7995 time=21.3s
[Epoch 472] loss=0.0412 miou=0.6745 f1=0.7918 time=21.3s
[Epoch 473] loss=0.0416 miou=0.6820 f1=0.7992 time=21.3s
[Epoch 474] loss=0.0365 miou=0.6802 f1=0.7965 time=21.3s
[Epoch 475] loss=0.0415 miou=0.6790 f1=0.7940 time=21.3s
[Epoch 476] loss=0.0418 miou=0.6800 f1=0.7963 time=21.3s
[Epoch 477] loss=0.0387 miou=0.6806 f1=0.7964 time=21.2s
[Epoch 478] loss=0.0378 miou=0.6804 f1=0.7962 time=21.3s
[Epoch 479] loss=0.0378 miou=0.6721 f1=0.7913 time=21.3s
[Epoch 480] loss=0.0447 miou=0.6732 f1=0.7909 time=21.3s
[Epoch 481] loss=0.0361 miou=0.6717 f1=0.7901 time=21.3s
[Epoch 482] loss=0.0378 miou=0.6726 f1=0.7908 time=21.3s
[Epoch 483] loss=0.0343 miou=0.6746 f1=0.7921 time=21.3s
[Epoch 484] loss=0.0331 miou=0.6835 f1=0.7984 time=21.3s
[Epoch 485] loss=0.0414 miou=0.6821 f1=0.7980 time=21.3s
[Epoch 486] loss=0.0337 miou=0.6855 f1=0.8006 time=21.3s
[Epoch 487] loss=0.0355 miou=0.6681 f1=0.7860 time=21.3s
[Epoch 488] loss=0.0342 miou=0.6854 f1=0.8004 time=21.3s
[Epoch 489] loss=0.0336 miou=0.6765 f1=0.7943 time=21.3s
[Epoch 490] loss=0.0336 miou=0.6862 f1=0.8016 time=21.3s
[Epoch 491] loss=0.0349 miou=0.6720 f1=0.7902 time=21.4s
[Epoch 492] loss=0.0423 miou=0.6774 f1=0.7939 time=21.2s
[Epoch 493] loss=0.0356 miou=0.6838 f1=0.7992 time=21.3s
[Epoch 494] loss=0.0330 miou=0.6820 f1=0.7979 time=21.3s
[Epoch 495] loss=0.0363 miou=0.6836 f1=0.7984 time=21.3s
[Epoch 496] loss=0.0398 miou=0.6738 f1=0.7907 time=21.3s
[Epoch 497] loss=0.0372 miou=0.6736 f1=0.7906 time=21.3s
[Epoch 498] loss=0.0374 miou=0.6753 f1=0.7923 time=21.3s
[Epoch 499] loss=0.0363 miou=0.6878 f1=0.8023 time=21.3s
[Epoch 500] loss=0.0313 miou=0.6839 f1=0.7984 time=21.3s
[Epoch 501] loss=0.0356 miou=0.6808 f1=0.7964 time=21.3s
[Epoch 502] loss=0.0331 miou=0.6779 f1=0.7945 time=21.3s
[Epoch 503] loss=0.0318 miou=0.6756 f1=0.7923 time=21.3s
[Epoch 504] loss=0.0313 miou=0.6839 f1=0.7988 time=21.3s
[Epoch 505] loss=0.0302 miou=0.6725 f1=0.7909 time=21.2s
[Epoch 506] loss=0.0351 miou=0.6798 f1=0.7951 time=21.3s
[Epoch 507] loss=0.0289 miou=0.6713 f1=0.7898 time=21.3s
[Epoch 508] loss=0.0332 miou=0.6788 f1=0.7944 time=21.3s
[Epoch 509] loss=0.0318 miou=0.6761 f1=0.7928 time=21.3s
[Epoch 510] loss=0.0300 miou=0.6744 f1=0.7924 time=21.3s
[Epoch 511] loss=0.0289 miou=0.6743 f1=0.7921 time=21.3s
[Epoch 512] loss=0.0271 miou=0.6755 f1=0.7933 time=21.3s
[Epoch 513] loss=0.0284 miou=0.6797 f1=0.7964 time=21.3s
[Epoch 514] loss=0.0295 miou=0.6774 f1=0.7943 time=21.3s
[Epoch 515] loss=0.0344 miou=0.6749 f1=0.7926 time=21.3s
[Epoch 516] loss=0.0336 miou=0.6762 f1=0.7925 time=21.3s
[Epoch 517] loss=0.0305 miou=0.6727 f1=0.7897 time=21.3s
[Epoch 518] loss=0.0307 miou=0.6738 f1=0.7914 time=21.3s
[Epoch 519] loss=0.0303 miou=0.6804 f1=0.7962 time=21.3s
[Epoch 520] loss=0.0335 miou=0.6701 f1=0.7874 time=21.3s
[Epoch 521] loss=0.0329 miou=0.6758 f1=0.7916 time=21.3s
[Epoch 522] loss=0.0327 miou=0.6801 f1=0.7967 time=21.3s
[Epoch 523] loss=0.0325 miou=0.6735 f1=0.7901 time=21.3s
[Epoch 524] loss=0.0325 miou=0.6758 f1=0.7938 time=21.3s
[Epoch 525] loss=0.0304 miou=0.6778 f1=0.7951 time=21.3s
[Epoch 526] loss=0.0306 miou=0.6759 f1=0.7934 time=21.3s
[Epoch 527] loss=0.0390 miou=0.6790 f1=0.7962 time=21.3s
[Epoch 528] loss=0.0355 miou=0.6796 f1=0.7962 time=21.3s
[Epoch 529] loss=0.0321 miou=0.6788 f1=0.7951 time=21.3s
[Epoch 530] loss=0.0382 miou=0.6844 f1=0.8004 time=21.3s
[Epoch 531] loss=0.0403 miou=0.6798 f1=0.7956 time=21.3s
[Epoch 532] loss=0.0423 miou=0.6683 f1=0.7862 time=21.3s
[Epoch 533] loss=0.0378 miou=0.6693 f1=0.7879 time=21.3s
[Epoch 534] loss=0.0342 miou=0.6806 f1=0.7959 time=21.3s
[Epoch 535] loss=0.0358 miou=0.6772 f1=0.7938 time=21.3s
[Epoch 536] loss=0.0311 miou=0.6723 f1=0.7910 time=21.3s
[Epoch 537] loss=0.0336 miou=0.6825 f1=0.7987 time=21.3s
[Epoch 538] loss=0.0322 miou=0.6863 f1=0.8021 time=21.3s
[Epoch 539] loss=0.0343 miou=0.6795 f1=0.7963 time=21.3s
[Epoch 540] loss=0.0287 miou=0.6839 f1=0.8005 time=21.3s
[Epoch 541] loss=0.0308 miou=0.6841 f1=0.7995 time=21.3s
[Epoch 542] loss=0.0300 miou=0.6794 f1=0.7955 time=21.3s
[Epoch 543] loss=0.0386 miou=0.6815 f1=0.7979 time=21.3s
[Epoch 544] loss=0.0330 miou=0.6801 f1=0.7958 time=21.3s
[Epoch 545] loss=0.0356 miou=0.6757 f1=0.7930 time=21.3s
[Epoch 546] loss=0.0341 miou=0.6771 f1=0.7943 time=21.3s
[Epoch 547] loss=0.0331 miou=0.6833 f1=0.8007 time=21.3s
[Epoch 548] loss=0.0336 miou=0.6842 f1=0.8004 time=21.3s
[Epoch 549] loss=0.0325 miou=0.6753 f1=0.7943 time=21.3s
[Epoch 550] loss=0.0335 miou=0.6808 f1=0.7976 time=20.9s
[Epoch 551] loss=0.0348 miou=0.6838 f1=0.8009 time=21.3s
[Epoch 552] loss=0.0325 miou=0.6778 f1=0.7949 time=20.9s
[Epoch 553] loss=0.0330 miou=0.6737 f1=0.7912 time=21.3s
[Epoch 554] loss=0.0311 miou=0.6762 f1=0.7950 time=21.3s
[Epoch 555] loss=0.0295 miou=0.6796 f1=0.7948 time=21.3s
[Epoch 556] loss=0.0325 miou=0.6705 f1=0.7892 time=21.3s
[Epoch 557] loss=0.0362 miou=0.6771 f1=0.7943 time=21.3s
[Epoch 558] loss=0.0304 miou=0.6811 f1=0.7962 time=21.3s
[Epoch 559] loss=0.0321 miou=0.6734 f1=0.7906 time=21.3s
[Epoch 560] loss=0.0294 miou=0.6806 f1=0.7971 time=21.3s
[Epoch 561] loss=0.0342 miou=0.6728 f1=0.7914 time=21.3s
[Epoch 562] loss=0.0315 miou=0.6717 f1=0.7900 time=21.3s
[Epoch 563] loss=0.0314 miou=0.6709 f1=0.7900 time=21.3s
[Epoch 564] loss=0.0293 miou=0.6742 f1=0.7924 time=21.3s
[Epoch 565] loss=0.0332 miou=0.6750 f1=0.7933 time=21.3s
[Epoch 566] loss=0.0331 miou=0.6736 f1=0.7922 time=21.3s
[Epoch 567] loss=0.0336 miou=0.6758 f1=0.7937 time=21.3s
[Epoch 568] loss=0.0327 miou=0.6842 f1=0.8009 time=21.3s
[Epoch 569] loss=0.0326 miou=0.6724 f1=0.7899 time=21.3s
[Epoch 570] loss=0.0342 miou=0.6776 f1=0.7964 time=21.3s
[Epoch 571] loss=0.0339 miou=0.6810 f1=0.7977 time=21.3s
[Epoch 572] loss=0.0382 miou=0.6770 f1=0.7947 time=21.3s
[Epoch 573] loss=0.0371 miou=0.6739 f1=0.7925 time=21.3s
[Epoch 574] loss=0.0385 miou=0.6733 f1=0.7911 time=21.3s
[Epoch 575] loss=0.0323 miou=0.6831 f1=0.8001 time=21.3s
[Epoch 576] loss=0.0303 miou=0.6786 f1=0.7947 time=21.3s
[Epoch 577] loss=0.0341 miou=0.6830 f1=0.8002 time=21.3s
[Epoch 578] loss=0.0366 miou=0.6702 f1=0.7892 time=21.3s
[Epoch 579] loss=0.0336 miou=0.6754 f1=0.7937 time=21.3s
[Epoch 580] loss=0.0297 miou=0.6786 f1=0.7956 time=21.2s
[Epoch 581] loss=0.0375 miou=0.6728 f1=0.7909 time=21.3s
[Epoch 582] loss=0.0366 miou=0.6757 f1=0.7942 time=21.3s
[Epoch 583] loss=0.0343 miou=0.6788 f1=0.7965 time=21.3s
[Epoch 584] loss=0.0345 miou=0.6713 f1=0.7903 time=21.3s
[Epoch 585] loss=0.0332 miou=0.6818 f1=0.7973 time=21.3s
[Epoch 586] loss=0.0297 miou=0.6874 f1=0.8016 time=21.3s
[Epoch 587] loss=0.0318 miou=0.6765 f1=0.7932 time=21.3s
[Epoch 588] loss=0.0360 miou=0.6813 f1=0.7970 time=21.3s
[Epoch 589] loss=0.0294 miou=0.6775 f1=0.7956 time=21.3s
[Epoch 590] loss=0.0313 miou=0.6778 f1=0.7941 time=21.2s
[Epoch 591] loss=0.0320 miou=0.6771 f1=0.7949 time=21.5s
[Epoch 592] loss=0.0321 miou=0.6877 f1=0.8029 time=21.4s
[Epoch 593] loss=0.0332 miou=0.6866 f1=0.8014 time=21.3s
[Epoch 594] loss=0.0319 miou=0.6840 f1=0.7990 time=21.2s
[Epoch 595] loss=0.0295 miou=0.6795 f1=0.7967 time=21.3s
[Epoch 596] loss=0.0331 miou=0.6845 f1=0.8007 time=21.3s
[Epoch 597] loss=0.0280 miou=0.6754 f1=0.7932 time=21.3s
[Epoch 598] loss=0.0304 miou=0.6742 f1=0.7922 time=21.3s
[Epoch 599] loss=0.0292 miou=0.6742 f1=0.7930 time=21.3s
[Epoch 600] loss=0.0297 miou=0.6771 f1=0.7948 time=21.2s
[Epoch 601] loss=0.0306 miou=0.6842 f1=0.8010 time=21.3s
[Epoch 602] loss=0.0273 miou=0.6775 f1=0.7957 time=21.5s
[Epoch 603] loss=0.0258 miou=0.6760 f1=0.7948 time=21.6s
[Epoch 604] loss=0.0285 miou=0.6825 f1=0.7996 time=21.5s
[Epoch 605] loss=0.0267 miou=0.6867 f1=0.8022 time=21.4s
[Epoch 606] loss=0.0305 miou=0.6839 f1=0.8002 time=21.3s
[Epoch 607] loss=0.0245 miou=0.6756 f1=0.7943 time=21.5s
[Epoch 608] loss=0.0265 miou=0.6866 f1=0.8020 time=21.2s
[Epoch 609] loss=0.0292 miou=0.6848 f1=0.8009 time=21.3s
[Epoch 610] loss=0.0270 miou=0.6821 f1=0.7976 time=21.4s
[Epoch 611] loss=0.0263 miou=0.6791 f1=0.7938 time=21.6s
[Epoch 612] loss=0.0276 miou=0.6763 f1=0.7929 time=21.7s
[Epoch 613] loss=0.0280 miou=0.6773 f1=0.7942 time=21.6s
[Epoch 614] loss=0.0250 miou=0.6761 f1=0.7940 time=21.5s
[Epoch 615] loss=0.0338 miou=0.6745 f1=0.7920 time=21.5s
[Epoch 616] loss=0.0291 miou=0.6710 f1=0.7898 time=21.6s
[Epoch 617] loss=0.0340 miou=0.6671 f1=0.7864 time=21.5s
[Epoch 618] loss=0.0318 miou=0.6705 f1=0.7892 time=21.3s
[Epoch 619] loss=0.0312 miou=0.6762 f1=0.7945 time=21.3s
[Epoch 620] loss=0.0310 miou=0.6703 f1=0.7899 time=21.7s
[Epoch 621] loss=0.0333 miou=0.6764 f1=0.7939 time=21.5s
[Epoch 622] loss=0.0296 miou=0.6779 f1=0.7945 time=21.3s
[Epoch 623] loss=0.0346 miou=0.6722 f1=0.7919 time=21.3s
[Epoch 624] loss=0.0328 miou=0.6710 f1=0.7904 time=21.3s
[Epoch 625] loss=0.0306 miou=0.6749 f1=0.7932 time=21.3s
[Epoch 626] loss=0.0323 miou=0.6691 f1=0.7890 time=21.2s
[Epoch 627] loss=0.0294 miou=0.6704 f1=0.7895 time=21.3s
[Epoch 628] loss=0.0285 miou=0.6768 f1=0.7943 time=21.3s
[Epoch 629] loss=0.0271 miou=0.6718 f1=0.7910 time=21.3s
[Epoch 630] loss=0.0352 miou=0.6705 f1=0.7895 time=21.3s
[Epoch 631] loss=0.0305 miou=0.6739 f1=0.7933 time=21.3s
[Epoch 632] loss=0.0263 miou=0.6671 f1=0.7869 time=21.2s
[Epoch 633] loss=0.0299 miou=0.6671 f1=0.7880 time=21.2s
[Epoch 634] loss=0.0263 miou=0.6698 f1=0.7897 time=21.2s
[Epoch 635] loss=0.0309 miou=0.6673 f1=0.7876 time=21.3s
[Epoch 636] loss=0.0314 miou=0.6706 f1=0.7901 time=21.3s
[Epoch 637] loss=0.0277 miou=0.6748 f1=0.7927 time=21.3s
[Epoch 638] loss=0.0309 miou=0.6671 f1=0.7846 time=21.3s
[Epoch 639] loss=0.0292 miou=0.6762 f1=0.7935 time=21.2s
[Epoch 640] loss=0.0286 miou=0.6804 f1=0.7965 time=21.2s
[Epoch 641] loss=0.0247 miou=0.6646 f1=0.7835 time=21.3s
[Epoch 642] loss=0.0306 miou=0.6691 f1=0.7872 time=21.2s
[Epoch 643] loss=0.0283 miou=0.6748 f1=0.7933 time=21.3s
[Epoch 644] loss=0.0295 miou=0.6812 f1=0.7974 time=21.2s
[Epoch 645] loss=0.0305 miou=0.6700 f1=0.7878 time=21.2s
[Epoch 646] loss=0.0302 miou=0.6733 f1=0.7915 time=21.3s
[Epoch 647] loss=0.0323 miou=0.6671 f1=0.7861 time=21.6s
[Epoch 648] loss=0.0323 miou=0.6802 f1=0.7963 time=21.6s
[Epoch 649] loss=0.0318 miou=0.6651 f1=0.7826 time=21.4s
[Epoch 650] loss=0.0358 miou=0.6727 f1=0.7903 time=21.6s
[Epoch 651] loss=0.0288 miou=0.6754 f1=0.7923 time=21.6s
[Epoch 652] loss=0.0283 miou=0.6721 f1=0.7898 time=21.4s
[Epoch 653] loss=0.0264 miou=0.6793 f1=0.7952 time=21.4s
[Epoch 654] loss=0.0282 miou=0.6767 f1=0.7921 time=21.2s
[Epoch 655] loss=0.0299 miou=0.6762 f1=0.7929 time=21.2s
[Epoch 656] loss=0.0279 miou=0.6633 f1=0.7829 time=21.3s
[Epoch 657] loss=0.0303 miou=0.6658 f1=0.7853 time=21.2s
[Epoch 658] loss=0.0315 miou=0.6801 f1=0.7956 time=21.2s
[Epoch 659] loss=0.0296 miou=0.6706 f1=0.7878 time=21.2s
[Epoch 660] loss=0.0264 miou=0.6746 f1=0.7914 time=21.3s
[Epoch 661] loss=0.0279 miou=0.6755 f1=0.7909 time=21.3s
[Epoch 662] loss=0.0318 miou=0.6690 f1=0.7866 time=21.3s
[Epoch 663] loss=0.0297 miou=0.6767 f1=0.7937 time=21.3s
[Epoch 664] loss=0.0256 miou=0.6773 f1=0.7932 time=21.3s
[Epoch 665] loss=0.0238 miou=0.6812 f1=0.7969 time=21.3s
[Epoch 666] loss=0.0251 miou=0.6800 f1=0.7961 time=21.3s
[Epoch 667] loss=0.0257 miou=0.6827 f1=0.7984 time=21.3s
[Epoch 668] loss=0.0248 miou=0.6778 f1=0.7943 time=21.3s
[Epoch 669] loss=0.0285 miou=0.6801 f1=0.7955 time=21.3s
[Epoch 670] loss=0.0259 miou=0.6814 f1=0.7972 time=21.3s
[Epoch 671] loss=0.0272 miou=0.6744 f1=0.7912 time=21.3s
[Epoch 672] loss=0.0266 miou=0.6790 f1=0.7953 time=21.3s
[Epoch 673] loss=0.0298 miou=0.6698 f1=0.7887 time=21.3s
[Epoch 674] loss=0.0298 miou=0.6733 f1=0.7898 time=21.2s
[Epoch 675] loss=0.0283 miou=0.6771 f1=0.7925 time=21.2s
[Epoch 676] loss=0.0249 miou=0.6767 f1=0.7936 time=21.4s
[Epoch 677] loss=0.0271 miou=0.6802 f1=0.7970 time=21.6s
[Epoch 678] loss=0.0287 miou=0.6889 f1=0.8032 time=21.6s
[Epoch 679] loss=0.0259 miou=0.6772 f1=0.7941 time=21.5s
[Epoch 680] loss=0.0273 miou=0.6792 f1=0.7961 time=21.3s
[Epoch 681] loss=0.0247 miou=0.6797 f1=0.7959 time=21.3s
[Epoch 682] loss=0.0255 miou=0.6813 f1=0.7965 time=21.3s
[Epoch 683] loss=0.0229 miou=0.6775 f1=0.7932 time=21.3s
[Epoch 684] loss=0.0237 miou=0.6735 f1=0.7908 time=21.2s
[Epoch 685] loss=0.0214 miou=0.6775 f1=0.7939 time=21.3s
[Epoch 686] loss=0.0220 miou=0.6770 f1=0.7941 time=21.3s
[Epoch 687] loss=0.0210 miou=0.6768 f1=0.7939 time=21.3s
[Epoch 688] loss=0.0236 miou=0.6847 f1=0.8001 time=21.2s
[Epoch 689] loss=0.0246 miou=0.6760 f1=0.7937 time=21.2s
[Epoch 690] loss=0.0219 miou=0.6786 f1=0.7952 time=21.2s
[Epoch 691] loss=0.0241 miou=0.6809 f1=0.7968 time=21.3s
[Epoch 692] loss=0.0264 miou=0.6848 f1=0.7999 time=21.3s
[Epoch 693] loss=0.0272 miou=0.6819 f1=0.7979 time=21.2s
[Epoch 694] loss=0.0271 miou=0.6743 f1=0.7926 time=21.2s
[Epoch 695] loss=0.0274 miou=0.6772 f1=0.7949 time=21.3s
[Epoch 696] loss=0.0303 miou=0.6772 f1=0.7959 time=21.2s
[Epoch 697] loss=0.0279 miou=0.6779 f1=0.7939 time=21.3s
[Epoch 698] loss=0.0311 miou=0.6809 f1=0.7984 time=21.3s
[Epoch 699] loss=0.0290 miou=0.6752 f1=0.7938 time=21.3s
[Epoch 700] loss=0.0294 miou=0.6685 f1=0.7887 time=21.2s
[Epoch 701] loss=0.0278 miou=0.6775 f1=0.7936 time=21.3s
[Epoch 702] loss=0.0276 miou=0.6712 f1=0.7896 time=21.2s
[Epoch 703] loss=0.0255 miou=0.6725 f1=0.7912 time=21.3s
[Epoch 704] loss=0.0263 miou=0.6700 f1=0.7890 time=21.3s
[Epoch 705] loss=0.0265 miou=0.6682 f1=0.7869 time=21.3s
[Epoch 706] loss=0.0229 miou=0.6760 f1=0.7930 time=21.3s
[Epoch 707] loss=0.0248 miou=0.6642 f1=0.7844 time=21.3s
[Epoch 708] loss=0.0258 miou=0.6698 f1=0.7879 time=21.2s
[Epoch 709] loss=0.0275 miou=0.6660 f1=0.7861 time=21.3s
[Epoch 710] loss=0.0309 miou=0.6718 f1=0.7910 time=21.3s
[Epoch 711] loss=0.0280 miou=0.6722 f1=0.7911 time=21.3s
[Epoch 712] loss=0.0286 miou=0.6610 f1=0.7828 time=21.3s
[Epoch 713] loss=0.0282 miou=0.6757 f1=0.7926 time=21.3s
[Epoch 714] loss=0.0280 miou=0.6681 f1=0.7869 time=21.3s
[Epoch 715] loss=0.0274 miou=0.6715 f1=0.7893 time=21.3s
[Epoch 716] loss=0.0288 miou=0.6690 f1=0.7881 time=21.3s
[Epoch 717] loss=0.0265 miou=0.6701 f1=0.7888 time=21.2s
[Epoch 718] loss=0.0254 miou=0.6711 f1=0.7909 time=21.3s
[Epoch 719] loss=0.0276 miou=0.6687 f1=0.7870 time=21.3s
[Epoch 720] loss=0.0270 miou=0.6718 f1=0.7900 time=21.3s
[Epoch 721] loss=0.0293 miou=0.6680 f1=0.7871 time=21.3s
[Epoch 722] loss=0.0281 miou=0.6734 f1=0.7917 time=21.3s
[Epoch 723] loss=0.0243 miou=0.6700 f1=0.7896 time=21.3s
[Epoch 724] loss=0.0235 miou=0.6698 f1=0.7903 time=21.3s
[Epoch 725] loss=0.0289 miou=0.6690 f1=0.7874 time=21.3s
[Epoch 726] loss=0.0249 miou=0.6701 f1=0.7894 time=21.3s
[Epoch 727] loss=0.0284 miou=0.6741 f1=0.7919 time=21.3s
[Epoch 728] loss=0.0254 miou=0.6681 f1=0.7870 time=21.3s
[Epoch 729] loss=0.0294 miou=0.6759 f1=0.7933 time=21.3s
[Epoch 730] loss=0.0268 miou=0.6759 f1=0.7944 time=21.3s
[Epoch 731] loss=0.0262 miou=0.6717 f1=0.7908 time=21.3s
[Epoch 732] loss=0.0284 miou=0.6755 f1=0.7928 time=21.2s
[Epoch 733] loss=0.0256 miou=0.6759 f1=0.7933 time=21.2s
[Epoch 734] loss=0.0256 miou=0.6683 f1=0.7879 time=21.3s
[Epoch 735] loss=0.0284 miou=0.6717 f1=0.7907 time=21.3s
[Epoch 736] loss=0.0252 miou=0.6714 f1=0.7897 time=21.2s
[Epoch 737] loss=0.0266 miou=0.6691 f1=0.7879 time=21.2s
[Epoch 738] loss=0.0282 miou=0.6712 f1=0.7907 time=21.3s
[Epoch 739] loss=0.0275 miou=0.6614 f1=0.7808 time=21.2s
[Epoch 740] loss=0.0288 miou=0.6772 f1=0.7944 time=21.2s
[Epoch 741] loss=0.0282 miou=0.6679 f1=0.7874 time=21.2s
[Epoch 742] loss=0.0267 miou=0.6770 f1=0.7949 time=21.3s
[Epoch 743] loss=0.0257 miou=0.6761 f1=0.7943 time=21.3s
[Epoch 744] loss=0.0273 miou=0.6722 f1=0.7898 time=21.3s
[Epoch 745] loss=0.0247 miou=0.6776 f1=0.7944 time=21.3s
[Epoch 746] loss=0.0250 miou=0.6735 f1=0.7921 time=21.3s
[Epoch 747] loss=0.0244 miou=0.6716 f1=0.7912 time=21.3s
[Epoch 748] loss=0.0242 miou=0.6711 f1=0.7899 time=21.3s
[Epoch 749] loss=0.0235 miou=0.6733 f1=0.7907 time=21.3s
[Epoch 750] loss=0.0258 miou=0.6734 f1=0.7913 time=21.3s
[Epoch 751] loss=0.0248 miou=0.6708 f1=0.7901 time=21.2s
[Epoch 752] loss=0.0222 miou=0.6717 f1=0.7905 time=21.2s
[Epoch 753] loss=0.0223 miou=0.6724 f1=0.7924 time=21.2s
[Epoch 754] loss=0.0266 miou=0.6581 f1=0.7802 time=21.2s
[Epoch 755] loss=0.0261 miou=0.6727 f1=0.7913 time=21.3s
[Epoch 756] loss=0.0248 miou=0.6781 f1=0.7952 time=21.3s
[Epoch 757] loss=0.0250 miou=0.6648 f1=0.7857 time=21.3s
[Epoch 758] loss=0.0293 miou=0.6758 f1=0.7935 time=21.2s
[Epoch 759] loss=0.0291 miou=0.6755 f1=0.7936 time=21.2s
[Epoch 760] loss=0.0261 miou=0.6792 f1=0.7957 time=21.3s
[Epoch 761] loss=0.0257 miou=0.6751 f1=0.7930 time=21.2s
[Epoch 762] loss=0.0284 miou=0.6724 f1=0.7905 time=21.3s
[Epoch 763] loss=0.0296 miou=0.6736 f1=0.7916 time=21.2s
[Epoch 764] loss=0.0284 miou=0.6833 f1=0.7991 time=21.2s
[Epoch 765] loss=0.0279 miou=0.6747 f1=0.7935 time=21.3s
[Epoch 766] loss=0.0289 miou=0.6797 f1=0.7965 time=21.2s
[Epoch 767] loss=0.0235 miou=0.6870 f1=0.8011 time=21.3s
[Epoch 768] loss=0.0247 miou=0.6860 f1=0.8004 time=21.2s
[Epoch 769] loss=0.0263 miou=0.6838 f1=0.7996 time=21.3s
[Epoch 770] loss=0.0267 miou=0.6721 f1=0.7911 time=21.2s
[Epoch 771] loss=0.0288 miou=0.6797 f1=0.7977 time=21.2s
[Epoch 772] loss=0.0259 miou=0.6860 f1=0.8008 time=21.3s
[Epoch 773] loss=0.0216 miou=0.6855 f1=0.7997 time=21.3s
[Epoch 774] loss=0.0226 miou=0.6768 f1=0.7927 time=21.2s
[Epoch 775] loss=0.0232 miou=0.6823 f1=0.7978 time=21.3s
[Epoch 776] loss=0.0231 miou=0.6832 f1=0.7985 time=21.2s
[Epoch 777] loss=0.0252 miou=0.6781 f1=0.7945 time=21.3s
[Epoch 778] loss=0.0223 miou=0.6799 f1=0.7958 time=21.3s
[Epoch 779] loss=0.0242 miou=0.6855 f1=0.7994 time=21.3s
[Epoch 780] loss=0.0224 miou=0.6859 f1=0.8003 time=21.3s
[Epoch 781] loss=0.0208 miou=0.6780 f1=0.7939 time=21.2s
[Epoch 782] loss=0.0213 miou=0.6663 f1=0.7849 time=21.2s
[Epoch 783] loss=0.0250 miou=0.6711 f1=0.7886 time=21.2s
[Epoch 784] loss=0.0226 miou=0.6808 f1=0.7964 time=21.3s
[Epoch 785] loss=0.0233 miou=0.6719 f1=0.7897 time=21.2s
[Epoch 786] loss=0.0246 miou=0.6732 f1=0.7890 time=21.3s
[Epoch 787] loss=0.0233 miou=0.6758 f1=0.7932 time=21.2s
[Epoch 788] loss=0.0220 miou=0.6767 f1=0.7931 time=21.3s
[Epoch 789] loss=0.0213 miou=0.6755 f1=0.7927 time=21.3s
[Epoch 790] loss=0.0246 miou=0.6737 f1=0.7907 time=21.3s
[Epoch 791] loss=0.0225 miou=0.6776 f1=0.7950 time=21.3s
[Epoch 792] loss=0.0263 miou=0.6699 f1=0.7889 time=21.3s
[Epoch 793] loss=0.0246 miou=0.6734 f1=0.7914 time=21.2s
[Epoch 794] loss=0.0220 miou=0.6752 f1=0.7916 time=21.2s
[Epoch 795] loss=0.0275 miou=0.6797 f1=0.7960 time=21.3s
[Epoch 796] loss=0.0278 miou=0.6803 f1=0.7962 time=21.2s
[Epoch 797] loss=0.0281 miou=0.6755 f1=0.7937 time=21.3s
[Epoch 798] loss=0.0242 miou=0.6760 f1=0.7931 time=21.2s
[Epoch 799] loss=0.0285 miou=0.6726 f1=0.7911 time=21.2s
[Epoch 800] loss=0.0246 miou=0.6756 f1=0.7927 time=21.3s
[Epoch 801] loss=0.0230 miou=0.6810 f1=0.7964 time=21.3s
[Epoch 802] loss=0.0239 miou=0.6810 f1=0.7970 time=21.2s
[Epoch 803] loss=0.0251 miou=0.6754 f1=0.7916 time=21.2s
[Epoch 804] loss=0.0250 miou=0.6713 f1=0.7894 time=21.2s
[Epoch 805] loss=0.0237 miou=0.6745 f1=0.7900 time=21.3s
[Epoch 806] loss=0.0233 miou=0.6748 f1=0.7915 time=21.2s
[Epoch 807] loss=0.0212 miou=0.6716 f1=0.7882 time=21.2s
[Epoch 808] loss=0.0245 miou=0.6736 f1=0.7904 time=21.2s
[Epoch 809] loss=0.0229 miou=0.6802 f1=0.7963 time=21.2s
[Epoch 810] loss=0.0237 miou=0.6844 f1=0.8000 time=21.3s
[Epoch 811] loss=0.0170 miou=0.6815 f1=0.7981 time=21.2s
[Epoch 812] loss=0.0195 miou=0.6824 f1=0.7984 time=21.2s
[Epoch 813] loss=0.0217 miou=0.6777 f1=0.7951 time=21.2s
[Epoch 814] loss=0.0225 miou=0.6800 f1=0.7961 time=21.2s
[Epoch 815] loss=0.0237 miou=0.6758 f1=0.7933 time=21.2s
[Epoch 816] loss=0.0220 miou=0.6754 f1=0.7938 time=21.2s
[Epoch 817] loss=0.0205 miou=0.6827 f1=0.7990 time=21.2s
[Epoch 818] loss=0.0216 miou=0.6792 f1=0.7959 time=21.2s
[Epoch 819] loss=0.0226 miou=0.6748 f1=0.7920 time=21.3s
[Epoch 820] loss=0.0254 miou=0.6782 f1=0.7947 time=21.2s
[Epoch 821] loss=0.0204 miou=0.6782 f1=0.7946 time=21.3s
[Epoch 822] loss=0.0230 miou=0.6766 f1=0.7944 time=21.3s
[Epoch 823] loss=0.0230 miou=0.6832 f1=0.7980 time=21.2s
[Epoch 824] loss=0.0202 miou=0.6785 f1=0.7957 time=21.2s
[Epoch 825] loss=0.0219 miou=0.6820 f1=0.7974 time=21.3s
[Epoch 826] loss=0.0259 miou=0.6798 f1=0.7966 time=21.2s
[Epoch 827] loss=0.0240 miou=0.6825 f1=0.7980 time=21.2s
[Epoch 828] loss=0.0261 miou=0.6762 f1=0.7946 time=21.2s
[Epoch 829] loss=0.0231 miou=0.6763 f1=0.7931 time=21.3s
[Epoch 830] loss=0.0245 miou=0.6787 f1=0.7956 time=21.2s
[Epoch 831] loss=0.0245 miou=0.6719 f1=0.7895 time=21.3s
[Epoch 832] loss=0.0271 miou=0.6767 f1=0.7938 time=21.3s
[Epoch 833] loss=0.0266 miou=0.6741 f1=0.7930 time=21.2s
[Epoch 834] loss=0.0267 miou=0.6780 f1=0.7953 time=21.2s
[Epoch 835] loss=0.0287 miou=0.6824 f1=0.7989 time=21.2s
[Epoch 836] loss=0.0259 miou=0.6820 f1=0.7975 time=21.2s
[Epoch 837] loss=0.0249 miou=0.6740 f1=0.7910 time=21.2s
[Epoch 838] loss=0.0228 miou=0.6809 f1=0.7969 time=21.2s
[Epoch 839] loss=0.0253 miou=0.6703 f1=0.7887 time=21.2s
[Epoch 840] loss=0.0227 miou=0.6745 f1=0.7934 time=21.2s
[Epoch 841] loss=0.0269 miou=0.6824 f1=0.7979 time=21.3s
[Epoch 842] loss=0.0234 miou=0.6828 f1=0.7995 time=21.4s
[Epoch 843] loss=0.0210 miou=0.6799 f1=0.7964 time=21.3s
[Epoch 844] loss=0.0238 miou=0.6837 f1=0.7993 time=21.3s
[Epoch 845] loss=0.0288 miou=0.6795 f1=0.7958 time=21.3s
[Epoch 846] loss=0.0287 miou=0.6812 f1=0.7968 time=21.3s
[Epoch 847] loss=0.0264 miou=0.6799 f1=0.7966 time=21.3s
[Epoch 848] loss=0.0234 miou=0.6829 f1=0.7998 time=21.2s
[Epoch 849] loss=0.0244 miou=0.6799 f1=0.7967 time=21.2s
[Epoch 850] loss=0.0238 miou=0.6755 f1=0.7932 time=21.3s
[Epoch 851] loss=0.0240 miou=0.6799 f1=0.7956 time=21.3s
[Epoch 852] loss=0.0232 miou=0.6867 f1=0.8018 time=21.3s
[Epoch 853] loss=0.0269 miou=0.6840 f1=0.8003 time=21.2s
[Epoch 854] loss=0.0267 miou=0.6789 f1=0.7953 time=21.3s
[Epoch 855] loss=0.0239 miou=0.6808 f1=0.7977 time=21.2s
[Epoch 856] loss=0.0255 miou=0.6817 f1=0.7979 time=21.2s
[Epoch 857] loss=0.0230 miou=0.6757 f1=0.7939 time=21.3s
[Epoch 858] loss=0.0210 miou=0.6737 f1=0.7933 time=21.2s
[Epoch 859] loss=0.0197 miou=0.6730 f1=0.7917 time=21.3s
[Epoch 860] loss=0.0219 miou=0.6798 f1=0.7970 time=21.3s
[Epoch 861] loss=0.0247 miou=0.6801 f1=0.7969 time=21.2s
[Epoch 862] loss=0.0229 miou=0.6852 f1=0.8009 time=21.2s
[Epoch 863] loss=0.0171 miou=0.6835 f1=0.7992 time=21.2s
[Epoch 864] loss=0.0199 miou=0.6779 f1=0.7950 time=21.2s
[Epoch 865] loss=0.0214 miou=0.6698 f1=0.7873 time=21.2s
[Epoch 866] loss=0.0209 miou=0.6810 f1=0.7959 time=21.2s
[Epoch 867] loss=0.0183 miou=0.6810 f1=0.7970 time=21.2s
[Epoch 868] loss=0.0214 miou=0.6854 f1=0.8002 time=21.2s
[Epoch 869] loss=0.0226 miou=0.6633 f1=0.7853 time=21.2s
[Epoch 870] loss=0.0258 miou=0.6717 f1=0.7901 time=21.2s
[Epoch 871] loss=0.0248 miou=0.6782 f1=0.7948 time=21.2s
[Epoch 872] loss=0.0255 miou=0.6710 f1=0.7902 time=21.2s
[Epoch 873] loss=0.0235 miou=0.6730 f1=0.7914 time=21.2s
[Epoch 874] loss=0.0238 miou=0.6738 f1=0.7917 time=21.3s
[Epoch 875] loss=0.0222 miou=0.6794 f1=0.7952 time=21.3s
[Epoch 876] loss=0.0200 miou=0.6778 f1=0.7944 time=21.2s
[Epoch 877] loss=0.0215 miou=0.6784 f1=0.7953 time=21.2s
[Epoch 878] loss=0.0214 miou=0.6775 f1=0.7950 time=21.2s
[Epoch 879] loss=0.0174 miou=0.6815 f1=0.7972 time=21.2s
[Epoch 880] loss=0.0224 miou=0.6735 f1=0.7911 time=21.2s
[Epoch 881] loss=0.0237 miou=0.6702 f1=0.7892 time=21.2s
[Epoch 882] loss=0.0216 miou=0.6739 f1=0.7920 time=21.2s
[Epoch 883] loss=0.0220 miou=0.6730 f1=0.7917 time=21.2s
[Epoch 884] loss=0.0212 miou=0.6727 f1=0.7905 time=21.2s
[Epoch 885] loss=0.0206 miou=0.6737 f1=0.7915 time=21.2s
[Epoch 886] loss=0.0202 miou=0.6795 f1=0.7955 time=21.2s
[Epoch 887] loss=0.0214 miou=0.6811 f1=0.7970 time=21.2s
[Epoch 888] loss=0.0219 miou=0.6844 f1=0.8001 time=21.2s
[Epoch 889] loss=0.0212 miou=0.6771 f1=0.7948 time=21.2s
[Epoch 890] loss=0.0201 miou=0.6833 f1=0.7982 time=21.2s
[Epoch 891] loss=0.0215 miou=0.6785 f1=0.7952 time=21.2s
[Epoch 892] loss=0.0221 miou=0.6772 f1=0.7943 time=21.2s
[Epoch 893] loss=0.0226 miou=0.6757 f1=0.7940 time=21.2s
[Epoch 894] loss=0.0212 miou=0.6828 f1=0.7988 time=21.2s
[Epoch 895] loss=0.0229 miou=0.6834 f1=0.7994 time=21.2s
[Epoch 896] loss=0.0220 miou=0.6798 f1=0.7960 time=21.2s
[Epoch 897] loss=0.0185 miou=0.6771 f1=0.7947 time=21.2s
[Epoch 898] loss=0.0191 miou=0.6812 f1=0.7975 time=21.1s
[Epoch 899] loss=0.0208 miou=0.6838 f1=0.7989 time=21.2s
[Epoch 900] loss=0.0241 miou=0.6789 f1=0.7952 time=21.2s
[Epoch 901] loss=0.0254 miou=0.6818 f1=0.7975 time=21.2s
[Epoch 902] loss=0.0229 miou=0.6845 f1=0.7994 time=21.2s
[Epoch 903] loss=0.0227 miou=0.6810 f1=0.7961 time=21.2s
[Epoch 904] loss=0.0211 miou=0.6802 f1=0.7963 time=21.2s
[Epoch 905] loss=0.0187 miou=0.6789 f1=0.7950 time=21.2s
[Epoch 906] loss=0.0213 miou=0.6741 f1=0.7914 time=21.2s
[Epoch 907] loss=0.0217 miou=0.6853 f1=0.7999 time=21.2s
[Epoch 908] loss=0.0205 miou=0.6887 f1=0.8027 time=21.2s
[Epoch 909] loss=0.0239 miou=0.6747 f1=0.7918 time=21.2s
[Epoch 910] loss=0.0226 miou=0.6800 f1=0.7957 time=21.2s
[Epoch 911] loss=0.0187 miou=0.6780 f1=0.7943 time=21.2s
[Epoch 912] loss=0.0219 miou=0.6765 f1=0.7932 time=21.1s
[Epoch 913] loss=0.0188 miou=0.6783 f1=0.7951 time=21.2s
[Epoch 914] loss=0.0229 miou=0.6697 f1=0.7894 time=21.2s
[Epoch 915] loss=0.0273 miou=0.6773 f1=0.7947 time=21.1s
[Epoch 916] loss=0.0230 miou=0.6724 f1=0.7905 time=21.2s
[Epoch 917] loss=0.0229 miou=0.6783 f1=0.7953 time=21.2s
[Epoch 918] loss=0.0259 miou=0.6783 f1=0.7941 time=21.2s
[Epoch 919] loss=0.0239 miou=0.6787 f1=0.7951 time=21.2s
[Epoch 920] loss=0.0253 miou=0.6813 f1=0.7975 time=21.2s
[Epoch 921] loss=0.0237 miou=0.6778 f1=0.7958 time=21.2s
[Epoch 922] loss=0.0248 miou=0.6839 f1=0.8001 time=21.4s
[Epoch 923] loss=0.0189 miou=0.6777 f1=0.7951 time=21.2s
[Epoch 924] loss=0.0221 miou=0.6791 f1=0.7948 time=21.4s
[Epoch 925] loss=0.0237 miou=0.6822 f1=0.7983 time=21.2s
[Epoch 926] loss=0.0246 miou=0.6836 f1=0.7998 time=21.4s
[Epoch 927] loss=0.0245 miou=0.6732 f1=0.7898 time=21.2s
[Epoch 928] loss=0.0237 miou=0.6830 f1=0.7981 time=21.2s
[Epoch 929] loss=0.0236 miou=0.6797 f1=0.7966 time=21.2s
[Epoch 930] loss=0.0238 miou=0.6839 f1=0.7985 time=21.2s
[Epoch 931] loss=0.0212 miou=0.6842 f1=0.7986 time=21.2s
[Epoch 932] loss=0.0207 miou=0.6803 f1=0.7960 time=21.2s
[Epoch 933] loss=0.0233 miou=0.6725 f1=0.7912 time=21.2s
[Epoch 934] loss=0.0219 miou=0.6769 f1=0.7940 time=21.2s
[Epoch 935] loss=0.0200 miou=0.6732 f1=0.7917 time=21.2s
[Epoch 936] loss=0.0198 miou=0.6724 f1=0.7911 time=21.2s
[Epoch 937] loss=0.0243 miou=0.6725 f1=0.7904 time=21.2s
[Epoch 938] loss=0.0206 miou=0.6768 f1=0.7936 time=21.2s
[Epoch 939] loss=0.0203 miou=0.6830 f1=0.7989 time=21.2s
[Epoch 940] loss=0.0207 miou=0.6811 f1=0.7962 time=21.2s
[Epoch 941] loss=0.0237 miou=0.6843 f1=0.7996 time=21.2s
[Epoch 942] loss=0.0207 miou=0.6772 f1=0.7944 time=21.2s
[Epoch 943] loss=0.0234 miou=0.6784 f1=0.7945 time=21.2s
[Epoch 944] loss=0.0273 miou=0.6730 f1=0.7904 time=21.2s
[Epoch 945] loss=0.0251 miou=0.6755 f1=0.7914 time=21.2s
[Epoch 946] loss=0.0260 miou=0.6697 f1=0.7882 time=21.5s
[Epoch 947] loss=0.0245 miou=0.6729 f1=0.7902 time=21.5s
[Epoch 948] loss=0.0237 miou=0.6702 f1=0.7877 time=21.5s
[Epoch 949] loss=0.0180 miou=0.6722 f1=0.7897 time=21.5s
[Epoch 950] loss=0.0183 miou=0.6716 f1=0.7890 time=21.2s
[Epoch 951] loss=0.0214 miou=0.6771 f1=0.7936 time=21.2s
[Epoch 952] loss=0.0176 miou=0.6797 f1=0.7948 time=21.5s
[Epoch 953] loss=0.0171 miou=0.6800 f1=0.7960 time=21.5s
[Epoch 954] loss=0.0206 miou=0.6724 f1=0.7905 time=21.5s
[Epoch 955] loss=0.0214 miou=0.6707 f1=0.7899 time=21.5s
[Epoch 956] loss=0.0236 miou=0.6718 f1=0.7902 time=21.2s
[Epoch 957] loss=0.0227 miou=0.6702 f1=0.7891 time=21.2s
[Epoch 958] loss=0.0228 miou=0.6668 f1=0.7860 time=21.3s
[Epoch 959] loss=0.0269 miou=0.6716 f1=0.7906 time=21.5s
[Epoch 960] loss=0.0272 miou=0.6769 f1=0.7936 time=21.5s
[Epoch 961] loss=0.0230 miou=0.6764 f1=0.7932 time=21.5s
[Epoch 962] loss=0.0231 miou=0.6781 f1=0.7949 time=21.2s
[Epoch 963] loss=0.0246 miou=0.6773 f1=0.7945 time=21.5s
[Epoch 964] loss=0.0239 miou=0.6747 f1=0.7911 time=21.3s
[Epoch 965] loss=0.0231 miou=0.6642 f1=0.7846 time=21.5s
[Epoch 966] loss=0.0250 miou=0.6733 f1=0.7901 time=21.5s
[Epoch 967] loss=0.0219 miou=0.6725 f1=0.7900 time=21.2s
[Epoch 968] loss=0.0216 miou=0.6770 f1=0.7951 time=21.2s
[Epoch 969] loss=0.0223 miou=0.6784 f1=0.7952 time=21.4s
[Epoch 970] loss=0.0241 miou=0.6753 f1=0.7938 time=21.5s
[Epoch 971] loss=0.0274 miou=0.6816 f1=0.7974 time=21.5s
[Epoch 972] loss=0.0240 miou=0.6776 f1=0.7943 time=21.5s
[Epoch 973] loss=0.0222 miou=0.6702 f1=0.7878 time=21.5s
[Epoch 974] loss=0.0216 miou=0.6803 f1=0.7957 time=21.2s
[Epoch 975] loss=0.0197 miou=0.6700 f1=0.7878 time=21.2s
[Epoch 976] loss=0.0202 miou=0.6710 f1=0.7901 time=21.2s
[Epoch 977] loss=0.0205 miou=0.6734 f1=0.7915 time=21.2s
[Epoch 978] loss=0.0219 miou=0.6734 f1=0.7922 time=21.5s
[Epoch 979] loss=0.0176 miou=0.6736 f1=0.7918 time=21.5s
[Epoch 980] loss=0.0200 miou=0.6670 f1=0.7862 time=21.5s
[Epoch 981] loss=0.0180 miou=0.6761 f1=0.7934 time=21.3s
[Epoch 982] loss=0.0194 miou=0.6765 f1=0.7933 time=21.2s
[Epoch 983] loss=0.0196 miou=0.6799 f1=0.7960 time=21.2s
[Epoch 984] loss=0.0174 miou=0.6790 f1=0.7964 time=21.2s
[Epoch 985] loss=0.0185 miou=0.6743 f1=0.7928 time=21.3s
[Epoch 986] loss=0.0200 miou=0.6736 f1=0.7895 time=21.2s
[Epoch 987] loss=0.0190 miou=0.6809 f1=0.7959 time=21.2s
[Epoch 988] loss=0.0196 miou=0.6781 f1=0.7951 time=21.2s
[Epoch 989] loss=0.0217 miou=0.6774 f1=0.7943 time=21.2s
[Epoch 990] loss=0.0224 miou=0.6762 f1=0.7936 time=21.2s
[Epoch 991] loss=0.0263 miou=0.6781 f1=0.7949 time=21.4s
[Epoch 992] loss=0.0214 miou=0.6750 f1=0.7915 time=21.5s
[Epoch 993] loss=0.0190 miou=0.6829 f1=0.7991 time=21.2s
[Epoch 994] loss=0.0203 miou=0.6845 f1=0.7986 time=21.2s
[Epoch 995] loss=0.0203 miou=0.6830 f1=0.7977 time=21.4s
[Epoch 996] loss=0.0201 miou=0.6829 f1=0.7976 time=21.2s
[Epoch 997] loss=0.0164 miou=0.6808 f1=0.7960 time=21.2s
[Epoch 998] loss=0.0218 miou=0.6882 f1=0.8028 time=21.3s
[Epoch 999] loss=0.0208 miou=0.6848 f1=0.7992 time=21.5s
[Epoch 1000] loss=0.0213 miou=0.6840 f1=0.7988 time=21.5s
[Epoch 1001] loss=0.0200 miou=0.6783 f1=0.7941 time=21.4s
[Epoch 1002] loss=0.0210 miou=0.6829 f1=0.7984 time=21.5s
[Epoch 1003] loss=0.0180 miou=0.6857 f1=0.8004 time=21.3s
[Epoch 1004] loss=0.0225 miou=0.6794 f1=0.7953 time=21.2s
[Epoch 1005] loss=0.0202 miou=0.6809 f1=0.7968 time=21.2s
[Epoch 1006] loss=0.0213 miou=0.6836 f1=0.7985 time=21.3s
[Epoch 1007] loss=0.0168 miou=0.6874 f1=0.8015 time=21.5s
[Epoch 1008] loss=0.0194 miou=0.6850 f1=0.7997 time=21.2s
[Epoch 1009] loss=0.0195 miou=0.6824 f1=0.7979 time=21.2s
[Epoch 1010] loss=0.0192 miou=0.6850 f1=0.7996 time=21.5s
[Epoch 1011] loss=0.0192 miou=0.6738 f1=0.7914 time=21.5s
[Epoch 1012] loss=0.0193 miou=0.6755 f1=0.7930 time=21.3s
[Epoch 1013] loss=0.0247 miou=0.6749 f1=0.7932 time=21.2s
[Epoch 1014] loss=0.0201 miou=0.6682 f1=0.7879 time=21.3s
[Epoch 1015] loss=0.0212 miou=0.6693 f1=0.7889 time=21.5s
[Epoch 1016] loss=0.0199 miou=0.6724 f1=0.7911 time=21.5s
[Epoch 1017] loss=0.0181 miou=0.6782 f1=0.7945 time=21.2s
[Epoch 1018] loss=0.0217 miou=0.6801 f1=0.7974 time=21.2s
[Epoch 1019] loss=0.0197 miou=0.6827 f1=0.7988 time=21.2s
[Epoch 1020] loss=0.0180 miou=0.6830 f1=0.7990 time=21.4s
[Epoch 1021] loss=0.0197 miou=0.6844 f1=0.8001 time=21.2s
[Epoch 1022] loss=0.0173 miou=0.6824 f1=0.7985 time=21.2s
[Epoch 1023] loss=0.0195 miou=0.6710 f1=0.7899 time=21.2s
[Epoch 1024] loss=0.0196 miou=0.6775 f1=0.7950 time=21.2s
[Epoch 1025] loss=0.0200 miou=0.6703 f1=0.7899 time=21.2s
[Epoch 1026] loss=0.0187 miou=0.6774 f1=0.7943 time=21.4s
[Epoch 1027] loss=0.0201 miou=0.6707 f1=0.7893 time=21.3s
[Epoch 1028] loss=0.0200 miou=0.6773 f1=0.7947 time=21.4s
[Epoch 1029] loss=0.0161 miou=0.6819 f1=0.7988 time=21.2s
[Epoch 1030] loss=0.0192 miou=0.6801 f1=0.7969 time=21.3s
[Epoch 1031] loss=0.0215 miou=0.6730 f1=0.7909 time=21.5s
[Epoch 1032] loss=0.0204 miou=0.6809 f1=0.7973 time=21.2s
[Epoch 1033] loss=0.0189 miou=0.6754 f1=0.7930 time=21.2s
[Epoch 1034] loss=0.0198 miou=0.6815 f1=0.7981 time=21.2s
[Epoch 1035] loss=0.0212 miou=0.6789 f1=0.7961 time=21.2s
[Epoch 1036] loss=0.0183 miou=0.6824 f1=0.7979 time=21.2s
[Epoch 1037] loss=0.0211 miou=0.6772 f1=0.7943 time=21.2s
[Epoch 1038] loss=0.0207 miou=0.6830 f1=0.7995 time=21.2s
[Epoch 1039] loss=0.0220 miou=0.6760 f1=0.7943 time=21.2s
[Epoch 1040] loss=0.0212 miou=0.6774 f1=0.7949 time=21.5s
[Epoch 1041] loss=0.0202 miou=0.6671 f1=0.7860 time=21.5s
[Epoch 1042] loss=0.0223 miou=0.6792 f1=0.7954 time=21.5s
[Epoch 1043] loss=0.0215 miou=0.6761 f1=0.7926 time=21.5s
[Epoch 1044] loss=0.0218 miou=0.6734 f1=0.7913 time=21.3s
[Epoch 1045] loss=0.0200 miou=0.6773 f1=0.7946 time=21.2s
[Epoch 1046] loss=0.0186 miou=0.6785 f1=0.7950 time=21.2s
[Epoch 1047] loss=0.0163 miou=0.6798 f1=0.7965 time=21.4s
[Epoch 1048] loss=0.0168 miou=0.6774 f1=0.7942 time=21.2s
[Epoch 1049] loss=0.0175 miou=0.6752 f1=0.7929 time=21.2s
[Epoch 1050] loss=0.0199 miou=0.6760 f1=0.7923 time=21.2s
[Epoch 1051] loss=0.0207 miou=0.6724 f1=0.7894 time=21.2s
[Epoch 1052] loss=0.0208 miou=0.6731 f1=0.7886 time=21.2s
[Epoch 1053] loss=0.0239 miou=0.6810 f1=0.7968 time=21.2s
[Epoch 1054] loss=0.0203 miou=0.6738 f1=0.7911 time=21.2s
[Epoch 1055] loss=0.0220 miou=0.6783 f1=0.7939 time=21.2s
[Epoch 1056] loss=0.0205 miou=0.6780 f1=0.7946 time=21.2s
[Epoch 1057] loss=0.0187 miou=0.6740 f1=0.7911 time=21.2s
[Epoch 1058] loss=0.0198 miou=0.6799 f1=0.7952 time=21.2s
[Epoch 1059] loss=0.0186 miou=0.6771 f1=0.7944 time=21.2s
[Epoch 1060] loss=0.0184 miou=0.6833 f1=0.7985 time=21.2s
[Epoch 1061] loss=0.0194 miou=0.6878 f1=0.8021 time=21.2s
[Epoch 1062] loss=0.0207 miou=0.6754 f1=0.7922 time=21.2s
[Epoch 1063] loss=0.0198 miou=0.6769 f1=0.7931 time=21.2s
[Epoch 1064] loss=0.0260 miou=0.6787 f1=0.7969 time=21.2s
[Epoch 1065] loss=0.0248 miou=0.6785 f1=0.7959 time=21.2s
[Epoch 1066] loss=0.0217 miou=0.6692 f1=0.7889 time=21.2s
[Epoch 1067] loss=0.0205 miou=0.6650 f1=0.7833 time=21.2s
[Epoch 1068] loss=0.0205 miou=0.6673 f1=0.7855 time=21.3s
[Epoch 1069] loss=0.0247 miou=0.6701 f1=0.7891 time=21.2s
[Epoch 1070] loss=0.0212 miou=0.6698 f1=0.7864 time=21.2s
[Epoch 1071] loss=0.0222 miou=0.6710 f1=0.7885 time=21.2s
[Epoch 1072] loss=0.0219 miou=0.6744 f1=0.7915 time=21.2s
[Epoch 1073] loss=0.0193 miou=0.6766 f1=0.7932 time=21.2s
[Epoch 1074] loss=0.0183 miou=0.6798 f1=0.7955 time=21.2s
[Epoch 1075] loss=0.0192 miou=0.6844 f1=0.8003 time=21.2s
[Epoch 1076] loss=0.0202 miou=0.6754 f1=0.7924 time=21.2s
[Epoch 1077] loss=0.0185 miou=0.6726 f1=0.7895 time=21.2s
[Epoch 1078] loss=0.0209 miou=0.6705 f1=0.7874 time=21.2s
[Epoch 1079] loss=0.0190 miou=0.6818 f1=0.7974 time=21.2s
[Epoch 1080] loss=0.0180 miou=0.6779 f1=0.7934 time=21.2s
[Epoch 1081] loss=0.0186 miou=0.6736 f1=0.7908 time=21.2s
[Epoch 1082] loss=0.0188 miou=0.6765 f1=0.7925 time=21.2s
[Epoch 1083] loss=0.0205 miou=0.6735 f1=0.7906 time=21.2s
[Epoch 1084] loss=0.0207 miou=0.6737 f1=0.7909 time=21.2s
[Epoch 1085] loss=0.0209 miou=0.6766 f1=0.7930 time=21.2s
[Epoch 1086] loss=0.0183 miou=0.6769 f1=0.7931 time=21.2s
[Epoch 1087] loss=0.0231 miou=0.6762 f1=0.7936 time=21.2s
[Epoch 1088] loss=0.0228 miou=0.6753 f1=0.7925 time=21.2s
[Epoch 1089] loss=0.0189 miou=0.6784 f1=0.7944 time=21.2s
[Epoch 1090] loss=0.0190 miou=0.6774 f1=0.7945 time=21.2s
[Epoch 1091] loss=0.0167 miou=0.6841 f1=0.7999 time=21.2s
[Epoch 1092] loss=0.0186 miou=0.6809 f1=0.7974 time=21.2s
[Epoch 1093] loss=0.0187 miou=0.6739 f1=0.7914 time=21.2s
[Epoch 1094] loss=0.0176 miou=0.6718 f1=0.7893 time=21.2s
[Epoch 1095] loss=0.0189 miou=0.6815 f1=0.7979 time=21.2s
[Epoch 1096] loss=0.0188 miou=0.6810 f1=0.7974 time=21.2s
[Epoch 1097] loss=0.0153 miou=0.6842 f1=0.8007 time=21.2s
[Epoch 1098] loss=0.0172 miou=0.6817 f1=0.7983 time=21.2s
[Epoch 1099] loss=0.0193 miou=0.6869 f1=0.8017 time=21.2s
[Epoch 1100] loss=0.0171 miou=0.6747 f1=0.7919 time=21.2s
[Epoch 1101] loss=0.0186 miou=0.6765 f1=0.7937 time=21.1s
[Epoch 1102] loss=0.0182 miou=0.6774 f1=0.7944 time=21.2s
[Epoch 1103] loss=0.0164 miou=0.6789 f1=0.7950 time=21.2s
[Epoch 1104] loss=0.0183 miou=0.6782 f1=0.7948 time=21.2s
[Epoch 1105] loss=0.0161 miou=0.6765 f1=0.7932 time=21.2s
[Epoch 1106] loss=0.0173 miou=0.6793 f1=0.7947 time=21.2s
[Epoch 1107] loss=0.0161 miou=0.6816 f1=0.7975 time=21.2s
[Epoch 1108] loss=0.0200 miou=0.6725 f1=0.7890 time=21.3s
[Epoch 1109] loss=0.0177 miou=0.6789 f1=0.7953 time=20.9s
[Epoch 1110] loss=0.0162 miou=0.6654 f1=0.7859 time=21.2s
[Epoch 1111] loss=0.0243 miou=0.6721 f1=0.7895 time=20.8s
[Epoch 1112] loss=0.0171 miou=0.6749 f1=0.7927 time=20.8s
[Epoch 1113] loss=0.0168 miou=0.6751 f1=0.7922 time=20.7s
[Epoch 1114] loss=0.0188 miou=0.6780 f1=0.7943 time=21.2s
[Epoch 1115] loss=0.0187 miou=0.6814 f1=0.7978 time=21.4s
[Epoch 1116] loss=0.0177 miou=0.6731 f1=0.7892 time=21.3s
[Epoch 1117] loss=0.0177 miou=0.6815 f1=0.7974 time=21.3s
[Epoch 1118] loss=0.0175 miou=0.6767 f1=0.7933 time=21.2s
[Epoch 1119] loss=0.0167 miou=0.6779 f1=0.7943 time=21.3s
[Epoch 1120] loss=0.0191 miou=0.6790 f1=0.7958 time=21.2s
[Epoch 1121] loss=0.0197 miou=0.6735 f1=0.7897 time=21.2s
[Epoch 1122] loss=0.0180 miou=0.6657 f1=0.7853 time=21.2s
[Epoch 1123] loss=0.0182 miou=0.6688 f1=0.7867 time=21.2s
[Epoch 1124] loss=0.0247 miou=0.6733 f1=0.7906 time=21.2s
[Epoch 1125] loss=0.0201 miou=0.6783 f1=0.7953 time=21.2s
[Epoch 1126] loss=0.0166 miou=0.6704 f1=0.7894 time=21.2s
[Epoch 1127] loss=0.0181 miou=0.6693 f1=0.7879 time=21.2s
[Epoch 1128] loss=0.0220 miou=0.6720 f1=0.7897 time=21.2s
[Epoch 1129] loss=0.0255 miou=0.6739 f1=0.7919 time=21.2s
[Epoch 1130] loss=0.0194 miou=0.6754 f1=0.7930 time=21.2s
[Epoch 1131] loss=0.0201 miou=0.6680 f1=0.7872 time=21.2s
[Epoch 1132] loss=0.0184 miou=0.6751 f1=0.7930 time=21.2s
[Epoch 1133] loss=0.0136 miou=0.6680 f1=0.7892 time=21.2s
[Epoch 1134] loss=0.0207 miou=0.6771 f1=0.7959 time=21.2s
[Epoch 1135] loss=0.0179 miou=0.6692 f1=0.7895 time=21.1s
[Epoch 1136] loss=0.0196 miou=0.6759 f1=0.7931 time=21.2s
[Epoch 1137] loss=0.0164 miou=0.6752 f1=0.7930 time=21.3s
[Epoch 1138] loss=0.0190 miou=0.6782 f1=0.7959 time=21.2s
[Epoch 1139] loss=0.0189 miou=0.6796 f1=0.7971 time=21.3s
[Epoch 1140] loss=0.0175 miou=0.6806 f1=0.7969 time=21.2s
[Epoch 1141] loss=0.0159 miou=0.6777 f1=0.7945 time=21.2s
[Epoch 1142] loss=0.0203 miou=0.6755 f1=0.7915 time=21.1s
[Epoch 1143] loss=0.0219 miou=0.6712 f1=0.7879 time=21.2s
[Epoch 1144] loss=0.0197 miou=0.6686 f1=0.7867 time=21.2s
[Epoch 1145] loss=0.0191 miou=0.6693 f1=0.7874 time=21.3s
[Epoch 1146] loss=0.0247 miou=0.6705 f1=0.7897 time=21.3s
[Epoch 1147] loss=0.0341 miou=0.6702 f1=0.7878 time=21.3s
[Epoch 1148] loss=0.0223 miou=0.6690 f1=0.7873 time=21.4s
[Epoch 1149] loss=0.0215 miou=0.6756 f1=0.7904 time=21.2s
[Epoch 1150] loss=0.0224 miou=0.6786 f1=0.7951 time=21.2s
[Epoch 1151] loss=0.0212 miou=0.6758 f1=0.7923 time=21.2s
[Epoch 1152] loss=0.0215 miou=0.6772 f1=0.7948 time=21.2s
[Epoch 1153] loss=0.0191 miou=0.6726 f1=0.7894 time=21.2s
[Epoch 1154] loss=0.0208 miou=0.6766 f1=0.7933 time=21.2s
[Epoch 1155] loss=0.0178 miou=0.6763 f1=0.7933 time=21.2s
[Epoch 1156] loss=0.0168 miou=0.6780 f1=0.7941 time=21.2s
[Epoch 1157] loss=0.0148 miou=0.6749 f1=0.7911 time=21.2s
[Epoch 1158] loss=0.0164 miou=0.6736 f1=0.7908 time=21.2s
[Epoch 1159] loss=0.0196 miou=0.6792 f1=0.7951 time=21.2s
[Epoch 1160] loss=0.0173 miou=0.6777 f1=0.7936 time=21.2s
[Epoch 1161] loss=0.0174 miou=0.6709 f1=0.7889 time=21.2s
[Epoch 1162] loss=0.0199 miou=0.6756 f1=0.7923 time=21.1s
[Epoch 1163] loss=0.0164 miou=0.6729 f1=0.7907 time=21.2s
[Epoch 1164] loss=0.0171 miou=0.6778 f1=0.7947 time=21.2s
[Epoch 1165] loss=0.0152 miou=0.6768 f1=0.7941 time=21.2s
[Epoch 1166] loss=0.0155 miou=0.6771 f1=0.7938 time=21.2s
[Epoch 1167] loss=0.0186 miou=0.6789 f1=0.7963 time=21.2s
[Epoch 1168] loss=0.0171 miou=0.6768 f1=0.7938 time=21.3s
[Epoch 1169] loss=0.0166 miou=0.6791 f1=0.7966 time=21.2s
[Epoch 1170] loss=0.0157 miou=0.6818 f1=0.7974 time=21.3s
[Epoch 1171] loss=0.0144 miou=0.6787 f1=0.7962 time=21.2s
[Epoch 1172] loss=0.0140 miou=0.6816 f1=0.7971 time=21.2s
[Epoch 1173] loss=0.0157 miou=0.6799 f1=0.7962 time=21.2s
[Epoch 1174] loss=0.0158 miou=0.6840 f1=0.7997 time=21.2s
[Epoch 1175] loss=0.0138 miou=0.6819 f1=0.7973 time=21.3s
[Epoch 1176] loss=0.0141 miou=0.6818 f1=0.7982 time=21.3s
[Epoch 1177] loss=0.0148 miou=0.6822 f1=0.7977 time=21.2s
[Epoch 1178] loss=0.0152 miou=0.6768 f1=0.7936 time=21.3s
[Epoch 1179] loss=0.0147 miou=0.6789 f1=0.7952 time=21.3s
[Epoch 1180] loss=0.0168 miou=0.6817 f1=0.7974 time=21.2s
[Epoch 1181] loss=0.0151 miou=0.6837 f1=0.7994 time=21.3s
[Epoch 1182] loss=0.0147 miou=0.6815 f1=0.7968 time=21.3s
[Epoch 1183] loss=0.0154 miou=0.6806 f1=0.7954 time=21.2s
[Epoch 1184] loss=0.0158 miou=0.6840 f1=0.7989 time=21.2s
[Epoch 1185] loss=0.0170 miou=0.6867 f1=0.8014 time=21.2s
[Epoch 1186] loss=0.0199 miou=0.6808 f1=0.7961 time=21.2s
[Epoch 1187] loss=0.0186 miou=0.6809 f1=0.7972 time=21.2s
[Epoch 1188] loss=0.0160 miou=0.6821 f1=0.7981 time=21.2s
[Epoch 1189] loss=0.0152 miou=0.6823 f1=0.7991 time=21.2s
[Epoch 1190] loss=0.0164 miou=0.6796 f1=0.7963 time=21.2s
[Epoch 1191] loss=0.0155 miou=0.6791 f1=0.7961 time=21.2s
[Epoch 1192] loss=0.0159 miou=0.6678 f1=0.7863 time=21.2s
[Epoch 1193] loss=0.0190 miou=0.6761 f1=0.7929 time=21.2s
[Epoch 1194] loss=0.0166 miou=0.6787 f1=0.7950 time=21.2s
[Epoch 1195] loss=0.0183 miou=0.6818 f1=0.7976 time=21.2s
[Epoch 1196] loss=0.0171 miou=0.6783 f1=0.7951 time=21.2s
[Epoch 1197] loss=0.0172 miou=0.6794 f1=0.7961 time=21.2s
[Epoch 1198] loss=0.0170 miou=0.6835 f1=0.7996 time=21.2s
[Epoch 1199] loss=0.0196 miou=0.6800 f1=0.7969 time=21.3s
[Epoch 1200] loss=0.0183 miou=0.6840 f1=0.7994 time=21.2s
[Epoch 1201] loss=0.0175 miou=0.6895 f1=0.8025 time=21.2s
[Epoch 1202] loss=0.0157 miou=0.6796 f1=0.7964 time=21.2s
[Epoch 1203] loss=0.0195 miou=0.6851 f1=0.8001 time=21.2s
[Epoch 1204] loss=0.0190 miou=0.6801 f1=0.7956 time=21.2s
[Epoch 1205] loss=0.0241 miou=0.6812 f1=0.7975 time=21.2s
[Epoch 1206] loss=0.0203 miou=0.6826 f1=0.7992 time=21.2s
[Epoch 1207] loss=0.0188 miou=0.6805 f1=0.7963 time=21.2s
[Epoch 1208] loss=0.0216 miou=0.6748 f1=0.7924 time=21.2s
[Epoch 1209] loss=0.0191 miou=0.6748 f1=0.7927 time=21.2s
[Epoch 1210] loss=0.0190 miou=0.6694 f1=0.7886 time=21.2s
[Epoch 1211] loss=0.0223 miou=0.6786 f1=0.7957 time=21.2s
[Epoch 1212] loss=0.0200 miou=0.6812 f1=0.7972 time=21.2s
[Epoch 1213] loss=0.0197 miou=0.6704 f1=0.7896 time=21.2s
[Epoch 1214] loss=0.0208 miou=0.6694 f1=0.7891 time=21.2s
[Epoch 1215] loss=0.0202 miou=0.6724 f1=0.7925 time=21.2s
[Epoch 1216] loss=0.0224 miou=0.6789 f1=0.7957 time=21.2s
[Epoch 1217] loss=0.0207 miou=0.6799 f1=0.7952 time=21.2s
[Epoch 1218] loss=0.0178 miou=0.6812 f1=0.7968 time=21.2s
[Epoch 1219] loss=0.0171 miou=0.6784 f1=0.7945 time=21.2s
[Epoch 1220] loss=0.0163 miou=0.6818 f1=0.7971 time=21.2s
[Epoch 1221] loss=0.0197 miou=0.6753 f1=0.7929 time=21.2s
[Epoch 1222] loss=0.0173 miou=0.6795 f1=0.7952 time=21.2s
[Epoch 1223] loss=0.0217 miou=0.6793 f1=0.7955 time=21.2s
[Epoch 1224] loss=0.0180 miou=0.6773 f1=0.7937 time=21.2s
[Epoch 1225] loss=0.0165 miou=0.6802 f1=0.7963 time=21.2s
[Epoch 1226] loss=0.0170 miou=0.6711 f1=0.7891 time=21.2s
[Epoch 1227] loss=0.0192 miou=0.6768 f1=0.7938 time=21.2s
[Epoch 1228] loss=0.0174 miou=0.6781 f1=0.7934 time=21.2s
[Epoch 1229] loss=0.0184 miou=0.6761 f1=0.7934 time=21.2s
[Epoch 1230] loss=0.0183 miou=0.6845 f1=0.8000 time=21.1s
[Epoch 1231] loss=0.0209 miou=0.6659 f1=0.7852 time=21.2s
[Epoch 1232] loss=0.0195 miou=0.6738 f1=0.7912 time=21.2s
[Epoch 1233] loss=0.0175 miou=0.6754 f1=0.7936 time=21.2s
[Epoch 1234] loss=0.0161 miou=0.6690 f1=0.7877 time=21.2s
[Epoch 1235] loss=0.0153 miou=0.6748 f1=0.7924 time=21.2s
[Epoch 1236] loss=0.0177 miou=0.6746 f1=0.7925 time=21.2s
[Epoch 1237] loss=0.0171 miou=0.6743 f1=0.7905 time=21.2s
[Epoch 1238] loss=0.0176 miou=0.6738 f1=0.7920 time=21.2s
[Epoch 1239] loss=0.0181 miou=0.6771 f1=0.7940 time=21.1s
[Epoch 1240] loss=0.0160 miou=0.6712 f1=0.7890 time=21.1s
[Epoch 1241] loss=0.0152 miou=0.6691 f1=0.7869 time=21.1s
[Epoch 1242] loss=0.0168 miou=0.6712 f1=0.7892 time=21.2s
[Epoch 1243] loss=0.0160 miou=0.6743 f1=0.7926 time=21.2s
[Epoch 1244] loss=0.0170 miou=0.6751 f1=0.7917 time=21.2s
[Epoch 1245] loss=0.0141 miou=0.6725 f1=0.7901 time=21.2s
[Epoch 1246] loss=0.0166 miou=0.6779 f1=0.7939 time=21.2s
[Epoch 1247] loss=0.0146 miou=0.6750 f1=0.7922 time=21.1s
[Epoch 1248] loss=0.0156 miou=0.6789 f1=0.7942 time=21.2s
[Epoch 1249] loss=0.0157 miou=0.6738 f1=0.7917 time=21.2s
[Epoch 1250] loss=0.0164 miou=0.6724 f1=0.7900 time=21.2s
[Epoch 1251] loss=0.0180 miou=0.6787 f1=0.7939 time=21.2s
[Epoch 1252] loss=0.0166 miou=0.6739 f1=0.7909 time=21.2s
[Epoch 1253] loss=0.0137 miou=0.6722 f1=0.7894 time=21.2s
[Epoch 1254] loss=0.0164 miou=0.6801 f1=0.7964 time=21.2s
[Epoch 1255] loss=0.0150 miou=0.6812 f1=0.7970 time=21.2s
[Epoch 1256] loss=0.0165 miou=0.6773 f1=0.7943 time=21.2s
[Epoch 1257] loss=0.0134 miou=0.6815 f1=0.7966 time=21.2s
[Epoch 1258] loss=0.0171 miou=0.6661 f1=0.7842 time=21.2s
[Epoch 1259] loss=0.0180 miou=0.6739 f1=0.7911 time=21.2s
[Epoch 1260] loss=0.0175 miou=0.6739 f1=0.7910 time=21.2s
[Epoch 1261] loss=0.0199 miou=0.6724 f1=0.7893 time=21.2s
[Epoch 1262] loss=0.0220 miou=0.6770 f1=0.7933 time=21.2s
[Epoch 1263] loss=0.0214 miou=0.6805 f1=0.7966 time=21.2s
[Epoch 1264] loss=0.0241 miou=0.6811 f1=0.7967 time=21.2s
[Epoch 1265] loss=0.0205 miou=0.6744 f1=0.7919 time=21.2s
[Epoch 1266] loss=0.0182 miou=0.6766 f1=0.7939 time=21.2s
[Epoch 1267] loss=0.0180 miou=0.6780 f1=0.7952 time=21.2s
[Epoch 1268] loss=0.0159 miou=0.6793 f1=0.7954 time=21.2s
[Epoch 1269] loss=0.0151 miou=0.6689 f1=0.7879 time=21.2s
[Epoch 1270] loss=0.0160 miou=0.6759 f1=0.7923 time=21.2s
[Epoch 1271] loss=0.0175 miou=0.6678 f1=0.7865 time=21.2s
[Epoch 1272] loss=0.0252 miou=0.6714 f1=0.7894 time=21.2s
[Epoch 1273] loss=0.0192 miou=0.6813 f1=0.7971 time=21.2s
[Epoch 1274] loss=0.0195 miou=0.6757 f1=0.7918 time=21.2s
[Epoch 1275] loss=0.0202 miou=0.6748 f1=0.7922 time=21.2s
[Epoch 1276] loss=0.0198 miou=0.6736 f1=0.7917 time=21.2s
[Epoch 1277] loss=0.0157 miou=0.6729 f1=0.7915 time=21.2s
[Epoch 1278] loss=0.0155 miou=0.6710 f1=0.7896 time=21.2s
[Epoch 1279] loss=0.0175 miou=0.6753 f1=0.7930 time=21.2s
[Epoch 1280] loss=0.0156 miou=0.6719 f1=0.7906 time=21.2s
[Epoch 1281] loss=0.0146 miou=0.6752 f1=0.7924 time=21.5s
[Epoch 1282] loss=0.0168 miou=0.6795 f1=0.7961 time=21.2s
[Epoch 1283] loss=0.0163 miou=0.6780 f1=0.7942 time=21.2s
[Epoch 1284] loss=0.0139 miou=0.6774 f1=0.7934 time=21.2s
[Epoch 1285] loss=0.0157 miou=0.6772 f1=0.7944 time=21.2s
[Epoch 1286] loss=0.0176 miou=0.6756 f1=0.7932 time=21.1s
[Epoch 1287] loss=0.0160 miou=0.6785 f1=0.7953 time=21.1s
[Epoch 1288] loss=0.0133 miou=0.6782 f1=0.7959 time=21.2s
[Epoch 1289] loss=0.0136 miou=0.6831 f1=0.7990 time=21.2s
[Epoch 1290] loss=0.0150 miou=0.6796 f1=0.7967 time=21.2s
[Epoch 1291] loss=0.0138 miou=0.6857 f1=0.8010 time=21.1s
[Epoch 1292] loss=0.0156 miou=0.6797 f1=0.7969 time=21.2s
[Epoch 1293] loss=0.0138 miou=0.6864 f1=0.8010 time=21.1s
[Epoch 1294] loss=0.0145 miou=0.6799 f1=0.7966 time=21.2s
[Epoch 1295] loss=0.0133 miou=0.6867 f1=0.8021 time=21.1s
[Epoch 1296] loss=0.0155 miou=0.6796 f1=0.7957 time=21.2s
[Epoch 1297] loss=0.0159 miou=0.6795 f1=0.7956 time=21.2s
[Epoch 1298] loss=0.0133 miou=0.6780 f1=0.7950 time=21.1s
[Epoch 1299] loss=0.0137 miou=0.6822 f1=0.7975 time=21.2s
[Epoch 1300] loss=0.0134 miou=0.6805 f1=0.7964 time=21.2s
[Epoch 1301] loss=0.0144 miou=0.6807 f1=0.7963 time=21.2s
[Epoch 1302] loss=0.0147 miou=0.6809 f1=0.7965 time=21.2s
[Epoch 1303] loss=0.0141 miou=0.6720 f1=0.7899 time=21.2s
[Epoch 1304] loss=0.0162 miou=0.6834 f1=0.7988 time=21.2s
[Epoch 1305] loss=0.0148 miou=0.6816 f1=0.7976 time=21.2s
[Epoch 1306] loss=0.0139 miou=0.6777 f1=0.7945 time=21.2s
[Epoch 1307] loss=0.0134 miou=0.6839 f1=0.7991 time=21.2s
[Epoch 1308] loss=0.0149 miou=0.6784 f1=0.7953 time=21.2s
[Epoch 1309] loss=0.0153 miou=0.6821 f1=0.7982 time=21.2s
[Epoch 1310] loss=0.0160 miou=0.6738 f1=0.7917 time=21.2s
[Epoch 1311] loss=0.0163 miou=0.6837 f1=0.7991 time=21.2s
[Epoch 1312] loss=0.0141 miou=0.6864 f1=0.8022 time=21.2s
[Epoch 1313] loss=0.0147 miou=0.6791 f1=0.7971 time=21.2s
[Epoch 1314] loss=0.0165 miou=0.6800 f1=0.7972 time=21.2s
[Epoch 1315] loss=0.0191 miou=0.6753 f1=0.7937 time=21.2s
[Epoch 1316] loss=0.0138 miou=0.6788 f1=0.7962 time=21.2s
[Epoch 1317] loss=0.0145 miou=0.6842 f1=0.8002 time=21.2s
[Epoch 1318] loss=0.0158 miou=0.6887 f1=0.8039 time=21.2s
[Epoch 1319] loss=0.0157 miou=0.6848 f1=0.8005 time=21.2s
[Epoch 1320] loss=0.0170 miou=0.6786 f1=0.7963 time=21.2s
[Epoch 1321] loss=0.0265 miou=0.6689 f1=0.7895 time=21.2s
[Epoch 1322] loss=0.0324 miou=0.6709 f1=0.7907 time=21.2s
[Epoch 1323] loss=0.0261 miou=0.6777 f1=0.7960 time=21.2s
[Epoch 1324] loss=0.0193 miou=0.6731 f1=0.7911 time=21.3s
[Epoch 1325] loss=0.0214 miou=0.6773 f1=0.7951 time=21.2s
[Epoch 1326] loss=0.0211 miou=0.6713 f1=0.7902 time=21.2s
[Epoch 1327] loss=0.0207 miou=0.6641 f1=0.7846 time=21.2s
[Epoch 1328] loss=0.0265 miou=0.6772 f1=0.7931 time=21.2s
[Epoch 1329] loss=0.0266 miou=0.6730 f1=0.7912 time=21.2s
[Epoch 1330] loss=0.0270 miou=0.6715 f1=0.7899 time=21.2s
[Epoch 1331] loss=0.0274 miou=0.6677 f1=0.7889 time=21.2s
[Epoch 1332] loss=0.0252 miou=0.6642 f1=0.7848 time=21.2s
[Epoch 1333] loss=0.0259 miou=0.6694 f1=0.7895 time=21.2s
[Epoch 1334] loss=0.0230 miou=0.6646 f1=0.7853 time=21.2s
[Epoch 1335] loss=0.0215 miou=0.6661 f1=0.7860 time=21.2s
[Epoch 1336] loss=0.0179 miou=0.6747 f1=0.7926 time=21.2s
[Epoch 1337] loss=0.0172 miou=0.6710 f1=0.7906 time=21.2s
[Epoch 1338] loss=0.0177 miou=0.6677 f1=0.7880 time=21.1s
[Epoch 1339] loss=0.0169 miou=0.6723 f1=0.7906 time=21.2s
[Epoch 1340] loss=0.0163 miou=0.6762 f1=0.7945 time=21.2s
[Epoch 1341] loss=0.0193 miou=0.6749 f1=0.7934 time=21.2s
[Epoch 1342] loss=0.0150 miou=0.6770 f1=0.7952 time=21.2s
[Epoch 1343] loss=0.0175 miou=0.6767 f1=0.7940 time=21.2s
[Epoch 1344] loss=0.0155 miou=0.6746 f1=0.7926 time=21.2s
[Epoch 1345] loss=0.0176 miou=0.6723 f1=0.7910 time=21.2s
[Epoch 1346] loss=0.0147 miou=0.6776 f1=0.7948 time=21.2s
[Epoch 1347] loss=0.0146 miou=0.6740 f1=0.7918 time=21.2s
[Epoch 1348] loss=0.0150 miou=0.6747 f1=0.7925 time=21.2s
[Epoch 1349] loss=0.0148 miou=0.6788 f1=0.7963 time=21.2s
[Epoch 1350] loss=0.0141 miou=0.6764 f1=0.7933 time=21.2s
[Epoch 1351] loss=0.0150 miou=0.6677 f1=0.7861 time=21.2s
[Epoch 1352] loss=0.0149 miou=0.6704 f1=0.7891 time=21.2s
[Epoch 1353] loss=0.0137 miou=0.6764 f1=0.7934 time=21.2s
[Epoch 1354] loss=0.0177 miou=0.6765 f1=0.7933 time=21.3s
[Epoch 1355] loss=0.0158 miou=0.6752 f1=0.7929 time=21.2s
[Epoch 1356] loss=0.0140 miou=0.6766 f1=0.7941 time=21.2s
[Epoch 1357] loss=0.0178 miou=0.6716 f1=0.7903 time=21.2s
[Epoch 1358] loss=0.0132 miou=0.6713 f1=0.7903 time=21.2s
[Epoch 1359] loss=0.0139 miou=0.6740 f1=0.7922 time=21.2s
[Epoch 1360] loss=0.0149 miou=0.6765 f1=0.7938 time=21.3s
[Epoch 1361] loss=0.0134 miou=0.6759 f1=0.7929 time=21.2s
[Epoch 1362] loss=0.0132 miou=0.6685 f1=0.7866 time=21.1s
[Epoch 1363] loss=0.0201 miou=0.6692 f1=0.7883 time=21.2s
[Epoch 1364] loss=0.0186 miou=0.6722 f1=0.7902 time=21.2s
[Epoch 1365] loss=0.0155 miou=0.6774 f1=0.7944 time=21.2s
[Epoch 1366] loss=0.0160 miou=0.6764 f1=0.7943 time=21.2s
[Epoch 1367] loss=0.0138 miou=0.6764 f1=0.7936 time=21.1s
[Epoch 1368] loss=0.0147 miou=0.6756 f1=0.7935 time=21.2s
[Epoch 1369] loss=0.0140 miou=0.6703 f1=0.7891 time=21.2s
[Epoch 1370] loss=0.0149 miou=0.6796 f1=0.7964 time=21.2s
[Epoch 1371] loss=0.0129 miou=0.6818 f1=0.7977 time=21.2s
[Epoch 1372] loss=0.0133 miou=0.6829 f1=0.7985 time=21.2s
[Epoch 1373] loss=0.0121 miou=0.6754 f1=0.7931 time=21.2s
[Epoch 1374] loss=0.0137 miou=0.6777 f1=0.7948 time=21.2s
[Epoch 1375] loss=0.0136 miou=0.6774 f1=0.7947 time=21.2s
[Epoch 1376] loss=0.0137 miou=0.6740 f1=0.7915 time=21.2s
[Epoch 1377] loss=0.0127 miou=0.6767 f1=0.7942 time=21.2s
[Epoch 1378] loss=0.0143 miou=0.6755 f1=0.7925 time=21.2s
[Epoch 1379] loss=0.0147 miou=0.6783 f1=0.7960 time=21.2s
[Epoch 1380] loss=0.0124 miou=0.6774 f1=0.7952 time=21.2s
[Epoch 1381] loss=0.0132 miou=0.6820 f1=0.7978 time=21.2s
[Epoch 1382] loss=0.0123 miou=0.6795 f1=0.7958 time=21.2s
[Epoch 1383] loss=0.0126 miou=0.6711 f1=0.7902 time=21.2s
[Epoch 1384] loss=0.0116 miou=0.6721 f1=0.7914 time=21.2s
[Epoch 1385] loss=0.0127 miou=0.6754 f1=0.7924 time=21.2s
[Epoch 1386] loss=0.0132 miou=0.6743 f1=0.7913 time=21.2s
[Epoch 1387] loss=0.0140 miou=0.6693 f1=0.7878 time=21.2s
[Epoch 1388] loss=0.0150 miou=0.6693 f1=0.7878 time=21.2s
[Epoch 1389] loss=0.0150 miou=0.6688 f1=0.7880 time=21.1s
[Epoch 1390] loss=0.0204 miou=0.6603 f1=0.7814 time=21.2s
[Epoch 1391] loss=0.0176 miou=0.6629 f1=0.7821 time=21.2s
[Epoch 1392] loss=0.0189 miou=0.6649 f1=0.7851 time=21.1s
[Epoch 1393] loss=0.0182 miou=0.6708 f1=0.7896 time=21.2s
[Epoch 1394] loss=0.0195 miou=0.6739 f1=0.7924 time=21.2s
[Epoch 1395] loss=0.0178 miou=0.6732 f1=0.7909 time=21.2s
[Epoch 1396] loss=0.0177 miou=0.6668 f1=0.7863 time=21.1s
[Epoch 1397] loss=0.0171 miou=0.6750 f1=0.7924 time=21.2s
[Epoch 1398] loss=0.0247 miou=0.6648 f1=0.7832 time=21.2s
[Epoch 1399] loss=0.0212 miou=0.6704 f1=0.7896 time=21.2s
[Epoch 1400] loss=0.0201 miou=0.6691 f1=0.7887 time=21.2s
[Epoch 1401] loss=0.0152 miou=0.6672 f1=0.7862 time=21.2s
[Epoch 1402] loss=0.0157 miou=0.6613 f1=0.7806 time=21.2s
[Epoch 1403] loss=0.0175 miou=0.6678 f1=0.7866 time=21.2s
[Epoch 1404] loss=0.0160 miou=0.6684 f1=0.7859 time=21.2s
[Epoch 1405] loss=0.0155 miou=0.6682 f1=0.7865 time=21.2s
[Epoch 1406] loss=0.0223 miou=0.6744 f1=0.7908 time=21.2s
[Epoch 1407] loss=0.0173 miou=0.6716 f1=0.7895 time=21.2s
[Epoch 1408] loss=0.0159 miou=0.6726 f1=0.7913 time=21.2s
[Epoch 1409] loss=0.0168 miou=0.6812 f1=0.7974 time=21.2s
[Epoch 1410] loss=0.0187 miou=0.6713 f1=0.7897 time=21.1s
[Epoch 1411] loss=0.0156 miou=0.6671 f1=0.7851 time=21.2s
[Epoch 1412] loss=0.0151 miou=0.6716 f1=0.7894 time=21.2s
[Epoch 1413] loss=0.0152 miou=0.6725 f1=0.7898 time=21.2s
[Epoch 1414] loss=0.0131 miou=0.6718 f1=0.7891 time=21.2s
[Epoch 1415] loss=0.0150 miou=0.6689 f1=0.7869 time=21.2s
[Epoch 1416] loss=0.0141 miou=0.6719 f1=0.7899 time=21.2s
[Epoch 1417] loss=0.0150 miou=0.6756 f1=0.7932 time=21.2s
[Epoch 1418] loss=0.0183 miou=0.6645 f1=0.7853 time=21.2s
[Epoch 1419] loss=0.0167 miou=0.6680 f1=0.7869 time=21.2s
[Epoch 1420] loss=0.0169 miou=0.6713 f1=0.7905 time=21.2s
[Epoch 1421] loss=0.0185 miou=0.6672 f1=0.7871 time=21.1s
[Epoch 1422] loss=0.0174 miou=0.6653 f1=0.7862 time=21.2s
[Epoch 1423] loss=0.0167 miou=0.6723 f1=0.7904 time=21.2s
[Epoch 1424] loss=0.0186 miou=0.6679 f1=0.7877 time=21.2s
[Epoch 1425] loss=0.0167 miou=0.6742 f1=0.7915 time=21.1s
[Epoch 1426] loss=0.0192 miou=0.6805 f1=0.7968 time=21.2s
[Epoch 1427] loss=0.0189 miou=0.6740 f1=0.7917 time=21.2s
[Epoch 1428] loss=0.0172 miou=0.6683 f1=0.7880 time=21.2s
[Epoch 1429] loss=0.0126 miou=0.6731 f1=0.7912 time=21.1s
[Epoch 1430] loss=0.0154 miou=0.6731 f1=0.7912 time=21.2s
[Epoch 1431] loss=0.0193 miou=0.6678 f1=0.7882 time=21.2s
[Epoch 1432] loss=0.0194 miou=0.6687 f1=0.7884 time=21.1s
[Epoch 1433] loss=0.0185 miou=0.6698 f1=0.7891 time=21.2s
[Epoch 1434] loss=0.0139 miou=0.6762 f1=0.7943 time=21.1s
[Epoch 1435] loss=0.0153 miou=0.6692 f1=0.7880 time=21.1s
[Epoch 1436] loss=0.0161 miou=0.6728 f1=0.7909 time=21.1s
[Epoch 1437] loss=0.0162 miou=0.6710 f1=0.7895 time=21.2s
[Epoch 1438] loss=0.0140 miou=0.6736 f1=0.7919 time=21.2s
[Epoch 1439] loss=0.0177 miou=0.6709 f1=0.7908 time=21.2s
[Epoch 1440] loss=0.0196 miou=0.6699 f1=0.7898 time=21.2s
[Epoch 1441] loss=0.0190 miou=0.6603 f1=0.7786 time=21.1s
[Epoch 1442] loss=0.0220 miou=0.6770 f1=0.7951 time=21.2s
[Epoch 1443] loss=0.0162 miou=0.6745 f1=0.7936 time=21.1s
[Epoch 1444] loss=0.0165 miou=0.6753 f1=0.7933 time=21.1s
[Epoch 1445] loss=0.0170 miou=0.6701 f1=0.7898 time=21.2s
[Epoch 1446] loss=0.0161 miou=0.6742 f1=0.7918 time=21.2s
[Epoch 1447] loss=0.0147 miou=0.6765 f1=0.7939 time=21.3s
[Epoch 1448] loss=0.0146 miou=0.6776 f1=0.7953 time=21.1s
[Epoch 1449] loss=0.0154 miou=0.6769 f1=0.7951 time=21.2s
[Epoch 1450] loss=0.0166 miou=0.6726 f1=0.7916 time=21.1s
[Epoch 1451] loss=0.0154 miou=0.6726 f1=0.7912 time=21.1s
[Epoch 1452] loss=0.0137 miou=0.6774 f1=0.7944 time=21.2s
[Epoch 1453] loss=0.0129 miou=0.6768 f1=0.7942 time=21.2s
[Epoch 1454] loss=0.0138 miou=0.6781 f1=0.7949 time=21.2s
[Epoch 1455] loss=0.0118 miou=0.6752 f1=0.7929 time=21.1s
[Epoch 1456] loss=0.0123 miou=0.6755 f1=0.7931 time=21.1s
[Epoch 1457] loss=0.0140 miou=0.6763 f1=0.7937 time=21.1s
[Epoch 1458] loss=0.0121 miou=0.6753 f1=0.7935 time=21.1s
[Epoch 1459] loss=0.0127 miou=0.6744 f1=0.7926 time=21.1s
[Epoch 1460] loss=0.0140 miou=0.6728 f1=0.7920 time=21.2s
[Epoch 1461] loss=0.0140 miou=0.6701 f1=0.7891 time=21.2s
[Epoch 1462] loss=0.0136 miou=0.6701 f1=0.7889 time=21.2s
[Epoch 1463] loss=0.0163 miou=0.6734 f1=0.7910 time=21.2s
[Epoch 1464] loss=0.0155 miou=0.6677 f1=0.7871 time=21.2s
[Epoch 1465] loss=0.0163 miou=0.6720 f1=0.7891 time=21.2s
[Epoch 1466] loss=0.0127 miou=0.6734 f1=0.7914 time=21.1s
[Epoch 1467] loss=0.0139 miou=0.6752 f1=0.7920 time=21.1s
[Epoch 1468] loss=0.0158 miou=0.6747 f1=0.7922 time=21.2s
[Epoch 1469] loss=0.0144 miou=0.6790 f1=0.7954 time=21.2s
[Epoch 1470] loss=0.0141 miou=0.6685 f1=0.7887 time=21.2s
[Epoch 1471] loss=0.0194 miou=0.6672 f1=0.7868 time=21.2s
[Epoch 1472] loss=0.0166 miou=0.6708 f1=0.7911 time=21.2s
[Epoch 1473] loss=0.0191 miou=0.6702 f1=0.7892 time=21.2s
[Epoch 1474] loss=0.0189 miou=0.6633 f1=0.7831 time=21.3s
[Epoch 1475] loss=0.0149 miou=0.6737 f1=0.7916 time=21.2s
[Epoch 1476] loss=0.0143 miou=0.6748 f1=0.7932 time=21.2s
[Epoch 1477] loss=0.0127 miou=0.6731 f1=0.7916 time=21.2s
[Epoch 1478] loss=0.0143 miou=0.6734 f1=0.7913 time=21.2s
[Epoch 1479] loss=0.0146 miou=0.6716 f1=0.7905 time=21.2s
[Epoch 1480] loss=0.0135 miou=0.6730 f1=0.7915 time=21.2s
[Epoch 1481] loss=0.0149 miou=0.6733 f1=0.7919 time=21.2s
[Epoch 1482] loss=0.0137 miou=0.6743 f1=0.7924 time=21.2s
[Epoch 1483] loss=0.0142 miou=0.6705 f1=0.7894 time=21.1s
[Epoch 1484] loss=0.0177 miou=0.6658 f1=0.7856 time=21.2s
[Epoch 1485] loss=0.0165 miou=0.6698 f1=0.7878 time=21.2s
[Epoch 1486] loss=0.0143 miou=0.6721 f1=0.7905 time=21.2s
[Epoch 1487] loss=0.0136 miou=0.6716 f1=0.7902 time=21.2s
[Epoch 1488] loss=0.0122 miou=0.6670 f1=0.7874 time=21.2s
[Epoch 1489] loss=0.0151 miou=0.6708 f1=0.7896 time=21.2s
[Epoch 1490] loss=0.0138 miou=0.6655 f1=0.7854 time=21.2s
[Epoch 1491] loss=0.0156 miou=0.6717 f1=0.7909 time=21.2s
[Epoch 1492] loss=0.0134 miou=0.6698 f1=0.7892 time=21.2s
[Epoch 1493] loss=0.0172 miou=0.6676 f1=0.7870 time=21.2s
[Epoch 1494] loss=0.0147 miou=0.6629 f1=0.7820 time=21.2s
[Epoch 1495] loss=0.0180 miou=0.6789 f1=0.7943 time=21.2s
[Epoch 1496] loss=0.0205 miou=0.6735 f1=0.7922 time=21.2s
[Epoch 1497] loss=0.0168 miou=0.6714 f1=0.7901 time=21.2s
[Epoch 1498] loss=0.0155 miou=0.6667 f1=0.7861 time=21.2s
[Epoch 1499] loss=0.0192 miou=0.6661 f1=0.7863 time=21.2s
[Epoch 1500] loss=0.0154 miou=0.6724 f1=0.7905 time=21.2s
