nohup: ignoring input
Run directory: ./outputs_sam_sirst_hq/NUAA-SIRST_model-vitt_size256_use_HQ_bs4_e1000kp1msfx_pixels0_split-50_50_20250915_232254
/home/bip/cry/anaconda3/lib/python3.9/site-packages/torch/cuda/__init__.py:611: UserWarning: Can't initialize NVML
  warnings.warn("Can't initialize NVML")
[Epoch 001] loss=1.0942 miou=0.0000 f1=0.0000 time=15.6s
[Epoch 002] loss=0.9475 miou=0.0000 f1=0.0000 time=14.2s
[Epoch 003] loss=0.9470 miou=0.0000 f1=0.0000 time=14.1s
[Epoch 004] loss=0.9463 miou=0.0000 f1=0.0000 time=14.1s
[Epoch 005] loss=0.9459 miou=0.0000 f1=0.0000 time=14.2s
[Epoch 006] loss=0.9462 miou=0.0000 f1=0.0000 time=14.2s
[Epoch 007] loss=0.9458 miou=0.0000 f1=0.0000 time=14.1s
[Epoch 008] loss=0.9461 miou=0.0000 f1=0.0000 time=14.2s
[Epoch 009] loss=0.9458 miou=0.0000 f1=0.0000 time=14.3s
[Epoch 010] loss=0.9456 miou=0.0000 f1=0.0000 time=14.4s
[Epoch 011] loss=0.9460 miou=0.0042 f1=0.0080 time=14.4s
[Epoch 012] loss=0.8421 miou=0.2005 f1=0.2939 time=14.3s
[Epoch 013] loss=0.7359 miou=0.1834 f1=0.2766 time=14.4s
[Epoch 014] loss=0.7087 miou=0.2290 f1=0.3320 time=14.4s
[Epoch 015] loss=0.6634 miou=0.2513 f1=0.3594 time=14.7s
[Epoch 016] loss=0.6127 miou=0.3116 f1=0.4237 time=14.5s
[Epoch 017] loss=0.5756 miou=0.2983 f1=0.4078 time=14.6s
[Epoch 018] loss=0.5649 miou=0.3332 f1=0.4492 time=14.3s
[Epoch 019] loss=0.5544 miou=0.3617 f1=0.4796 time=14.4s
[Epoch 020] loss=0.5155 miou=0.3462 f1=0.4581 time=14.5s
[Epoch 021] loss=0.5179 miou=0.3794 f1=0.4972 time=14.6s
[Epoch 022] loss=0.4995 miou=0.3884 f1=0.5093 time=14.4s
[Epoch 023] loss=0.4911 miou=0.3853 f1=0.5024 time=14.4s
[Epoch 024] loss=0.4939 miou=0.4082 f1=0.5275 time=14.3s
[Epoch 025] loss=0.4735 miou=0.4266 f1=0.5470 time=14.3s
[Epoch 026] loss=0.4713 miou=0.4155 f1=0.5361 time=14.3s
[Epoch 027] loss=0.4453 miou=0.4273 f1=0.5422 time=14.3s
[Epoch 028] loss=0.4471 miou=0.4288 f1=0.5452 time=14.3s
[Epoch 029] loss=0.4544 miou=0.4198 f1=0.5406 time=14.3s
[Epoch 030] loss=0.4444 miou=0.4386 f1=0.5533 time=14.3s
[Epoch 031] loss=0.4354 miou=0.4320 f1=0.5450 time=14.3s
[Epoch 032] loss=0.4276 miou=0.4408 f1=0.5540 time=14.3s
[Epoch 033] loss=0.4545 miou=0.4104 f1=0.5259 time=14.4s
[Epoch 034] loss=0.4307 miou=0.4313 f1=0.5485 time=14.3s
[Epoch 035] loss=0.4458 miou=0.4058 f1=0.5228 time=14.3s
[Epoch 036] loss=0.4259 miou=0.4260 f1=0.5412 time=14.3s
[Epoch 037] loss=0.4198 miou=0.4459 f1=0.5625 time=14.3s
[Epoch 038] loss=0.4218 miou=0.4478 f1=0.5653 time=14.3s
[Epoch 039] loss=0.4154 miou=0.4253 f1=0.5361 time=14.4s
[Epoch 040] loss=0.4257 miou=0.4492 f1=0.5637 time=14.4s
[Epoch 041] loss=0.4270 miou=0.4331 f1=0.5511 time=14.3s
[Epoch 042] loss=0.4305 miou=0.4506 f1=0.5681 time=14.3s
[Epoch 043] loss=0.4150 miou=0.4647 f1=0.5782 time=14.3s
[Epoch 044] loss=0.4071 miou=0.4727 f1=0.5906 time=14.4s
[Epoch 045] loss=0.4146 miou=0.4366 f1=0.5514 time=14.3s
[Epoch 046] loss=0.4180 miou=0.4483 f1=0.5643 time=14.4s
[Epoch 047] loss=0.4106 miou=0.4546 f1=0.5682 time=14.2s
[Epoch 048] loss=0.4074 miou=0.4315 f1=0.5478 time=14.3s
[Epoch 049] loss=0.4010 miou=0.4504 f1=0.5695 time=14.3s
[Epoch 050] loss=0.4069 miou=0.4649 f1=0.5793 time=14.3s
[Epoch 051] loss=0.3897 miou=0.4515 f1=0.5716 time=14.3s
[Epoch 052] loss=0.4024 miou=0.4540 f1=0.5718 time=14.3s
[Epoch 053] loss=0.3949 miou=0.4724 f1=0.5870 time=14.3s
[Epoch 054] loss=0.3922 miou=0.4577 f1=0.5752 time=14.4s
[Epoch 055] loss=0.3852 miou=0.4695 f1=0.5877 time=14.7s
[Epoch 056] loss=0.3881 miou=0.4694 f1=0.5882 time=14.5s
[Epoch 057] loss=0.3810 miou=0.4737 f1=0.5896 time=14.4s
[Epoch 058] loss=0.3900 miou=0.4722 f1=0.5924 time=14.4s
[Epoch 059] loss=0.3767 miou=0.4712 f1=0.5875 time=14.3s
[Epoch 060] loss=0.3914 miou=0.4684 f1=0.5833 time=14.2s
[Epoch 061] loss=0.3738 miou=0.4754 f1=0.5893 time=14.4s
[Epoch 062] loss=0.3716 miou=0.4830 f1=0.6007 time=14.2s
[Epoch 063] loss=0.3671 miou=0.4827 f1=0.6004 time=14.5s
[Epoch 064] loss=0.3966 miou=0.4484 f1=0.5654 time=14.6s
[Epoch 065] loss=0.3934 miou=0.4649 f1=0.5804 time=14.5s
[Epoch 066] loss=0.3719 miou=0.4509 f1=0.5673 time=14.3s
[Epoch 067] loss=0.3805 miou=0.4696 f1=0.5864 time=14.3s
[Epoch 068] loss=0.3652 miou=0.4714 f1=0.5872 time=14.3s
[Epoch 069] loss=0.3664 miou=0.4557 f1=0.5653 time=14.4s
[Epoch 070] loss=0.3740 miou=0.4643 f1=0.5814 time=14.4s
[Epoch 071] loss=0.3771 miou=0.4670 f1=0.5834 time=14.4s
[Epoch 072] loss=0.3650 miou=0.4746 f1=0.5933 time=14.3s
[Epoch 073] loss=0.3835 miou=0.4837 f1=0.5998 time=14.3s
[Epoch 074] loss=0.3588 miou=0.4786 f1=0.5984 time=14.4s
[Epoch 075] loss=0.3545 miou=0.4503 f1=0.5634 time=14.3s
[Epoch 076] loss=0.3644 miou=0.4556 f1=0.5678 time=14.3s
[Epoch 077] loss=0.3569 miou=0.4601 f1=0.5759 time=14.3s
[Epoch 078] loss=0.3488 miou=0.4854 f1=0.6027 time=14.4s
[Epoch 079] loss=0.3582 miou=0.4905 f1=0.6089 time=14.5s
[Epoch 080] loss=0.3517 miou=0.4828 f1=0.6016 time=14.4s
[Epoch 081] loss=0.3538 miou=0.4928 f1=0.6114 time=14.3s
[Epoch 082] loss=0.3533 miou=0.4826 f1=0.5983 time=14.4s
[Epoch 083] loss=0.3812 miou=0.4736 f1=0.5923 time=14.3s
[Epoch 084] loss=0.3648 miou=0.4786 f1=0.5953 time=14.3s
[Epoch 085] loss=0.3650 miou=0.4622 f1=0.5790 time=14.1s
[Epoch 086] loss=0.3804 miou=0.4594 f1=0.5767 time=14.4s
[Epoch 087] loss=0.3482 miou=0.4775 f1=0.5956 time=14.3s
[Epoch 088] loss=0.3689 miou=0.4694 f1=0.5841 time=14.3s
[Epoch 089] loss=0.3671 miou=0.4928 f1=0.6099 time=14.4s
[Epoch 090] loss=0.3594 miou=0.4772 f1=0.5932 time=14.3s
[Epoch 091] loss=0.3588 miou=0.4690 f1=0.5869 time=14.3s
[Epoch 092] loss=0.3413 miou=0.4911 f1=0.6099 time=14.3s
[Epoch 093] loss=0.3419 miou=0.4515 f1=0.5658 time=14.4s
[Epoch 094] loss=0.3498 miou=0.4828 f1=0.5999 time=14.4s
[Epoch 095] loss=0.3404 miou=0.4980 f1=0.6151 time=14.3s
[Epoch 096] loss=0.3445 miou=0.4837 f1=0.6021 time=14.4s
[Epoch 097] loss=0.3400 miou=0.4979 f1=0.6135 time=14.3s
[Epoch 098] loss=0.3462 miou=0.4798 f1=0.5974 time=14.3s
[Epoch 099] loss=0.3601 miou=0.4536 f1=0.5723 time=14.3s
[Epoch 100] loss=0.3714 miou=0.4746 f1=0.5909 time=14.3s
[Epoch 101] loss=0.3564 miou=0.4805 f1=0.5994 time=14.3s
[Epoch 102] loss=0.3566 miou=0.4761 f1=0.5957 time=14.3s
[Epoch 103] loss=0.3589 miou=0.4938 f1=0.6112 time=14.4s
[Epoch 104] loss=0.3425 miou=0.4915 f1=0.6067 time=14.3s
[Epoch 105] loss=0.3479 miou=0.4739 f1=0.5885 time=14.3s
[Epoch 106] loss=0.3487 miou=0.4561 f1=0.5723 time=14.3s
[Epoch 107] loss=0.3462 miou=0.4816 f1=0.5985 time=14.3s
[Epoch 108] loss=0.3439 miou=0.4547 f1=0.5742 time=14.3s
[Epoch 109] loss=0.3565 miou=0.4852 f1=0.6030 time=14.2s
[Epoch 110] loss=0.3399 miou=0.4950 f1=0.6107 time=14.4s
[Epoch 111] loss=0.3438 miou=0.4844 f1=0.6022 time=14.4s
[Epoch 112] loss=0.3357 miou=0.4843 f1=0.6045 time=14.3s
[Epoch 113] loss=0.3367 miou=0.5020 f1=0.6166 time=14.4s
[Epoch 114] loss=0.3430 miou=0.4989 f1=0.6156 time=14.4s
[Epoch 115] loss=0.3342 miou=0.4703 f1=0.5870 time=14.3s
[Epoch 116] loss=0.3358 miou=0.5015 f1=0.6157 time=14.3s
[Epoch 117] loss=0.3241 miou=0.4837 f1=0.6027 time=14.3s
[Epoch 118] loss=0.3317 miou=0.4919 f1=0.6101 time=14.4s
[Epoch 119] loss=0.3347 miou=0.4878 f1=0.6041 time=14.1s
[Epoch 120] loss=0.3448 miou=0.4696 f1=0.5869 time=14.1s
[Epoch 121] loss=0.3299 miou=0.4954 f1=0.6079 time=14.2s
[Epoch 122] loss=0.3425 miou=0.4869 f1=0.6025 time=14.1s
[Epoch 123] loss=0.3431 miou=0.4734 f1=0.5903 time=14.3s
[Epoch 124] loss=0.3406 miou=0.4982 f1=0.6130 time=14.3s
[Epoch 125] loss=0.3396 miou=0.5075 f1=0.6254 time=14.4s
[Epoch 126] loss=0.3298 miou=0.5042 f1=0.6210 time=14.5s
[Epoch 127] loss=0.3290 miou=0.4910 f1=0.6084 time=14.4s
[Epoch 128] loss=0.3329 miou=0.5057 f1=0.6226 time=14.3s
[Epoch 129] loss=0.3274 miou=0.5036 f1=0.6194 time=14.3s
[Epoch 130] loss=0.3244 miou=0.4857 f1=0.6042 time=14.3s
[Epoch 131] loss=0.3301 miou=0.4897 f1=0.6066 time=14.3s
[Epoch 132] loss=0.3306 miou=0.4791 f1=0.5980 time=14.3s
[Epoch 133] loss=0.3422 miou=0.4847 f1=0.6014 time=14.2s
[Epoch 134] loss=0.3238 miou=0.5033 f1=0.6207 time=14.3s
[Epoch 135] loss=0.3280 miou=0.5080 f1=0.6251 time=14.3s
[Epoch 136] loss=0.3291 miou=0.5004 f1=0.6160 time=14.2s
[Epoch 137] loss=0.3205 miou=0.4914 f1=0.6069 time=14.2s
[Epoch 138] loss=0.3466 miou=0.4747 f1=0.5906 time=14.1s
[Epoch 139] loss=0.3261 miou=0.4984 f1=0.6123 time=14.3s
[Epoch 140] loss=0.3388 miou=0.4957 f1=0.6124 time=14.3s
[Epoch 141] loss=0.3325 miou=0.4860 f1=0.6045 time=14.3s
[Epoch 142] loss=0.3259 miou=0.5006 f1=0.6180 time=14.4s
[Epoch 143] loss=0.3189 miou=0.4925 f1=0.6125 time=14.5s
[Epoch 144] loss=0.3205 miou=0.5015 f1=0.6195 time=14.3s
[Epoch 145] loss=0.3129 miou=0.4972 f1=0.6149 time=14.3s
[Epoch 146] loss=0.3125 miou=0.5043 f1=0.6211 time=14.4s
[Epoch 147] loss=0.3135 miou=0.5029 f1=0.6201 time=14.3s
[Epoch 148] loss=0.3083 miou=0.4791 f1=0.5903 time=14.4s
[Epoch 149] loss=0.3173 miou=0.5003 f1=0.6179 time=14.3s
[Epoch 150] loss=0.3173 miou=0.4743 f1=0.5938 time=14.3s
[Epoch 151] loss=0.3128 miou=0.5062 f1=0.6234 time=14.3s
[Epoch 152] loss=0.3120 miou=0.5129 f1=0.6294 time=14.3s
[Epoch 153] loss=0.3099 miou=0.5038 f1=0.6221 time=14.3s
[Epoch 154] loss=0.3140 miou=0.4887 f1=0.6081 time=14.3s
[Epoch 155] loss=0.3155 miou=0.5042 f1=0.6224 time=14.3s
[Epoch 156] loss=0.2955 miou=0.5008 f1=0.6195 time=14.3s
[Epoch 157] loss=0.3211 miou=0.5027 f1=0.6209 time=14.3s
[Epoch 158] loss=0.3131 miou=0.4960 f1=0.6141 time=14.4s
[Epoch 159] loss=0.3093 miou=0.4921 f1=0.6124 time=14.3s
[Epoch 160] loss=0.3162 miou=0.4841 f1=0.6026 time=14.4s
[Epoch 161] loss=0.3110 miou=0.5062 f1=0.6220 time=14.3s
[Epoch 162] loss=0.3107 miou=0.4845 f1=0.5985 time=14.3s
[Epoch 163] loss=0.3237 miou=0.4886 f1=0.6049 time=14.4s
[Epoch 164] loss=0.3106 miou=0.4921 f1=0.6102 time=14.3s
[Epoch 165] loss=0.3087 miou=0.5067 f1=0.6244 time=14.3s
[Epoch 166] loss=0.2976 miou=0.4967 f1=0.6139 time=14.4s
[Epoch 167] loss=0.3010 miou=0.5101 f1=0.6270 time=14.3s
[Epoch 168] loss=0.3017 miou=0.4983 f1=0.6132 time=14.3s
[Epoch 169] loss=0.3064 miou=0.4952 f1=0.6089 time=14.3s
[Epoch 170] loss=0.3014 miou=0.5086 f1=0.6260 time=14.4s
[Epoch 171] loss=0.3140 miou=0.4941 f1=0.6075 time=14.4s
[Epoch 172] loss=0.3293 miou=0.4999 f1=0.6168 time=14.3s
[Epoch 173] loss=0.3235 miou=0.4833 f1=0.6063 time=14.3s
[Epoch 174] loss=0.3058 miou=0.4840 f1=0.6011 time=14.3s
[Epoch 175] loss=0.3066 miou=0.4842 f1=0.6042 time=14.2s
[Epoch 176] loss=0.3013 miou=0.5040 f1=0.6179 time=14.3s
[Epoch 177] loss=0.3021 miou=0.5006 f1=0.6166 time=14.3s
[Epoch 178] loss=0.2935 miou=0.5046 f1=0.6205 time=14.2s
[Epoch 179] loss=0.3050 miou=0.4807 f1=0.5977 time=14.3s
[Epoch 180] loss=0.3193 miou=0.4742 f1=0.5908 time=14.3s
[Epoch 181] loss=0.3010 miou=0.4844 f1=0.6011 time=14.1s
[Epoch 182] loss=0.3194 miou=0.4869 f1=0.6065 time=14.3s
[Epoch 183] loss=0.3081 miou=0.4951 f1=0.6134 time=14.3s
[Epoch 184] loss=0.2989 miou=0.5093 f1=0.6270 time=14.3s
[Epoch 185] loss=0.2895 miou=0.4917 f1=0.6092 time=14.3s
[Epoch 186] loss=0.2967 miou=0.4864 f1=0.6060 time=14.3s
[Epoch 187] loss=0.3022 miou=0.4925 f1=0.6120 time=14.3s
[Epoch 188] loss=0.2926 miou=0.5027 f1=0.6197 time=14.3s
[Epoch 189] loss=0.2970 miou=0.5013 f1=0.6196 time=14.3s
[Epoch 190] loss=0.3031 miou=0.5042 f1=0.6208 time=14.4s
[Epoch 191] loss=0.2983 miou=0.4965 f1=0.6152 time=14.3s
[Epoch 192] loss=0.2995 miou=0.5034 f1=0.6220 time=14.3s
[Epoch 193] loss=0.3006 miou=0.5103 f1=0.6268 time=14.3s
[Epoch 194] loss=0.3054 miou=0.4967 f1=0.6169 time=14.3s
[Epoch 195] loss=0.2946 miou=0.4912 f1=0.6065 time=14.4s
[Epoch 196] loss=0.2948 miou=0.5077 f1=0.6251 time=14.4s
[Epoch 197] loss=0.2926 miou=0.5051 f1=0.6193 time=14.3s
[Epoch 198] loss=0.2999 miou=0.4917 f1=0.6130 time=14.4s
[Epoch 199] loss=0.3040 miou=0.4949 f1=0.6154 time=14.3s
[Epoch 200] loss=0.2932 miou=0.5109 f1=0.6315 time=14.4s
[Epoch 201] loss=0.2948 miou=0.5067 f1=0.6226 time=14.3s
[Epoch 202] loss=0.2987 miou=0.4933 f1=0.6138 time=14.4s
[Epoch 203] loss=0.3010 miou=0.4924 f1=0.6123 time=14.3s
[Epoch 204] loss=0.3085 miou=0.4927 f1=0.6091 time=14.3s
[Epoch 205] loss=0.2994 miou=0.5132 f1=0.6309 time=14.3s
[Epoch 206] loss=0.2901 miou=0.5040 f1=0.6212 time=14.3s
[Epoch 207] loss=0.2814 miou=0.5066 f1=0.6221 time=14.3s
[Epoch 208] loss=0.3010 miou=0.5179 f1=0.6360 time=14.3s
[Epoch 209] loss=0.2775 miou=0.5118 f1=0.6273 time=14.3s
[Epoch 210] loss=0.2923 miou=0.5088 f1=0.6265 time=14.3s
[Epoch 211] loss=0.3097 miou=0.4841 f1=0.6027 time=14.3s
[Epoch 212] loss=0.2943 miou=0.5114 f1=0.6301 time=14.4s
[Epoch 213] loss=0.2901 miou=0.4947 f1=0.6144 time=14.3s
[Epoch 214] loss=0.2846 miou=0.4994 f1=0.6165 time=14.3s
[Epoch 215] loss=0.2811 miou=0.5092 f1=0.6276 time=14.3s
[Epoch 216] loss=0.2855 miou=0.4848 f1=0.5996 time=14.3s
[Epoch 217] loss=0.2817 miou=0.4881 f1=0.6031 time=14.5s
[Epoch 218] loss=0.2838 miou=0.4923 f1=0.6108 time=14.4s
[Epoch 219] loss=0.2829 miou=0.4721 f1=0.5904 time=14.5s
[Epoch 220] loss=0.2971 miou=0.5127 f1=0.6295 time=14.5s
[Epoch 221] loss=0.2838 miou=0.5032 f1=0.6222 time=14.5s
[Epoch 222] loss=0.2794 miou=0.5224 f1=0.6379 time=14.5s
[Epoch 223] loss=0.2742 miou=0.5113 f1=0.6299 time=14.4s
[Epoch 224] loss=0.2847 miou=0.5093 f1=0.6276 time=14.5s
[Epoch 225] loss=0.2942 miou=0.5092 f1=0.6254 time=14.4s
[Epoch 226] loss=0.2947 miou=0.5116 f1=0.6272 time=14.4s
[Epoch 227] loss=0.2886 miou=0.5055 f1=0.6191 time=14.6s
[Epoch 228] loss=0.2647 miou=0.5027 f1=0.6189 time=14.5s
[Epoch 229] loss=0.2694 miou=0.4977 f1=0.6121 time=14.3s
[Epoch 230] loss=0.2777 miou=0.4873 f1=0.6016 time=14.3s
[Epoch 231] loss=0.2810 miou=0.4904 f1=0.6068 time=14.3s
[Epoch 232] loss=0.2750 miou=0.5085 f1=0.6243 time=14.3s
[Epoch 233] loss=0.2783 miou=0.4975 f1=0.6157 time=14.3s
[Epoch 234] loss=0.2772 miou=0.5056 f1=0.6217 time=14.4s
[Epoch 235] loss=0.2763 miou=0.4974 f1=0.6145 time=14.3s
[Epoch 236] loss=0.2753 miou=0.5069 f1=0.6261 time=14.4s
[Epoch 237] loss=0.2667 miou=0.5093 f1=0.6265 time=14.3s
[Epoch 238] loss=0.2795 miou=0.5054 f1=0.6262 time=14.3s
[Epoch 239] loss=0.2854 miou=0.5027 f1=0.6217 time=14.4s
[Epoch 240] loss=0.2641 miou=0.5049 f1=0.6236 time=14.3s
[Epoch 241] loss=0.2653 miou=0.5122 f1=0.6297 time=14.4s
[Epoch 242] loss=0.2755 miou=0.4962 f1=0.6114 time=14.3s
[Epoch 243] loss=0.2820 miou=0.5041 f1=0.6184 time=14.3s
[Epoch 244] loss=0.2736 miou=0.4996 f1=0.6160 time=14.3s
[Epoch 245] loss=0.2666 miou=0.4858 f1=0.5980 time=14.3s
[Epoch 246] loss=0.2879 miou=0.5063 f1=0.6239 time=14.3s
[Epoch 247] loss=0.2815 miou=0.4904 f1=0.6116 time=14.4s
[Epoch 248] loss=0.2792 miou=0.4998 f1=0.6170 time=14.3s
[Epoch 249] loss=0.2704 miou=0.5175 f1=0.6327 time=14.3s
[Epoch 250] loss=0.2737 miou=0.5048 f1=0.6186 time=14.3s
Unfroze at epoch 250: encoder + all heads.
[Epoch 251] loss=0.4382 miou=0.4528 f1=0.5665 time=23.3s
[Epoch 252] loss=0.4202 miou=0.3782 f1=0.4878 time=22.7s
[Epoch 253] loss=0.4087 miou=0.4734 f1=0.5866 time=22.6s
[Epoch 254] loss=0.3668 miou=0.4706 f1=0.5807 time=22.6s
[Epoch 255] loss=0.3601 miou=0.4856 f1=0.5984 time=22.6s
[Epoch 256] loss=0.3625 miou=0.4780 f1=0.5975 time=22.6s
[Epoch 257] loss=0.3294 miou=0.5131 f1=0.6294 time=22.6s
[Epoch 258] loss=0.3152 miou=0.5019 f1=0.6264 time=22.8s
[Epoch 259] loss=0.3057 miou=0.4849 f1=0.5979 time=22.8s
[Epoch 260] loss=0.3027 miou=0.4850 f1=0.5977 time=22.6s
[Epoch 261] loss=0.2956 miou=0.4986 f1=0.6187 time=22.6s
[Epoch 262] loss=0.3067 miou=0.4953 f1=0.6119 time=22.7s
[Epoch 263] loss=0.2914 miou=0.5020 f1=0.6218 time=22.7s
[Epoch 264] loss=0.3237 miou=0.4964 f1=0.6118 time=22.6s
[Epoch 265] loss=0.2826 miou=0.5230 f1=0.6443 time=22.7s
[Epoch 266] loss=0.2764 miou=0.5373 f1=0.6558 time=22.7s
[Epoch 267] loss=0.2702 miou=0.5391 f1=0.6584 time=22.8s
[Epoch 268] loss=0.2657 miou=0.5444 f1=0.6648 time=22.9s
[Epoch 269] loss=0.2520 miou=0.5468 f1=0.6696 time=22.9s
[Epoch 270] loss=0.2616 miou=0.5376 f1=0.6608 time=22.9s
[Epoch 271] loss=0.2719 miou=0.4929 f1=0.6058 time=22.9s
[Epoch 272] loss=0.2569 miou=0.5655 f1=0.6864 time=22.7s
[Epoch 273] loss=0.2650 miou=0.5140 f1=0.6260 time=22.8s
[Epoch 274] loss=0.2613 miou=0.5829 f1=0.7003 time=22.7s
[Epoch 275] loss=0.2468 miou=0.5321 f1=0.6547 time=22.7s
[Epoch 276] loss=0.2566 miou=0.5609 f1=0.6847 time=22.7s
[Epoch 277] loss=0.2370 miou=0.5454 f1=0.6678 time=22.6s
[Epoch 278] loss=0.2406 miou=0.5467 f1=0.6654 time=22.6s
[Epoch 279] loss=0.2588 miou=0.5622 f1=0.6858 time=22.6s
[Epoch 280] loss=0.2655 miou=0.5596 f1=0.6768 time=22.6s
[Epoch 281] loss=0.2465 miou=0.5280 f1=0.6538 time=22.6s
[Epoch 282] loss=0.2639 miou=0.5603 f1=0.6843 time=22.8s
[Epoch 283] loss=0.2462 miou=0.5725 f1=0.6980 time=23.0s
[Epoch 284] loss=0.2538 miou=0.5572 f1=0.6811 time=22.6s
[Epoch 285] loss=0.2379 miou=0.5775 f1=0.7004 time=22.9s
[Epoch 286] loss=0.2373 miou=0.5711 f1=0.6949 time=22.6s
[Epoch 287] loss=0.2504 miou=0.5544 f1=0.6761 time=22.6s
[Epoch 288] loss=0.2440 miou=0.5599 f1=0.6852 time=22.6s
[Epoch 289] loss=0.2356 miou=0.5792 f1=0.7030 time=22.6s
[Epoch 290] loss=0.2246 miou=0.5735 f1=0.6969 time=22.6s
[Epoch 291] loss=0.2264 miou=0.5832 f1=0.7051 time=22.7s
[Epoch 292] loss=0.2332 miou=0.5709 f1=0.6923 time=22.7s
[Epoch 293] loss=0.2353 miou=0.5831 f1=0.7047 time=22.6s
[Epoch 294] loss=0.2246 miou=0.5843 f1=0.7083 time=22.6s
[Epoch 295] loss=0.2123 miou=0.5883 f1=0.7102 time=22.7s
[Epoch 296] loss=0.2165 miou=0.5791 f1=0.6977 time=22.7s
[Epoch 297] loss=0.2120 miou=0.5811 f1=0.7051 time=22.6s
[Epoch 298] loss=0.2331 miou=0.5611 f1=0.6883 time=22.6s
[Epoch 299] loss=0.2306 miou=0.5815 f1=0.7003 time=22.8s
[Epoch 300] loss=0.1998 miou=0.5774 f1=0.6983 time=22.7s
[Epoch 301] loss=0.1957 miou=0.5656 f1=0.6841 time=22.8s
[Epoch 302] loss=0.2130 miou=0.5892 f1=0.7116 time=22.6s
[Epoch 303] loss=0.2268 miou=0.5665 f1=0.6886 time=22.7s
[Epoch 304] loss=0.2295 miou=0.5689 f1=0.6954 time=22.6s
[Epoch 305] loss=0.2181 miou=0.5859 f1=0.7070 time=22.5s
[Epoch 306] loss=0.2151 miou=0.5837 f1=0.7071 time=22.6s
[Epoch 307] loss=0.2250 miou=0.5919 f1=0.7155 time=22.7s
[Epoch 308] loss=0.1987 miou=0.5694 f1=0.6952 time=22.8s
[Epoch 309] loss=0.2077 miou=0.5733 f1=0.6966 time=22.8s
[Epoch 310] loss=0.2069 miou=0.5850 f1=0.7043 time=22.9s
[Epoch 311] loss=0.2030 miou=0.5901 f1=0.7135 time=22.8s
[Epoch 312] loss=0.2052 miou=0.5955 f1=0.7170 time=23.1s
[Epoch 313] loss=0.1960 miou=0.5745 f1=0.6992 time=22.9s
[Epoch 314] loss=0.2007 miou=0.5744 f1=0.6976 time=23.0s
[Epoch 315] loss=0.2082 miou=0.5491 f1=0.6708 time=22.9s
[Epoch 316] loss=0.2202 miou=0.5705 f1=0.6889 time=22.7s
[Epoch 317] loss=0.2057 miou=0.5882 f1=0.7120 time=22.8s
[Epoch 318] loss=0.1907 miou=0.5901 f1=0.7080 time=22.8s
[Epoch 319] loss=0.1975 miou=0.5657 f1=0.6882 time=22.6s
[Epoch 320] loss=0.2200 miou=0.5548 f1=0.6779 time=22.6s
[Epoch 321] loss=0.2195 miou=0.5690 f1=0.6889 time=22.6s
[Epoch 322] loss=0.2003 miou=0.5770 f1=0.7000 time=22.7s
[Epoch 323] loss=0.2015 miou=0.5725 f1=0.6915 time=22.6s
[Epoch 324] loss=0.2046 miou=0.5943 f1=0.7171 time=22.5s
[Epoch 325] loss=0.1786 miou=0.5819 f1=0.7048 time=22.5s
[Epoch 326] loss=0.1942 miou=0.5583 f1=0.6850 time=22.4s
[Epoch 327] loss=0.2055 miou=0.5418 f1=0.6685 time=22.6s
[Epoch 328] loss=0.2238 miou=0.5670 f1=0.6931 time=22.6s
[Epoch 329] loss=0.1974 miou=0.5843 f1=0.7037 time=22.6s
[Epoch 330] loss=0.1956 miou=0.5560 f1=0.6776 time=22.6s
[Epoch 331] loss=0.1941 miou=0.5898 f1=0.7162 time=22.6s
[Epoch 332] loss=0.1917 miou=0.5659 f1=0.6926 time=22.5s
[Epoch 333] loss=0.1959 miou=0.5677 f1=0.6850 time=22.6s
[Epoch 334] loss=0.2112 miou=0.5739 f1=0.6963 time=22.6s
[Epoch 335] loss=0.1960 miou=0.5825 f1=0.7018 time=22.6s
[Epoch 336] loss=0.1778 miou=0.5916 f1=0.7119 time=22.6s
[Epoch 337] loss=0.1796 miou=0.5682 f1=0.6902 time=22.6s
[Epoch 338] loss=0.1780 miou=0.5877 f1=0.7093 time=22.5s
[Epoch 339] loss=0.1700 miou=0.5847 f1=0.7060 time=22.6s
[Epoch 340] loss=0.1613 miou=0.5947 f1=0.7186 time=22.6s
[Epoch 341] loss=0.1731 miou=0.5770 f1=0.6983 time=22.6s
[Epoch 342] loss=0.1715 miou=0.5734 f1=0.6935 time=22.6s
[Epoch 343] loss=0.1788 miou=0.5954 f1=0.7188 time=22.6s
[Epoch 344] loss=0.1742 miou=0.5847 f1=0.7079 time=22.6s
[Epoch 345] loss=0.1823 miou=0.5852 f1=0.7082 time=22.6s
[Epoch 346] loss=0.1696 miou=0.5851 f1=0.7045 time=22.6s
[Epoch 347] loss=0.1885 miou=0.5779 f1=0.7027 time=22.5s
[Epoch 348] loss=0.2027 miou=0.5728 f1=0.6951 time=22.5s
[Epoch 349] loss=0.1972 miou=0.5839 f1=0.7066 time=22.5s
[Epoch 350] loss=0.1712 miou=0.5939 f1=0.7152 time=22.5s
[Epoch 351] loss=0.1572 miou=0.5935 f1=0.7175 time=22.5s
[Epoch 352] loss=0.1708 miou=0.5880 f1=0.7073 time=22.5s
[Epoch 353] loss=0.1682 miou=0.5918 f1=0.7149 time=22.5s
[Epoch 354] loss=0.1716 miou=0.5925 f1=0.7122 time=22.5s
[Epoch 355] loss=0.1595 miou=0.5854 f1=0.7071 time=22.5s
[Epoch 356] loss=0.1623 miou=0.5882 f1=0.7115 time=22.5s
[Epoch 357] loss=0.1746 miou=0.5797 f1=0.7038 time=22.5s
[Epoch 358] loss=0.1742 miou=0.5752 f1=0.6977 time=22.7s
[Epoch 359] loss=0.1851 miou=0.5799 f1=0.7021 time=22.5s
[Epoch 360] loss=0.1870 miou=0.5763 f1=0.6981 time=22.6s
[Epoch 361] loss=0.1727 miou=0.5906 f1=0.7115 time=22.6s
[Epoch 362] loss=0.1895 miou=0.5853 f1=0.7108 time=22.5s
[Epoch 363] loss=0.1865 miou=0.5955 f1=0.7207 time=22.5s
[Epoch 364] loss=0.1798 miou=0.5991 f1=0.7236 time=22.7s
[Epoch 365] loss=0.1739 miou=0.5978 f1=0.7188 time=22.8s
[Epoch 366] loss=0.1727 miou=0.5835 f1=0.7080 time=22.9s
[Epoch 367] loss=0.1747 miou=0.5847 f1=0.7054 time=22.8s
[Epoch 368] loss=0.1694 miou=0.5773 f1=0.7001 time=23.0s
[Epoch 369] loss=0.1667 miou=0.5889 f1=0.7076 time=22.6s
[Epoch 370] loss=0.1540 miou=0.5940 f1=0.7155 time=22.6s
[Epoch 371] loss=0.1584 miou=0.5840 f1=0.7050 time=22.8s
[Epoch 372] loss=0.1618 miou=0.5807 f1=0.7052 time=22.8s
[Epoch 373] loss=0.1708 miou=0.5839 f1=0.7094 time=22.7s
[Epoch 374] loss=0.1558 miou=0.5876 f1=0.7089 time=22.6s
[Epoch 375] loss=0.1608 miou=0.5917 f1=0.7172 time=22.6s
[Epoch 376] loss=0.1632 miou=0.5652 f1=0.6876 time=22.7s
[Epoch 377] loss=0.1578 miou=0.5802 f1=0.7000 time=22.6s
[Epoch 378] loss=0.1581 miou=0.5783 f1=0.6982 time=22.6s
[Epoch 379] loss=0.1747 miou=0.5877 f1=0.7099 time=22.7s
[Epoch 380] loss=0.1607 miou=0.5996 f1=0.7233 time=22.7s
[Epoch 381] loss=0.1612 miou=0.5961 f1=0.7197 time=22.7s
[Epoch 382] loss=0.1519 miou=0.5804 f1=0.7013 time=22.6s
[Epoch 383] loss=0.1722 miou=0.5679 f1=0.6949 time=22.6s
[Epoch 384] loss=0.1645 miou=0.5911 f1=0.7138 time=22.5s
[Epoch 385] loss=0.1461 miou=0.6011 f1=0.7233 time=22.6s
[Epoch 386] loss=0.1399 miou=0.5820 f1=0.7085 time=22.9s
[Epoch 387] loss=0.1524 miou=0.5891 f1=0.7117 time=22.8s
[Epoch 388] loss=0.1595 miou=0.5704 f1=0.6955 time=22.7s
[Epoch 389] loss=0.1649 miou=0.6049 f1=0.7254 time=22.8s
[Epoch 390] loss=0.1508 miou=0.5806 f1=0.7027 time=22.9s
[Epoch 391] loss=0.1526 miou=0.5925 f1=0.7140 time=22.9s
[Epoch 392] loss=0.1478 miou=0.6049 f1=0.7250 time=22.6s
[Epoch 393] loss=0.1414 miou=0.6028 f1=0.7265 time=22.6s
[Epoch 394] loss=0.1427 miou=0.6004 f1=0.7223 time=22.6s
[Epoch 395] loss=0.1383 miou=0.5860 f1=0.7077 time=22.6s
[Epoch 396] loss=0.1439 miou=0.5864 f1=0.7060 time=22.6s
[Epoch 397] loss=0.1460 miou=0.5766 f1=0.6944 time=22.7s
[Epoch 398] loss=0.1511 miou=0.5920 f1=0.7104 time=22.5s
[Epoch 399] loss=0.1511 miou=0.5825 f1=0.7052 time=22.5s
[Epoch 400] loss=0.1416 miou=0.5939 f1=0.7148 time=22.5s
[Epoch 401] loss=0.1549 miou=0.5833 f1=0.7034 time=22.7s
[Epoch 402] loss=0.1571 miou=0.5938 f1=0.7148 time=22.6s
[Epoch 403] loss=0.1421 miou=0.6064 f1=0.7282 time=22.5s
[Epoch 404] loss=0.1518 miou=0.5964 f1=0.7213 time=22.8s
[Epoch 405] loss=0.1524 miou=0.5818 f1=0.7073 time=22.5s
[Epoch 406] loss=0.1676 miou=0.5722 f1=0.6926 time=22.8s
[Epoch 407] loss=0.1458 miou=0.5906 f1=0.7133 time=22.7s
[Epoch 408] loss=0.1488 miou=0.5841 f1=0.7091 time=22.8s
[Epoch 409] loss=0.1464 miou=0.5882 f1=0.7087 time=22.6s
[Epoch 410] loss=0.1503 miou=0.5841 f1=0.7050 time=22.7s
[Epoch 411] loss=0.1479 miou=0.5972 f1=0.7230 time=22.7s
[Epoch 412] loss=0.1462 miou=0.5820 f1=0.7047 time=22.7s
[Epoch 413] loss=0.1545 miou=0.5790 f1=0.7024 time=22.7s
[Epoch 414] loss=0.1623 miou=0.5943 f1=0.7199 time=22.7s
[Epoch 415] loss=0.1447 miou=0.5864 f1=0.7121 time=22.7s
[Epoch 416] loss=0.1477 miou=0.5846 f1=0.7105 time=22.7s
[Epoch 417] loss=0.1492 miou=0.5871 f1=0.7127 time=22.7s
[Epoch 418] loss=0.1401 miou=0.5725 f1=0.6932 time=22.8s
[Epoch 419] loss=0.1481 miou=0.6031 f1=0.7243 time=22.7s
[Epoch 420] loss=0.1397 miou=0.6017 f1=0.7221 time=22.8s
[Epoch 421] loss=0.1441 miou=0.5835 f1=0.7079 time=22.7s
[Epoch 422] loss=0.1385 miou=0.5976 f1=0.7173 time=22.7s
[Epoch 423] loss=0.1385 miou=0.5898 f1=0.7123 time=22.6s
[Epoch 424] loss=0.1390 miou=0.5938 f1=0.7133 time=22.6s
[Epoch 425] loss=0.1494 miou=0.5746 f1=0.7004 time=22.7s
[Epoch 426] loss=0.1459 miou=0.5955 f1=0.7187 time=22.7s
[Epoch 427] loss=0.1357 miou=0.5926 f1=0.7124 time=22.7s
[Epoch 428] loss=0.1318 miou=0.6072 f1=0.7290 time=22.7s
[Epoch 429] loss=0.1470 miou=0.6018 f1=0.7242 time=22.8s
[Epoch 430] loss=0.1395 miou=0.5750 f1=0.6998 time=22.7s
[Epoch 431] loss=0.1381 miou=0.5948 f1=0.7167 time=22.7s
[Epoch 432] loss=0.1403 miou=0.5965 f1=0.7209 time=22.7s
[Epoch 433] loss=0.1379 miou=0.5887 f1=0.7124 time=22.7s
[Epoch 434] loss=0.1433 miou=0.5939 f1=0.7164 time=22.7s
[Epoch 435] loss=0.1493 miou=0.5777 f1=0.7000 time=22.7s
[Epoch 436] loss=0.1373 miou=0.6036 f1=0.7245 time=22.7s
[Epoch 437] loss=0.1312 miou=0.6070 f1=0.7256 time=22.8s
[Epoch 438] loss=0.1396 miou=0.5780 f1=0.6989 time=22.7s
[Epoch 439] loss=0.1441 miou=0.5924 f1=0.7153 time=22.7s
[Epoch 440] loss=0.1346 miou=0.6059 f1=0.7298 time=22.7s
[Epoch 441] loss=0.1347 miou=0.5946 f1=0.7167 time=22.7s
[Epoch 442] loss=0.1352 miou=0.5907 f1=0.7112 time=22.7s
[Epoch 443] loss=0.1253 miou=0.6043 f1=0.7236 time=22.8s
[Epoch 444] loss=0.1288 miou=0.6008 f1=0.7252 time=23.0s
[Epoch 445] loss=0.1205 miou=0.5951 f1=0.7162 time=22.9s
[Epoch 446] loss=0.1358 miou=0.5978 f1=0.7178 time=22.7s
[Epoch 447] loss=0.1301 miou=0.6018 f1=0.7219 time=23.0s
[Epoch 448] loss=0.1200 miou=0.6012 f1=0.7228 time=22.8s
[Epoch 449] loss=0.1251 miou=0.5949 f1=0.7153 time=23.0s
[Epoch 450] loss=0.1167 miou=0.5994 f1=0.7173 time=22.7s
[Epoch 451] loss=0.1311 miou=0.5887 f1=0.7092 time=22.6s
[Epoch 452] loss=0.1280 miou=0.5860 f1=0.7066 time=22.8s
[Epoch 453] loss=0.1219 miou=0.5953 f1=0.7171 time=22.8s
[Epoch 454] loss=0.1345 miou=0.5984 f1=0.7227 time=23.0s
[Epoch 455] loss=0.1294 miou=0.5815 f1=0.7016 time=22.7s
[Epoch 456] loss=0.1435 miou=0.5846 f1=0.7071 time=22.9s
[Epoch 457] loss=0.1379 miou=0.5932 f1=0.7156 time=22.8s
[Epoch 458] loss=0.1266 miou=0.5864 f1=0.7073 time=22.8s
[Epoch 459] loss=0.1200 miou=0.5772 f1=0.6989 time=22.7s
[Epoch 460] loss=0.1231 miou=0.6057 f1=0.7274 time=22.8s
[Epoch 461] loss=0.1297 miou=0.6025 f1=0.7267 time=22.9s
[Epoch 462] loss=0.1311 miou=0.5794 f1=0.7039 time=22.9s
[Epoch 463] loss=0.1333 miou=0.5868 f1=0.7075 time=22.7s
[Epoch 464] loss=0.1309 miou=0.5958 f1=0.7195 time=22.9s
[Epoch 465] loss=0.1187 miou=0.5970 f1=0.7194 time=22.9s
[Epoch 466] loss=0.1202 miou=0.5936 f1=0.7150 time=22.8s
[Epoch 467] loss=0.1294 miou=0.5858 f1=0.7055 time=22.7s
[Epoch 468] loss=0.1262 miou=0.5916 f1=0.7101 time=22.7s
[Epoch 469] loss=0.1340 miou=0.5890 f1=0.7131 time=22.7s
[Epoch 470] loss=0.1267 miou=0.6015 f1=0.7243 time=22.8s
[Epoch 471] loss=0.1288 miou=0.5903 f1=0.7106 time=22.7s
[Epoch 472] loss=0.1312 miou=0.5645 f1=0.6886 time=22.7s
[Epoch 473] loss=0.1247 miou=0.5949 f1=0.7158 time=22.7s
[Epoch 474] loss=0.1267 miou=0.5992 f1=0.7194 time=22.6s
[Epoch 475] loss=0.1209 miou=0.6016 f1=0.7235 time=22.7s
[Epoch 476] loss=0.1195 miou=0.5809 f1=0.7032 time=22.8s
[Epoch 477] loss=0.1274 miou=0.5857 f1=0.7086 time=22.7s
[Epoch 478] loss=0.1230 miou=0.6035 f1=0.7277 time=22.6s
[Epoch 479] loss=0.1217 miou=0.5996 f1=0.7202 time=22.7s
[Epoch 480] loss=0.1215 miou=0.5999 f1=0.7237 time=22.8s
[Epoch 481] loss=0.1301 miou=0.6018 f1=0.7216 time=23.0s
[Epoch 482] loss=0.1250 miou=0.5897 f1=0.7136 time=22.6s
[Epoch 483] loss=0.1349 miou=0.5744 f1=0.6987 time=22.7s
[Epoch 484] loss=0.1344 miou=0.5979 f1=0.7175 time=22.6s
[Epoch 485] loss=0.1356 miou=0.6038 f1=0.7294 time=22.6s
[Epoch 486] loss=0.1210 miou=0.6035 f1=0.7267 time=22.7s
[Epoch 487] loss=0.1135 miou=0.6013 f1=0.7218 time=22.6s
[Epoch 488] loss=0.1113 miou=0.5930 f1=0.7161 time=22.6s
[Epoch 489] loss=0.1143 miou=0.5906 f1=0.7101 time=22.6s
[Epoch 490] loss=0.1137 miou=0.5943 f1=0.7184 time=22.6s
[Epoch 491] loss=0.1191 miou=0.5936 f1=0.7161 time=22.6s
[Epoch 492] loss=0.1164 miou=0.5994 f1=0.7216 time=22.7s
[Epoch 493] loss=0.1162 miou=0.5814 f1=0.6994 time=22.6s
[Epoch 494] loss=0.1097 miou=0.5982 f1=0.7183 time=22.6s
[Epoch 495] loss=0.1224 miou=0.5839 f1=0.7057 time=22.7s
[Epoch 496] loss=0.1116 miou=0.5923 f1=0.7151 time=22.6s
[Epoch 497] loss=0.1024 miou=0.5893 f1=0.7094 time=22.6s
[Epoch 498] loss=0.1208 miou=0.5942 f1=0.7114 time=22.6s
[Epoch 499] loss=0.1146 miou=0.5939 f1=0.7155 time=22.6s
[Epoch 500] loss=0.1086 miou=0.5953 f1=0.7182 time=22.6s
[Epoch 501] loss=0.1121 miou=0.5825 f1=0.7042 time=22.7s
[Epoch 502] loss=0.1094 miou=0.5842 f1=0.7056 time=22.6s
[Epoch 503] loss=0.1084 miou=0.5930 f1=0.7151 time=22.6s
[Epoch 504] loss=0.1118 miou=0.6000 f1=0.7239 time=22.6s
[Epoch 505] loss=0.1149 miou=0.5917 f1=0.7125 time=22.6s
[Epoch 506] loss=0.1087 miou=0.5982 f1=0.7206 time=22.6s
[Epoch 507] loss=0.1141 miou=0.5913 f1=0.7158 time=22.6s
[Epoch 508] loss=0.1116 miou=0.5972 f1=0.7192 time=22.6s
[Epoch 509] loss=0.1075 miou=0.5887 f1=0.7131 time=22.6s
[Epoch 510] loss=0.1138 miou=0.5881 f1=0.7127 time=22.6s
[Epoch 511] loss=0.1183 miou=0.5791 f1=0.7025 time=22.5s
[Epoch 512] loss=0.1158 miou=0.5910 f1=0.7116 time=22.5s
[Epoch 513] loss=0.1081 miou=0.5896 f1=0.7114 time=22.6s
[Epoch 514] loss=0.1045 miou=0.5985 f1=0.7193 time=22.6s
[Epoch 515] loss=0.1064 miou=0.5881 f1=0.7102 time=22.6s
[Epoch 516] loss=0.1112 miou=0.5901 f1=0.7110 time=22.7s
[Epoch 517] loss=0.1051 miou=0.6016 f1=0.7230 time=22.6s
[Epoch 518] loss=0.1036 miou=0.5936 f1=0.7136 time=22.6s
[Epoch 519] loss=0.1028 miou=0.5861 f1=0.7038 time=22.6s
[Epoch 520] loss=0.1115 miou=0.5975 f1=0.7156 time=22.5s
[Epoch 521] loss=0.1178 miou=0.5889 f1=0.7100 time=22.6s
[Epoch 522] loss=0.1110 miou=0.5764 f1=0.7039 time=22.6s
[Epoch 523] loss=0.1246 miou=0.5922 f1=0.7131 time=22.6s
[Epoch 524] loss=0.1087 miou=0.5787 f1=0.7022 time=22.6s
[Epoch 525] loss=0.1072 miou=0.5933 f1=0.7119 time=22.6s
[Epoch 526] loss=0.1084 miou=0.5855 f1=0.7113 time=22.6s
[Epoch 527] loss=0.1124 miou=0.5927 f1=0.7176 time=22.6s
[Epoch 528] loss=0.1007 miou=0.5989 f1=0.7216 time=22.6s
[Epoch 529] loss=0.0976 miou=0.5920 f1=0.7143 time=22.6s
[Epoch 530] loss=0.1023 miou=0.5904 f1=0.7141 time=22.6s
[Epoch 531] loss=0.0983 miou=0.5991 f1=0.7205 time=22.6s
[Epoch 532] loss=0.0938 miou=0.5914 f1=0.7170 time=22.6s
[Epoch 533] loss=0.1059 miou=0.5967 f1=0.7186 time=22.6s
[Epoch 534] loss=0.1050 miou=0.5725 f1=0.6946 time=22.6s
[Epoch 535] loss=0.0947 miou=0.5939 f1=0.7127 time=22.6s
[Epoch 536] loss=0.0955 miou=0.5881 f1=0.7104 time=22.6s
[Epoch 537] loss=0.1019 miou=0.5981 f1=0.7191 time=22.6s
[Epoch 538] loss=0.0980 miou=0.5978 f1=0.7208 time=22.6s
[Epoch 539] loss=0.1044 miou=0.5967 f1=0.7180 time=22.4s
[Epoch 540] loss=0.0979 miou=0.5962 f1=0.7173 time=22.5s
[Epoch 541] loss=0.0954 miou=0.5926 f1=0.7154 time=22.5s
[Epoch 542] loss=0.0873 miou=0.5963 f1=0.7171 time=22.5s
[Epoch 543] loss=0.0925 miou=0.5876 f1=0.7083 time=22.6s
[Epoch 544] loss=0.0886 miou=0.5789 f1=0.6993 time=22.6s
[Epoch 545] loss=0.0959 miou=0.5836 f1=0.7052 time=22.6s
[Epoch 546] loss=0.0998 miou=0.5961 f1=0.7171 time=22.6s
[Epoch 547] loss=0.0873 miou=0.5905 f1=0.7093 time=22.6s
[Epoch 548] loss=0.0956 miou=0.5944 f1=0.7152 time=22.5s
[Epoch 549] loss=0.0922 miou=0.5961 f1=0.7143 time=22.5s
[Epoch 550] loss=0.1102 miou=0.5955 f1=0.7143 time=22.5s
[Epoch 551] loss=0.1000 miou=0.6014 f1=0.7183 time=22.4s
[Epoch 552] loss=0.0958 miou=0.5934 f1=0.7114 time=22.6s
[Epoch 553] loss=0.0848 miou=0.5894 f1=0.7070 time=22.6s
[Epoch 554] loss=0.1072 miou=0.5921 f1=0.7094 time=22.6s
[Epoch 555] loss=0.0955 miou=0.5945 f1=0.7134 time=22.6s
[Epoch 556] loss=0.0857 miou=0.5917 f1=0.7115 time=22.6s
[Epoch 557] loss=0.0924 miou=0.5926 f1=0.7134 time=22.6s
[Epoch 558] loss=0.0970 miou=0.5855 f1=0.7042 time=22.6s
[Epoch 559] loss=0.0964 miou=0.5838 f1=0.7031 time=22.6s
[Epoch 560] loss=0.0946 miou=0.5886 f1=0.7080 time=22.6s
[Epoch 561] loss=0.1024 miou=0.5868 f1=0.7082 time=22.6s
[Epoch 562] loss=0.0974 miou=0.5847 f1=0.7029 time=22.6s
[Epoch 563] loss=0.0995 miou=0.5910 f1=0.7124 time=22.6s
[Epoch 564] loss=0.0956 miou=0.5808 f1=0.7032 time=22.6s
[Epoch 565] loss=0.0880 miou=0.5856 f1=0.7082 time=22.5s
[Epoch 566] loss=0.0924 miou=0.5831 f1=0.7069 time=22.6s
[Epoch 567] loss=0.0920 miou=0.5904 f1=0.7110 time=22.4s
[Epoch 568] loss=0.0902 miou=0.5925 f1=0.7165 time=22.5s
[Epoch 569] loss=0.0906 miou=0.5872 f1=0.7097 time=22.6s
[Epoch 570] loss=0.0851 miou=0.5950 f1=0.7148 time=22.6s
[Epoch 571] loss=0.0904 miou=0.5910 f1=0.7109 time=22.6s
[Epoch 572] loss=0.0828 miou=0.5962 f1=0.7190 time=22.6s
[Epoch 573] loss=0.0816 miou=0.5884 f1=0.7126 time=22.6s
[Epoch 574] loss=0.0948 miou=0.5641 f1=0.6905 time=22.6s
[Epoch 575] loss=0.1065 miou=0.5800 f1=0.7058 time=22.6s
[Epoch 576] loss=0.0961 miou=0.5881 f1=0.7125 time=22.6s
[Epoch 577] loss=0.0926 miou=0.5899 f1=0.7107 time=22.6s
[Epoch 578] loss=0.1018 miou=0.5833 f1=0.7054 time=22.6s
[Epoch 579] loss=0.0943 miou=0.5884 f1=0.7113 time=22.6s
[Epoch 580] loss=0.0969 miou=0.5829 f1=0.7085 time=22.6s
[Epoch 581] loss=0.1024 miou=0.5511 f1=0.6780 time=22.6s
[Epoch 582] loss=0.1010 miou=0.6003 f1=0.7208 time=22.6s
[Epoch 583] loss=0.0826 miou=0.5936 f1=0.7143 time=22.6s
[Epoch 584] loss=0.0969 miou=0.5894 f1=0.7116 time=22.6s
[Epoch 585] loss=0.0954 miou=0.5900 f1=0.7126 time=22.6s
[Epoch 586] loss=0.0866 miou=0.5844 f1=0.7015 time=22.6s
[Epoch 587] loss=0.0881 miou=0.5871 f1=0.7079 time=22.6s
[Epoch 588] loss=0.0855 miou=0.5792 f1=0.7014 time=22.6s
[Epoch 589] loss=0.0875 miou=0.5887 f1=0.7111 time=22.6s
[Epoch 590] loss=0.0824 miou=0.5839 f1=0.7069 time=22.7s
[Epoch 591] loss=0.0775 miou=0.5848 f1=0.7029 time=22.6s
[Epoch 592] loss=0.0827 miou=0.5862 f1=0.7079 time=22.6s
[Epoch 593] loss=0.0876 miou=0.5873 f1=0.7117 time=22.6s
[Epoch 594] loss=0.0824 miou=0.5977 f1=0.7193 time=22.6s
[Epoch 595] loss=0.0829 miou=0.5831 f1=0.7028 time=22.6s
[Epoch 596] loss=0.0806 miou=0.5923 f1=0.7127 time=22.6s
[Epoch 597] loss=0.0843 miou=0.5618 f1=0.6826 time=22.6s
[Epoch 598] loss=0.0859 miou=0.5890 f1=0.7081 time=22.6s
[Epoch 599] loss=0.0780 miou=0.5778 f1=0.6967 time=22.6s
[Epoch 600] loss=0.0964 miou=0.5750 f1=0.6968 time=22.6s
[Epoch 601] loss=0.0817 miou=0.5847 f1=0.7059 time=22.6s
[Epoch 602] loss=0.0871 miou=0.5787 f1=0.6978 time=22.6s
[Epoch 603] loss=0.0861 miou=0.5853 f1=0.7086 time=22.6s
[Epoch 604] loss=0.0805 miou=0.5804 f1=0.7053 time=22.6s
[Epoch 605] loss=0.0931 miou=0.5803 f1=0.7017 time=22.5s
[Epoch 606] loss=0.0859 miou=0.5785 f1=0.6981 time=22.6s
[Epoch 607] loss=0.0867 miou=0.5828 f1=0.7042 time=22.6s
[Epoch 608] loss=0.0776 miou=0.5838 f1=0.7044 time=22.6s
[Epoch 609] loss=0.0799 miou=0.5878 f1=0.7086 time=22.6s
[Epoch 610] loss=0.0825 miou=0.5827 f1=0.7034 time=22.6s
[Epoch 611] loss=0.0799 miou=0.5968 f1=0.7191 time=22.6s
[Epoch 612] loss=0.0834 miou=0.5798 f1=0.6998 time=22.5s
[Epoch 613] loss=0.0919 miou=0.5861 f1=0.7065 time=22.6s
[Epoch 614] loss=0.0829 miou=0.5787 f1=0.7003 time=22.9s
[Epoch 615] loss=0.0740 miou=0.5906 f1=0.7095 time=22.9s
[Epoch 616] loss=0.0782 miou=0.5893 f1=0.7095 time=22.6s
[Epoch 617] loss=0.0684 miou=0.5910 f1=0.7102 time=22.6s
[Epoch 618] loss=0.0758 miou=0.5903 f1=0.7090 time=22.6s
[Epoch 619] loss=0.0766 miou=0.5904 f1=0.7120 time=22.6s
[Epoch 620] loss=0.0723 miou=0.5876 f1=0.7061 time=22.6s
[Epoch 621] loss=0.0735 miou=0.5892 f1=0.7082 time=22.6s
[Epoch 622] loss=0.0699 miou=0.5993 f1=0.7200 time=22.6s
[Epoch 623] loss=0.0699 miou=0.5867 f1=0.7083 time=22.6s
[Epoch 624] loss=0.0700 miou=0.5883 f1=0.7128 time=22.6s
[Epoch 625] loss=0.0826 miou=0.5833 f1=0.7062 time=22.5s
[Epoch 626] loss=0.0772 miou=0.5885 f1=0.7092 time=22.6s
[Epoch 627] loss=0.0759 miou=0.5916 f1=0.7117 time=22.6s
[Epoch 628] loss=0.0810 miou=0.5942 f1=0.7143 time=22.6s
[Epoch 629] loss=0.0839 miou=0.5811 f1=0.7054 time=22.6s
[Epoch 630] loss=0.0743 miou=0.5922 f1=0.7145 time=22.6s
[Epoch 631] loss=0.0776 miou=0.5794 f1=0.7032 time=22.6s
[Epoch 632] loss=0.0760 miou=0.5761 f1=0.7022 time=22.6s
[Epoch 633] loss=0.0816 miou=0.5855 f1=0.7097 time=22.6s
[Epoch 634] loss=0.0747 miou=0.5966 f1=0.7182 time=22.6s
[Epoch 635] loss=0.0705 miou=0.5901 f1=0.7112 time=22.6s
[Epoch 636] loss=0.0744 miou=0.5829 f1=0.7064 time=22.6s
[Epoch 637] loss=0.0752 miou=0.5891 f1=0.7156 time=22.6s
[Epoch 638] loss=0.0765 miou=0.6013 f1=0.7243 time=22.7s
[Epoch 639] loss=0.0704 miou=0.5889 f1=0.7133 time=22.6s
[Epoch 640] loss=0.0799 miou=0.5882 f1=0.7117 time=22.7s
[Epoch 641] loss=0.0807 miou=0.5955 f1=0.7192 time=22.7s
[Epoch 642] loss=0.0787 miou=0.5920 f1=0.7154 time=22.6s
[Epoch 643] loss=0.0825 miou=0.5876 f1=0.7107 time=22.6s
[Epoch 644] loss=0.0791 miou=0.5908 f1=0.7153 time=22.6s
[Epoch 645] loss=0.0754 miou=0.5850 f1=0.7079 time=22.5s
[Epoch 646] loss=0.0792 miou=0.5884 f1=0.7081 time=22.6s
[Epoch 647] loss=0.0805 miou=0.6014 f1=0.7232 time=22.6s
[Epoch 648] loss=0.0861 miou=0.5920 f1=0.7116 time=22.5s
[Epoch 649] loss=0.0719 miou=0.5905 f1=0.7087 time=22.6s
[Epoch 650] loss=0.0734 miou=0.5929 f1=0.7150 time=22.6s
[Epoch 651] loss=0.0863 miou=0.5833 f1=0.7047 time=22.7s
[Epoch 652] loss=0.0685 miou=0.5854 f1=0.7094 time=22.9s
[Epoch 653] loss=0.0780 miou=0.5868 f1=0.7100 time=22.7s
[Epoch 654] loss=0.0787 miou=0.5820 f1=0.7058 time=22.6s
[Epoch 655] loss=0.0783 miou=0.6006 f1=0.7265 time=22.6s
[Epoch 656] loss=0.0772 miou=0.5890 f1=0.7158 time=22.6s
[Epoch 657] loss=0.0705 miou=0.5918 f1=0.7157 time=22.6s
[Epoch 658] loss=0.0727 miou=0.5838 f1=0.7081 time=22.6s
[Epoch 659] loss=0.0673 miou=0.5924 f1=0.7158 time=22.6s
[Epoch 660] loss=0.0689 miou=0.5896 f1=0.7140 time=22.6s
[Epoch 661] loss=0.0737 miou=0.6004 f1=0.7248 time=22.6s
[Epoch 662] loss=0.0660 miou=0.5939 f1=0.7164 time=22.5s
[Epoch 663] loss=0.0689 miou=0.5998 f1=0.7221 time=22.6s
[Epoch 664] loss=0.0670 miou=0.5948 f1=0.7161 time=22.5s
[Epoch 665] loss=0.0676 miou=0.6040 f1=0.7246 time=22.6s
[Epoch 666] loss=0.0605 miou=0.5951 f1=0.7178 time=22.6s
[Epoch 667] loss=0.0714 miou=0.5923 f1=0.7155 time=22.6s
[Epoch 668] loss=0.0742 miou=0.5911 f1=0.7137 time=22.6s
[Epoch 669] loss=0.0688 miou=0.5876 f1=0.7128 time=22.6s
[Epoch 670] loss=0.0656 miou=0.5893 f1=0.7117 time=22.6s
[Epoch 671] loss=0.0667 miou=0.5854 f1=0.7108 time=22.5s
[Epoch 672] loss=0.0759 miou=0.5974 f1=0.7172 time=22.6s
[Epoch 673] loss=0.0760 miou=0.5943 f1=0.7128 time=22.6s
[Epoch 674] loss=0.0678 miou=0.6057 f1=0.7265 time=22.6s
[Epoch 675] loss=0.0740 miou=0.6007 f1=0.7183 time=22.6s
[Epoch 676] loss=0.0677 miou=0.5988 f1=0.7193 time=22.6s
[Epoch 677] loss=0.0638 miou=0.5883 f1=0.7064 time=22.6s
[Epoch 678] loss=0.0617 miou=0.5922 f1=0.7125 time=22.6s
[Epoch 679] loss=0.0630 miou=0.5817 f1=0.6989 time=22.6s
[Epoch 680] loss=0.0632 miou=0.5908 f1=0.7078 time=22.6s
[Epoch 681] loss=0.0622 miou=0.5938 f1=0.7159 time=22.6s
[Epoch 682] loss=0.0602 miou=0.5983 f1=0.7170 time=22.6s
[Epoch 683] loss=0.0643 miou=0.5972 f1=0.7170 time=22.6s
[Epoch 684] loss=0.0744 miou=0.5869 f1=0.7087 time=22.6s
[Epoch 685] loss=0.0680 miou=0.5909 f1=0.7141 time=22.6s
[Epoch 686] loss=0.0651 miou=0.5914 f1=0.7108 time=22.6s
[Epoch 687] loss=0.0801 miou=0.5836 f1=0.7056 time=22.6s
[Epoch 688] loss=0.0747 miou=0.5810 f1=0.7025 time=22.6s
[Epoch 689] loss=0.0712 miou=0.5802 f1=0.7021 time=22.5s
[Epoch 690] loss=0.0671 miou=0.5936 f1=0.7161 time=22.6s
[Epoch 691] loss=0.0671 miou=0.5869 f1=0.7106 time=22.6s
[Epoch 692] loss=0.0640 miou=0.5891 f1=0.7138 time=22.5s
[Epoch 693] loss=0.0640 miou=0.5872 f1=0.7128 time=22.6s
[Epoch 694] loss=0.0722 miou=0.5906 f1=0.7132 time=22.6s
[Epoch 695] loss=0.0668 miou=0.5769 f1=0.7036 time=22.6s
[Epoch 696] loss=0.0773 miou=0.5881 f1=0.7118 time=22.6s
[Epoch 697] loss=0.1102 miou=0.5889 f1=0.7098 time=22.6s
[Epoch 698] loss=0.0914 miou=0.5816 f1=0.7002 time=22.6s
[Epoch 699] loss=0.0791 miou=0.5901 f1=0.7105 time=22.6s
[Epoch 700] loss=0.0728 miou=0.5791 f1=0.6987 time=22.6s
[Epoch 701] loss=0.0674 miou=0.5745 f1=0.6937 time=22.6s
[Epoch 702] loss=0.0639 miou=0.5867 f1=0.7079 time=22.5s
[Epoch 703] loss=0.0674 miou=0.5888 f1=0.7089 time=22.6s
[Epoch 704] loss=0.0697 miou=0.5834 f1=0.7026 time=22.6s
[Epoch 705] loss=0.0679 miou=0.5857 f1=0.7059 time=22.6s
[Epoch 706] loss=0.0664 miou=0.5782 f1=0.7008 time=22.6s
[Epoch 707] loss=0.0623 miou=0.5793 f1=0.7018 time=22.6s
[Epoch 708] loss=0.0623 miou=0.5868 f1=0.7099 time=22.6s
[Epoch 709] loss=0.0527 miou=0.5841 f1=0.7066 time=22.6s
[Epoch 710] loss=0.0626 miou=0.5798 f1=0.7021 time=22.6s
[Epoch 711] loss=0.0583 miou=0.5865 f1=0.7106 time=22.6s
[Epoch 712] loss=0.0529 miou=0.5769 f1=0.7006 time=22.6s
[Epoch 713] loss=0.0539 miou=0.5823 f1=0.7051 time=22.6s
[Epoch 714] loss=0.0608 miou=0.5754 f1=0.6997 time=22.5s
[Epoch 715] loss=0.0617 miou=0.5821 f1=0.7071 time=22.6s
[Epoch 716] loss=0.0655 miou=0.5880 f1=0.7135 time=22.6s
[Epoch 717] loss=0.0579 miou=0.5784 f1=0.7043 time=22.5s
[Epoch 718] loss=0.0550 miou=0.5847 f1=0.7113 time=22.6s
[Epoch 719] loss=0.0576 miou=0.5844 f1=0.7092 time=22.6s
[Epoch 720] loss=0.0628 miou=0.5906 f1=0.7166 time=22.6s
[Epoch 721] loss=0.0620 miou=0.5837 f1=0.7075 time=22.6s
[Epoch 722] loss=0.0548 miou=0.5828 f1=0.7051 time=22.6s
[Epoch 723] loss=0.0581 miou=0.5947 f1=0.7191 time=22.6s
[Epoch 724] loss=0.0575 miou=0.6010 f1=0.7240 time=22.6s
[Epoch 725] loss=0.0507 miou=0.5929 f1=0.7166 time=22.5s
[Epoch 726] loss=0.0567 miou=0.5973 f1=0.7202 time=22.5s
[Epoch 727] loss=0.0558 miou=0.5843 f1=0.7107 time=22.4s
[Epoch 728] loss=0.0630 miou=0.5818 f1=0.7051 time=22.5s
[Epoch 729] loss=0.0642 miou=0.5911 f1=0.7150 time=22.6s
[Epoch 730] loss=0.0574 miou=0.5958 f1=0.7190 time=22.6s
[Epoch 731] loss=0.0624 miou=0.5829 f1=0.7094 time=22.5s
[Epoch 732] loss=0.0655 miou=0.5749 f1=0.6966 time=22.6s
[Epoch 733] loss=0.0542 miou=0.5874 f1=0.7121 time=22.6s
[Epoch 734] loss=0.0610 miou=0.5783 f1=0.6970 time=22.6s
[Epoch 735] loss=0.0630 miou=0.5828 f1=0.7068 time=22.5s
[Epoch 736] loss=0.0620 miou=0.5888 f1=0.7159 time=22.5s
[Epoch 737] loss=0.0681 miou=0.5820 f1=0.7047 time=22.6s
[Epoch 738] loss=0.0614 miou=0.5828 f1=0.7073 time=22.6s
[Epoch 739] loss=0.0719 miou=0.5799 f1=0.7059 time=22.6s
[Epoch 740] loss=0.0668 miou=0.5790 f1=0.7047 time=22.6s
[Epoch 741] loss=0.0662 miou=0.5866 f1=0.7095 time=22.6s
[Epoch 742] loss=0.0622 miou=0.5831 f1=0.7085 time=22.6s
[Epoch 743] loss=0.0611 miou=0.5789 f1=0.7062 time=22.6s
[Epoch 744] loss=0.0700 miou=0.5778 f1=0.7057 time=22.6s
[Epoch 745] loss=0.0639 miou=0.5808 f1=0.7064 time=22.6s
[Epoch 746] loss=0.0673 miou=0.5796 f1=0.7040 time=22.6s
[Epoch 747] loss=0.0647 miou=0.5820 f1=0.7081 time=22.6s
[Epoch 748] loss=0.0580 miou=0.5830 f1=0.7067 time=22.6s
[Epoch 749] loss=0.0661 miou=0.5701 f1=0.6982 time=22.6s
[Epoch 750] loss=0.0553 miou=0.5823 f1=0.7080 time=22.6s
[Epoch 751] loss=0.0593 miou=0.5857 f1=0.7103 time=22.5s
[Epoch 752] loss=0.0554 miou=0.5856 f1=0.7106 time=22.6s
[Epoch 753] loss=0.0537 miou=0.5870 f1=0.7089 time=22.6s
[Epoch 754] loss=0.0554 miou=0.5868 f1=0.7105 time=22.6s
[Epoch 755] loss=0.0511 miou=0.5911 f1=0.7153 time=22.6s
[Epoch 756] loss=0.0557 miou=0.5916 f1=0.7138 time=22.6s
[Epoch 757] loss=0.0556 miou=0.5958 f1=0.7199 time=22.6s
[Epoch 758] loss=0.0556 miou=0.5887 f1=0.7113 time=22.6s
[Epoch 759] loss=0.0576 miou=0.5906 f1=0.7139 time=22.6s
[Epoch 760] loss=0.0588 miou=0.5897 f1=0.7125 time=22.6s
[Epoch 761] loss=0.0539 miou=0.5809 f1=0.7028 time=22.6s
[Epoch 762] loss=0.0498 miou=0.5745 f1=0.6989 time=22.6s
[Epoch 763] loss=0.0552 miou=0.5799 f1=0.7038 time=22.5s
[Epoch 764] loss=0.0535 miou=0.5823 f1=0.7070 time=22.6s
[Epoch 765] loss=0.0554 miou=0.5934 f1=0.7149 time=22.6s
[Epoch 766] loss=0.0493 miou=0.5790 f1=0.7034 time=22.6s
[Epoch 767] loss=0.0544 miou=0.5812 f1=0.7054 time=22.6s
[Epoch 768] loss=0.0510 miou=0.5752 f1=0.6992 time=22.6s
[Epoch 769] loss=0.0530 miou=0.5735 f1=0.6945 time=22.6s
[Epoch 770] loss=0.0456 miou=0.5873 f1=0.7103 time=22.6s
[Epoch 771] loss=0.0568 miou=0.5800 f1=0.7044 time=22.6s
[Epoch 772] loss=0.0505 miou=0.5825 f1=0.7049 time=22.6s
[Epoch 773] loss=0.0457 miou=0.5740 f1=0.6993 time=22.6s
[Epoch 774] loss=0.0449 miou=0.5715 f1=0.6945 time=22.6s
[Epoch 775] loss=0.0445 miou=0.5888 f1=0.7128 time=22.6s
[Epoch 776] loss=0.0529 miou=0.5805 f1=0.7027 time=22.6s
[Epoch 777] loss=0.0485 miou=0.5782 f1=0.7006 time=22.6s
[Epoch 778] loss=0.0513 miou=0.5894 f1=0.7119 time=22.6s
[Epoch 779] loss=0.0521 miou=0.5828 f1=0.7066 time=22.6s
[Epoch 780] loss=0.0492 miou=0.5846 f1=0.7088 time=22.6s
[Epoch 781] loss=0.0465 miou=0.5937 f1=0.7163 time=22.5s
[Epoch 782] loss=0.0488 miou=0.5668 f1=0.6914 time=22.6s
[Epoch 783] loss=0.0516 miou=0.5777 f1=0.7026 time=22.6s
[Epoch 784] loss=0.0478 miou=0.5820 f1=0.7036 time=22.6s
[Epoch 785] loss=0.0522 miou=0.5793 f1=0.7037 time=22.6s
[Epoch 786] loss=0.0529 miou=0.5774 f1=0.7026 time=22.6s
[Epoch 787] loss=0.0488 miou=0.5729 f1=0.6979 time=22.6s
[Epoch 788] loss=0.0516 miou=0.5811 f1=0.7057 time=22.6s
[Epoch 789] loss=0.0487 miou=0.5737 f1=0.7003 time=22.6s
[Epoch 790] loss=0.0450 miou=0.5757 f1=0.7009 time=22.6s
[Epoch 791] loss=0.0524 miou=0.5831 f1=0.7053 time=22.6s
[Epoch 792] loss=0.0482 miou=0.5784 f1=0.7001 time=22.6s
[Epoch 793] loss=0.0527 miou=0.5804 f1=0.7072 time=22.6s
[Epoch 794] loss=0.0478 miou=0.5878 f1=0.7096 time=22.6s
[Epoch 795] loss=0.0538 miou=0.5805 f1=0.7038 time=22.6s
[Epoch 796] loss=0.0477 miou=0.5860 f1=0.7067 time=22.6s
[Epoch 797] loss=0.0531 miou=0.5770 f1=0.6995 time=22.6s
[Epoch 798] loss=0.0499 miou=0.5854 f1=0.7089 time=22.6s
[Epoch 799] loss=0.0451 miou=0.5773 f1=0.7005 time=22.6s
[Epoch 800] loss=0.0512 miou=0.5794 f1=0.7024 time=22.6s
[Epoch 801] loss=0.0483 miou=0.5854 f1=0.7061 time=22.6s
[Epoch 802] loss=0.0447 miou=0.5799 f1=0.7048 time=22.6s
[Epoch 803] loss=0.0534 miou=0.5735 f1=0.6980 time=22.6s
[Epoch 804] loss=0.0536 miou=0.5907 f1=0.7142 time=22.6s
[Epoch 805] loss=0.0537 miou=0.5934 f1=0.7168 time=22.6s
[Epoch 806] loss=0.0523 miou=0.5865 f1=0.7106 time=22.5s
[Epoch 807] loss=0.0550 miou=0.5816 f1=0.7049 time=22.5s
[Epoch 808] loss=0.0476 miou=0.5846 f1=0.7072 time=22.6s
[Epoch 809] loss=0.0508 miou=0.5878 f1=0.7121 time=22.6s
[Epoch 810] loss=0.0492 miou=0.5838 f1=0.7087 time=22.6s
[Epoch 811] loss=0.0492 miou=0.5897 f1=0.7107 time=22.6s
[Epoch 812] loss=0.0543 miou=0.5887 f1=0.7113 time=22.6s
[Epoch 813] loss=0.0475 miou=0.5846 f1=0.7074 time=22.6s
[Epoch 814] loss=0.0528 miou=0.5813 f1=0.7030 time=22.6s
[Epoch 815] loss=0.0559 miou=0.5921 f1=0.7146 time=22.6s
[Epoch 816] loss=0.0498 miou=0.5758 f1=0.6980 time=22.6s
[Epoch 817] loss=0.0459 miou=0.5801 f1=0.7025 time=22.6s
[Epoch 818] loss=0.0529 miou=0.5651 f1=0.6885 time=22.6s
[Epoch 819] loss=0.0811 miou=0.5742 f1=0.7014 time=22.6s
[Epoch 820] loss=0.0630 miou=0.5843 f1=0.7096 time=22.6s
[Epoch 821] loss=0.0557 miou=0.5826 f1=0.7055 time=22.5s
[Epoch 822] loss=0.0639 miou=0.5729 f1=0.6965 time=22.5s
[Epoch 823] loss=0.0553 miou=0.5896 f1=0.7134 time=22.6s
[Epoch 824] loss=0.0634 miou=0.5674 f1=0.6894 time=22.6s
[Epoch 825] loss=0.0562 miou=0.5680 f1=0.6932 time=22.6s
[Epoch 826] loss=0.0648 miou=0.5811 f1=0.7067 time=22.6s
[Epoch 827] loss=0.0573 miou=0.5782 f1=0.6996 time=22.6s
[Epoch 828] loss=0.0564 miou=0.5732 f1=0.6987 time=22.6s
[Epoch 829] loss=0.0497 miou=0.5765 f1=0.7016 time=22.6s
[Epoch 830] loss=0.0506 miou=0.5850 f1=0.7087 time=22.6s
[Epoch 831] loss=0.0530 miou=0.5724 f1=0.6976 time=22.6s
[Epoch 832] loss=0.0608 miou=0.5941 f1=0.7177 time=22.7s
[Epoch 833] loss=0.0474 miou=0.5888 f1=0.7133 time=22.6s
[Epoch 834] loss=0.0462 miou=0.5962 f1=0.7205 time=22.6s
[Epoch 835] loss=0.0430 miou=0.5928 f1=0.7165 time=22.6s
[Epoch 836] loss=0.0531 miou=0.5907 f1=0.7125 time=22.6s
[Epoch 837] loss=0.0470 miou=0.5857 f1=0.7085 time=22.6s
[Epoch 838] loss=0.0447 miou=0.5838 f1=0.7076 time=22.6s
[Epoch 839] loss=0.0422 miou=0.5835 f1=0.7067 time=22.6s
[Epoch 840] loss=0.0441 miou=0.5692 f1=0.6938 time=22.6s
[Epoch 841] loss=0.0446 miou=0.5898 f1=0.7102 time=22.7s
[Epoch 842] loss=0.0489 miou=0.5839 f1=0.7058 time=22.7s
[Epoch 843] loss=0.0450 miou=0.5874 f1=0.7097 time=22.6s
[Epoch 844] loss=0.0468 miou=0.5857 f1=0.7061 time=22.7s
[Epoch 845] loss=0.0395 miou=0.5881 f1=0.7102 time=22.8s
[Epoch 846] loss=0.0407 miou=0.5856 f1=0.7086 time=22.8s
[Epoch 847] loss=0.0452 miou=0.5862 f1=0.7095 time=23.0s
[Epoch 848] loss=0.0456 miou=0.5839 f1=0.7074 time=22.7s
[Epoch 849] loss=0.0483 miou=0.5756 f1=0.6979 time=22.7s
[Epoch 850] loss=0.0459 miou=0.5911 f1=0.7130 time=22.7s
[Epoch 851] loss=0.0455 miou=0.5724 f1=0.6942 time=22.9s
[Epoch 852] loss=0.0457 miou=0.5867 f1=0.7084 time=22.9s
[Epoch 853] loss=0.0424 miou=0.5867 f1=0.7073 time=22.8s
[Epoch 854] loss=0.0411 miou=0.5778 f1=0.6986 time=22.8s
[Epoch 855] loss=0.0386 miou=0.5822 f1=0.7071 time=22.7s
[Epoch 856] loss=0.0383 miou=0.5801 f1=0.7045 time=22.7s
[Epoch 857] loss=0.0487 miou=0.5785 f1=0.7040 time=22.8s
[Epoch 858] loss=0.0466 miou=0.5875 f1=0.7132 time=22.8s
[Epoch 859] loss=0.0504 miou=0.5827 f1=0.7031 time=22.8s
[Epoch 860] loss=0.0480 miou=0.5749 f1=0.6967 time=22.7s
[Epoch 861] loss=0.0461 miou=0.5753 f1=0.6987 time=22.7s
[Epoch 862] loss=0.0420 miou=0.5777 f1=0.6999 time=22.8s
[Epoch 863] loss=0.0446 miou=0.5747 f1=0.6971 time=22.8s
[Epoch 864] loss=0.0413 miou=0.5791 f1=0.6994 time=22.7s
[Epoch 865] loss=0.0457 miou=0.5896 f1=0.7138 time=22.7s
[Epoch 866] loss=0.0459 miou=0.5801 f1=0.7021 time=22.6s
[Epoch 867] loss=0.0455 miou=0.5908 f1=0.7114 time=22.7s
[Epoch 868] loss=0.0486 miou=0.5875 f1=0.7075 time=22.7s
[Epoch 869] loss=0.0445 miou=0.5744 f1=0.6976 time=22.8s
[Epoch 870] loss=0.0435 miou=0.5882 f1=0.7090 time=22.7s
[Epoch 871] loss=0.0376 miou=0.5856 f1=0.7089 time=22.8s
[Epoch 872] loss=0.0465 miou=0.5870 f1=0.7110 time=22.8s
[Epoch 873] loss=0.0419 miou=0.5893 f1=0.7126 time=22.7s
[Epoch 874] loss=0.0493 miou=0.5858 f1=0.7096 time=22.7s
[Epoch 875] loss=0.0386 miou=0.5796 f1=0.7038 time=22.7s
[Epoch 876] loss=0.0443 miou=0.5916 f1=0.7142 time=22.8s
[Epoch 877] loss=0.0461 miou=0.5874 f1=0.7114 time=22.8s
[Epoch 878] loss=0.0407 miou=0.5877 f1=0.7112 time=22.8s
[Epoch 879] loss=0.0448 miou=0.5869 f1=0.7097 time=22.8s
[Epoch 880] loss=0.0431 miou=0.5896 f1=0.7144 time=22.8s
[Epoch 881] loss=0.0456 miou=0.5805 f1=0.7042 time=22.7s
[Epoch 882] loss=0.0588 miou=0.5743 f1=0.6994 time=22.8s
[Epoch 883] loss=0.0536 miou=0.5815 f1=0.7063 time=22.7s
[Epoch 884] loss=0.0468 miou=0.5791 f1=0.7029 time=22.7s
[Epoch 885] loss=0.0418 miou=0.5845 f1=0.7074 time=22.7s
[Epoch 886] loss=0.0404 miou=0.5813 f1=0.7075 time=22.7s
[Epoch 887] loss=0.0405 miou=0.5759 f1=0.7000 time=22.7s
[Epoch 888] loss=0.0423 miou=0.5768 f1=0.6998 time=22.7s
[Epoch 889] loss=0.0441 miou=0.5819 f1=0.7068 time=22.7s
[Epoch 890] loss=0.0442 miou=0.5798 f1=0.7030 time=22.7s
[Epoch 891] loss=0.0380 miou=0.5784 f1=0.7034 time=22.7s
[Epoch 892] loss=0.0336 miou=0.5753 f1=0.7012 time=22.7s
[Epoch 893] loss=0.0376 miou=0.5742 f1=0.6998 time=22.7s
[Epoch 894] loss=0.0415 miou=0.5901 f1=0.7148 time=22.7s
[Epoch 895] loss=0.0411 miou=0.5833 f1=0.7073 time=22.8s
[Epoch 896] loss=0.0397 miou=0.5769 f1=0.7029 time=22.8s
[Epoch 897] loss=0.0418 miou=0.5886 f1=0.7138 time=22.8s
[Epoch 898] loss=0.0341 miou=0.5731 f1=0.6990 time=22.8s
[Epoch 899] loss=0.0374 miou=0.5921 f1=0.7184 time=22.7s
[Epoch 900] loss=0.0385 miou=0.5764 f1=0.7013 time=22.7s
[Epoch 901] loss=0.0379 miou=0.5885 f1=0.7162 time=22.8s
[Epoch 902] loss=0.0381 miou=0.5903 f1=0.7162 time=22.8s
[Epoch 903] loss=0.0350 miou=0.5807 f1=0.7088 time=22.8s
[Epoch 904] loss=0.0381 miou=0.5625 f1=0.6871 time=22.7s
[Epoch 905] loss=0.0348 miou=0.5791 f1=0.7043 time=22.9s
[Epoch 906] loss=0.0362 miou=0.5901 f1=0.7161 time=22.6s
[Epoch 907] loss=0.0410 miou=0.5820 f1=0.7040 time=22.7s
[Epoch 908] loss=0.0417 miou=0.5729 f1=0.6962 time=22.8s
[Epoch 909] loss=0.0456 miou=0.5778 f1=0.7022 time=22.8s
[Epoch 910] loss=0.0407 miou=0.5833 f1=0.7087 time=22.8s
[Epoch 911] loss=0.0458 miou=0.5737 f1=0.7005 time=22.8s
[Epoch 912] loss=0.0562 miou=0.5557 f1=0.6837 time=22.8s
[Epoch 913] loss=0.0575 miou=0.5971 f1=0.7222 time=22.8s
[Epoch 914] loss=0.0525 miou=0.5784 f1=0.7081 time=22.7s
[Epoch 915] loss=0.0619 miou=0.5888 f1=0.7131 time=22.8s
[Epoch 916] loss=0.0480 miou=0.5856 f1=0.7089 time=22.8s
[Epoch 917] loss=0.0466 miou=0.5884 f1=0.7121 time=22.8s
[Epoch 918] loss=0.0432 miou=0.5876 f1=0.7103 time=22.7s
[Epoch 919] loss=0.0391 miou=0.5861 f1=0.7078 time=22.8s
[Epoch 920] loss=0.0458 miou=0.5891 f1=0.7152 time=22.8s
[Epoch 921] loss=0.0399 miou=0.5810 f1=0.7070 time=22.8s
[Epoch 922] loss=0.0381 miou=0.5767 f1=0.7028 time=22.8s
[Epoch 923] loss=0.0363 miou=0.5736 f1=0.6990 time=22.8s
[Epoch 924] loss=0.0362 miou=0.5764 f1=0.7024 time=22.8s
[Epoch 925] loss=0.0373 miou=0.5842 f1=0.7087 time=22.9s
[Epoch 926] loss=0.0371 miou=0.5836 f1=0.7070 time=22.8s
[Epoch 927] loss=0.0366 miou=0.5785 f1=0.7025 time=22.8s
[Epoch 928] loss=0.0363 miou=0.5780 f1=0.7009 time=22.8s
[Epoch 929] loss=0.0415 miou=0.5792 f1=0.7038 time=22.8s
[Epoch 930] loss=0.0393 miou=0.5863 f1=0.7089 time=22.8s
[Epoch 931] loss=0.0365 miou=0.5780 f1=0.7044 time=22.8s
[Epoch 932] loss=0.0401 miou=0.5736 f1=0.6972 time=22.7s
[Epoch 933] loss=0.0378 miou=0.5768 f1=0.6988 time=22.7s
[Epoch 934] loss=0.0400 miou=0.5836 f1=0.7069 time=22.7s
[Epoch 935] loss=0.0394 miou=0.5797 f1=0.7046 time=22.8s
[Epoch 936] loss=0.0393 miou=0.5834 f1=0.7056 time=22.7s
[Epoch 937] loss=0.0392 miou=0.5843 f1=0.7080 time=22.8s
[Epoch 938] loss=0.0447 miou=0.5812 f1=0.7052 time=22.7s
[Epoch 939] loss=0.0449 miou=0.5886 f1=0.7109 time=22.8s
[Epoch 940] loss=0.0399 miou=0.5760 f1=0.7022 time=22.8s
[Epoch 941] loss=0.0483 miou=0.5754 f1=0.7006 time=22.8s
[Epoch 942] loss=0.0593 miou=0.5712 f1=0.6989 time=22.8s
[Epoch 943] loss=0.0442 miou=0.5803 f1=0.7051 time=22.8s
[Epoch 944] loss=0.0375 miou=0.5821 f1=0.7052 time=22.8s
[Epoch 945] loss=0.0447 miou=0.5793 f1=0.7037 time=22.8s
[Epoch 946] loss=0.0453 miou=0.5679 f1=0.6936 time=22.7s
[Epoch 947] loss=0.0401 miou=0.5792 f1=0.7018 time=22.7s
[Epoch 948] loss=0.0375 miou=0.5695 f1=0.6956 time=22.8s
[Epoch 949] loss=0.0367 miou=0.5781 f1=0.7032 time=22.8s
[Epoch 950] loss=0.0308 miou=0.5799 f1=0.7053 time=22.8s
[Epoch 951] loss=0.0319 miou=0.5833 f1=0.7089 time=22.8s
[Epoch 952] loss=0.0395 miou=0.5859 f1=0.7122 time=22.8s
[Epoch 953] loss=0.0339 miou=0.5815 f1=0.7071 time=22.9s
[Epoch 954] loss=0.0308 miou=0.5891 f1=0.7114 time=22.8s
[Epoch 955] loss=0.0334 miou=0.5696 f1=0.6947 time=22.8s
[Epoch 956] loss=0.0335 miou=0.5816 f1=0.7073 time=22.8s
[Epoch 957] loss=0.0375 miou=0.5757 f1=0.7017 time=22.8s
[Epoch 958] loss=0.0521 miou=0.5775 f1=0.7036 time=22.8s
[Epoch 959] loss=0.0456 miou=0.5749 f1=0.6996 time=22.8s
[Epoch 960] loss=0.0396 miou=0.5834 f1=0.7077 time=22.6s
[Epoch 961] loss=0.0398 miou=0.5736 f1=0.6992 time=22.8s
[Epoch 962] loss=0.0485 miou=0.5862 f1=0.7090 time=22.7s
[Epoch 963] loss=0.0406 miou=0.5904 f1=0.7121 time=22.8s
[Epoch 964] loss=0.0420 miou=0.5832 f1=0.7076 time=22.8s
[Epoch 965] loss=0.0442 miou=0.5927 f1=0.7165 time=22.7s
[Epoch 966] loss=0.0395 miou=0.5975 f1=0.7220 time=22.8s
[Epoch 967] loss=0.0392 miou=0.5983 f1=0.7230 time=22.7s
[Epoch 968] loss=0.0373 miou=0.5932 f1=0.7185 time=22.8s
[Epoch 969] loss=0.0340 miou=0.5909 f1=0.7166 time=22.7s
[Epoch 970] loss=0.0367 miou=0.5956 f1=0.7223 time=22.8s
[Epoch 971] loss=0.0370 miou=0.5917 f1=0.7174 time=22.7s
[Epoch 972] loss=0.0336 miou=0.5914 f1=0.7181 time=22.7s
[Epoch 973] loss=0.0313 miou=0.5896 f1=0.7153 time=22.6s
[Epoch 974] loss=0.0326 miou=0.5895 f1=0.7158 time=22.6s
[Epoch 975] loss=0.0402 miou=0.5885 f1=0.7128 time=22.8s
[Epoch 976] loss=0.0325 miou=0.5883 f1=0.7130 time=22.7s
[Epoch 977] loss=0.0319 miou=0.5860 f1=0.7087 time=22.8s
[Epoch 978] loss=0.0343 miou=0.5862 f1=0.7099 time=22.8s
[Epoch 979] loss=0.0340 miou=0.5875 f1=0.7124 time=22.8s
[Epoch 980] loss=0.0320 miou=0.5885 f1=0.7142 time=22.7s
[Epoch 981] loss=0.0301 miou=0.5887 f1=0.7143 time=22.7s
[Epoch 982] loss=0.0294 miou=0.5932 f1=0.7172 time=22.8s
[Epoch 983] loss=0.0370 miou=0.5856 f1=0.7081 time=22.7s
[Epoch 984] loss=0.0310 miou=0.5834 f1=0.7107 time=22.8s
[Epoch 985] loss=0.0399 miou=0.5803 f1=0.7065 time=22.8s
[Epoch 986] loss=0.0357 miou=0.5867 f1=0.7116 time=22.7s
[Epoch 987] loss=0.0327 miou=0.5812 f1=0.7067 time=22.8s
[Epoch 988] loss=0.0322 miou=0.5787 f1=0.7067 time=22.7s
[Epoch 989] loss=0.0305 miou=0.5834 f1=0.7102 time=22.7s
[Epoch 990] loss=0.0360 miou=0.5888 f1=0.7133 time=22.6s
[Epoch 991] loss=0.0330 miou=0.5881 f1=0.7139 time=22.7s
[Epoch 992] loss=0.0330 miou=0.5820 f1=0.7089 time=22.7s
[Epoch 993] loss=0.0331 miou=0.5823 f1=0.7112 time=22.7s
[Epoch 994] loss=0.0327 miou=0.5830 f1=0.7106 time=22.6s
[Epoch 995] loss=0.0381 miou=0.5816 f1=0.7074 time=22.7s
[Epoch 996] loss=0.0443 miou=0.5885 f1=0.7130 time=22.7s
[Epoch 997] loss=0.0333 miou=0.5937 f1=0.7194 time=22.8s
[Epoch 998] loss=0.0343 miou=0.5780 f1=0.7006 time=22.8s
[Epoch 999] loss=0.0368 miou=0.5910 f1=0.7133 time=22.8s
[Epoch 1000] loss=0.0335 miou=0.5810 f1=0.7057 time=22.8s
