nohup: ignoring input
Run directory: ./outputs_sam_sirst_hq/NUDT-SIRST_model-vitt_size256_use_HQ_param_bs4e1000kp1_split-50_50_20250917_115853
[build_efficient_sam_hq] Partially loaded 253 tensors from baseline (278 scanned).
/home/bip/cry/anaconda3/lib/python3.9/site-packages/torch/cuda/__init__.py:611: UserWarning: Can't initialize NVML
  warnings.warn("Can't initialize NVML")
[Epoch 001] loss=1.2802 miou=0.0028 f1=0.0051 time=47.1s
[Epoch 002] loss=0.5876 miou=0.5781 f1=0.7044 time=45.4s
[Epoch 003] loss=0.3505 miou=0.6536 f1=0.7678 time=45.8s
[Epoch 004] loss=0.3065 miou=0.6715 f1=0.7836 time=46.1s
[Epoch 005] loss=0.2977 miou=0.6772 f1=0.7887 time=46.2s
[Epoch 006] loss=0.2925 miou=0.6543 f1=0.7713 time=45.3s
[Epoch 007] loss=0.2728 miou=0.7017 f1=0.8082 time=46.5s
[Epoch 008] loss=0.2715 miou=0.6938 f1=0.8033 time=46.6s
[Epoch 009] loss=0.2677 miou=0.7003 f1=0.8081 time=45.9s
[Epoch 010] loss=0.2566 miou=0.7055 f1=0.8122 time=45.9s
[Epoch 011] loss=0.2522 miou=0.6979 f1=0.8044 time=46.1s
[Epoch 012] loss=0.2487 miou=0.7210 f1=0.8240 time=45.5s
[Epoch 013] loss=0.2542 miou=0.7300 f1=0.8305 time=45.3s
[Epoch 014] loss=0.2480 miou=0.7340 f1=0.8323 time=46.5s
[Epoch 015] loss=0.2364 miou=0.7216 f1=0.8252 time=45.5s
[Epoch 016] loss=0.2364 miou=0.7306 f1=0.8306 time=45.1s
[Epoch 017] loss=0.2355 miou=0.7197 f1=0.8207 time=46.2s
[Epoch 018] loss=0.2286 miou=0.7407 f1=0.8385 time=46.3s
[Epoch 019] loss=0.2260 miou=0.7415 f1=0.8394 time=46.4s
[Epoch 020] loss=0.2243 miou=0.7491 f1=0.8447 time=46.0s
[Epoch 021] loss=0.2234 miou=0.7400 f1=0.8370 time=45.1s
[Epoch 022] loss=0.2218 miou=0.7538 f1=0.8479 time=46.0s
[Epoch 023] loss=0.2188 miou=0.7568 f1=0.8495 time=46.4s
[Epoch 024] loss=0.2241 miou=0.7552 f1=0.8484 time=45.8s
[Epoch 025] loss=0.2173 miou=0.7507 f1=0.8449 time=45.6s
[Epoch 026] loss=0.2229 miou=0.7182 f1=0.8218 time=46.4s
[Epoch 027] loss=0.2169 miou=0.7443 f1=0.8411 time=46.4s
[Epoch 028] loss=0.2144 miou=0.7595 f1=0.8517 time=45.7s
[Epoch 029] loss=0.2137 miou=0.7607 f1=0.8532 time=45.3s
[Epoch 030] loss=0.2076 miou=0.7670 f1=0.8566 time=45.3s
[Epoch 031] loss=0.2100 miou=0.7432 f1=0.8402 time=45.5s
[Epoch 032] loss=0.2096 miou=0.7535 f1=0.8476 time=45.2s
[Epoch 033] loss=0.2109 miou=0.7653 f1=0.8558 time=45.3s
[Epoch 034] loss=0.2027 miou=0.7504 f1=0.8454 time=45.2s
[Epoch 035] loss=0.2049 miou=0.7464 f1=0.8419 time=45.3s
[Epoch 036] loss=0.2001 miou=0.7731 f1=0.8609 time=45.2s
[Epoch 037] loss=0.1997 miou=0.7671 f1=0.8569 time=45.2s
[Epoch 038] loss=0.2018 miou=0.7610 f1=0.8526 time=45.8s
[Epoch 039] loss=0.2061 miou=0.7716 f1=0.8605 time=45.3s
[Epoch 040] loss=0.2002 miou=0.7732 f1=0.8611 time=45.4s
[Epoch 041] loss=0.1973 miou=0.7461 f1=0.8417 time=45.4s
[Epoch 042] loss=0.1905 miou=0.7375 f1=0.8355 time=45.4s
[Epoch 043] loss=0.1954 miou=0.7756 f1=0.8631 time=45.3s
[Epoch 044] loss=0.1920 miou=0.7346 f1=0.8322 time=46.6s
[Epoch 045] loss=0.1935 miou=0.7412 f1=0.8390 time=45.3s
[Epoch 046] loss=0.1971 miou=0.7679 f1=0.8576 time=45.3s
[Epoch 047] loss=0.1920 miou=0.7626 f1=0.8538 time=46.6s
[Epoch 048] loss=0.1938 miou=0.7675 f1=0.8565 time=46.5s
[Epoch 049] loss=0.1917 miou=0.7775 f1=0.8646 time=46.5s
[Epoch 050] loss=0.1891 miou=0.7724 f1=0.8596 time=46.6s
[Epoch 051] loss=0.1894 miou=0.7631 f1=0.8520 time=46.7s
[Epoch 052] loss=0.1880 miou=0.7724 f1=0.8606 time=44.6s
[Epoch 053] loss=0.1846 miou=0.7705 f1=0.8599 time=45.4s
[Epoch 054] loss=0.1828 miou=0.7781 f1=0.8647 time=45.7s
[Epoch 055] loss=0.1871 miou=0.7784 f1=0.8642 time=45.3s
[Epoch 056] loss=0.1851 miou=0.7503 f1=0.8455 time=45.4s
[Epoch 057] loss=0.1860 miou=0.7825 f1=0.8675 time=45.4s
[Epoch 058] loss=0.1889 miou=0.7714 f1=0.8587 time=45.2s
[Epoch 059] loss=0.1816 miou=0.7816 f1=0.8674 time=45.4s
[Epoch 060] loss=0.1842 miou=0.7756 f1=0.8632 time=45.4s
[Epoch 061] loss=0.1824 miou=0.7790 f1=0.8650 time=45.5s
[Epoch 062] loss=0.1815 miou=0.7814 f1=0.8670 time=46.0s
[Epoch 063] loss=0.1781 miou=0.7778 f1=0.8652 time=46.3s
[Epoch 064] loss=0.1817 miou=0.7792 f1=0.8659 time=46.6s
[Epoch 065] loss=0.1774 miou=0.7777 f1=0.8647 time=46.8s
[Epoch 066] loss=0.1792 miou=0.7820 f1=0.8672 time=46.8s
[Epoch 067] loss=0.1811 miou=0.7774 f1=0.8632 time=45.5s
[Epoch 068] loss=0.1755 miou=0.7813 f1=0.8674 time=45.5s
[Epoch 069] loss=0.1812 miou=0.7813 f1=0.8662 time=45.6s
[Epoch 070] loss=0.1772 miou=0.7753 f1=0.8633 time=46.5s
[Epoch 071] loss=0.1767 miou=0.7703 f1=0.8596 time=45.5s
[Epoch 072] loss=0.1783 miou=0.7615 f1=0.8526 time=45.7s
[Epoch 073] loss=0.1751 miou=0.7661 f1=0.8564 time=45.5s
[Epoch 074] loss=0.1742 miou=0.7809 f1=0.8648 time=45.5s
[Epoch 075] loss=0.1756 miou=0.7743 f1=0.8620 time=45.4s
[Epoch 076] loss=0.1762 miou=0.7883 f1=0.8712 time=45.4s
[Epoch 077] loss=0.1695 miou=0.7789 f1=0.8655 time=45.5s
[Epoch 078] loss=0.1736 miou=0.7581 f1=0.8511 time=45.4s
[Epoch 079] loss=0.1728 miou=0.7816 f1=0.8678 time=45.3s
[Epoch 080] loss=0.1698 miou=0.7890 f1=0.8721 time=45.3s
[Epoch 081] loss=0.1723 miou=0.7852 f1=0.8693 time=45.4s
[Epoch 082] loss=0.1747 miou=0.7892 f1=0.8719 time=45.4s
[Epoch 083] loss=0.1703 miou=0.7763 f1=0.8639 time=45.4s
[Epoch 084] loss=0.1699 miou=0.7602 f1=0.8528 time=45.3s
[Epoch 085] loss=0.1684 miou=0.7744 f1=0.8627 time=45.3s
[Epoch 086] loss=0.1720 miou=0.7703 f1=0.8598 time=45.3s
[Epoch 087] loss=0.1751 miou=0.7882 f1=0.8710 time=45.3s
[Epoch 088] loss=0.1699 miou=0.7875 f1=0.8715 time=45.3s
[Epoch 089] loss=0.1677 miou=0.7834 f1=0.8681 time=45.3s
[Epoch 090] loss=0.1684 miou=0.7700 f1=0.8584 time=45.3s
[Epoch 091] loss=0.1703 miou=0.7775 f1=0.8646 time=45.3s
[Epoch 092] loss=0.1671 miou=0.7840 f1=0.8688 time=45.3s
[Epoch 093] loss=0.1664 miou=0.7788 f1=0.8646 time=45.2s
[Epoch 094] loss=0.1629 miou=0.7839 f1=0.8688 time=45.2s
[Epoch 095] loss=0.1628 miou=0.7889 f1=0.8708 time=45.3s
[Epoch 096] loss=0.1717 miou=0.7916 f1=0.8738 time=45.4s
[Epoch 097] loss=0.1675 miou=0.7895 f1=0.8724 time=45.2s
[Epoch 098] loss=0.1645 miou=0.7887 f1=0.8709 time=45.3s
[Epoch 099] loss=0.1626 miou=0.7879 f1=0.8711 time=45.2s
[Epoch 100] loss=0.1592 miou=0.7802 f1=0.8668 time=44.4s
[Epoch 101] loss=0.1661 miou=0.7834 f1=0.8680 time=45.4s
[Epoch 102] loss=0.1674 miou=0.7709 f1=0.8598 time=45.5s
[Epoch 103] loss=0.1662 miou=0.7929 f1=0.8746 time=45.3s
[Epoch 104] loss=0.1615 miou=0.7785 f1=0.8653 time=45.3s
[Epoch 105] loss=0.1604 miou=0.7871 f1=0.8705 time=45.2s
[Epoch 106] loss=0.1615 miou=0.7953 f1=0.8759 time=45.2s
[Epoch 107] loss=0.1652 miou=0.7919 f1=0.8737 time=45.3s
[Epoch 108] loss=0.1607 miou=0.7785 f1=0.8646 time=45.2s
[Epoch 109] loss=0.1608 miou=0.7796 f1=0.8663 time=45.1s
[Epoch 110] loss=0.1612 miou=0.7907 f1=0.8731 time=45.3s
[Epoch 111] loss=0.1577 miou=0.7823 f1=0.8681 time=45.4s
[Epoch 112] loss=0.1582 miou=0.7849 f1=0.8689 time=45.3s
[Epoch 113] loss=0.1574 miou=0.7913 f1=0.8730 time=45.4s
[Epoch 114] loss=0.1572 miou=0.7903 f1=0.8728 time=45.5s
[Epoch 115] loss=0.1584 miou=0.7827 f1=0.8675 time=45.5s
[Epoch 116] loss=0.1563 miou=0.7886 f1=0.8715 time=45.3s
[Epoch 117] loss=0.1611 miou=0.7850 f1=0.8687 time=45.3s
[Epoch 118] loss=0.1578 miou=0.7812 f1=0.8668 time=45.4s
[Epoch 119] loss=0.1526 miou=0.7845 f1=0.8685 time=45.4s
[Epoch 120] loss=0.1567 miou=0.7806 f1=0.8666 time=45.2s
[Epoch 121] loss=0.1579 miou=0.7800 f1=0.8663 time=45.3s
[Epoch 122] loss=0.1566 miou=0.7891 f1=0.8714 time=45.3s
[Epoch 123] loss=0.1551 miou=0.7837 f1=0.8681 time=45.3s
[Epoch 124] loss=0.1592 miou=0.7782 f1=0.8645 time=45.3s
[Epoch 125] loss=0.1528 miou=0.7842 f1=0.8675 time=45.2s
[Epoch 126] loss=0.1560 miou=0.7823 f1=0.8676 time=45.2s
[Epoch 127] loss=0.1542 miou=0.7856 f1=0.8695 time=45.2s
[Epoch 128] loss=0.1546 miou=0.7960 f1=0.8756 time=45.2s
[Epoch 129] loss=0.1562 miou=0.7813 f1=0.8660 time=45.2s
[Epoch 130] loss=0.1569 miou=0.7872 f1=0.8710 time=45.2s
[Epoch 131] loss=0.1550 miou=0.7909 f1=0.8730 time=45.2s
[Epoch 132] loss=0.1547 miou=0.7853 f1=0.8696 time=45.2s
[Epoch 133] loss=0.1531 miou=0.7824 f1=0.8666 time=45.1s
[Epoch 134] loss=0.1523 miou=0.7898 f1=0.8713 time=45.2s
[Epoch 135] loss=0.1525 miou=0.7873 f1=0.8706 time=45.2s
[Epoch 136] loss=0.1508 miou=0.7763 f1=0.8627 time=45.2s
[Epoch 137] loss=0.1511 miou=0.7903 f1=0.8726 time=45.2s
[Epoch 138] loss=0.1501 miou=0.7875 f1=0.8708 time=45.2s
[Epoch 139] loss=0.1507 miou=0.7891 f1=0.8711 time=45.3s
[Epoch 140] loss=0.1530 miou=0.7852 f1=0.8700 time=44.4s
[Epoch 141] loss=0.1508 miou=0.7880 f1=0.8712 time=45.1s
[Epoch 142] loss=0.1508 miou=0.7859 f1=0.8682 time=45.4s
[Epoch 143] loss=0.1520 miou=0.7865 f1=0.8705 time=46.4s
[Epoch 144] loss=0.1498 miou=0.7880 f1=0.8710 time=45.8s
[Epoch 145] loss=0.1519 miou=0.7833 f1=0.8683 time=44.8s
[Epoch 146] loss=0.1529 miou=0.7810 f1=0.8667 time=45.2s
[Epoch 147] loss=0.1522 miou=0.7877 f1=0.8705 time=45.9s
[Epoch 148] loss=0.1471 miou=0.7827 f1=0.8677 time=46.5s
[Epoch 149] loss=0.1512 miou=0.7862 f1=0.8696 time=46.5s
[Epoch 150] loss=0.1464 miou=0.7899 f1=0.8730 time=46.5s
[Epoch 151] loss=0.1531 miou=0.7827 f1=0.8672 time=46.5s
[Epoch 152] loss=0.1486 miou=0.7875 f1=0.8706 time=45.9s
[Epoch 153] loss=0.1483 miou=0.7889 f1=0.8711 time=45.3s
[Epoch 154] loss=0.1508 miou=0.7802 f1=0.8654 time=45.2s
[Epoch 155] loss=0.1462 miou=0.7856 f1=0.8690 time=45.1s
[Epoch 156] loss=0.1487 miou=0.7858 f1=0.8686 time=45.2s
[Epoch 157] loss=0.1466 miou=0.7792 f1=0.8653 time=46.5s
[Epoch 158] loss=0.1447 miou=0.7872 f1=0.8711 time=45.9s
[Epoch 159] loss=0.1476 miou=0.7847 f1=0.8697 time=45.7s
[Epoch 160] loss=0.1468 miou=0.7872 f1=0.8709 time=46.1s
[Epoch 161] loss=0.1455 miou=0.7953 f1=0.8757 time=46.6s
[Epoch 162] loss=0.1489 miou=0.7855 f1=0.8687 time=46.5s
[Epoch 163] loss=0.1443 miou=0.7782 f1=0.8650 time=45.1s
[Epoch 164] loss=0.1468 miou=0.7928 f1=0.8737 time=45.1s
[Epoch 165] loss=0.1461 miou=0.7881 f1=0.8714 time=45.1s
[Epoch 166] loss=0.1460 miou=0.7899 f1=0.8725 time=45.1s
[Epoch 167] loss=0.1420 miou=0.7904 f1=0.8720 time=45.9s
[Epoch 168] loss=0.1440 miou=0.7899 f1=0.8724 time=45.4s
[Epoch 169] loss=0.1476 miou=0.7852 f1=0.8693 time=45.2s
[Epoch 170] loss=0.1437 miou=0.7793 f1=0.8652 time=46.2s
[Epoch 171] loss=0.1439 miou=0.7877 f1=0.8707 time=45.4s
[Epoch 172] loss=0.1412 miou=0.7868 f1=0.8698 time=45.2s
[Epoch 173] loss=0.1427 miou=0.7914 f1=0.8713 time=45.1s
[Epoch 174] loss=0.1408 miou=0.7875 f1=0.8710 time=45.2s
[Epoch 175] loss=0.1464 miou=0.7767 f1=0.8628 time=45.2s
[Epoch 176] loss=0.1423 miou=0.7840 f1=0.8678 time=45.2s
[Epoch 177] loss=0.1469 miou=0.7849 f1=0.8691 time=45.2s
[Epoch 178] loss=0.1441 miou=0.7915 f1=0.8736 time=45.1s
[Epoch 179] loss=0.1435 miou=0.7917 f1=0.8727 time=45.2s
[Epoch 180] loss=0.1402 miou=0.7926 f1=0.8738 time=45.2s
[Epoch 181] loss=0.1432 miou=0.7869 f1=0.8702 time=45.2s
[Epoch 182] loss=0.1439 miou=0.7895 f1=0.8716 time=45.2s
[Epoch 183] loss=0.1397 miou=0.7833 f1=0.8680 time=45.3s
[Epoch 184] loss=0.1420 miou=0.7900 f1=0.8720 time=45.1s
[Epoch 185] loss=0.1415 miou=0.7805 f1=0.8662 time=45.0s
[Epoch 186] loss=0.1412 miou=0.7876 f1=0.8704 time=45.1s
[Epoch 187] loss=0.1409 miou=0.7849 f1=0.8687 time=45.2s
[Epoch 188] loss=0.1439 miou=0.7904 f1=0.8722 time=45.1s
[Epoch 189] loss=0.1380 miou=0.7926 f1=0.8741 time=45.0s
[Epoch 190] loss=0.1444 miou=0.7758 f1=0.8631 time=45.1s
[Epoch 191] loss=0.1417 miou=0.7869 f1=0.8702 time=45.2s
[Epoch 192] loss=0.1429 miou=0.7905 f1=0.8717 time=45.1s
[Epoch 193] loss=0.1432 miou=0.7834 f1=0.8679 time=45.2s
[Epoch 194] loss=0.1411 miou=0.7838 f1=0.8682 time=45.1s
[Epoch 195] loss=0.1424 miou=0.7819 f1=0.8667 time=45.1s
[Epoch 196] loss=0.1397 miou=0.7852 f1=0.8686 time=45.1s
[Epoch 197] loss=0.1394 miou=0.7950 f1=0.8754 time=45.1s
[Epoch 198] loss=0.1393 miou=0.7913 f1=0.8741 time=45.1s
[Epoch 199] loss=0.1395 miou=0.7828 f1=0.8677 time=45.1s
[Epoch 200] loss=0.1393 miou=0.7882 f1=0.8709 time=45.1s
[Epoch 201] loss=0.1433 miou=0.7871 f1=0.8708 time=45.1s
[Epoch 202] loss=0.1398 miou=0.7951 f1=0.8769 time=45.2s
[Epoch 203] loss=0.1389 miou=0.7886 f1=0.8720 time=45.2s
[Epoch 204] loss=0.1391 miou=0.7888 f1=0.8713 time=45.0s
[Epoch 205] loss=0.1357 miou=0.7870 f1=0.8701 time=45.1s
[Epoch 206] loss=0.1369 miou=0.7882 f1=0.8712 time=45.1s
[Epoch 207] loss=0.1361 miou=0.7780 f1=0.8652 time=45.1s
[Epoch 208] loss=0.1416 miou=0.7900 f1=0.8722 time=45.2s
[Epoch 209] loss=0.1395 miou=0.7864 f1=0.8701 time=45.0s
[Epoch 210] loss=0.1397 miou=0.7936 f1=0.8747 time=45.1s
[Epoch 211] loss=0.1383 miou=0.7866 f1=0.8701 time=45.1s
[Epoch 212] loss=0.1371 miou=0.7822 f1=0.8672 time=45.0s
[Epoch 213] loss=0.1377 miou=0.7937 f1=0.8751 time=45.1s
[Epoch 214] loss=0.1349 miou=0.7871 f1=0.8702 time=46.4s
[Epoch 215] loss=0.1342 miou=0.7923 f1=0.8743 time=46.4s
[Epoch 216] loss=0.1373 miou=0.7918 f1=0.8732 time=45.8s
[Epoch 217] loss=0.1340 miou=0.7915 f1=0.8729 time=46.4s
[Epoch 218] loss=0.1367 miou=0.7896 f1=0.8727 time=45.8s
[Epoch 219] loss=0.1377 miou=0.7914 f1=0.8736 time=45.8s
[Epoch 220] loss=0.1346 miou=0.7899 f1=0.8727 time=45.8s
[Epoch 221] loss=0.1375 miou=0.7855 f1=0.8695 time=45.3s
[Epoch 222] loss=0.1329 miou=0.7921 f1=0.8742 time=45.2s
[Epoch 223] loss=0.1322 miou=0.7888 f1=0.8714 time=44.4s
[Epoch 224] loss=0.1311 miou=0.7819 f1=0.8669 time=44.3s
[Epoch 225] loss=0.1326 miou=0.7899 f1=0.8724 time=45.5s
[Epoch 226] loss=0.1355 miou=0.7867 f1=0.8707 time=45.6s
[Epoch 227] loss=0.1361 miou=0.7844 f1=0.8671 time=45.0s
[Epoch 228] loss=0.1328 miou=0.7862 f1=0.8702 time=45.0s
[Epoch 229] loss=0.1360 miou=0.7736 f1=0.8614 time=44.4s
[Epoch 230] loss=0.1345 miou=0.7876 f1=0.8707 time=44.3s
[Epoch 231] loss=0.1324 miou=0.7846 f1=0.8685 time=44.3s
[Epoch 232] loss=0.1358 miou=0.7845 f1=0.8682 time=44.5s
[Epoch 233] loss=0.1332 miou=0.7925 f1=0.8746 time=44.3s
[Epoch 234] loss=0.1329 miou=0.7791 f1=0.8649 time=44.6s
[Epoch 235] loss=0.1327 miou=0.7857 f1=0.8697 time=45.1s
[Epoch 236] loss=0.1359 miou=0.7853 f1=0.8680 time=45.0s
[Epoch 237] loss=0.1338 miou=0.7845 f1=0.8684 time=45.0s
[Epoch 238] loss=0.1336 miou=0.7966 f1=0.8772 time=45.0s
[Epoch 239] loss=0.1304 miou=0.8009 f1=0.8797 time=45.1s
[Epoch 240] loss=0.1303 miou=0.7914 f1=0.8728 time=45.1s
[Epoch 241] loss=0.1305 miou=0.7899 f1=0.8727 time=45.1s
[Epoch 242] loss=0.1317 miou=0.7880 f1=0.8710 time=45.0s
[Epoch 243] loss=0.1318 miou=0.7874 f1=0.8707 time=45.1s
[Epoch 244] loss=0.1321 miou=0.7870 f1=0.8705 time=45.1s
[Epoch 245] loss=0.1324 miou=0.7890 f1=0.8725 time=45.2s
[Epoch 246] loss=0.1303 miou=0.7905 f1=0.8723 time=45.2s
[Epoch 247] loss=0.1311 miou=0.7889 f1=0.8714 time=45.1s
[Epoch 248] loss=0.1302 miou=0.7858 f1=0.8691 time=45.1s
[Epoch 249] loss=0.1305 miou=0.7948 f1=0.8759 time=45.6s
[Epoch 250] loss=0.1288 miou=0.7865 f1=0.8702 time=45.6s
Unfroze at epoch 250: encoder + all heads.
[Epoch 251] loss=0.1731 miou=0.7622 f1=0.8555 time=71.8s
[Epoch 252] loss=0.1576 miou=0.7979 f1=0.8797 time=71.3s
[Epoch 253] loss=0.1563 miou=0.7993 f1=0.8754 time=70.6s
[Epoch 254] loss=0.1609 miou=0.8173 f1=0.8921 time=70.7s
[Epoch 255] loss=0.1429 miou=0.7990 f1=0.8799 time=71.5s
[Epoch 256] loss=0.1435 miou=0.8285 f1=0.9006 time=71.7s
[Epoch 257] loss=0.1386 miou=0.8176 f1=0.8913 time=71.8s
[Epoch 258] loss=0.1470 miou=0.8127 f1=0.8909 time=71.3s
[Epoch 259] loss=0.1372 miou=0.8365 f1=0.9049 time=70.5s
[Epoch 260] loss=0.1329 miou=0.8251 f1=0.8976 time=70.6s
[Epoch 261] loss=0.1372 miou=0.8434 f1=0.9094 time=70.5s
[Epoch 262] loss=0.1179 miou=0.8544 f1=0.9164 time=70.5s
[Epoch 263] loss=0.1141 miou=0.8492 f1=0.9136 time=70.5s
[Epoch 264] loss=0.1247 miou=0.8621 f1=0.9212 time=70.4s
[Epoch 265] loss=0.1155 miou=0.8337 f1=0.9017 time=70.6s
[Epoch 266] loss=0.1147 miou=0.8436 f1=0.9088 time=70.8s
[Epoch 267] loss=0.1093 miou=0.8614 f1=0.9203 time=70.4s
[Epoch 268] loss=0.1045 miou=0.8757 f1=0.9283 time=70.7s
[Epoch 269] loss=0.1015 miou=0.8733 f1=0.9277 time=70.8s
[Epoch 270] loss=0.1039 miou=0.8696 f1=0.9247 time=70.4s
[Epoch 271] loss=0.1125 miou=0.8702 f1=0.9263 time=70.7s
[Epoch 272] loss=0.1091 miou=0.8585 f1=0.9184 time=70.5s
[Epoch 273] loss=0.1058 miou=0.8765 f1=0.9298 time=70.4s
[Epoch 274] loss=0.0958 miou=0.8859 f1=0.9354 time=70.5s
[Epoch 275] loss=0.0955 miou=0.8829 f1=0.9338 time=70.8s
[Epoch 276] loss=0.0924 miou=0.8878 f1=0.9368 time=70.4s
[Epoch 277] loss=0.0942 miou=0.8756 f1=0.9287 time=70.7s
[Epoch 278] loss=0.0939 miou=0.8802 f1=0.9292 time=70.4s
[Epoch 279] loss=0.0940 miou=0.8816 f1=0.9328 time=70.7s
[Epoch 280] loss=0.0881 miou=0.8829 f1=0.9334 time=70.7s
[Epoch 281] loss=0.0922 miou=0.8897 f1=0.9375 time=70.8s
[Epoch 282] loss=0.0870 miou=0.8876 f1=0.9362 time=70.8s
[Epoch 283] loss=0.0893 miou=0.8902 f1=0.9378 time=70.8s
[Epoch 284] loss=0.0846 miou=0.8902 f1=0.9376 time=70.8s
[Epoch 285] loss=0.0853 miou=0.8991 f1=0.9426 time=70.9s
[Epoch 286] loss=0.0834 miou=0.8948 f1=0.9399 time=70.8s
[Epoch 287] loss=0.0861 miou=0.8920 f1=0.9384 time=70.7s
[Epoch 288] loss=0.0846 miou=0.8924 f1=0.9384 time=70.8s
[Epoch 289] loss=0.0842 miou=0.8841 f1=0.9338 time=70.9s
[Epoch 290] loss=0.1125 miou=0.8798 f1=0.9309 time=71.5s
[Epoch 291] loss=0.0940 miou=0.8673 f1=0.9220 time=71.6s
[Epoch 292] loss=0.0881 miou=0.8980 f1=0.9421 time=71.5s
[Epoch 293] loss=0.0805 miou=0.8976 f1=0.9418 time=71.5s
[Epoch 294] loss=0.0836 miou=0.8912 f1=0.9382 time=71.2s
[Epoch 295] loss=0.0814 miou=0.8909 f1=0.9363 time=71.3s
[Epoch 296] loss=0.0816 miou=0.8953 f1=0.9395 time=71.2s
[Epoch 297] loss=0.0816 miou=0.8855 f1=0.9336 time=71.7s
[Epoch 298] loss=0.0968 miou=0.8963 f1=0.9411 time=71.8s
[Epoch 299] loss=0.0839 miou=0.8939 f1=0.9390 time=71.5s
[Epoch 300] loss=0.0815 miou=0.8988 f1=0.9415 time=71.4s
[Epoch 301] loss=0.0777 miou=0.8879 f1=0.9353 time=71.4s
[Epoch 302] loss=0.0766 miou=0.8927 f1=0.9388 time=71.5s
[Epoch 303] loss=0.0745 miou=0.8977 f1=0.9418 time=72.2s
[Epoch 304] loss=0.0721 miou=0.9025 f1=0.9443 time=71.5s
[Epoch 305] loss=0.0758 miou=0.9021 f1=0.9444 time=71.6s
[Epoch 306] loss=0.0741 miou=0.9034 f1=0.9446 time=71.4s
[Epoch 307] loss=0.0759 miou=0.8967 f1=0.9411 time=71.6s
[Epoch 308] loss=0.0728 miou=0.9045 f1=0.9456 time=70.9s
[Epoch 309] loss=0.0738 miou=0.8955 f1=0.9402 time=70.8s
[Epoch 310] loss=0.0736 miou=0.8946 f1=0.9403 time=70.9s
[Epoch 311] loss=0.0741 miou=0.9054 f1=0.9461 time=70.8s
[Epoch 312] loss=0.0782 miou=0.8978 f1=0.9414 time=72.4s
[Epoch 313] loss=0.0746 miou=0.8970 f1=0.9413 time=72.0s
[Epoch 314] loss=0.0781 miou=0.9025 f1=0.9436 time=72.2s
[Epoch 315] loss=0.0736 miou=0.9068 f1=0.9469 time=72.2s
[Epoch 316] loss=0.0729 miou=0.8991 f1=0.9423 time=72.3s
[Epoch 317] loss=0.0737 miou=0.8964 f1=0.9401 time=71.7s
[Epoch 318] loss=0.0827 miou=0.8974 f1=0.9411 time=71.6s
[Epoch 319] loss=0.0711 miou=0.8999 f1=0.9428 time=72.4s
[Epoch 320] loss=0.0786 miou=0.8992 f1=0.9422 time=72.4s
[Epoch 321] loss=0.0727 miou=0.9024 f1=0.9446 time=71.0s
[Epoch 322] loss=0.0731 miou=0.8975 f1=0.9405 time=71.0s
[Epoch 323] loss=0.0726 miou=0.9025 f1=0.9437 time=70.9s
[Epoch 324] loss=0.0694 miou=0.9045 f1=0.9457 time=71.6s
[Epoch 325] loss=0.0688 miou=0.8995 f1=0.9427 time=70.8s
[Epoch 326] loss=0.0725 miou=0.9025 f1=0.9442 time=71.1s
[Epoch 327] loss=0.0675 miou=0.9082 f1=0.9473 time=71.7s
[Epoch 328] loss=0.0669 miou=0.9086 f1=0.9477 time=70.9s
[Epoch 329] loss=0.0649 miou=0.9079 f1=0.9472 time=71.9s
[Epoch 330] loss=0.0690 miou=0.9061 f1=0.9462 time=72.3s
[Epoch 331] loss=0.0700 miou=0.9120 f1=0.9497 time=72.2s
[Epoch 332] loss=0.0687 miou=0.9124 f1=0.9501 time=72.3s
[Epoch 333] loss=0.0681 miou=0.9057 f1=0.9466 time=71.6s
[Epoch 334] loss=0.0681 miou=0.9095 f1=0.9484 time=71.6s
[Epoch 335] loss=0.0705 miou=0.8937 f1=0.9396 time=71.6s
[Epoch 336] loss=0.0690 miou=0.8959 f1=0.9406 time=71.6s
[Epoch 337] loss=0.0702 miou=0.9051 f1=0.9461 time=71.6s
[Epoch 338] loss=0.0680 miou=0.9049 f1=0.9462 time=70.9s
[Epoch 339] loss=0.0672 miou=0.9084 f1=0.9478 time=70.9s
[Epoch 340] loss=0.0664 miou=0.9086 f1=0.9479 time=70.8s
[Epoch 341] loss=0.0776 miou=0.8975 f1=0.9407 time=70.9s
[Epoch 342] loss=0.0721 miou=0.9023 f1=0.9444 time=71.6s
[Epoch 343] loss=0.0668 miou=0.9094 f1=0.9483 time=72.3s
[Epoch 344] loss=0.0654 miou=0.9055 f1=0.9459 time=72.3s
[Epoch 345] loss=0.0659 miou=0.9083 f1=0.9479 time=72.3s
[Epoch 346] loss=0.0639 miou=0.9068 f1=0.9473 time=71.2s
[Epoch 347] loss=0.0652 miou=0.9035 f1=0.9451 time=71.7s
[Epoch 348] loss=0.0622 miou=0.9171 f1=0.9528 time=70.9s
[Epoch 349] loss=0.0640 miou=0.9153 f1=0.9521 time=71.0s
[Epoch 350] loss=0.0633 miou=0.9128 f1=0.9501 time=70.9s
[Epoch 351] loss=0.0653 miou=0.9036 f1=0.9448 time=70.9s
[Epoch 352] loss=0.0671 miou=0.8982 f1=0.9382 time=70.8s
[Epoch 353] loss=0.0700 miou=0.9017 f1=0.9430 time=70.9s
[Epoch 354] loss=0.0665 miou=0.9125 f1=0.9506 time=70.9s
[Epoch 355] loss=0.0655 miou=0.9121 f1=0.9500 time=70.8s
[Epoch 356] loss=0.0651 miou=0.9012 f1=0.9437 time=70.9s
[Epoch 357] loss=0.0667 miou=0.9079 f1=0.9479 time=70.9s
[Epoch 358] loss=0.0605 miou=0.9047 f1=0.9463 time=70.9s
[Epoch 359] loss=0.0661 miou=0.9097 f1=0.9487 time=70.8s
[Epoch 360] loss=0.0659 miou=0.9059 f1=0.9472 time=70.9s
[Epoch 361] loss=0.0619 miou=0.9146 f1=0.9520 time=70.9s
[Epoch 362] loss=0.0627 miou=0.9176 f1=0.9537 time=70.9s
[Epoch 363] loss=0.0626 miou=0.9171 f1=0.9536 time=71.0s
[Epoch 364] loss=0.0638 miou=0.9129 f1=0.9510 time=70.9s
[Epoch 365] loss=0.0623 miou=0.9134 f1=0.9511 time=70.9s
[Epoch 366] loss=0.0615 miou=0.9083 f1=0.9476 time=70.8s
[Epoch 367] loss=0.0642 miou=0.9079 f1=0.9471 time=70.8s
[Epoch 368] loss=0.0626 miou=0.9053 f1=0.9454 time=70.8s
[Epoch 369] loss=0.0729 miou=0.8963 f1=0.9406 time=70.9s
[Epoch 370] loss=0.0644 miou=0.9115 f1=0.9494 time=70.5s
[Epoch 371] loss=0.0628 miou=0.9120 f1=0.9498 time=70.5s
[Epoch 372] loss=0.0597 miou=0.9070 f1=0.9471 time=70.6s
[Epoch 373] loss=0.0603 miou=0.9124 f1=0.9504 time=70.9s
[Epoch 374] loss=0.0600 miou=0.9090 f1=0.9475 time=70.9s
[Epoch 375] loss=0.0600 miou=0.9098 f1=0.9486 time=70.9s
[Epoch 376] loss=0.0594 miou=0.9102 f1=0.9487 time=71.0s
[Epoch 377] loss=0.0606 miou=0.9135 f1=0.9505 time=70.9s
[Epoch 378] loss=0.0798 miou=0.8460 f1=0.9044 time=70.9s
[Epoch 379] loss=0.0774 miou=0.9120 f1=0.9498 time=70.9s
[Epoch 380] loss=0.0604 miou=0.9111 f1=0.9492 time=70.9s
[Epoch 381] loss=0.0595 miou=0.9088 f1=0.9479 time=70.9s
[Epoch 382] loss=0.0608 miou=0.9146 f1=0.9515 time=70.5s
[Epoch 383] loss=0.0580 miou=0.9126 f1=0.9503 time=70.8s
[Epoch 384] loss=0.0598 miou=0.9104 f1=0.9487 time=70.9s
[Epoch 385] loss=0.0595 miou=0.9152 f1=0.9518 time=70.8s
[Epoch 386] loss=0.0573 miou=0.9109 f1=0.9494 time=70.9s
[Epoch 387] loss=0.0572 miou=0.9175 f1=0.9532 time=71.0s
[Epoch 388] loss=0.0570 miou=0.9165 f1=0.9525 time=70.7s
[Epoch 389] loss=0.0566 miou=0.9136 f1=0.9509 time=70.9s
[Epoch 390] loss=0.0574 miou=0.9164 f1=0.9526 time=70.8s
[Epoch 391] loss=0.0607 miou=0.9138 f1=0.9509 time=71.0s
[Epoch 392] loss=0.0565 miou=0.9127 f1=0.9502 time=70.8s
[Epoch 393] loss=0.0618 miou=0.9064 f1=0.9465 time=70.8s
[Epoch 394] loss=0.0634 miou=0.9139 f1=0.9511 time=70.8s
[Epoch 395] loss=0.0607 miou=0.9142 f1=0.9515 time=70.9s
[Epoch 396] loss=0.0598 miou=0.9104 f1=0.9490 time=70.9s
[Epoch 397] loss=0.0591 miou=0.9131 f1=0.9506 time=70.9s
[Epoch 398] loss=0.0633 miou=0.9104 f1=0.9486 time=70.9s
[Epoch 399] loss=0.0605 miou=0.9087 f1=0.9473 time=70.9s
[Epoch 400] loss=0.0624 miou=0.9049 f1=0.9453 time=70.9s
[Epoch 401] loss=0.0594 miou=0.9171 f1=0.9530 time=70.9s
[Epoch 402] loss=0.0623 miou=0.9111 f1=0.9497 time=70.9s
[Epoch 403] loss=0.0583 miou=0.9098 f1=0.9488 time=70.9s
[Epoch 404] loss=0.0592 miou=0.9149 f1=0.9517 time=70.9s
[Epoch 405] loss=0.0597 miou=0.9103 f1=0.9489 time=70.9s
[Epoch 406] loss=0.0583 miou=0.9108 f1=0.9490 time=70.8s
[Epoch 407] loss=0.0602 miou=0.9097 f1=0.9481 time=71.1s
[Epoch 408] loss=0.0615 miou=0.9104 f1=0.9490 time=71.1s
[Epoch 409] loss=0.0627 miou=0.9136 f1=0.9507 time=71.1s
[Epoch 410] loss=0.0601 miou=0.9190 f1=0.9535 time=71.1s
[Epoch 411] loss=0.0583 miou=0.9146 f1=0.9510 time=71.1s
[Epoch 412] loss=0.0598 miou=0.9102 f1=0.9478 time=71.0s
[Epoch 413] loss=0.0621 miou=0.9145 f1=0.9508 time=71.1s
[Epoch 414] loss=0.0603 miou=0.9060 f1=0.9462 time=71.1s
[Epoch 415] loss=0.0570 miou=0.9128 f1=0.9501 time=71.1s
[Epoch 416] loss=0.0597 miou=0.9191 f1=0.9537 time=71.0s
[Epoch 417] loss=0.0606 miou=0.9102 f1=0.9485 time=71.1s
[Epoch 418] loss=0.0612 miou=0.9134 f1=0.9502 time=71.2s
[Epoch 419] loss=0.0594 miou=0.9086 f1=0.9473 time=71.0s
[Epoch 420] loss=0.0590 miou=0.9155 f1=0.9515 time=71.0s
[Epoch 421] loss=0.0579 miou=0.9102 f1=0.9486 time=70.9s
[Epoch 422] loss=0.0598 miou=0.9122 f1=0.9497 time=70.9s
[Epoch 423] loss=0.0611 miou=0.9182 f1=0.9532 time=70.9s
[Epoch 424] loss=0.0592 miou=0.9148 f1=0.9514 time=70.9s
[Epoch 425] loss=0.0602 miou=0.9141 f1=0.9507 time=71.0s
[Epoch 426] loss=0.0609 miou=0.9187 f1=0.9536 time=71.0s
[Epoch 427] loss=0.0571 miou=0.9197 f1=0.9542 time=70.9s
[Epoch 428] loss=0.0575 miou=0.9188 f1=0.9537 time=71.0s
[Epoch 429] loss=0.0593 miou=0.9173 f1=0.9526 time=70.8s
[Epoch 430] loss=0.0613 miou=0.9162 f1=0.9521 time=70.6s
[Epoch 431] loss=0.0634 miou=0.9095 f1=0.9485 time=70.8s
[Epoch 432] loss=0.0611 miou=0.9123 f1=0.9503 time=70.8s
[Epoch 433] loss=0.0614 miou=0.9143 f1=0.9505 time=70.9s
[Epoch 434] loss=0.0656 miou=0.9076 f1=0.9476 time=70.9s
[Epoch 435] loss=0.0656 miou=0.9105 f1=0.9482 time=71.0s
[Epoch 436] loss=0.0633 miou=0.9163 f1=0.9529 time=70.9s
[Epoch 437] loss=0.0573 miou=0.9165 f1=0.9523 time=70.9s
[Epoch 438] loss=0.0594 miou=0.9162 f1=0.9517 time=70.9s
[Epoch 439] loss=0.0591 miou=0.9172 f1=0.9524 time=70.9s
[Epoch 440] loss=0.0588 miou=0.9201 f1=0.9541 time=70.9s
[Epoch 441] loss=0.0606 miou=0.9139 f1=0.9509 time=71.0s
[Epoch 442] loss=0.0605 miou=0.9138 f1=0.9502 time=71.0s
[Epoch 443] loss=0.0591 miou=0.9163 f1=0.9520 time=70.9s
[Epoch 444] loss=0.0596 miou=0.9156 f1=0.9514 time=71.0s
[Epoch 445] loss=0.0598 miou=0.9152 f1=0.9506 time=70.9s
[Epoch 446] loss=0.0584 miou=0.9163 f1=0.9517 time=71.0s
[Epoch 447] loss=0.0613 miou=0.9083 f1=0.9470 time=70.9s
[Epoch 448] loss=0.0588 miou=0.9078 f1=0.9464 time=71.0s
[Epoch 449] loss=0.0611 miou=0.9174 f1=0.9521 time=70.7s
[Epoch 450] loss=0.0572 miou=0.9181 f1=0.9521 time=70.8s
[Epoch 451] loss=0.0565 miou=0.9166 f1=0.9517 time=71.0s
[Epoch 452] loss=0.0598 miou=0.9155 f1=0.9512 time=70.7s
[Epoch 453] loss=0.0599 miou=0.9202 f1=0.9537 time=70.8s
[Epoch 454] loss=0.0600 miou=0.9145 f1=0.9508 time=70.9s
[Epoch 455] loss=0.0626 miou=0.8973 f1=0.9415 time=70.9s
[Epoch 456] loss=0.0690 miou=0.9017 f1=0.9405 time=70.9s
[Epoch 457] loss=0.0630 miou=0.9150 f1=0.9503 time=71.0s
[Epoch 458] loss=0.0587 miou=0.9192 f1=0.9532 time=70.8s
[Epoch 459] loss=0.0604 miou=0.9152 f1=0.9504 time=70.8s
[Epoch 460] loss=0.0584 miou=0.9186 f1=0.9528 time=70.8s
[Epoch 461] loss=0.0584 miou=0.9141 f1=0.9502 time=70.9s
[Epoch 462] loss=0.0616 miou=0.9145 f1=0.9514 time=70.8s
[Epoch 463] loss=0.0581 miou=0.9177 f1=0.9524 time=70.7s
[Epoch 464] loss=0.0591 miou=0.9184 f1=0.9530 time=70.5s
[Epoch 465] loss=0.0581 miou=0.9139 f1=0.9508 time=70.5s
[Epoch 466] loss=0.0575 miou=0.9179 f1=0.9531 time=70.6s
[Epoch 467] loss=0.0592 miou=0.9147 f1=0.9508 time=70.6s
[Epoch 468] loss=0.0600 miou=0.9119 f1=0.9495 time=70.6s
[Epoch 469] loss=0.0607 miou=0.9181 f1=0.9535 time=70.6s
[Epoch 470] loss=0.0591 miou=0.9193 f1=0.9540 time=70.7s
[Epoch 471] loss=0.0594 miou=0.9094 f1=0.9483 time=70.6s
[Epoch 472] loss=0.0603 miou=0.9130 f1=0.9497 time=70.6s
[Epoch 473] loss=0.0625 miou=0.9160 f1=0.9513 time=70.6s
[Epoch 474] loss=0.0582 miou=0.9182 f1=0.9526 time=70.6s
[Epoch 475] loss=0.0590 miou=0.9136 f1=0.9502 time=70.6s
[Epoch 476] loss=0.0608 miou=0.9156 f1=0.9515 time=70.6s
[Epoch 477] loss=0.0616 miou=0.9164 f1=0.9519 time=70.5s
[Epoch 478] loss=0.0588 miou=0.9155 f1=0.9511 time=70.8s
[Epoch 479] loss=0.0568 miou=0.9190 f1=0.9536 time=70.7s
[Epoch 480] loss=0.0611 miou=0.9188 f1=0.9530 time=70.7s
[Epoch 481] loss=0.0628 miou=0.9160 f1=0.9520 time=70.8s
[Epoch 482] loss=0.0625 miou=0.9129 f1=0.9505 time=70.7s
[Epoch 483] loss=0.0642 miou=0.9172 f1=0.9520 time=70.6s
[Epoch 484] loss=0.0751 miou=0.9021 f1=0.9427 time=70.7s
[Epoch 485] loss=0.0739 miou=0.8990 f1=0.9413 time=70.6s
[Epoch 486] loss=0.0651 miou=0.9195 f1=0.9538 time=70.6s
[Epoch 487] loss=0.0565 miou=0.9214 f1=0.9552 time=70.7s
[Epoch 488] loss=0.0551 miou=0.9207 f1=0.9543 time=70.8s
[Epoch 489] loss=0.0535 miou=0.9236 f1=0.9563 time=70.7s
[Epoch 490] loss=0.0538 miou=0.9217 f1=0.9549 time=70.7s
[Epoch 491] loss=0.0524 miou=0.9222 f1=0.9550 time=70.8s
[Epoch 492] loss=0.0521 miou=0.9212 f1=0.9548 time=70.6s
[Epoch 493] loss=0.0530 miou=0.9237 f1=0.9556 time=70.6s
[Epoch 494] loss=0.0555 miou=0.9197 f1=0.9543 time=70.8s
[Epoch 495] loss=0.0545 miou=0.9222 f1=0.9554 time=70.8s
[Epoch 496] loss=0.0539 miou=0.9238 f1=0.9565 time=70.7s
[Epoch 497] loss=0.0530 miou=0.9184 f1=0.9533 time=70.7s
[Epoch 498] loss=0.0553 miou=0.9203 f1=0.9539 time=70.7s
[Epoch 499] loss=0.0534 miou=0.9244 f1=0.9568 time=70.7s
[Epoch 500] loss=0.0543 miou=0.9219 f1=0.9554 time=70.8s
[Epoch 501] loss=0.0560 miou=0.9244 f1=0.9569 time=70.6s
[Epoch 502] loss=0.0536 miou=0.9212 f1=0.9551 time=70.7s
[Epoch 503] loss=0.0544 miou=0.9204 f1=0.9546 time=70.7s
[Epoch 504] loss=0.0533 miou=0.9208 f1=0.9545 time=70.7s
[Epoch 505] loss=0.0525 miou=0.9186 f1=0.9537 time=70.6s
[Epoch 506] loss=0.0650 miou=0.9194 f1=0.9539 time=70.7s
[Epoch 507] loss=0.0556 miou=0.9237 f1=0.9562 time=70.6s
[Epoch 508] loss=0.0538 miou=0.9241 f1=0.9567 time=70.6s
[Epoch 509] loss=0.0555 miou=0.9225 f1=0.9562 time=70.6s
[Epoch 510] loss=0.0608 miou=0.9140 f1=0.9495 time=70.6s
[Epoch 511] loss=0.0622 miou=0.9134 f1=0.9508 time=70.5s
[Epoch 512] loss=0.0580 miou=0.9185 f1=0.9535 time=70.6s
[Epoch 513] loss=0.0579 miou=0.9194 f1=0.9541 time=70.6s
[Epoch 514] loss=0.0559 miou=0.9198 f1=0.9548 time=70.6s
[Epoch 515] loss=0.0580 miou=0.9281 f1=0.9592 time=70.7s
[Epoch 516] loss=0.0569 miou=0.9184 f1=0.9535 time=70.8s
[Epoch 517] loss=0.0582 miou=0.9233 f1=0.9567 time=70.7s
[Epoch 518] loss=0.0554 miou=0.9228 f1=0.9559 time=70.7s
[Epoch 519] loss=0.0570 miou=0.9221 f1=0.9558 time=70.7s
[Epoch 520] loss=0.0581 miou=0.9243 f1=0.9572 time=70.6s
[Epoch 521] loss=0.0564 miou=0.9241 f1=0.9570 time=70.7s
[Epoch 522] loss=0.0560 miou=0.9236 f1=0.9566 time=70.7s
[Epoch 523] loss=0.0547 miou=0.9231 f1=0.9565 time=70.6s
[Epoch 524] loss=0.0568 miou=0.9186 f1=0.9539 time=70.6s
[Epoch 525] loss=0.0577 miou=0.9221 f1=0.9560 time=70.6s
[Epoch 526] loss=0.0548 miou=0.9226 f1=0.9564 time=70.5s
[Epoch 527] loss=0.0552 miou=0.9219 f1=0.9560 time=70.6s
[Epoch 528] loss=0.0530 miou=0.9218 f1=0.9560 time=70.6s
[Epoch 529] loss=0.0562 miou=0.9167 f1=0.9530 time=70.7s
[Epoch 530] loss=0.0586 miou=0.9162 f1=0.9529 time=70.6s
[Epoch 531] loss=0.0590 miou=0.9206 f1=0.9543 time=70.6s
[Epoch 532] loss=0.0605 miou=0.9216 f1=0.9553 time=70.7s
[Epoch 533] loss=0.0574 miou=0.9195 f1=0.9541 time=70.6s
[Epoch 534] loss=0.0554 miou=0.9219 f1=0.9561 time=70.7s
[Epoch 535] loss=0.0572 miou=0.9141 f1=0.9512 time=70.7s
[Epoch 536] loss=0.0567 miou=0.9213 f1=0.9553 time=70.7s
[Epoch 537] loss=0.0563 miou=0.9232 f1=0.9565 time=70.7s
[Epoch 538] loss=0.0552 miou=0.9190 f1=0.9540 time=70.6s
[Epoch 539] loss=0.0572 miou=0.9212 f1=0.9551 time=70.6s
[Epoch 540] loss=0.0544 miou=0.9203 f1=0.9547 time=70.7s
[Epoch 541] loss=0.0570 miou=0.9207 f1=0.9544 time=70.7s
[Epoch 542] loss=0.0551 miou=0.9226 f1=0.9560 time=70.6s
[Epoch 543] loss=0.0574 miou=0.9224 f1=0.9558 time=70.6s
[Epoch 544] loss=0.0552 miou=0.9197 f1=0.9544 time=70.6s
[Epoch 545] loss=0.0575 miou=0.9161 f1=0.9520 time=70.6s
[Epoch 546] loss=0.0618 miou=0.9224 f1=0.9562 time=70.7s
[Epoch 547] loss=0.0542 miou=0.9159 f1=0.9518 time=70.7s
[Epoch 548] loss=0.0553 miou=0.9223 f1=0.9557 time=70.7s
[Epoch 549] loss=0.0552 miou=0.9164 f1=0.9516 time=70.7s
[Epoch 550] loss=0.0575 miou=0.9177 f1=0.9525 time=70.8s
[Epoch 551] loss=0.0574 miou=0.9198 f1=0.9540 time=70.7s
[Epoch 552] loss=0.0574 miou=0.9181 f1=0.9533 time=70.7s
[Epoch 553] loss=0.0536 miou=0.9241 f1=0.9573 time=70.7s
[Epoch 554] loss=0.0542 miou=0.9153 f1=0.9517 time=70.6s
[Epoch 555] loss=0.0550 miou=0.9197 f1=0.9546 time=70.7s
[Epoch 556] loss=0.0557 miou=0.9207 f1=0.9544 time=70.6s
[Epoch 557] loss=0.0739 miou=0.9073 f1=0.9465 time=70.6s
[Epoch 558] loss=0.0588 miou=0.9209 f1=0.9554 time=70.6s
[Epoch 559] loss=0.0560 miou=0.9240 f1=0.9569 time=70.6s
[Epoch 560] loss=0.0549 miou=0.9191 f1=0.9533 time=70.5s
[Epoch 561] loss=0.0543 miou=0.9210 f1=0.9548 time=70.6s
[Epoch 562] loss=0.0531 miou=0.9202 f1=0.9543 time=70.6s
[Epoch 563] loss=0.0532 miou=0.9202 f1=0.9541 time=70.7s
[Epoch 564] loss=0.0536 miou=0.9232 f1=0.9561 time=70.7s
[Epoch 565] loss=0.0568 miou=0.9232 f1=0.9561 time=70.6s
[Epoch 566] loss=0.0539 miou=0.9247 f1=0.9570 time=70.6s
[Epoch 567] loss=0.0530 miou=0.9225 f1=0.9559 time=70.7s
[Epoch 568] loss=0.0538 miou=0.9243 f1=0.9569 time=70.6s
[Epoch 569] loss=0.0554 miou=0.9256 f1=0.9576 time=70.7s
[Epoch 570] loss=0.0570 miou=0.9159 f1=0.9515 time=70.6s
[Epoch 571] loss=0.0589 miou=0.9231 f1=0.9563 time=70.7s
[Epoch 572] loss=0.0606 miou=0.9206 f1=0.9545 time=70.8s
[Epoch 573] loss=0.0546 miou=0.9215 f1=0.9553 time=70.6s
[Epoch 574] loss=0.0534 miou=0.9227 f1=0.9561 time=70.6s
[Epoch 575] loss=0.0565 miou=0.9251 f1=0.9573 time=70.7s
[Epoch 576] loss=0.0521 miou=0.9238 f1=0.9566 time=70.7s
[Epoch 577] loss=0.0543 miou=0.9245 f1=0.9572 time=70.6s
[Epoch 578] loss=0.0561 miou=0.9234 f1=0.9565 time=70.6s
[Epoch 579] loss=0.0543 miou=0.9192 f1=0.9538 time=70.6s
[Epoch 580] loss=0.0552 miou=0.9212 f1=0.9551 time=70.7s
[Epoch 581] loss=0.0572 miou=0.9205 f1=0.9545 time=70.6s
[Epoch 582] loss=0.0554 miou=0.9203 f1=0.9544 time=70.7s
[Epoch 583] loss=0.0560 miou=0.9219 f1=0.9555 time=70.6s
[Epoch 584] loss=0.0562 miou=0.9239 f1=0.9568 time=70.7s
[Epoch 585] loss=0.0572 miou=0.9213 f1=0.9552 time=70.6s
[Epoch 586] loss=0.0606 miou=0.9231 f1=0.9562 time=70.6s
[Epoch 587] loss=0.0582 miou=0.9116 f1=0.9480 time=70.6s
[Epoch 588] loss=0.0563 miou=0.9203 f1=0.9545 time=70.6s
[Epoch 589] loss=0.0556 miou=0.9194 f1=0.9540 time=70.6s
[Epoch 590] loss=0.0569 miou=0.9204 f1=0.9545 time=70.6s
[Epoch 591] loss=0.0594 miou=0.9223 f1=0.9555 time=70.6s
[Epoch 592] loss=0.0577 miou=0.9207 f1=0.9549 time=70.6s
[Epoch 593] loss=0.0569 miou=0.9240 f1=0.9566 time=70.7s
[Epoch 594] loss=0.0550 miou=0.9208 f1=0.9549 time=70.6s
[Epoch 595] loss=0.0554 miou=0.9203 f1=0.9544 time=70.7s
[Epoch 596] loss=0.0531 miou=0.9230 f1=0.9558 time=70.6s
[Epoch 597] loss=0.0542 miou=0.9208 f1=0.9538 time=70.7s
[Epoch 598] loss=0.0534 miou=0.9234 f1=0.9557 time=70.6s
[Epoch 599] loss=0.0560 miou=0.9171 f1=0.9523 time=70.6s
[Epoch 600] loss=0.0536 miou=0.9222 f1=0.9557 time=70.6s
[Epoch 601] loss=0.0572 miou=0.9196 f1=0.9543 time=71.2s
[Epoch 602] loss=0.0589 miou=0.9135 f1=0.9496 time=70.7s
[Epoch 603] loss=0.0619 miou=0.9032 f1=0.9420 time=70.6s
[Epoch 604] loss=0.0513 miou=0.9176 f1=0.9517 time=70.6s
[Epoch 605] loss=0.0500 miou=0.9245 f1=0.9560 time=70.7s
[Epoch 606] loss=0.0526 miou=0.9228 f1=0.9549 time=70.6s
[Epoch 607] loss=0.0511 miou=0.9238 f1=0.9558 time=70.7s
[Epoch 608] loss=0.0523 miou=0.9234 f1=0.9558 time=70.7s
[Epoch 609] loss=0.0516 miou=0.9239 f1=0.9557 time=70.6s
[Epoch 610] loss=0.0518 miou=0.9238 f1=0.9558 time=70.6s
[Epoch 611] loss=0.0536 miou=0.9180 f1=0.9521 time=70.7s
[Epoch 612] loss=0.0535 miou=0.9223 f1=0.9555 time=70.9s
[Epoch 613] loss=0.0493 miou=0.9228 f1=0.9553 time=70.6s
[Epoch 614] loss=0.0523 miou=0.9231 f1=0.9558 time=70.7s
[Epoch 615] loss=0.0503 miou=0.9244 f1=0.9566 time=70.6s
[Epoch 616] loss=0.0528 miou=0.9251 f1=0.9571 time=70.6s
[Epoch 617] loss=0.0533 miou=0.9248 f1=0.9565 time=70.6s
[Epoch 618] loss=0.0548 miou=0.9227 f1=0.9555 time=70.6s
[Epoch 619] loss=0.0574 miou=0.9238 f1=0.9559 time=70.6s
[Epoch 620] loss=0.0523 miou=0.9249 f1=0.9570 time=70.7s
[Epoch 621] loss=0.0571 miou=0.9147 f1=0.9509 time=70.7s
[Epoch 622] loss=0.0661 miou=0.9001 f1=0.9410 time=70.7s
[Epoch 623] loss=0.0699 miou=0.9122 f1=0.9480 time=70.7s
[Epoch 624] loss=0.0500 miou=0.9248 f1=0.9572 time=70.6s
[Epoch 625] loss=0.0505 miou=0.9257 f1=0.9576 time=70.6s
[Epoch 626] loss=0.0497 miou=0.9266 f1=0.9584 time=70.6s
[Epoch 627] loss=0.0494 miou=0.9266 f1=0.9583 time=70.8s
[Epoch 628] loss=0.0481 miou=0.9221 f1=0.9555 time=70.6s
[Epoch 629] loss=0.0527 miou=0.9230 f1=0.9562 time=70.8s
[Epoch 630] loss=0.0506 miou=0.9289 f1=0.9599 time=70.6s
[Epoch 631] loss=0.0486 miou=0.9286 f1=0.9591 time=70.7s
[Epoch 632] loss=0.0551 miou=0.9275 f1=0.9585 time=70.5s
[Epoch 633] loss=0.0505 miou=0.9285 f1=0.9592 time=70.6s
[Epoch 634] loss=0.0534 miou=0.9279 f1=0.9588 time=70.7s
[Epoch 635] loss=0.0528 miou=0.9278 f1=0.9588 time=70.5s
[Epoch 636] loss=0.0499 miou=0.9265 f1=0.9581 time=70.6s
[Epoch 637] loss=0.0529 miou=0.9255 f1=0.9576 time=70.5s
[Epoch 638] loss=0.0533 miou=0.9252 f1=0.9571 time=70.6s
[Epoch 639] loss=0.0508 miou=0.9272 f1=0.9586 time=70.6s
[Epoch 640] loss=0.0501 miou=0.9279 f1=0.9589 time=70.6s
[Epoch 641] loss=0.0495 miou=0.9264 f1=0.9581 time=70.6s
[Epoch 642] loss=0.0499 miou=0.9183 f1=0.9532 time=70.7s
[Epoch 643] loss=0.0544 miou=0.9245 f1=0.9567 time=70.6s
[Epoch 644] loss=0.0586 miou=0.9134 f1=0.9502 time=70.7s
[Epoch 645] loss=0.0549 miou=0.9194 f1=0.9535 time=70.6s
[Epoch 646] loss=0.0558 miou=0.9244 f1=0.9567 time=70.5s
[Epoch 647] loss=0.0523 miou=0.9215 f1=0.9545 time=70.6s
[Epoch 648] loss=0.0555 miou=0.9183 f1=0.9527 time=70.6s
[Epoch 649] loss=0.0541 miou=0.9247 f1=0.9563 time=70.6s
[Epoch 650] loss=0.0521 miou=0.9239 f1=0.9564 time=70.6s
[Epoch 651] loss=0.0533 miou=0.9237 f1=0.9560 time=70.6s
[Epoch 652] loss=0.0534 miou=0.9259 f1=0.9575 time=70.8s
[Epoch 653] loss=0.0493 miou=0.9226 f1=0.9550 time=70.7s
[Epoch 654] loss=0.0526 miou=0.9224 f1=0.9550 time=70.6s
[Epoch 655] loss=0.0549 miou=0.9266 f1=0.9580 time=70.6s
[Epoch 656] loss=0.0526 miou=0.9241 f1=0.9565 time=70.5s
[Epoch 657] loss=0.0550 miou=0.9233 f1=0.9559 time=70.5s
[Epoch 658] loss=0.0559 miou=0.9189 f1=0.9528 time=70.6s
[Epoch 659] loss=0.0549 miou=0.9187 f1=0.9528 time=70.6s
[Epoch 660] loss=0.0552 miou=0.9219 f1=0.9547 time=70.6s
[Epoch 661] loss=0.0559 miou=0.9193 f1=0.9530 time=70.5s
[Epoch 662] loss=0.0516 miou=0.9228 f1=0.9551 time=70.5s
[Epoch 663] loss=0.0490 miou=0.9158 f1=0.9507 time=70.6s
[Epoch 664] loss=0.0536 miou=0.9203 f1=0.9536 time=70.6s
[Epoch 665] loss=0.0511 miou=0.9214 f1=0.9544 time=70.6s
[Epoch 666] loss=0.0505 miou=0.9194 f1=0.9529 time=70.5s
[Epoch 667] loss=0.0492 miou=0.9215 f1=0.9542 time=70.5s
[Epoch 668] loss=0.0513 miou=0.9211 f1=0.9540 time=70.7s
[Epoch 669] loss=0.0511 miou=0.9230 f1=0.9556 time=70.6s
[Epoch 670] loss=0.0532 miou=0.9211 f1=0.9548 time=70.5s
[Epoch 671] loss=0.0531 miou=0.9242 f1=0.9564 time=70.6s
[Epoch 672] loss=0.0543 miou=0.9165 f1=0.9518 time=70.6s
[Epoch 673] loss=0.0516 miou=0.9262 f1=0.9575 time=70.5s
[Epoch 674] loss=0.0523 miou=0.9215 f1=0.9545 time=70.5s
[Epoch 675] loss=0.0545 miou=0.9196 f1=0.9538 time=70.7s
[Epoch 676] loss=0.0534 miou=0.9228 f1=0.9553 time=70.6s
[Epoch 677] loss=0.0549 miou=0.9173 f1=0.9525 time=70.6s
[Epoch 678] loss=0.0552 miou=0.9168 f1=0.9514 time=70.6s
[Epoch 679] loss=0.0543 miou=0.9128 f1=0.9498 time=70.6s
[Epoch 680] loss=0.0527 miou=0.9228 f1=0.9560 time=70.7s
[Epoch 681] loss=0.0547 miou=0.9181 f1=0.9527 time=70.6s
[Epoch 682] loss=0.0519 miou=0.9229 f1=0.9554 time=70.7s
[Epoch 683] loss=0.0515 miou=0.9212 f1=0.9542 time=70.6s
[Epoch 684] loss=0.0548 miou=0.9247 f1=0.9565 time=70.6s
[Epoch 685] loss=0.0545 miou=0.9215 f1=0.9549 time=70.6s
[Epoch 686] loss=0.0548 miou=0.9257 f1=0.9573 time=70.7s
[Epoch 687] loss=0.0531 miou=0.9237 f1=0.9559 time=70.7s
[Epoch 688] loss=0.0560 miou=0.9228 f1=0.9557 time=70.6s
[Epoch 689] loss=0.0527 miou=0.9203 f1=0.9540 time=70.6s
[Epoch 690] loss=0.0516 miou=0.9209 f1=0.9546 time=70.7s
[Epoch 691] loss=0.0543 miou=0.9238 f1=0.9566 time=70.7s
[Epoch 692] loss=0.0568 miou=0.9210 f1=0.9551 time=70.7s
[Epoch 693] loss=0.0562 miou=0.9180 f1=0.9528 time=70.6s
[Epoch 694] loss=0.0567 miou=0.9199 f1=0.9539 time=70.6s
[Epoch 695] loss=0.0547 miou=0.9220 f1=0.9550 time=70.7s
[Epoch 696] loss=0.0572 miou=0.9189 f1=0.9532 time=70.7s
[Epoch 697] loss=0.0527 miou=0.9233 f1=0.9559 time=70.6s
[Epoch 698] loss=0.0532 miou=0.9092 f1=0.9477 time=70.7s
[Epoch 699] loss=0.0572 miou=0.9184 f1=0.9532 time=70.6s
[Epoch 700] loss=0.0540 miou=0.9237 f1=0.9563 time=70.6s
[Epoch 701] loss=0.0549 miou=0.9211 f1=0.9540 time=70.6s
[Epoch 702] loss=0.0542 miou=0.9226 f1=0.9553 time=70.6s
[Epoch 703] loss=0.0509 miou=0.9248 f1=0.9566 time=70.5s
[Epoch 704] loss=0.0522 miou=0.9256 f1=0.9575 time=70.7s
[Epoch 705] loss=0.0510 miou=0.9233 f1=0.9553 time=70.6s
[Epoch 706] loss=0.0507 miou=0.9259 f1=0.9568 time=70.6s
[Epoch 707] loss=0.0529 miou=0.9243 f1=0.9563 time=70.6s
[Epoch 708] loss=0.0533 miou=0.9234 f1=0.9563 time=70.5s
[Epoch 709] loss=0.0544 miou=0.9227 f1=0.9543 time=70.6s
[Epoch 710] loss=0.0544 miou=0.9239 f1=0.9563 time=70.6s
[Epoch 711] loss=0.0554 miou=0.9262 f1=0.9579 time=70.7s
[Epoch 712] loss=0.0543 miou=0.9193 f1=0.9538 time=70.6s
[Epoch 713] loss=0.0540 miou=0.9271 f1=0.9583 time=70.6s
[Epoch 714] loss=0.0538 miou=0.9241 f1=0.9565 time=70.6s
[Epoch 715] loss=0.0577 miou=0.9127 f1=0.9500 time=70.6s
[Epoch 716] loss=0.0542 miou=0.9233 f1=0.9557 time=70.6s
[Epoch 717] loss=0.0533 miou=0.9210 f1=0.9544 time=70.7s
[Epoch 718] loss=0.0551 miou=0.9238 f1=0.9559 time=70.7s
[Epoch 719] loss=0.0545 miou=0.9230 f1=0.9556 time=70.6s
[Epoch 720] loss=0.0585 miou=0.9196 f1=0.9535 time=70.6s
[Epoch 721] loss=0.0546 miou=0.9233 f1=0.9558 time=70.7s
[Epoch 722] loss=0.0581 miou=0.9224 f1=0.9551 time=70.6s
[Epoch 723] loss=0.0589 miou=0.9254 f1=0.9574 time=70.6s
[Epoch 724] loss=0.0575 miou=0.9269 f1=0.9585 time=70.7s
[Epoch 725] loss=0.0647 miou=0.9175 f1=0.9513 time=70.6s
[Epoch 726] loss=0.0559 miou=0.9234 f1=0.9556 time=70.5s
[Epoch 727] loss=0.0555 miou=0.9226 f1=0.9551 time=70.6s
[Epoch 728] loss=0.0563 miou=0.9269 f1=0.9581 time=70.6s
[Epoch 729] loss=0.0543 miou=0.9278 f1=0.9586 time=70.6s
[Epoch 730] loss=0.0546 miou=0.9254 f1=0.9569 time=70.6s
[Epoch 731] loss=0.0557 miou=0.9230 f1=0.9554 time=70.6s
[Epoch 732] loss=0.0516 miou=0.9271 f1=0.9584 time=70.6s
[Epoch 733] loss=0.0549 miou=0.9282 f1=0.9591 time=70.6s
[Epoch 734] loss=0.0540 miou=0.9255 f1=0.9575 time=70.7s
[Epoch 735] loss=0.0525 miou=0.9269 f1=0.9583 time=70.6s
[Epoch 736] loss=0.0524 miou=0.9257 f1=0.9577 time=70.6s
[Epoch 737] loss=0.0547 miou=0.9235 f1=0.9564 time=70.6s
[Epoch 738] loss=0.0517 miou=0.9257 f1=0.9573 time=70.5s
[Epoch 739] loss=0.0504 miou=0.9238 f1=0.9561 time=70.6s
[Epoch 740] loss=0.0511 miou=0.9245 f1=0.9563 time=70.6s
[Epoch 741] loss=0.0555 miou=0.9226 f1=0.9559 time=70.7s
[Epoch 742] loss=0.0526 miou=0.9238 f1=0.9564 time=70.6s
[Epoch 743] loss=0.0512 miou=0.9202 f1=0.9538 time=70.6s
[Epoch 744] loss=0.0526 miou=0.9215 f1=0.9546 time=70.6s
[Epoch 745] loss=0.0542 miou=0.9213 f1=0.9547 time=70.6s
[Epoch 746] loss=0.0503 miou=0.9265 f1=0.9573 time=70.7s
[Epoch 747] loss=0.0528 miou=0.9265 f1=0.9574 time=70.7s
[Epoch 748] loss=0.0544 miou=0.9282 f1=0.9586 time=70.7s
[Epoch 749] loss=0.0492 miou=0.9273 f1=0.9583 time=70.6s
[Epoch 750] loss=0.0533 miou=0.9256 f1=0.9568 time=70.5s
[Epoch 751] loss=0.0551 miou=0.9232 f1=0.9561 time=70.6s
[Epoch 752] loss=0.0562 miou=0.9211 f1=0.9549 time=70.6s
[Epoch 753] loss=0.0515 miou=0.9242 f1=0.9561 time=70.6s
[Epoch 754] loss=0.0521 miou=0.9229 f1=0.9559 time=70.7s
[Epoch 755] loss=0.0561 miou=0.9232 f1=0.9560 time=70.8s
[Epoch 756] loss=0.0530 miou=0.9249 f1=0.9567 time=70.7s
[Epoch 757] loss=0.0520 miou=0.9243 f1=0.9567 time=70.6s
[Epoch 758] loss=0.0569 miou=0.9176 f1=0.9528 time=70.5s
[Epoch 759] loss=0.0576 miou=0.9199 f1=0.9535 time=70.6s
[Epoch 760] loss=0.0564 miou=0.9237 f1=0.9561 time=70.6s
[Epoch 761] loss=0.0556 miou=0.9174 f1=0.9524 time=70.7s
[Epoch 762] loss=0.0561 miou=0.9245 f1=0.9565 time=70.7s
[Epoch 763] loss=0.0524 miou=0.9234 f1=0.9560 time=70.6s
[Epoch 764] loss=0.0567 miou=0.9121 f1=0.9479 time=70.6s
[Epoch 765] loss=0.0525 miou=0.9213 f1=0.9532 time=70.6s
[Epoch 766] loss=0.0518 miou=0.9218 f1=0.9542 time=70.7s
[Epoch 767] loss=0.0528 miou=0.9223 f1=0.9543 time=70.8s
[Epoch 768] loss=0.0530 miou=0.9230 f1=0.9550 time=70.7s
[Epoch 769] loss=0.0504 miou=0.9225 f1=0.9549 time=70.7s
[Epoch 770] loss=0.0503 miou=0.9219 f1=0.9547 time=70.6s
[Epoch 771] loss=0.0503 miou=0.9243 f1=0.9561 time=70.6s
[Epoch 772] loss=0.0563 miou=0.9125 f1=0.9486 time=70.7s
[Epoch 773] loss=0.0702 miou=0.9086 f1=0.9455 time=70.5s
[Epoch 774] loss=0.0551 miou=0.9146 f1=0.9496 time=70.6s
[Epoch 775] loss=0.0545 miou=0.9089 f1=0.9462 time=70.5s
[Epoch 776] loss=0.0525 miou=0.9201 f1=0.9534 time=70.6s
[Epoch 777] loss=0.0488 miou=0.9184 f1=0.9532 time=70.6s
[Epoch 778] loss=0.0510 miou=0.9239 f1=0.9558 time=70.7s
[Epoch 779] loss=0.0467 miou=0.9268 f1=0.9574 time=70.5s
[Epoch 780] loss=0.0502 miou=0.9270 f1=0.9576 time=70.7s
[Epoch 781] loss=0.0477 miou=0.9256 f1=0.9568 time=70.5s
[Epoch 782] loss=0.0496 miou=0.9257 f1=0.9570 time=70.6s
[Epoch 783] loss=0.0480 miou=0.9256 f1=0.9568 time=70.6s
[Epoch 784] loss=0.0477 miou=0.9266 f1=0.9576 time=70.6s
[Epoch 785] loss=0.0502 miou=0.9271 f1=0.9578 time=70.6s
[Epoch 786] loss=0.0496 miou=0.9267 f1=0.9575 time=70.5s
[Epoch 787] loss=0.0484 miou=0.9272 f1=0.9577 time=70.6s
[Epoch 788] loss=0.0485 miou=0.9275 f1=0.9582 time=70.5s
[Epoch 789] loss=0.0475 miou=0.9291 f1=0.9589 time=70.6s
[Epoch 790] loss=0.0491 miou=0.9231 f1=0.9559 time=70.6s
[Epoch 791] loss=0.0536 miou=0.9239 f1=0.9567 time=70.6s
[Epoch 792] loss=0.0518 miou=0.9261 f1=0.9574 time=70.6s
[Epoch 793] loss=0.0499 miou=0.9294 f1=0.9599 time=70.6s
[Epoch 794] loss=0.0502 miou=0.9262 f1=0.9574 time=70.7s
[Epoch 795] loss=0.0501 miou=0.9248 f1=0.9567 time=70.6s
[Epoch 796] loss=0.0507 miou=0.9255 f1=0.9574 time=70.6s
[Epoch 797] loss=0.0532 miou=0.9216 f1=0.9553 time=70.6s
[Epoch 798] loss=0.0507 miou=0.9237 f1=0.9562 time=70.6s
[Epoch 799] loss=0.0508 miou=0.9253 f1=0.9572 time=70.6s
[Epoch 800] loss=0.0527 miou=0.9259 f1=0.9578 time=70.6s
[Epoch 801] loss=0.0529 miou=0.9259 f1=0.9577 time=70.6s
[Epoch 802] loss=0.0526 miou=0.9278 f1=0.9590 time=70.6s
[Epoch 803] loss=0.0512 miou=0.9233 f1=0.9562 time=70.7s
[Epoch 804] loss=0.0559 miou=0.9225 f1=0.9560 time=70.7s
[Epoch 805] loss=0.0542 miou=0.9269 f1=0.9580 time=70.6s
[Epoch 806] loss=0.0515 miou=0.9266 f1=0.9578 time=70.8s
[Epoch 807] loss=0.0515 miou=0.9243 f1=0.9565 time=70.6s
[Epoch 808] loss=0.0543 miou=0.9270 f1=0.9585 time=70.6s
[Epoch 809] loss=0.0536 miou=0.9236 f1=0.9563 time=70.6s
[Epoch 810] loss=0.0574 miou=0.9198 f1=0.9533 time=70.7s
[Epoch 811] loss=0.0513 miou=0.9244 f1=0.9561 time=70.7s
[Epoch 812] loss=0.0517 miou=0.9274 f1=0.9582 time=70.6s
[Epoch 813] loss=0.0509 miou=0.9244 f1=0.9564 time=70.7s
[Epoch 814] loss=0.0514 miou=0.9242 f1=0.9567 time=70.7s
[Epoch 815] loss=0.0525 miou=0.9238 f1=0.9559 time=70.7s
[Epoch 816] loss=0.0514 miou=0.9207 f1=0.9543 time=70.6s
[Epoch 817] loss=0.0515 miou=0.9228 f1=0.9555 time=70.6s
[Epoch 818] loss=0.0513 miou=0.9242 f1=0.9567 time=70.8s
[Epoch 819] loss=0.0513 miou=0.9251 f1=0.9570 time=70.7s
[Epoch 820] loss=0.0512 miou=0.9258 f1=0.9573 time=70.6s
[Epoch 821] loss=0.0505 miou=0.9230 f1=0.9551 time=70.6s
[Epoch 822] loss=0.0512 miou=0.9231 f1=0.9553 time=70.7s
[Epoch 823] loss=0.0530 miou=0.9207 f1=0.9542 time=70.9s
[Epoch 824] loss=0.0552 miou=0.9210 f1=0.9543 time=70.7s
[Epoch 825] loss=0.0543 miou=0.9244 f1=0.9565 time=70.7s
[Epoch 826] loss=0.0527 miou=0.9254 f1=0.9577 time=70.7s
[Epoch 827] loss=0.0559 miou=0.9247 f1=0.9572 time=70.6s
[Epoch 828] loss=0.0586 miou=0.9141 f1=0.9507 time=70.6s
[Epoch 829] loss=0.0567 miou=0.9172 f1=0.9516 time=70.6s
[Epoch 830] loss=0.0547 miou=0.9237 f1=0.9559 time=70.6s
[Epoch 831] loss=0.0495 miou=0.9235 f1=0.9555 time=70.7s
[Epoch 832] loss=0.0507 miou=0.9253 f1=0.9573 time=70.6s
[Epoch 833] loss=0.0512 miou=0.9277 f1=0.9585 time=70.7s
[Epoch 834] loss=0.0509 miou=0.9289 f1=0.9594 time=70.7s
[Epoch 835] loss=0.0505 miou=0.9294 f1=0.9593 time=70.7s
[Epoch 836] loss=0.0474 miou=0.9304 f1=0.9600 time=70.7s
[Epoch 837] loss=0.0477 miou=0.9314 f1=0.9609 time=70.7s
[Epoch 838] loss=0.0494 miou=0.9229 f1=0.9561 time=70.7s
[Epoch 839] loss=0.0496 miou=0.9287 f1=0.9591 time=70.6s
[Epoch 840] loss=0.0484 miou=0.9270 f1=0.9585 time=70.6s
[Epoch 841] loss=0.0546 miou=0.9257 f1=0.9579 time=70.7s
[Epoch 842] loss=0.0547 miou=0.9278 f1=0.9588 time=70.6s
[Epoch 843] loss=0.0517 miou=0.9252 f1=0.9576 time=70.6s
[Epoch 844] loss=0.0539 miou=0.9212 f1=0.9552 time=70.6s
[Epoch 845] loss=0.0560 miou=0.9256 f1=0.9574 time=70.6s
[Epoch 846] loss=0.0543 miou=0.9235 f1=0.9562 time=70.6s
[Epoch 847] loss=0.0517 miou=0.9269 f1=0.9583 time=70.7s
[Epoch 848] loss=0.0540 miou=0.9273 f1=0.9581 time=70.6s
[Epoch 849] loss=0.0531 miou=0.9261 f1=0.9580 time=70.6s
[Epoch 850] loss=0.0520 miou=0.9298 f1=0.9602 time=70.6s
[Epoch 851] loss=0.0518 miou=0.9279 f1=0.9589 time=70.5s
[Epoch 852] loss=0.0513 miou=0.9270 f1=0.9584 time=70.6s
[Epoch 853] loss=0.0521 miou=0.9256 f1=0.9578 time=70.6s
[Epoch 854] loss=0.0541 miou=0.9279 f1=0.9586 time=70.6s
[Epoch 855] loss=0.0519 miou=0.9237 f1=0.9557 time=70.6s
[Epoch 856] loss=0.0514 miou=0.9278 f1=0.9579 time=70.6s
[Epoch 857] loss=0.0544 miou=0.9247 f1=0.9564 time=70.6s
[Epoch 858] loss=0.0523 miou=0.9235 f1=0.9554 time=70.6s
[Epoch 859] loss=0.0552 miou=0.9197 f1=0.9530 time=70.7s
[Epoch 860] loss=0.0536 miou=0.9262 f1=0.9571 time=70.6s
[Epoch 861] loss=0.0540 miou=0.9274 f1=0.9582 time=70.6s
[Epoch 862] loss=0.0534 miou=0.9278 f1=0.9580 time=70.6s
[Epoch 863] loss=0.0520 miou=0.9271 f1=0.9579 time=70.6s
[Epoch 864] loss=0.0532 miou=0.9256 f1=0.9573 time=70.6s
[Epoch 865] loss=0.0556 miou=0.9230 f1=0.9550 time=70.6s
[Epoch 866] loss=0.0555 miou=0.9260 f1=0.9573 time=70.6s
[Epoch 867] loss=0.0542 miou=0.9193 f1=0.9530 time=70.6s
[Epoch 868] loss=0.0536 miou=0.9213 f1=0.9545 time=70.6s
[Epoch 869] loss=0.0494 miou=0.9264 f1=0.9579 time=70.5s
[Epoch 870] loss=0.0547 miou=0.9267 f1=0.9584 time=70.7s
[Epoch 871] loss=0.0534 miou=0.9232 f1=0.9560 time=70.6s
[Epoch 872] loss=0.0529 miou=0.9265 f1=0.9577 time=70.6s
[Epoch 873] loss=0.0500 miou=0.9264 f1=0.9581 time=70.6s
[Epoch 874] loss=0.0547 miou=0.9234 f1=0.9558 time=70.6s
[Epoch 875] loss=0.0482 miou=0.9297 f1=0.9595 time=70.6s
[Epoch 876] loss=0.0493 miou=0.9292 f1=0.9593 time=70.7s
[Epoch 877] loss=0.0492 miou=0.9297 f1=0.9596 time=70.7s
[Epoch 878] loss=0.0542 miou=0.9267 f1=0.9578 time=70.6s
[Epoch 879] loss=0.0520 miou=0.9266 f1=0.9581 time=70.7s
[Epoch 880] loss=0.0548 miou=0.9238 f1=0.9567 time=70.7s
[Epoch 881] loss=0.0512 miou=0.9257 f1=0.9578 time=70.8s
[Epoch 882] loss=0.0482 miou=0.9264 f1=0.9580 time=70.7s
[Epoch 883] loss=0.0499 miou=0.9270 f1=0.9584 time=70.6s
[Epoch 884] loss=0.0476 miou=0.9286 f1=0.9593 time=70.6s
[Epoch 885] loss=0.0509 miou=0.9286 f1=0.9594 time=70.6s
[Epoch 886] loss=0.0499 miou=0.9280 f1=0.9588 time=70.6s
[Epoch 887] loss=0.0515 miou=0.9274 f1=0.9586 time=70.6s
[Epoch 888] loss=0.0577 miou=0.9243 f1=0.9567 time=70.6s
[Epoch 889] loss=0.0539 miou=0.9263 f1=0.9579 time=70.6s
[Epoch 890] loss=0.0538 miou=0.9256 f1=0.9577 time=70.6s
[Epoch 891] loss=0.0512 miou=0.9309 f1=0.9607 time=70.6s
[Epoch 892] loss=0.0515 miou=0.9305 f1=0.9605 time=70.7s
[Epoch 893] loss=0.0534 miou=0.9285 f1=0.9591 time=70.7s
[Epoch 894] loss=0.0546 miou=0.9307 f1=0.9608 time=70.6s
[Epoch 895] loss=0.0546 miou=0.9283 f1=0.9593 time=70.8s
[Epoch 896] loss=0.0523 miou=0.9295 f1=0.9598 time=70.7s
[Epoch 897] loss=0.0546 miou=0.9306 f1=0.9603 time=70.6s
[Epoch 898] loss=0.0579 miou=0.9310 f1=0.9606 time=70.6s
[Epoch 899] loss=0.0543 miou=0.9276 f1=0.9586 time=70.6s
[Epoch 900] loss=0.0578 miou=0.9289 f1=0.9594 time=70.5s
[Epoch 901] loss=0.0549 miou=0.9296 f1=0.9595 time=70.6s
[Epoch 902] loss=0.0553 miou=0.9124 f1=0.9499 time=70.7s
[Epoch 903] loss=0.0546 miou=0.9285 f1=0.9592 time=70.6s
[Epoch 904] loss=0.0518 miou=0.9277 f1=0.9587 time=70.7s
[Epoch 905] loss=0.0517 miou=0.9257 f1=0.9579 time=70.7s
[Epoch 906] loss=0.0549 miou=0.9217 f1=0.9551 time=70.6s
[Epoch 907] loss=0.0513 miou=0.9276 f1=0.9588 time=70.6s
[Epoch 908] loss=0.0545 miou=0.9286 f1=0.9592 time=70.8s
[Epoch 909] loss=0.0545 miou=0.9264 f1=0.9578 time=70.6s
[Epoch 910] loss=0.0524 miou=0.9300 f1=0.9601 time=70.7s
[Epoch 911] loss=0.0514 miou=0.9308 f1=0.9605 time=70.7s
[Epoch 912] loss=0.0518 miou=0.9276 f1=0.9584 time=70.7s
[Epoch 913] loss=0.0501 miou=0.9284 f1=0.9592 time=70.7s
[Epoch 914] loss=0.0568 miou=0.9238 f1=0.9565 time=70.7s
[Epoch 915] loss=0.0540 miou=0.9248 f1=0.9572 time=70.7s
[Epoch 916] loss=0.0535 miou=0.9245 f1=0.9563 time=70.6s
[Epoch 917] loss=0.0563 miou=0.9279 f1=0.9587 time=70.6s
[Epoch 918] loss=0.0563 miou=0.9254 f1=0.9572 time=70.7s
[Epoch 919] loss=0.0559 miou=0.9256 f1=0.9575 time=70.7s
[Epoch 920] loss=0.0528 miou=0.9284 f1=0.9591 time=70.6s
[Epoch 921] loss=0.0541 miou=0.9294 f1=0.9598 time=70.8s
[Epoch 922] loss=0.0544 miou=0.9279 f1=0.9590 time=70.6s
[Epoch 923] loss=0.0534 miou=0.9235 f1=0.9566 time=70.6s
[Epoch 924] loss=0.0538 miou=0.9282 f1=0.9592 time=70.8s
[Epoch 925] loss=0.0529 miou=0.9301 f1=0.9602 time=70.7s
[Epoch 926] loss=0.0550 miou=0.9287 f1=0.9595 time=70.7s
[Epoch 927] loss=0.0516 miou=0.9299 f1=0.9599 time=70.7s
[Epoch 928] loss=0.0536 miou=0.9302 f1=0.9602 time=70.8s
[Epoch 929] loss=0.0534 miou=0.9269 f1=0.9582 time=70.7s
[Epoch 930] loss=0.0519 miou=0.9287 f1=0.9591 time=70.7s
[Epoch 931] loss=0.0551 miou=0.9261 f1=0.9574 time=70.7s
[Epoch 932] loss=0.0561 miou=0.9205 f1=0.9546 time=70.7s
[Epoch 933] loss=0.0557 miou=0.9252 f1=0.9571 time=70.6s
[Epoch 934] loss=0.0543 miou=0.9239 f1=0.9561 time=70.7s
[Epoch 935] loss=0.0542 miou=0.9242 f1=0.9566 time=70.6s
[Epoch 936] loss=0.0542 miou=0.9239 f1=0.9566 time=70.7s
[Epoch 937] loss=0.0542 miou=0.9272 f1=0.9588 time=70.8s
[Epoch 938] loss=0.0585 miou=0.9275 f1=0.9586 time=70.5s
[Epoch 939] loss=0.0544 miou=0.9273 f1=0.9584 time=70.6s
[Epoch 940] loss=0.0543 miou=0.9278 f1=0.9590 time=70.6s
[Epoch 941] loss=0.0571 miou=0.9276 f1=0.9588 time=70.8s
[Epoch 942] loss=0.0571 miou=0.9244 f1=0.9571 time=70.7s
[Epoch 943] loss=0.0538 miou=0.9270 f1=0.9587 time=70.6s
[Epoch 944] loss=0.0499 miou=0.9123 f1=0.9494 time=70.8s
[Epoch 945] loss=0.0520 miou=0.9229 f1=0.9553 time=70.8s
[Epoch 946] loss=0.0523 miou=0.9245 f1=0.9562 time=70.7s
[Epoch 947] loss=0.0525 miou=0.9250 f1=0.9561 time=70.7s
[Epoch 948] loss=0.0503 miou=0.9265 f1=0.9570 time=70.7s
[Epoch 949] loss=0.0498 miou=0.9279 f1=0.9585 time=70.6s
[Epoch 950] loss=0.0506 miou=0.9304 f1=0.9599 time=70.6s
[Epoch 951] loss=0.0514 miou=0.9296 f1=0.9595 time=70.7s
[Epoch 952] loss=0.0496 miou=0.9313 f1=0.9605 time=70.7s
[Epoch 953] loss=0.0497 miou=0.9295 f1=0.9596 time=70.8s
[Epoch 954] loss=0.0479 miou=0.9262 f1=0.9569 time=71.0s
[Epoch 955] loss=0.0541 miou=0.9210 f1=0.9543 time=70.8s
[Epoch 956] loss=0.0546 miou=0.9229 f1=0.9553 time=70.9s
[Epoch 957] loss=0.0553 miou=0.9265 f1=0.9582 time=70.9s
[Epoch 958] loss=0.0517 miou=0.9263 f1=0.9580 time=70.9s
[Epoch 959] loss=0.0524 miou=0.9296 f1=0.9599 time=70.8s
[Epoch 960] loss=0.0508 miou=0.9283 f1=0.9588 time=70.8s
[Epoch 961] loss=0.0491 miou=0.9301 f1=0.9601 time=70.9s
[Epoch 962] loss=0.0475 miou=0.9275 f1=0.9584 time=70.9s
[Epoch 963] loss=0.0477 miou=0.9308 f1=0.9605 time=71.0s
[Epoch 964] loss=0.0489 miou=0.9292 f1=0.9594 time=70.9s
[Epoch 965] loss=0.0474 miou=0.9271 f1=0.9577 time=70.9s
[Epoch 966] loss=0.0495 miou=0.9315 f1=0.9608 time=70.8s
[Epoch 967] loss=0.0486 miou=0.9279 f1=0.9586 time=71.0s
[Epoch 968] loss=0.0509 miou=0.9279 f1=0.9584 time=71.0s
[Epoch 969] loss=0.0519 miou=0.9263 f1=0.9579 time=71.0s
[Epoch 970] loss=0.0507 miou=0.9286 f1=0.9591 time=71.0s
[Epoch 971] loss=0.0499 miou=0.9313 f1=0.9605 time=70.9s
[Epoch 972] loss=0.0508 miou=0.9331 f1=0.9616 time=70.8s
[Epoch 973] loss=0.0501 miou=0.9310 f1=0.9606 time=70.9s
[Epoch 974] loss=0.0472 miou=0.9303 f1=0.9602 time=70.8s
[Epoch 975] loss=0.0505 miou=0.9227 f1=0.9552 time=70.9s
[Epoch 976] loss=0.0537 miou=0.9214 f1=0.9549 time=70.8s
[Epoch 977] loss=0.0507 miou=0.9262 f1=0.9575 time=70.8s
[Epoch 978] loss=0.0513 miou=0.9244 f1=0.9565 time=70.8s
[Epoch 979] loss=0.0496 miou=0.9274 f1=0.9579 time=70.8s
[Epoch 980] loss=0.0503 miou=0.9290 f1=0.9591 time=70.9s
[Epoch 981] loss=0.0525 miou=0.9235 f1=0.9553 time=70.8s
[Epoch 982] loss=0.0520 miou=0.9261 f1=0.9566 time=70.9s
[Epoch 983] loss=0.0506 miou=0.9268 f1=0.9574 time=70.9s
[Epoch 984] loss=0.0489 miou=0.9237 f1=0.9556 time=70.8s
[Epoch 985] loss=0.0522 miou=0.9264 f1=0.9569 time=70.7s
[Epoch 986] loss=0.0500 miou=0.9283 f1=0.9581 time=70.8s
[Epoch 987] loss=0.0491 miou=0.9227 f1=0.9554 time=70.7s
[Epoch 988] loss=0.0510 miou=0.9272 f1=0.9578 time=70.8s
[Epoch 989] loss=0.0490 miou=0.9276 f1=0.9585 time=70.8s
[Epoch 990] loss=0.0520 miou=0.9131 f1=0.9501 time=70.8s
[Epoch 991] loss=0.0530 miou=0.9270 f1=0.9578 time=70.8s
[Epoch 992] loss=0.0531 miou=0.9284 f1=0.9584 time=70.8s
[Epoch 993] loss=0.0507 miou=0.9229 f1=0.9547 time=70.8s
[Epoch 994] loss=0.0530 miou=0.9253 f1=0.9566 time=70.8s
[Epoch 995] loss=0.0537 miou=0.9269 f1=0.9577 time=70.8s
[Epoch 996] loss=0.0514 miou=0.9255 f1=0.9573 time=70.8s
[Epoch 997] loss=0.0534 miou=0.9243 f1=0.9565 time=70.7s
[Epoch 998] loss=0.0507 miou=0.9281 f1=0.9583 time=70.7s
[Epoch 999] loss=0.0523 miou=0.9311 f1=0.9600 time=70.8s
[Epoch 1000] loss=0.0496 miou=0.9334 f1=0.9619 time=70.7s
