nohup: ignoring input
Run directory: ./outputs_sam_sirst_hq/IRSTD-1k_model-vitt_size256_use_HQ_radial_decoder_bs4_e1000kp1_split-50_50_20250921_174438
[build_efficient_sam_hq] Partially loaded 253 tensors from baseline (278 scanned).
/home/bip/cry/anaconda3/lib/python3.9/site-packages/torch/cuda/__init__.py:611: UserWarning: Can't initialize NVML
  warnings.warn("Can't initialize NVML")
[Epoch 001] loss=0.8283 miou=0.4235 f1=0.5621 thr=0.35 time=63.2s
[Epoch 002] loss=0.4844 miou=0.4891 f1=0.6252 thr=0.35 time=38.0s
[Epoch 003] loss=0.4358 miou=0.5262 f1=0.6633 thr=0.45 time=30.6s
[Epoch 004] loss=0.4079 miou=0.5322 f1=0.6666 thr=0.40 time=30.5s
[Epoch 005] loss=0.3816 miou=0.5648 f1=0.6958 thr=0.35 time=30.6s
[Epoch 006] loss=0.3690 miou=0.5504 f1=0.6843 thr=0.35 time=30.6s
[Epoch 007] loss=0.3586 miou=0.5726 f1=0.7038 thr=0.35 time=40.1s
[Epoch 008] loss=0.3572 miou=0.5886 f1=0.7162 thr=0.35 time=32.9s
[Epoch 009] loss=0.3513 miou=0.5956 f1=0.7219 thr=0.35 time=30.7s
[Epoch 010] loss=0.3373 miou=0.5751 f1=0.7052 thr=0.35 time=30.7s
Unfroze at epoch 10: encoder + all heads.
[Epoch 011] loss=0.3730 miou=0.5442 f1=0.6786 thr=0.35 time=62.1s
[Epoch 012] loss=0.3492 miou=0.6034 f1=0.7242 thr=0.35 time=61.7s
[Epoch 013] loss=0.3377 miou=0.6168 f1=0.7381 thr=0.35 time=61.8s
[Epoch 014] loss=0.3361 miou=0.5900 f1=0.7191 thr=0.35 time=62.1s
[Epoch 015] loss=0.3251 miou=0.6182 f1=0.7343 thr=0.35 time=62.1s
[Epoch 016] loss=0.2998 miou=0.5969 f1=0.7241 thr=0.35 time=62.0s
[Epoch 017] loss=0.3098 miou=0.6278 f1=0.7375 thr=0.35 time=62.0s
[Epoch 018] loss=0.2990 miou=0.6203 f1=0.7419 thr=0.35 time=61.9s
[Epoch 019] loss=0.2998 miou=0.6301 f1=0.7497 thr=0.35 time=61.8s
[Epoch 020] loss=0.2892 miou=0.6418 f1=0.7576 thr=0.35 time=62.0s
[Epoch 021] loss=1.8348 miou=0.6173 f1=0.7400 thr=0.35 time=62.1s
[Epoch 022] loss=0.2936 miou=0.6189 f1=0.7439 thr=0.40 time=62.1s
[Epoch 023] loss=0.3000 miou=0.6467 f1=0.7607 thr=0.35 time=61.9s
[Epoch 024] loss=0.2882 miou=0.6355 f1=0.7427 thr=0.35 time=62.1s
[Epoch 025] loss=0.2905 miou=0.6291 f1=0.7431 thr=0.35 time=61.9s
[Epoch 026] loss=0.2776 miou=0.6246 f1=0.7452 thr=0.35 time=61.8s
[Epoch 027] loss=0.2961 miou=0.6242 f1=0.7455 thr=0.35 time=61.7s
[Epoch 028] loss=0.2842 miou=0.6368 f1=0.7530 thr=0.35 time=61.8s
[Epoch 029] loss=0.2771 miou=0.6475 f1=0.7649 thr=0.35 time=61.8s
[Epoch 030] loss=0.2703 miou=0.6419 f1=0.7558 thr=0.35 time=61.9s
[Epoch 031] loss=0.2660 miou=0.6520 f1=0.7645 thr=0.35 time=61.8s
[Epoch 032] loss=0.2717 miou=0.6016 f1=0.7185 thr=0.35 time=61.9s
[Epoch 033] loss=0.2791 miou=0.6519 f1=0.7598 thr=0.35 time=61.9s
[Epoch 034] loss=0.2789 miou=0.6431 f1=0.7592 thr=0.35 time=62.5s
[Epoch 035] loss=0.2763 miou=0.6548 f1=0.7700 thr=0.35 time=62.0s
[Epoch 036] loss=0.2644 miou=0.6448 f1=0.7590 thr=0.35 time=62.0s
[Epoch 037] loss=0.2589 miou=0.6529 f1=0.7621 thr=0.35 time=61.9s
[Epoch 038] loss=0.2674 miou=0.6271 f1=0.7489 thr=0.35 time=61.8s
[Epoch 039] loss=0.2636 miou=0.6536 f1=0.7651 thr=0.35 time=61.7s
[Epoch 040] loss=0.2750 miou=0.6570 f1=0.7690 thr=0.35 time=61.9s
[Epoch 041] loss=0.2604 miou=0.6521 f1=0.7666 thr=0.35 time=61.9s
[Epoch 042] loss=0.2686 miou=0.6600 f1=0.7685 thr=0.35 time=61.8s
[Epoch 043] loss=0.2638 miou=0.6443 f1=0.7544 thr=0.35 time=62.0s
[Epoch 044] loss=0.2562 miou=0.6567 f1=0.7637 thr=0.35 time=61.9s
[Epoch 045] loss=0.2588 miou=0.6707 f1=0.7759 thr=0.35 time=61.8s
[Epoch 046] loss=0.2564 miou=0.6571 f1=0.7652 thr=0.35 time=62.1s
[Epoch 047] loss=0.2479 miou=0.6626 f1=0.7669 thr=0.35 time=62.0s
[Epoch 048] loss=0.2545 miou=0.6456 f1=0.7571 thr=0.35 time=62.1s
[Epoch 049] loss=0.2479 miou=0.6462 f1=0.7569 thr=0.35 time=62.0s
[Epoch 050] loss=0.2554 miou=0.6504 f1=0.7594 thr=0.35 time=61.8s
[Epoch 051] loss=0.2626 miou=0.6498 f1=0.7569 thr=0.35 time=61.8s
[Epoch 052] loss=0.2496 miou=0.6450 f1=0.7550 thr=0.35 time=62.0s
[Epoch 053] loss=0.2502 miou=0.6664 f1=0.7733 thr=0.35 time=61.8s
[Epoch 054] loss=0.2460 miou=0.6673 f1=0.7751 thr=0.35 time=61.9s
[Epoch 055] loss=0.2500 miou=0.6617 f1=0.7714 thr=0.35 time=61.9s
[Epoch 056] loss=0.2503 miou=0.6579 f1=0.7677 thr=0.35 time=61.9s
[Epoch 057] loss=12.9186 miou=0.6078 f1=0.7324 thr=0.35 time=61.9s
[Epoch 058] loss=0.2932 miou=0.6318 f1=0.7486 thr=0.35 time=61.9s
[Epoch 059] loss=0.2653 miou=0.6390 f1=0.7557 thr=0.35 time=61.9s
[Epoch 060] loss=0.2535 miou=0.6399 f1=0.7479 thr=0.35 time=61.9s
[Epoch 061] loss=0.2509 miou=0.6545 f1=0.7658 thr=0.35 time=61.8s
[Epoch 062] loss=0.2538 miou=0.6485 f1=0.7615 thr=0.35 time=61.9s
[Epoch 063] loss=0.2422 miou=0.6413 f1=0.7509 thr=0.35 time=62.0s
[Epoch 064] loss=0.2448 miou=0.6562 f1=0.7655 thr=0.35 time=61.8s
[Epoch 065] loss=0.2405 miou=0.6556 f1=0.7652 thr=0.35 time=62.0s
[Epoch 066] loss=0.2277 miou=0.6783 f1=0.7836 thr=0.35 time=61.9s
[Epoch 067] loss=0.2339 miou=0.6600 f1=0.7673 thr=0.35 time=62.3s
[Epoch 068] loss=0.2340 miou=0.6580 f1=0.7656 thr=0.35 time=61.8s
[Epoch 069] loss=0.2301 miou=0.6582 f1=0.7667 thr=0.35 time=61.8s
[Epoch 070] loss=0.2367 miou=0.6576 f1=0.7660 thr=0.35 time=61.9s
[Epoch 071] loss=0.2285 miou=0.6501 f1=0.7623 thr=0.35 time=61.8s
[Epoch 072] loss=0.2437 miou=0.6747 f1=0.7787 thr=0.35 time=61.8s
[Epoch 073] loss=0.2403 miou=0.6570 f1=0.7699 thr=0.35 time=61.9s
[Epoch 074] loss=0.2306 miou=0.6730 f1=0.7769 thr=0.35 time=61.8s
[Epoch 075] loss=0.2341 miou=0.6565 f1=0.7628 thr=0.35 time=61.8s
[Epoch 076] loss=0.2276 miou=0.6657 f1=0.7719 thr=0.35 time=61.9s
[Epoch 077] loss=0.2352 miou=0.6819 f1=0.7836 thr=0.35 time=61.8s
[Epoch 078] loss=0.2260 miou=0.6640 f1=0.7702 thr=0.35 time=61.9s
[Epoch 079] loss=0.2288 miou=0.6710 f1=0.7761 thr=0.35 time=61.8s
[Epoch 080] loss=0.2269 miou=0.6451 f1=0.7546 thr=0.35 time=61.7s
[Epoch 081] loss=0.2241 miou=0.6826 f1=0.7845 thr=0.35 time=61.7s
[Epoch 082] loss=0.2306 miou=0.6574 f1=0.7659 thr=0.35 time=62.0s
[Epoch 083] loss=0.2296 miou=0.6591 f1=0.7669 thr=0.35 time=61.9s
[Epoch 084] loss=0.2366 miou=0.6607 f1=0.7701 thr=0.35 time=61.7s
[Epoch 085] loss=0.2276 miou=0.6806 f1=0.7843 thr=0.35 time=61.8s
[Epoch 086] loss=0.2301 miou=0.6628 f1=0.7697 thr=0.35 time=61.8s
[Epoch 087] loss=0.2285 miou=0.6867 f1=0.7893 thr=0.35 time=61.7s
[Epoch 088] loss=0.2246 miou=0.6735 f1=0.7780 thr=0.35 time=62.3s
[Epoch 089] loss=0.2218 miou=0.6680 f1=0.7719 thr=0.35 time=62.3s
[Epoch 090] loss=0.2164 miou=0.6598 f1=0.7667 thr=0.45 time=62.0s
[Epoch 091] loss=0.2246 miou=0.6751 f1=0.7802 thr=0.35 time=62.4s
[Epoch 092] loss=0.2279 miou=0.6510 f1=0.7542 thr=0.35 time=62.0s
[Epoch 093] loss=0.2257 miou=0.6652 f1=0.7707 thr=0.35 time=62.0s
[Epoch 094] loss=0.2229 miou=0.6688 f1=0.7758 thr=0.35 time=62.0s
[Epoch 095] loss=0.2293 miou=0.6511 f1=0.7604 thr=0.35 time=61.9s
[Epoch 096] loss=0.2173 miou=0.6553 f1=0.7629 thr=0.35 time=62.1s
[Epoch 097] loss=0.2155 miou=0.6435 f1=0.7566 thr=0.35 time=61.9s
[Epoch 098] loss=0.2195 miou=0.6582 f1=0.7640 thr=0.35 time=61.9s
[Epoch 099] loss=0.2195 miou=0.6482 f1=0.7572 thr=0.35 time=63.0s
[Epoch 100] loss=0.2290 miou=0.6273 f1=0.7422 thr=0.35 time=61.7s
[Epoch 101] loss=0.2233 miou=0.6573 f1=0.7684 thr=0.35 time=61.9s
[Epoch 102] loss=0.2167 miou=0.6757 f1=0.7788 thr=0.35 time=62.2s
[Epoch 103] loss=0.2102 miou=0.6631 f1=0.7717 thr=0.35 time=62.2s
[Epoch 104] loss=0.2157 miou=0.6531 f1=0.7607 thr=0.35 time=62.1s
[Epoch 105] loss=0.2232 miou=0.6477 f1=0.7563 thr=0.35 time=62.1s
[Epoch 106] loss=0.2150 miou=0.6660 f1=0.7728 thr=0.35 time=62.0s
[Epoch 107] loss=0.2180 miou=0.6454 f1=0.7576 thr=0.35 time=61.8s
[Epoch 108] loss=0.2183 miou=0.6453 f1=0.7566 thr=0.35 time=62.0s
[Epoch 109] loss=0.2133 miou=0.6641 f1=0.7711 thr=0.35 time=62.0s
[Epoch 110] loss=0.2181 miou=0.6619 f1=0.7678 thr=0.35 time=61.9s
[Epoch 111] loss=0.2172 miou=0.6534 f1=0.7631 thr=0.35 time=62.2s
[Epoch 112] loss=0.2117 miou=0.6616 f1=0.7687 thr=0.40 time=62.3s
[Epoch 113] loss=0.2139 miou=0.6461 f1=0.7589 thr=0.55 time=62.3s
[Epoch 114] loss=0.2079 miou=0.6560 f1=0.7654 thr=0.35 time=62.2s
[Epoch 115] loss=0.2146 miou=0.6562 f1=0.7676 thr=0.35 time=62.9s
[Epoch 116] loss=0.2145 miou=0.6490 f1=0.7579 thr=0.35 time=63.1s
[Epoch 117] loss=0.2133 miou=0.6570 f1=0.7631 thr=0.35 time=62.0s
[Epoch 118] loss=0.2108 miou=0.6640 f1=0.7720 thr=0.35 time=62.5s
[Epoch 119] loss=0.2208 miou=0.6455 f1=0.7549 thr=0.35 time=61.9s
[Epoch 120] loss=0.2094 miou=0.6498 f1=0.7614 thr=0.35 time=62.0s
[Epoch 121] loss=0.2057 miou=0.6588 f1=0.7677 thr=0.35 time=62.0s
[Epoch 122] loss=0.2058 miou=0.6530 f1=0.7642 thr=0.35 time=61.9s
[Epoch 123] loss=0.1960 miou=0.6247 f1=0.7343 thr=0.35 time=62.1s
[Epoch 124] loss=0.2047 miou=0.6605 f1=0.7711 thr=0.35 time=62.0s
[Epoch 125] loss=0.2175 miou=0.6418 f1=0.7597 thr=0.35 time=62.1s
[Epoch 126] loss=0.2027 miou=0.6697 f1=0.7776 thr=0.35 time=62.0s
[Epoch 127] loss=0.2031 miou=0.6492 f1=0.7595 thr=0.35 time=62.1s
[Epoch 128] loss=0.1990 miou=0.6593 f1=0.7635 thr=0.35 time=61.8s
[Epoch 129] loss=0.2070 miou=0.6760 f1=0.7806 thr=0.35 time=61.9s
[Epoch 130] loss=0.2093 miou=0.6673 f1=0.7729 thr=0.35 time=61.9s
[Epoch 131] loss=0.1968 miou=0.6571 f1=0.7627 thr=0.35 time=62.2s
[Epoch 132] loss=0.1874 miou=0.6747 f1=0.7761 thr=0.35 time=61.9s
[Epoch 133] loss=0.2043 miou=0.6644 f1=0.7689 thr=0.35 time=62.0s
[Epoch 134] loss=0.1984 miou=0.6586 f1=0.7657 thr=0.35 time=62.0s
[Epoch 135] loss=0.1998 miou=0.6717 f1=0.7729 thr=0.35 time=62.0s
[Epoch 136] loss=0.1946 miou=0.6642 f1=0.7720 thr=0.35 time=61.9s
[Epoch 137] loss=0.1964 miou=0.6669 f1=0.7727 thr=0.35 time=62.0s
[Epoch 138] loss=0.2123 miou=0.6455 f1=0.7574 thr=0.35 time=62.0s
[Epoch 139] loss=0.2081 miou=0.6400 f1=0.7539 thr=0.35 time=61.9s
[Epoch 140] loss=0.2006 miou=0.6447 f1=0.7527 thr=0.35 time=61.9s
[Epoch 141] loss=0.2047 miou=0.6668 f1=0.7733 thr=0.35 time=61.9s
[Epoch 142] loss=0.1890 miou=0.6484 f1=0.7583 thr=0.35 time=62.0s
[Epoch 143] loss=0.2022 miou=0.6527 f1=0.7603 thr=0.35 time=62.0s
[Epoch 144] loss=0.1990 miou=0.6592 f1=0.7670 thr=0.35 time=62.0s
[Epoch 145] loss=0.1939 miou=0.6317 f1=0.7444 thr=0.35 time=61.9s
[Epoch 146] loss=0.2043 miou=0.6426 f1=0.7544 thr=0.35 time=62.0s
[Epoch 147] loss=0.1898 miou=0.6689 f1=0.7764 thr=0.35 time=61.9s
[Epoch 148] loss=0.1950 miou=0.6397 f1=0.7488 thr=0.35 time=61.9s
[Epoch 149] loss=0.1963 miou=0.6645 f1=0.7725 thr=0.35 time=61.9s
[Epoch 150] loss=0.1999 miou=0.6690 f1=0.7731 thr=0.35 time=62.1s
[Epoch 151] loss=0.1820 miou=0.6646 f1=0.7695 thr=0.35 time=61.9s
[Epoch 152] loss=0.1963 miou=0.6615 f1=0.7690 thr=0.35 time=61.9s
[Epoch 153] loss=0.1958 miou=0.6591 f1=0.7673 thr=0.35 time=62.2s
[Epoch 154] loss=0.1867 miou=0.6583 f1=0.7647 thr=0.35 time=61.8s
[Epoch 155] loss=0.1951 miou=0.6653 f1=0.7703 thr=0.35 time=61.9s
[Epoch 156] loss=0.1860 miou=0.6484 f1=0.7558 thr=0.35 time=61.8s
[Epoch 157] loss=0.1910 miou=0.6545 f1=0.7647 thr=0.35 time=62.0s
[Epoch 158] loss=0.1921 miou=0.6619 f1=0.7699 thr=0.35 time=61.9s
[Epoch 159] loss=0.1873 miou=0.6740 f1=0.7760 thr=0.35 time=61.9s
[Epoch 160] loss=0.1878 miou=0.6649 f1=0.7683 thr=0.35 time=62.0s
[Epoch 161] loss=0.1829 miou=0.6462 f1=0.7592 thr=0.35 time=62.0s
[Epoch 162] loss=0.1882 miou=0.6522 f1=0.7591 thr=0.45 time=62.0s
[Epoch 163] loss=0.1899 miou=0.6606 f1=0.7672 thr=0.35 time=62.0s
[Epoch 164] loss=0.2009 miou=0.6568 f1=0.7622 thr=0.35 time=61.9s
[Epoch 165] loss=0.1917 miou=0.6639 f1=0.7699 thr=0.35 time=62.0s
[Epoch 166] loss=0.1848 miou=0.6602 f1=0.7680 thr=0.35 time=62.0s
[Epoch 167] loss=0.1847 miou=0.6709 f1=0.7732 thr=0.35 time=62.0s
[Epoch 168] loss=0.1798 miou=0.6557 f1=0.7641 thr=0.50 time=62.0s
[Epoch 169] loss=0.1794 miou=0.6696 f1=0.7743 thr=0.55 time=61.9s
[Epoch 170] loss=0.1846 miou=0.6623 f1=0.7679 thr=0.35 time=61.9s
[Epoch 171] loss=0.1785 miou=0.6775 f1=0.7802 thr=0.35 time=62.0s
[Epoch 172] loss=0.1786 miou=0.6647 f1=0.7711 thr=0.40 time=61.9s
[Epoch 173] loss=0.1839 miou=0.6667 f1=0.7751 thr=0.35 time=62.0s
[Epoch 174] loss=0.1849 miou=0.6753 f1=0.7783 thr=0.35 time=61.9s
[Epoch 175] loss=0.1786 miou=0.6637 f1=0.7718 thr=0.40 time=62.1s
[Epoch 176] loss=0.1824 miou=0.6558 f1=0.7634 thr=0.35 time=61.9s
[Epoch 177] loss=0.1775 miou=0.6597 f1=0.7678 thr=0.35 time=62.0s
[Epoch 178] loss=0.1774 miou=0.6625 f1=0.7711 thr=0.35 time=62.0s
[Epoch 179] loss=0.1787 miou=0.6656 f1=0.7749 thr=0.35 time=62.0s
[Epoch 180] loss=0.1828 miou=0.6620 f1=0.7703 thr=0.35 time=62.2s
[Epoch 181] loss=0.1771 miou=0.6511 f1=0.7584 thr=0.35 time=62.3s
[Epoch 182] loss=0.2048 miou=0.6576 f1=0.7671 thr=0.35 time=62.0s
[Epoch 183] loss=0.1878 miou=0.6783 f1=0.7805 thr=0.35 time=62.1s
[Epoch 184] loss=0.1796 miou=0.6544 f1=0.7653 thr=0.35 time=62.0s
[Epoch 185] loss=0.1925 miou=0.6617 f1=0.7663 thr=0.35 time=62.0s
[Epoch 186] loss=0.1757 miou=0.6724 f1=0.7764 thr=0.50 time=62.0s
[Epoch 187] loss=0.1798 miou=0.6629 f1=0.7677 thr=0.35 time=62.1s
[Epoch 188] loss=0.1731 miou=0.6728 f1=0.7764 thr=0.35 time=62.0s
[Epoch 189] loss=0.1713 miou=0.6574 f1=0.7634 thr=0.35 time=61.8s
[Epoch 190] loss=0.1769 miou=0.6617 f1=0.7653 thr=0.35 time=61.9s
[Epoch 191] loss=0.1742 miou=0.6670 f1=0.7789 thr=0.35 time=62.0s
[Epoch 192] loss=0.1752 miou=0.6500 f1=0.7600 thr=0.35 time=61.9s
[Epoch 193] loss=0.1729 miou=0.6729 f1=0.7810 thr=0.35 time=62.9s
[Epoch 194] loss=0.1673 miou=0.6755 f1=0.7810 thr=0.35 time=62.7s
[Epoch 195] loss=0.1687 miou=0.6644 f1=0.7735 thr=0.35 time=62.1s
[Epoch 196] loss=0.1631 miou=0.6642 f1=0.7765 thr=0.35 time=61.9s
[Epoch 197] loss=0.1721 miou=0.6581 f1=0.7698 thr=0.35 time=61.9s
[Epoch 198] loss=0.1675 miou=0.6791 f1=0.7839 thr=0.35 time=62.2s
[Epoch 199] loss=0.1717 miou=0.6612 f1=0.7685 thr=0.35 time=62.1s
[Epoch 200] loss=0.1692 miou=0.6588 f1=0.7713 thr=0.35 time=62.1s
[Epoch 201] loss=0.1765 miou=0.6782 f1=0.7885 thr=0.35 time=62.2s
[Epoch 202] loss=0.1733 miou=0.6464 f1=0.7627 thr=0.35 time=62.1s
[Epoch 203] loss=0.1680 miou=0.6812 f1=0.7873 thr=0.35 time=61.7s
[Epoch 204] loss=0.1663 miou=0.6510 f1=0.7648 thr=0.45 time=61.8s
[Epoch 205] loss=0.1757 miou=0.6655 f1=0.7768 thr=0.35 time=61.8s
[Epoch 206] loss=0.1650 miou=0.6753 f1=0.7831 thr=0.40 time=61.8s
[Epoch 207] loss=0.1702 miou=0.6568 f1=0.7690 thr=0.35 time=63.1s
[Epoch 208] loss=0.1660 miou=0.6568 f1=0.7703 thr=0.35 time=61.7s
[Epoch 209] loss=0.1669 miou=0.6508 f1=0.7643 thr=0.35 time=61.8s
[Epoch 210] loss=0.1587 miou=0.6587 f1=0.7733 thr=0.35 time=61.9s
[Epoch 211] loss=0.1652 miou=0.6572 f1=0.7687 thr=0.35 time=61.7s
[Epoch 212] loss=0.1602 miou=0.6577 f1=0.7685 thr=0.35 time=62.8s
[Epoch 213] loss=0.1650 miou=0.6552 f1=0.7611 thr=0.35 time=62.0s
[Epoch 214] loss=0.1699 miou=0.6756 f1=0.7776 thr=0.55 time=62.2s
[Epoch 215] loss=0.1601 miou=0.6560 f1=0.7684 thr=0.35 time=62.0s
[Epoch 216] loss=0.1578 miou=0.6356 f1=0.7509 thr=0.35 time=61.9s
[Epoch 217] loss=40.9811 miou=0.6001 f1=0.7204 thr=0.35 time=62.0s
[Epoch 218] loss=0.2207 miou=0.6509 f1=0.7628 thr=0.35 time=61.9s
[Epoch 219] loss=0.1859 miou=0.6722 f1=0.7806 thr=0.35 time=62.9s
[Epoch 220] loss=0.1731 miou=0.6546 f1=0.7656 thr=0.35 time=62.3s
[Epoch 221] loss=0.1712 miou=0.6614 f1=0.7718 thr=0.35 time=61.8s
[Epoch 222] loss=0.1696 miou=0.6573 f1=0.7696 thr=0.35 time=61.9s
[Epoch 223] loss=0.1628 miou=0.6702 f1=0.7797 thr=0.50 time=61.7s
[Epoch 224] loss=0.1597 miou=0.6655 f1=0.7759 thr=0.35 time=62.7s
[Epoch 225] loss=0.1603 miou=0.6554 f1=0.7702 thr=0.55 time=61.8s
[Epoch 226] loss=0.1641 miou=0.6675 f1=0.7785 thr=0.35 time=61.9s
[Epoch 227] loss=0.1551 miou=0.6582 f1=0.7723 thr=0.35 time=62.5s
[Epoch 228] loss=0.1643 miou=0.6508 f1=0.7679 thr=0.35 time=63.0s
[Epoch 229] loss=0.1662 miou=0.6513 f1=0.7648 thr=0.50 time=62.3s
[Epoch 230] loss=0.1654 miou=0.6668 f1=0.7795 thr=0.35 time=61.9s
[Epoch 231] loss=0.1607 miou=0.6688 f1=0.7803 thr=0.55 time=62.8s
[Epoch 232] loss=0.1567 miou=0.6650 f1=0.7725 thr=0.35 time=62.7s
[Epoch 233] loss=0.1672 miou=0.6650 f1=0.7748 thr=0.35 time=62.7s
[Epoch 234] loss=0.1617 miou=0.6587 f1=0.7703 thr=0.35 time=62.2s
[Epoch 235] loss=0.1555 miou=0.6595 f1=0.7678 thr=0.35 time=62.6s
[Epoch 236] loss=0.1579 miou=0.6647 f1=0.7734 thr=0.45 time=62.9s
[Epoch 237] loss=0.1579 miou=0.6568 f1=0.7688 thr=0.35 time=61.7s
[Epoch 238] loss=0.1624 miou=0.6350 f1=0.7525 thr=0.35 time=61.7s
[Epoch 239] loss=0.1606 miou=0.6504 f1=0.7648 thr=0.35 time=61.7s
[Epoch 240] loss=0.1579 miou=0.6598 f1=0.7727 thr=0.40 time=61.7s
[Epoch 241] loss=0.1552 miou=0.6678 f1=0.7765 thr=0.35 time=61.6s
[Epoch 242] loss=0.1624 miou=0.6567 f1=0.7681 thr=0.35 time=61.8s
[Epoch 243] loss=0.1613 miou=0.6570 f1=0.7697 thr=0.35 time=61.7s
[Epoch 244] loss=0.1568 miou=0.6560 f1=0.7676 thr=0.35 time=61.6s
[Epoch 245] loss=0.1680 miou=0.6348 f1=0.7496 thr=0.35 time=62.1s
[Epoch 246] loss=0.1660 miou=0.6624 f1=0.7722 thr=0.35 time=61.8s
[Epoch 247] loss=0.1558 miou=0.6546 f1=0.7686 thr=0.35 time=62.9s
[Epoch 248] loss=0.1669 miou=0.6484 f1=0.7626 thr=0.35 time=62.9s
[Epoch 249] loss=0.1588 miou=0.6580 f1=0.7716 thr=0.35 time=62.7s
[Epoch 250] loss=0.1533 miou=0.6454 f1=0.7613 thr=0.35 time=62.9s
[Epoch 251] loss=0.1554 miou=0.6562 f1=0.7692 thr=0.35 time=61.9s
[Epoch 252] loss=0.1613 miou=0.6546 f1=0.7679 thr=0.35 time=62.0s
[Epoch 253] loss=0.1551 miou=0.6650 f1=0.7775 thr=0.35 time=62.5s
[Epoch 254] loss=0.1533 miou=0.6555 f1=0.7643 thr=0.35 time=61.9s
[Epoch 255] loss=0.1520 miou=0.6463 f1=0.7620 thr=0.35 time=61.7s
[Epoch 256] loss=0.1554 miou=0.6569 f1=0.7678 thr=0.35 time=61.9s
[Epoch 257] loss=0.1505 miou=0.6487 f1=0.7589 thr=0.35 time=61.9s
[Epoch 258] loss=0.1562 miou=0.6450 f1=0.7593 thr=0.35 time=61.6s
[Epoch 259] loss=0.1548 miou=0.6568 f1=0.7693 thr=0.35 time=61.7s
[Epoch 260] loss=0.1526 miou=0.6643 f1=0.7732 thr=0.35 time=61.7s
[Epoch 261] loss=0.1498 miou=0.6468 f1=0.7628 thr=0.35 time=61.8s
[Epoch 262] loss=0.1510 miou=0.6553 f1=0.7677 thr=0.35 time=61.9s
[Epoch 263] loss=0.1493 miou=0.6541 f1=0.7674 thr=0.35 time=61.7s
[Epoch 264] loss=0.1501 miou=0.6567 f1=0.7696 thr=0.35 time=61.7s
[Epoch 265] loss=0.1552 miou=0.6632 f1=0.7749 thr=0.50 time=61.8s
[Epoch 266] loss=0.1631 miou=0.6409 f1=0.7552 thr=0.35 time=61.8s
[Epoch 267] loss=0.1527 miou=0.6572 f1=0.7686 thr=0.35 time=61.9s
[Epoch 268] loss=0.1544 miou=0.6725 f1=0.7785 thr=0.35 time=61.7s
[Epoch 269] loss=0.1505 miou=0.6542 f1=0.7623 thr=0.35 time=61.6s
[Epoch 270] loss=0.1466 miou=0.6742 f1=0.7789 thr=0.35 time=61.7s
[Epoch 271] loss=0.1465 miou=0.6744 f1=0.7813 thr=0.35 time=61.8s
[Epoch 272] loss=0.1497 miou=0.6569 f1=0.7682 thr=0.35 time=61.8s
[Epoch 273] loss=0.1492 miou=0.6575 f1=0.7666 thr=0.35 time=61.8s
[Epoch 274] loss=0.1482 miou=0.6556 f1=0.7635 thr=0.35 time=61.8s
[Epoch 275] loss=0.1512 miou=0.6442 f1=0.7614 thr=0.35 time=61.7s
[Epoch 276] loss=0.1551 miou=0.6397 f1=0.7555 thr=0.35 time=61.7s
[Epoch 277] loss=0.1548 miou=0.6436 f1=0.7596 thr=0.35 time=61.7s
[Epoch 278] loss=0.1482 miou=0.6584 f1=0.7693 thr=0.35 time=61.7s
[Epoch 279] loss=0.1593 miou=0.6569 f1=0.7681 thr=0.35 time=61.7s
[Epoch 280] loss=0.1501 miou=0.6605 f1=0.7695 thr=0.35 time=61.7s
[Epoch 281] loss=0.1492 miou=0.6611 f1=0.7690 thr=0.35 time=61.8s
[Epoch 282] loss=0.1430 miou=0.6598 f1=0.7682 thr=0.35 time=61.8s
[Epoch 283] loss=0.1532 miou=0.6444 f1=0.7563 thr=0.35 time=61.7s
[Epoch 284] loss=0.1464 miou=0.6601 f1=0.7675 thr=0.35 time=61.7s
[Epoch 285] loss=0.1445 miou=0.6720 f1=0.7775 thr=0.35 time=61.8s
[Epoch 286] loss=0.1426 miou=0.6558 f1=0.7665 thr=0.45 time=61.7s
[Epoch 287] loss=0.1372 miou=0.6627 f1=0.7716 thr=0.35 time=62.8s
[Epoch 288] loss=0.1360 miou=0.6605 f1=0.7706 thr=0.35 time=61.8s
[Epoch 289] loss=0.1380 miou=0.6656 f1=0.7720 thr=0.35 time=61.6s
[Epoch 290] loss=0.1457 miou=0.6651 f1=0.7712 thr=0.35 time=61.6s
[Epoch 291] loss=0.1421 miou=0.6604 f1=0.7692 thr=0.35 time=61.6s
[Epoch 292] loss=0.1424 miou=0.6657 f1=0.7723 thr=0.35 time=61.8s
[Epoch 293] loss=0.1449 miou=0.6459 f1=0.7539 thr=0.35 time=62.1s
[Epoch 294] loss=0.1450 miou=0.6570 f1=0.7669 thr=0.35 time=62.8s
[Epoch 295] loss=0.1442 miou=0.6698 f1=0.7769 thr=0.35 time=62.4s
[Epoch 296] loss=0.1456 miou=0.6585 f1=0.7649 thr=0.35 time=62.0s
[Epoch 297] loss=0.1445 miou=0.6505 f1=0.7599 thr=0.35 time=63.0s
[Epoch 298] loss=0.1379 miou=0.6501 f1=0.7633 thr=0.35 time=61.9s
[Epoch 299] loss=0.1436 miou=0.6629 f1=0.7718 thr=0.35 time=61.8s
[Epoch 300] loss=0.1395 miou=0.6665 f1=0.7724 thr=0.35 time=61.7s
[Epoch 301] loss=0.1394 miou=0.6594 f1=0.7704 thr=0.35 time=61.9s
[Epoch 302] loss=0.1366 miou=0.6640 f1=0.7681 thr=0.35 time=61.7s
[Epoch 303] loss=0.1319 miou=0.6503 f1=0.7569 thr=0.35 time=61.7s
[Epoch 304] loss=0.1354 miou=0.6591 f1=0.7679 thr=0.35 time=61.7s
[Epoch 305] loss=0.1746 miou=0.6627 f1=0.7701 thr=0.35 time=61.9s
[Epoch 306] loss=0.1453 miou=0.6558 f1=0.7687 thr=0.35 time=61.8s
[Epoch 307] loss=0.1423 miou=0.6659 f1=0.7718 thr=0.35 time=61.9s
[Epoch 308] loss=0.1433 miou=0.6489 f1=0.7611 thr=0.35 time=61.8s
[Epoch 309] loss=0.1365 miou=0.6718 f1=0.7805 thr=0.35 time=61.7s
[Epoch 310] loss=0.1338 miou=0.6562 f1=0.7676 thr=0.35 time=61.8s
[Epoch 311] loss=0.1376 miou=0.6548 f1=0.7662 thr=0.35 time=61.7s
[Epoch 312] loss=0.1314 miou=0.6700 f1=0.7751 thr=0.35 time=61.9s
[Epoch 313] loss=0.1304 miou=0.6683 f1=0.7750 thr=0.35 time=61.8s
[Epoch 314] loss=0.1319 miou=0.6630 f1=0.7724 thr=0.35 time=61.7s
[Epoch 315] loss=0.1357 miou=0.6462 f1=0.7564 thr=0.35 time=61.8s
[Epoch 316] loss=0.1437 miou=0.6456 f1=0.7587 thr=0.35 time=61.7s
[Epoch 317] loss=0.1385 miou=0.6552 f1=0.7630 thr=0.35 time=61.8s
[Epoch 318] loss=0.1305 miou=0.6617 f1=0.7675 thr=0.35 time=62.0s
[Epoch 319] loss=0.1324 miou=0.6533 f1=0.7602 thr=0.35 time=62.9s
[Epoch 320] loss=0.1373 miou=0.6601 f1=0.7677 thr=0.35 time=61.6s
[Epoch 321] loss=0.1334 miou=0.6553 f1=0.7611 thr=0.35 time=61.8s
[Epoch 322] loss=0.1408 miou=0.6452 f1=0.7568 thr=0.35 time=62.2s
[Epoch 323] loss=0.1376 miou=0.6524 f1=0.7622 thr=0.35 time=62.0s
[Epoch 324] loss=0.1446 miou=0.6536 f1=0.7605 thr=0.35 time=61.9s
[Epoch 325] loss=0.1303 miou=0.6554 f1=0.7633 thr=0.35 time=62.6s
[Epoch 326] loss=0.1345 miou=0.6509 f1=0.7597 thr=0.35 time=61.7s
[Epoch 327] loss=0.1353 miou=0.6615 f1=0.7671 thr=0.35 time=61.7s
[Epoch 328] loss=0.1334 miou=0.6674 f1=0.7715 thr=0.35 time=61.7s
[Epoch 329] loss=0.1363 miou=0.6561 f1=0.7618 thr=0.45 time=61.9s
[Epoch 330] loss=0.1395 miou=0.6494 f1=0.7622 thr=0.35 time=61.7s
[Epoch 331] loss=0.1457 miou=0.6547 f1=0.7682 thr=0.35 time=61.9s
[Epoch 332] loss=0.1377 miou=0.6513 f1=0.7617 thr=0.35 time=61.9s
[Epoch 333] loss=0.1404 miou=0.6505 f1=0.7647 thr=0.35 time=61.7s
[Epoch 334] loss=0.1377 miou=0.6474 f1=0.7571 thr=0.35 time=61.8s
[Epoch 335] loss=0.1298 miou=0.6679 f1=0.7739 thr=0.35 time=61.9s
[Epoch 336] loss=0.1285 miou=0.6650 f1=0.7726 thr=0.45 time=61.9s
[Epoch 337] loss=0.1283 miou=0.6504 f1=0.7630 thr=0.55 time=61.8s
[Epoch 338] loss=0.1299 miou=0.6578 f1=0.7705 thr=0.35 time=61.7s
[Epoch 339] loss=0.1306 miou=0.6476 f1=0.7626 thr=0.35 time=61.6s
[Epoch 340] loss=0.1238 miou=0.6464 f1=0.7628 thr=0.35 time=61.7s
[Epoch 341] loss=0.1336 miou=0.6276 f1=0.7446 thr=0.35 time=61.8s
[Epoch 342] loss=0.1465 miou=0.6467 f1=0.7595 thr=0.35 time=61.7s
[Epoch 343] loss=0.1494 miou=0.6511 f1=0.7644 thr=0.35 time=62.8s
[Epoch 344] loss=0.1373 miou=0.6424 f1=0.7558 thr=0.35 time=61.7s
[Epoch 345] loss=0.1298 miou=0.6402 f1=0.7533 thr=0.35 time=62.5s
[Epoch 346] loss=0.1342 miou=0.6496 f1=0.7629 thr=0.35 time=61.9s
[Epoch 347] loss=0.1347 miou=0.6556 f1=0.7636 thr=0.35 time=61.7s
[Epoch 348] loss=0.1213 miou=0.6590 f1=0.7659 thr=0.35 time=62.0s
[Epoch 349] loss=0.1244 miou=0.6528 f1=0.7612 thr=0.35 time=61.9s
[Epoch 350] loss=0.1225 miou=0.6669 f1=0.7779 thr=0.35 time=62.7s
[Epoch 351] loss=0.1304 miou=0.6450 f1=0.7569 thr=0.35 time=61.7s
[Epoch 352] loss=0.1359 miou=0.6504 f1=0.7621 thr=0.35 time=61.6s
[Epoch 353] loss=0.1362 miou=0.6479 f1=0.7576 thr=0.35 time=61.7s
[Epoch 354] loss=0.1306 miou=0.6459 f1=0.7565 thr=0.35 time=61.7s
[Epoch 355] loss=0.1294 miou=0.6430 f1=0.7542 thr=0.35 time=61.7s
[Epoch 356] loss=0.1263 miou=0.6521 f1=0.7617 thr=0.35 time=61.7s
[Epoch 357] loss=0.1210 miou=0.6454 f1=0.7577 thr=0.35 time=61.7s
[Epoch 358] loss=0.1302 miou=0.6553 f1=0.7636 thr=0.35 time=61.6s
[Epoch 359] loss=0.1300 miou=0.6430 f1=0.7537 thr=0.35 time=61.8s
[Epoch 360] loss=0.1265 miou=0.6551 f1=0.7635 thr=0.35 time=61.7s
[Epoch 361] loss=0.1255 miou=0.6395 f1=0.7497 thr=0.35 time=61.7s
[Epoch 362] loss=0.1338 miou=0.6462 f1=0.7564 thr=0.35 time=61.8s
[Epoch 363] loss=0.1274 miou=0.6560 f1=0.7666 thr=0.35 time=61.8s
[Epoch 364] loss=0.1276 miou=0.6618 f1=0.7698 thr=0.35 time=61.8s
[Epoch 365] loss=0.1415 miou=0.6382 f1=0.7501 thr=0.35 time=62.0s
[Epoch 366] loss=0.1286 miou=0.6483 f1=0.7558 thr=0.35 time=61.8s
[Epoch 367] loss=0.1253 miou=0.6543 f1=0.7634 thr=0.35 time=61.8s
[Epoch 368] loss=0.1365 miou=0.6458 f1=0.7558 thr=0.35 time=61.7s
[Epoch 369] loss=0.1305 miou=0.6273 f1=0.7400 thr=0.35 time=61.7s
[Epoch 370] loss=0.1366 miou=0.6517 f1=0.7629 thr=0.35 time=61.8s
[Epoch 371] loss=0.1260 miou=0.6580 f1=0.7684 thr=0.35 time=61.7s
[Epoch 372] loss=0.1183 miou=0.6597 f1=0.7689 thr=0.35 time=61.7s
[Epoch 373] loss=0.1275 miou=0.6397 f1=0.7503 thr=0.35 time=61.9s
[Epoch 374] loss=0.1292 miou=0.6631 f1=0.7700 thr=0.35 time=61.7s
[Epoch 375] loss=0.1237 miou=0.6567 f1=0.7654 thr=0.35 time=61.9s
[Epoch 376] loss=0.1213 miou=0.6651 f1=0.7716 thr=0.35 time=61.8s
[Epoch 377] loss=0.1195 miou=0.6584 f1=0.7677 thr=0.55 time=61.7s
[Epoch 378] loss=0.1230 miou=0.6538 f1=0.7592 thr=0.40 time=61.7s
[Epoch 379] loss=0.1188 miou=0.6575 f1=0.7628 thr=0.35 time=61.8s
[Epoch 380] loss=0.1170 miou=0.6512 f1=0.7584 thr=0.35 time=61.9s
[Epoch 381] loss=0.1136 miou=0.6529 f1=0.7589 thr=0.35 time=61.9s
[Epoch 382] loss=0.1181 miou=0.6511 f1=0.7620 thr=0.35 time=61.8s
[Epoch 383] loss=0.1242 miou=0.6508 f1=0.7597 thr=0.35 time=61.8s
[Epoch 384] loss=0.1172 miou=0.6641 f1=0.7687 thr=0.35 time=61.8s
[Epoch 385] loss=0.1294 miou=0.6592 f1=0.7672 thr=0.35 time=61.7s
[Epoch 386] loss=0.1232 miou=0.6616 f1=0.7682 thr=0.35 time=61.8s
[Epoch 387] loss=0.1203 miou=0.6386 f1=0.7515 thr=0.35 time=61.7s
[Epoch 388] loss=0.1247 miou=0.6615 f1=0.7710 thr=0.35 time=61.8s
[Epoch 389] loss=0.1207 miou=0.6642 f1=0.7695 thr=0.35 time=61.8s
[Epoch 390] loss=0.1151 miou=0.6612 f1=0.7671 thr=0.35 time=61.7s
[Epoch 391] loss=0.1209 miou=0.6533 f1=0.7594 thr=0.35 time=61.6s
[Epoch 392] loss=0.1283 miou=0.6562 f1=0.7648 thr=0.35 time=61.6s
[Epoch 393] loss=0.1250 miou=0.6416 f1=0.7510 thr=0.35 time=61.7s
[Epoch 394] loss=0.1175 miou=0.6551 f1=0.7621 thr=0.35 time=61.8s
[Epoch 395] loss=0.1188 miou=0.6501 f1=0.7597 thr=0.35 time=62.3s
[Epoch 396] loss=0.1158 miou=0.6605 f1=0.7668 thr=0.35 time=61.8s
[Epoch 397] loss=0.1158 miou=0.6595 f1=0.7646 thr=0.35 time=61.7s
[Epoch 398] loss=0.1161 miou=0.6571 f1=0.7620 thr=0.35 time=61.7s
[Epoch 399] loss=0.1111 miou=0.6465 f1=0.7541 thr=0.35 time=61.7s
[Epoch 400] loss=0.1201 miou=0.6421 f1=0.7523 thr=0.35 time=61.7s
[Epoch 401] loss=0.1193 miou=0.6505 f1=0.7589 thr=0.35 time=61.8s
[Epoch 402] loss=0.1142 miou=0.6438 f1=0.7530 thr=0.35 time=61.8s
[Epoch 403] loss=0.1163 miou=0.6394 f1=0.7518 thr=0.35 time=62.9s
[Epoch 404] loss=0.1152 miou=0.6568 f1=0.7641 thr=0.35 time=61.8s
[Epoch 405] loss=0.1143 miou=0.6592 f1=0.7677 thr=0.35 time=61.9s
[Epoch 406] loss=0.1198 miou=0.6493 f1=0.7592 thr=0.35 time=61.8s
[Epoch 407] loss=0.1120 miou=0.6455 f1=0.7563 thr=0.35 time=61.9s
[Epoch 408] loss=0.1110 miou=0.6352 f1=0.7460 thr=0.35 time=61.8s
[Epoch 409] loss=0.1271 miou=0.6306 f1=0.7460 thr=0.35 time=61.7s
[Epoch 410] loss=0.1232 miou=0.6451 f1=0.7604 thr=0.35 time=62.0s
[Epoch 411] loss=0.1217 miou=0.6476 f1=0.7556 thr=0.35 time=61.8s
[Epoch 412] loss=0.1176 miou=0.6544 f1=0.7633 thr=0.35 time=61.8s
[Epoch 413] loss=0.1153 miou=0.6566 f1=0.7648 thr=0.35 time=61.8s
[Epoch 414] loss=0.1166 miou=0.6681 f1=0.7741 thr=0.35 time=61.7s
[Epoch 415] loss=0.1125 miou=0.6580 f1=0.7671 thr=0.35 time=61.8s
[Epoch 416] loss=0.1201 miou=0.6527 f1=0.7605 thr=0.35 time=61.9s
[Epoch 417] loss=0.1122 miou=0.6507 f1=0.7573 thr=0.35 time=62.0s
[Epoch 418] loss=0.1165 miou=0.6491 f1=0.7586 thr=0.35 time=61.8s
[Epoch 419] loss=0.1110 miou=0.6515 f1=0.7589 thr=0.35 time=61.7s
[Epoch 420] loss=0.1075 miou=0.6572 f1=0.7662 thr=0.35 time=61.5s
[Epoch 421] loss=0.1099 miou=0.6603 f1=0.7657 thr=0.35 time=61.7s
[Epoch 422] loss=0.1153 miou=0.6582 f1=0.7685 thr=0.35 time=61.7s
[Epoch 423] loss=0.1133 miou=0.6645 f1=0.7697 thr=0.35 time=61.9s
[Epoch 424] loss=0.1202 miou=0.6531 f1=0.7614 thr=0.35 time=61.8s
[Epoch 425] loss=0.1155 miou=0.6477 f1=0.7557 thr=0.35 time=61.7s
[Epoch 426] loss=0.1141 miou=0.6476 f1=0.7564 thr=0.35 time=61.7s
[Epoch 427] loss=0.1198 miou=0.6588 f1=0.7654 thr=0.35 time=61.9s
[Epoch 428] loss=0.1178 miou=0.6534 f1=0.7638 thr=0.35 time=62.0s
[Epoch 429] loss=0.1119 miou=0.6534 f1=0.7628 thr=0.35 time=61.9s
[Epoch 430] loss=0.1221 miou=0.6475 f1=0.7576 thr=0.35 time=61.8s
[Epoch 431] loss=1.2891 miou=0.6469 f1=0.7562 thr=0.35 time=61.7s
[Epoch 432] loss=0.1123 miou=0.6423 f1=0.7542 thr=0.45 time=61.9s
[Epoch 433] loss=0.1078 miou=0.6447 f1=0.7541 thr=0.55 time=61.8s
[Epoch 434] loss=0.1091 miou=0.6541 f1=0.7641 thr=0.35 time=61.7s
[Epoch 435] loss=0.1064 miou=0.6597 f1=0.7673 thr=0.35 time=61.8s
[Epoch 436] loss=0.1074 miou=0.6568 f1=0.7639 thr=0.35 time=61.9s
[Epoch 437] loss=0.1046 miou=0.6563 f1=0.7645 thr=0.35 time=61.9s
[Epoch 438] loss=0.1019 miou=0.6590 f1=0.7663 thr=0.35 time=61.7s
[Epoch 439] loss=0.1088 miou=0.6615 f1=0.7657 thr=0.35 time=61.7s
[Epoch 440] loss=0.1071 miou=0.6491 f1=0.7592 thr=0.35 time=61.7s
[Epoch 441] loss=0.1092 miou=0.6386 f1=0.7519 thr=0.35 time=61.8s
[Epoch 442] loss=0.1098 miou=0.6433 f1=0.7509 thr=0.35 time=61.7s
[Epoch 443] loss=0.1148 miou=0.6499 f1=0.7617 thr=0.35 time=61.6s
[Epoch 444] loss=0.1140 miou=0.6463 f1=0.7586 thr=0.35 time=61.7s
[Epoch 445] loss=0.1083 miou=0.6567 f1=0.7642 thr=0.35 time=61.8s
[Epoch 446] loss=0.1050 miou=0.6528 f1=0.7625 thr=0.35 time=61.7s
[Epoch 447] loss=0.1060 miou=0.6533 f1=0.7650 thr=0.35 time=61.7s
[Epoch 448] loss=0.1096 miou=0.6531 f1=0.7655 thr=0.35 time=61.7s
[Epoch 449] loss=0.1129 miou=0.6472 f1=0.7578 thr=0.35 time=61.7s
[Epoch 450] loss=0.1062 miou=0.6506 f1=0.7619 thr=0.35 time=61.7s
[Epoch 451] loss=0.1118 miou=0.6345 f1=0.7463 thr=0.35 time=61.8s
[Epoch 452] loss=0.1051 miou=0.6619 f1=0.7660 thr=0.35 time=61.7s
[Epoch 453] loss=0.1036 miou=0.6400 f1=0.7488 thr=0.35 time=61.8s
[Epoch 454] loss=0.1068 miou=0.6524 f1=0.7575 thr=0.35 time=61.8s
[Epoch 455] loss=0.1100 miou=0.6600 f1=0.7678 thr=0.35 time=61.7s
[Epoch 456] loss=0.1051 miou=0.6500 f1=0.7605 thr=0.35 time=61.7s
[Epoch 457] loss=0.1011 miou=0.6484 f1=0.7572 thr=0.35 time=61.6s
[Epoch 458] loss=0.0984 miou=0.6630 f1=0.7693 thr=0.35 time=62.2s
[Epoch 459] loss=0.1051 miou=0.6622 f1=0.7693 thr=0.35 time=61.8s
[Epoch 460] loss=0.1027 miou=0.6536 f1=0.7634 thr=0.35 time=61.8s
[Epoch 461] loss=0.0995 miou=0.6581 f1=0.7664 thr=0.50 time=61.9s
[Epoch 462] loss=0.0984 miou=0.6577 f1=0.7643 thr=0.35 time=61.8s
[Epoch 463] loss=0.1030 miou=0.6342 f1=0.7434 thr=0.35 time=61.7s
[Epoch 464] loss=0.1008 miou=0.6446 f1=0.7554 thr=0.35 time=62.0s
[Epoch 465] loss=0.0997 miou=0.6509 f1=0.7621 thr=0.35 time=62.2s
[Epoch 466] loss=0.0961 miou=0.6397 f1=0.7503 thr=0.35 time=61.8s
[Epoch 467] loss=0.1039 miou=0.6576 f1=0.7640 thr=0.35 time=61.8s
[Epoch 468] loss=0.1023 miou=0.6611 f1=0.7670 thr=0.35 time=61.8s
[Epoch 469] loss=0.1204 miou=0.6528 f1=0.7609 thr=0.35 time=62.0s
[Epoch 470] loss=0.1020 miou=0.6602 f1=0.7656 thr=0.35 time=61.8s
[Epoch 471] loss=0.0963 miou=0.6624 f1=0.7671 thr=0.35 time=61.8s
[Epoch 472] loss=0.0996 miou=0.6531 f1=0.7627 thr=0.35 time=61.8s
[Epoch 473] loss=0.1031 miou=0.6414 f1=0.7536 thr=0.40 time=61.8s
[Epoch 474] loss=0.1063 miou=0.6506 f1=0.7602 thr=0.35 time=61.8s
[Epoch 475] loss=0.1064 miou=0.6581 f1=0.7653 thr=0.35 time=61.7s
[Epoch 476] loss=0.1000 miou=0.6511 f1=0.7613 thr=0.35 time=61.6s
[Epoch 477] loss=0.1028 miou=0.6646 f1=0.7706 thr=0.35 time=61.7s
[Epoch 478] loss=0.1017 miou=0.6612 f1=0.7699 thr=0.45 time=61.6s
[Epoch 479] loss=0.1013 miou=0.6607 f1=0.7689 thr=0.35 time=61.5s
[Epoch 480] loss=0.1057 miou=0.6431 f1=0.7579 thr=0.35 time=61.8s
[Epoch 481] loss=0.1144 miou=0.6518 f1=0.7647 thr=0.35 time=61.7s
[Epoch 482] loss=0.1040 miou=0.6518 f1=0.7603 thr=0.35 time=61.8s
[Epoch 483] loss=0.1021 miou=0.6530 f1=0.7657 thr=0.35 time=61.8s
[Epoch 484] loss=0.1003 miou=0.6595 f1=0.7685 thr=0.35 time=61.6s
[Epoch 485] loss=0.0954 miou=0.6610 f1=0.7693 thr=0.35 time=61.6s
[Epoch 486] loss=0.0949 miou=0.6581 f1=0.7674 thr=0.35 time=61.9s
[Epoch 487] loss=0.0940 miou=0.6680 f1=0.7761 thr=0.35 time=61.7s
[Epoch 488] loss=0.0983 miou=0.6641 f1=0.7736 thr=0.35 time=61.6s
[Epoch 489] loss=0.1026 miou=0.6522 f1=0.7623 thr=0.45 time=61.6s
[Epoch 490] loss=0.0972 miou=0.6601 f1=0.7692 thr=0.35 time=61.9s
[Epoch 491] loss=0.1041 miou=0.6439 f1=0.7586 thr=0.35 time=62.1s
[Epoch 492] loss=0.0995 miou=0.6480 f1=0.7574 thr=0.35 time=61.7s
[Epoch 493] loss=0.1104 miou=0.6475 f1=0.7587 thr=0.35 time=61.7s
[Epoch 494] loss=0.1084 miou=0.6597 f1=0.7658 thr=0.35 time=62.4s
[Epoch 495] loss=0.1013 miou=0.6712 f1=0.7764 thr=0.35 time=61.8s
[Epoch 496] loss=0.0980 miou=0.6659 f1=0.7703 thr=0.35 time=61.8s
[Epoch 497] loss=0.1018 miou=0.6574 f1=0.7649 thr=0.35 time=61.7s
[Epoch 498] loss=0.0964 miou=0.6558 f1=0.7651 thr=0.45 time=61.8s
[Epoch 499] loss=0.0950 miou=0.6593 f1=0.7679 thr=0.35 time=61.8s
[Epoch 500] loss=0.1012 miou=0.6632 f1=0.7692 thr=0.35 time=61.8s
[Epoch 501] loss=0.1005 miou=0.6533 f1=0.7614 thr=0.45 time=61.8s
[Epoch 502] loss=0.0960 miou=0.6618 f1=0.7691 thr=0.35 time=61.8s
[Epoch 503] loss=0.1044 miou=0.6562 f1=0.7632 thr=0.35 time=62.0s
[Epoch 504] loss=0.1068 miou=0.6648 f1=0.7702 thr=0.35 time=61.8s
[Epoch 505] loss=0.1082 miou=0.6598 f1=0.7675 thr=0.35 time=61.9s
[Epoch 506] loss=0.1082 miou=0.6591 f1=0.7647 thr=0.35 time=62.0s
[Epoch 507] loss=0.1050 miou=0.6584 f1=0.7677 thr=0.35 time=62.0s
[Epoch 508] loss=0.1023 miou=0.6550 f1=0.7624 thr=0.35 time=62.7s
[Epoch 509] loss=0.1062 miou=0.6451 f1=0.7558 thr=0.35 time=61.9s
[Epoch 510] loss=0.1109 miou=0.6350 f1=0.7529 thr=0.35 time=62.9s
[Epoch 511] loss=0.1074 miou=0.6523 f1=0.7623 thr=0.50 time=61.9s
[Epoch 512] loss=0.1021 miou=0.6506 f1=0.7609 thr=0.35 time=61.7s
[Epoch 513] loss=0.1018 miou=0.6558 f1=0.7663 thr=0.45 time=62.0s
[Epoch 514] loss=0.1013 miou=0.6600 f1=0.7704 thr=0.35 time=62.7s
[Epoch 515] loss=0.0983 miou=0.6597 f1=0.7673 thr=0.35 time=62.9s
[Epoch 516] loss=0.1037 miou=0.6365 f1=0.7506 thr=0.35 time=61.7s
[Epoch 517] loss=0.1091 miou=0.6557 f1=0.7644 thr=0.35 time=61.7s
[Epoch 518] loss=0.1052 miou=0.6529 f1=0.7580 thr=0.35 time=61.7s
[Epoch 519] loss=0.1004 miou=0.6592 f1=0.7651 thr=0.35 time=61.7s
[Epoch 520] loss=0.1017 miou=0.6558 f1=0.7635 thr=0.35 time=61.9s
[Epoch 521] loss=0.0963 miou=0.6537 f1=0.7602 thr=0.35 time=62.0s
[Epoch 522] loss=0.0925 miou=0.6563 f1=0.7646 thr=0.35 time=61.7s
[Epoch 523] loss=0.0945 miou=0.6547 f1=0.7640 thr=0.35 time=61.7s
[Epoch 524] loss=0.0960 miou=0.6577 f1=0.7640 thr=0.35 time=61.6s
[Epoch 525] loss=0.0967 miou=0.6612 f1=0.7662 thr=0.35 time=62.0s
[Epoch 526] loss=0.0982 miou=0.6458 f1=0.7555 thr=0.35 time=62.0s
[Epoch 527] loss=0.0974 miou=0.6531 f1=0.7603 thr=0.35 time=62.0s
[Epoch 528] loss=0.0999 miou=0.6544 f1=0.7639 thr=0.35 time=62.0s
[Epoch 529] loss=0.1041 miou=0.6292 f1=0.7387 thr=0.35 time=61.9s
[Epoch 530] loss=0.1093 miou=0.6424 f1=0.7537 thr=0.35 time=61.9s
[Epoch 531] loss=0.1043 miou=0.6637 f1=0.7712 thr=0.35 time=61.9s
[Epoch 532] loss=0.0987 miou=0.6461 f1=0.7572 thr=0.45 time=61.7s
[Epoch 533] loss=0.1022 miou=0.6470 f1=0.7530 thr=0.35 time=61.8s
[Epoch 534] loss=0.1008 miou=0.6594 f1=0.7657 thr=0.35 time=61.8s
[Epoch 535] loss=0.0940 miou=0.6602 f1=0.7670 thr=0.50 time=61.7s
[Epoch 536] loss=0.0990 miou=0.6628 f1=0.7702 thr=0.35 time=61.8s
[Epoch 537] loss=0.1096 miou=0.6461 f1=0.7557 thr=0.35 time=61.7s
[Epoch 538] loss=0.1047 miou=0.6470 f1=0.7578 thr=0.35 time=61.7s
[Epoch 539] loss=0.1031 miou=0.6565 f1=0.7701 thr=0.35 time=61.7s
[Epoch 540] loss=0.1082 miou=0.6447 f1=0.7580 thr=0.35 time=61.7s
[Epoch 541] loss=0.0993 miou=0.6473 f1=0.7620 thr=0.35 time=61.7s
[Epoch 542] loss=0.1091 miou=0.6619 f1=0.7677 thr=0.50 time=61.6s
[Epoch 543] loss=0.0991 miou=0.6497 f1=0.7575 thr=0.40 time=61.8s
[Epoch 544] loss=0.0965 miou=0.6617 f1=0.7694 thr=0.35 time=61.8s
[Epoch 545] loss=0.0948 miou=0.6515 f1=0.7599 thr=0.35 time=61.8s
[Epoch 546] loss=0.0935 miou=0.6565 f1=0.7661 thr=0.35 time=61.9s
[Epoch 547] loss=0.0941 miou=0.6523 f1=0.7611 thr=0.35 time=61.8s
[Epoch 548] loss=0.0999 miou=0.6501 f1=0.7581 thr=0.35 time=61.7s
[Epoch 549] loss=0.0955 miou=0.6593 f1=0.7654 thr=0.35 time=61.8s
[Epoch 550] loss=0.0961 miou=0.6508 f1=0.7601 thr=0.35 time=61.6s
[Epoch 551] loss=0.0916 miou=0.6622 f1=0.7691 thr=0.35 time=61.8s
[Epoch 552] loss=0.0969 miou=0.6549 f1=0.7623 thr=0.35 time=61.7s
[Epoch 553] loss=0.0958 miou=0.6547 f1=0.7654 thr=0.35 time=61.9s
[Epoch 554] loss=0.0991 miou=0.6541 f1=0.7643 thr=0.35 time=62.0s
[Epoch 555] loss=0.0943 miou=0.6758 f1=0.7810 thr=0.35 time=61.7s
[Epoch 556] loss=0.1032 miou=0.6555 f1=0.7651 thr=0.35 time=61.7s
[Epoch 557] loss=0.0938 miou=0.6647 f1=0.7711 thr=0.35 time=61.9s
[Epoch 558] loss=0.0940 miou=0.6552 f1=0.7651 thr=0.35 time=61.7s
[Epoch 559] loss=0.0951 miou=0.6541 f1=0.7631 thr=0.35 time=61.8s
[Epoch 560] loss=0.0951 miou=0.6541 f1=0.7642 thr=0.45 time=62.1s
[Epoch 561] loss=0.0944 miou=0.6664 f1=0.7706 thr=0.35 time=61.6s
[Epoch 562] loss=0.0912 miou=0.6503 f1=0.7588 thr=0.35 time=61.8s
[Epoch 563] loss=0.1029 miou=0.6578 f1=0.7649 thr=0.40 time=61.7s
[Epoch 564] loss=0.1010 miou=0.6471 f1=0.7560 thr=0.35 time=61.7s
[Epoch 565] loss=0.0943 miou=0.6552 f1=0.7643 thr=0.35 time=61.8s
[Epoch 566] loss=0.1118 miou=0.6564 f1=0.7639 thr=0.35 time=62.2s
[Epoch 567] loss=0.0956 miou=0.6599 f1=0.7686 thr=0.35 time=61.8s
[Epoch 568] loss=0.0922 miou=0.6633 f1=0.7704 thr=0.35 time=61.7s
[Epoch 569] loss=0.0909 miou=0.6508 f1=0.7597 thr=0.35 time=61.8s
[Epoch 570] loss=0.0924 miou=0.6486 f1=0.7587 thr=0.35 time=61.8s
[Epoch 571] loss=0.0899 miou=0.6496 f1=0.7588 thr=0.35 time=61.8s
[Epoch 572] loss=0.0899 miou=0.6506 f1=0.7589 thr=0.35 time=61.8s
[Epoch 573] loss=0.0923 miou=0.6571 f1=0.7643 thr=0.35 time=61.8s
[Epoch 574] loss=0.0923 miou=0.6539 f1=0.7618 thr=0.35 time=61.7s
[Epoch 575] loss=0.0933 miou=0.6530 f1=0.7603 thr=0.35 time=61.7s
[Epoch 576] loss=0.0882 miou=0.6597 f1=0.7676 thr=0.35 time=61.8s
[Epoch 577] loss=0.0887 miou=0.6702 f1=0.7748 thr=0.35 time=61.9s
[Epoch 578] loss=0.0915 miou=0.6574 f1=0.7642 thr=0.35 time=61.6s
[Epoch 579] loss=0.0908 miou=0.6616 f1=0.7683 thr=0.35 time=61.7s
[Epoch 580] loss=0.0958 miou=0.6617 f1=0.7697 thr=0.35 time=61.7s
[Epoch 581] loss=0.0992 miou=0.6627 f1=0.7681 thr=0.35 time=61.8s
[Epoch 582] loss=0.0979 miou=0.6542 f1=0.7658 thr=0.55 time=61.7s
[Epoch 583] loss=0.1013 miou=0.6448 f1=0.7534 thr=0.35 time=61.7s
[Epoch 584] loss=0.1110 miou=0.6477 f1=0.7599 thr=0.35 time=61.7s
[Epoch 585] loss=0.0936 miou=0.6589 f1=0.7648 thr=0.35 time=61.7s
[Epoch 586] loss=0.0968 miou=0.6517 f1=0.7601 thr=0.35 time=61.7s
[Epoch 587] loss=0.0968 miou=0.6492 f1=0.7605 thr=0.40 time=61.9s
[Epoch 588] loss=0.0913 miou=0.6491 f1=0.7602 thr=0.35 time=61.8s
[Epoch 589] loss=0.0883 miou=0.6576 f1=0.7664 thr=0.35 time=61.7s
[Epoch 590] loss=0.0890 miou=0.6505 f1=0.7576 thr=0.35 time=61.8s
[Epoch 591] loss=0.0898 miou=0.6585 f1=0.7674 thr=0.50 time=61.9s
[Epoch 592] loss=0.0957 miou=0.6500 f1=0.7593 thr=0.35 time=61.8s
[Epoch 593] loss=0.0957 miou=0.6380 f1=0.7513 thr=0.35 time=62.0s
[Epoch 594] loss=0.1078 miou=0.6282 f1=0.7385 thr=0.35 time=62.3s
[Epoch 595] loss=0.1119 miou=0.6488 f1=0.7588 thr=0.45 time=62.0s
[Epoch 596] loss=0.1025 miou=0.6347 f1=0.7479 thr=0.35 time=61.7s
[Epoch 597] loss=0.1072 miou=0.6349 f1=0.7494 thr=0.35 time=61.8s
[Epoch 598] loss=0.1038 miou=0.6421 f1=0.7539 thr=0.50 time=61.9s
[Epoch 599] loss=0.0980 miou=0.6433 f1=0.7540 thr=0.35 time=61.9s
[Epoch 600] loss=0.0931 miou=0.6423 f1=0.7566 thr=0.35 time=61.9s
[Epoch 601] loss=0.0904 miou=0.6506 f1=0.7607 thr=0.35 time=62.0s
[Epoch 602] loss=0.0984 miou=0.6515 f1=0.7608 thr=0.35 time=61.9s
[Epoch 603] loss=0.0959 miou=0.6416 f1=0.7510 thr=0.35 time=62.0s
[Epoch 604] loss=0.0980 miou=0.6394 f1=0.7519 thr=0.35 time=62.0s
[Epoch 605] loss=0.0943 miou=0.6453 f1=0.7557 thr=0.35 time=62.0s
[Epoch 606] loss=0.0929 miou=0.6535 f1=0.7602 thr=0.35 time=62.0s
[Epoch 607] loss=0.0975 miou=0.6509 f1=0.7619 thr=0.35 time=61.9s
[Epoch 608] loss=0.0924 miou=0.6419 f1=0.7518 thr=0.35 time=61.9s
[Epoch 609] loss=0.0917 miou=0.6432 f1=0.7574 thr=0.35 time=61.7s
[Epoch 610] loss=0.0931 miou=0.6267 f1=0.7413 thr=0.35 time=61.7s
[Epoch 611] loss=0.0891 miou=0.6477 f1=0.7573 thr=0.50 time=61.7s
[Epoch 612] loss=0.0920 miou=0.6489 f1=0.7611 thr=0.35 time=61.7s
[Epoch 613] loss=0.0936 miou=0.6600 f1=0.7669 thr=0.35 time=61.8s
[Epoch 614] loss=0.0937 miou=0.6480 f1=0.7578 thr=0.45 time=61.8s
[Epoch 615] loss=0.0901 miou=0.6538 f1=0.7618 thr=0.35 time=61.8s
[Epoch 616] loss=0.0942 miou=0.6456 f1=0.7570 thr=0.35 time=61.9s
[Epoch 617] loss=0.0950 miou=0.6485 f1=0.7606 thr=0.35 time=62.1s
[Epoch 618] loss=0.0962 miou=0.6433 f1=0.7532 thr=0.35 time=61.9s
[Epoch 619] loss=0.0932 miou=0.6471 f1=0.7593 thr=0.40 time=61.6s
[Epoch 620] loss=0.0920 miou=0.6532 f1=0.7611 thr=0.55 time=61.7s
[Epoch 621] loss=0.0976 miou=0.6594 f1=0.7687 thr=0.35 time=62.6s
[Epoch 622] loss=0.0944 miou=0.6427 f1=0.7546 thr=0.35 time=62.6s
[Epoch 623] loss=0.0939 miou=0.6529 f1=0.7637 thr=0.35 time=61.8s
[Epoch 624] loss=0.0950 miou=0.6431 f1=0.7518 thr=0.35 time=62.8s
[Epoch 625] loss=0.0997 miou=0.6340 f1=0.7463 thr=0.35 time=61.9s
[Epoch 626] loss=0.0914 miou=0.6436 f1=0.7543 thr=0.35 time=63.0s
[Epoch 627] loss=0.0898 miou=0.6445 f1=0.7545 thr=0.35 time=62.0s
[Epoch 628] loss=0.0901 miou=0.6480 f1=0.7572 thr=0.35 time=63.0s
[Epoch 629] loss=0.0866 miou=0.6316 f1=0.7463 thr=0.35 time=62.7s
[Epoch 630] loss=0.0869 miou=0.6442 f1=0.7547 thr=0.50 time=61.9s
[Epoch 631] loss=0.0844 miou=0.6477 f1=0.7584 thr=0.35 time=62.0s
[Epoch 632] loss=0.0874 miou=0.6530 f1=0.7595 thr=0.35 time=61.8s
[Epoch 633] loss=0.0846 miou=0.6273 f1=0.7405 thr=0.35 time=61.9s
[Epoch 634] loss=0.0923 miou=0.6382 f1=0.7506 thr=0.35 time=61.9s
[Epoch 635] loss=0.0875 miou=0.6440 f1=0.7525 thr=0.35 time=61.8s
[Epoch 636] loss=0.0900 miou=0.6426 f1=0.7522 thr=0.35 time=61.8s
[Epoch 637] loss=0.0921 miou=0.6400 f1=0.7521 thr=0.35 time=61.7s
[Epoch 638] loss=0.0901 miou=0.6441 f1=0.7545 thr=0.35 time=61.7s
[Epoch 639] loss=0.0877 miou=0.6548 f1=0.7624 thr=0.35 time=61.7s
[Epoch 640] loss=0.0843 miou=0.6475 f1=0.7561 thr=0.35 time=61.8s
[Epoch 641] loss=0.0852 miou=0.6519 f1=0.7595 thr=0.45 time=62.8s
[Epoch 642] loss=0.0853 miou=0.6476 f1=0.7587 thr=0.35 time=62.7s
[Epoch 643] loss=0.0881 miou=0.6570 f1=0.7660 thr=0.35 time=62.7s
[Epoch 644] loss=0.0948 miou=0.6504 f1=0.7617 thr=0.35 time=61.6s
[Epoch 645] loss=0.0891 miou=0.6596 f1=0.7675 thr=0.35 time=61.7s
[Epoch 646] loss=0.0899 miou=0.6499 f1=0.7597 thr=0.35 time=61.6s
[Epoch 647] loss=0.0836 miou=0.6526 f1=0.7627 thr=0.35 time=61.7s
[Epoch 648] loss=0.0913 miou=0.6591 f1=0.7667 thr=0.35 time=61.7s
[Epoch 649] loss=0.0922 miou=0.6380 f1=0.7502 thr=0.35 time=62.7s
[Epoch 650] loss=0.0919 miou=0.6438 f1=0.7551 thr=0.55 time=62.9s
[Epoch 651] loss=0.0904 miou=0.6502 f1=0.7606 thr=0.35 time=62.9s
[Epoch 652] loss=0.0921 miou=0.6529 f1=0.7606 thr=0.35 time=62.8s
[Epoch 653] loss=0.0878 miou=0.6428 f1=0.7529 thr=0.35 time=63.0s
[Epoch 654] loss=0.0911 miou=0.6377 f1=0.7485 thr=0.35 time=62.8s
[Epoch 655] loss=0.0914 miou=0.6427 f1=0.7507 thr=0.35 time=62.3s
[Epoch 656] loss=0.0877 miou=0.6336 f1=0.7455 thr=0.35 time=62.5s
[Epoch 657] loss=0.0915 miou=0.6465 f1=0.7548 thr=0.35 time=61.8s
[Epoch 658] loss=0.0937 miou=0.6440 f1=0.7539 thr=0.35 time=61.7s
[Epoch 659] loss=0.0916 miou=0.6543 f1=0.7606 thr=0.35 time=61.7s
[Epoch 660] loss=0.0869 miou=0.6461 f1=0.7563 thr=0.35 time=61.7s
[Epoch 661] loss=0.0895 miou=0.6534 f1=0.7634 thr=0.35 time=61.7s
[Epoch 662] loss=0.0863 miou=0.6461 f1=0.7568 thr=0.35 time=61.6s
[Epoch 663] loss=0.0888 miou=0.6573 f1=0.7671 thr=0.35 time=61.7s
[Epoch 664] loss=0.0831 miou=0.6537 f1=0.7628 thr=0.35 time=61.7s
[Epoch 665] loss=0.0827 miou=0.6474 f1=0.7563 thr=0.35 time=61.7s
[Epoch 666] loss=0.0855 miou=0.6414 f1=0.7565 thr=0.35 time=61.7s
[Epoch 667] loss=0.0910 miou=0.6399 f1=0.7519 thr=0.35 time=61.8s
[Epoch 668] loss=0.0879 miou=0.6496 f1=0.7611 thr=0.35 time=61.7s
[Epoch 669] loss=0.0861 miou=0.6614 f1=0.7698 thr=0.35 time=61.6s
[Epoch 670] loss=0.0950 miou=0.6397 f1=0.7510 thr=0.35 time=61.7s
[Epoch 671] loss=0.0932 miou=0.6435 f1=0.7527 thr=0.35 time=61.7s
[Epoch 672] loss=0.0903 miou=0.6417 f1=0.7531 thr=0.35 time=61.7s
[Epoch 673] loss=0.0848 miou=0.6310 f1=0.7426 thr=0.35 time=61.7s
[Epoch 674] loss=0.0858 miou=0.6522 f1=0.7614 thr=0.35 time=62.1s
[Epoch 675] loss=0.0866 miou=0.6478 f1=0.7570 thr=0.35 time=62.8s
[Epoch 676] loss=0.0877 miou=0.6418 f1=0.7501 thr=0.45 time=61.8s
[Epoch 677] loss=0.0864 miou=0.6380 f1=0.7500 thr=0.35 time=61.7s
[Epoch 678] loss=0.0860 miou=0.6387 f1=0.7481 thr=0.35 time=61.8s
[Epoch 679] loss=0.0857 miou=0.6442 f1=0.7565 thr=0.35 time=61.9s
[Epoch 680] loss=0.1096 miou=0.6420 f1=0.7543 thr=0.55 time=61.9s
[Epoch 681] loss=0.0933 miou=0.6480 f1=0.7581 thr=0.35 time=61.7s
[Epoch 682] loss=0.0877 miou=0.6528 f1=0.7637 thr=0.55 time=61.7s
[Epoch 683] loss=0.0848 miou=0.6544 f1=0.7654 thr=0.35 time=61.9s
[Epoch 684] loss=0.0862 miou=0.6472 f1=0.7600 thr=0.35 time=61.7s
[Epoch 685] loss=0.0843 miou=0.6531 f1=0.7644 thr=0.35 time=61.7s
[Epoch 686] loss=0.0844 miou=0.6594 f1=0.7686 thr=0.35 time=61.7s
[Epoch 687] loss=0.0823 miou=0.6532 f1=0.7621 thr=0.35 time=61.8s
[Epoch 688] loss=0.0779 miou=0.6546 f1=0.7641 thr=0.35 time=61.8s
[Epoch 689] loss=0.0826 miou=0.6384 f1=0.7497 thr=0.35 time=63.0s
[Epoch 690] loss=0.0796 miou=0.6548 f1=0.7622 thr=0.35 time=62.8s
[Epoch 691] loss=0.0829 miou=0.6589 f1=0.7688 thr=0.35 time=62.9s
[Epoch 692] loss=0.0826 miou=0.6478 f1=0.7563 thr=0.35 time=62.2s
[Epoch 693] loss=0.0842 miou=0.6552 f1=0.7639 thr=0.50 time=61.6s
[Epoch 694] loss=0.0845 miou=0.6571 f1=0.7633 thr=0.35 time=61.7s
[Epoch 695] loss=0.0841 miou=0.6555 f1=0.7653 thr=0.35 time=62.0s
[Epoch 696] loss=0.0859 miou=0.6327 f1=0.7420 thr=0.35 time=61.8s
[Epoch 697] loss=0.0894 miou=0.6404 f1=0.7504 thr=0.35 time=61.8s
[Epoch 698] loss=0.0868 miou=0.6378 f1=0.7489 thr=0.35 time=61.8s
[Epoch 699] loss=0.0817 miou=0.6407 f1=0.7502 thr=0.35 time=61.7s
[Epoch 700] loss=0.0805 miou=0.6423 f1=0.7529 thr=0.35 time=61.8s
[Epoch 701] loss=0.0795 miou=0.6611 f1=0.7665 thr=0.35 time=61.6s
[Epoch 702] loss=0.0841 miou=0.6434 f1=0.7535 thr=0.45 time=62.1s
[Epoch 703] loss=0.0948 miou=0.6388 f1=0.7501 thr=0.35 time=61.7s
[Epoch 704] loss=0.0906 miou=0.6600 f1=0.7670 thr=0.35 time=61.9s
[Epoch 705] loss=0.0839 miou=0.6542 f1=0.7628 thr=0.35 time=62.0s
[Epoch 706] loss=0.0816 miou=0.6386 f1=0.7488 thr=0.35 time=61.7s
[Epoch 707] loss=0.0829 miou=0.6490 f1=0.7589 thr=0.35 time=61.9s
[Epoch 708] loss=0.0811 miou=0.6449 f1=0.7524 thr=0.35 time=61.8s
[Epoch 709] loss=0.0805 miou=0.6567 f1=0.7663 thr=0.35 time=61.8s
[Epoch 710] loss=0.0804 miou=0.6522 f1=0.7609 thr=0.35 time=61.8s
[Epoch 711] loss=0.0869 miou=0.6347 f1=0.7471 thr=0.35 time=61.7s
[Epoch 712] loss=0.0861 miou=0.6483 f1=0.7590 thr=0.45 time=61.9s
[Epoch 713] loss=0.0854 miou=0.6558 f1=0.7607 thr=0.35 time=62.3s
[Epoch 714] loss=0.0806 miou=0.6543 f1=0.7598 thr=0.35 time=61.8s
[Epoch 715] loss=0.0837 miou=0.6556 f1=0.7638 thr=0.35 time=62.1s
[Epoch 716] loss=0.0845 miou=0.6471 f1=0.7559 thr=0.35 time=61.8s
[Epoch 717] loss=0.0801 miou=0.6524 f1=0.7626 thr=0.35 time=62.0s
[Epoch 718] loss=0.0817 miou=0.6532 f1=0.7645 thr=0.35 time=62.2s
[Epoch 719] loss=0.0915 miou=0.6565 f1=0.7616 thr=0.35 time=62.0s
[Epoch 720] loss=0.0851 miou=0.6443 f1=0.7539 thr=0.35 time=62.2s
[Epoch 721] loss=0.0874 miou=0.6589 f1=0.7661 thr=0.50 time=62.1s
[Epoch 722] loss=0.0864 miou=0.6514 f1=0.7599 thr=0.35 time=62.2s
[Epoch 723] loss=0.0846 miou=0.6459 f1=0.7543 thr=0.35 time=62.0s
[Epoch 724] loss=0.0866 miou=0.6472 f1=0.7549 thr=0.35 time=62.5s
[Epoch 725] loss=0.0829 miou=0.6525 f1=0.7589 thr=0.35 time=62.5s
[Epoch 726] loss=0.0944 miou=0.6459 f1=0.7537 thr=0.45 time=62.4s
[Epoch 727] loss=0.0857 miou=0.6378 f1=0.7465 thr=0.50 time=62.4s
[Epoch 728] loss=0.0853 miou=0.6496 f1=0.7607 thr=0.35 time=62.7s
[Epoch 729] loss=0.0792 miou=0.6508 f1=0.7599 thr=0.35 time=62.8s
[Epoch 730] loss=0.0822 miou=0.6428 f1=0.7517 thr=0.35 time=62.5s
[Epoch 731] loss=0.0821 miou=0.6228 f1=0.7392 thr=0.35 time=62.5s
[Epoch 732] loss=0.0861 miou=0.6290 f1=0.7440 thr=0.35 time=61.7s
[Epoch 733] loss=0.0848 miou=0.6498 f1=0.7601 thr=0.35 time=61.8s
[Epoch 734] loss=0.0827 miou=0.6407 f1=0.7524 thr=0.35 time=61.7s
[Epoch 735] loss=0.0869 miou=0.6428 f1=0.7565 thr=0.35 time=61.8s
[Epoch 736] loss=0.0794 miou=0.6450 f1=0.7570 thr=0.35 time=61.8s
[Epoch 737] loss=0.0829 miou=0.6452 f1=0.7567 thr=0.35 time=62.5s
[Epoch 738] loss=0.0907 miou=0.6322 f1=0.7468 thr=0.35 time=61.7s
[Epoch 739] loss=0.0856 miou=0.6440 f1=0.7582 thr=0.35 time=61.6s
[Epoch 740] loss=0.0841 miou=0.6347 f1=0.7500 thr=0.35 time=61.9s
[Epoch 741] loss=0.0861 miou=0.6339 f1=0.7486 thr=0.35 time=61.9s
[Epoch 742] loss=0.0850 miou=0.6383 f1=0.7504 thr=0.35 time=61.7s
[Epoch 743] loss=0.0894 miou=0.6479 f1=0.7549 thr=0.35 time=61.6s
[Epoch 744] loss=0.0868 miou=0.6483 f1=0.7585 thr=0.35 time=61.9s
[Epoch 745] loss=0.0862 miou=0.6333 f1=0.7479 thr=0.35 time=61.7s
[Epoch 746] loss=0.0836 miou=0.6421 f1=0.7537 thr=0.35 time=61.8s
[Epoch 747] loss=0.0815 miou=0.6494 f1=0.7591 thr=0.35 time=61.9s
[Epoch 748] loss=0.0851 miou=0.6414 f1=0.7543 thr=0.35 time=61.9s
[Epoch 749] loss=0.0810 miou=0.6532 f1=0.7634 thr=0.50 time=61.8s
[Epoch 750] loss=0.0792 miou=0.6454 f1=0.7540 thr=0.35 time=61.7s
[Epoch 751] loss=0.0879 miou=0.6393 f1=0.7504 thr=0.35 time=61.7s
[Epoch 752] loss=0.0842 miou=0.6412 f1=0.7539 thr=0.35 time=61.7s
[Epoch 753] loss=0.0901 miou=0.6520 f1=0.7635 thr=0.35 time=61.7s
[Epoch 754] loss=0.0873 miou=0.6523 f1=0.7623 thr=0.35 time=61.7s
[Epoch 755] loss=0.0846 miou=0.6531 f1=0.7623 thr=0.35 time=61.8s
[Epoch 756] loss=0.0837 miou=0.6508 f1=0.7627 thr=0.35 time=61.8s
[Epoch 757] loss=0.0843 miou=0.6422 f1=0.7540 thr=0.35 time=61.9s
[Epoch 758] loss=0.0820 miou=0.6484 f1=0.7605 thr=0.35 time=61.7s
[Epoch 759] loss=0.0815 miou=0.6457 f1=0.7558 thr=0.35 time=62.1s
[Epoch 760] loss=0.0814 miou=0.6532 f1=0.7617 thr=0.35 time=61.9s
[Epoch 761] loss=0.0808 miou=0.6376 f1=0.7524 thr=0.35 time=62.6s
[Epoch 762] loss=0.0833 miou=0.6478 f1=0.7562 thr=0.35 time=61.8s
[Epoch 763] loss=0.0882 miou=0.6266 f1=0.7431 thr=0.35 time=62.0s
[Epoch 764] loss=0.0838 miou=0.6344 f1=0.7470 thr=0.35 time=61.7s
[Epoch 765] loss=0.0816 miou=0.6403 f1=0.7515 thr=0.35 time=61.8s
[Epoch 766] loss=0.0787 miou=0.6439 f1=0.7552 thr=0.35 time=61.7s
[Epoch 767] loss=0.0875 miou=0.6375 f1=0.7481 thr=0.35 time=61.8s
[Epoch 768] loss=0.0818 miou=0.6421 f1=0.7510 thr=0.35 time=61.8s
[Epoch 769] loss=0.0843 miou=0.6233 f1=0.7351 thr=0.55 time=61.7s
[Epoch 770] loss=0.0929 miou=0.6371 f1=0.7502 thr=0.35 time=61.8s
[Epoch 771] loss=0.0853 miou=0.6395 f1=0.7521 thr=0.35 time=61.7s
[Epoch 772] loss=0.0822 miou=0.6412 f1=0.7520 thr=0.35 time=61.8s
[Epoch 773] loss=0.0822 miou=0.6422 f1=0.7527 thr=0.35 time=61.7s
[Epoch 774] loss=0.0844 miou=0.6448 f1=0.7541 thr=0.40 time=61.8s
[Epoch 775] loss=0.0840 miou=0.6371 f1=0.7493 thr=0.50 time=61.7s
[Epoch 776] loss=0.0864 miou=0.6378 f1=0.7498 thr=0.35 time=61.8s
[Epoch 777] loss=0.0880 miou=0.6358 f1=0.7484 thr=0.35 time=61.8s
[Epoch 778] loss=0.0983 miou=0.6456 f1=0.7570 thr=0.35 time=61.8s
[Epoch 779] loss=0.0831 miou=0.6390 f1=0.7503 thr=0.35 time=61.7s
[Epoch 780] loss=0.0871 miou=0.6396 f1=0.7512 thr=0.35 time=61.8s
[Epoch 781] loss=0.0915 miou=0.6441 f1=0.7529 thr=0.35 time=61.7s
[Epoch 782] loss=0.0826 miou=0.6467 f1=0.7557 thr=0.35 time=61.8s
[Epoch 783] loss=0.0763 miou=0.6528 f1=0.7591 thr=0.35 time=61.9s
[Epoch 784] loss=0.0775 miou=0.6429 f1=0.7523 thr=0.35 time=62.0s
[Epoch 785] loss=0.0790 miou=0.6385 f1=0.7508 thr=0.35 time=61.9s
[Epoch 786] loss=0.0888 miou=0.6415 f1=0.7521 thr=0.35 time=61.8s
[Epoch 787] loss=0.0828 miou=0.6488 f1=0.7580 thr=0.35 time=61.8s
[Epoch 788] loss=0.0770 miou=0.6449 f1=0.7545 thr=0.40 time=61.8s
[Epoch 789] loss=0.0778 miou=0.6449 f1=0.7562 thr=0.55 time=61.7s
[Epoch 790] loss=0.0753 miou=0.6580 f1=0.7656 thr=0.35 time=61.8s
[Epoch 791] loss=0.0761 miou=0.6507 f1=0.7575 thr=0.35 time=61.9s
[Epoch 792] loss=0.0771 miou=0.6453 f1=0.7563 thr=0.35 time=61.8s
[Epoch 793] loss=0.0782 miou=0.6427 f1=0.7547 thr=0.35 time=61.7s
[Epoch 794] loss=0.0802 miou=0.6452 f1=0.7555 thr=0.35 time=61.7s
[Epoch 795] loss=0.0822 miou=0.6476 f1=0.7566 thr=0.35 time=61.7s
[Epoch 796] loss=0.0782 miou=0.6415 f1=0.7515 thr=0.35 time=61.8s
[Epoch 797] loss=0.0787 miou=0.6416 f1=0.7528 thr=0.35 time=61.7s
[Epoch 798] loss=0.0874 miou=0.6325 f1=0.7447 thr=0.35 time=61.7s
[Epoch 799] loss=0.0857 miou=0.6427 f1=0.7510 thr=0.35 time=61.8s
[Epoch 800] loss=0.0864 miou=0.6365 f1=0.7497 thr=0.35 time=61.8s
[Epoch 801] loss=0.0858 miou=0.6396 f1=0.7527 thr=0.35 time=61.8s
[Epoch 802] loss=0.0847 miou=0.6466 f1=0.7560 thr=0.35 time=62.0s
[Epoch 803] loss=0.0821 miou=0.6492 f1=0.7596 thr=0.35 time=62.1s
[Epoch 804] loss=0.0833 miou=0.6434 f1=0.7507 thr=0.35 time=62.0s
[Epoch 805] loss=0.0787 miou=0.6430 f1=0.7541 thr=0.35 time=61.7s
[Epoch 806] loss=0.0791 miou=0.6527 f1=0.7611 thr=0.35 time=61.7s
[Epoch 807] loss=0.0776 miou=0.6429 f1=0.7521 thr=0.35 time=61.7s
[Epoch 808] loss=0.0798 miou=0.6338 f1=0.7460 thr=0.40 time=61.7s
[Epoch 809] loss=0.0817 miou=0.6474 f1=0.7582 thr=0.35 time=61.7s
[Epoch 810] loss=0.0824 miou=0.6458 f1=0.7562 thr=0.35 time=61.8s
[Epoch 811] loss=0.0782 miou=0.6427 f1=0.7552 thr=0.35 time=61.7s
[Epoch 812] loss=0.0816 miou=0.6489 f1=0.7593 thr=0.35 time=61.8s
[Epoch 813] loss=0.0824 miou=0.6464 f1=0.7577 thr=0.35 time=61.8s
[Epoch 814] loss=0.0805 miou=0.6388 f1=0.7510 thr=0.35 time=61.7s
[Epoch 815] loss=0.0803 miou=0.6391 f1=0.7495 thr=0.45 time=61.7s
[Epoch 816] loss=0.0859 miou=0.6224 f1=0.7374 thr=0.35 time=62.1s
[Epoch 817] loss=0.0947 miou=0.6458 f1=0.7538 thr=0.35 time=61.8s
[Epoch 818] loss=0.0805 miou=0.6471 f1=0.7587 thr=0.35 time=61.7s
[Epoch 819] loss=0.0824 miou=0.6483 f1=0.7579 thr=0.35 time=61.9s
[Epoch 820] loss=0.0828 miou=0.6475 f1=0.7572 thr=0.35 time=61.8s
[Epoch 821] loss=0.0772 miou=0.6395 f1=0.7500 thr=0.35 time=61.7s
[Epoch 822] loss=0.0826 miou=0.6340 f1=0.7454 thr=0.35 time=62.1s
[Epoch 823] loss=0.0833 miou=0.6353 f1=0.7481 thr=0.35 time=61.6s
[Epoch 824] loss=0.0904 miou=0.6311 f1=0.7425 thr=0.35 time=61.8s
[Epoch 825] loss=0.0821 miou=0.6428 f1=0.7544 thr=0.35 time=61.7s
[Epoch 826] loss=0.0811 miou=0.6472 f1=0.7572 thr=0.35 time=61.9s
[Epoch 827] loss=0.0780 miou=0.6418 f1=0.7513 thr=0.35 time=61.7s
[Epoch 828] loss=0.0832 miou=0.6271 f1=0.7431 thr=0.35 time=61.6s
[Epoch 829] loss=0.0861 miou=0.6381 f1=0.7497 thr=0.35 time=61.8s
[Epoch 830] loss=0.0814 miou=0.6307 f1=0.7434 thr=0.35 time=61.8s
[Epoch 831] loss=0.0913 miou=0.6406 f1=0.7515 thr=0.55 time=61.8s
[Epoch 832] loss=0.0845 miou=0.6473 f1=0.7579 thr=0.35 time=61.9s
[Epoch 833] loss=0.0859 miou=0.6433 f1=0.7514 thr=0.35 time=61.8s
[Epoch 834] loss=0.0834 miou=0.6432 f1=0.7498 thr=0.35 time=61.7s
[Epoch 835] loss=0.0828 miou=0.6378 f1=0.7490 thr=0.35 time=61.7s
[Epoch 836] loss=0.0820 miou=0.6531 f1=0.7586 thr=0.35 time=61.7s
[Epoch 837] loss=0.0842 miou=0.6418 f1=0.7493 thr=0.35 time=61.7s
[Epoch 838] loss=0.0858 miou=0.6503 f1=0.7582 thr=0.35 time=62.0s
[Epoch 839] loss=0.0838 miou=0.6416 f1=0.7497 thr=0.35 time=61.7s
[Epoch 840] loss=0.0849 miou=0.6385 f1=0.7473 thr=0.35 time=61.8s
[Epoch 841] loss=0.0831 miou=0.6454 f1=0.7548 thr=0.35 time=61.8s
[Epoch 842] loss=0.0810 miou=0.6391 f1=0.7513 thr=0.35 time=61.8s
[Epoch 843] loss=0.0772 miou=0.6400 f1=0.7534 thr=0.35 time=62.0s
[Epoch 844] loss=0.0776 miou=0.6392 f1=0.7496 thr=0.35 time=62.0s
[Epoch 845] loss=0.0770 miou=0.6467 f1=0.7548 thr=0.35 time=62.2s
[Epoch 846] loss=0.0735 miou=0.6435 f1=0.7545 thr=0.50 time=61.8s
[Epoch 847] loss=0.0817 miou=0.6485 f1=0.7561 thr=0.35 time=61.7s
[Epoch 848] loss=0.0786 miou=0.6398 f1=0.7520 thr=0.35 time=61.8s
[Epoch 849] loss=0.0759 miou=0.6423 f1=0.7513 thr=0.35 time=61.8s
[Epoch 850] loss=0.0778 miou=0.6441 f1=0.7528 thr=0.35 time=61.8s
[Epoch 851] loss=0.0788 miou=0.6487 f1=0.7576 thr=0.35 time=61.8s
[Epoch 852] loss=0.0764 miou=0.6434 f1=0.7536 thr=0.35 time=61.9s
[Epoch 853] loss=0.0768 miou=0.6412 f1=0.7520 thr=0.35 time=61.8s
[Epoch 854] loss=0.0772 miou=0.6447 f1=0.7536 thr=0.35 time=61.7s
[Epoch 855] loss=0.0775 miou=0.6391 f1=0.7509 thr=0.35 time=61.8s
[Epoch 856] loss=0.0780 miou=0.6350 f1=0.7458 thr=0.35 time=61.7s
[Epoch 857] loss=0.0816 miou=0.6427 f1=0.7548 thr=0.50 time=61.7s
[Epoch 858] loss=0.0848 miou=0.5980 f1=0.7117 thr=0.35 time=61.7s
[Epoch 859] loss=0.1080 miou=0.6265 f1=0.7392 thr=0.35 time=61.8s
[Epoch 860] loss=0.0925 miou=0.6514 f1=0.7578 thr=0.35 time=61.7s
[Epoch 861] loss=0.0889 miou=0.6427 f1=0.7513 thr=0.35 time=61.9s
[Epoch 862] loss=0.0778 miou=0.6514 f1=0.7591 thr=0.55 time=62.2s
[Epoch 863] loss=0.0796 miou=0.6421 f1=0.7530 thr=0.35 time=61.6s
[Epoch 864] loss=0.0816 miou=0.6421 f1=0.7516 thr=0.35 time=61.7s
[Epoch 865] loss=0.0743 miou=0.6518 f1=0.7608 thr=0.35 time=61.7s
[Epoch 866] loss=0.0765 miou=0.6530 f1=0.7615 thr=0.45 time=61.8s
[Epoch 867] loss=0.0831 miou=0.6414 f1=0.7505 thr=0.35 time=61.8s
[Epoch 868] loss=0.0744 miou=0.6473 f1=0.7568 thr=0.35 time=62.0s
[Epoch 869] loss=0.0785 miou=0.6359 f1=0.7475 thr=0.55 time=61.7s
[Epoch 870] loss=0.0821 miou=0.6318 f1=0.7414 thr=0.35 time=61.7s
[Epoch 871] loss=0.0772 miou=0.6342 f1=0.7423 thr=0.35 time=61.8s
[Epoch 872] loss=0.0794 miou=0.6539 f1=0.7603 thr=0.35 time=61.7s
[Epoch 873] loss=0.0754 miou=0.6494 f1=0.7576 thr=0.35 time=61.7s
[Epoch 874] loss=0.0748 miou=0.6464 f1=0.7536 thr=0.35 time=61.8s
[Epoch 875] loss=0.0727 miou=0.6501 f1=0.7569 thr=0.35 time=61.6s
[Epoch 876] loss=0.0768 miou=0.6359 f1=0.7468 thr=0.35 time=61.6s
[Epoch 877] loss=0.0744 miou=0.6446 f1=0.7529 thr=0.35 time=61.7s
[Epoch 878] loss=0.0762 miou=0.6364 f1=0.7469 thr=0.35 time=62.0s
[Epoch 879] loss=0.0738 miou=0.6371 f1=0.7481 thr=0.35 time=61.7s
[Epoch 880] loss=0.0762 miou=0.6354 f1=0.7461 thr=0.35 time=61.6s
[Epoch 881] loss=0.0773 miou=0.6469 f1=0.7537 thr=0.50 time=61.7s
[Epoch 882] loss=0.0746 miou=0.6407 f1=0.7489 thr=0.35 time=61.6s
[Epoch 883] loss=0.0811 miou=0.6364 f1=0.7463 thr=0.55 time=61.7s
[Epoch 884] loss=0.0791 miou=0.6442 f1=0.7559 thr=0.35 time=61.7s
[Epoch 885] loss=0.0773 miou=0.6553 f1=0.7631 thr=0.35 time=61.6s
[Epoch 886] loss=0.0754 miou=0.6548 f1=0.7613 thr=0.35 time=61.7s
[Epoch 887] loss=0.0767 miou=0.6364 f1=0.7473 thr=0.35 time=61.7s
[Epoch 888] loss=0.0773 miou=0.6411 f1=0.7509 thr=0.40 time=61.8s
[Epoch 889] loss=0.0781 miou=0.6354 f1=0.7442 thr=0.35 time=61.8s
[Epoch 890] loss=0.0796 miou=0.6416 f1=0.7509 thr=0.35 time=61.7s
[Epoch 891] loss=0.0812 miou=0.6423 f1=0.7504 thr=0.35 time=61.8s
[Epoch 892] loss=0.0772 miou=0.6353 f1=0.7456 thr=0.35 time=61.7s
[Epoch 893] loss=0.0767 miou=0.6517 f1=0.7600 thr=0.35 time=61.8s
[Epoch 894] loss=0.0758 miou=0.6419 f1=0.7521 thr=0.35 time=61.7s
[Epoch 895] loss=0.0799 miou=0.6315 f1=0.7444 thr=0.35 time=61.8s
[Epoch 896] loss=0.0804 miou=0.6409 f1=0.7492 thr=0.35 time=61.8s
[Epoch 897] loss=0.0756 miou=0.6320 f1=0.7443 thr=0.35 time=61.9s
[Epoch 898] loss=0.0799 miou=0.6379 f1=0.7485 thr=0.35 time=61.7s
[Epoch 899] loss=0.0788 miou=0.6355 f1=0.7462 thr=0.35 time=61.7s
[Epoch 900] loss=0.0792 miou=0.6442 f1=0.7523 thr=0.35 time=61.7s
[Epoch 901] loss=0.0804 miou=0.6315 f1=0.7452 thr=0.35 time=61.7s
[Epoch 902] loss=0.0803 miou=0.6171 f1=0.7330 thr=0.35 time=61.7s
[Epoch 903] loss=0.0939 miou=0.6276 f1=0.7414 thr=0.35 time=61.9s
[Epoch 904] loss=0.0838 miou=0.6405 f1=0.7521 thr=0.35 time=61.8s
[Epoch 905] loss=0.0814 miou=0.6374 f1=0.7476 thr=0.35 time=61.8s
[Epoch 906] loss=0.0817 miou=0.6473 f1=0.7576 thr=0.35 time=61.8s
[Epoch 907] loss=0.0760 miou=0.6408 f1=0.7535 thr=0.35 time=61.7s
[Epoch 908] loss=0.0777 miou=0.6324 f1=0.7465 thr=0.35 time=61.7s
[Epoch 909] loss=0.0776 miou=0.6335 f1=0.7461 thr=0.35 time=61.8s
[Epoch 910] loss=0.0782 miou=0.6451 f1=0.7557 thr=0.35 time=61.7s
[Epoch 911] loss=0.0758 miou=0.6403 f1=0.7517 thr=0.35 time=61.7s
[Epoch 912] loss=0.0738 miou=0.6506 f1=0.7611 thr=0.35 time=61.7s
[Epoch 913] loss=0.0773 miou=0.6339 f1=0.7476 thr=0.35 time=61.7s
[Epoch 914] loss=0.0761 miou=0.6403 f1=0.7523 thr=0.35 time=61.9s
[Epoch 915] loss=0.0753 miou=0.6490 f1=0.7578 thr=0.35 time=61.7s
[Epoch 916] loss=0.0730 miou=0.6314 f1=0.7456 thr=0.35 time=61.8s
[Epoch 917] loss=0.0770 miou=0.6361 f1=0.7471 thr=0.35 time=61.8s
[Epoch 918] loss=0.0824 miou=0.6242 f1=0.7405 thr=0.35 time=61.7s
[Epoch 919] loss=0.0830 miou=0.6409 f1=0.7498 thr=0.35 time=61.6s
[Epoch 920] loss=0.0821 miou=0.6412 f1=0.7496 thr=0.35 time=61.7s
[Epoch 921] loss=0.0775 miou=0.6385 f1=0.7481 thr=0.35 time=61.7s
[Epoch 922] loss=0.0822 miou=0.6401 f1=0.7505 thr=0.35 time=61.6s
[Epoch 923] loss=0.0770 miou=0.6504 f1=0.7597 thr=0.35 time=61.7s
[Epoch 924] loss=0.0758 miou=0.6430 f1=0.7536 thr=0.35 time=61.7s
[Epoch 925] loss=0.0792 miou=0.6345 f1=0.7450 thr=0.35 time=61.8s
[Epoch 926] loss=0.0736 miou=0.6461 f1=0.7553 thr=0.35 time=61.9s
[Epoch 927] loss=0.0769 miou=0.6405 f1=0.7497 thr=0.35 time=61.7s
[Epoch 928] loss=0.0807 miou=0.6130 f1=0.7209 thr=0.35 time=61.9s
[Epoch 929] loss=0.0973 miou=0.6360 f1=0.7492 thr=0.35 time=62.1s
[Epoch 930] loss=0.0830 miou=0.6479 f1=0.7575 thr=0.35 time=61.9s
[Epoch 931] loss=0.0759 miou=0.6498 f1=0.7600 thr=0.40 time=61.8s
[Epoch 932] loss=0.0785 miou=0.6510 f1=0.7612 thr=0.35 time=61.9s
[Epoch 933] loss=0.0794 miou=0.6516 f1=0.7613 thr=0.35 time=61.8s
[Epoch 934] loss=0.0765 miou=0.6480 f1=0.7549 thr=0.35 time=62.0s
[Epoch 935] loss=0.0752 miou=0.6438 f1=0.7544 thr=0.35 time=61.8s
[Epoch 936] loss=0.0782 miou=0.6486 f1=0.7581 thr=0.55 time=61.8s
[Epoch 937] loss=0.0756 miou=0.6476 f1=0.7575 thr=0.35 time=62.0s
[Epoch 938] loss=0.0738 miou=0.6501 f1=0.7592 thr=0.35 time=61.9s
[Epoch 939] loss=0.0768 miou=0.6432 f1=0.7524 thr=0.35 time=61.8s
[Epoch 940] loss=0.0816 miou=0.6449 f1=0.7554 thr=0.35 time=62.1s
[Epoch 941] loss=0.0824 miou=0.6498 f1=0.7608 thr=0.35 time=61.9s
[Epoch 942] loss=0.0768 miou=0.6529 f1=0.7623 thr=0.35 time=61.8s
[Epoch 943] loss=0.0721 miou=0.6507 f1=0.7610 thr=0.35 time=61.8s
[Epoch 944] loss=0.0758 miou=0.6473 f1=0.7574 thr=0.35 time=61.8s
[Epoch 945] loss=0.0774 miou=0.6415 f1=0.7520 thr=0.35 time=61.9s
[Epoch 946] loss=0.0771 miou=0.6517 f1=0.7606 thr=0.35 time=61.7s
[Epoch 947] loss=0.0754 miou=0.6404 f1=0.7514 thr=0.35 time=61.7s
[Epoch 948] loss=0.0740 miou=0.6578 f1=0.7655 thr=0.35 time=61.7s
[Epoch 949] loss=0.0738 miou=0.6466 f1=0.7563 thr=0.35 time=61.8s
[Epoch 950] loss=0.0730 miou=0.6514 f1=0.7599 thr=0.35 time=61.7s
[Epoch 951] loss=0.0725 miou=0.6475 f1=0.7590 thr=0.35 time=61.8s
[Epoch 952] loss=0.0723 miou=0.6425 f1=0.7535 thr=0.35 time=61.7s
[Epoch 953] loss=0.0765 miou=0.6489 f1=0.7603 thr=0.35 time=61.7s
[Epoch 954] loss=0.0767 miou=0.6452 f1=0.7586 thr=0.35 time=61.7s
[Epoch 955] loss=0.0770 miou=0.6425 f1=0.7542 thr=0.35 time=61.7s
[Epoch 956] loss=0.0767 miou=0.6432 f1=0.7553 thr=0.35 time=61.8s
[Epoch 957] loss=0.0799 miou=0.6498 f1=0.7610 thr=0.35 time=61.8s
[Epoch 958] loss=0.0781 miou=0.6442 f1=0.7560 thr=0.35 time=61.9s
[Epoch 959] loss=0.0769 miou=0.6514 f1=0.7614 thr=0.35 time=61.7s
[Epoch 960] loss=0.0750 miou=0.6373 f1=0.7511 thr=0.35 time=61.9s
[Epoch 961] loss=0.0822 miou=0.6365 f1=0.7482 thr=0.35 time=61.8s
[Epoch 962] loss=0.0791 miou=0.6389 f1=0.7532 thr=0.35 time=61.8s
[Epoch 963] loss=0.0829 miou=0.6455 f1=0.7574 thr=0.35 time=61.7s
[Epoch 964] loss=0.0805 miou=0.6393 f1=0.7516 thr=0.35 time=61.8s
[Epoch 965] loss=0.0827 miou=0.6479 f1=0.7599 thr=0.35 time=61.8s
[Epoch 966] loss=0.0813 miou=0.6485 f1=0.7596 thr=0.35 time=62.0s
[Epoch 967] loss=0.0786 miou=0.6479 f1=0.7593 thr=0.35 time=61.9s
[Epoch 968] loss=0.0755 miou=0.6451 f1=0.7568 thr=0.40 time=61.7s
[Epoch 969] loss=0.0781 miou=0.6457 f1=0.7576 thr=0.35 time=61.8s
[Epoch 970] loss=0.0763 miou=0.6464 f1=0.7572 thr=0.35 time=61.7s
[Epoch 971] loss=0.0790 miou=0.6575 f1=0.7663 thr=0.35 time=61.8s
[Epoch 972] loss=0.0708 miou=0.6504 f1=0.7622 thr=0.35 time=61.9s
[Epoch 973] loss=0.0754 miou=0.6483 f1=0.7604 thr=0.35 time=61.8s
[Epoch 974] loss=0.0771 miou=0.6526 f1=0.7634 thr=0.35 time=61.8s
[Epoch 975] loss=0.0787 miou=0.6534 f1=0.7645 thr=0.35 time=61.8s
[Epoch 976] loss=0.0760 miou=0.6400 f1=0.7527 thr=0.35 time=61.7s
[Epoch 977] loss=0.0752 miou=0.6413 f1=0.7520 thr=0.35 time=62.0s
[Epoch 978] loss=0.0752 miou=0.6555 f1=0.7627 thr=0.35 time=61.8s
[Epoch 979] loss=0.0731 miou=0.6578 f1=0.7674 thr=0.35 time=61.8s
[Epoch 980] loss=0.0747 miou=0.6492 f1=0.7594 thr=0.35 time=62.0s
[Epoch 981] loss=0.0764 miou=0.6449 f1=0.7536 thr=0.35 time=61.9s
[Epoch 982] loss=0.0853 miou=0.6334 f1=0.7475 thr=0.35 time=61.9s
[Epoch 983] loss=0.0778 miou=0.6431 f1=0.7538 thr=0.35 time=61.7s
[Epoch 984] loss=0.0793 miou=0.6353 f1=0.7467 thr=0.35 time=61.9s
[Epoch 985] loss=0.0782 miou=0.6455 f1=0.7556 thr=0.35 time=61.7s
[Epoch 986] loss=0.0849 miou=0.6415 f1=0.7530 thr=0.35 time=61.8s
[Epoch 987] loss=0.0822 miou=0.6413 f1=0.7516 thr=0.35 time=61.7s
[Epoch 988] loss=0.0801 miou=0.6460 f1=0.7537 thr=0.35 time=61.8s
[Epoch 989] loss=0.0779 miou=0.6517 f1=0.7583 thr=0.35 time=61.9s
[Epoch 990] loss=0.0760 miou=0.6569 f1=0.7645 thr=0.35 time=61.9s
[Epoch 991] loss=0.0752 miou=0.6468 f1=0.7571 thr=0.35 time=61.9s
[Epoch 992] loss=0.0740 miou=0.6526 f1=0.7599 thr=0.35 time=62.0s
[Epoch 993] loss=0.0755 miou=0.6478 f1=0.7573 thr=0.35 time=62.2s
[Epoch 994] loss=0.0766 miou=0.6423 f1=0.7488 thr=0.35 time=61.8s
[Epoch 995] loss=0.0856 miou=0.6435 f1=0.7541 thr=0.35 time=61.7s
[Epoch 996] loss=0.0773 miou=0.6363 f1=0.7480 thr=0.35 time=61.7s
[Epoch 997] loss=0.0765 miou=0.6455 f1=0.7565 thr=0.35 time=61.8s
[Epoch 998] loss=0.0726 miou=0.6435 f1=0.7551 thr=0.35 time=61.7s
[Epoch 999] loss=0.0734 miou=0.6518 f1=0.7591 thr=0.35 time=61.7s
[Epoch 1000] loss=0.0725 miou=0.6455 f1=0.7558 thr=0.35 time=61.9s
