nohup: ignoring input
Run directory: ./outputs_sam_sirst_hq/NUDT-SIRST_model-vitt_size256_use_HQ_radial_edge_high_bs4e1000kp1_split-50_50_20250924_103710
[build_efficient_sam_hq] Partially loaded 253 tensors from baseline (278 scanned).
/home/bip/cry/anaconda3/lib/python3.9/site-packages/torch/cuda/__init__.py:611: UserWarning: Can't initialize NVML
  warnings.warn("Can't initialize NVML")
[Epoch 001] loss=1.2663 miou=0.1450 f1=0.2404 thr=0.50 time=47.9s
[Epoch 002] loss=0.4869 miou=0.5993 f1=0.7187 thr=0.40 time=46.5s
[Epoch 003] loss=0.3538 miou=0.6566 f1=0.7681 thr=0.55 time=46.5s
[Epoch 004] loss=0.3332 miou=0.6628 f1=0.7741 thr=0.50 time=46.5s
[Epoch 005] loss=0.3183 miou=0.6757 f1=0.7856 thr=0.40 time=46.5s
[Epoch 006] loss=0.3031 miou=0.6665 f1=0.7790 thr=0.45 time=46.5s
[Epoch 007] loss=0.2919 miou=0.6590 f1=0.7739 thr=0.55 time=46.4s
[Epoch 008] loss=0.2832 miou=0.6951 f1=0.8024 thr=0.55 time=46.4s
[Epoch 009] loss=0.2737 miou=0.6727 f1=0.7846 thr=0.55 time=46.5s
[Epoch 010] loss=0.2683 miou=0.7057 f1=0.8124 thr=0.55 time=46.4s
[Epoch 011] loss=0.2686 miou=0.7069 f1=0.8129 thr=0.50 time=46.5s
[Epoch 012] loss=0.2605 miou=0.7188 f1=0.8201 thr=0.55 time=46.5s
[Epoch 013] loss=0.2585 miou=0.7229 f1=0.8239 thr=0.45 time=46.5s
[Epoch 014] loss=0.2562 miou=0.7089 f1=0.8141 thr=0.45 time=46.5s
[Epoch 015] loss=0.2416 miou=0.6953 f1=0.8046 thr=0.45 time=46.0s
[Epoch 016] loss=0.2437 miou=0.7225 f1=0.8246 thr=0.35 time=46.1s
[Epoch 017] loss=0.2450 miou=0.7383 f1=0.8355 thr=0.35 time=46.3s
[Epoch 018] loss=0.2467 miou=0.6991 f1=0.8079 thr=0.40 time=46.5s
[Epoch 019] loss=0.2314 miou=0.7077 f1=0.8129 thr=0.55 time=46.4s
[Epoch 020] loss=0.2351 miou=0.7418 f1=0.8382 thr=0.35 time=46.3s
[Epoch 021] loss=0.2315 miou=0.7378 f1=0.8354 thr=0.35 time=46.4s
[Epoch 022] loss=0.2284 miou=0.7427 f1=0.8398 thr=0.50 time=46.1s
[Epoch 023] loss=0.2256 miou=0.7285 f1=0.8297 thr=0.55 time=46.3s
[Epoch 024] loss=0.2252 miou=0.7472 f1=0.8435 thr=0.35 time=46.4s
[Epoch 025] loss=0.2203 miou=0.7391 f1=0.8377 thr=0.45 time=46.3s
[Epoch 026] loss=0.2212 miou=0.7387 f1=0.8376 thr=0.40 time=46.3s
[Epoch 027] loss=0.2201 miou=0.7620 f1=0.8532 thr=0.45 time=46.4s
[Epoch 028] loss=0.2249 miou=0.7528 f1=0.8472 thr=0.35 time=46.4s
[Epoch 029] loss=0.2169 miou=0.7431 f1=0.8409 thr=0.55 time=46.4s
[Epoch 030] loss=0.2199 miou=0.7387 f1=0.8365 thr=0.35 time=45.4s
[Epoch 031] loss=0.2138 miou=0.7522 f1=0.8460 thr=0.35 time=45.4s
[Epoch 032] loss=0.2135 miou=0.7660 f1=0.8554 thr=0.45 time=45.5s
[Epoch 033] loss=0.2090 miou=0.7651 f1=0.8552 thr=0.50 time=46.5s
[Epoch 034] loss=0.2027 miou=0.7634 f1=0.8548 thr=0.35 time=46.3s
[Epoch 035] loss=0.2043 miou=0.7645 f1=0.8550 thr=0.55 time=46.3s
[Epoch 036] loss=0.2083 miou=0.7469 f1=0.8429 thr=0.35 time=46.4s
[Epoch 037] loss=0.2116 miou=0.7639 f1=0.8529 thr=0.35 time=46.4s
[Epoch 038] loss=0.2041 miou=0.7472 f1=0.8442 thr=0.40 time=46.3s
[Epoch 039] loss=0.2068 miou=0.7589 f1=0.8512 thr=0.35 time=46.4s
[Epoch 040] loss=0.2012 miou=0.7561 f1=0.8496 thr=0.35 time=46.4s
[Epoch 041] loss=0.1986 miou=0.7657 f1=0.8555 thr=0.35 time=46.4s
[Epoch 042] loss=0.2077 miou=0.7526 f1=0.8475 thr=0.35 time=46.4s
[Epoch 043] loss=0.1989 miou=0.7281 f1=0.8291 thr=0.35 time=46.4s
[Epoch 044] loss=0.2000 miou=0.7676 f1=0.8566 thr=0.45 time=46.4s
[Epoch 045] loss=0.1970 miou=0.7639 f1=0.8546 thr=0.45 time=46.4s
[Epoch 046] loss=0.1928 miou=0.7624 f1=0.8535 thr=0.40 time=46.4s
[Epoch 047] loss=0.1931 miou=0.7663 f1=0.8558 thr=0.45 time=46.5s
[Epoch 048] loss=0.1930 miou=0.7672 f1=0.8566 thr=0.35 time=46.6s
[Epoch 049] loss=0.1939 miou=0.7783 f1=0.8644 thr=0.35 time=46.7s
[Epoch 050] loss=0.1912 miou=0.7765 f1=0.8635 thr=0.40 time=46.8s
[Epoch 051] loss=0.1935 miou=0.7734 f1=0.8602 thr=0.35 time=46.6s
[Epoch 052] loss=0.1876 miou=0.7222 f1=0.8246 thr=0.40 time=46.4s
[Epoch 053] loss=0.1935 miou=0.7714 f1=0.8599 thr=0.50 time=47.0s
[Epoch 054] loss=0.1916 miou=0.7694 f1=0.8588 thr=0.35 time=46.8s
[Epoch 055] loss=0.1912 miou=0.7669 f1=0.8571 thr=0.55 time=46.8s
[Epoch 056] loss=0.1849 miou=0.7727 f1=0.8607 thr=0.35 time=46.6s
[Epoch 057] loss=0.1817 miou=0.7737 f1=0.8614 thr=0.35 time=46.5s
[Epoch 058] loss=0.1874 miou=0.7757 f1=0.8632 thr=0.35 time=46.8s
[Epoch 059] loss=0.1874 miou=0.7746 f1=0.8619 thr=0.45 time=46.8s
[Epoch 060] loss=0.1851 miou=0.7682 f1=0.8581 thr=0.45 time=46.6s
[Epoch 061] loss=0.1832 miou=0.7726 f1=0.8610 thr=0.35 time=46.4s
[Epoch 062] loss=0.1812 miou=0.7789 f1=0.8655 thr=0.35 time=46.7s
[Epoch 063] loss=0.1896 miou=0.7680 f1=0.8579 thr=0.45 time=46.7s
[Epoch 064] loss=0.1818 miou=0.7746 f1=0.8608 thr=0.50 time=46.7s
[Epoch 065] loss=0.1825 miou=0.7676 f1=0.8574 thr=0.40 time=47.0s
[Epoch 066] loss=0.1838 miou=0.7551 f1=0.8486 thr=0.55 time=46.0s
[Epoch 067] loss=0.1767 miou=0.7781 f1=0.8632 thr=0.40 time=47.0s
[Epoch 068] loss=0.1798 miou=0.7695 f1=0.8592 thr=0.35 time=46.8s
[Epoch 069] loss=0.1798 miou=0.7818 f1=0.8677 thr=0.50 time=46.3s
[Epoch 070] loss=0.1792 miou=0.7777 f1=0.8630 thr=0.40 time=47.0s
[Epoch 071] loss=0.1779 miou=0.7574 f1=0.8505 thr=0.55 time=46.8s
[Epoch 072] loss=0.1785 miou=0.7613 f1=0.8522 thr=0.55 time=46.8s
[Epoch 073] loss=0.1704 miou=0.7737 f1=0.8613 thr=0.35 time=46.6s
[Epoch 074] loss=0.1755 miou=0.7694 f1=0.8575 thr=0.50 time=46.7s
[Epoch 075] loss=0.1770 miou=0.7805 f1=0.8662 thr=0.40 time=46.8s
[Epoch 076] loss=0.1754 miou=0.7676 f1=0.8567 thr=0.50 time=46.9s
[Epoch 077] loss=0.1725 miou=0.7759 f1=0.8638 thr=0.50 time=47.2s
[Epoch 078] loss=0.1790 miou=0.7805 f1=0.8660 thr=0.45 time=46.4s
[Epoch 079] loss=0.1710 miou=0.7697 f1=0.8590 thr=0.40 time=46.1s
[Epoch 080] loss=0.1714 miou=0.7737 f1=0.8608 thr=0.35 time=46.7s
[Epoch 081] loss=0.1760 miou=0.7821 f1=0.8669 thr=0.45 time=46.8s
[Epoch 082] loss=0.1697 miou=0.7786 f1=0.8656 thr=0.50 time=46.7s
[Epoch 083] loss=0.1728 miou=0.7834 f1=0.8683 thr=0.35 time=46.8s
[Epoch 084] loss=0.1694 miou=0.7788 f1=0.8642 thr=0.50 time=46.8s
[Epoch 085] loss=0.1703 miou=0.7795 f1=0.8650 thr=0.40 time=46.7s
[Epoch 086] loss=0.1718 miou=0.7625 f1=0.8537 thr=0.55 time=46.6s
[Epoch 087] loss=0.1700 miou=0.7693 f1=0.8588 thr=0.40 time=46.3s
[Epoch 088] loss=0.1726 miou=0.7836 f1=0.8680 thr=0.35 time=46.7s
[Epoch 089] loss=0.1723 miou=0.7777 f1=0.8645 thr=0.40 time=46.8s
[Epoch 090] loss=0.1692 miou=0.7814 f1=0.8665 thr=0.35 time=47.0s
[Epoch 091] loss=0.1642 miou=0.7834 f1=0.8681 thr=0.50 time=46.5s
[Epoch 092] loss=0.1709 miou=0.7853 f1=0.8694 thr=0.40 time=47.0s
[Epoch 093] loss=0.1660 miou=0.7783 f1=0.8649 thr=0.35 time=46.7s
[Epoch 094] loss=0.1652 miou=0.7813 f1=0.8674 thr=0.35 time=46.3s
[Epoch 095] loss=0.1718 miou=0.7806 f1=0.8659 thr=0.35 time=46.6s
[Epoch 096] loss=0.1661 miou=0.7849 f1=0.8681 thr=0.40 time=46.8s
[Epoch 097] loss=0.1699 miou=0.7821 f1=0.8670 thr=0.35 time=46.5s
[Epoch 098] loss=0.1632 miou=0.7811 f1=0.8669 thr=0.35 time=46.7s
[Epoch 099] loss=0.1623 miou=0.7857 f1=0.8700 thr=0.55 time=46.2s
[Epoch 100] loss=0.1661 miou=0.7755 f1=0.8623 thr=0.35 time=46.6s
[Epoch 101] loss=0.1649 miou=0.7872 f1=0.8709 thr=0.55 time=46.6s
[Epoch 102] loss=0.1637 miou=0.7885 f1=0.8715 thr=0.50 time=46.4s
[Epoch 103] loss=0.1640 miou=0.7854 f1=0.8683 thr=0.40 time=46.7s
[Epoch 104] loss=0.1619 miou=0.7832 f1=0.8679 thr=0.35 time=46.6s
[Epoch 105] loss=0.1632 miou=0.7820 f1=0.8673 thr=0.50 time=46.9s
[Epoch 106] loss=0.1636 miou=0.7868 f1=0.8696 thr=0.45 time=46.8s
[Epoch 107] loss=0.1606 miou=0.7605 f1=0.8525 thr=0.40 time=46.6s
[Epoch 108] loss=0.1611 miou=0.7775 f1=0.8641 thr=0.35 time=46.6s
[Epoch 109] loss=0.1610 miou=0.7810 f1=0.8664 thr=0.50 time=46.6s
[Epoch 110] loss=0.1646 miou=0.7888 f1=0.8717 thr=0.50 time=46.8s
[Epoch 111] loss=0.1620 miou=0.7816 f1=0.8666 thr=0.35 time=46.4s
[Epoch 112] loss=0.1580 miou=0.7890 f1=0.8714 thr=0.35 time=46.7s
[Epoch 113] loss=0.1614 miou=0.7870 f1=0.8699 thr=0.35 time=46.7s
[Epoch 114] loss=0.1604 miou=0.7815 f1=0.8676 thr=0.35 time=46.7s
[Epoch 115] loss=0.1599 miou=0.7820 f1=0.8668 thr=0.45 time=53.3s
[Epoch 116] loss=0.1599 miou=0.7549 f1=0.8484 thr=0.45 time=46.5s
[Epoch 117] loss=0.1585 miou=0.7901 f1=0.8720 thr=0.35 time=46.5s
[Epoch 118] loss=0.1598 miou=0.7803 f1=0.8659 thr=0.35 time=46.8s
[Epoch 119] loss=0.1586 miou=0.7869 f1=0.8708 thr=0.40 time=46.7s
[Epoch 120] loss=0.1554 miou=0.7857 f1=0.8695 thr=0.35 time=46.0s
[Epoch 121] loss=0.1572 miou=0.7898 f1=0.8728 thr=0.35 time=46.7s
[Epoch 122] loss=0.1578 miou=0.7840 f1=0.8692 thr=0.50 time=46.9s
[Epoch 123] loss=0.1559 miou=0.7854 f1=0.8695 thr=0.50 time=46.6s
[Epoch 124] loss=0.1581 miou=0.7849 f1=0.8683 thr=0.35 time=46.8s
[Epoch 125] loss=0.1592 miou=0.7729 f1=0.8612 thr=0.35 time=46.4s
[Epoch 126] loss=0.1552 miou=0.7632 f1=0.8542 thr=0.55 time=46.9s
[Epoch 127] loss=0.1585 miou=0.7875 f1=0.8706 thr=0.35 time=46.7s
[Epoch 128] loss=0.1555 miou=0.7860 f1=0.8700 thr=0.35 time=47.1s
[Epoch 129] loss=0.1571 miou=0.7796 f1=0.8661 thr=0.50 time=46.6s
[Epoch 130] loss=0.1534 miou=0.7758 f1=0.8631 thr=0.35 time=46.6s
[Epoch 131] loss=0.1558 miou=0.7936 f1=0.8750 thr=0.35 time=46.7s
[Epoch 132] loss=0.1527 miou=0.7833 f1=0.8685 thr=0.35 time=46.3s
[Epoch 133] loss=0.1554 miou=0.7804 f1=0.8661 thr=0.35 time=46.9s
[Epoch 134] loss=0.1587 miou=0.7889 f1=0.8722 thr=0.35 time=46.8s
[Epoch 135] loss=0.1540 miou=0.7873 f1=0.8705 thr=0.35 time=47.0s
[Epoch 136] loss=0.1521 miou=0.7877 f1=0.8714 thr=0.35 time=46.8s
[Epoch 137] loss=0.1519 miou=0.7880 f1=0.8715 thr=0.35 time=46.2s
[Epoch 138] loss=0.1542 miou=0.7847 f1=0.8698 thr=0.45 time=46.7s
[Epoch 139] loss=0.1483 miou=0.7844 f1=0.8691 thr=0.35 time=46.8s
[Epoch 140] loss=0.1515 miou=0.7862 f1=0.8703 thr=0.35 time=46.4s
[Epoch 141] loss=0.1543 miou=0.7848 f1=0.8692 thr=0.45 time=46.7s
[Epoch 142] loss=0.1497 miou=0.7893 f1=0.8727 thr=0.40 time=46.8s
[Epoch 143] loss=0.1507 miou=0.7698 f1=0.8593 thr=0.45 time=46.5s
[Epoch 144] loss=0.1529 miou=0.7776 f1=0.8647 thr=0.45 time=46.8s
[Epoch 145] loss=0.1505 miou=0.7864 f1=0.8703 thr=0.50 time=46.3s
[Epoch 146] loss=0.1510 miou=0.7838 f1=0.8688 thr=0.35 time=46.6s
[Epoch 147] loss=0.1523 miou=0.7918 f1=0.8743 thr=0.40 time=46.2s
[Epoch 148] loss=0.1501 miou=0.7907 f1=0.8735 thr=0.50 time=46.7s
[Epoch 149] loss=0.1484 miou=0.7842 f1=0.8689 thr=0.45 time=46.9s
[Epoch 150] loss=0.1531 miou=0.7849 f1=0.8692 thr=0.35 time=46.8s
[Epoch 151] loss=0.1491 miou=0.7862 f1=0.8700 thr=0.55 time=47.1s
[Epoch 152] loss=0.1475 miou=0.7866 f1=0.8709 thr=0.35 time=46.7s
[Epoch 153] loss=0.1456 miou=0.7917 f1=0.8732 thr=0.40 time=46.9s
[Epoch 154] loss=0.1463 miou=0.7895 f1=0.8721 thr=0.50 time=47.1s
[Epoch 155] loss=0.1524 miou=0.7882 f1=0.8711 thr=0.35 time=47.0s
[Epoch 156] loss=0.1507 miou=0.7816 f1=0.8673 thr=0.35 time=46.5s
[Epoch 157] loss=0.1505 miou=0.7841 f1=0.8688 thr=0.40 time=46.4s
[Epoch 158] loss=0.1500 miou=0.7680 f1=0.8575 thr=0.35 time=46.8s
[Epoch 159] loss=0.1514 miou=0.7851 f1=0.8693 thr=0.35 time=46.7s
[Epoch 160] loss=0.1460 miou=0.7867 f1=0.8703 thr=0.55 time=46.7s
[Epoch 161] loss=0.1460 miou=0.7834 f1=0.8684 thr=0.35 time=47.0s
[Epoch 162] loss=0.1437 miou=0.7874 f1=0.8705 thr=0.35 time=46.5s
[Epoch 163] loss=0.1456 miou=0.7906 f1=0.8725 thr=0.35 time=46.3s
[Epoch 164] loss=0.1466 miou=0.7810 f1=0.8663 thr=0.35 time=46.7s
[Epoch 165] loss=0.1447 miou=0.7906 f1=0.8727 thr=0.40 time=46.9s
[Epoch 166] loss=0.1471 miou=0.7815 f1=0.8672 thr=0.35 time=46.7s
[Epoch 167] loss=0.1454 miou=0.7801 f1=0.8659 thr=0.35 time=46.5s
[Epoch 168] loss=0.1468 miou=0.7867 f1=0.8700 thr=0.35 time=46.8s
[Epoch 169] loss=0.1443 miou=0.7870 f1=0.8707 thr=0.35 time=46.5s
[Epoch 170] loss=0.1458 miou=0.7880 f1=0.8703 thr=0.35 time=47.0s
[Epoch 171] loss=0.1458 miou=0.7758 f1=0.8631 thr=0.35 time=46.8s
[Epoch 172] loss=0.1424 miou=0.7821 f1=0.8677 thr=0.35 time=46.5s
[Epoch 173] loss=0.1440 miou=0.7850 f1=0.8698 thr=0.35 time=46.6s
[Epoch 174] loss=0.1463 miou=0.7878 f1=0.8711 thr=0.35 time=46.6s
[Epoch 175] loss=0.1445 miou=0.7814 f1=0.8671 thr=0.35 time=46.2s
[Epoch 176] loss=0.1425 miou=0.7840 f1=0.8683 thr=0.35 time=47.2s
[Epoch 177] loss=0.1430 miou=0.7741 f1=0.8622 thr=0.35 time=48.1s
[Epoch 178] loss=0.1436 miou=0.7856 f1=0.8693 thr=0.55 time=46.8s
[Epoch 179] loss=0.1412 miou=0.7908 f1=0.8735 thr=0.35 time=47.5s
[Epoch 180] loss=0.1401 miou=0.7792 f1=0.8640 thr=0.35 time=46.4s
[Epoch 181] loss=0.1429 miou=0.7789 f1=0.8650 thr=0.35 time=46.9s
[Epoch 182] loss=0.1416 miou=0.7830 f1=0.8677 thr=0.35 time=46.5s
[Epoch 183] loss=0.1431 miou=0.7782 f1=0.8650 thr=0.55 time=46.7s
[Epoch 184] loss=0.1451 miou=0.7823 f1=0.8675 thr=0.45 time=47.4s
[Epoch 185] loss=0.1477 miou=0.7852 f1=0.8695 thr=0.55 time=46.7s
[Epoch 186] loss=0.1444 miou=0.7704 f1=0.8596 thr=0.35 time=46.5s
[Epoch 187] loss=0.1447 miou=0.7861 f1=0.8705 thr=0.35 time=46.8s
[Epoch 188] loss=0.1381 miou=0.7898 f1=0.8730 thr=0.50 time=46.9s
[Epoch 189] loss=0.1375 miou=0.7905 f1=0.8736 thr=0.35 time=47.3s
[Epoch 190] loss=0.1435 miou=0.7867 f1=0.8704 thr=0.35 time=47.1s
[Epoch 191] loss=0.1427 miou=0.7851 f1=0.8688 thr=0.35 time=46.8s
[Epoch 192] loss=0.1404 miou=0.7835 f1=0.8679 thr=0.35 time=47.0s
[Epoch 193] loss=0.1411 miou=0.7807 f1=0.8660 thr=0.55 time=46.9s
[Epoch 194] loss=0.1405 miou=0.7855 f1=0.8697 thr=0.35 time=46.6s
[Epoch 195] loss=0.1416 miou=0.7898 f1=0.8727 thr=0.50 time=46.3s
[Epoch 196] loss=0.1413 miou=0.7724 f1=0.8609 thr=0.35 time=46.7s
[Epoch 197] loss=0.1385 miou=0.7864 f1=0.8700 thr=0.35 time=47.3s
[Epoch 198] loss=0.1390 miou=0.7823 f1=0.8671 thr=0.40 time=47.2s
[Epoch 199] loss=0.1372 miou=0.7860 f1=0.8697 thr=0.35 time=47.0s
[Epoch 200] loss=0.1382 miou=0.7749 f1=0.8620 thr=0.35 time=46.6s
[Epoch 201] loss=0.1391 miou=0.7904 f1=0.8729 thr=0.40 time=46.9s
[Epoch 202] loss=0.1385 miou=0.7870 f1=0.8709 thr=0.35 time=46.8s
[Epoch 203] loss=0.1375 miou=0.7764 f1=0.8637 thr=0.45 time=46.7s
[Epoch 204] loss=0.1391 miou=0.7857 f1=0.8694 thr=0.45 time=46.8s
[Epoch 205] loss=0.1361 miou=0.7856 f1=0.8692 thr=0.40 time=46.8s
[Epoch 206] loss=0.1394 miou=0.7923 f1=0.8737 thr=0.50 time=48.4s
[Epoch 207] loss=0.1382 miou=0.7877 f1=0.8707 thr=0.35 time=47.1s
[Epoch 208] loss=0.1340 miou=0.7818 f1=0.8667 thr=0.55 time=46.5s
[Epoch 209] loss=0.1369 miou=0.7781 f1=0.8647 thr=0.35 time=48.0s
[Epoch 210] loss=0.1370 miou=0.7796 f1=0.8656 thr=0.40 time=48.7s
[Epoch 211] loss=0.1392 miou=0.7835 f1=0.8664 thr=0.35 time=48.2s
[Epoch 212] loss=0.1374 miou=0.7827 f1=0.8683 thr=0.35 time=48.1s
[Epoch 213] loss=0.1329 miou=0.7892 f1=0.8716 thr=0.35 time=47.0s
[Epoch 214] loss=0.1372 miou=0.7802 f1=0.8656 thr=0.45 time=46.3s
[Epoch 215] loss=0.1383 miou=0.7865 f1=0.8700 thr=0.35 time=46.4s
[Epoch 216] loss=0.1380 miou=0.7864 f1=0.8697 thr=0.55 time=46.6s
[Epoch 217] loss=0.1372 miou=0.7869 f1=0.8712 thr=0.45 time=46.4s
[Epoch 218] loss=0.1358 miou=0.7835 f1=0.8680 thr=0.55 time=47.1s
[Epoch 219] loss=0.1363 miou=0.7799 f1=0.8655 thr=0.35 time=47.0s
[Epoch 220] loss=0.1366 miou=0.7862 f1=0.8701 thr=0.35 time=47.2s
[Epoch 221] loss=0.1363 miou=0.7861 f1=0.8695 thr=0.35 time=46.9s
[Epoch 222] loss=0.1352 miou=0.7748 f1=0.8619 thr=0.35 time=46.9s
[Epoch 223] loss=0.1335 miou=0.7860 f1=0.8699 thr=0.40 time=47.0s
[Epoch 224] loss=0.1347 miou=0.7902 f1=0.8727 thr=0.35 time=47.0s
[Epoch 225] loss=0.1386 miou=0.7851 f1=0.8691 thr=0.35 time=47.6s
[Epoch 226] loss=0.1373 miou=0.7800 f1=0.8662 thr=0.55 time=46.7s
[Epoch 227] loss=0.1332 miou=0.7786 f1=0.8644 thr=0.45 time=46.9s
[Epoch 228] loss=0.1345 miou=0.7776 f1=0.8637 thr=0.55 time=47.5s
[Epoch 229] loss=0.1348 miou=0.7877 f1=0.8707 thr=0.35 time=46.8s
[Epoch 230] loss=0.1329 miou=0.7833 f1=0.8685 thr=0.55 time=46.7s
[Epoch 231] loss=0.1319 miou=0.7829 f1=0.8674 thr=0.50 time=46.7s
[Epoch 232] loss=0.1342 miou=0.7851 f1=0.8687 thr=0.45 time=47.1s
[Epoch 233] loss=0.1340 miou=0.7842 f1=0.8682 thr=0.50 time=46.9s
[Epoch 234] loss=0.1344 miou=0.7834 f1=0.8676 thr=0.55 time=46.7s
[Epoch 235] loss=0.1352 miou=0.7901 f1=0.8728 thr=0.35 time=46.7s
[Epoch 236] loss=0.1313 miou=0.7895 f1=0.8721 thr=0.45 time=47.2s
[Epoch 237] loss=0.1324 miou=0.7734 f1=0.8613 thr=0.35 time=47.0s
[Epoch 238] loss=0.1327 miou=0.7865 f1=0.8701 thr=0.45 time=46.9s
[Epoch 239] loss=0.1335 miou=0.7767 f1=0.8640 thr=0.35 time=46.6s
[Epoch 240] loss=0.1346 miou=0.7824 f1=0.8670 thr=0.35 time=46.7s
[Epoch 241] loss=0.1315 miou=0.7835 f1=0.8686 thr=0.35 time=46.6s
[Epoch 242] loss=0.1327 miou=0.7881 f1=0.8709 thr=0.55 time=46.2s
[Epoch 243] loss=0.1313 miou=0.7960 f1=0.8760 thr=0.35 time=46.8s
[Epoch 244] loss=0.1310 miou=0.7918 f1=0.8734 thr=0.35 time=46.6s
[Epoch 245] loss=0.1280 miou=0.7783 f1=0.8639 thr=0.40 time=47.6s
[Epoch 246] loss=0.1318 miou=0.7796 f1=0.8651 thr=0.35 time=47.5s
[Epoch 247] loss=0.1314 miou=0.7873 f1=0.8703 thr=0.35 time=46.8s
[Epoch 248] loss=0.1320 miou=0.7809 f1=0.8662 thr=0.35 time=46.4s
[Epoch 249] loss=0.1299 miou=0.7790 f1=0.8640 thr=0.40 time=46.6s
[Epoch 250] loss=0.1307 miou=0.7875 f1=0.8702 thr=0.35 time=46.9s
Unfroze at epoch 250: encoder + all heads.
[Epoch 251] loss=0.1692 miou=0.7840 f1=0.8698 thr=0.55 time=76.1s
[Epoch 252] loss=0.1608 miou=0.7959 f1=0.8775 thr=0.35 time=72.9s
[Epoch 253] loss=0.1510 miou=0.8068 f1=0.8840 thr=0.35 time=73.8s
[Epoch 254] loss=0.1442 miou=0.8065 f1=0.8843 thr=0.35 time=73.0s
[Epoch 255] loss=0.1450 miou=0.8175 f1=0.8925 thr=0.35 time=72.9s
[Epoch 256] loss=0.1456 miou=0.7971 f1=0.8789 thr=0.35 time=73.7s
[Epoch 257] loss=0.1504 miou=0.8067 f1=0.8848 thr=0.35 time=73.9s
[Epoch 258] loss=0.1354 miou=0.8328 f1=0.9023 thr=0.35 time=73.1s
[Epoch 259] loss=0.1415 miou=0.7992 f1=0.8815 thr=0.50 time=72.9s
[Epoch 260] loss=0.1349 miou=0.8198 f1=0.8943 thr=0.35 time=74.1s
[Epoch 261] loss=0.1263 miou=0.8471 f1=0.9110 thr=0.35 time=73.2s
[Epoch 262] loss=0.1256 miou=0.8483 f1=0.9126 thr=0.35 time=73.0s
[Epoch 263] loss=0.1170 miou=0.8419 f1=0.9082 thr=0.35 time=73.5s
[Epoch 264] loss=0.1136 miou=0.8536 f1=0.9156 thr=0.35 time=72.9s
[Epoch 265] loss=0.1248 miou=0.8552 f1=0.9148 thr=0.35 time=73.8s
[Epoch 266] loss=0.1116 miou=0.8707 f1=0.9263 thr=0.35 time=73.1s
[Epoch 267] loss=0.1038 miou=0.8740 f1=0.9284 thr=0.35 time=73.5s
[Epoch 268] loss=0.0983 miou=0.8552 f1=0.9146 thr=0.35 time=72.9s
[Epoch 269] loss=0.1158 miou=0.8702 f1=0.9261 thr=0.35 time=73.6s
[Epoch 270] loss=0.1026 miou=0.8839 f1=0.9342 thr=0.35 time=72.9s
[Epoch 271] loss=0.1025 miou=0.8623 f1=0.9212 thr=0.35 time=72.9s
[Epoch 272] loss=0.0983 miou=0.8673 f1=0.9236 thr=0.35 time=73.1s
[Epoch 273] loss=0.1014 miou=0.8626 f1=0.9197 thr=0.45 time=72.8s
[Epoch 274] loss=0.1020 miou=0.8449 f1=0.9065 thr=0.45 time=73.1s
[Epoch 275] loss=0.1061 miou=0.8765 f1=0.9301 thr=0.35 time=72.9s
[Epoch 276] loss=0.0951 miou=0.8809 f1=0.9326 thr=0.35 time=73.7s
[Epoch 277] loss=0.0985 miou=0.8907 f1=0.9378 thr=0.35 time=72.7s
[Epoch 278] loss=0.0920 miou=0.8944 f1=0.9407 thr=0.35 time=73.3s
[Epoch 279] loss=0.0909 miou=0.8869 f1=0.9360 thr=0.35 time=73.0s
[Epoch 280] loss=0.0915 miou=0.8849 f1=0.9350 thr=0.45 time=72.8s
[Epoch 281] loss=0.0868 miou=0.8934 f1=0.9398 thr=0.35 time=72.9s
[Epoch 282] loss=0.0892 miou=0.8936 f1=0.9400 thr=0.45 time=72.8s
[Epoch 283] loss=0.0880 miou=0.8926 f1=0.9390 thr=0.55 time=72.8s
[Epoch 284] loss=0.0894 miou=0.8865 f1=0.9354 thr=0.35 time=73.7s
[Epoch 285] loss=0.0913 miou=0.8773 f1=0.9302 thr=0.45 time=73.5s
[Epoch 286] loss=0.0881 miou=0.8897 f1=0.9373 thr=0.35 time=73.2s
[Epoch 287] loss=0.0871 miou=0.8817 f1=0.9318 thr=0.35 time=73.2s
[Epoch 288] loss=0.0893 miou=0.8887 f1=0.9358 thr=0.35 time=72.8s
[Epoch 289] loss=0.0841 miou=0.8872 f1=0.9359 thr=0.55 time=74.0s
[Epoch 290] loss=0.0831 miou=0.9005 f1=0.9440 thr=0.35 time=72.9s
[Epoch 291] loss=0.0822 miou=0.9013 f1=0.9438 thr=0.35 time=72.9s
[Epoch 292] loss=0.0805 miou=0.9044 f1=0.9456 thr=0.35 time=73.0s
[Epoch 293] loss=0.0808 miou=0.8897 f1=0.9375 thr=0.55 time=72.9s
[Epoch 294] loss=0.0867 miou=0.8789 f1=0.9294 thr=0.45 time=73.0s
[Epoch 295] loss=0.0814 miou=0.9007 f1=0.9429 thr=0.40 time=72.9s
[Epoch 296] loss=0.0817 miou=0.8868 f1=0.9337 thr=0.55 time=73.2s
[Epoch 297] loss=0.0870 miou=0.8938 f1=0.9398 thr=0.35 time=72.6s
[Epoch 298] loss=0.0811 miou=0.9013 f1=0.9445 thr=0.35 time=72.6s
[Epoch 299] loss=0.0785 miou=0.8882 f1=0.9370 thr=0.40 time=72.9s
[Epoch 300] loss=0.0826 miou=0.8906 f1=0.9382 thr=0.35 time=72.7s
[Epoch 301] loss=0.0813 miou=0.9064 f1=0.9479 thr=0.35 time=72.4s
[Epoch 302] loss=0.0765 miou=0.9047 f1=0.9466 thr=0.55 time=73.3s
[Epoch 303] loss=0.0749 miou=0.9015 f1=0.9448 thr=0.35 time=72.8s
[Epoch 304] loss=0.0770 miou=0.9014 f1=0.9447 thr=0.35 time=72.8s
[Epoch 305] loss=0.0770 miou=0.9061 f1=0.9471 thr=0.35 time=73.3s
[Epoch 306] loss=0.0770 miou=0.9053 f1=0.9471 thr=0.35 time=73.7s
[Epoch 307] loss=0.0768 miou=0.9008 f1=0.9442 thr=0.40 time=72.9s
[Epoch 308] loss=0.0742 miou=0.9074 f1=0.9479 thr=0.40 time=72.9s
[Epoch 309] loss=0.0730 miou=0.8987 f1=0.9429 thr=0.40 time=72.8s
[Epoch 310] loss=0.0763 miou=0.8903 f1=0.9356 thr=0.35 time=72.7s
[Epoch 311] loss=0.0863 miou=0.8927 f1=0.9381 thr=0.35 time=72.7s
[Epoch 312] loss=0.0774 miou=0.8969 f1=0.9408 thr=0.35 time=72.7s
[Epoch 313] loss=0.0727 miou=0.8979 f1=0.9416 thr=0.35 time=72.8s
[Epoch 314] loss=0.1132 miou=0.8757 f1=0.9288 thr=0.40 time=72.8s
[Epoch 315] loss=0.0827 miou=0.8982 f1=0.9425 thr=0.45 time=72.8s
[Epoch 316] loss=0.0736 miou=0.9087 f1=0.9479 thr=0.35 time=72.6s
[Epoch 317] loss=0.0720 miou=0.9101 f1=0.9491 thr=0.35 time=72.6s
[Epoch 318] loss=0.0701 miou=0.9015 f1=0.9439 thr=0.35 time=72.5s
[Epoch 319] loss=0.0706 miou=0.9069 f1=0.9473 thr=0.35 time=72.8s
[Epoch 320] loss=0.0690 miou=0.9087 f1=0.9482 thr=0.35 time=72.7s
[Epoch 321] loss=0.0678 miou=0.8981 f1=0.9422 thr=0.35 time=72.9s
[Epoch 322] loss=0.0720 miou=0.9020 f1=0.9447 thr=0.35 time=72.6s
[Epoch 323] loss=0.0693 miou=0.9042 f1=0.9451 thr=0.50 time=72.6s
[Epoch 324] loss=0.0700 miou=0.9054 f1=0.9463 thr=0.40 time=73.5s
[Epoch 325] loss=0.0693 miou=0.9031 f1=0.9442 thr=0.35 time=72.9s
[Epoch 326] loss=0.0659 miou=0.9025 f1=0.9441 thr=0.35 time=73.0s
[Epoch 327] loss=0.0700 miou=0.9086 f1=0.9480 thr=0.35 time=72.8s
[Epoch 328] loss=0.0711 miou=0.9099 f1=0.9491 thr=0.35 time=72.8s
[Epoch 329] loss=0.0708 miou=0.9060 f1=0.9465 thr=0.35 time=72.5s
[Epoch 330] loss=0.0685 miou=0.9080 f1=0.9481 thr=0.40 time=72.6s
[Epoch 331] loss=0.0724 miou=0.9010 f1=0.9434 thr=0.35 time=72.6s
[Epoch 332] loss=0.0725 miou=0.8985 f1=0.9419 thr=0.35 time=72.8s
[Epoch 333] loss=0.0751 miou=0.9030 f1=0.9450 thr=0.55 time=72.8s
[Epoch 334] loss=0.0675 miou=0.9087 f1=0.9477 thr=0.35 time=73.0s
[Epoch 335] loss=0.0700 miou=0.9067 f1=0.9467 thr=0.55 time=73.0s
[Epoch 336] loss=0.0705 miou=0.9091 f1=0.9483 thr=0.35 time=73.1s
[Epoch 337] loss=0.0679 miou=0.9083 f1=0.9480 thr=0.55 time=72.8s
[Epoch 338] loss=0.0679 miou=0.9034 f1=0.9448 thr=0.35 time=72.8s
[Epoch 339] loss=0.0683 miou=0.9053 f1=0.9462 thr=0.35 time=72.5s
[Epoch 340] loss=0.0679 miou=0.9019 f1=0.9447 thr=0.35 time=72.8s
[Epoch 341] loss=0.0679 miou=0.9087 f1=0.9480 thr=0.35 time=72.7s
[Epoch 342] loss=0.0691 miou=0.9079 f1=0.9477 thr=0.35 time=72.7s
[Epoch 343] loss=0.0683 miou=0.9059 f1=0.9459 thr=0.35 time=72.8s
[Epoch 344] loss=0.0806 miou=0.8898 f1=0.9366 thr=0.55 time=72.8s
[Epoch 345] loss=0.0744 miou=0.9076 f1=0.9478 thr=0.50 time=72.7s
[Epoch 346] loss=0.0663 miou=0.9122 f1=0.9505 thr=0.35 time=73.2s
[Epoch 347] loss=0.0670 miou=0.9128 f1=0.9509 thr=0.55 time=72.9s
[Epoch 348] loss=0.0628 miou=0.9138 f1=0.9517 thr=0.35 time=72.8s
[Epoch 349] loss=0.0646 miou=0.9111 f1=0.9500 thr=0.35 time=73.1s
[Epoch 350] loss=0.0651 miou=0.9123 f1=0.9500 thr=0.35 time=72.7s
[Epoch 351] loss=0.0657 miou=0.9111 f1=0.9493 thr=0.35 time=72.8s
[Epoch 352] loss=0.0652 miou=0.8998 f1=0.9430 thr=0.55 time=73.1s
[Epoch 353] loss=0.0698 miou=0.9108 f1=0.9491 thr=0.35 time=73.1s
[Epoch 354] loss=0.0651 miou=0.9062 f1=0.9459 thr=0.35 time=72.9s
[Epoch 355] loss=0.0811 miou=0.8981 f1=0.9415 thr=0.55 time=73.0s
[Epoch 356] loss=0.0694 miou=0.9114 f1=0.9499 thr=0.35 time=73.0s
[Epoch 357] loss=0.0636 miou=0.9093 f1=0.9492 thr=0.35 time=72.8s
[Epoch 358] loss=0.0649 miou=0.9128 f1=0.9508 thr=0.35 time=73.2s
[Epoch 359] loss=0.0619 miou=0.9116 f1=0.9502 thr=0.35 time=73.3s
[Epoch 360] loss=0.0643 miou=0.9117 f1=0.9505 thr=0.35 time=72.9s
[Epoch 361] loss=0.0622 miou=0.9098 f1=0.9495 thr=0.35 time=72.7s
[Epoch 362] loss=0.0633 miou=0.9124 f1=0.9504 thr=0.45 time=73.1s
[Epoch 363] loss=0.0636 miou=0.9144 f1=0.9517 thr=0.40 time=72.9s
[Epoch 364] loss=0.0653 miou=0.9131 f1=0.9509 thr=0.35 time=73.1s
[Epoch 365] loss=0.0656 miou=0.9104 f1=0.9495 thr=0.35 time=73.1s
[Epoch 366] loss=0.0650 miou=0.9148 f1=0.9518 thr=0.35 time=73.1s
[Epoch 367] loss=0.0654 miou=0.9101 f1=0.9489 thr=0.35 time=73.1s
[Epoch 368] loss=0.0635 miou=0.9017 f1=0.9442 thr=0.45 time=73.1s
[Epoch 369] loss=0.0678 miou=0.9104 f1=0.9490 thr=0.35 time=73.2s
[Epoch 370] loss=0.0680 miou=0.8797 f1=0.9269 thr=0.40 time=73.0s
[Epoch 371] loss=0.0724 miou=0.9097 f1=0.9485 thr=0.35 time=72.9s
[Epoch 372] loss=0.0640 miou=0.9116 f1=0.9495 thr=0.35 time=73.0s
[Epoch 373] loss=0.0608 miou=0.9111 f1=0.9499 thr=0.55 time=73.1s
[Epoch 374] loss=0.0611 miou=0.9144 f1=0.9518 thr=0.35 time=73.0s
[Epoch 375] loss=0.0635 miou=0.9147 f1=0.9514 thr=0.35 time=73.1s
[Epoch 376] loss=0.0631 miou=0.9129 f1=0.9505 thr=0.35 time=72.8s
[Epoch 377] loss=0.0598 miou=0.9155 f1=0.9520 thr=0.35 time=72.8s
[Epoch 378] loss=0.0617 miou=0.9139 f1=0.9511 thr=0.35 time=73.0s
[Epoch 379] loss=0.0641 miou=0.9092 f1=0.9476 thr=0.35 time=73.0s
[Epoch 380] loss=0.0613 miou=0.9063 f1=0.9463 thr=0.50 time=73.1s
[Epoch 381] loss=0.0687 miou=0.9034 f1=0.9450 thr=0.35 time=73.3s
[Epoch 382] loss=0.0634 miou=0.9087 f1=0.9480 thr=0.35 time=73.0s
[Epoch 383] loss=0.0630 miou=0.9129 f1=0.9503 thr=0.35 time=73.0s
[Epoch 384] loss=0.0602 miou=0.9085 f1=0.9478 thr=0.50 time=73.2s
[Epoch 385] loss=0.0602 miou=0.9127 f1=0.9502 thr=0.35 time=73.2s
[Epoch 386] loss=0.0617 miou=0.9086 f1=0.9476 thr=0.55 time=73.0s
[Epoch 387] loss=0.0614 miou=0.9182 f1=0.9541 thr=0.35 time=73.0s
[Epoch 388] loss=0.0609 miou=0.9192 f1=0.9546 thr=0.35 time=73.4s
[Epoch 389] loss=0.0609 miou=0.9152 f1=0.9521 thr=0.40 time=73.1s
[Epoch 390] loss=0.0627 miou=0.9155 f1=0.9521 thr=0.50 time=72.9s
[Epoch 391] loss=0.0624 miou=0.9137 f1=0.9511 thr=0.35 time=72.7s
[Epoch 392] loss=0.0624 miou=0.9153 f1=0.9518 thr=0.45 time=72.3s
[Epoch 393] loss=0.0603 miou=0.9178 f1=0.9534 thr=0.35 time=72.4s
[Epoch 394] loss=0.0610 miou=0.9131 f1=0.9506 thr=0.35 time=72.4s
[Epoch 395] loss=0.0617 miou=0.9090 f1=0.9487 thr=0.40 time=72.4s
[Epoch 396] loss=0.0626 miou=0.9155 f1=0.9514 thr=0.55 time=72.4s
[Epoch 397] loss=0.0619 miou=0.9149 f1=0.9517 thr=0.35 time=72.4s
[Epoch 398] loss=0.0581 miou=0.9155 f1=0.9522 thr=0.45 time=72.8s
[Epoch 399] loss=0.0597 miou=0.9102 f1=0.9487 thr=0.45 time=72.4s
[Epoch 400] loss=0.0633 miou=0.9168 f1=0.9530 thr=0.35 time=73.2s
[Epoch 401] loss=0.0652 miou=0.9163 f1=0.9522 thr=0.35 time=73.6s
[Epoch 402] loss=0.0602 miou=0.9119 f1=0.9496 thr=0.35 time=73.4s
[Epoch 403] loss=0.0613 miou=0.9153 f1=0.9518 thr=0.35 time=73.1s
[Epoch 404] loss=0.0608 miou=0.9120 f1=0.9500 thr=0.35 time=73.0s
[Epoch 405] loss=0.0609 miou=0.9072 f1=0.9465 thr=0.55 time=72.5s
[Epoch 406] loss=0.0620 miou=0.9100 f1=0.9486 thr=0.35 time=72.4s
[Epoch 407] loss=0.0619 miou=0.9115 f1=0.9493 thr=0.35 time=72.3s
[Epoch 408] loss=0.0624 miou=0.9143 f1=0.9510 thr=0.35 time=72.2s
[Epoch 409] loss=0.0605 miou=0.9165 f1=0.9524 thr=0.35 time=72.4s
[Epoch 410] loss=0.0579 miou=0.9128 f1=0.9501 thr=0.35 time=72.1s
[Epoch 411] loss=0.0602 miou=0.9123 f1=0.9493 thr=0.55 time=72.4s
[Epoch 412] loss=0.0599 miou=0.9158 f1=0.9517 thr=0.35 time=72.5s
[Epoch 413] loss=0.0603 miou=0.9124 f1=0.9495 thr=0.35 time=72.2s
[Epoch 414] loss=0.0595 miou=0.9119 f1=0.9500 thr=0.50 time=72.1s
[Epoch 415] loss=0.0592 miou=0.9143 f1=0.9503 thr=0.35 time=72.2s
[Epoch 416] loss=0.0599 miou=0.9167 f1=0.9525 thr=0.35 time=72.4s
[Epoch 417] loss=0.0598 miou=0.9185 f1=0.9539 thr=0.35 time=72.2s
[Epoch 418] loss=0.0667 miou=0.8937 f1=0.9379 thr=0.35 time=72.5s
[Epoch 419] loss=0.0678 miou=0.9108 f1=0.9495 thr=0.50 time=73.2s
[Epoch 420] loss=0.0583 miou=0.9181 f1=0.9539 thr=0.55 time=72.7s
[Epoch 421] loss=0.0565 miou=0.9119 f1=0.9504 thr=0.35 time=72.7s
[Epoch 422] loss=0.0592 miou=0.9142 f1=0.9514 thr=0.35 time=72.2s
[Epoch 423] loss=0.0555 miou=0.9173 f1=0.9535 thr=0.50 time=72.2s
[Epoch 424] loss=0.0555 miou=0.9181 f1=0.9540 thr=0.35 time=72.3s
[Epoch 425] loss=0.0564 miou=0.9163 f1=0.9528 thr=0.55 time=72.3s
[Epoch 426] loss=0.0543 miou=0.9184 f1=0.9538 thr=0.35 time=72.4s
[Epoch 427] loss=0.0544 miou=0.9186 f1=0.9539 thr=0.45 time=72.3s
[Epoch 428] loss=0.0553 miou=0.9194 f1=0.9546 thr=0.55 time=72.2s
[Epoch 429] loss=0.0578 miou=0.9213 f1=0.9557 thr=0.35 time=72.2s
[Epoch 430] loss=0.0577 miou=0.9159 f1=0.9523 thr=0.45 time=72.3s
[Epoch 431] loss=0.0591 miou=0.9108 f1=0.9493 thr=0.40 time=72.4s
[Epoch 432] loss=0.0581 miou=0.9167 f1=0.9526 thr=0.35 time=72.5s
[Epoch 433] loss=0.0564 miou=0.9091 f1=0.9483 thr=0.35 time=72.7s
[Epoch 434] loss=0.0556 miou=0.9154 f1=0.9519 thr=0.45 time=72.6s
[Epoch 435] loss=0.0551 miou=0.8957 f1=0.9366 thr=0.55 time=72.6s
[Epoch 436] loss=0.0723 miou=0.8986 f1=0.9410 thr=0.35 time=72.6s
[Epoch 437] loss=0.0644 miou=0.9093 f1=0.9477 thr=0.35 time=72.5s
[Epoch 438] loss=0.0577 miou=0.9167 f1=0.9520 thr=0.35 time=72.6s
[Epoch 439] loss=0.0531 miou=0.9217 f1=0.9552 thr=0.35 time=72.4s
[Epoch 440] loss=0.0554 miou=0.9207 f1=0.9549 thr=0.35 time=72.4s
[Epoch 441] loss=0.0537 miou=0.9183 f1=0.9535 thr=0.35 time=72.4s
[Epoch 442] loss=0.0542 miou=0.9241 f1=0.9567 thr=0.40 time=72.5s
[Epoch 443] loss=0.0530 miou=0.9222 f1=0.9558 thr=0.35 time=72.6s
[Epoch 444] loss=0.0518 miou=0.9238 f1=0.9567 thr=0.45 time=72.6s
[Epoch 445] loss=0.0514 miou=0.9246 f1=0.9570 thr=0.35 time=72.5s
[Epoch 446] loss=0.0534 miou=0.9230 f1=0.9561 thr=0.55 time=72.7s
[Epoch 447] loss=0.0525 miou=0.9213 f1=0.9552 thr=0.40 time=72.5s
[Epoch 448] loss=0.0512 miou=0.9163 f1=0.9525 thr=0.35 time=72.4s
[Epoch 449] loss=0.0531 miou=0.9216 f1=0.9554 thr=0.35 time=72.5s
[Epoch 450] loss=0.0558 miou=0.9209 f1=0.9549 thr=0.35 time=72.5s
[Epoch 451] loss=0.0537 miou=0.9191 f1=0.9540 thr=0.55 time=72.4s
[Epoch 452] loss=0.0537 miou=0.9226 f1=0.9557 thr=0.35 time=72.5s
[Epoch 453] loss=0.0542 miou=0.9166 f1=0.9523 thr=0.45 time=72.5s
[Epoch 454] loss=0.0541 miou=0.9200 f1=0.9541 thr=0.35 time=72.5s
[Epoch 455] loss=0.0533 miou=0.9188 f1=0.9537 thr=0.50 time=72.5s
[Epoch 456] loss=0.0518 miou=0.9195 f1=0.9541 thr=0.40 time=72.5s
[Epoch 457] loss=0.0534 miou=0.9197 f1=0.9542 thr=0.35 time=72.4s
[Epoch 458] loss=0.0535 miou=0.9176 f1=0.9531 thr=0.45 time=72.4s
[Epoch 459] loss=0.0578 miou=0.9188 f1=0.9541 thr=0.35 time=72.4s
[Epoch 460] loss=0.0540 miou=0.9186 f1=0.9539 thr=0.35 time=72.8s
[Epoch 461] loss=0.0563 miou=0.9151 f1=0.9517 thr=0.35 time=72.4s
[Epoch 462] loss=0.0556 miou=0.9157 f1=0.9523 thr=0.35 time=72.3s
[Epoch 463] loss=0.0617 miou=0.9090 f1=0.9474 thr=0.55 time=72.3s
[Epoch 464] loss=0.0659 miou=0.9100 f1=0.9485 thr=0.50 time=72.4s
[Epoch 465] loss=0.0545 miou=0.9193 f1=0.9543 thr=0.55 time=72.4s
[Epoch 466] loss=0.0509 miou=0.9203 f1=0.9547 thr=0.55 time=72.4s
[Epoch 467] loss=0.0500 miou=0.9230 f1=0.9562 thr=0.35 time=72.5s
[Epoch 468] loss=0.0492 miou=0.9190 f1=0.9542 thr=0.35 time=72.4s
[Epoch 469] loss=0.0499 miou=0.9263 f1=0.9583 thr=0.35 time=72.3s
[Epoch 470] loss=0.0489 miou=0.9253 f1=0.9575 thr=0.35 time=72.4s
[Epoch 471] loss=0.0496 miou=0.9236 f1=0.9565 thr=0.35 time=72.3s
[Epoch 472] loss=0.0499 miou=0.9214 f1=0.9550 thr=0.35 time=72.3s
[Epoch 473] loss=0.0491 miou=0.9224 f1=0.9561 thr=0.35 time=72.2s
[Epoch 474] loss=0.0503 miou=0.9204 f1=0.9552 thr=0.45 time=72.3s
[Epoch 475] loss=0.0491 miou=0.9235 f1=0.9568 thr=0.35 time=72.3s
[Epoch 476] loss=0.0491 miou=0.9205 f1=0.9549 thr=0.45 time=72.3s
[Epoch 477] loss=0.0491 miou=0.9179 f1=0.9534 thr=0.35 time=72.3s
[Epoch 478] loss=0.0499 miou=0.9170 f1=0.9531 thr=0.35 time=72.4s
[Epoch 479] loss=0.0515 miou=0.9205 f1=0.9552 thr=0.35 time=72.4s
[Epoch 480] loss=0.0527 miou=0.9213 f1=0.9554 thr=0.45 time=72.3s
[Epoch 481] loss=0.0495 miou=0.9197 f1=0.9545 thr=0.35 time=72.4s
[Epoch 482] loss=0.0523 miou=0.9184 f1=0.9537 thr=0.35 time=72.3s
[Epoch 483] loss=0.0499 miou=0.9182 f1=0.9535 thr=0.35 time=72.3s
[Epoch 484] loss=0.0532 miou=0.9207 f1=0.9551 thr=0.35 time=72.4s
[Epoch 485] loss=0.0533 miou=0.9205 f1=0.9555 thr=0.35 time=72.3s
[Epoch 486] loss=0.0511 miou=0.9194 f1=0.9544 thr=0.35 time=72.4s
[Epoch 487] loss=0.0488 miou=0.9229 f1=0.9565 thr=0.35 time=72.5s
[Epoch 488] loss=0.0518 miou=0.9213 f1=0.9557 thr=0.50 time=72.6s
[Epoch 489] loss=0.0518 miou=0.9198 f1=0.9546 thr=0.35 time=72.3s
[Epoch 490] loss=0.0542 miou=0.9193 f1=0.9544 thr=0.35 time=72.5s
[Epoch 491] loss=0.0513 miou=0.9200 f1=0.9547 thr=0.35 time=72.3s
[Epoch 492] loss=0.0477 miou=0.9234 f1=0.9566 thr=0.50 time=72.5s
[Epoch 493] loss=0.0492 miou=0.9161 f1=0.9525 thr=0.35 time=72.5s
[Epoch 494] loss=0.0505 miou=0.9206 f1=0.9552 thr=0.35 time=72.4s
[Epoch 495] loss=0.0529 miou=0.9189 f1=0.9538 thr=0.35 time=72.3s
[Epoch 496] loss=0.0519 miou=0.9183 f1=0.9539 thr=0.50 time=72.2s
[Epoch 497] loss=0.0503 miou=0.9211 f1=0.9552 thr=0.35 time=72.3s
[Epoch 498] loss=0.0497 miou=0.9224 f1=0.9561 thr=0.35 time=72.3s
[Epoch 499] loss=0.0495 miou=0.9199 f1=0.9547 thr=0.55 time=72.4s
[Epoch 500] loss=0.0486 miou=0.9202 f1=0.9548 thr=0.45 time=72.3s
[Epoch 501] loss=0.0497 miou=0.9228 f1=0.9562 thr=0.35 time=72.3s
[Epoch 502] loss=0.0506 miou=0.9181 f1=0.9538 thr=0.35 time=72.3s
[Epoch 503] loss=0.0528 miou=0.9234 f1=0.9566 thr=0.35 time=72.2s
[Epoch 504] loss=0.0527 miou=0.9128 f1=0.9507 thr=0.35 time=72.2s
[Epoch 505] loss=0.0525 miou=0.9161 f1=0.9522 thr=0.40 time=72.0s
[Epoch 506] loss=0.0523 miou=0.9154 f1=0.9519 thr=0.35 time=72.4s
[Epoch 507] loss=0.0511 miou=0.9223 f1=0.9562 thr=0.35 time=72.3s
[Epoch 508] loss=0.0497 miou=0.9195 f1=0.9540 thr=0.35 time=72.2s
[Epoch 509] loss=0.0484 miou=0.9226 f1=0.9561 thr=0.35 time=72.4s
[Epoch 510] loss=0.0501 miou=0.9209 f1=0.9554 thr=0.45 time=72.2s
[Epoch 511] loss=0.0525 miou=0.9185 f1=0.9538 thr=0.35 time=72.2s
[Epoch 512] loss=0.0504 miou=0.9233 f1=0.9565 thr=0.35 time=72.1s
[Epoch 513] loss=0.0491 miou=0.9229 f1=0.9563 thr=0.35 time=72.6s
[Epoch 514] loss=0.0510 miou=0.9211 f1=0.9552 thr=0.35 time=72.3s
[Epoch 515] loss=0.0520 miou=0.9223 f1=0.9560 thr=0.35 time=72.4s
[Epoch 516] loss=0.0483 miou=0.9241 f1=0.9573 thr=0.35 time=72.6s
[Epoch 517] loss=0.0496 miou=0.9249 f1=0.9577 thr=0.35 time=72.3s
[Epoch 518] loss=0.0492 miou=0.9212 f1=0.9553 thr=0.35 time=72.4s
[Epoch 519] loss=0.0536 miou=0.9224 f1=0.9559 thr=0.35 time=72.3s
[Epoch 520] loss=0.0527 miou=0.9211 f1=0.9553 thr=0.35 time=72.6s
[Epoch 521] loss=0.0504 miou=0.9143 f1=0.9517 thr=0.35 time=72.4s
[Epoch 522] loss=0.0498 miou=0.9189 f1=0.9540 thr=0.35 time=72.5s
[Epoch 523] loss=0.0502 miou=0.9213 f1=0.9559 thr=0.35 time=72.4s
[Epoch 524] loss=0.0501 miou=0.9272 f1=0.9589 thr=0.35 time=72.4s
[Epoch 525] loss=0.0467 miou=0.9225 f1=0.9563 thr=0.55 time=72.5s
[Epoch 526] loss=0.0493 miou=0.9225 f1=0.9559 thr=0.35 time=72.4s
[Epoch 527] loss=0.0484 miou=0.9214 f1=0.9555 thr=0.35 time=72.3s
[Epoch 528] loss=0.0517 miou=0.9203 f1=0.9546 thr=0.35 time=72.3s
[Epoch 529] loss=0.0484 miou=0.9154 f1=0.9521 thr=0.35 time=72.4s
[Epoch 530] loss=0.0511 miou=0.9235 f1=0.9568 thr=0.35 time=72.5s
[Epoch 531] loss=0.0538 miou=0.9166 f1=0.9520 thr=0.45 time=72.5s
[Epoch 532] loss=0.0488 miou=0.9243 f1=0.9573 thr=0.35 time=72.4s
[Epoch 533] loss=0.0487 miou=0.9259 f1=0.9583 thr=0.35 time=72.5s
[Epoch 534] loss=0.0472 miou=0.9248 f1=0.9575 thr=0.35 time=72.4s
[Epoch 535] loss=0.0465 miou=0.9248 f1=0.9574 thr=0.35 time=72.4s
[Epoch 536] loss=0.0470 miou=0.9254 f1=0.9579 thr=0.35 time=72.4s
[Epoch 537] loss=0.0467 miou=0.9261 f1=0.9583 thr=0.35 time=72.4s
[Epoch 538] loss=0.0489 miou=0.9275 f1=0.9590 thr=0.35 time=72.5s
[Epoch 539] loss=0.0482 miou=0.9142 f1=0.9503 thr=0.45 time=72.4s
[Epoch 540] loss=0.0495 miou=0.9258 f1=0.9581 thr=0.40 time=72.3s
[Epoch 541] loss=0.0469 miou=0.9254 f1=0.9581 thr=0.35 time=72.3s
[Epoch 542] loss=0.0465 miou=0.9265 f1=0.9584 thr=0.40 time=72.3s
[Epoch 543] loss=0.0468 miou=0.9234 f1=0.9570 thr=0.40 time=72.3s
[Epoch 544] loss=0.0493 miou=0.9241 f1=0.9567 thr=0.55 time=72.2s
[Epoch 545] loss=0.0476 miou=0.9253 f1=0.9578 thr=0.50 time=72.3s
[Epoch 546] loss=0.0447 miou=0.9236 f1=0.9565 thr=0.35 time=72.3s
[Epoch 547] loss=0.0526 miou=0.9195 f1=0.9549 thr=0.50 time=72.3s
[Epoch 548] loss=0.0471 miou=0.9244 f1=0.9577 thr=0.50 time=72.3s
[Epoch 549] loss=0.0469 miou=0.9239 f1=0.9570 thr=0.35 time=72.3s
[Epoch 550] loss=0.0470 miou=0.9260 f1=0.9584 thr=0.35 time=72.4s
[Epoch 551] loss=0.0470 miou=0.9255 f1=0.9580 thr=0.35 time=72.3s
[Epoch 552] loss=0.0461 miou=0.9261 f1=0.9583 thr=0.35 time=72.4s
[Epoch 553] loss=0.0456 miou=0.9271 f1=0.9586 thr=0.35 time=72.2s
[Epoch 554] loss=0.0441 miou=0.9268 f1=0.9591 thr=0.50 time=72.3s
[Epoch 555] loss=0.0436 miou=0.9256 f1=0.9578 thr=0.35 time=72.3s
[Epoch 556] loss=0.0457 miou=0.9219 f1=0.9560 thr=0.50 time=72.4s
[Epoch 557] loss=0.0470 miou=0.9212 f1=0.9556 thr=0.35 time=72.3s
[Epoch 558] loss=0.0457 miou=0.9268 f1=0.9590 thr=0.50 time=72.3s
[Epoch 559] loss=0.0469 miou=0.9221 f1=0.9562 thr=0.35 time=72.3s
[Epoch 560] loss=0.0515 miou=0.9218 f1=0.9560 thr=0.35 time=72.2s
[Epoch 561] loss=0.0476 miou=0.9258 f1=0.9584 thr=0.50 time=72.5s
[Epoch 562] loss=0.0466 miou=0.9234 f1=0.9568 thr=0.35 time=72.4s
[Epoch 563] loss=0.0481 miou=0.9210 f1=0.9554 thr=0.35 time=72.3s
[Epoch 564] loss=0.0474 miou=0.9245 f1=0.9575 thr=0.35 time=72.4s
[Epoch 565] loss=0.0478 miou=0.9260 f1=0.9587 thr=0.35 time=72.3s
[Epoch 566] loss=0.0479 miou=0.9228 f1=0.9566 thr=0.35 time=72.3s
[Epoch 567] loss=0.0479 miou=0.9275 f1=0.9594 thr=0.35 time=72.3s
[Epoch 568] loss=0.0463 miou=0.9266 f1=0.9586 thr=0.35 time=72.3s
[Epoch 569] loss=0.0464 miou=0.9244 f1=0.9575 thr=0.35 time=72.3s
[Epoch 570] loss=0.0441 miou=0.9265 f1=0.9587 thr=0.35 time=72.4s
[Epoch 571] loss=0.0447 miou=0.9235 f1=0.9570 thr=0.40 time=72.5s
[Epoch 572] loss=0.0451 miou=0.9195 f1=0.9536 thr=0.35 time=72.5s
[Epoch 573] loss=0.0457 miou=0.9235 f1=0.9567 thr=0.35 time=72.5s
[Epoch 574] loss=0.0456 miou=0.9269 f1=0.9586 thr=0.35 time=72.8s
[Epoch 575] loss=0.0504 miou=0.9215 f1=0.9552 thr=0.45 time=72.5s
[Epoch 576] loss=0.0501 miou=0.9246 f1=0.9572 thr=0.35 time=72.6s
[Epoch 577] loss=0.0495 miou=0.9155 f1=0.9519 thr=0.55 time=72.7s
[Epoch 578] loss=0.0482 miou=0.9225 f1=0.9559 thr=0.40 time=72.6s
[Epoch 579] loss=0.0474 miou=0.9241 f1=0.9571 thr=0.35 time=72.7s
[Epoch 580] loss=0.0472 miou=0.9259 f1=0.9585 thr=0.35 time=72.8s
[Epoch 581] loss=0.0474 miou=0.9217 f1=0.9554 thr=0.35 time=72.6s
[Epoch 582] loss=0.0632 miou=0.8562 f1=0.9076 thr=0.55 time=73.0s
[Epoch 583] loss=0.0710 miou=0.9140 f1=0.9507 thr=0.35 time=73.1s
[Epoch 584] loss=0.0525 miou=0.9219 f1=0.9561 thr=0.35 time=72.7s
[Epoch 585] loss=0.0451 miou=0.9290 f1=0.9602 thr=0.45 time=72.7s
[Epoch 586] loss=0.0437 miou=0.9291 f1=0.9601 thr=0.35 time=72.4s
[Epoch 587] loss=0.0444 miou=0.9300 f1=0.9607 thr=0.40 time=72.5s
[Epoch 588] loss=0.0442 miou=0.9285 f1=0.9598 thr=0.40 time=72.7s
[Epoch 589] loss=0.0435 miou=0.9297 f1=0.9606 thr=0.35 time=72.4s
[Epoch 590] loss=0.0433 miou=0.9319 f1=0.9618 thr=0.35 time=72.4s
[Epoch 591] loss=0.0441 miou=0.9321 f1=0.9617 thr=0.45 time=72.4s
[Epoch 592] loss=0.0433 miou=0.9313 f1=0.9614 thr=0.35 time=72.4s
[Epoch 593] loss=0.0430 miou=0.9322 f1=0.9617 thr=0.35 time=72.5s
[Epoch 594] loss=0.0434 miou=0.9318 f1=0.9617 thr=0.35 time=72.5s
[Epoch 595] loss=0.0428 miou=0.9314 f1=0.9614 thr=0.35 time=72.6s
[Epoch 596] loss=0.0438 miou=0.9311 f1=0.9612 thr=0.35 time=72.6s
[Epoch 597] loss=0.0445 miou=0.9306 f1=0.9609 thr=0.35 time=72.4s
[Epoch 598] loss=0.0430 miou=0.9304 f1=0.9607 thr=0.55 time=72.5s
[Epoch 599] loss=0.0435 miou=0.9303 f1=0.9607 thr=0.45 time=72.4s
[Epoch 600] loss=0.0417 miou=0.9279 f1=0.9595 thr=0.35 time=72.5s
[Epoch 601] loss=0.0451 miou=0.9284 f1=0.9596 thr=0.35 time=72.4s
[Epoch 602] loss=0.0441 miou=0.9290 f1=0.9601 thr=0.35 time=72.0s
[Epoch 603] loss=0.0462 miou=0.9254 f1=0.9578 thr=0.35 time=71.9s
[Epoch 604] loss=0.0456 miou=0.9271 f1=0.9592 thr=0.35 time=72.1s
[Epoch 605] loss=0.0444 miou=0.9242 f1=0.9570 thr=0.45 time=72.2s
[Epoch 606] loss=0.0450 miou=0.9287 f1=0.9596 thr=0.35 time=72.1s
[Epoch 607] loss=0.0444 miou=0.9255 f1=0.9578 thr=0.35 time=72.1s
[Epoch 608] loss=0.0448 miou=0.9257 f1=0.9583 thr=0.35 time=72.2s
[Epoch 609] loss=0.0447 miou=0.9274 f1=0.9591 thr=0.50 time=72.3s
[Epoch 610] loss=0.0462 miou=0.9258 f1=0.9579 thr=0.35 time=72.3s
[Epoch 611] loss=0.0443 miou=0.9203 f1=0.9550 thr=0.35 time=72.1s
[Epoch 612] loss=0.0460 miou=0.9268 f1=0.9592 thr=0.35 time=72.1s
[Epoch 613] loss=0.0481 miou=0.9225 f1=0.9564 thr=0.35 time=72.2s
[Epoch 614] loss=0.0465 miou=0.9241 f1=0.9573 thr=0.35 time=72.1s
[Epoch 615] loss=0.0468 miou=0.9231 f1=0.9566 thr=0.45 time=72.2s
[Epoch 616] loss=0.0464 miou=0.9255 f1=0.9582 thr=0.35 time=72.2s
[Epoch 617] loss=0.0434 miou=0.9270 f1=0.9591 thr=0.35 time=72.1s
[Epoch 618] loss=0.0434 miou=0.9256 f1=0.9578 thr=0.35 time=72.1s
[Epoch 619] loss=0.0464 miou=0.9254 f1=0.9577 thr=0.35 time=72.1s
[Epoch 620] loss=0.0473 miou=0.9247 f1=0.9575 thr=0.35 time=72.1s
[Epoch 621] loss=0.0441 miou=0.9265 f1=0.9584 thr=0.35 time=72.1s
[Epoch 622] loss=0.0450 miou=0.9231 f1=0.9564 thr=0.35 time=72.0s
[Epoch 623] loss=0.0450 miou=0.9231 f1=0.9564 thr=0.50 time=72.0s
[Epoch 624] loss=0.0444 miou=0.9259 f1=0.9581 thr=0.35 time=72.0s
[Epoch 625] loss=0.0446 miou=0.9253 f1=0.9581 thr=0.35 time=72.0s
[Epoch 626] loss=0.0449 miou=0.9250 f1=0.9576 thr=0.55 time=71.9s
[Epoch 627] loss=0.0431 miou=0.9260 f1=0.9585 thr=0.50 time=72.0s
[Epoch 628] loss=0.0444 miou=0.9242 f1=0.9570 thr=0.45 time=72.0s
[Epoch 629] loss=0.0433 miou=0.9218 f1=0.9559 thr=0.35 time=72.0s
[Epoch 630] loss=0.0465 miou=0.9238 f1=0.9565 thr=0.35 time=71.9s
[Epoch 631] loss=0.0467 miou=0.9234 f1=0.9564 thr=0.35 time=72.0s
[Epoch 632] loss=0.0456 miou=0.9212 f1=0.9556 thr=0.35 time=71.9s
[Epoch 633] loss=0.0476 miou=0.9249 f1=0.9572 thr=0.35 time=71.9s
[Epoch 634] loss=0.0473 miou=0.9236 f1=0.9572 thr=0.35 time=72.0s
[Epoch 635] loss=0.0456 miou=0.9256 f1=0.9581 thr=0.35 time=71.9s
[Epoch 636] loss=0.0444 miou=0.9272 f1=0.9589 thr=0.35 time=72.0s
[Epoch 637] loss=0.0439 miou=0.9266 f1=0.9586 thr=0.35 time=72.1s
[Epoch 638] loss=0.0431 miou=0.9242 f1=0.9574 thr=0.50 time=71.8s
[Epoch 639] loss=0.0441 miou=0.9169 f1=0.9533 thr=0.35 time=71.9s
[Epoch 640] loss=0.0489 miou=0.9179 f1=0.9526 thr=0.35 time=72.0s
[Epoch 641] loss=0.0482 miou=0.9224 f1=0.9556 thr=0.35 time=72.0s
[Epoch 642] loss=0.0470 miou=0.9213 f1=0.9550 thr=0.55 time=71.9s
[Epoch 643] loss=0.0499 miou=0.9131 f1=0.9495 thr=0.35 time=72.0s
[Epoch 644] loss=0.0475 miou=0.9214 f1=0.9547 thr=0.35 time=72.1s
[Epoch 645] loss=0.0473 miou=0.9226 f1=0.9557 thr=0.35 time=72.1s
[Epoch 646] loss=0.0475 miou=0.9230 f1=0.9561 thr=0.35 time=72.3s
[Epoch 647] loss=0.0466 miou=0.9239 f1=0.9563 thr=0.35 time=72.3s
[Epoch 648] loss=0.0450 miou=0.9244 f1=0.9564 thr=0.55 time=72.3s
[Epoch 649] loss=0.0450 miou=0.9258 f1=0.9576 thr=0.40 time=72.2s
[Epoch 650] loss=0.0490 miou=0.9217 f1=0.9557 thr=0.40 time=72.7s
[Epoch 651] loss=0.0504 miou=0.9187 f1=0.9540 thr=0.55 time=73.6s
[Epoch 652] loss=0.0457 miou=0.9274 f1=0.9588 thr=0.35 time=72.4s
[Epoch 653] loss=0.0465 miou=0.9227 f1=0.9563 thr=0.35 time=72.8s
[Epoch 654] loss=0.0464 miou=0.9264 f1=0.9585 thr=0.35 time=72.4s
[Epoch 655] loss=0.0454 miou=0.9232 f1=0.9560 thr=0.35 time=73.1s
[Epoch 656] loss=0.0453 miou=0.9263 f1=0.9578 thr=0.45 time=72.4s
[Epoch 657] loss=0.0453 miou=0.9252 f1=0.9578 thr=0.45 time=72.2s
[Epoch 658] loss=0.0447 miou=0.9277 f1=0.9591 thr=0.50 time=72.4s
[Epoch 659] loss=0.0463 miou=0.9257 f1=0.9579 thr=0.35 time=72.1s
[Epoch 660] loss=0.0447 miou=0.9259 f1=0.9581 thr=0.35 time=72.4s
[Epoch 661] loss=0.0466 miou=0.9285 f1=0.9596 thr=0.35 time=72.6s
[Epoch 662] loss=0.0452 miou=0.9270 f1=0.9588 thr=0.45 time=72.2s
[Epoch 663] loss=0.0457 miou=0.9280 f1=0.9592 thr=0.35 time=75.3s
[Epoch 664] loss=0.0448 miou=0.9279 f1=0.9592 thr=0.35 time=77.6s
[Epoch 665] loss=0.0452 miou=0.9244 f1=0.9568 thr=0.40 time=73.2s
[Epoch 666] loss=0.0459 miou=0.9089 f1=0.9463 thr=0.35 time=73.5s
[Epoch 667] loss=0.0513 miou=0.9201 f1=0.9546 thr=0.35 time=73.4s
[Epoch 668] loss=0.0433 miou=0.9284 f1=0.9592 thr=0.35 time=72.7s
[Epoch 669] loss=0.0427 miou=0.9289 f1=0.9596 thr=0.35 time=73.1s
[Epoch 670] loss=0.0445 miou=0.9281 f1=0.9594 thr=0.50 time=72.5s
[Epoch 671] loss=0.0445 miou=0.9252 f1=0.9578 thr=0.40 time=72.5s
[Epoch 672] loss=0.0450 miou=0.9268 f1=0.9586 thr=0.45 time=73.0s
[Epoch 673] loss=0.0456 miou=0.9241 f1=0.9571 thr=0.45 time=72.9s
[Epoch 674] loss=0.0433 miou=0.9282 f1=0.9595 thr=0.35 time=73.2s
[Epoch 675] loss=0.0435 miou=0.9279 f1=0.9590 thr=0.35 time=72.8s
[Epoch 676] loss=0.0421 miou=0.9293 f1=0.9599 thr=0.35 time=74.4s
[Epoch 677] loss=0.0441 miou=0.9243 f1=0.9572 thr=0.35 time=74.3s
[Epoch 678] loss=0.0438 miou=0.9267 f1=0.9586 thr=0.35 time=73.2s
[Epoch 679] loss=0.0473 miou=0.9180 f1=0.9534 thr=0.45 time=72.9s
[Epoch 680] loss=0.0481 miou=0.9209 f1=0.9547 thr=0.35 time=72.4s
[Epoch 681] loss=0.0602 miou=0.9082 f1=0.9473 thr=0.35 time=72.2s
[Epoch 682] loss=0.0437 miou=0.9212 f1=0.9546 thr=0.35 time=72.2s
[Epoch 683] loss=0.0410 miou=0.9276 f1=0.9588 thr=0.35 time=72.4s
[Epoch 684] loss=0.0431 miou=0.9285 f1=0.9596 thr=0.55 time=72.4s
[Epoch 685] loss=0.0518 miou=0.9107 f1=0.9480 thr=0.35 time=72.4s
[Epoch 686] loss=0.0455 miou=0.9266 f1=0.9583 thr=0.35 time=72.8s
[Epoch 687] loss=0.0430 miou=0.9217 f1=0.9558 thr=0.35 time=72.7s
[Epoch 688] loss=0.0421 miou=0.9271 f1=0.9589 thr=0.35 time=76.7s
[Epoch 689] loss=0.0422 miou=0.9291 f1=0.9597 thr=0.50 time=72.5s
[Epoch 690] loss=0.0417 miou=0.9284 f1=0.9596 thr=0.35 time=72.5s
[Epoch 691] loss=0.0408 miou=0.9285 f1=0.9597 thr=0.35 time=74.6s
[Epoch 692] loss=0.0423 miou=0.9285 f1=0.9596 thr=0.35 time=72.7s
[Epoch 693] loss=0.0423 miou=0.9294 f1=0.9601 thr=0.35 time=72.7s
[Epoch 694] loss=0.0412 miou=0.9284 f1=0.9594 thr=0.35 time=72.6s
[Epoch 695] loss=0.0414 miou=0.9276 f1=0.9591 thr=0.40 time=73.4s
[Epoch 696] loss=0.0411 miou=0.9282 f1=0.9593 thr=0.35 time=74.7s
[Epoch 697] loss=0.0415 miou=0.9300 f1=0.9603 thr=0.35 time=72.5s
[Epoch 698] loss=0.0409 miou=0.9274 f1=0.9589 thr=0.55 time=73.8s
[Epoch 699] loss=0.0419 miou=0.9277 f1=0.9590 thr=0.55 time=72.5s
[Epoch 700] loss=0.0417 miou=0.9289 f1=0.9598 thr=0.35 time=72.5s
[Epoch 701] loss=0.0411 miou=0.9289 f1=0.9599 thr=0.35 time=72.3s
[Epoch 702] loss=0.0430 miou=0.9231 f1=0.9566 thr=0.35 time=72.8s
[Epoch 703] loss=0.0412 miou=0.9284 f1=0.9593 thr=0.35 time=72.6s
[Epoch 704] loss=0.0432 miou=0.9237 f1=0.9570 thr=0.35 time=72.9s
[Epoch 705] loss=0.0427 miou=0.9263 f1=0.9583 thr=0.35 time=74.1s
[Epoch 706] loss=0.0451 miou=0.9201 f1=0.9549 thr=0.35 time=73.6s
[Epoch 707] loss=0.0463 miou=0.9228 f1=0.9561 thr=0.35 time=72.7s
[Epoch 708] loss=0.0436 miou=0.9290 f1=0.9597 thr=0.35 time=73.0s
[Epoch 709] loss=0.0432 miou=0.9252 f1=0.9574 thr=0.35 time=72.8s
[Epoch 710] loss=0.0439 miou=0.9277 f1=0.9589 thr=0.35 time=73.0s
[Epoch 711] loss=0.0434 miou=0.9241 f1=0.9570 thr=0.40 time=72.9s
[Epoch 712] loss=0.0436 miou=0.9229 f1=0.9563 thr=0.35 time=72.3s
[Epoch 713] loss=0.0428 miou=0.9291 f1=0.9597 thr=0.35 time=72.6s
[Epoch 714] loss=0.0418 miou=0.9276 f1=0.9591 thr=0.35 time=72.7s
[Epoch 715] loss=0.0434 miou=0.9264 f1=0.9583 thr=0.45 time=72.7s
[Epoch 716] loss=0.0431 miou=0.9256 f1=0.9576 thr=0.35 time=73.3s
[Epoch 717] loss=0.0427 miou=0.9278 f1=0.9590 thr=0.35 time=73.8s
[Epoch 718] loss=0.0432 miou=0.9307 f1=0.9609 thr=0.35 time=73.0s
[Epoch 719] loss=0.0420 miou=0.9274 f1=0.9587 thr=0.55 time=72.8s
[Epoch 720] loss=0.0417 miou=0.9252 f1=0.9576 thr=0.35 time=73.1s
[Epoch 721] loss=0.0412 miou=0.9289 f1=0.9600 thr=0.55 time=73.1s
[Epoch 722] loss=0.0425 miou=0.9253 f1=0.9577 thr=0.35 time=72.7s
[Epoch 723] loss=0.0443 miou=0.9219 f1=0.9550 thr=0.35 time=72.9s
[Epoch 724] loss=0.0463 miou=0.9234 f1=0.9564 thr=0.50 time=72.4s
[Epoch 725] loss=0.0449 miou=0.9228 f1=0.9562 thr=0.40 time=72.6s
[Epoch 726] loss=0.0434 miou=0.9287 f1=0.9595 thr=0.35 time=73.2s
[Epoch 727] loss=0.0438 miou=0.9243 f1=0.9570 thr=0.35 time=72.4s
[Epoch 728] loss=0.0416 miou=0.9306 f1=0.9607 thr=0.40 time=72.4s
[Epoch 729] loss=0.0424 miou=0.9275 f1=0.9586 thr=0.35 time=72.9s
[Epoch 730] loss=0.0441 miou=0.9294 f1=0.9597 thr=0.35 time=72.5s
[Epoch 731] loss=0.0433 miou=0.9267 f1=0.9581 thr=0.35 time=73.1s
[Epoch 732] loss=0.0425 miou=0.9243 f1=0.9569 thr=0.45 time=72.4s
[Epoch 733] loss=0.0434 miou=0.9267 f1=0.9586 thr=0.35 time=72.6s
[Epoch 734] loss=0.0436 miou=0.9248 f1=0.9571 thr=0.35 time=72.8s
[Epoch 735] loss=0.0466 miou=0.9258 f1=0.9575 thr=0.35 time=72.4s
[Epoch 736] loss=0.0430 miou=0.9263 f1=0.9578 thr=0.35 time=72.6s
[Epoch 737] loss=0.0443 miou=0.9155 f1=0.9503 thr=0.50 time=72.4s
[Epoch 738] loss=0.0465 miou=0.9158 f1=0.9510 thr=0.35 time=72.7s
[Epoch 739] loss=0.0437 miou=0.9283 f1=0.9594 thr=0.35 time=73.0s
[Epoch 740] loss=0.0447 miou=0.9249 f1=0.9573 thr=0.35 time=72.5s
[Epoch 741] loss=0.0415 miou=0.9300 f1=0.9605 thr=0.35 time=72.5s
[Epoch 742] loss=0.0429 miou=0.9327 f1=0.9621 thr=0.40 time=72.9s
[Epoch 743] loss=0.0408 miou=0.9335 f1=0.9626 thr=0.35 time=72.5s
[Epoch 744] loss=0.0411 miou=0.9321 f1=0.9617 thr=0.35 time=72.4s
[Epoch 745] loss=0.0406 miou=0.9301 f1=0.9607 thr=0.40 time=73.1s
[Epoch 746] loss=0.0414 miou=0.9311 f1=0.9613 thr=0.35 time=73.8s
[Epoch 747] loss=0.0399 miou=0.9306 f1=0.9609 thr=0.35 time=72.4s
[Epoch 748] loss=0.0397 miou=0.9327 f1=0.9622 thr=0.35 time=72.4s
[Epoch 749] loss=0.0422 miou=0.9308 f1=0.9612 thr=0.35 time=72.8s
[Epoch 750] loss=0.0401 miou=0.9324 f1=0.9617 thr=0.35 time=72.3s
[Epoch 751] loss=0.0409 miou=0.9312 f1=0.9611 thr=0.35 time=72.4s
[Epoch 752] loss=0.0408 miou=0.9286 f1=0.9598 thr=0.35 time=72.8s
[Epoch 753] loss=0.0408 miou=0.9299 f1=0.9603 thr=0.50 time=72.8s
[Epoch 754] loss=0.0425 miou=0.9278 f1=0.9591 thr=0.35 time=72.3s
[Epoch 755] loss=0.0406 miou=0.9295 f1=0.9602 thr=0.35 time=72.6s
[Epoch 756] loss=0.0422 miou=0.9288 f1=0.9598 thr=0.35 time=72.7s
[Epoch 757] loss=0.0414 miou=0.9304 f1=0.9608 thr=0.35 time=72.5s
[Epoch 758] loss=0.0430 miou=0.9276 f1=0.9592 thr=0.35 time=73.0s
[Epoch 759] loss=0.0443 miou=0.9243 f1=0.9571 thr=0.35 time=72.6s
[Epoch 760] loss=0.0609 miou=0.9154 f1=0.9518 thr=0.40 time=72.5s
[Epoch 761] loss=0.0478 miou=0.9211 f1=0.9553 thr=0.35 time=72.9s
[Epoch 762] loss=0.0435 miou=0.9286 f1=0.9597 thr=0.35 time=73.6s
[Epoch 763] loss=0.0428 miou=0.9293 f1=0.9603 thr=0.35 time=72.6s
[Epoch 764] loss=0.0418 miou=0.9282 f1=0.9594 thr=0.35 time=72.9s
[Epoch 765] loss=0.0417 miou=0.9300 f1=0.9606 thr=0.35 time=72.4s
[Epoch 766] loss=0.0411 miou=0.9289 f1=0.9601 thr=0.40 time=72.7s
[Epoch 767] loss=0.0407 miou=0.9304 f1=0.9609 thr=0.35 time=72.9s
[Epoch 768] loss=0.0414 miou=0.9287 f1=0.9598 thr=0.35 time=74.5s
[Epoch 769] loss=0.0422 miou=0.9324 f1=0.9620 thr=0.35 time=73.5s
[Epoch 770] loss=0.0394 miou=0.9324 f1=0.9621 thr=0.35 time=73.3s
[Epoch 771] loss=0.0407 miou=0.9318 f1=0.9614 thr=0.35 time=73.1s
[Epoch 772] loss=0.0417 miou=0.9310 f1=0.9610 thr=0.35 time=72.8s
[Epoch 773] loss=0.0408 miou=0.9296 f1=0.9604 thr=0.35 time=73.0s
[Epoch 774] loss=0.0397 miou=0.9308 f1=0.9610 thr=0.40 time=72.5s
[Epoch 775] loss=0.0408 miou=0.9309 f1=0.9612 thr=0.35 time=72.4s
[Epoch 776] loss=0.0391 miou=0.9291 f1=0.9603 thr=0.35 time=72.3s
[Epoch 777] loss=0.0412 miou=0.9299 f1=0.9608 thr=0.45 time=72.5s
[Epoch 778] loss=0.0402 miou=0.9293 f1=0.9604 thr=0.35 time=72.6s
[Epoch 779] loss=0.0408 miou=0.9289 f1=0.9602 thr=0.35 time=72.8s
[Epoch 780] loss=0.0409 miou=0.9249 f1=0.9578 thr=0.35 time=73.3s
[Epoch 781] loss=0.0434 miou=0.9271 f1=0.9589 thr=0.35 time=72.6s
[Epoch 782] loss=0.0406 miou=0.9283 f1=0.9598 thr=0.45 time=73.2s
[Epoch 783] loss=0.0401 miou=0.9281 f1=0.9596 thr=0.45 time=73.5s
[Epoch 784] loss=0.0413 miou=0.9251 f1=0.9580 thr=0.35 time=73.1s
[Epoch 785] loss=0.0428 miou=0.9285 f1=0.9604 thr=0.35 time=72.9s
[Epoch 786] loss=0.0419 miou=0.9242 f1=0.9577 thr=0.50 time=72.9s
[Epoch 787] loss=0.0432 miou=0.9233 f1=0.9575 thr=0.35 time=72.5s
[Epoch 788] loss=0.0421 miou=0.9293 f1=0.9608 thr=0.35 time=73.0s
[Epoch 789] loss=0.0419 miou=0.9271 f1=0.9593 thr=0.50 time=73.2s
[Epoch 790] loss=0.0442 miou=0.9305 f1=0.9614 thr=0.35 time=72.9s
[Epoch 791] loss=0.0424 miou=0.9310 f1=0.9617 thr=0.35 time=73.0s
[Epoch 792] loss=0.0425 miou=0.9309 f1=0.9617 thr=0.55 time=73.0s
[Epoch 793] loss=0.0419 miou=0.9324 f1=0.9622 thr=0.35 time=72.3s
[Epoch 794] loss=0.0429 miou=0.9326 f1=0.9625 thr=0.35 time=73.1s
[Epoch 795] loss=0.0415 miou=0.9267 f1=0.9588 thr=0.40 time=73.3s
[Epoch 796] loss=0.0426 miou=0.9278 f1=0.9597 thr=0.35 time=73.5s
[Epoch 797] loss=0.0417 miou=0.9255 f1=0.9580 thr=0.35 time=72.7s
[Epoch 798] loss=0.0435 miou=0.9315 f1=0.9616 thr=0.35 time=73.7s
[Epoch 799] loss=0.0411 miou=0.9288 f1=0.9602 thr=0.45 time=73.3s
[Epoch 800] loss=0.0417 miou=0.9290 f1=0.9604 thr=0.45 time=72.8s
[Epoch 801] loss=0.0428 miou=0.9285 f1=0.9600 thr=0.45 time=72.7s
[Epoch 802] loss=0.0421 miou=0.9317 f1=0.9618 thr=0.35 time=72.5s
[Epoch 803] loss=0.0410 miou=0.9249 f1=0.9573 thr=0.35 time=72.9s
[Epoch 804] loss=0.0422 miou=0.9309 f1=0.9612 thr=0.35 time=72.7s
[Epoch 805] loss=0.0414 miou=0.9299 f1=0.9605 thr=0.35 time=72.4s
[Epoch 806] loss=0.0432 miou=0.9306 f1=0.9611 thr=0.35 time=72.4s
[Epoch 807] loss=0.0427 miou=0.9311 f1=0.9611 thr=0.40 time=73.5s
[Epoch 808] loss=0.0430 miou=0.9262 f1=0.9586 thr=0.35 time=72.7s
[Epoch 809] loss=0.0429 miou=0.9281 f1=0.9595 thr=0.35 time=72.4s
[Epoch 810] loss=0.0414 miou=0.9291 f1=0.9599 thr=0.50 time=72.6s
[Epoch 811] loss=0.0418 miou=0.9304 f1=0.9611 thr=0.35 time=72.8s
[Epoch 812] loss=0.0437 miou=0.9147 f1=0.9519 thr=0.35 time=72.8s
[Epoch 813] loss=0.0474 miou=0.9241 f1=0.9574 thr=0.35 time=72.4s
[Epoch 814] loss=0.0429 miou=0.9260 f1=0.9589 thr=0.35 time=73.4s
[Epoch 815] loss=0.0426 miou=0.9285 f1=0.9601 thr=0.35 time=72.7s
[Epoch 816] loss=0.0392 miou=0.9310 f1=0.9613 thr=0.45 time=73.3s
[Epoch 817] loss=0.0405 miou=0.9293 f1=0.9602 thr=0.35 time=72.8s
[Epoch 818] loss=0.0397 miou=0.9300 f1=0.9608 thr=0.35 time=73.0s
[Epoch 819] loss=0.0426 miou=0.9271 f1=0.9592 thr=0.50 time=73.4s
[Epoch 820] loss=0.0400 miou=0.9321 f1=0.9620 thr=0.55 time=75.2s
[Epoch 821] loss=0.0405 miou=0.9321 f1=0.9617 thr=0.45 time=74.5s
[Epoch 822] loss=0.0391 miou=0.9314 f1=0.9615 thr=0.35 time=72.4s
[Epoch 823] loss=0.0402 miou=0.9322 f1=0.9618 thr=0.35 time=74.6s
[Epoch 824] loss=0.0403 miou=0.9335 f1=0.9626 thr=0.35 time=73.9s
[Epoch 825] loss=0.0428 miou=0.9313 f1=0.9615 thr=0.40 time=73.1s
[Epoch 826] loss=0.0410 miou=0.9312 f1=0.9614 thr=0.50 time=73.4s
[Epoch 827] loss=0.0395 miou=0.9326 f1=0.9620 thr=0.35 time=72.8s
[Epoch 828] loss=0.0404 miou=0.9275 f1=0.9590 thr=0.50 time=72.6s
[Epoch 829] loss=0.0419 miou=0.9281 f1=0.9592 thr=0.50 time=72.7s
[Epoch 830] loss=0.0408 miou=0.9265 f1=0.9588 thr=0.45 time=73.6s
[Epoch 831] loss=0.0421 miou=0.9282 f1=0.9596 thr=0.35 time=73.1s
[Epoch 832] loss=0.0417 miou=0.9291 f1=0.9601 thr=0.35 time=72.5s
[Epoch 833] loss=0.0407 miou=0.9272 f1=0.9589 thr=0.45 time=72.8s
[Epoch 834] loss=0.0415 miou=0.9278 f1=0.9593 thr=0.35 time=72.7s
[Epoch 835] loss=0.0415 miou=0.9283 f1=0.9594 thr=0.35 time=72.9s
[Epoch 836] loss=0.0404 miou=0.9325 f1=0.9623 thr=0.35 time=72.2s
[Epoch 837] loss=0.0392 miou=0.9336 f1=0.9629 thr=0.35 time=72.7s
[Epoch 838] loss=0.0402 miou=0.9293 f1=0.9603 thr=0.35 time=72.8s
[Epoch 839] loss=0.0406 miou=0.9325 f1=0.9622 thr=0.35 time=73.6s
[Epoch 840] loss=0.0395 miou=0.9316 f1=0.9617 thr=0.35 time=72.4s
[Epoch 841] loss=0.0405 miou=0.9319 f1=0.9619 thr=0.45 time=72.6s
[Epoch 842] loss=0.0399 miou=0.9329 f1=0.9625 thr=0.45 time=73.3s
[Epoch 843] loss=0.0412 miou=0.9308 f1=0.9612 thr=0.35 time=72.6s
[Epoch 844] loss=0.0405 miou=0.9275 f1=0.9593 thr=0.35 time=72.5s
[Epoch 845] loss=0.0427 miou=0.9271 f1=0.9590 thr=0.35 time=75.2s
[Epoch 846] loss=0.0436 miou=0.9290 f1=0.9601 thr=0.35 time=72.4s
[Epoch 847] loss=0.0397 miou=0.9314 f1=0.9611 thr=0.35 time=72.7s
[Epoch 848] loss=0.0414 miou=0.9327 f1=0.9623 thr=0.55 time=72.8s
[Epoch 849] loss=0.0420 miou=0.9310 f1=0.9613 thr=0.35 time=73.0s
[Epoch 850] loss=0.0404 miou=0.9291 f1=0.9602 thr=0.35 time=72.7s
[Epoch 851] loss=0.0420 miou=0.9289 f1=0.9597 thr=0.35 time=73.0s
[Epoch 852] loss=0.0407 miou=0.9311 f1=0.9611 thr=0.45 time=72.4s
[Epoch 853] loss=0.0410 miou=0.9284 f1=0.9595 thr=0.55 time=74.5s
[Epoch 854] loss=0.0420 miou=0.9311 f1=0.9610 thr=0.55 time=74.7s
[Epoch 855] loss=0.0400 miou=0.9309 f1=0.9612 thr=0.45 time=73.0s
[Epoch 856] loss=0.0411 miou=0.9305 f1=0.9610 thr=0.35 time=73.4s
[Epoch 857] loss=0.0414 miou=0.9324 f1=0.9620 thr=0.55 time=72.7s
[Epoch 858] loss=0.0395 miou=0.9313 f1=0.9614 thr=0.50 time=74.0s
[Epoch 859] loss=0.0417 miou=0.9137 f1=0.9513 thr=0.35 time=74.7s
[Epoch 860] loss=0.0463 miou=0.9202 f1=0.9550 thr=0.35 time=73.6s
[Epoch 861] loss=0.0409 miou=0.9295 f1=0.9600 thr=0.35 time=72.9s
[Epoch 862] loss=0.0410 miou=0.9285 f1=0.9594 thr=0.50 time=72.5s
[Epoch 863] loss=0.0401 miou=0.9311 f1=0.9608 thr=0.35 time=72.6s
[Epoch 864] loss=0.0407 miou=0.9293 f1=0.9600 thr=0.35 time=72.8s
[Epoch 865] loss=0.0408 miou=0.9318 f1=0.9611 thr=0.35 time=72.6s
[Epoch 866] loss=0.0399 miou=0.9319 f1=0.9613 thr=0.35 time=72.4s
[Epoch 867] loss=0.0397 miou=0.9306 f1=0.9603 thr=0.35 time=72.7s
[Epoch 868] loss=0.0404 miou=0.9219 f1=0.9553 thr=0.35 time=72.8s
[Epoch 869] loss=0.0415 miou=0.9236 f1=0.9564 thr=0.35 time=72.1s
[Epoch 870] loss=0.0417 miou=0.9301 f1=0.9601 thr=0.35 time=73.3s
[Epoch 871] loss=0.0402 miou=0.9299 f1=0.9602 thr=0.35 time=72.7s
[Epoch 872] loss=0.0416 miou=0.9283 f1=0.9596 thr=0.35 time=73.4s
[Epoch 873] loss=0.0400 miou=0.9319 f1=0.9616 thr=0.35 time=73.9s
[Epoch 874] loss=0.0414 miou=0.9277 f1=0.9593 thr=0.35 time=72.7s
[Epoch 875] loss=0.0407 miou=0.9290 f1=0.9600 thr=0.35 time=72.5s
[Epoch 876] loss=0.0395 miou=0.9310 f1=0.9610 thr=0.40 time=73.3s
[Epoch 877] loss=0.0415 miou=0.9285 f1=0.9594 thr=0.55 time=72.8s
[Epoch 878] loss=0.0422 miou=0.9281 f1=0.9594 thr=0.35 time=72.7s
[Epoch 879] loss=0.0425 miou=0.9274 f1=0.9590 thr=0.35 time=73.7s
[Epoch 880] loss=0.0434 miou=0.9217 f1=0.9556 thr=0.35 time=72.9s
[Epoch 881] loss=0.0414 miou=0.9263 f1=0.9574 thr=0.35 time=72.2s
[Epoch 882] loss=0.0399 miou=0.9312 f1=0.9615 thr=0.50 time=72.5s
[Epoch 883] loss=0.0403 miou=0.9285 f1=0.9591 thr=0.40 time=73.1s
[Epoch 884] loss=0.0411 miou=0.9290 f1=0.9597 thr=0.35 time=72.5s
[Epoch 885] loss=0.0394 miou=0.9257 f1=0.9579 thr=0.35 time=72.0s
[Epoch 886] loss=0.0419 miou=0.9263 f1=0.9582 thr=0.35 time=72.0s
[Epoch 887] loss=0.0406 miou=0.9299 f1=0.9602 thr=0.55 time=72.0s
[Epoch 888] loss=0.0407 miou=0.9283 f1=0.9592 thr=0.50 time=72.1s
[Epoch 889] loss=0.0387 miou=0.9275 f1=0.9585 thr=0.50 time=72.0s
[Epoch 890] loss=0.0409 miou=0.9286 f1=0.9594 thr=0.35 time=71.9s
[Epoch 891] loss=0.0396 miou=0.9292 f1=0.9599 thr=0.35 time=71.9s
[Epoch 892] loss=0.0413 miou=0.9263 f1=0.9583 thr=0.35 time=71.9s
[Epoch 893] loss=0.0396 miou=0.9266 f1=0.9583 thr=0.35 time=71.7s
[Epoch 894] loss=0.0430 miou=0.9257 f1=0.9578 thr=0.35 time=71.9s
[Epoch 895] loss=0.0403 miou=0.9269 f1=0.9584 thr=0.35 time=71.9s
[Epoch 896] loss=0.0406 miou=0.9292 f1=0.9599 thr=0.35 time=71.9s
[Epoch 897] loss=0.0416 miou=0.9322 f1=0.9617 thr=0.35 time=71.9s
[Epoch 898] loss=0.0406 miou=0.9301 f1=0.9605 thr=0.35 time=71.8s
[Epoch 899] loss=0.0404 miou=0.9281 f1=0.9593 thr=0.50 time=72.1s
[Epoch 900] loss=0.0409 miou=0.9284 f1=0.9594 thr=0.35 time=71.7s
[Epoch 901] loss=0.0412 miou=0.9308 f1=0.9606 thr=0.35 time=71.7s
[Epoch 902] loss=0.0391 miou=0.9279 f1=0.9593 thr=0.50 time=71.8s
[Epoch 903] loss=0.0403 miou=0.9269 f1=0.9585 thr=0.35 time=71.8s
[Epoch 904] loss=0.0410 miou=0.9269 f1=0.9585 thr=0.35 time=71.9s
[Epoch 905] loss=0.0399 miou=0.9272 f1=0.9588 thr=0.50 time=71.6s
[Epoch 906] loss=0.0401 miou=0.9258 f1=0.9579 thr=0.40 time=71.7s
[Epoch 907] loss=0.0407 miou=0.9216 f1=0.9554 thr=0.45 time=71.7s
[Epoch 908] loss=0.0415 miou=0.9198 f1=0.9546 thr=0.35 time=71.7s
[Epoch 909] loss=0.0412 miou=0.9267 f1=0.9585 thr=0.35 time=71.7s
[Epoch 910] loss=0.0410 miou=0.9278 f1=0.9588 thr=0.35 time=71.7s
[Epoch 911] loss=0.0431 miou=0.9238 f1=0.9568 thr=0.35 time=71.7s
[Epoch 912] loss=0.0408 miou=0.9278 f1=0.9589 thr=0.35 time=71.7s
[Epoch 913] loss=0.0406 miou=0.9295 f1=0.9598 thr=0.35 time=71.6s
[Epoch 914] loss=0.0410 miou=0.9263 f1=0.9581 thr=0.35 time=71.7s
[Epoch 915] loss=0.0418 miou=0.9258 f1=0.9580 thr=0.35 time=71.6s
[Epoch 916] loss=0.0402 miou=0.9268 f1=0.9584 thr=0.35 time=71.7s
[Epoch 917] loss=0.0406 miou=0.9272 f1=0.9589 thr=0.35 time=71.7s
[Epoch 918] loss=0.0403 miou=0.9304 f1=0.9605 thr=0.40 time=71.7s
[Epoch 919] loss=0.0406 miou=0.9254 f1=0.9578 thr=0.40 time=71.7s
[Epoch 920] loss=0.0404 miou=0.9279 f1=0.9592 thr=0.35 time=71.7s
[Epoch 921] loss=0.0411 miou=0.9279 f1=0.9592 thr=0.35 time=71.7s
[Epoch 922] loss=0.0405 miou=0.9292 f1=0.9599 thr=0.35 time=71.9s
[Epoch 923] loss=0.0409 miou=0.9302 f1=0.9607 thr=0.35 time=71.7s
[Epoch 924] loss=0.0402 miou=0.9305 f1=0.9609 thr=0.35 time=71.8s
[Epoch 925] loss=0.0409 miou=0.9274 f1=0.9588 thr=0.35 time=71.7s
[Epoch 926] loss=0.0409 miou=0.9250 f1=0.9573 thr=0.35 time=71.7s
[Epoch 927] loss=0.0409 miou=0.9248 f1=0.9576 thr=0.45 time=71.7s
[Epoch 928] loss=0.0421 miou=0.9274 f1=0.9590 thr=0.35 time=71.7s
[Epoch 929] loss=0.0408 miou=0.9283 f1=0.9593 thr=0.35 time=71.7s
[Epoch 930] loss=0.0394 miou=0.9302 f1=0.9606 thr=0.35 time=71.7s
[Epoch 931] loss=0.0416 miou=0.9319 f1=0.9613 thr=0.35 time=71.7s
[Epoch 932] loss=0.0407 miou=0.9307 f1=0.9607 thr=0.35 time=71.7s
[Epoch 933] loss=0.0392 miou=0.9333 f1=0.9623 thr=0.35 time=71.7s
[Epoch 934] loss=0.0381 miou=0.9307 f1=0.9608 thr=0.35 time=71.7s
[Epoch 935] loss=0.0391 miou=0.9294 f1=0.9602 thr=0.50 time=71.7s
[Epoch 936] loss=0.0397 miou=0.9313 f1=0.9613 thr=0.35 time=71.7s
[Epoch 937] loss=0.0424 miou=0.9313 f1=0.9611 thr=0.35 time=71.7s
[Epoch 938] loss=0.0412 miou=0.9275 f1=0.9589 thr=0.35 time=71.6s
[Epoch 939] loss=0.0391 miou=0.9321 f1=0.9617 thr=0.50 time=71.6s
[Epoch 940] loss=0.0397 miou=0.9298 f1=0.9602 thr=0.35 time=71.6s
[Epoch 941] loss=0.0404 miou=0.9282 f1=0.9591 thr=0.50 time=71.7s
[Epoch 942] loss=0.0410 miou=0.9287 f1=0.9596 thr=0.50 time=71.6s
[Epoch 943] loss=0.0423 miou=0.9310 f1=0.9612 thr=0.35 time=71.7s
[Epoch 944] loss=0.0389 miou=0.9263 f1=0.9582 thr=0.35 time=71.6s
[Epoch 945] loss=0.0410 miou=0.9269 f1=0.9587 thr=0.35 time=71.6s
[Epoch 946] loss=0.0421 miou=0.9238 f1=0.9569 thr=0.40 time=71.6s
[Epoch 947] loss=0.0405 miou=0.9270 f1=0.9586 thr=0.35 time=71.8s
[Epoch 948] loss=0.0403 miou=0.9268 f1=0.9584 thr=0.35 time=71.6s
[Epoch 949] loss=0.0417 miou=0.9271 f1=0.9587 thr=0.35 time=71.8s
[Epoch 950] loss=0.0402 miou=0.9295 f1=0.9600 thr=0.35 time=71.6s
[Epoch 951] loss=0.0403 miou=0.9293 f1=0.9596 thr=0.35 time=71.8s
[Epoch 952] loss=0.0390 miou=0.9306 f1=0.9603 thr=0.35 time=71.7s
[Epoch 953] loss=0.0404 miou=0.9310 f1=0.9608 thr=0.35 time=71.7s
[Epoch 954] loss=0.0413 miou=0.9268 f1=0.9582 thr=0.35 time=71.7s
[Epoch 955] loss=0.0413 miou=0.9261 f1=0.9581 thr=0.35 time=71.7s
[Epoch 956] loss=0.0397 miou=0.9288 f1=0.9596 thr=0.35 time=71.7s
[Epoch 957] loss=0.0391 miou=0.9286 f1=0.9594 thr=0.35 time=71.7s
[Epoch 958] loss=0.0398 miou=0.9317 f1=0.9615 thr=0.35 time=71.8s
[Epoch 959] loss=0.0392 miou=0.9225 f1=0.9556 thr=0.35 time=71.7s
[Epoch 960] loss=0.0398 miou=0.9222 f1=0.9553 thr=0.35 time=71.7s
[Epoch 961] loss=0.0492 miou=0.9190 f1=0.9524 thr=0.50 time=71.7s
[Epoch 962] loss=0.0444 miou=0.9248 f1=0.9573 thr=0.35 time=71.7s
[Epoch 963] loss=0.0441 miou=0.9296 f1=0.9603 thr=0.35 time=71.7s
[Epoch 964] loss=0.0409 miou=0.9289 f1=0.9601 thr=0.35 time=71.7s
[Epoch 965] loss=0.0391 miou=0.9331 f1=0.9624 thr=0.35 time=71.7s
[Epoch 966] loss=0.0392 miou=0.9323 f1=0.9617 thr=0.45 time=71.8s
[Epoch 967] loss=0.0394 miou=0.9313 f1=0.9613 thr=0.35 time=71.6s
[Epoch 968] loss=0.0395 miou=0.9347 f1=0.9632 thr=0.35 time=71.7s
[Epoch 969] loss=0.0387 miou=0.9331 f1=0.9624 thr=0.50 time=71.8s
[Epoch 970] loss=0.0383 miou=0.9348 f1=0.9633 thr=0.55 time=71.7s
[Epoch 971] loss=0.0391 miou=0.9346 f1=0.9632 thr=0.50 time=71.7s
[Epoch 972] loss=0.0393 miou=0.9353 f1=0.9635 thr=0.35 time=71.6s
[Epoch 973] loss=0.0399 miou=0.9336 f1=0.9626 thr=0.35 time=71.7s
[Epoch 974] loss=0.0384 miou=0.9343 f1=0.9628 thr=0.55 time=71.8s
[Epoch 975] loss=0.0397 miou=0.9333 f1=0.9624 thr=0.35 time=71.6s
[Epoch 976] loss=0.0384 miou=0.9327 f1=0.9620 thr=0.35 time=71.6s
[Epoch 977] loss=0.0382 miou=0.9328 f1=0.9622 thr=0.55 time=71.6s
[Epoch 978] loss=0.0409 miou=0.9315 f1=0.9611 thr=0.35 time=71.8s
[Epoch 979] loss=0.0399 miou=0.9325 f1=0.9622 thr=0.50 time=71.7s
[Epoch 980] loss=0.0409 miou=0.9292 f1=0.9602 thr=0.55 time=71.6s
[Epoch 981] loss=0.0422 miou=0.9305 f1=0.9610 thr=0.35 time=71.8s
[Epoch 982] loss=0.0416 miou=0.9305 f1=0.9610 thr=0.35 time=71.7s
[Epoch 983] loss=0.0391 miou=0.9312 f1=0.9613 thr=0.35 time=71.7s
[Epoch 984] loss=0.0405 miou=0.9310 f1=0.9613 thr=0.35 time=71.6s
[Epoch 985] loss=0.0397 miou=0.9308 f1=0.9612 thr=0.35 time=71.6s
[Epoch 986] loss=0.0405 miou=0.9234 f1=0.9564 thr=0.55 time=71.7s
[Epoch 987] loss=0.0409 miou=0.9324 f1=0.9617 thr=0.35 time=71.6s
[Epoch 988] loss=0.0414 miou=0.9315 f1=0.9613 thr=0.35 time=71.7s
[Epoch 989] loss=0.0397 miou=0.9292 f1=0.9603 thr=0.35 time=71.7s
[Epoch 990] loss=0.0404 miou=0.9334 f1=0.9625 thr=0.35 time=71.7s
[Epoch 991] loss=0.0397 miou=0.9309 f1=0.9613 thr=0.45 time=71.7s
[Epoch 992] loss=0.0407 miou=0.9320 f1=0.9619 thr=0.35 time=71.7s
[Epoch 993] loss=0.0399 miou=0.9314 f1=0.9616 thr=0.35 time=71.7s
[Epoch 994] loss=0.0413 miou=0.9315 f1=0.9616 thr=0.35 time=71.7s
[Epoch 995] loss=0.0398 miou=0.9317 f1=0.9612 thr=0.55 time=71.7s
[Epoch 996] loss=0.0398 miou=0.9301 f1=0.9603 thr=0.35 time=71.7s
[Epoch 997] loss=0.0396 miou=0.9321 f1=0.9612 thr=0.35 time=71.7s
[Epoch 998] loss=0.0391 miou=0.9301 f1=0.9600 thr=0.35 time=71.8s
[Epoch 999] loss=0.0386 miou=0.9324 f1=0.9618 thr=0.35 time=71.7s
[Epoch 1000] loss=0.0374 miou=0.9342 f1=0.9627 thr=0.35 time=71.7s
