nohup: ignoring input
Run directory: ./outputs_sam_sirst/sirst_size256_bs4_e500_kp1_20250905_230245
[Epoch 001] loss=0.8313 miou=0.6888 f1=0.8014 time=52.6s
[Epoch 002] loss=0.1837 miou=0.7271 f1=0.8320 time=43.9s
[Epoch 003] loss=0.1667 miou=0.7474 f1=0.8447 time=44.0s
[Epoch 004] loss=0.1635 miou=0.7467 f1=0.8445 time=43.9s
[Epoch 005] loss=0.1579 miou=0.7537 f1=0.8486 time=44.0s
[Epoch 006] loss=0.1494 miou=0.7604 f1=0.8536 time=43.9s
[Epoch 007] loss=0.1505 miou=0.7545 f1=0.8499 time=43.2s
[Epoch 008] loss=0.1467 miou=0.7525 f1=0.8493 time=42.7s
[Epoch 009] loss=0.1493 miou=0.7706 f1=0.8610 time=42.7s
[Epoch 010] loss=0.1463 miou=0.7704 f1=0.8611 time=42.7s
[Epoch 011] loss=0.1400 miou=0.7594 f1=0.8532 time=42.6s
[Epoch 012] loss=0.1389 miou=0.7566 f1=0.8515 time=42.6s
[Epoch 013] loss=0.1372 miou=0.7691 f1=0.8606 time=42.6s
[Epoch 014] loss=0.1343 miou=0.7617 f1=0.8544 time=42.5s
[Epoch 015] loss=0.1417 miou=0.7524 f1=0.8487 time=42.6s
[Epoch 016] loss=0.1355 miou=0.7698 f1=0.8591 time=42.5s
[Epoch 017] loss=0.1284 miou=0.7682 f1=0.8580 time=42.6s
[Epoch 018] loss=0.1299 miou=0.7783 f1=0.8671 time=42.6s
[Epoch 019] loss=0.1339 miou=0.7700 f1=0.8609 time=42.6s
[Epoch 020] loss=0.1277 miou=0.7766 f1=0.8645 time=42.6s
[Epoch 021] loss=0.1314 miou=0.7832 f1=0.8689 time=42.6s
[Epoch 022] loss=0.1277 miou=0.7797 f1=0.8668 time=42.7s
[Epoch 023] loss=0.1259 miou=0.7823 f1=0.8685 time=42.6s
[Epoch 024] loss=0.1297 miou=0.7764 f1=0.8643 time=42.6s
[Epoch 025] loss=0.1236 miou=0.7638 f1=0.8558 time=42.6s
[Epoch 026] loss=0.1234 miou=0.7670 f1=0.8577 time=42.6s
[Epoch 027] loss=0.1249 miou=0.7738 f1=0.8635 time=42.6s
[Epoch 028] loss=0.1215 miou=0.7789 f1=0.8657 time=42.5s
[Epoch 029] loss=0.1220 miou=0.7828 f1=0.8688 time=42.6s
[Epoch 030] loss=0.1201 miou=0.7754 f1=0.8638 time=43.0s
[Epoch 031] loss=0.1202 miou=0.7734 f1=0.8622 time=43.0s
[Epoch 032] loss=0.1176 miou=0.7799 f1=0.8673 time=43.8s
[Epoch 033] loss=0.1171 miou=0.7845 f1=0.8701 time=43.9s
[Epoch 034] loss=0.1131 miou=0.7798 f1=0.8677 time=42.8s
[Epoch 035] loss=0.1154 miou=0.7893 f1=0.8734 time=43.0s
[Epoch 036] loss=0.1118 miou=0.7850 f1=0.8699 time=42.7s
[Epoch 037] loss=0.1151 miou=0.7822 f1=0.8681 time=43.0s
[Epoch 038] loss=0.1138 miou=0.7795 f1=0.8658 time=42.4s
[Epoch 039] loss=0.1127 miou=0.7777 f1=0.8658 time=42.9s
[Epoch 040] loss=0.1110 miou=0.7884 f1=0.8727 time=42.9s
[Epoch 041] loss=0.1087 miou=0.7776 f1=0.8647 time=42.8s
[Epoch 042] loss=0.1070 miou=0.7846 f1=0.8706 time=42.8s
[Epoch 043] loss=0.1098 miou=0.7835 f1=0.8695 time=42.8s
[Epoch 044] loss=0.1074 miou=0.7855 f1=0.8710 time=42.9s
[Epoch 045] loss=0.1052 miou=0.7976 f1=0.8793 time=42.8s
[Epoch 046] loss=0.1036 miou=0.7947 f1=0.8766 time=42.9s
[Epoch 047] loss=0.1131 miou=0.7955 f1=0.8778 time=42.8s
[Epoch 048] loss=0.1030 miou=0.8086 f1=0.8870 time=42.9s
[Epoch 049] loss=0.1018 miou=0.7994 f1=0.8799 time=42.9s
[Epoch 050] loss=0.1030 miou=0.7977 f1=0.8794 time=42.8s
[Epoch 051] loss=0.0997 miou=0.7913 f1=0.8742 time=42.7s
[Epoch 052] loss=0.0986 miou=0.7975 f1=0.8791 time=42.8s
[Epoch 053] loss=0.0969 miou=0.7964 f1=0.8790 time=42.9s
[Epoch 054] loss=0.1031 miou=0.8049 f1=0.8836 time=43.0s
[Epoch 055] loss=0.0927 miou=0.8001 f1=0.8804 time=42.8s
[Epoch 056] loss=0.0979 miou=0.7917 f1=0.8757 time=42.8s
[Epoch 057] loss=0.0979 miou=0.8070 f1=0.8866 time=42.8s
[Epoch 058] loss=0.1023 miou=0.8087 f1=0.8871 time=42.8s
[Epoch 059] loss=0.0968 miou=0.8156 f1=0.8927 time=42.9s
[Epoch 060] loss=0.0933 miou=0.7986 f1=0.8796 time=42.9s
[Epoch 061] loss=0.0877 miou=0.8196 f1=0.8943 time=42.9s
[Epoch 062] loss=0.0914 miou=0.8069 f1=0.8856 time=42.9s
[Epoch 063] loss=0.0929 miou=0.7992 f1=0.8813 time=42.8s
[Epoch 064] loss=0.0944 miou=0.8104 f1=0.8888 time=42.8s
[Epoch 065] loss=0.0902 miou=0.8171 f1=0.8924 time=42.8s
[Epoch 066] loss=0.0896 miou=0.8027 f1=0.8822 time=42.7s
[Epoch 067] loss=0.0902 miou=0.8097 f1=0.8876 time=42.8s
[Epoch 068] loss=0.0877 miou=0.8173 f1=0.8928 time=42.9s
[Epoch 069] loss=0.0826 miou=0.8176 f1=0.8926 time=42.8s
[Epoch 070] loss=0.0893 miou=0.8117 f1=0.8882 time=42.8s
[Epoch 071] loss=0.0841 miou=0.8312 f1=0.9016 time=42.8s
[Epoch 072] loss=0.0803 miou=0.8348 f1=0.9038 time=42.8s
[Epoch 073] loss=0.0793 miou=0.8358 f1=0.9040 time=42.8s
[Epoch 074] loss=0.0826 miou=0.8175 f1=0.8925 time=42.9s
[Epoch 075] loss=0.0811 miou=0.8305 f1=0.9011 time=42.9s
[Epoch 076] loss=0.0762 miou=0.8226 f1=0.8953 time=42.8s
[Epoch 077] loss=0.0793 miou=0.8216 f1=0.8949 time=42.8s
[Epoch 078] loss=0.0789 miou=0.8240 f1=0.8968 time=42.7s
[Epoch 079] loss=0.0814 miou=0.8404 f1=0.9079 time=42.7s
[Epoch 080] loss=0.0756 miou=0.8236 f1=0.8964 time=42.9s
[Epoch 081] loss=0.0788 miou=0.8345 f1=0.9037 time=42.9s
[Epoch 082] loss=0.0733 miou=0.8394 f1=0.9062 time=42.8s
[Epoch 083] loss=0.0717 miou=0.8425 f1=0.9081 time=42.8s
[Epoch 084] loss=0.0689 miou=0.8342 f1=0.9030 time=42.8s
[Epoch 085] loss=0.0737 miou=0.8204 f1=0.8949 time=42.7s
[Epoch 086] loss=0.0758 miou=0.8360 f1=0.9048 time=42.8s
[Epoch 087] loss=0.0715 miou=0.8346 f1=0.9037 time=42.8s
[Epoch 088] loss=0.0706 miou=0.8238 f1=0.8961 time=42.8s
[Epoch 089] loss=0.0659 miou=0.8333 f1=0.9022 time=42.7s
[Epoch 090] loss=0.0694 miou=0.8393 f1=0.9067 time=42.9s
[Epoch 091] loss=0.0677 miou=0.8280 f1=0.8994 time=42.9s
[Epoch 092] loss=0.0723 miou=0.8304 f1=0.9013 time=42.7s
[Epoch 093] loss=0.0709 miou=0.8278 f1=0.8988 time=42.9s
[Epoch 094] loss=0.0674 miou=0.8330 f1=0.9022 time=42.8s
[Epoch 095] loss=0.0641 miou=0.8283 f1=0.8988 time=42.8s
[Epoch 096] loss=0.0679 miou=0.8282 f1=0.8998 time=42.8s
[Epoch 097] loss=0.0654 miou=0.8441 f1=0.9093 time=42.8s
[Epoch 098] loss=0.0643 miou=0.8373 f1=0.9044 time=42.8s
[Epoch 099] loss=0.0682 miou=0.8421 f1=0.9081 time=42.9s
[Epoch 100] loss=0.0688 miou=0.8267 f1=0.8984 time=42.7s
[Epoch 101] loss=0.0661 miou=0.8401 f1=0.9066 time=42.8s
[Epoch 102] loss=0.0660 miou=0.8383 f1=0.9056 time=42.8s
[Epoch 103] loss=0.0691 miou=0.8353 f1=0.9036 time=42.8s
[Epoch 104] loss=0.0664 miou=0.8444 f1=0.9090 time=42.8s
[Epoch 105] loss=0.0669 miou=0.8480 f1=0.9122 time=43.0s
[Epoch 106] loss=0.0600 miou=0.8422 f1=0.9081 time=42.8s
[Epoch 107] loss=0.0634 miou=0.8463 f1=0.9103 time=42.8s
[Epoch 108] loss=0.0603 miou=0.8444 f1=0.9101 time=42.8s
[Epoch 109] loss=0.0616 miou=0.8428 f1=0.9080 time=42.8s
[Epoch 110] loss=0.0606 miou=0.8484 f1=0.9119 time=42.8s
[Epoch 111] loss=0.0606 miou=0.8495 f1=0.9116 time=42.8s
[Epoch 112] loss=0.0571 miou=0.8501 f1=0.9132 time=42.8s
[Epoch 113] loss=0.0567 miou=0.8280 f1=0.8994 time=42.8s
[Epoch 114] loss=0.0629 miou=0.8443 f1=0.9105 time=42.8s
[Epoch 115] loss=0.0615 miou=0.8321 f1=0.9009 time=42.7s
[Epoch 116] loss=0.0597 miou=0.8495 f1=0.9129 time=42.8s
[Epoch 117] loss=0.0588 miou=0.8415 f1=0.9077 time=42.8s
[Epoch 118] loss=0.0581 miou=0.8465 f1=0.9108 time=42.8s
[Epoch 119] loss=0.0584 miou=0.8404 f1=0.9079 time=42.7s
[Epoch 120] loss=0.0591 miou=0.8446 f1=0.9096 time=42.7s
[Epoch 121] loss=0.0592 miou=0.8413 f1=0.9077 time=42.9s
[Epoch 122] loss=0.0579 miou=0.8412 f1=0.9078 time=42.8s
[Epoch 123] loss=0.0599 miou=0.8463 f1=0.9111 time=42.9s
[Epoch 124] loss=0.0560 miou=0.8520 f1=0.9148 time=42.7s
[Epoch 125] loss=0.0611 miou=0.8346 f1=0.9032 time=42.8s
[Epoch 126] loss=0.0607 miou=0.8259 f1=0.8970 time=42.8s
[Epoch 127] loss=0.0527 miou=0.8453 f1=0.9090 time=42.7s
[Epoch 128] loss=0.0613 miou=0.8557 f1=0.9169 time=42.8s
[Epoch 129] loss=0.0597 miou=0.8374 f1=0.9047 time=42.8s
[Epoch 130] loss=0.0549 miou=0.8456 f1=0.9099 time=42.7s
[Epoch 131] loss=0.0538 miou=0.8526 f1=0.9150 time=42.7s
[Epoch 132] loss=0.0554 miou=0.8325 f1=0.9018 time=42.8s
[Epoch 133] loss=0.0568 miou=0.8460 f1=0.9098 time=42.8s
[Epoch 134] loss=0.0551 miou=0.8365 f1=0.9048 time=42.8s
[Epoch 135] loss=0.0564 miou=0.8550 f1=0.9169 time=42.7s
[Epoch 136] loss=0.0550 miou=0.8387 f1=0.9066 time=42.8s
[Epoch 137] loss=0.0570 miou=0.8410 f1=0.9074 time=42.8s
[Epoch 138] loss=0.0568 miou=0.8431 f1=0.9080 time=42.9s
[Epoch 139] loss=0.0522 miou=0.8509 f1=0.9142 time=42.8s
[Epoch 140] loss=0.0557 miou=0.8516 f1=0.9140 time=42.9s
[Epoch 141] loss=0.0522 miou=0.8450 f1=0.9100 time=42.8s
[Epoch 142] loss=0.0526 miou=0.8497 f1=0.9126 time=42.8s
[Epoch 143] loss=0.0567 miou=0.8492 f1=0.9129 time=42.8s
[Epoch 144] loss=0.0544 miou=0.8518 f1=0.9140 time=42.8s
[Epoch 145] loss=0.0502 miou=0.8589 f1=0.9181 time=42.8s
[Epoch 146] loss=0.0490 miou=0.8513 f1=0.9131 time=42.9s
[Epoch 147] loss=0.0501 miou=0.8533 f1=0.9149 time=42.8s
[Epoch 148] loss=0.0494 miou=0.8440 f1=0.9085 time=42.8s
[Epoch 149] loss=0.0526 miou=0.8445 f1=0.9097 time=42.7s
[Epoch 150] loss=0.0492 miou=0.8506 f1=0.9129 time=42.8s
[Epoch 151] loss=0.0538 miou=0.8429 f1=0.9089 time=42.8s
[Epoch 152] loss=0.0491 miou=0.8500 f1=0.9126 time=42.8s
[Epoch 153] loss=0.0522 miou=0.8424 f1=0.9088 time=42.8s
[Epoch 154] loss=0.0499 miou=0.8393 f1=0.9049 time=42.8s
[Epoch 155] loss=0.0538 miou=0.8513 f1=0.9140 time=42.8s
[Epoch 156] loss=0.0508 miou=0.8533 f1=0.9151 time=42.8s
[Epoch 157] loss=0.0511 miou=0.8534 f1=0.9152 time=42.7s
[Epoch 158] loss=0.0482 miou=0.8544 f1=0.9157 time=42.8s
[Epoch 159] loss=0.0484 miou=0.8546 f1=0.9160 time=42.8s
[Epoch 160] loss=0.0453 miou=0.8298 f1=0.9000 time=42.8s
[Epoch 161] loss=0.0488 miou=0.8568 f1=0.9167 time=42.8s
[Epoch 162] loss=0.0511 miou=0.8454 f1=0.9095 time=42.9s
[Epoch 163] loss=0.0481 miou=0.8422 f1=0.9082 time=42.7s
[Epoch 164] loss=0.0483 miou=0.8507 f1=0.9133 time=42.7s
[Epoch 165] loss=0.0510 miou=0.8490 f1=0.9124 time=42.7s
[Epoch 166] loss=0.0462 miou=0.8420 f1=0.9087 time=42.7s
[Epoch 167] loss=0.0483 miou=0.8509 f1=0.9137 time=42.8s
[Epoch 168] loss=0.0471 miou=0.8534 f1=0.9151 time=42.7s
[Epoch 169] loss=0.0473 miou=0.8583 f1=0.9189 time=42.7s
[Epoch 170] loss=0.0484 miou=0.8409 f1=0.9068 time=42.7s
[Epoch 171] loss=0.0472 miou=0.8385 f1=0.9044 time=42.7s
[Epoch 172] loss=0.0446 miou=0.8555 f1=0.9164 time=42.7s
[Epoch 173] loss=0.0457 miou=0.8422 f1=0.9069 time=42.8s
[Epoch 174] loss=0.0501 miou=0.8574 f1=0.9176 time=42.8s
[Epoch 175] loss=0.0457 miou=0.8548 f1=0.9161 time=42.8s
[Epoch 176] loss=0.0476 miou=0.8593 f1=0.9190 time=42.6s
[Epoch 177] loss=0.0477 miou=0.8566 f1=0.9172 time=42.8s
[Epoch 178] loss=0.0432 miou=0.8534 f1=0.9145 time=42.7s
[Epoch 179] loss=0.0438 miou=0.8612 f1=0.9196 time=42.8s
[Epoch 180] loss=0.0480 miou=0.8408 f1=0.9073 time=43.0s
[Epoch 181] loss=0.0486 miou=0.8513 f1=0.9134 time=42.8s
[Epoch 182] loss=0.0437 miou=0.8533 f1=0.9150 time=42.8s
[Epoch 183] loss=0.0455 miou=0.8556 f1=0.9169 time=42.8s
[Epoch 184] loss=0.0439 miou=0.8586 f1=0.9182 time=42.8s
[Epoch 185] loss=0.0428 miou=0.8510 f1=0.9133 time=42.8s
[Epoch 186] loss=0.0433 miou=0.8549 f1=0.9161 time=42.8s
[Epoch 187] loss=0.0425 miou=0.8373 f1=0.9046 time=42.8s
[Epoch 188] loss=0.0459 miou=0.8574 f1=0.9183 time=42.8s
[Epoch 189] loss=0.0446 miou=0.8584 f1=0.9183 time=42.8s
[Epoch 190] loss=0.0447 miou=0.8619 f1=0.9207 time=42.7s
[Epoch 191] loss=0.0429 miou=0.8640 f1=0.9216 time=42.8s
[Epoch 192] loss=0.0433 miou=0.8557 f1=0.9170 time=42.9s
[Epoch 193] loss=0.0453 miou=0.8500 f1=0.9124 time=42.8s
[Epoch 194] loss=0.0454 miou=0.8504 f1=0.9131 time=42.8s
[Epoch 195] loss=0.0457 miou=0.8436 f1=0.9093 time=42.7s
[Epoch 196] loss=0.0457 miou=0.8534 f1=0.9156 time=42.8s
[Epoch 197] loss=0.0437 miou=0.8525 f1=0.9141 time=42.8s
[Epoch 198] loss=0.0446 miou=0.8553 f1=0.9157 time=42.8s
[Epoch 199] loss=0.0454 miou=0.8471 f1=0.9108 time=42.8s
[Epoch 200] loss=0.0435 miou=0.8517 f1=0.9137 time=42.8s
[Epoch 201] loss=0.0426 miou=0.8571 f1=0.9176 time=42.9s
[Epoch 202] loss=0.0434 miou=0.8539 f1=0.9147 time=42.7s
[Epoch 203] loss=0.0434 miou=0.8540 f1=0.9154 time=42.8s
[Epoch 204] loss=0.0431 miou=0.8484 f1=0.9118 time=42.8s
[Epoch 205] loss=0.0451 miou=0.8620 f1=0.9209 time=42.8s
[Epoch 206] loss=0.0440 miou=0.8390 f1=0.9034 time=42.9s
[Epoch 207] loss=0.0424 miou=0.8602 f1=0.9192 time=42.7s
[Epoch 208] loss=0.0417 miou=0.8606 f1=0.9200 time=42.8s
[Epoch 209] loss=0.0397 miou=0.8496 f1=0.9116 time=43.0s
[Epoch 210] loss=0.0405 miou=0.8601 f1=0.9188 time=42.7s
[Epoch 211] loss=0.0404 miou=0.8618 f1=0.9204 time=42.8s
[Epoch 212] loss=0.0397 miou=0.8537 f1=0.9145 time=42.8s
[Epoch 213] loss=0.0401 miou=0.8577 f1=0.9177 time=42.7s
[Epoch 214] loss=0.0391 miou=0.8636 f1=0.9212 time=42.7s
[Epoch 215] loss=0.0394 miou=0.8592 f1=0.9189 time=42.6s
[Epoch 216] loss=0.0416 miou=0.8562 f1=0.9172 time=42.7s
[Epoch 217] loss=0.0398 miou=0.8588 f1=0.9184 time=42.8s
[Epoch 218] loss=0.0421 miou=0.8444 f1=0.9096 time=42.8s
[Epoch 219] loss=0.0446 miou=0.8587 f1=0.9191 time=42.8s
[Epoch 220] loss=0.0438 miou=0.8545 f1=0.9161 time=42.8s
[Epoch 221] loss=0.0438 miou=0.8557 f1=0.9170 time=42.8s
[Epoch 222] loss=0.0389 miou=0.8558 f1=0.9163 time=42.8s
[Epoch 223] loss=0.0406 miou=0.8489 f1=0.9125 time=42.8s
[Epoch 224] loss=0.0373 miou=0.8589 f1=0.9183 time=43.1s
[Epoch 225] loss=0.0381 miou=0.8576 f1=0.9171 time=42.9s
[Epoch 226] loss=0.0384 miou=0.8598 f1=0.9188 time=42.8s
[Epoch 227] loss=0.0388 miou=0.8563 f1=0.9172 time=42.8s
[Epoch 228] loss=0.0418 miou=0.8430 f1=0.9082 time=42.9s
[Epoch 229] loss=0.0409 miou=0.8614 f1=0.9200 time=42.7s
[Epoch 230] loss=0.0397 miou=0.8595 f1=0.9190 time=42.8s
[Epoch 231] loss=0.0367 miou=0.8391 f1=0.9062 time=42.8s
[Epoch 232] loss=0.0372 miou=0.8517 f1=0.9138 time=42.8s
[Epoch 233] loss=0.0387 miou=0.8537 f1=0.9156 time=42.8s
[Epoch 234] loss=0.0385 miou=0.8416 f1=0.9066 time=42.8s
[Epoch 235] loss=0.0436 miou=0.8530 f1=0.9147 time=42.8s
[Epoch 236] loss=0.0400 miou=0.8487 f1=0.9112 time=42.8s
[Epoch 237] loss=0.0370 miou=0.8480 f1=0.9115 time=42.8s
[Epoch 238] loss=0.0399 miou=0.8404 f1=0.9050 time=42.8s
[Epoch 239] loss=0.0381 miou=0.8535 f1=0.9154 time=42.8s
[Epoch 240] loss=0.0366 miou=0.8609 f1=0.9200 time=42.8s
[Epoch 241] loss=0.0378 miou=0.8612 f1=0.9197 time=42.8s
[Epoch 242] loss=0.0360 miou=0.8507 f1=0.9126 time=42.8s
[Epoch 243] loss=0.0363 miou=0.8590 f1=0.9182 time=42.8s
[Epoch 244] loss=0.0372 miou=0.8599 f1=0.9187 time=42.8s
[Epoch 245] loss=0.0366 miou=0.8526 f1=0.9134 time=42.8s
[Epoch 246] loss=0.0389 miou=0.8504 f1=0.9122 time=42.8s
[Epoch 247] loss=0.0380 miou=0.8588 f1=0.9182 time=42.8s
[Epoch 248] loss=0.0364 miou=0.8554 f1=0.9161 time=42.8s
[Epoch 249] loss=0.0384 miou=0.8578 f1=0.9171 time=42.9s
[Epoch 250] loss=0.0346 miou=0.8599 f1=0.9185 time=42.8s
[Epoch 251] loss=0.0391 miou=0.8532 f1=0.9144 time=42.8s
[Epoch 252] loss=0.0363 miou=0.8603 f1=0.9192 time=42.8s
[Epoch 253] loss=0.0354 miou=0.8502 f1=0.9121 time=42.8s
[Epoch 254] loss=0.0373 miou=0.8635 f1=0.9215 time=42.7s
[Epoch 255] loss=0.0340 miou=0.8574 f1=0.9175 time=42.8s
[Epoch 256] loss=0.0368 miou=0.8547 f1=0.9154 time=42.8s
[Epoch 257] loss=0.0367 miou=0.8624 f1=0.9206 time=42.8s
[Epoch 258] loss=0.0361 miou=0.8592 f1=0.9189 time=42.8s
[Epoch 259] loss=0.0370 miou=0.8573 f1=0.9177 time=42.8s
[Epoch 260] loss=0.0377 miou=0.8552 f1=0.9156 time=42.8s
[Epoch 261] loss=0.0384 miou=0.8531 f1=0.9143 time=42.8s
[Epoch 262] loss=0.0399 miou=0.8573 f1=0.9177 time=42.8s
[Epoch 263] loss=0.0365 miou=0.8562 f1=0.9158 time=42.9s
[Epoch 264] loss=0.0337 miou=0.8586 f1=0.9184 time=42.8s
[Epoch 265] loss=0.0349 miou=0.8590 f1=0.9182 time=42.9s
[Epoch 266] loss=0.0407 miou=0.8592 f1=0.9188 time=42.8s
[Epoch 267] loss=0.0365 miou=0.8523 f1=0.9138 time=42.8s
[Epoch 268] loss=0.0349 miou=0.8569 f1=0.9172 time=42.8s
[Epoch 269] loss=0.0380 miou=0.8411 f1=0.9073 time=42.8s
[Epoch 270] loss=0.0355 miou=0.8593 f1=0.9185 time=42.8s
[Epoch 271] loss=0.0369 miou=0.8525 f1=0.9148 time=42.9s
[Epoch 272] loss=0.0353 miou=0.8662 f1=0.9234 time=42.8s
[Epoch 273] loss=0.0381 miou=0.8466 f1=0.9105 time=42.8s
[Epoch 274] loss=0.0353 miou=0.8520 f1=0.9139 time=42.8s
[Epoch 275] loss=0.0338 miou=0.8628 f1=0.9212 time=42.8s
[Epoch 276] loss=0.0331 miou=0.8608 f1=0.9201 time=42.8s
[Epoch 277] loss=0.0383 miou=0.8569 f1=0.9173 time=42.7s
[Epoch 278] loss=0.0346 miou=0.8670 f1=0.9236 time=42.8s
[Epoch 279] loss=0.0329 miou=0.8664 f1=0.9239 time=42.8s
[Epoch 280] loss=0.0343 miou=0.8556 f1=0.9163 time=42.7s
[Epoch 281] loss=0.0371 miou=0.8501 f1=0.9125 time=42.8s
[Epoch 282] loss=0.0339 miou=0.8564 f1=0.9169 time=42.7s
[Epoch 283] loss=0.0351 miou=0.8569 f1=0.9172 time=42.8s
[Epoch 284] loss=0.0336 miou=0.8553 f1=0.9157 time=42.7s
[Epoch 285] loss=0.0325 miou=0.8699 f1=0.9254 time=42.8s
[Epoch 286] loss=0.0333 miou=0.8613 f1=0.9199 time=42.9s
[Epoch 287] loss=0.0376 miou=0.8642 f1=0.9225 time=42.9s
[Epoch 288] loss=0.0344 miou=0.8592 f1=0.9192 time=42.6s
[Epoch 289] loss=0.0334 miou=0.8541 f1=0.9153 time=39.7s
[Epoch 290] loss=0.0307 miou=0.8565 f1=0.9166 time=42.9s
[Epoch 291] loss=0.0344 miou=0.8625 f1=0.9207 time=42.8s
[Epoch 292] loss=0.0322 miou=0.8625 f1=0.9204 time=42.7s
[Epoch 293] loss=0.0304 miou=0.8566 f1=0.9176 time=42.8s
[Epoch 294] loss=0.0334 miou=0.8557 f1=0.9158 time=42.8s
[Epoch 295] loss=0.0324 miou=0.8554 f1=0.9157 time=42.8s
[Epoch 296] loss=0.0331 miou=0.8615 f1=0.9199 time=42.8s
[Epoch 297] loss=0.0348 miou=0.8509 f1=0.9123 time=42.8s
[Epoch 298] loss=0.0319 miou=0.8545 f1=0.9147 time=42.8s
[Epoch 299] loss=0.0303 miou=0.8618 f1=0.9202 time=42.8s
[Epoch 300] loss=0.0339 miou=0.8521 f1=0.9133 time=42.8s
[Epoch 301] loss=0.0338 miou=0.8595 f1=0.9178 time=42.8s
[Epoch 302] loss=0.0298 miou=0.8603 f1=0.9191 time=42.8s
[Epoch 303] loss=0.0325 miou=0.8410 f1=0.9068 time=42.8s
[Epoch 304] loss=0.0344 miou=0.8571 f1=0.9165 time=42.8s
[Epoch 305] loss=0.0305 miou=0.8617 f1=0.9200 time=42.8s
[Epoch 306] loss=0.0314 miou=0.8573 f1=0.9166 time=42.9s
[Epoch 307] loss=0.0314 miou=0.8636 f1=0.9213 time=42.7s
[Epoch 308] loss=0.0338 miou=0.8515 f1=0.9130 time=42.8s
[Epoch 309] loss=0.0297 miou=0.8652 f1=0.9222 time=42.8s
[Epoch 310] loss=0.0309 miou=0.8544 f1=0.9153 time=42.8s
[Epoch 311] loss=0.0317 miou=0.8592 f1=0.9176 time=42.8s
[Epoch 312] loss=0.0295 miou=0.8625 f1=0.9205 time=42.8s
[Epoch 313] loss=0.0290 miou=0.8616 f1=0.9201 time=42.8s
[Epoch 314] loss=0.0340 miou=0.8552 f1=0.9162 time=42.7s
[Epoch 315] loss=0.0351 miou=0.8637 f1=0.9215 time=42.8s
[Epoch 316] loss=0.0314 miou=0.8570 f1=0.9170 time=42.7s
[Epoch 317] loss=0.0334 miou=0.8577 f1=0.9177 time=42.7s
[Epoch 318] loss=0.0320 miou=0.8588 f1=0.9186 time=42.8s
[Epoch 319] loss=0.0299 miou=0.8565 f1=0.9165 time=42.9s
[Epoch 320] loss=0.0319 miou=0.8667 f1=0.9231 time=42.7s
[Epoch 321] loss=0.0319 miou=0.8467 f1=0.9100 time=42.8s
[Epoch 322] loss=0.0335 miou=0.8579 f1=0.9176 time=42.7s
[Epoch 323] loss=0.0315 miou=0.8604 f1=0.9196 time=42.7s
[Epoch 324] loss=0.0308 miou=0.8629 f1=0.9209 time=42.8s
[Epoch 325] loss=0.0329 miou=0.8630 f1=0.9208 time=42.8s
[Epoch 326] loss=0.0305 miou=0.8646 f1=0.9219 time=42.8s
[Epoch 327] loss=0.0313 miou=0.8664 f1=0.9230 time=42.9s
[Epoch 328] loss=0.0291 miou=0.8599 f1=0.9188 time=42.7s
[Epoch 329] loss=0.0315 miou=0.8634 f1=0.9214 time=42.6s
[Epoch 330] loss=0.0312 miou=0.8645 f1=0.9220 time=42.8s
[Epoch 331] loss=0.0307 miou=0.8610 f1=0.9202 time=42.8s
[Epoch 332] loss=0.0304 miou=0.8621 f1=0.9202 time=42.7s
[Epoch 333] loss=0.0313 miou=0.8644 f1=0.9218 time=42.7s
[Epoch 334] loss=0.0276 miou=0.8684 f1=0.9244 time=42.7s
[Epoch 335] loss=0.0291 miou=0.8565 f1=0.9163 time=43.0s
[Epoch 336] loss=0.0285 miou=0.8667 f1=0.9231 time=42.8s
[Epoch 337] loss=0.0294 miou=0.8619 f1=0.9205 time=42.8s
[Epoch 338] loss=0.0293 miou=0.8550 f1=0.9157 time=42.8s
[Epoch 339] loss=0.0294 miou=0.8601 f1=0.9193 time=42.8s
[Epoch 340] loss=0.0302 miou=0.8578 f1=0.9172 time=42.8s
[Epoch 341] loss=0.0304 miou=0.8612 f1=0.9199 time=42.8s
[Epoch 342] loss=0.0301 miou=0.8641 f1=0.9215 time=42.8s
[Epoch 343] loss=0.0293 miou=0.8579 f1=0.9176 time=42.8s
[Epoch 344] loss=0.0293 miou=0.8606 f1=0.9193 time=42.7s
[Epoch 345] loss=0.0304 miou=0.8620 f1=0.9205 time=42.8s
[Epoch 346] loss=0.0280 miou=0.8633 f1=0.9208 time=42.8s
[Epoch 347] loss=0.0291 miou=0.8635 f1=0.9213 time=42.8s
[Epoch 348] loss=0.0278 miou=0.8560 f1=0.9168 time=42.8s
[Epoch 349] loss=0.0307 miou=0.8486 f1=0.9116 time=42.8s
[Epoch 350] loss=0.0287 miou=0.8578 f1=0.9174 time=42.8s
[Epoch 351] loss=0.0286 miou=0.8554 f1=0.9162 time=42.8s
[Epoch 352] loss=0.0311 miou=0.8611 f1=0.9190 time=42.8s
[Epoch 353] loss=0.0327 miou=0.8568 f1=0.9172 time=42.8s
[Epoch 354] loss=0.0319 miou=0.8635 f1=0.9208 time=42.8s
[Epoch 355] loss=0.0302 miou=0.8586 f1=0.9180 time=42.9s
[Epoch 356] loss=0.0302 miou=0.8572 f1=0.9172 time=42.8s
[Epoch 357] loss=0.0267 miou=0.8666 f1=0.9226 time=42.8s
[Epoch 358] loss=0.0278 miou=0.8643 f1=0.9218 time=42.8s
[Epoch 359] loss=0.0287 miou=0.8655 f1=0.9221 time=42.8s
[Epoch 360] loss=0.0281 miou=0.8651 f1=0.9218 time=42.8s
[Epoch 361] loss=0.0265 miou=0.8669 f1=0.9229 time=42.7s
[Epoch 362] loss=0.0277 miou=0.8708 f1=0.9257 time=42.8s
[Epoch 363] loss=0.0263 miou=0.8509 f1=0.9125 time=42.7s
[Epoch 364] loss=0.0305 miou=0.8597 f1=0.9188 time=42.7s
[Epoch 365] loss=0.0278 miou=0.8620 f1=0.9209 time=42.8s
[Epoch 366] loss=0.0278 miou=0.8656 f1=0.9225 time=42.8s
[Epoch 367] loss=0.0282 miou=0.8638 f1=0.9212 time=42.8s
[Epoch 368] loss=0.0296 miou=0.8606 f1=0.9195 time=42.9s
[Epoch 369] loss=0.0269 miou=0.8610 f1=0.9196 time=42.8s
[Epoch 370] loss=0.0254 miou=0.8635 f1=0.9211 time=42.7s
[Epoch 371] loss=0.0283 miou=0.8566 f1=0.9169 time=42.8s
[Epoch 372] loss=0.0304 miou=0.8668 f1=0.9234 time=42.8s
[Epoch 373] loss=0.0294 miou=0.8594 f1=0.9188 time=42.7s
[Epoch 374] loss=0.0268 miou=0.8555 f1=0.9159 time=42.8s
[Epoch 375] loss=0.0290 miou=0.8681 f1=0.9248 time=42.8s
Unfroze image encoder for joint fine-tuning.
[Epoch 376] loss=0.0269 miou=0.8524 f1=0.9135 time=65.9s
[Epoch 377] loss=0.0299 miou=0.8604 f1=0.9191 time=65.9s
[Epoch 378] loss=0.0278 miou=0.8674 f1=0.9238 time=65.8s
[Epoch 379] loss=0.0272 miou=0.8635 f1=0.9211 time=65.8s
[Epoch 380] loss=0.0266 miou=0.8543 f1=0.9152 time=65.9s
[Epoch 381] loss=0.0271 miou=0.8669 f1=0.9233 time=65.8s
[Epoch 382] loss=0.0288 miou=0.8654 f1=0.9227 time=65.8s
[Epoch 383] loss=0.0268 miou=0.8604 f1=0.9191 time=65.9s
[Epoch 384] loss=0.0265 miou=0.8647 f1=0.9219 time=65.9s
[Epoch 385] loss=0.0269 miou=0.8473 f1=0.9100 time=65.8s
[Epoch 386] loss=0.0262 miou=0.8591 f1=0.9183 time=65.7s
[Epoch 387] loss=0.0245 miou=0.8716 f1=0.9266 time=65.9s
[Epoch 388] loss=0.0258 miou=0.8634 f1=0.9212 time=65.9s
[Epoch 389] loss=0.0279 miou=0.8557 f1=0.9162 time=65.8s
[Epoch 390] loss=0.0296 miou=0.8640 f1=0.9213 time=65.9s
[Epoch 391] loss=0.0268 miou=0.8639 f1=0.9213 time=65.8s
[Epoch 392] loss=0.0258 miou=0.8623 f1=0.9201 time=65.9s
[Epoch 393] loss=0.0259 miou=0.8598 f1=0.9185 time=65.9s
[Epoch 394] loss=0.0261 miou=0.8654 f1=0.9222 time=65.9s
[Epoch 395] loss=0.0246 miou=0.8632 f1=0.9210 time=66.0s
[Epoch 396] loss=0.0243 miou=0.8637 f1=0.9210 time=66.1s
[Epoch 397] loss=0.0243 miou=0.8632 f1=0.9210 time=66.0s
[Epoch 398] loss=0.0250 miou=0.8542 f1=0.9151 time=66.1s
[Epoch 399] loss=0.0257 miou=0.8630 f1=0.9208 time=66.0s
[Epoch 400] loss=0.0240 miou=0.8590 f1=0.9179 time=66.1s
[Epoch 401] loss=0.0278 miou=0.8621 f1=0.9205 time=66.0s
[Epoch 402] loss=0.0261 miou=0.8622 f1=0.9198 time=66.0s
[Epoch 403] loss=0.0243 miou=0.8625 f1=0.9199 time=66.1s
[Epoch 404] loss=0.0244 miou=0.8667 f1=0.9225 time=66.1s
[Epoch 405] loss=0.0285 miou=0.8584 f1=0.9172 time=66.2s
[Epoch 406] loss=0.0247 miou=0.8632 f1=0.9205 time=66.1s
[Epoch 407] loss=0.0253 miou=0.8579 f1=0.9175 time=66.0s
[Epoch 408] loss=0.0315 miou=0.8510 f1=0.9135 time=65.9s
[Epoch 409] loss=0.0292 miou=0.8544 f1=0.9154 time=65.9s
[Epoch 410] loss=0.0253 miou=0.8624 f1=0.9204 time=65.3s
[Epoch 411] loss=0.0254 miou=0.8592 f1=0.9178 time=65.3s
[Epoch 412] loss=0.0258 miou=0.8586 f1=0.9180 time=65.3s
[Epoch 413] loss=0.0255 miou=0.8641 f1=0.9215 time=65.8s
[Epoch 414] loss=0.0284 miou=0.8643 f1=0.9214 time=66.0s
[Epoch 415] loss=0.0239 miou=0.8642 f1=0.9212 time=66.0s
[Epoch 416] loss=0.0271 miou=0.8579 f1=0.9179 time=66.1s
[Epoch 417] loss=0.0268 miou=0.8630 f1=0.9216 time=66.0s
[Epoch 418] loss=0.0256 miou=0.8574 f1=0.9169 time=66.1s
[Epoch 419] loss=0.0254 miou=0.8579 f1=0.9175 time=66.1s
[Epoch 420] loss=0.0272 miou=0.8618 f1=0.9197 time=66.1s
[Epoch 421] loss=0.0250 miou=0.8554 f1=0.9162 time=66.1s
[Epoch 422] loss=0.0248 miou=0.8620 f1=0.9196 time=66.1s
[Epoch 423] loss=0.0246 miou=0.8618 f1=0.9198 time=66.1s
[Epoch 424] loss=0.0248 miou=0.8607 f1=0.9187 time=66.1s
[Epoch 425] loss=0.0251 miou=0.8630 f1=0.9204 time=66.1s
[Epoch 426] loss=0.0246 miou=0.8650 f1=0.9221 time=66.0s
[Epoch 427] loss=0.0236 miou=0.8646 f1=0.9216 time=66.0s
[Epoch 428] loss=0.0276 miou=0.8639 f1=0.9213 time=66.0s
[Epoch 429] loss=0.0272 miou=0.8630 f1=0.9208 time=66.0s
[Epoch 430] loss=0.0238 miou=0.8633 f1=0.9208 time=66.1s
[Epoch 431] loss=0.0234 miou=0.8616 f1=0.9195 time=66.0s
[Epoch 432] loss=0.0223 miou=0.8628 f1=0.9204 time=66.0s
[Epoch 433] loss=0.0241 miou=0.8618 f1=0.9199 time=66.0s
[Epoch 434] loss=0.0238 miou=0.8603 f1=0.9184 time=66.0s
[Epoch 435] loss=0.0262 miou=0.8467 f1=0.9092 time=66.0s
[Epoch 436] loss=0.0256 miou=0.8622 f1=0.9198 time=66.0s
[Epoch 437] loss=0.0222 miou=0.8649 f1=0.9220 time=66.0s
[Epoch 438] loss=0.0231 miou=0.8594 f1=0.9180 time=66.0s
[Epoch 439] loss=0.0249 miou=0.8586 f1=0.9175 time=66.0s
[Epoch 440] loss=0.0236 miou=0.8579 f1=0.9173 time=66.1s
[Epoch 441] loss=0.0250 miou=0.8340 f1=0.8999 time=66.0s
[Epoch 442] loss=0.0243 miou=0.8657 f1=0.9215 time=66.1s
[Epoch 443] loss=0.0226 miou=0.8648 f1=0.9218 time=66.0s
[Epoch 444] loss=0.0240 miou=0.8599 f1=0.9183 time=66.1s
[Epoch 445] loss=0.0250 miou=0.8581 f1=0.9172 time=66.0s
[Epoch 446] loss=0.0251 miou=0.8592 f1=0.9181 time=66.0s
[Epoch 447] loss=0.0242 miou=0.8596 f1=0.9183 time=65.9s
[Epoch 448] loss=0.0243 miou=0.8569 f1=0.9164 time=66.0s
[Epoch 449] loss=0.0212 miou=0.8625 f1=0.9196 time=66.0s
[Epoch 450] loss=0.0253 miou=0.8582 f1=0.9165 time=66.0s
[Epoch 451] loss=0.0232 miou=0.8636 f1=0.9205 time=66.0s
[Epoch 452] loss=0.0251 miou=0.8660 f1=0.9215 time=66.0s
[Epoch 453] loss=0.0231 miou=0.8563 f1=0.9153 time=66.0s
[Epoch 454] loss=0.0245 miou=0.8656 f1=0.9220 time=66.0s
[Epoch 455] loss=0.0219 miou=0.8638 f1=0.9209 time=66.1s
[Epoch 456] loss=0.0228 miou=0.8618 f1=0.9194 time=66.1s
[Epoch 457] loss=0.0214 miou=0.8643 f1=0.9214 time=66.1s
[Epoch 458] loss=0.0228 miou=0.8181 f1=0.8914 time=66.1s
[Epoch 459] loss=0.0247 miou=0.8628 f1=0.9203 time=66.1s
[Epoch 460] loss=0.0232 miou=0.8613 f1=0.9196 time=66.1s
[Epoch 461] loss=0.0243 miou=0.8486 f1=0.9108 time=66.1s
[Epoch 462] loss=0.0252 miou=0.8556 f1=0.9157 time=66.1s
[Epoch 463] loss=0.0260 miou=0.8578 f1=0.9169 time=66.1s
[Epoch 464] loss=0.0244 miou=0.8594 f1=0.9182 time=66.1s
[Epoch 465] loss=0.0221 miou=0.8617 f1=0.9203 time=66.0s
[Epoch 466] loss=0.0234 miou=0.8672 f1=0.9232 time=66.1s
[Epoch 467] loss=0.0225 miou=0.8595 f1=0.9181 time=66.1s
[Epoch 468] loss=0.0204 miou=0.8636 f1=0.9212 time=66.1s
[Epoch 469] loss=0.0223 miou=0.8568 f1=0.9168 time=66.1s
[Epoch 470] loss=0.0221 miou=0.8609 f1=0.9190 time=66.0s
[Epoch 471] loss=0.0204 miou=0.8687 f1=0.9250 time=65.9s
[Epoch 472] loss=0.0232 miou=0.8624 f1=0.9201 time=66.1s
[Epoch 473] loss=0.0234 miou=0.8629 f1=0.9211 time=65.9s
[Epoch 474] loss=0.0235 miou=0.8663 f1=0.9231 time=65.7s
[Epoch 475] loss=0.0230 miou=0.8629 f1=0.9206 time=65.7s
[Epoch 476] loss=0.0232 miou=0.8613 f1=0.9199 time=65.7s
[Epoch 477] loss=0.0250 miou=0.8586 f1=0.9180 time=66.1s
[Epoch 478] loss=0.0232 miou=0.8538 f1=0.9148 time=66.0s
[Epoch 479] loss=0.0216 miou=0.8669 f1=0.9235 time=65.9s
[Epoch 480] loss=0.0214 miou=0.8661 f1=0.9231 time=65.5s
[Epoch 481] loss=0.0212 miou=0.8666 f1=0.9228 time=65.3s
[Epoch 482] loss=0.0216 miou=0.8622 f1=0.9201 time=66.1s
[Epoch 483] loss=0.0207 miou=0.8605 f1=0.9189 time=66.0s
[Epoch 484] loss=0.0225 miou=0.8595 f1=0.9185 time=66.1s
[Epoch 485] loss=0.0237 miou=0.8633 f1=0.9209 time=66.1s
[Epoch 486] loss=0.0216 miou=0.8603 f1=0.9186 time=65.6s
[Epoch 487] loss=0.0233 miou=0.8629 f1=0.9204 time=65.6s
[Epoch 488] loss=0.0233 miou=0.8504 f1=0.9125 time=65.6s
[Epoch 489] loss=0.0213 miou=0.8684 f1=0.9246 time=65.7s
[Epoch 490] loss=0.0221 miou=0.8558 f1=0.9158 time=65.6s
[Epoch 491] loss=0.0212 miou=0.8571 f1=0.9166 time=65.8s
[Epoch 492] loss=0.0220 miou=0.8622 f1=0.9203 time=66.0s
[Epoch 493] loss=0.0221 miou=0.8628 f1=0.9203 time=65.9s
[Epoch 494] loss=0.0228 miou=0.8649 f1=0.9216 time=65.6s
[Epoch 495] loss=0.0230 miou=0.8663 f1=0.9231 time=65.7s
[Epoch 496] loss=0.0202 miou=0.8661 f1=0.9227 time=66.1s
[Epoch 497] loss=0.0229 miou=0.8622 f1=0.9201 time=66.0s
[Epoch 498] loss=0.0228 miou=0.8608 f1=0.9191 time=66.0s
[Epoch 499] loss=0.0231 miou=0.8633 f1=0.9212 time=66.0s
[Epoch 500] loss=0.0227 miou=0.8575 f1=0.9173 time=66.1s
[Epoch 501] loss=0.0222 miou=0.8595 f1=0.9185 time=66.1s
[Epoch 502] loss=0.0239 miou=0.8534 f1=0.9152 time=66.0s
[Epoch 503] loss=0.0222 miou=0.8667 f1=0.9234 time=65.8s
[Epoch 504] loss=0.0206 miou=0.8605 f1=0.9189 time=65.9s
[Epoch 505] loss=0.0206 miou=0.8651 f1=0.9223 time=66.1s
[Epoch 506] loss=0.0189 miou=0.8622 f1=0.9202 time=66.0s
[Epoch 507] loss=0.0203 miou=0.8566 f1=0.9165 time=66.1s
[Epoch 508] loss=0.0200 miou=0.8669 f1=0.9227 time=66.1s
[Epoch 509] loss=0.0195 miou=0.8651 f1=0.9221 time=66.1s
[Epoch 510] loss=0.0221 miou=0.8605 f1=0.9192 time=65.6s
[Epoch 511] loss=0.0216 miou=0.8575 f1=0.9170 time=64.8s
[Epoch 512] loss=0.0210 miou=0.8515 f1=0.9129 time=65.7s
[Epoch 513] loss=0.0214 miou=0.8644 f1=0.9220 time=65.4s
[Epoch 514] loss=0.0205 miou=0.8548 f1=0.9158 time=65.3s
[Epoch 515] loss=0.0199 miou=0.8638 f1=0.9211 time=65.3s
[Epoch 516] loss=0.0213 miou=0.8452 f1=0.9080 time=65.7s
[Epoch 517] loss=0.0212 miou=0.8518 f1=0.9134 time=66.0s
[Epoch 518] loss=0.0213 miou=0.8598 f1=0.9186 time=66.0s
[Epoch 519] loss=0.0205 miou=0.8613 f1=0.9198 time=66.1s
[Epoch 520] loss=0.0208 miou=0.8626 f1=0.9203 time=65.8s
[Epoch 521] loss=0.0198 miou=0.8478 f1=0.9102 time=66.0s
[Epoch 522] loss=0.0221 miou=0.8589 f1=0.9174 time=66.1s
[Epoch 523] loss=0.0210 miou=0.8568 f1=0.9168 time=66.1s
[Epoch 524] loss=0.0194 miou=0.8508 f1=0.9129 time=66.1s
[Epoch 525] loss=0.0203 miou=0.8618 f1=0.9197 time=66.1s
[Epoch 526] loss=0.0200 miou=0.8575 f1=0.9171 time=66.1s
[Epoch 527] loss=0.0234 miou=0.8530 f1=0.9147 time=66.1s
[Epoch 528] loss=0.0210 miou=0.8660 f1=0.9232 time=66.1s
[Epoch 529] loss=0.0217 miou=0.8547 f1=0.9148 time=66.1s
[Epoch 530] loss=0.0200 miou=0.8636 f1=0.9210 time=66.0s
[Epoch 531] loss=0.0212 miou=0.8593 f1=0.9183 time=66.1s
[Epoch 532] loss=0.0233 miou=0.8602 f1=0.9189 time=66.1s
[Epoch 533] loss=0.0208 miou=0.8576 f1=0.9175 time=66.1s
[Epoch 534] loss=0.0203 miou=0.8631 f1=0.9207 time=66.1s
[Epoch 535] loss=0.0200 miou=0.8489 f1=0.9118 time=66.1s
[Epoch 536] loss=0.0202 miou=0.8551 f1=0.9155 time=66.0s
[Epoch 537] loss=0.0212 miou=0.8552 f1=0.9161 time=66.2s
[Epoch 538] loss=0.0213 miou=0.8531 f1=0.9143 time=66.5s
[Epoch 539] loss=0.0233 miou=0.8640 f1=0.9223 time=66.1s
[Epoch 540] loss=0.0247 miou=0.8496 f1=0.9126 time=66.1s
[Epoch 541] loss=0.0252 miou=0.8568 f1=0.9162 time=66.1s
[Epoch 542] loss=0.0194 miou=0.8597 f1=0.9184 time=65.8s
[Epoch 543] loss=0.0207 miou=0.8614 f1=0.9196 time=66.0s
[Epoch 544] loss=0.0224 miou=0.8578 f1=0.9172 time=66.0s
[Epoch 545] loss=0.0192 miou=0.8575 f1=0.9173 time=66.0s
[Epoch 546] loss=0.0187 miou=0.8654 f1=0.9224 time=66.0s
[Epoch 547] loss=0.0177 miou=0.8519 f1=0.9138 time=66.0s
[Epoch 548] loss=0.0191 miou=0.8603 f1=0.9189 time=66.1s
[Epoch 549] loss=0.0188 miou=0.8513 f1=0.9130 time=66.0s
[Epoch 550] loss=0.0205 miou=0.8407 f1=0.9053 time=65.9s
[Epoch 551] loss=0.0207 miou=0.8535 f1=0.9146 time=66.1s
[Epoch 552] loss=0.0195 miou=0.8576 f1=0.9171 time=66.0s
[Epoch 553] loss=0.0204 miou=0.8536 f1=0.9141 time=66.0s
[Epoch 554] loss=0.0208 miou=0.8611 f1=0.9200 time=66.1s
[Epoch 555] loss=0.0190 miou=0.8647 f1=0.9212 time=66.0s
[Epoch 556] loss=0.0184 miou=0.8685 f1=0.9246 time=66.1s
[Epoch 557] loss=0.0182 miou=0.8580 f1=0.9169 time=66.1s
[Epoch 558] loss=0.0193 miou=0.8633 f1=0.9209 time=65.9s
[Epoch 559] loss=0.0192 miou=0.8569 f1=0.9165 time=65.8s
[Epoch 560] loss=0.0191 miou=0.8521 f1=0.9129 time=65.6s
[Epoch 561] loss=0.0191 miou=0.8614 f1=0.9192 time=65.7s
[Epoch 562] loss=0.0205 miou=0.8622 f1=0.9199 time=65.8s
[Epoch 563] loss=0.0188 miou=0.8573 f1=0.9171 time=66.0s
[Epoch 564] loss=0.0184 miou=0.8623 f1=0.9199 time=66.1s
[Epoch 565] loss=0.0200 miou=0.8502 f1=0.9114 time=66.1s
[Epoch 566] loss=0.0190 miou=0.8546 f1=0.9142 time=66.0s
[Epoch 567] loss=0.0208 miou=0.8283 f1=0.8950 time=65.7s
[Epoch 568] loss=0.0227 miou=0.8490 f1=0.9114 time=65.7s
[Epoch 569] loss=0.0213 miou=0.8601 f1=0.9182 time=66.0s
[Epoch 570] loss=0.0215 miou=0.8562 f1=0.9162 time=66.1s
[Epoch 571] loss=0.0205 miou=0.8612 f1=0.9187 time=66.1s
[Epoch 572] loss=0.0192 miou=0.8669 f1=0.9228 time=66.0s
[Epoch 573] loss=0.0181 miou=0.8611 f1=0.9184 time=66.1s
[Epoch 574] loss=0.0166 miou=0.8541 f1=0.9142 time=66.1s
[Epoch 575] loss=0.0191 miou=0.8562 f1=0.9159 time=66.0s
[Epoch 576] loss=0.0183 miou=0.8623 f1=0.9206 time=66.1s
[Epoch 577] loss=0.0188 miou=0.8607 f1=0.9194 time=66.1s
[Epoch 578] loss=0.0192 miou=0.8655 f1=0.9228 time=66.0s
[Epoch 579] loss=0.0196 miou=0.8505 f1=0.9116 time=66.0s
[Epoch 580] loss=0.0197 miou=0.8582 f1=0.9170 time=66.0s
[Epoch 581] loss=0.0180 miou=0.8569 f1=0.9160 time=66.0s
[Epoch 582] loss=0.0183 miou=0.8596 f1=0.9179 time=66.0s
[Epoch 583] loss=0.0170 miou=0.8692 f1=0.9241 time=65.7s
[Epoch 584] loss=0.0174 miou=0.8596 f1=0.9179 time=65.7s
[Epoch 585] loss=0.0181 miou=0.8697 f1=0.9252 time=66.1s
[Epoch 586] loss=0.0183 miou=0.8678 f1=0.9235 time=66.1s
[Epoch 587] loss=0.0173 miou=0.8661 f1=0.9221 time=66.0s
[Epoch 588] loss=0.0190 miou=0.8602 f1=0.9181 time=66.1s
[Epoch 589] loss=0.0189 miou=0.8678 f1=0.9240 time=66.1s
[Epoch 590] loss=0.0187 miou=0.8673 f1=0.9229 time=66.1s
[Epoch 591] loss=0.0212 miou=0.8672 f1=0.9227 time=66.0s
[Epoch 592] loss=0.0179 miou=0.8656 f1=0.9225 time=65.9s
[Epoch 593] loss=0.0185 miou=0.8593 f1=0.9184 time=66.0s
[Epoch 594] loss=0.0180 miou=0.8673 f1=0.9233 time=66.1s
[Epoch 595] loss=0.0193 miou=0.8594 f1=0.9183 time=66.1s
[Epoch 596] loss=0.0195 miou=0.8546 f1=0.9151 time=66.1s
[Epoch 597] loss=0.0174 miou=0.8675 f1=0.9233 time=66.0s
[Epoch 598] loss=0.0185 miou=0.8630 f1=0.9206 time=66.1s
[Epoch 599] loss=0.0188 miou=0.8630 f1=0.9203 time=65.9s
[Epoch 600] loss=0.0200 miou=0.8646 f1=0.9220 time=65.9s
[Epoch 601] loss=0.0181 miou=0.8624 f1=0.9206 time=66.0s
[Epoch 602] loss=0.0177 miou=0.8601 f1=0.9192 time=66.0s
[Epoch 603] loss=0.0183 miou=0.8506 f1=0.9123 time=66.2s
[Epoch 604] loss=0.0196 miou=0.8487 f1=0.9122 time=66.0s
[Epoch 605] loss=0.0211 miou=0.8615 f1=0.9198 time=66.0s
[Epoch 606] loss=0.0203 miou=0.8646 f1=0.9218 time=65.6s
[Epoch 607] loss=0.0181 miou=0.8672 f1=0.9232 time=66.1s
[Epoch 608] loss=0.0171 miou=0.8682 f1=0.9244 time=66.0s
[Epoch 609] loss=0.0173 miou=0.8643 f1=0.9220 time=66.0s
[Epoch 610] loss=0.0202 miou=0.8660 f1=0.9223 time=66.0s
[Epoch 611] loss=0.0179 miou=0.8629 f1=0.9205 time=66.0s
[Epoch 612] loss=0.0201 miou=0.8669 f1=0.9231 time=66.0s
[Epoch 613] loss=0.0175 miou=0.8624 f1=0.9203 time=66.1s
[Epoch 614] loss=0.0179 miou=0.8623 f1=0.9201 time=66.0s
[Epoch 615] loss=0.0170 miou=0.8649 f1=0.9222 time=66.1s
[Epoch 616] loss=0.0173 miou=0.8682 f1=0.9245 time=66.1s
[Epoch 617] loss=0.0182 miou=0.8678 f1=0.9241 time=66.1s
[Epoch 618] loss=0.0199 miou=0.8597 f1=0.9184 time=66.1s
[Epoch 619] loss=0.0193 miou=0.8615 f1=0.9192 time=66.1s
[Epoch 620] loss=0.0176 miou=0.8606 f1=0.9186 time=65.6s
[Epoch 621] loss=0.0165 miou=0.8697 f1=0.9248 time=66.1s
[Epoch 622] loss=0.0161 miou=0.8652 f1=0.9222 time=66.0s
[Epoch 623] loss=0.0155 miou=0.8615 f1=0.9195 time=66.0s
[Epoch 624] loss=0.0185 miou=0.8529 f1=0.9145 time=66.3s
[Epoch 625] loss=0.0186 miou=0.8571 f1=0.9169 time=66.1s
[Epoch 626] loss=0.0174 miou=0.8580 f1=0.9177 time=66.0s
[Epoch 627] loss=0.0180 miou=0.8543 f1=0.9147 time=66.0s
[Epoch 628] loss=0.0209 miou=0.8591 f1=0.9176 time=66.0s
[Epoch 629] loss=0.0220 miou=0.8580 f1=0.9171 time=65.9s
[Epoch 630] loss=0.0215 miou=0.8555 f1=0.9160 time=65.9s
[Epoch 631] loss=0.0196 miou=0.8602 f1=0.9187 time=66.0s
[Epoch 632] loss=0.0180 miou=0.8637 f1=0.9207 time=66.0s
[Epoch 633] loss=0.0179 miou=0.8628 f1=0.9202 time=66.0s
[Epoch 634] loss=0.0169 miou=0.8560 f1=0.9162 time=66.0s
[Epoch 635] loss=0.0173 miou=0.8586 f1=0.9184 time=66.0s
[Epoch 636] loss=0.0167 miou=0.8653 f1=0.9221 time=66.0s
[Epoch 637] loss=0.0165 miou=0.8575 f1=0.9174 time=66.0s
[Epoch 638] loss=0.0168 miou=0.8649 f1=0.9219 time=66.0s
[Epoch 639] loss=0.0157 miou=0.8602 f1=0.9188 time=66.0s
[Epoch 640] loss=0.0182 miou=0.8599 f1=0.9185 time=66.0s
[Epoch 641] loss=0.0150 miou=0.8543 f1=0.9151 time=66.0s
[Epoch 642] loss=0.0170 miou=0.8630 f1=0.9205 time=66.0s
[Epoch 643] loss=0.0151 miou=0.8576 f1=0.9168 time=66.0s
[Epoch 644] loss=0.0176 miou=0.8605 f1=0.9194 time=66.0s
[Epoch 645] loss=0.0175 miou=0.8669 f1=0.9233 time=65.9s
[Epoch 646] loss=0.0165 miou=0.8644 f1=0.9221 time=66.0s
[Epoch 647] loss=0.0169 miou=0.8621 f1=0.9207 time=66.1s
[Epoch 648] loss=0.0185 miou=0.8663 f1=0.9230 time=65.9s
[Epoch 649] loss=0.0167 miou=0.8569 f1=0.9167 time=65.8s
[Epoch 650] loss=0.0178 miou=0.8632 f1=0.9211 time=65.8s
[Epoch 651] loss=0.0179 miou=0.8721 f1=0.9266 time=65.8s
[Epoch 652] loss=0.0160 miou=0.8637 f1=0.9208 time=65.8s
[Epoch 653] loss=0.0179 miou=0.8615 f1=0.9198 time=65.8s
[Epoch 654] loss=0.0175 miou=0.8633 f1=0.9207 time=65.7s
[Epoch 655] loss=0.0160 miou=0.8511 f1=0.9130 time=65.8s
[Epoch 656] loss=0.0160 miou=0.8675 f1=0.9236 time=65.7s
[Epoch 657] loss=0.0187 miou=0.8502 f1=0.9120 time=65.7s
[Epoch 658] loss=0.0164 miou=0.8564 f1=0.9160 time=65.8s
[Epoch 659] loss=0.0151 miou=0.8660 f1=0.9224 time=65.7s
[Epoch 660] loss=0.0153 miou=0.8636 f1=0.9211 time=65.8s
[Epoch 661] loss=0.0162 miou=0.8717 f1=0.9261 time=65.7s
[Epoch 662] loss=0.0160 miou=0.8631 f1=0.9205 time=65.8s
[Epoch 663] loss=0.0154 miou=0.8602 f1=0.9182 time=65.7s
[Epoch 664] loss=0.0173 miou=0.8599 f1=0.9184 time=65.9s
[Epoch 665] loss=0.0163 miou=0.8671 f1=0.9232 time=65.6s
[Epoch 666] loss=0.0160 miou=0.8623 f1=0.9199 time=65.7s
[Epoch 667] loss=0.0172 miou=0.8702 f1=0.9252 time=65.8s
[Epoch 668] loss=0.0174 miou=0.8502 f1=0.9118 time=65.7s
[Epoch 669] loss=0.0178 miou=0.8483 f1=0.9116 time=65.7s
[Epoch 670] loss=0.0181 miou=0.8608 f1=0.9197 time=65.7s
[Epoch 671] loss=0.0188 miou=0.8652 f1=0.9222 time=65.7s
[Epoch 672] loss=0.0197 miou=0.8669 f1=0.9232 time=65.8s
[Epoch 673] loss=0.0192 miou=0.8579 f1=0.9171 time=65.7s
[Epoch 674] loss=0.0176 miou=0.8617 f1=0.9195 time=65.7s
[Epoch 675] loss=0.0163 miou=0.8673 f1=0.9234 time=65.8s
[Epoch 676] loss=0.0162 miou=0.8655 f1=0.9232 time=65.8s
[Epoch 677] loss=0.0164 miou=0.8681 f1=0.9243 time=65.5s
[Epoch 678] loss=0.0146 miou=0.8698 f1=0.9254 time=65.8s
[Epoch 679] loss=0.0147 miou=0.8696 f1=0.9243 time=65.8s
[Epoch 680] loss=0.0154 miou=0.8519 f1=0.9134 time=65.8s
[Epoch 681] loss=0.0165 miou=0.8695 f1=0.9248 time=65.8s
[Epoch 682] loss=0.0146 miou=0.8630 f1=0.9205 time=65.8s
[Epoch 683] loss=0.0151 miou=0.8682 f1=0.9242 time=65.8s
[Epoch 684] loss=0.0151 miou=0.8651 f1=0.9222 time=65.8s
[Epoch 685] loss=0.0170 miou=0.8686 f1=0.9242 time=65.7s
[Epoch 686] loss=0.0163 miou=0.8620 f1=0.9199 time=65.8s
[Epoch 687] loss=0.0175 miou=0.8612 f1=0.9192 time=65.8s
[Epoch 688] loss=0.0154 miou=0.8603 f1=0.9186 time=65.8s
[Epoch 689] loss=0.0161 miou=0.8621 f1=0.9205 time=65.8s
[Epoch 690] loss=0.0168 miou=0.8651 f1=0.9219 time=65.8s
[Epoch 691] loss=0.0144 miou=0.8572 f1=0.9169 time=65.8s
[Epoch 692] loss=0.0162 miou=0.8613 f1=0.9201 time=65.8s
[Epoch 693] loss=0.0150 miou=0.8633 f1=0.9205 time=65.7s
[Epoch 694] loss=0.0150 miou=0.8635 f1=0.9213 time=65.8s
[Epoch 695] loss=0.0164 miou=0.8539 f1=0.9145 time=65.9s
[Epoch 696] loss=0.0166 miou=0.8653 f1=0.9219 time=65.8s
[Epoch 697] loss=0.0149 miou=0.8596 f1=0.9187 time=65.8s
[Epoch 698] loss=0.0160 miou=0.8534 f1=0.9137 time=65.8s
[Epoch 699] loss=0.0162 miou=0.8643 f1=0.9217 time=65.8s
[Epoch 700] loss=0.0160 miou=0.8620 f1=0.9201 time=65.8s
[Epoch 701] loss=0.0169 miou=0.8564 f1=0.9157 time=65.7s
[Epoch 702] loss=0.0193 miou=0.8564 f1=0.9155 time=65.7s
[Epoch 703] loss=0.0175 miou=0.8523 f1=0.9127 time=65.8s
[Epoch 704] loss=0.0162 miou=0.8602 f1=0.9179 time=65.8s
[Epoch 705] loss=0.0166 miou=0.8625 f1=0.9200 time=65.9s
[Epoch 706] loss=0.0163 miou=0.8666 f1=0.9222 time=65.8s
[Epoch 707] loss=0.0163 miou=0.8645 f1=0.9213 time=65.9s
[Epoch 708] loss=0.0178 miou=0.8572 f1=0.9164 time=65.8s
[Epoch 709] loss=0.0181 miou=0.8556 f1=0.9154 time=66.0s
[Epoch 710] loss=0.0155 miou=0.8657 f1=0.9220 time=65.9s
[Epoch 711] loss=0.0151 miou=0.8645 f1=0.9216 time=65.8s
[Epoch 712] loss=0.0161 miou=0.8630 f1=0.9202 time=65.9s
[Epoch 713] loss=0.0174 miou=0.8639 f1=0.9211 time=65.8s
[Epoch 714] loss=0.0157 miou=0.8593 f1=0.9181 time=65.8s
[Epoch 715] loss=0.0147 miou=0.8622 f1=0.9199 time=65.8s
[Epoch 716] loss=0.0149 miou=0.8508 f1=0.9120 time=65.8s
[Epoch 717] loss=0.0166 miou=0.8611 f1=0.9197 time=65.8s
[Epoch 718] loss=0.0155 miou=0.8619 f1=0.9196 time=65.7s
[Epoch 719] loss=0.0173 miou=0.8462 f1=0.9096 time=65.9s
[Epoch 720] loss=0.0144 miou=0.8537 f1=0.9141 time=65.9s
[Epoch 721] loss=0.0160 miou=0.8587 f1=0.9183 time=65.9s
[Epoch 722] loss=0.0180 miou=0.8633 f1=0.9204 time=65.9s
[Epoch 723] loss=0.0145 miou=0.8556 f1=0.9156 time=66.0s
[Epoch 724] loss=0.0181 miou=0.8633 f1=0.9201 time=65.9s
[Epoch 725] loss=0.0155 miou=0.8597 f1=0.9181 time=65.8s
[Epoch 726] loss=0.0147 miou=0.8593 f1=0.9182 time=65.8s
[Epoch 727] loss=0.0158 miou=0.8631 f1=0.9209 time=65.8s
[Epoch 728] loss=0.0163 miou=0.8663 f1=0.9229 time=65.8s
[Epoch 729] loss=0.0164 miou=0.8547 f1=0.9163 time=65.9s
[Epoch 730] loss=0.0165 miou=0.8620 f1=0.9201 time=65.8s
[Epoch 731] loss=0.0171 miou=0.8491 f1=0.9115 time=65.8s
[Epoch 732] loss=0.0150 miou=0.8643 f1=0.9212 time=65.8s
[Epoch 733] loss=0.0144 miou=0.8629 f1=0.9210 time=65.8s
[Epoch 734] loss=0.0154 miou=0.8610 f1=0.9195 time=65.8s
[Epoch 735] loss=0.0180 miou=0.8586 f1=0.9176 time=65.9s
[Epoch 736] loss=0.0145 miou=0.8539 f1=0.9144 time=65.8s
[Epoch 737] loss=0.0159 miou=0.8646 f1=0.9215 time=65.8s
[Epoch 738] loss=0.0153 miou=0.8621 f1=0.9202 time=65.8s
[Epoch 739] loss=0.0164 miou=0.8644 f1=0.9212 time=65.6s
[Epoch 740] loss=0.0155 miou=0.8596 f1=0.9182 time=65.8s
[Epoch 741] loss=0.0143 miou=0.8571 f1=0.9169 time=65.4s
[Epoch 742] loss=0.0176 miou=0.8641 f1=0.9215 time=65.4s
[Epoch 743] loss=0.0141 miou=0.8669 f1=0.9232 time=65.6s
[Epoch 744] loss=0.0135 miou=0.8672 f1=0.9233 time=65.9s
[Epoch 745] loss=0.0154 miou=0.8719 f1=0.9270 time=65.9s
[Epoch 746] loss=0.0161 miou=0.8582 f1=0.9174 time=65.6s
[Epoch 747] loss=0.0140 miou=0.8692 f1=0.9248 time=65.9s
[Epoch 748] loss=0.0144 miou=0.8725 f1=0.9271 time=65.8s
[Epoch 749] loss=0.0175 miou=0.8623 f1=0.9202 time=66.0s
[Epoch 750] loss=0.0148 miou=0.8678 f1=0.9236 time=66.0s
[Epoch 751] loss=0.0156 miou=0.8638 f1=0.9205 time=65.9s
[Epoch 752] loss=0.0144 miou=0.8681 f1=0.9237 time=66.1s
[Epoch 753] loss=0.0156 miou=0.8607 f1=0.9185 time=66.1s
[Epoch 754] loss=0.0149 miou=0.8648 f1=0.9216 time=66.0s
[Epoch 755] loss=0.0136 miou=0.8638 f1=0.9205 time=65.9s
[Epoch 756] loss=0.0161 miou=0.8632 f1=0.9201 time=65.9s
[Epoch 757] loss=0.0150 miou=0.8631 f1=0.9207 time=65.9s
[Epoch 758] loss=0.0156 miou=0.8660 f1=0.9229 time=65.9s
[Epoch 759] loss=0.0145 miou=0.8652 f1=0.9221 time=65.8s
[Epoch 760] loss=0.0134 miou=0.8619 f1=0.9196 time=65.9s
[Epoch 761] loss=0.0141 miou=0.8572 f1=0.9167 time=65.9s
[Epoch 762] loss=0.0159 miou=0.8674 f1=0.9233 time=66.0s
[Epoch 763] loss=0.0145 miou=0.8578 f1=0.9163 time=65.9s
[Epoch 764] loss=0.0156 miou=0.8635 f1=0.9210 time=65.9s
[Epoch 765] loss=0.0174 miou=0.8599 f1=0.9186 time=65.8s
[Epoch 766] loss=0.0156 miou=0.8632 f1=0.9211 time=65.7s
[Epoch 767] loss=0.0154 miou=0.8649 f1=0.9218 time=65.7s
[Epoch 768] loss=0.0168 miou=0.8600 f1=0.9188 time=66.0s
[Epoch 769] loss=0.0156 miou=0.8628 f1=0.9206 time=65.9s
[Epoch 770] loss=0.0146 miou=0.8575 f1=0.9170 time=66.0s
[Epoch 771] loss=0.0137 miou=0.8617 f1=0.9197 time=66.0s
[Epoch 772] loss=0.0146 miou=0.8656 f1=0.9226 time=65.9s
[Epoch 773] loss=0.0152 miou=0.8607 f1=0.9190 time=65.9s
[Epoch 774] loss=0.0148 miou=0.8596 f1=0.9186 time=66.4s
[Epoch 775] loss=0.0167 miou=0.8621 f1=0.9198 time=65.9s
[Epoch 776] loss=0.0149 miou=0.8677 f1=0.9237 time=65.9s
[Epoch 777] loss=0.0155 miou=0.8684 f1=0.9241 time=65.9s
[Epoch 778] loss=0.0138 miou=0.8630 f1=0.9209 time=65.8s
[Epoch 779] loss=0.0130 miou=0.8590 f1=0.9174 time=65.9s
[Epoch 780] loss=0.0149 miou=0.8559 f1=0.9159 time=65.9s
[Epoch 781] loss=0.0136 miou=0.8650 f1=0.9220 time=65.8s
[Epoch 782] loss=0.0152 miou=0.8620 f1=0.9204 time=65.8s
[Epoch 783] loss=0.0133 miou=0.8588 f1=0.9181 time=65.8s
[Epoch 784] loss=0.0154 miou=0.8509 f1=0.9128 time=65.8s
[Epoch 785] loss=0.0172 miou=0.8615 f1=0.9194 time=65.8s
[Epoch 786] loss=0.0149 miou=0.8643 f1=0.9220 time=65.7s
[Epoch 787] loss=0.0167 miou=0.8656 f1=0.9229 time=65.9s
[Epoch 788] loss=0.0158 miou=0.8668 f1=0.9231 time=65.7s
[Epoch 789] loss=0.0127 miou=0.8524 f1=0.9134 time=65.7s
[Epoch 790] loss=0.0141 miou=0.8669 f1=0.9235 time=65.8s
[Epoch 791] loss=0.0174 miou=0.8502 f1=0.9127 time=65.7s
[Epoch 792] loss=0.0167 miou=0.8584 f1=0.9178 time=65.7s
[Epoch 793] loss=0.0147 miou=0.8633 f1=0.9212 time=65.7s
[Epoch 794] loss=0.0140 miou=0.8611 f1=0.9192 time=65.7s
[Epoch 795] loss=0.0146 miou=0.8660 f1=0.9231 time=65.8s
[Epoch 796] loss=0.0162 miou=0.8639 f1=0.9218 time=65.8s
[Epoch 797] loss=0.0132 miou=0.8652 f1=0.9224 time=65.9s
[Epoch 798] loss=0.0127 miou=0.8665 f1=0.9230 time=65.8s
[Epoch 799] loss=0.0136 miou=0.8663 f1=0.9230 time=65.8s
[Epoch 800] loss=0.0158 miou=0.8663 f1=0.9228 time=65.8s
[Epoch 801] loss=0.0139 miou=0.8652 f1=0.9223 time=65.8s
[Epoch 802] loss=0.0128 miou=0.8599 f1=0.9187 time=65.8s
[Epoch 803] loss=0.0143 miou=0.8615 f1=0.9195 time=65.8s
[Epoch 804] loss=0.0137 miou=0.8659 f1=0.9227 time=65.9s
[Epoch 805] loss=0.0143 miou=0.8615 f1=0.9197 time=65.8s
[Epoch 806] loss=0.0137 miou=0.8666 f1=0.9238 time=65.8s
[Epoch 807] loss=0.0127 miou=0.8692 f1=0.9250 time=65.7s
[Epoch 808] loss=0.0137 miou=0.8638 f1=0.9215 time=65.8s
[Epoch 809] loss=0.0128 miou=0.8672 f1=0.9239 time=65.8s
[Epoch 810] loss=0.0127 miou=0.8621 f1=0.9201 time=65.8s
[Epoch 811] loss=0.0137 miou=0.8531 f1=0.9142 time=65.9s
[Epoch 812] loss=0.0151 miou=0.8635 f1=0.9208 time=67.9s
[Epoch 813] loss=0.0140 miou=0.8650 f1=0.9222 time=67.7s
[Epoch 814] loss=0.0153 miou=0.8681 f1=0.9238 time=67.7s
[Epoch 815] loss=0.0143 miou=0.8552 f1=0.9155 time=67.2s
[Epoch 816] loss=0.0144 miou=0.8494 f1=0.9113 time=67.3s
[Epoch 817] loss=0.0161 miou=0.8617 f1=0.9201 time=68.1s
[Epoch 818] loss=0.0187 miou=0.8617 f1=0.9200 time=68.9s
[Epoch 819] loss=0.0146 miou=0.8593 f1=0.9179 time=67.3s
[Epoch 820] loss=0.0152 miou=0.8650 f1=0.9221 time=67.2s
[Epoch 821] loss=0.0153 miou=0.8615 f1=0.9200 time=69.6s
[Epoch 822] loss=0.0137 miou=0.8640 f1=0.9212 time=68.6s
[Epoch 823] loss=0.0144 miou=0.8626 f1=0.9203 time=69.0s
[Epoch 824] loss=0.0132 miou=0.8656 f1=0.9227 time=67.4s
[Epoch 825] loss=0.0140 miou=0.8624 f1=0.9207 time=67.9s
[Epoch 826] loss=0.0128 miou=0.8677 f1=0.9239 time=67.5s
[Epoch 827] loss=0.0154 miou=0.8563 f1=0.9165 time=68.5s
[Epoch 828] loss=0.0134 miou=0.8586 f1=0.9180 time=68.9s
[Epoch 829] loss=0.0137 miou=0.8601 f1=0.9186 time=68.2s
[Epoch 830] loss=0.0134 miou=0.8535 f1=0.9144 time=67.8s
[Epoch 831] loss=0.0130 miou=0.8552 f1=0.9150 time=67.5s
[Epoch 832] loss=0.0138 miou=0.8589 f1=0.9180 time=67.8s
[Epoch 833] loss=0.0150 miou=0.8557 f1=0.9158 time=68.1s
[Epoch 834] loss=0.0151 miou=0.8619 f1=0.9196 time=67.9s
[Epoch 835] loss=0.0149 miou=0.8508 f1=0.9118 time=68.5s
[Epoch 836] loss=0.0142 miou=0.8540 f1=0.9141 time=68.4s
[Epoch 837] loss=0.0130 miou=0.8598 f1=0.9181 time=69.1s
[Epoch 838] loss=0.0146 miou=0.8572 f1=0.9169 time=68.3s
[Epoch 839] loss=0.0154 miou=0.8581 f1=0.9174 time=68.8s
[Epoch 840] loss=0.0134 miou=0.8567 f1=0.9158 time=68.6s
[Epoch 841] loss=0.0133 miou=0.8572 f1=0.9165 time=67.6s
[Epoch 842] loss=0.0138 miou=0.8633 f1=0.9203 time=68.9s
[Epoch 843] loss=0.0133 miou=0.8576 f1=0.9165 time=69.2s
[Epoch 844] loss=0.0133 miou=0.8555 f1=0.9150 time=67.9s
[Epoch 845] loss=0.0135 miou=0.8534 f1=0.9140 time=68.0s
[Epoch 846] loss=0.0131 miou=0.8565 f1=0.9161 time=69.1s
[Epoch 847] loss=0.0150 miou=0.8563 f1=0.9166 time=68.3s
[Epoch 848] loss=0.0157 miou=0.8630 f1=0.9209 time=68.5s
[Epoch 849] loss=0.0148 miou=0.8600 f1=0.9186 time=69.4s
[Epoch 850] loss=0.0134 miou=0.8552 f1=0.9154 time=69.0s
[Epoch 851] loss=0.0137 miou=0.8554 f1=0.9156 time=67.6s
[Epoch 852] loss=0.0131 miou=0.8593 f1=0.9183 time=68.3s
[Epoch 853] loss=0.0128 miou=0.8619 f1=0.9198 time=68.4s
[Epoch 854] loss=0.0130 miou=0.8486 f1=0.9109 time=68.1s
[Epoch 855] loss=0.0141 miou=0.8688 f1=0.9242 time=68.0s
[Epoch 856] loss=0.0139 miou=0.8609 f1=0.9197 time=67.5s
[Epoch 857] loss=0.0148 miou=0.8658 f1=0.9225 time=67.6s
[Epoch 858] loss=0.0119 miou=0.8664 f1=0.9234 time=68.2s
[Epoch 859] loss=0.0123 miou=0.8692 f1=0.9251 time=68.5s
[Epoch 860] loss=0.0121 miou=0.8669 f1=0.9235 time=68.3s
[Epoch 861] loss=0.0129 miou=0.8556 f1=0.9157 time=68.1s
[Epoch 862] loss=0.0129 miou=0.8630 f1=0.9207 time=68.7s
[Epoch 863] loss=0.0179 miou=0.8544 f1=0.9151 time=67.8s
[Epoch 864] loss=0.0197 miou=0.8606 f1=0.9193 time=66.1s
[Epoch 865] loss=0.0142 miou=0.8611 f1=0.9193 time=66.2s
[Epoch 866] loss=0.0135 miou=0.8560 f1=0.9159 time=66.2s
[Epoch 867] loss=0.0132 miou=0.8649 f1=0.9222 time=66.1s
[Epoch 868] loss=0.0123 miou=0.8619 f1=0.9197 time=66.2s
[Epoch 869] loss=0.0128 miou=0.8594 f1=0.9181 time=66.1s
[Epoch 870] loss=0.0126 miou=0.8644 f1=0.9211 time=66.2s
[Epoch 871] loss=0.0124 miou=0.8670 f1=0.9233 time=66.2s
[Epoch 872] loss=0.0116 miou=0.8635 f1=0.9202 time=66.2s
[Epoch 873] loss=0.0138 miou=0.8601 f1=0.9180 time=65.9s
[Epoch 874] loss=0.0127 miou=0.8638 f1=0.9215 time=66.2s
[Epoch 875] loss=0.0130 miou=0.8615 f1=0.9193 time=66.1s
[Epoch 876] loss=0.0147 miou=0.8596 f1=0.9179 time=65.8s
[Epoch 877] loss=0.0138 miou=0.8582 f1=0.9173 time=66.0s
[Epoch 878] loss=0.0131 miou=0.8634 f1=0.9212 time=66.1s
[Epoch 879] loss=0.0134 miou=0.8653 f1=0.9220 time=66.0s
[Epoch 880] loss=0.0134 miou=0.8525 f1=0.9129 time=66.0s
[Epoch 881] loss=0.0124 miou=0.8600 f1=0.9182 time=65.9s
[Epoch 882] loss=0.0120 miou=0.8600 f1=0.9180 time=65.6s
[Epoch 883] loss=0.0130 miou=0.8534 f1=0.9140 time=65.9s
[Epoch 884] loss=0.0124 miou=0.8631 f1=0.9205 time=65.9s
[Epoch 885] loss=0.0143 miou=0.8567 f1=0.9164 time=66.2s
[Epoch 886] loss=0.0130 miou=0.8675 f1=0.9236 time=66.2s
[Epoch 887] loss=0.0117 miou=0.8627 f1=0.9201 time=66.1s
[Epoch 888] loss=0.0127 miou=0.8607 f1=0.9189 time=66.2s
[Epoch 889] loss=0.0132 miou=0.8561 f1=0.9162 time=65.9s
[Epoch 890] loss=0.0127 miou=0.8608 f1=0.9191 time=65.7s
[Epoch 891] loss=0.0131 miou=0.8583 f1=0.9178 time=65.7s
[Epoch 892] loss=0.0140 miou=0.8574 f1=0.9163 time=65.6s
[Epoch 893] loss=0.0145 miou=0.8556 f1=0.9147 time=66.1s
[Epoch 894] loss=0.0136 miou=0.8658 f1=0.9220 time=65.9s
[Epoch 895] loss=0.0155 miou=0.8600 f1=0.9187 time=65.7s
[Epoch 896] loss=0.0140 miou=0.8613 f1=0.9193 time=66.0s
[Epoch 897] loss=0.0121 miou=0.8641 f1=0.9208 time=65.6s
[Epoch 898] loss=0.0120 miou=0.8608 f1=0.9192 time=65.6s
[Epoch 899] loss=0.0128 miou=0.8637 f1=0.9207 time=65.6s
[Epoch 900] loss=0.0131 miou=0.8590 f1=0.9176 time=65.7s
[Epoch 901] loss=0.0128 miou=0.8550 f1=0.9153 time=65.8s
[Epoch 902] loss=0.0122 miou=0.8478 f1=0.9106 time=65.7s
[Epoch 903] loss=0.0144 miou=0.8574 f1=0.9170 time=65.8s
[Epoch 904] loss=0.0139 miou=0.8631 f1=0.9205 time=65.9s
[Epoch 905] loss=0.0136 miou=0.8578 f1=0.9167 time=65.8s
[Epoch 906] loss=0.0144 miou=0.8628 f1=0.9204 time=66.1s
[Epoch 907] loss=0.0136 miou=0.8606 f1=0.9184 time=66.0s
[Epoch 908] loss=0.0131 miou=0.8621 f1=0.9196 time=65.8s
[Epoch 909] loss=0.0130 miou=0.8540 f1=0.9143 time=65.8s
[Epoch 910] loss=0.0121 miou=0.8485 f1=0.9107 time=65.7s
[Epoch 911] loss=0.0165 miou=0.8640 f1=0.9209 time=66.3s
[Epoch 912] loss=0.0126 miou=0.8662 f1=0.9222 time=66.2s
[Epoch 913] loss=0.0118 miou=0.8586 f1=0.9176 time=66.1s
[Epoch 914] loss=0.0126 miou=0.8614 f1=0.9198 time=66.9s
[Epoch 915] loss=0.0138 miou=0.8558 f1=0.9154 time=66.1s
[Epoch 916] loss=0.0121 miou=0.8607 f1=0.9190 time=66.6s
[Epoch 917] loss=0.0141 miou=0.8586 f1=0.9178 time=66.0s
[Epoch 918] loss=0.0134 miou=0.8620 f1=0.9197 time=66.0s
[Epoch 919] loss=0.0141 miou=0.8624 f1=0.9196 time=66.2s
[Epoch 920] loss=0.0149 miou=0.8622 f1=0.9200 time=66.2s
[Epoch 921] loss=0.0126 miou=0.8626 f1=0.9199 time=66.1s
[Epoch 922] loss=0.0134 miou=0.8597 f1=0.9181 time=66.2s
[Epoch 923] loss=0.0140 miou=0.8604 f1=0.9185 time=66.2s
[Epoch 924] loss=0.0125 miou=0.8520 f1=0.9129 time=66.2s
[Epoch 925] loss=0.0129 miou=0.8550 f1=0.9148 time=66.1s
[Epoch 926] loss=0.0112 miou=0.8631 f1=0.9201 time=66.1s
[Epoch 927] loss=0.0130 miou=0.8651 f1=0.9212 time=66.2s
[Epoch 928] loss=0.0124 miou=0.8601 f1=0.9180 time=66.0s
[Epoch 929] loss=0.0114 miou=0.8630 f1=0.9199 time=66.2s
[Epoch 930] loss=0.0129 miou=0.8616 f1=0.9192 time=66.0s
[Epoch 931] loss=0.0162 miou=0.8600 f1=0.9190 time=66.1s
[Epoch 932] loss=0.0135 miou=0.8583 f1=0.9171 time=66.2s
[Epoch 933] loss=0.0138 miou=0.8644 f1=0.9218 time=66.1s
[Epoch 934] loss=0.0116 miou=0.8585 f1=0.9175 time=66.1s
[Epoch 935] loss=0.0113 miou=0.8609 f1=0.9193 time=66.2s
[Epoch 936] loss=0.0122 miou=0.8623 f1=0.9198 time=66.0s
[Epoch 937] loss=0.0128 miou=0.8501 f1=0.9115 time=66.1s
[Epoch 938] loss=0.0140 miou=0.8535 f1=0.9137 time=66.1s
[Epoch 939] loss=0.0112 miou=0.8599 f1=0.9182 time=66.0s
[Epoch 940] loss=0.0127 miou=0.8585 f1=0.9182 time=66.2s
[Epoch 941] loss=0.0129 miou=0.8693 f1=0.9252 time=66.1s
[Epoch 942] loss=0.0130 miou=0.8626 f1=0.9202 time=66.1s
[Epoch 943] loss=0.0124 miou=0.8606 f1=0.9188 time=66.0s
[Epoch 944] loss=0.0113 miou=0.8620 f1=0.9199 time=66.0s
[Epoch 945] loss=0.0132 miou=0.8640 f1=0.9212 time=66.1s
[Epoch 946] loss=0.0129 miou=0.8576 f1=0.9168 time=66.1s
[Epoch 947] loss=0.0122 miou=0.8590 f1=0.9175 time=66.1s
[Epoch 948] loss=0.0121 miou=0.8588 f1=0.9176 time=66.0s
[Epoch 949] loss=0.0125 miou=0.8637 f1=0.9210 time=66.1s
[Epoch 950] loss=0.0120 miou=0.8537 f1=0.9135 time=66.1s
[Epoch 951] loss=0.0111 miou=0.8636 f1=0.9209 time=66.1s
[Epoch 952] loss=0.0118 miou=0.8657 f1=0.9220 time=66.0s
[Epoch 953] loss=0.0128 miou=0.8584 f1=0.9172 time=66.1s
[Epoch 954] loss=0.0123 miou=0.8584 f1=0.9174 time=66.0s
[Epoch 955] loss=0.0122 miou=0.8523 f1=0.9130 time=66.1s
[Epoch 956] loss=0.0118 miou=0.8540 f1=0.9138 time=66.0s
[Epoch 957] loss=0.0124 miou=0.8663 f1=0.9226 time=66.2s
[Epoch 958] loss=0.0137 miou=0.8603 f1=0.9190 time=66.1s
[Epoch 959] loss=0.0136 miou=0.8480 f1=0.9103 time=66.2s
[Epoch 960] loss=0.0145 miou=0.8541 f1=0.9151 time=66.2s
[Epoch 961] loss=0.0148 miou=0.8555 f1=0.9163 time=66.2s
[Epoch 962] loss=0.0166 miou=0.8621 f1=0.9205 time=66.8s
[Epoch 963] loss=0.0162 miou=0.8612 f1=0.9199 time=66.7s
[Epoch 964] loss=0.0135 miou=0.8619 f1=0.9201 time=66.7s
[Epoch 965] loss=0.0143 miou=0.8626 f1=0.9197 time=66.1s
[Epoch 966] loss=0.0117 miou=0.8651 f1=0.9217 time=66.1s
[Epoch 967] loss=0.0125 miou=0.8630 f1=0.9203 time=66.0s
[Epoch 968] loss=0.0120 miou=0.8633 f1=0.9201 time=66.6s
[Epoch 969] loss=0.0114 miou=0.8487 f1=0.9104 time=67.2s
[Epoch 970] loss=0.0116 miou=0.8633 f1=0.9204 time=66.8s
[Epoch 971] loss=0.0122 miou=0.8526 f1=0.9143 time=66.1s
[Epoch 972] loss=0.0152 miou=0.8514 f1=0.9125 time=65.7s
[Epoch 973] loss=0.0140 miou=0.8575 f1=0.9169 time=66.3s
[Epoch 974] loss=0.0119 miou=0.8629 f1=0.9203 time=65.8s
[Epoch 975] loss=0.0120 miou=0.8547 f1=0.9150 time=66.2s
[Epoch 976] loss=0.0134 miou=0.8555 f1=0.9157 time=67.0s
[Epoch 977] loss=0.0106 miou=0.8647 f1=0.9219 time=66.2s
[Epoch 978] loss=0.0116 miou=0.8542 f1=0.9147 time=66.0s
[Epoch 979] loss=0.0109 miou=0.8667 f1=0.9231 time=65.5s
[Epoch 980] loss=0.0115 miou=0.8600 f1=0.9187 time=65.7s
[Epoch 981] loss=0.0103 miou=0.8608 f1=0.9189 time=66.1s
[Epoch 982] loss=0.0126 miou=0.8601 f1=0.9187 time=65.7s
[Epoch 983] loss=0.0114 miou=0.8640 f1=0.9213 time=65.7s
[Epoch 984] loss=0.0122 miou=0.8670 f1=0.9235 time=65.6s
[Epoch 985] loss=0.0126 miou=0.8623 f1=0.9201 time=65.7s
[Epoch 986] loss=0.0113 miou=0.8627 f1=0.9201 time=65.9s
[Epoch 987] loss=0.0108 miou=0.8667 f1=0.9226 time=65.9s
[Epoch 988] loss=0.0128 miou=0.8616 f1=0.9201 time=65.7s
[Epoch 989] loss=0.0147 miou=0.8437 f1=0.9074 time=65.6s
[Epoch 990] loss=0.0131 miou=0.8584 f1=0.9175 time=65.7s
[Epoch 991] loss=0.0129 miou=0.8507 f1=0.9127 time=65.6s
[Epoch 992] loss=0.0140 miou=0.8661 f1=0.9224 time=65.7s
[Epoch 993] loss=0.0124 miou=0.8692 f1=0.9246 time=65.5s
[Epoch 994] loss=0.0143 miou=0.8631 f1=0.9200 time=65.5s
[Epoch 995] loss=0.0123 miou=0.8554 f1=0.9152 time=65.5s
[Epoch 996] loss=0.0113 miou=0.8575 f1=0.9164 time=65.7s
[Epoch 997] loss=0.0114 miou=0.8600 f1=0.9181 time=65.9s
[Epoch 998] loss=0.0143 miou=0.8610 f1=0.9195 time=65.9s
[Epoch 999] loss=0.0120 miou=0.8657 f1=0.9224 time=65.8s
[Epoch 1000] loss=0.0125 miou=0.8652 f1=0.9223 time=65.7s
[Epoch 1001] loss=0.0124 miou=0.8622 f1=0.9200 time=65.8s
[Epoch 1002] loss=0.0130 miou=0.8651 f1=0.9222 time=65.7s
[Epoch 1003] loss=0.0108 miou=0.8629 f1=0.9206 time=65.7s
[Epoch 1004] loss=0.0127 miou=0.8524 f1=0.9130 time=65.8s
[Epoch 1005] loss=0.0121 miou=0.8595 f1=0.9190 time=65.8s
[Epoch 1006] loss=0.0119 miou=0.8598 f1=0.9185 time=65.8s
[Epoch 1007] loss=0.0125 miou=0.8628 f1=0.9206 time=65.8s
[Epoch 1008] loss=0.0128 miou=0.8604 f1=0.9185 time=65.9s
[Epoch 1009] loss=0.0106 miou=0.8644 f1=0.9209 time=65.9s
[Epoch 1010] loss=0.0105 miou=0.8698 f1=0.9247 time=65.8s
[Epoch 1011] loss=0.0102 miou=0.8634 f1=0.9205 time=65.8s
[Epoch 1012] loss=0.0103 miou=0.8683 f1=0.9241 time=65.8s
[Epoch 1013] loss=0.0125 miou=0.8589 f1=0.9172 time=65.9s
[Epoch 1014] loss=0.0119 miou=0.8628 f1=0.9204 time=65.8s
[Epoch 1015] loss=0.0136 miou=0.8593 f1=0.9175 time=65.8s
[Epoch 1016] loss=0.0137 miou=0.8537 f1=0.9147 time=65.8s
[Epoch 1017] loss=0.0130 miou=0.8577 f1=0.9164 time=66.7s
[Epoch 1018] loss=0.0129 miou=0.8602 f1=0.9185 time=66.3s
[Epoch 1019] loss=0.0134 miou=0.8639 f1=0.9208 time=65.7s
[Epoch 1020] loss=0.0134 miou=0.8614 f1=0.9192 time=65.9s
[Epoch 1021] loss=0.0121 miou=0.8663 f1=0.9222 time=66.7s
[Epoch 1022] loss=0.0108 miou=0.8579 f1=0.9167 time=66.7s
[Epoch 1023] loss=0.0143 miou=0.8551 f1=0.9150 time=65.6s
[Epoch 1024] loss=0.0119 miou=0.8631 f1=0.9203 time=66.1s
[Epoch 1025] loss=0.0110 miou=0.8590 f1=0.9176 time=66.0s
[Epoch 1026] loss=0.0129 miou=0.8520 f1=0.9135 time=65.6s
[Epoch 1027] loss=0.0120 miou=0.8525 f1=0.9137 time=66.1s
[Epoch 1028] loss=0.0138 miou=0.8584 f1=0.9172 time=65.7s
[Epoch 1029] loss=0.0124 miou=0.8519 f1=0.9127 time=66.1s
[Epoch 1030] loss=0.0103 miou=0.8651 f1=0.9215 time=65.6s
[Epoch 1031] loss=0.0121 miou=0.8474 f1=0.9089 time=66.2s
[Epoch 1032] loss=0.0123 miou=0.8611 f1=0.9194 time=66.3s
[Epoch 1033] loss=0.0105 miou=0.8531 f1=0.9134 time=66.4s
[Epoch 1034] loss=0.0111 miou=0.8553 f1=0.9153 time=66.2s
[Epoch 1035] loss=0.0102 miou=0.8662 f1=0.9225 time=66.3s
[Epoch 1036] loss=0.0116 miou=0.8614 f1=0.9194 time=66.3s
[Epoch 1037] loss=0.0102 miou=0.8623 f1=0.9203 time=66.1s
[Epoch 1038] loss=0.0117 miou=0.8658 f1=0.9222 time=66.2s
[Epoch 1039] loss=0.0123 miou=0.8577 f1=0.9171 time=66.1s
[Epoch 1040] loss=0.0113 miou=0.8615 f1=0.9195 time=65.9s
[Epoch 1041] loss=0.0126 miou=0.8609 f1=0.9193 time=65.8s
[Epoch 1042] loss=0.0123 miou=0.8634 f1=0.9208 time=65.8s
[Epoch 1043] loss=0.0126 miou=0.8575 f1=0.9166 time=65.9s
[Epoch 1044] loss=0.0150 miou=0.8574 f1=0.9171 time=66.1s
[Epoch 1045] loss=0.0126 miou=0.8669 f1=0.9235 time=65.9s
[Epoch 1046] loss=0.0124 miou=0.8617 f1=0.9195 time=66.1s
[Epoch 1047] loss=0.0125 miou=0.8596 f1=0.9181 time=66.1s
[Epoch 1048] loss=0.0109 miou=0.8632 f1=0.9207 time=66.1s
[Epoch 1049] loss=0.0108 miou=0.8662 f1=0.9224 time=66.1s
[Epoch 1050] loss=0.0108 miou=0.8631 f1=0.9207 time=66.0s
[Epoch 1051] loss=0.0144 miou=0.8637 f1=0.9211 time=66.0s
[Epoch 1052] loss=0.0121 miou=0.8670 f1=0.9230 time=65.9s
[Epoch 1053] loss=0.0104 miou=0.8582 f1=0.9177 time=65.9s
[Epoch 1054] loss=0.0120 miou=0.8675 f1=0.9237 time=65.8s
[Epoch 1055] loss=0.0105 miou=0.8632 f1=0.9206 time=65.9s
[Epoch 1056] loss=0.0110 miou=0.8538 f1=0.9142 time=65.8s
[Epoch 1057] loss=0.0108 miou=0.8647 f1=0.9219 time=66.0s
[Epoch 1058] loss=0.0130 miou=0.8597 f1=0.9186 time=64.7s
[Epoch 1059] loss=0.0101 miou=0.8623 f1=0.9202 time=66.0s
[Epoch 1060] loss=0.0130 miou=0.8530 f1=0.9137 time=66.0s
[Epoch 1061] loss=0.0142 miou=0.8580 f1=0.9176 time=66.0s
[Epoch 1062] loss=0.0121 miou=0.8680 f1=0.9236 time=66.1s
[Epoch 1063] loss=0.0130 miou=0.8643 f1=0.9220 time=65.7s
[Epoch 1064] loss=0.0147 miou=0.8515 f1=0.9135 time=64.6s
[Epoch 1065] loss=0.0138 miou=0.8599 f1=0.9187 time=65.9s
[Epoch 1066] loss=0.0131 miou=0.8544 f1=0.9149 time=65.9s
[Epoch 1067] loss=0.0120 miou=0.8650 f1=0.9221 time=64.8s
[Epoch 1068] loss=0.0115 miou=0.8625 f1=0.9204 time=65.6s
[Epoch 1069] loss=0.0116 miou=0.8601 f1=0.9191 time=64.6s
[Epoch 1070] loss=0.0122 miou=0.8622 f1=0.9202 time=65.8s
[Epoch 1071] loss=0.0105 miou=0.8588 f1=0.9176 time=64.7s
[Epoch 1072] loss=0.0099 miou=0.8611 f1=0.9197 time=65.6s
[Epoch 1073] loss=0.0111 miou=0.8657 f1=0.9227 time=66.1s
[Epoch 1074] loss=0.0101 miou=0.8602 f1=0.9188 time=65.9s
[Epoch 1075] loss=0.0105 miou=0.8673 f1=0.9237 time=65.9s
[Epoch 1076] loss=0.0103 miou=0.8643 f1=0.9220 time=66.0s
[Epoch 1077] loss=0.0103 miou=0.8623 f1=0.9205 time=64.7s
[Epoch 1078] loss=0.0110 miou=0.8593 f1=0.9182 time=65.9s
[Epoch 1079] loss=0.0103 miou=0.8626 f1=0.9206 time=64.6s
[Epoch 1080] loss=0.0111 miou=0.8633 f1=0.9206 time=65.9s
[Epoch 1081] loss=0.0115 miou=0.8644 f1=0.9216 time=66.0s
[Epoch 1082] loss=0.0121 miou=0.8646 f1=0.9217 time=65.9s
[Epoch 1083] loss=0.0113 miou=0.8619 f1=0.9202 time=65.2s
[Epoch 1084] loss=0.0119 miou=0.8633 f1=0.9205 time=64.7s
[Epoch 1085] loss=0.0116 miou=0.8562 f1=0.9158 time=64.6s
[Epoch 1086] loss=0.0113 miou=0.8619 f1=0.9199 time=65.8s
[Epoch 1087] loss=0.0119 miou=0.8531 f1=0.9137 time=65.8s
[Epoch 1088] loss=0.0103 miou=0.8651 f1=0.9214 time=65.2s
[Epoch 1089] loss=0.0100 miou=0.8677 f1=0.9237 time=64.8s
[Epoch 1090] loss=0.0102 miou=0.8516 f1=0.9126 time=65.5s
[Epoch 1091] loss=0.0107 miou=0.8592 f1=0.9172 time=65.1s
[Epoch 1092] loss=0.0104 miou=0.8558 f1=0.9152 time=64.6s
[Epoch 1093] loss=0.0111 miou=0.8592 f1=0.9180 time=64.5s
[Epoch 1094] loss=0.0117 miou=0.8503 f1=0.9114 time=65.8s
[Epoch 1095] loss=0.0104 miou=0.8543 f1=0.9145 time=66.0s
[Epoch 1096] loss=0.0107 miou=0.8597 f1=0.9182 time=66.0s
[Epoch 1097] loss=0.0119 miou=0.8619 f1=0.9202 time=66.0s
[Epoch 1098] loss=0.0101 miou=0.8637 f1=0.9212 time=65.8s
[Epoch 1099] loss=0.0113 miou=0.8619 f1=0.9196 time=65.8s
[Epoch 1100] loss=0.0106 miou=0.8614 f1=0.9194 time=65.9s
[Epoch 1101] loss=0.0100 miou=0.8612 f1=0.9191 time=65.9s
[Epoch 1102] loss=0.0122 miou=0.8562 f1=0.9160 time=65.9s
[Epoch 1103] loss=0.0110 miou=0.8599 f1=0.9185 time=65.9s
[Epoch 1104] loss=0.0118 miou=0.8626 f1=0.9200 time=65.9s
[Epoch 1105] loss=0.0102 miou=0.8638 f1=0.9210 time=65.8s
[Epoch 1106] loss=0.0099 miou=0.8632 f1=0.9205 time=65.9s
[Epoch 1107] loss=0.0112 miou=0.8548 f1=0.9152 time=65.9s
[Epoch 1108] loss=0.0130 miou=0.8547 f1=0.9149 time=65.9s
[Epoch 1109] loss=0.0138 miou=0.8565 f1=0.9167 time=65.9s
[Epoch 1110] loss=0.0160 miou=0.8575 f1=0.9174 time=65.8s
[Epoch 1111] loss=0.0127 miou=0.8531 f1=0.9144 time=65.8s
[Epoch 1112] loss=0.0128 miou=0.8587 f1=0.9174 time=65.8s
[Epoch 1113] loss=0.0119 miou=0.8648 f1=0.9212 time=65.8s
[Epoch 1114] loss=0.0108 miou=0.8663 f1=0.9226 time=65.8s
[Epoch 1115] loss=0.0130 miou=0.8656 f1=0.9215 time=65.8s
[Epoch 1116] loss=0.0105 miou=0.8604 f1=0.9181 time=65.9s
[Epoch 1117] loss=0.0108 miou=0.8639 f1=0.9208 time=65.8s
[Epoch 1118] loss=0.0094 miou=0.8656 f1=0.9222 time=65.8s
[Epoch 1119] loss=0.0110 miou=0.8686 f1=0.9243 time=65.8s
[Epoch 1120] loss=0.0105 miou=0.8583 f1=0.9174 time=65.8s
[Epoch 1121] loss=0.0105 miou=0.8567 f1=0.9159 time=65.8s
[Epoch 1122] loss=0.0119 miou=0.8625 f1=0.9202 time=65.9s
[Epoch 1123] loss=0.0093 miou=0.8567 f1=0.9165 time=65.8s
[Epoch 1124] loss=0.0105 miou=0.8579 f1=0.9172 time=65.8s
[Epoch 1125] loss=0.0104 miou=0.8654 f1=0.9226 time=65.8s
[Epoch 1126] loss=0.0114 miou=0.8581 f1=0.9174 time=65.9s
[Epoch 1127] loss=0.0092 miou=0.8599 f1=0.9192 time=65.9s
[Epoch 1128] loss=0.0103 miou=0.8662 f1=0.9227 time=65.8s
[Epoch 1129] loss=0.0099 miou=0.8611 f1=0.9195 time=65.8s
[Epoch 1130] loss=0.0110 miou=0.8665 f1=0.9227 time=65.8s
[Epoch 1131] loss=0.0109 miou=0.8693 f1=0.9249 time=65.8s
[Epoch 1132] loss=0.0121 miou=0.8595 f1=0.9181 time=65.8s
[Epoch 1133] loss=0.0113 miou=0.8575 f1=0.9170 time=65.8s
[Epoch 1134] loss=0.0114 miou=0.8542 f1=0.9147 time=65.8s
[Epoch 1135] loss=0.0111 miou=0.8625 f1=0.9205 time=65.8s
[Epoch 1136] loss=0.0126 miou=0.8642 f1=0.9218 time=65.8s
[Epoch 1137] loss=0.0121 miou=0.8585 f1=0.9179 time=65.9s
[Epoch 1138] loss=0.0115 miou=0.8575 f1=0.9171 time=65.7s
[Epoch 1139] loss=0.0100 miou=0.8643 f1=0.9218 time=65.8s
[Epoch 1140] loss=0.0103 miou=0.8633 f1=0.9211 time=65.9s
[Epoch 1141] loss=0.0095 miou=0.8676 f1=0.9239 time=65.8s
[Epoch 1142] loss=0.0110 miou=0.8603 f1=0.9190 time=65.8s
[Epoch 1143] loss=0.0100 miou=0.8553 f1=0.9153 time=65.8s
[Epoch 1144] loss=0.0113 miou=0.8548 f1=0.9157 time=65.8s
[Epoch 1145] loss=0.0107 miou=0.8655 f1=0.9225 time=65.8s
[Epoch 1146] loss=0.0112 miou=0.8667 f1=0.9234 time=65.9s
[Epoch 1147] loss=0.0113 miou=0.8540 f1=0.9152 time=65.8s
[Epoch 1148] loss=0.0135 miou=0.8586 f1=0.9177 time=65.9s
[Epoch 1149] loss=0.0114 miou=0.8620 f1=0.9198 time=65.8s
[Epoch 1150] loss=0.0143 miou=0.8621 f1=0.9202 time=65.8s
[Epoch 1151] loss=0.0131 miou=0.8603 f1=0.9192 time=65.8s
[Epoch 1152] loss=0.0106 miou=0.8638 f1=0.9214 time=65.7s
[Epoch 1153] loss=0.0108 miou=0.8632 f1=0.9210 time=65.9s
[Epoch 1154] loss=0.0091 miou=0.8668 f1=0.9230 time=65.7s
[Epoch 1155] loss=0.0102 miou=0.8598 f1=0.9185 time=65.8s
[Epoch 1156] loss=0.0108 miou=0.8648 f1=0.9217 time=65.8s
[Epoch 1157] loss=0.0106 miou=0.8596 f1=0.9188 time=65.8s
[Epoch 1158] loss=0.0098 miou=0.8615 f1=0.9195 time=66.1s
[Epoch 1159] loss=0.0110 miou=0.8626 f1=0.9208 time=65.8s
[Epoch 1160] loss=0.0100 miou=0.8584 f1=0.9176 time=65.8s
[Epoch 1161] loss=0.0120 miou=0.8632 f1=0.9212 time=65.8s
[Epoch 1162] loss=0.0106 miou=0.8639 f1=0.9214 time=65.7s
[Epoch 1163] loss=0.0112 miou=0.8495 f1=0.9115 time=65.8s
[Epoch 1164] loss=0.0130 miou=0.8645 f1=0.9219 time=65.8s
[Epoch 1165] loss=0.0105 miou=0.8613 f1=0.9197 time=65.8s
[Epoch 1166] loss=0.0107 miou=0.8652 f1=0.9222 time=65.8s
[Epoch 1167] loss=0.0119 miou=0.8431 f1=0.9062 time=65.8s
[Epoch 1168] loss=0.0109 miou=0.8625 f1=0.9206 time=65.7s
[Epoch 1169] loss=0.0097 miou=0.8646 f1=0.9218 time=65.8s
[Epoch 1170] loss=0.0123 miou=0.8636 f1=0.9213 time=65.9s
[Epoch 1171] loss=0.0090 miou=0.8589 f1=0.9178 time=65.7s
[Epoch 1172] loss=0.0092 miou=0.8590 f1=0.9179 time=65.8s
[Epoch 1173] loss=0.0087 miou=0.8654 f1=0.9219 time=65.8s
[Epoch 1174] loss=0.0109 miou=0.8595 f1=0.9177 time=65.8s
[Epoch 1175] loss=0.0099 miou=0.8554 f1=0.9151 time=65.8s
[Epoch 1176] loss=0.0096 miou=0.8637 f1=0.9209 time=65.9s
[Epoch 1177] loss=0.0101 miou=0.8598 f1=0.9182 time=65.8s
[Epoch 1178] loss=0.0112 miou=0.8600 f1=0.9180 time=65.8s
[Epoch 1179] loss=0.0115 miou=0.8639 f1=0.9211 time=65.8s
[Epoch 1180] loss=0.0112 miou=0.8594 f1=0.9181 time=65.7s
[Epoch 1181] loss=0.0127 miou=0.8529 f1=0.9139 time=65.8s
[Epoch 1182] loss=0.0152 miou=0.8573 f1=0.9163 time=65.8s
[Epoch 1183] loss=0.0107 miou=0.8674 f1=0.9232 time=65.8s
[Epoch 1184] loss=0.0121 miou=0.8647 f1=0.9212 time=65.8s
[Epoch 1185] loss=0.0135 miou=0.8626 f1=0.9204 time=65.8s
[Epoch 1186] loss=0.0116 miou=0.8653 f1=0.9225 time=65.8s
[Epoch 1187] loss=0.0108 miou=0.8674 f1=0.9237 time=65.8s
[Epoch 1188] loss=0.0120 miou=0.8582 f1=0.9177 time=65.9s
[Epoch 1189] loss=0.0093 miou=0.8637 f1=0.9208 time=65.8s
[Epoch 1190] loss=0.0095 miou=0.8668 f1=0.9232 time=65.8s
[Epoch 1191] loss=0.0108 miou=0.8662 f1=0.9228 time=65.8s
[Epoch 1192] loss=0.0092 miou=0.8673 f1=0.9236 time=65.7s
[Epoch 1193] loss=0.0109 miou=0.8640 f1=0.9214 time=65.8s
[Epoch 1194] loss=0.0094 miou=0.8591 f1=0.9176 time=65.8s
[Epoch 1195] loss=0.0101 miou=0.8621 f1=0.9201 time=65.9s
[Epoch 1196] loss=0.0096 miou=0.8609 f1=0.9190 time=65.9s
[Epoch 1197] loss=0.0091 miou=0.8624 f1=0.9203 time=65.9s
[Epoch 1198] loss=0.0117 miou=0.8548 f1=0.9146 time=65.8s
[Epoch 1199] loss=0.0108 miou=0.8642 f1=0.9216 time=65.8s
[Epoch 1200] loss=0.0099 miou=0.8564 f1=0.9158 time=65.8s
[Epoch 1201] loss=0.0112 miou=0.8603 f1=0.9190 time=66.1s
[Epoch 1202] loss=0.0134 miou=0.8634 f1=0.9210 time=66.1s
[Epoch 1203] loss=0.0107 miou=0.8590 f1=0.9180 time=65.7s
[Epoch 1204] loss=0.0119 miou=0.8610 f1=0.9191 time=65.8s
[Epoch 1205] loss=0.0117 miou=0.8609 f1=0.9190 time=65.9s
[Epoch 1206] loss=0.0095 miou=0.8603 f1=0.9183 time=65.7s
[Epoch 1207] loss=0.0106 miou=0.8634 f1=0.9204 time=65.8s
[Epoch 1208] loss=0.0100 miou=0.8647 f1=0.9219 time=65.9s
[Epoch 1209] loss=0.0102 miou=0.8653 f1=0.9219 time=65.8s
[Epoch 1210] loss=0.0089 miou=0.8653 f1=0.9221 time=65.7s
[Epoch 1211] loss=0.0108 miou=0.8647 f1=0.9215 time=65.7s
[Epoch 1212] loss=0.0109 miou=0.8540 f1=0.9144 time=65.8s
[Epoch 1213] loss=0.0114 miou=0.8609 f1=0.9189 time=65.7s
[Epoch 1214] loss=0.0104 miou=0.8613 f1=0.9190 time=65.7s
[Epoch 1215] loss=0.0097 miou=0.8611 f1=0.9188 time=65.8s
[Epoch 1216] loss=0.0103 miou=0.8623 f1=0.9197 time=65.8s
[Epoch 1217] loss=0.0099 miou=0.8670 f1=0.9229 time=65.7s
[Epoch 1218] loss=0.0097 miou=0.8599 f1=0.9184 time=65.7s
[Epoch 1219] loss=0.0095 miou=0.8650 f1=0.9214 time=65.8s
[Epoch 1220] loss=0.0104 miou=0.8574 f1=0.9166 time=65.9s
[Epoch 1221] loss=0.0113 miou=0.8543 f1=0.9145 time=65.8s
[Epoch 1222] loss=0.0111 miou=0.8588 f1=0.9177 time=65.8s
[Epoch 1223] loss=0.0102 miou=0.8595 f1=0.9179 time=65.8s
[Epoch 1224] loss=0.0105 miou=0.8547 f1=0.9150 time=65.8s
[Epoch 1225] loss=0.0096 miou=0.8632 f1=0.9201 time=65.9s
[Epoch 1226] loss=0.0102 miou=0.8559 f1=0.9156 time=65.8s
[Epoch 1227] loss=0.0110 miou=0.8553 f1=0.9150 time=65.8s
[Epoch 1228] loss=0.0099 miou=0.8543 f1=0.9145 time=65.8s
[Epoch 1229] loss=0.0096 miou=0.8568 f1=0.9162 time=65.8s
[Epoch 1230] loss=0.0092 miou=0.8543 f1=0.9144 time=65.8s
[Epoch 1231] loss=0.0096 miou=0.8628 f1=0.9202 time=65.8s
[Epoch 1232] loss=0.0107 miou=0.8461 f1=0.9092 time=65.8s
[Epoch 1233] loss=0.0114 miou=0.8606 f1=0.9184 time=65.8s
[Epoch 1234] loss=0.0113 miou=0.8599 f1=0.9181 time=65.8s
[Epoch 1235] loss=0.0099 miou=0.8675 f1=0.9236 time=65.9s
[Epoch 1236] loss=0.0086 miou=0.8620 f1=0.9199 time=65.9s
[Epoch 1237] loss=0.0096 miou=0.8666 f1=0.9232 time=65.8s
[Epoch 1238] loss=0.0114 miou=0.8575 f1=0.9173 time=66.3s
[Epoch 1239] loss=0.0092 miou=0.8577 f1=0.9170 time=65.8s
[Epoch 1240] loss=0.0128 miou=0.8561 f1=0.9165 time=65.8s
[Epoch 1241] loss=0.0156 miou=0.8576 f1=0.9174 time=65.8s
[Epoch 1242] loss=0.0119 miou=0.8607 f1=0.9190 time=65.7s
[Epoch 1243] loss=0.0109 miou=0.8565 f1=0.9162 time=65.8s
[Epoch 1244] loss=0.0088 miou=0.8549 f1=0.9156 time=66.1s
[Epoch 1245] loss=0.0103 miou=0.8551 f1=0.9158 time=66.3s
[Epoch 1246] loss=0.0114 miou=0.8441 f1=0.9076 time=66.3s
[Epoch 1247] loss=0.0110 miou=0.8580 f1=0.9177 time=66.2s
[Epoch 1248] loss=0.0086 miou=0.8626 f1=0.9206 time=65.7s
[Epoch 1249] loss=0.0096 miou=0.8608 f1=0.9193 time=65.9s
[Epoch 1250] loss=0.0092 miou=0.8589 f1=0.9181 time=66.7s
[Epoch 1251] loss=0.0093 miou=0.8567 f1=0.9171 time=66.5s
[Epoch 1252] loss=0.0097 miou=0.8648 f1=0.9218 time=65.8s
[Epoch 1253] loss=0.0097 miou=0.8600 f1=0.9189 time=65.8s
[Epoch 1254] loss=0.0089 miou=0.8587 f1=0.9180 time=65.8s
[Epoch 1255] loss=0.0096 miou=0.8694 f1=0.9246 time=65.8s
[Epoch 1256] loss=0.0097 miou=0.8672 f1=0.9234 time=65.8s
[Epoch 1257] loss=0.0088 miou=0.8676 f1=0.9236 time=65.8s
[Epoch 1258] loss=0.0086 miou=0.8626 f1=0.9208 time=65.8s
[Epoch 1259] loss=0.0090 miou=0.8421 f1=0.9060 time=65.9s
[Epoch 1260] loss=0.0103 miou=0.8609 f1=0.9190 time=65.8s
[Epoch 1261] loss=0.0102 miou=0.8644 f1=0.9214 time=65.9s
[Epoch 1262] loss=0.0104 miou=0.8682 f1=0.9241 time=65.8s
[Epoch 1263] loss=0.0114 miou=0.8627 f1=0.9206 time=65.9s
[Epoch 1264] loss=0.0107 miou=0.8680 f1=0.9237 time=65.8s
[Epoch 1265] loss=0.0096 miou=0.8671 f1=0.9230 time=65.8s
[Epoch 1266] loss=0.0101 miou=0.8643 f1=0.9210 time=65.9s
[Epoch 1267] loss=0.0100 miou=0.8620 f1=0.9201 time=65.8s
[Epoch 1268] loss=0.0251 miou=0.8490 f1=0.9115 time=65.8s
[Epoch 1269] loss=0.0125 miou=0.8565 f1=0.9159 time=65.8s
[Epoch 1270] loss=0.0108 miou=0.8581 f1=0.9171 time=65.6s
[Epoch 1271] loss=0.0099 miou=0.8622 f1=0.9198 time=65.6s
[Epoch 1272] loss=0.0107 miou=0.8611 f1=0.9192 time=65.5s
[Epoch 1273] loss=0.0104 miou=0.8473 f1=0.9100 time=65.6s
[Epoch 1274] loss=0.0114 miou=0.8562 f1=0.9162 time=65.6s
[Epoch 1275] loss=0.0114 miou=0.8626 f1=0.9200 time=65.6s
[Epoch 1276] loss=0.0090 miou=0.8624 f1=0.9197 time=65.6s
[Epoch 1277] loss=0.0090 miou=0.8645 f1=0.9212 time=65.5s
[Epoch 1278] loss=0.0101 miou=0.8599 f1=0.9181 time=65.5s
[Epoch 1279] loss=0.0119 miou=0.8607 f1=0.9188 time=65.6s
[Epoch 1280] loss=0.0105 miou=0.8658 f1=0.9221 time=65.5s
[Epoch 1281] loss=0.0118 miou=0.8596 f1=0.9180 time=65.6s
[Epoch 1282] loss=0.0102 miou=0.8612 f1=0.9187 time=65.5s
[Epoch 1283] loss=0.0099 miou=0.8598 f1=0.9182 time=65.6s
[Epoch 1284] loss=0.0102 miou=0.8655 f1=0.9222 time=65.6s
[Epoch 1285] loss=0.0098 miou=0.8597 f1=0.9185 time=65.6s
[Epoch 1286] loss=0.0100 miou=0.8604 f1=0.9187 time=65.6s
[Epoch 1287] loss=0.0116 miou=0.8663 f1=0.9228 time=65.6s
[Epoch 1288] loss=0.0098 miou=0.8649 f1=0.9214 time=65.6s
[Epoch 1289] loss=0.0090 miou=0.8671 f1=0.9230 time=65.5s
[Epoch 1290] loss=0.0090 miou=0.8587 f1=0.9181 time=65.5s
[Epoch 1291] loss=0.0097 miou=0.8599 f1=0.9183 time=65.6s
[Epoch 1292] loss=0.0092 miou=0.8574 f1=0.9172 time=65.6s
[Epoch 1293] loss=0.0106 miou=0.8613 f1=0.9195 time=65.5s
[Epoch 1294] loss=0.0094 miou=0.8654 f1=0.9225 time=65.5s
[Epoch 1295] loss=0.0098 miou=0.8644 f1=0.9218 time=65.6s
[Epoch 1296] loss=0.0085 miou=0.8614 f1=0.9197 time=65.6s
[Epoch 1297] loss=0.0099 miou=0.8608 f1=0.9190 time=65.6s
[Epoch 1298] loss=0.0103 miou=0.8628 f1=0.9205 time=65.7s
[Epoch 1299] loss=0.0086 miou=0.8599 f1=0.9185 time=65.6s
[Epoch 1300] loss=0.0084 miou=0.8615 f1=0.9198 time=65.6s
[Epoch 1301] loss=0.0100 miou=0.8540 f1=0.9150 time=65.6s
[Epoch 1302] loss=0.0101 miou=0.8558 f1=0.9159 time=65.7s
[Epoch 1303] loss=0.0107 miou=0.8469 f1=0.9098 time=65.7s
[Epoch 1304] loss=0.0103 miou=0.8654 f1=0.9222 time=65.6s
[Epoch 1305] loss=0.0097 miou=0.8642 f1=0.9217 time=66.1s
[Epoch 1306] loss=0.0084 miou=0.8644 f1=0.9217 time=66.5s
[Epoch 1307] loss=0.0084 miou=0.8601 f1=0.9190 time=66.0s
[Epoch 1308] loss=0.0093 miou=0.8621 f1=0.9198 time=65.6s
[Epoch 1309] loss=0.0106 miou=0.8589 f1=0.9183 time=65.7s
[Epoch 1310] loss=0.0115 miou=0.8591 f1=0.9185 time=65.6s
[Epoch 1311] loss=0.0109 miou=0.8562 f1=0.9158 time=65.6s
[Epoch 1312] loss=0.0101 miou=0.8673 f1=0.9228 time=65.5s
[Epoch 1313] loss=0.0091 miou=0.8374 f1=0.9029 time=65.6s
[Epoch 1314] loss=0.0114 miou=0.8499 f1=0.9122 time=65.6s
[Epoch 1315] loss=0.0112 miou=0.8640 f1=0.9213 time=65.6s
[Epoch 1316] loss=0.0108 miou=0.8654 f1=0.9223 time=65.6s
[Epoch 1317] loss=0.0119 miou=0.8672 f1=0.9234 time=65.5s
[Epoch 1318] loss=0.0107 miou=0.8647 f1=0.9219 time=65.5s
[Epoch 1319] loss=0.0105 miou=0.8594 f1=0.9186 time=65.6s
[Epoch 1320] loss=0.0093 miou=0.8667 f1=0.9233 time=65.6s
[Epoch 1321] loss=0.0080 miou=0.8619 f1=0.9199 time=65.5s
[Epoch 1322] loss=0.0100 miou=0.8697 f1=0.9254 time=65.5s
[Epoch 1323] loss=0.0086 miou=0.8672 f1=0.9236 time=65.6s
[Epoch 1324] loss=0.0091 miou=0.8694 f1=0.9248 time=65.5s
[Epoch 1325] loss=0.0093 miou=0.8597 f1=0.9185 time=65.6s
[Epoch 1326] loss=0.0104 miou=0.8610 f1=0.9198 time=65.5s
[Epoch 1327] loss=0.0112 miou=0.8648 f1=0.9218 time=65.6s
[Epoch 1328] loss=0.0115 miou=0.8590 f1=0.9178 time=65.5s
[Epoch 1329] loss=0.0111 miou=0.8616 f1=0.9199 time=65.5s
[Epoch 1330] loss=0.0093 miou=0.8611 f1=0.9196 time=65.5s
[Epoch 1331] loss=0.0091 miou=0.8671 f1=0.9236 time=65.6s
[Epoch 1332] loss=0.0092 miou=0.8615 f1=0.9197 time=65.6s
[Epoch 1333] loss=0.0099 miou=0.8610 f1=0.9196 time=65.6s
[Epoch 1334] loss=0.0100 miou=0.8619 f1=0.9197 time=65.6s
[Epoch 1335] loss=0.0087 miou=0.8608 f1=0.9188 time=65.5s
[Epoch 1336] loss=0.0098 miou=0.8626 f1=0.9201 time=65.5s
[Epoch 1337] loss=0.0105 miou=0.8549 f1=0.9151 time=65.6s
[Epoch 1338] loss=0.0117 miou=0.8606 f1=0.9187 time=65.5s
[Epoch 1339] loss=0.0097 miou=0.8565 f1=0.9158 time=65.6s
[Epoch 1340] loss=0.0102 miou=0.8575 f1=0.9162 time=65.5s
[Epoch 1341] loss=0.0132 miou=0.8543 f1=0.9146 time=65.5s
[Epoch 1342] loss=0.0115 miou=0.8493 f1=0.9112 time=65.6s
[Epoch 1343] loss=0.0093 miou=0.8612 f1=0.9195 time=65.6s
[Epoch 1344] loss=0.0095 miou=0.8552 f1=0.9148 time=65.6s
[Epoch 1345] loss=0.0094 miou=0.8591 f1=0.9176 time=65.6s
[Epoch 1346] loss=0.0085 miou=0.8623 f1=0.9197 time=65.5s
[Epoch 1347] loss=0.0088 miou=0.8610 f1=0.9193 time=65.5s
[Epoch 1348] loss=0.0090 miou=0.8641 f1=0.9207 time=65.5s
[Epoch 1349] loss=0.0084 miou=0.8560 f1=0.9155 time=65.5s
[Epoch 1350] loss=0.0101 miou=0.8525 f1=0.9132 time=65.5s
[Epoch 1351] loss=0.0111 miou=0.8559 f1=0.9160 time=65.6s
[Epoch 1352] loss=0.0100 miou=0.8530 f1=0.9138 time=65.6s
[Epoch 1353] loss=0.0091 miou=0.8614 f1=0.9193 time=65.6s
[Epoch 1354] loss=0.0089 miou=0.8629 f1=0.9209 time=65.6s
[Epoch 1355] loss=0.0082 miou=0.8557 f1=0.9156 time=65.5s
[Epoch 1356] loss=0.0104 miou=0.8616 f1=0.9199 time=65.6s
[Epoch 1357] loss=0.0092 miou=0.8610 f1=0.9195 time=65.6s
[Epoch 1358] loss=0.0100 miou=0.8619 f1=0.9197 time=65.6s
[Epoch 1359] loss=0.0077 miou=0.8650 f1=0.9218 time=65.5s
[Epoch 1360] loss=0.0092 miou=0.8616 f1=0.9194 time=65.5s
[Epoch 1361] loss=0.0083 miou=0.8578 f1=0.9174 time=65.5s
[Epoch 1362] loss=0.0110 miou=0.8565 f1=0.9165 time=65.5s
[Epoch 1363] loss=0.0103 miou=0.8654 f1=0.9221 time=65.5s
[Epoch 1364] loss=0.0087 miou=0.8678 f1=0.9236 time=65.5s
[Epoch 1365] loss=0.0101 miou=0.8515 f1=0.9128 time=65.6s
[Epoch 1366] loss=0.0093 miou=0.8596 f1=0.9180 time=65.5s
[Epoch 1367] loss=0.0097 miou=0.8589 f1=0.9179 time=65.5s
[Epoch 1368] loss=0.0096 miou=0.8627 f1=0.9202 time=65.5s
[Epoch 1369] loss=0.0083 miou=0.8545 f1=0.9147 time=65.5s
[Epoch 1370] loss=0.0101 miou=0.8616 f1=0.9195 time=65.6s
[Epoch 1371] loss=0.0089 miou=0.8548 f1=0.9156 time=65.5s
[Epoch 1372] loss=0.0087 miou=0.8558 f1=0.9161 time=65.6s
[Epoch 1373] loss=0.0099 miou=0.8643 f1=0.9215 time=65.6s
[Epoch 1374] loss=0.0113 miou=0.8524 f1=0.9146 time=65.5s
[Epoch 1375] loss=0.0109 miou=0.8623 f1=0.9205 time=65.6s
[Epoch 1376] loss=0.0094 miou=0.8606 f1=0.9193 time=65.6s
[Epoch 1377] loss=0.0099 miou=0.8536 f1=0.9149 time=65.6s
[Epoch 1378] loss=0.0106 miou=0.8588 f1=0.9182 time=65.5s
[Epoch 1379] loss=0.0098 miou=0.8592 f1=0.9184 time=65.7s
[Epoch 1380] loss=0.0101 miou=0.8558 f1=0.9158 time=65.6s
[Epoch 1381] loss=0.0090 miou=0.8548 f1=0.9152 time=65.6s
[Epoch 1382] loss=0.0098 miou=0.8541 f1=0.9149 time=65.6s
[Epoch 1383] loss=0.0101 miou=0.8581 f1=0.9170 time=65.6s
[Epoch 1384] loss=0.0111 miou=0.8651 f1=0.9220 time=65.6s
[Epoch 1385] loss=0.0095 miou=0.8614 f1=0.9199 time=65.6s
[Epoch 1386] loss=0.0097 miou=0.8610 f1=0.9194 time=65.6s
[Epoch 1387] loss=0.0109 miou=0.8683 f1=0.9238 time=65.6s
[Epoch 1388] loss=0.0098 miou=0.8611 f1=0.9191 time=65.6s
[Epoch 1389] loss=0.0103 miou=0.8623 f1=0.9200 time=65.6s
[Epoch 1390] loss=0.0088 miou=0.8600 f1=0.9185 time=65.6s
[Epoch 1391] loss=0.0092 miou=0.8550 f1=0.9153 time=65.6s
[Epoch 1392] loss=0.0088 miou=0.8624 f1=0.9196 time=65.6s
[Epoch 1393] loss=0.0084 miou=0.8692 f1=0.9244 time=65.6s
[Epoch 1394] loss=0.0094 miou=0.8587 f1=0.9179 time=65.7s
[Epoch 1395] loss=0.0077 miou=0.8681 f1=0.9241 time=65.5s
[Epoch 1396] loss=0.0093 miou=0.8676 f1=0.9230 time=65.6s
[Epoch 1397] loss=0.0106 miou=0.8545 f1=0.9155 time=65.6s
[Epoch 1398] loss=0.0099 miou=0.8581 f1=0.9174 time=65.6s
[Epoch 1399] loss=0.0101 miou=0.8578 f1=0.9175 time=65.6s
[Epoch 1400] loss=0.0108 miou=0.8448 f1=0.9100 time=65.5s
[Epoch 1401] loss=0.0109 miou=0.8636 f1=0.9215 time=65.6s
[Epoch 1402] loss=0.0100 miou=0.8652 f1=0.9225 time=65.6s
[Epoch 1403] loss=0.0091 miou=0.8647 f1=0.9222 time=65.6s
[Epoch 1404] loss=0.0083 miou=0.8622 f1=0.9202 time=65.6s
[Epoch 1405] loss=0.0094 miou=0.8674 f1=0.9237 time=65.6s
[Epoch 1406] loss=0.0091 miou=0.8639 f1=0.9213 time=65.5s
[Epoch 1407] loss=0.0079 miou=0.8516 f1=0.9131 time=65.6s
[Epoch 1408] loss=0.0090 miou=0.8624 f1=0.9205 time=65.6s
[Epoch 1409] loss=0.0109 miou=0.8512 f1=0.9131 time=65.6s
[Epoch 1410] loss=0.0099 miou=0.8569 f1=0.9170 time=65.5s
[Epoch 1411] loss=0.0084 miou=0.8627 f1=0.9203 time=65.6s
[Epoch 1412] loss=0.0084 miou=0.8607 f1=0.9192 time=65.5s
[Epoch 1413] loss=0.0084 miou=0.8576 f1=0.9166 time=65.5s
[Epoch 1414] loss=0.0097 miou=0.8636 f1=0.9214 time=65.6s
[Epoch 1415] loss=0.0088 miou=0.8650 f1=0.9224 time=65.5s
[Epoch 1416] loss=0.0085 miou=0.8563 f1=0.9166 time=65.5s
[Epoch 1417] loss=0.0122 miou=0.8602 f1=0.9196 time=65.5s
[Epoch 1418] loss=0.0112 miou=0.8547 f1=0.9155 time=65.5s
[Epoch 1419] loss=0.0104 miou=0.8549 f1=0.9157 time=65.5s
[Epoch 1420] loss=0.0142 miou=0.8480 f1=0.9102 time=65.5s
[Epoch 1421] loss=0.0099 miou=0.8572 f1=0.9167 time=65.6s
[Epoch 1422] loss=0.0093 miou=0.8631 f1=0.9208 time=65.5s
[Epoch 1423] loss=0.0083 miou=0.8643 f1=0.9217 time=65.5s
[Epoch 1424] loss=0.0100 miou=0.8550 f1=0.9156 time=65.6s
[Epoch 1425] loss=0.0097 miou=0.8639 f1=0.9214 time=65.5s
[Epoch 1426] loss=0.0085 miou=0.8613 f1=0.9197 time=65.5s
[Epoch 1427] loss=0.0091 miou=0.8620 f1=0.9203 time=65.5s
[Epoch 1428] loss=0.0085 miou=0.8618 f1=0.9199 time=65.5s
[Epoch 1429] loss=0.0086 miou=0.8584 f1=0.9179 time=65.6s
[Epoch 1430] loss=0.0079 miou=0.8571 f1=0.9165 time=65.5s
[Epoch 1431] loss=0.0077 miou=0.8576 f1=0.9165 time=65.5s
[Epoch 1432] loss=0.0098 miou=0.8546 f1=0.9149 time=65.5s
[Epoch 1433] loss=0.0076 miou=0.8626 f1=0.9202 time=65.5s
[Epoch 1434] loss=0.0084 miou=0.8598 f1=0.9185 time=65.5s
[Epoch 1435] loss=0.0088 miou=0.8607 f1=0.9191 time=65.5s
[Epoch 1436] loss=0.0088 miou=0.8598 f1=0.9186 time=65.6s
[Epoch 1437] loss=0.0092 miou=0.8594 f1=0.9183 time=65.5s
[Epoch 1438] loss=0.0088 miou=0.8618 f1=0.9198 time=65.5s
[Epoch 1439] loss=0.0105 miou=0.8405 f1=0.9060 time=65.5s
[Epoch 1440] loss=0.0119 miou=0.8600 f1=0.9190 time=65.5s
[Epoch 1441] loss=0.0106 miou=0.8617 f1=0.9197 time=65.6s
[Epoch 1442] loss=0.0098 miou=0.8638 f1=0.9211 time=65.5s
[Epoch 1443] loss=0.0100 miou=0.8609 f1=0.9195 time=65.5s
[Epoch 1444] loss=0.0096 miou=0.8612 f1=0.9201 time=65.6s
[Epoch 1445] loss=0.0087 miou=0.8610 f1=0.9189 time=65.6s
[Epoch 1446] loss=0.0087 miou=0.8558 f1=0.9153 time=65.6s
[Epoch 1447] loss=0.0088 miou=0.8582 f1=0.9174 time=65.5s
[Epoch 1448] loss=0.0081 miou=0.8585 f1=0.9178 time=65.6s
[Epoch 1449] loss=0.0077 miou=0.8593 f1=0.9178 time=65.7s
[Epoch 1450] loss=0.0091 miou=0.8232 f1=0.8922 time=65.9s
[Epoch 1451] loss=0.0094 miou=0.8539 f1=0.9144 time=65.8s
[Epoch 1452] loss=0.0091 miou=0.8650 f1=0.9222 time=65.8s
[Epoch 1453] loss=0.0084 miou=0.8649 f1=0.9219 time=65.8s
[Epoch 1454] loss=0.0082 miou=0.8603 f1=0.9190 time=65.8s
[Epoch 1455] loss=0.0087 miou=0.8587 f1=0.9177 time=65.8s
[Epoch 1456] loss=0.0083 miou=0.8604 f1=0.9192 time=65.8s
[Epoch 1457] loss=0.0083 miou=0.8680 f1=0.9240 time=65.8s
[Epoch 1458] loss=0.0079 miou=0.8643 f1=0.9212 time=65.8s
[Epoch 1459] loss=0.0087 miou=0.8665 f1=0.9229 time=65.7s
[Epoch 1460] loss=0.0080 miou=0.8613 f1=0.9194 time=65.8s
[Epoch 1461] loss=0.0084 miou=0.8615 f1=0.9202 time=65.8s
[Epoch 1462] loss=0.0098 miou=0.8615 f1=0.9198 time=65.8s
[Epoch 1463] loss=0.0104 miou=0.8620 f1=0.9200 time=65.8s
[Epoch 1464] loss=0.0092 miou=0.8561 f1=0.9163 time=65.8s
[Epoch 1465] loss=0.0102 miou=0.8639 f1=0.9215 time=65.8s
[Epoch 1466] loss=0.0106 miou=0.8597 f1=0.9180 time=65.8s
[Epoch 1467] loss=0.0090 miou=0.8522 f1=0.9135 time=65.8s
[Epoch 1468] loss=0.0106 miou=0.8634 f1=0.9206 time=65.8s
[Epoch 1469] loss=0.0095 miou=0.8570 f1=0.9163 time=65.8s
[Epoch 1470] loss=0.0088 miou=0.8557 f1=0.9157 time=65.8s
[Epoch 1471] loss=0.0106 miou=0.8551 f1=0.9148 time=65.8s
[Epoch 1472] loss=0.0094 miou=0.8551 f1=0.9151 time=65.8s
[Epoch 1473] loss=0.0097 miou=0.8592 f1=0.9181 time=65.8s
[Epoch 1474] loss=0.0082 miou=0.8604 f1=0.9185 time=65.8s
[Epoch 1475] loss=0.0093 miou=0.8600 f1=0.9184 time=65.8s
[Epoch 1476] loss=0.0077 miou=0.8579 f1=0.9174 time=65.9s
[Epoch 1477] loss=0.0079 miou=0.8634 f1=0.9203 time=65.8s
[Epoch 1478] loss=0.0074 miou=0.8617 f1=0.9198 time=65.8s
[Epoch 1479] loss=0.0081 miou=0.8589 f1=0.9181 time=65.8s
[Epoch 1480] loss=0.0069 miou=0.8589 f1=0.9178 time=65.8s
[Epoch 1481] loss=0.0079 miou=0.8609 f1=0.9193 time=65.9s
[Epoch 1482] loss=0.0083 miou=0.8622 f1=0.9200 time=65.8s
[Epoch 1483] loss=0.0081 miou=0.8624 f1=0.9198 time=65.7s
[Epoch 1484] loss=0.0109 miou=0.8603 f1=0.9189 time=66.2s
[Epoch 1485] loss=0.0121 miou=0.8515 f1=0.9124 time=66.2s
[Epoch 1486] loss=0.0101 miou=0.8523 f1=0.9134 time=66.6s
[Epoch 1487] loss=0.0100 miou=0.8454 f1=0.9083 time=66.8s
[Epoch 1488] loss=0.0095 miou=0.8622 f1=0.9199 time=66.3s
[Epoch 1489] loss=0.0086 miou=0.8570 f1=0.9166 time=66.3s
[Epoch 1490] loss=0.0085 miou=0.8472 f1=0.9090 time=66.3s
[Epoch 1491] loss=0.0085 miou=0.8653 f1=0.9216 time=65.8s
[Epoch 1492] loss=0.0088 miou=0.8562 f1=0.9155 time=65.8s
[Epoch 1493] loss=0.0078 miou=0.8577 f1=0.9165 time=65.7s
[Epoch 1494] loss=0.0082 miou=0.8653 f1=0.9218 time=65.8s
[Epoch 1495] loss=0.0080 miou=0.8597 f1=0.9178 time=66.9s
[Epoch 1496] loss=0.0071 miou=0.8587 f1=0.9172 time=66.0s
[Epoch 1497] loss=0.0090 miou=0.8627 f1=0.9200 time=65.8s
[Epoch 1498] loss=0.0082 miou=0.8614 f1=0.9191 time=65.8s
[Epoch 1499] loss=0.0074 miou=0.8665 f1=0.9224 time=65.8s
[Epoch 1500] loss=0.0072 miou=0.8574 f1=0.9165 time=65.8s
