nohup: ignoring input
Run directory: ./outputs_sam_sirst_hq/NUDT-SIRST_model-vitt_size256_use_HQ_radial_encoder_bs4e1000kp1_split-50_50_20250918_154527
[build_efficient_sam_hq] Partially loaded 253 tensors from baseline (278 scanned).
/home/bip/cry/anaconda3/lib/python3.9/site-packages/torch/cuda/__init__.py:611: UserWarning: Can't initialize NVML
  warnings.warn("Can't initialize NVML")
[Epoch 001] loss=1.2802 miou=0.0007 f1=0.0014 thr=0.35 time=47.6s
[Epoch 002] loss=0.6524 miou=0.5756 f1=0.6991 thr=0.35 time=46.9s
[Epoch 003] loss=0.3657 miou=0.6330 f1=0.7472 thr=0.50 time=46.0s
[Epoch 004] loss=0.3406 miou=0.6536 f1=0.7641 thr=0.50 time=46.5s
[Epoch 005] loss=0.3310 miou=0.6337 f1=0.7495 thr=0.35 time=47.0s
[Epoch 006] loss=0.3230 miou=0.6651 f1=0.7736 thr=0.50 time=47.7s
[Epoch 007] loss=0.3060 miou=0.6810 f1=0.7861 thr=0.50 time=46.4s
[Epoch 008] loss=0.3050 miou=0.6465 f1=0.7609 thr=0.50 time=47.0s
[Epoch 009] loss=0.2854 miou=0.6958 f1=0.7995 thr=0.35 time=46.8s
[Epoch 010] loss=0.2866 miou=0.6698 f1=0.7785 thr=0.35 time=47.0s
[Epoch 011] loss=0.2774 miou=0.6806 f1=0.7839 thr=0.35 time=44.8s
[Epoch 012] loss=0.2810 miou=0.7073 f1=0.8078 thr=0.35 time=44.9s
[Epoch 013] loss=0.2691 miou=0.7201 f1=0.8172 thr=0.40 time=45.8s
[Epoch 014] loss=0.2625 miou=0.7106 f1=0.8112 thr=0.40 time=46.3s
[Epoch 015] loss=0.2632 miou=0.7144 f1=0.8145 thr=0.55 time=47.2s
[Epoch 016] loss=0.2605 miou=0.7093 f1=0.8117 thr=0.35 time=46.3s
[Epoch 017] loss=0.2518 miou=0.7157 f1=0.8166 thr=0.55 time=45.7s
[Epoch 018] loss=0.2545 miou=0.7250 f1=0.8226 thr=0.55 time=46.0s
[Epoch 019] loss=0.2522 miou=0.7286 f1=0.8243 thr=0.40 time=46.3s
[Epoch 020] loss=0.2427 miou=0.7074 f1=0.8105 thr=0.40 time=46.5s
[Epoch 021] loss=0.2462 miou=0.6933 f1=0.7997 thr=0.45 time=45.9s
[Epoch 022] loss=0.2418 miou=0.7327 f1=0.8291 thr=0.55 time=46.2s
[Epoch 023] loss=0.2423 miou=0.7394 f1=0.8335 thr=0.35 time=45.6s
[Epoch 024] loss=0.2362 miou=0.7390 f1=0.8333 thr=0.50 time=46.7s
[Epoch 025] loss=0.2441 miou=0.7363 f1=0.8326 thr=0.45 time=46.0s
[Epoch 026] loss=0.2377 miou=0.7448 f1=0.8368 thr=0.50 time=45.1s
[Epoch 027] loss=0.2312 miou=0.7427 f1=0.8371 thr=0.45 time=46.2s
[Epoch 028] loss=0.2302 miou=0.7449 f1=0.8382 thr=0.35 time=46.5s
[Epoch 029] loss=0.2322 miou=0.7376 f1=0.8341 thr=0.35 time=46.1s
[Epoch 030] loss=0.2261 miou=0.7431 f1=0.8365 thr=0.40 time=45.2s
[Epoch 031] loss=0.2244 miou=0.7409 f1=0.8353 thr=0.40 time=45.5s
[Epoch 032] loss=0.2312 miou=0.7404 f1=0.8359 thr=0.35 time=45.8s
[Epoch 033] loss=0.2216 miou=0.7447 f1=0.8389 thr=0.35 time=45.5s
[Epoch 034] loss=0.2253 miou=0.7295 f1=0.8285 thr=0.35 time=45.8s
[Epoch 035] loss=0.2216 miou=0.7446 f1=0.8389 thr=0.45 time=46.0s
[Epoch 036] loss=0.2206 miou=0.7460 f1=0.8397 thr=0.35 time=45.9s
[Epoch 037] loss=0.2188 miou=0.7443 f1=0.8393 thr=0.50 time=45.8s
[Epoch 038] loss=0.2140 miou=0.7496 f1=0.8418 thr=0.35 time=45.8s
[Epoch 039] loss=0.2164 miou=0.7467 f1=0.8406 thr=0.50 time=46.0s
[Epoch 040] loss=0.2074 miou=0.7546 f1=0.8456 thr=0.35 time=45.7s
[Epoch 041] loss=0.2126 miou=0.7502 f1=0.8432 thr=0.50 time=45.9s
[Epoch 042] loss=0.2099 miou=0.7606 f1=0.8495 thr=0.50 time=45.8s
[Epoch 043] loss=0.2111 miou=0.7611 f1=0.8497 thr=0.45 time=45.9s
[Epoch 044] loss=0.2139 miou=0.7483 f1=0.8419 thr=0.35 time=45.9s
[Epoch 045] loss=0.2069 miou=0.7576 f1=0.8455 thr=0.55 time=45.8s
[Epoch 046] loss=0.2051 miou=0.7696 f1=0.8553 thr=0.45 time=45.8s
[Epoch 047] loss=0.2072 miou=0.7645 f1=0.8527 thr=0.45 time=45.7s
[Epoch 048] loss=0.2055 miou=0.7594 f1=0.8493 thr=0.55 time=45.8s
[Epoch 049] loss=0.2029 miou=0.7646 f1=0.8520 thr=0.45 time=45.4s
[Epoch 050] loss=0.2016 miou=0.7519 f1=0.8448 thr=0.50 time=45.8s
[Epoch 051] loss=0.2014 miou=0.7609 f1=0.8508 thr=0.35 time=45.7s
[Epoch 052] loss=0.2043 miou=0.7404 f1=0.8365 thr=0.50 time=45.7s
[Epoch 053] loss=0.2040 miou=0.7624 f1=0.8515 thr=0.35 time=45.7s
[Epoch 054] loss=0.2009 miou=0.7661 f1=0.8524 thr=0.35 time=46.0s
[Epoch 055] loss=0.2009 miou=0.7703 f1=0.8572 thr=0.45 time=45.9s
[Epoch 056] loss=0.1982 miou=0.7592 f1=0.8504 thr=0.45 time=45.8s
[Epoch 057] loss=0.1964 miou=0.7672 f1=0.8558 thr=0.40 time=45.8s
[Epoch 058] loss=0.1926 miou=0.7608 f1=0.8515 thr=0.35 time=45.9s
[Epoch 059] loss=0.1958 miou=0.7714 f1=0.8582 thr=0.35 time=45.8s
[Epoch 060] loss=0.1851 miou=0.7707 f1=0.8570 thr=0.35 time=46.0s
[Epoch 061] loss=0.1936 miou=0.7651 f1=0.8540 thr=0.35 time=46.0s
[Epoch 062] loss=0.1929 miou=0.7597 f1=0.8512 thr=0.55 time=45.5s
[Epoch 063] loss=0.1973 miou=0.7713 f1=0.8580 thr=0.35 time=45.9s
[Epoch 064] loss=0.1946 miou=0.7661 f1=0.8548 thr=0.55 time=45.9s
[Epoch 065] loss=0.1915 miou=0.7685 f1=0.8555 thr=0.45 time=45.5s
[Epoch 066] loss=0.1869 miou=0.7635 f1=0.8531 thr=0.55 time=45.8s
[Epoch 067] loss=0.1845 miou=0.7686 f1=0.8554 thr=0.50 time=46.1s
[Epoch 068] loss=0.1939 miou=0.7679 f1=0.8559 thr=0.35 time=45.3s
[Epoch 069] loss=0.1871 miou=0.7720 f1=0.8586 thr=0.35 time=46.0s
[Epoch 070] loss=0.1905 miou=0.7609 f1=0.8521 thr=0.55 time=45.8s
[Epoch 071] loss=0.1929 miou=0.7516 f1=0.8454 thr=0.55 time=45.8s
[Epoch 072] loss=0.1868 miou=0.7581 f1=0.8507 thr=0.45 time=45.6s
[Epoch 073] loss=0.1816 miou=0.7715 f1=0.8593 thr=0.50 time=45.7s
[Epoch 074] loss=0.1796 miou=0.7817 f1=0.8656 thr=0.55 time=45.8s
[Epoch 075] loss=0.1803 miou=0.7698 f1=0.8584 thr=0.55 time=45.9s
[Epoch 076] loss=0.1799 miou=0.7790 f1=0.8635 thr=0.45 time=45.7s
[Epoch 077] loss=0.1773 miou=0.7647 f1=0.8543 thr=0.35 time=45.7s
[Epoch 078] loss=0.1826 miou=0.7495 f1=0.8446 thr=0.35 time=45.7s
[Epoch 079] loss=0.1824 miou=0.7573 f1=0.8497 thr=0.45 time=45.7s
[Epoch 080] loss=0.1825 miou=0.7751 f1=0.8610 thr=0.55 time=45.8s
[Epoch 081] loss=0.1816 miou=0.7736 f1=0.8584 thr=0.35 time=45.7s
[Epoch 082] loss=0.1797 miou=0.7776 f1=0.8625 thr=0.35 time=45.6s
[Epoch 083] loss=0.1783 miou=0.7669 f1=0.8562 thr=0.35 time=45.7s
[Epoch 084] loss=0.1788 miou=0.7829 f1=0.8660 thr=0.45 time=45.7s
[Epoch 085] loss=0.1763 miou=0.7718 f1=0.8602 thr=0.35 time=45.8s
[Epoch 086] loss=0.1779 miou=0.7748 f1=0.8615 thr=0.35 time=46.1s
[Epoch 087] loss=0.1741 miou=0.7698 f1=0.8580 thr=0.45 time=45.7s
[Epoch 088] loss=0.1766 miou=0.7703 f1=0.8560 thr=0.55 time=45.7s
[Epoch 089] loss=0.1736 miou=0.7728 f1=0.8597 thr=0.35 time=45.8s
[Epoch 090] loss=0.1763 miou=0.7704 f1=0.8585 thr=0.35 time=45.8s
[Epoch 091] loss=0.1756 miou=0.7818 f1=0.8655 thr=0.35 time=45.7s
[Epoch 092] loss=0.1726 miou=0.7724 f1=0.8585 thr=0.35 time=45.7s
[Epoch 093] loss=0.1725 miou=0.7702 f1=0.8578 thr=0.35 time=45.7s
[Epoch 094] loss=0.1752 miou=0.7597 f1=0.8511 thr=0.35 time=45.7s
[Epoch 095] loss=0.1727 miou=0.7744 f1=0.8612 thr=0.55 time=45.7s
[Epoch 096] loss=0.1675 miou=0.7769 f1=0.8631 thr=0.35 time=45.7s
[Epoch 097] loss=0.1680 miou=0.7688 f1=0.8574 thr=0.50 time=45.8s
[Epoch 098] loss=0.1685 miou=0.7704 f1=0.8594 thr=0.35 time=45.7s
[Epoch 099] loss=0.1724 miou=0.7619 f1=0.8540 thr=0.50 time=45.9s
[Epoch 100] loss=0.1703 miou=0.7746 f1=0.8592 thr=0.35 time=45.8s
[Epoch 101] loss=0.1717 miou=0.7843 f1=0.8674 thr=0.35 time=45.7s
[Epoch 102] loss=0.1697 miou=0.7773 f1=0.8622 thr=0.55 time=45.8s
[Epoch 103] loss=0.1705 miou=0.7739 f1=0.8618 thr=0.35 time=45.7s
[Epoch 104] loss=0.1684 miou=0.7706 f1=0.8560 thr=0.45 time=45.7s
[Epoch 105] loss=0.1682 miou=0.7799 f1=0.8635 thr=0.35 time=45.7s
[Epoch 106] loss=0.1665 miou=0.7765 f1=0.8620 thr=0.35 time=45.7s
[Epoch 107] loss=0.1649 miou=0.7790 f1=0.8633 thr=0.35 time=45.7s
[Epoch 108] loss=0.1670 miou=0.7703 f1=0.8583 thr=0.35 time=45.7s
[Epoch 109] loss=0.1641 miou=0.7820 f1=0.8656 thr=0.35 time=45.8s
[Epoch 110] loss=0.1680 miou=0.7749 f1=0.8621 thr=0.35 time=45.9s
[Epoch 111] loss=0.1631 miou=0.7819 f1=0.8659 thr=0.35 time=45.6s
[Epoch 112] loss=0.1607 miou=0.7795 f1=0.8643 thr=0.35 time=45.6s
[Epoch 113] loss=0.1631 miou=0.7777 f1=0.8637 thr=0.35 time=45.7s
[Epoch 114] loss=0.1646 miou=0.7737 f1=0.8599 thr=0.35 time=45.5s
[Epoch 115] loss=0.1615 miou=0.7728 f1=0.8607 thr=0.35 time=45.7s
[Epoch 116] loss=0.1607 miou=0.7764 f1=0.8625 thr=0.35 time=45.8s
[Epoch 117] loss=0.1616 miou=0.7764 f1=0.8634 thr=0.35 time=45.9s
[Epoch 118] loss=0.1645 miou=0.7767 f1=0.8624 thr=0.50 time=46.1s
[Epoch 119] loss=0.1591 miou=0.7736 f1=0.8606 thr=0.35 time=45.8s
[Epoch 120] loss=0.1584 miou=0.7749 f1=0.8605 thr=0.50 time=45.9s
[Epoch 121] loss=0.1608 miou=0.7805 f1=0.8649 thr=0.35 time=46.1s
[Epoch 122] loss=0.1624 miou=0.7816 f1=0.8662 thr=0.35 time=45.5s
[Epoch 123] loss=0.1587 miou=0.7862 f1=0.8695 thr=0.35 time=45.8s
[Epoch 124] loss=0.1620 miou=0.7792 f1=0.8647 thr=0.55 time=45.9s
[Epoch 125] loss=0.1635 miou=0.7797 f1=0.8655 thr=0.55 time=45.6s
[Epoch 126] loss=0.1587 miou=0.7730 f1=0.8608 thr=0.50 time=45.7s
[Epoch 127] loss=0.1566 miou=0.7621 f1=0.8528 thr=0.35 time=45.8s
[Epoch 128] loss=0.1588 miou=0.7772 f1=0.8628 thr=0.55 time=45.7s
[Epoch 129] loss=0.1601 miou=0.7711 f1=0.8602 thr=0.35 time=45.6s
[Epoch 130] loss=0.1582 miou=0.7751 f1=0.8613 thr=0.55 time=45.7s
[Epoch 131] loss=0.1610 miou=0.7780 f1=0.8630 thr=0.45 time=45.5s
[Epoch 132] loss=0.1602 miou=0.7812 f1=0.8661 thr=0.35 time=45.3s
[Epoch 133] loss=0.1573 miou=0.7788 f1=0.8636 thr=0.35 time=45.3s
[Epoch 134] loss=0.1567 miou=0.7761 f1=0.8620 thr=0.50 time=45.8s
[Epoch 135] loss=0.1544 miou=0.7848 f1=0.8681 thr=0.55 time=45.9s
[Epoch 136] loss=0.1603 miou=0.7722 f1=0.8601 thr=0.35 time=45.7s
[Epoch 137] loss=0.1518 miou=0.7816 f1=0.8664 thr=0.55 time=45.7s
[Epoch 138] loss=0.1544 miou=0.7809 f1=0.8663 thr=0.55 time=45.7s
[Epoch 139] loss=0.1531 miou=0.7780 f1=0.8637 thr=0.55 time=45.6s
[Epoch 140] loss=0.1543 miou=0.7743 f1=0.8614 thr=0.35 time=45.6s
[Epoch 141] loss=0.1551 miou=0.7764 f1=0.8606 thr=0.40 time=45.7s
[Epoch 142] loss=0.1593 miou=0.7734 f1=0.8606 thr=0.35 time=45.0s
[Epoch 143] loss=0.1515 miou=0.7819 f1=0.8664 thr=0.35 time=45.4s
[Epoch 144] loss=0.1527 miou=0.7796 f1=0.8633 thr=0.35 time=45.0s
[Epoch 145] loss=0.1530 miou=0.7840 f1=0.8683 thr=0.35 time=45.5s
[Epoch 146] loss=0.1516 miou=0.7752 f1=0.8622 thr=0.35 time=45.7s
[Epoch 147] loss=0.1515 miou=0.7765 f1=0.8620 thr=0.35 time=45.3s
[Epoch 148] loss=0.1531 miou=0.7744 f1=0.8617 thr=0.55 time=45.3s
[Epoch 149] loss=0.1517 miou=0.7781 f1=0.8623 thr=0.35 time=45.7s
[Epoch 150] loss=0.1517 miou=0.7833 f1=0.8682 thr=0.35 time=45.1s
[Epoch 151] loss=0.1542 miou=0.7823 f1=0.8671 thr=0.55 time=45.7s
[Epoch 152] loss=0.1506 miou=0.7804 f1=0.8651 thr=0.35 time=45.2s
[Epoch 153] loss=0.1510 miou=0.7779 f1=0.8637 thr=0.35 time=45.7s
[Epoch 154] loss=0.1533 miou=0.7845 f1=0.8687 thr=0.35 time=46.1s
[Epoch 155] loss=0.1522 miou=0.7871 f1=0.8704 thr=0.55 time=45.9s
[Epoch 156] loss=0.1487 miou=0.7760 f1=0.8634 thr=0.35 time=45.8s
[Epoch 157] loss=0.1469 miou=0.7832 f1=0.8666 thr=0.35 time=45.9s
[Epoch 158] loss=0.1486 miou=0.7734 f1=0.8608 thr=0.35 time=45.7s
[Epoch 159] loss=0.1504 miou=0.7879 f1=0.8707 thr=0.35 time=45.8s
[Epoch 160] loss=0.1494 miou=0.7882 f1=0.8704 thr=0.35 time=45.4s
[Epoch 161] loss=0.1474 miou=0.7765 f1=0.8634 thr=0.35 time=45.9s
[Epoch 162] loss=0.1497 miou=0.7822 f1=0.8664 thr=0.55 time=45.7s
[Epoch 163] loss=0.1469 miou=0.7826 f1=0.8670 thr=0.35 time=45.7s
[Epoch 164] loss=0.1487 miou=0.7736 f1=0.8614 thr=0.35 time=45.7s
[Epoch 165] loss=0.1462 miou=0.7638 f1=0.8549 thr=0.35 time=45.3s
[Epoch 166] loss=0.1484 miou=0.7794 f1=0.8653 thr=0.35 time=45.3s
[Epoch 167] loss=0.1502 miou=0.7814 f1=0.8668 thr=0.35 time=45.4s
[Epoch 168] loss=0.1441 miou=0.7836 f1=0.8676 thr=0.55 time=45.8s
[Epoch 169] loss=0.1455 miou=0.7747 f1=0.8622 thr=0.35 time=45.8s
[Epoch 170] loss=0.1461 miou=0.7877 f1=0.8703 thr=0.55 time=45.7s
[Epoch 171] loss=0.1437 miou=0.7833 f1=0.8678 thr=0.35 time=45.9s
[Epoch 172] loss=0.1435 miou=0.7754 f1=0.8627 thr=0.50 time=45.7s
[Epoch 173] loss=0.1499 miou=0.7819 f1=0.8662 thr=0.35 time=45.8s
[Epoch 174] loss=0.1475 miou=0.7818 f1=0.8666 thr=0.45 time=45.8s
[Epoch 175] loss=0.1466 miou=0.7869 f1=0.8690 thr=0.35 time=45.6s
[Epoch 176] loss=0.1481 miou=0.7700 f1=0.8568 thr=0.35 time=45.6s
[Epoch 177] loss=0.1446 miou=0.7815 f1=0.8676 thr=0.35 time=45.7s
[Epoch 178] loss=0.1428 miou=0.7854 f1=0.8680 thr=0.35 time=45.7s
[Epoch 179] loss=0.1450 miou=0.7868 f1=0.8697 thr=0.35 time=45.7s
[Epoch 180] loss=0.1439 miou=0.7823 f1=0.8659 thr=0.35 time=44.8s
[Epoch 181] loss=0.1465 miou=0.7829 f1=0.8671 thr=0.50 time=45.7s
[Epoch 182] loss=0.1430 miou=0.7818 f1=0.8665 thr=0.35 time=45.7s
[Epoch 183] loss=0.1474 miou=0.7852 f1=0.8683 thr=0.35 time=45.7s
[Epoch 184] loss=0.1431 miou=0.7822 f1=0.8667 thr=0.55 time=45.8s
[Epoch 185] loss=0.1407 miou=0.7707 f1=0.8592 thr=0.40 time=45.8s
[Epoch 186] loss=0.1451 miou=0.7798 f1=0.8645 thr=0.35 time=45.7s
[Epoch 187] loss=0.1436 miou=0.7800 f1=0.8648 thr=0.35 time=44.8s
[Epoch 188] loss=0.1407 miou=0.7835 f1=0.8678 thr=0.35 time=45.8s
[Epoch 189] loss=0.1413 miou=0.7758 f1=0.8623 thr=0.35 time=45.7s
[Epoch 190] loss=0.1420 miou=0.7760 f1=0.8622 thr=0.35 time=45.7s
[Epoch 191] loss=0.1419 miou=0.7774 f1=0.8639 thr=0.35 time=45.7s
[Epoch 192] loss=0.1413 miou=0.7817 f1=0.8663 thr=0.35 time=45.8s
[Epoch 193] loss=0.1441 miou=0.7674 f1=0.8576 thr=0.35 time=45.7s
[Epoch 194] loss=0.1402 miou=0.7778 f1=0.8639 thr=0.35 time=45.6s
[Epoch 195] loss=0.1364 miou=0.7800 f1=0.8650 thr=0.35 time=45.7s
[Epoch 196] loss=0.1422 miou=0.7709 f1=0.8586 thr=0.35 time=45.6s
[Epoch 197] loss=0.1459 miou=0.7858 f1=0.8698 thr=0.35 time=45.6s
[Epoch 198] loss=0.1416 miou=0.7754 f1=0.8623 thr=0.35 time=45.6s
[Epoch 199] loss=0.1395 miou=0.7773 f1=0.8630 thr=0.35 time=45.7s
[Epoch 200] loss=0.1407 miou=0.7829 f1=0.8669 thr=0.35 time=45.7s
[Epoch 201] loss=0.1402 miou=0.7822 f1=0.8668 thr=0.35 time=45.5s
[Epoch 202] loss=0.1427 miou=0.7738 f1=0.8607 thr=0.35 time=44.9s
[Epoch 203] loss=0.1394 miou=0.7752 f1=0.8623 thr=0.45 time=44.9s
[Epoch 204] loss=0.1395 miou=0.7720 f1=0.8595 thr=0.50 time=45.1s
[Epoch 205] loss=0.1378 miou=0.7786 f1=0.8633 thr=0.35 time=45.2s
[Epoch 206] loss=0.1372 miou=0.7809 f1=0.8659 thr=0.35 time=45.6s
[Epoch 207] loss=0.1393 miou=0.7771 f1=0.8633 thr=0.45 time=45.6s
[Epoch 208] loss=0.1392 miou=0.7689 f1=0.8581 thr=0.40 time=45.7s
[Epoch 209] loss=0.1380 miou=0.7583 f1=0.8509 thr=0.55 time=45.6s
[Epoch 210] loss=0.1353 miou=0.7723 f1=0.8601 thr=0.40 time=45.6s
[Epoch 211] loss=0.1387 miou=0.7794 f1=0.8637 thr=0.35 time=45.6s
[Epoch 212] loss=0.1397 miou=0.7748 f1=0.8618 thr=0.50 time=44.9s
[Epoch 213] loss=0.1375 miou=0.7849 f1=0.8675 thr=0.50 time=45.3s
[Epoch 214] loss=0.1374 miou=0.7772 f1=0.8625 thr=0.35 time=45.6s
[Epoch 215] loss=0.1388 miou=0.7735 f1=0.8605 thr=0.35 time=45.6s
[Epoch 216] loss=0.1391 miou=0.7832 f1=0.8670 thr=0.35 time=45.6s
[Epoch 217] loss=0.1360 miou=0.7807 f1=0.8652 thr=0.35 time=45.5s
[Epoch 218] loss=0.1369 miou=0.7738 f1=0.8612 thr=0.35 time=45.5s
[Epoch 219] loss=0.1389 miou=0.7769 f1=0.8631 thr=0.35 time=45.8s
[Epoch 220] loss=0.1351 miou=0.7752 f1=0.8628 thr=0.50 time=45.5s
[Epoch 221] loss=0.1379 miou=0.7725 f1=0.8605 thr=0.35 time=44.8s
[Epoch 222] loss=0.1364 miou=0.7849 f1=0.8686 thr=0.35 time=45.2s
[Epoch 223] loss=0.1351 miou=0.7835 f1=0.8671 thr=0.35 time=44.9s
[Epoch 224] loss=0.1358 miou=0.7737 f1=0.8606 thr=0.35 time=45.3s
[Epoch 225] loss=0.1340 miou=0.7773 f1=0.8637 thr=0.35 time=45.6s
[Epoch 226] loss=0.1336 miou=0.7824 f1=0.8671 thr=0.35 time=45.5s
[Epoch 227] loss=0.1315 miou=0.7777 f1=0.8627 thr=0.35 time=45.6s
[Epoch 228] loss=0.1343 miou=0.7852 f1=0.8681 thr=0.35 time=45.6s
[Epoch 229] loss=0.1360 miou=0.7770 f1=0.8630 thr=0.55 time=45.6s
[Epoch 230] loss=0.1375 miou=0.7844 f1=0.8687 thr=0.35 time=45.6s
[Epoch 231] loss=0.1335 miou=0.7813 f1=0.8653 thr=0.40 time=45.4s
[Epoch 232] loss=0.1358 miou=0.7787 f1=0.8646 thr=0.35 time=45.5s
[Epoch 233] loss=0.1352 miou=0.7776 f1=0.8634 thr=0.35 time=44.8s
[Epoch 234] loss=0.1336 miou=0.7795 f1=0.8646 thr=0.35 time=44.8s
[Epoch 235] loss=0.1341 miou=0.7888 f1=0.8709 thr=0.35 time=45.8s
[Epoch 236] loss=0.1326 miou=0.7755 f1=0.8628 thr=0.35 time=45.6s
[Epoch 237] loss=0.1297 miou=0.7861 f1=0.8693 thr=0.35 time=45.6s
[Epoch 238] loss=0.1319 miou=0.7841 f1=0.8683 thr=0.55 time=45.6s
[Epoch 239] loss=0.1298 miou=0.7858 f1=0.8694 thr=0.35 time=45.6s
[Epoch 240] loss=0.1315 miou=0.7683 f1=0.8574 thr=0.35 time=45.6s
[Epoch 241] loss=0.1325 miou=0.7835 f1=0.8684 thr=0.50 time=45.5s
[Epoch 242] loss=0.1330 miou=0.7798 f1=0.8657 thr=0.35 time=45.8s
[Epoch 243] loss=0.1334 miou=0.7857 f1=0.8682 thr=0.35 time=45.6s
[Epoch 244] loss=0.1331 miou=0.7802 f1=0.8649 thr=0.35 time=45.5s
[Epoch 245] loss=0.1298 miou=0.7809 f1=0.8656 thr=0.35 time=45.7s
[Epoch 246] loss=0.1307 miou=0.7812 f1=0.8668 thr=0.35 time=45.7s
[Epoch 247] loss=0.1313 miou=0.7767 f1=0.8630 thr=0.45 time=45.8s
[Epoch 248] loss=0.1315 miou=0.7810 f1=0.8664 thr=0.35 time=44.8s
[Epoch 249] loss=0.1308 miou=0.7737 f1=0.8613 thr=0.45 time=45.6s
[Epoch 250] loss=0.1305 miou=0.7865 f1=0.8703 thr=0.45 time=45.6s
Unfroze at epoch 250: encoder + all heads.
[Epoch 251] loss=0.1882 miou=0.7694 f1=0.8578 thr=0.35 time=71.6s
[Epoch 252] loss=0.1612 miou=0.8044 f1=0.8833 thr=0.55 time=71.4s
[Epoch 253] loss=0.1525 miou=0.8042 f1=0.8824 thr=0.35 time=71.5s
[Epoch 254] loss=0.1472 miou=0.8094 f1=0.8862 thr=0.35 time=71.3s
[Epoch 255] loss=0.1485 miou=0.7944 f1=0.8771 thr=0.55 time=71.4s
[Epoch 256] loss=0.1479 miou=0.8187 f1=0.8928 thr=0.35 time=71.4s
[Epoch 257] loss=0.1385 miou=0.8107 f1=0.8879 thr=0.55 time=71.4s
[Epoch 258] loss=0.1383 miou=0.8061 f1=0.8833 thr=0.35 time=71.4s
[Epoch 259] loss=0.1461 miou=0.8290 f1=0.8995 thr=0.35 time=71.4s
[Epoch 260] loss=0.1343 miou=0.8261 f1=0.8981 thr=0.35 time=71.4s
[Epoch 261] loss=0.1284 miou=0.8350 f1=0.9032 thr=0.35 time=71.3s
[Epoch 262] loss=0.1324 miou=0.8401 f1=0.9068 thr=0.35 time=71.4s
[Epoch 263] loss=0.1261 miou=0.7877 f1=0.8633 thr=0.35 time=71.4s
[Epoch 264] loss=0.1214 miou=0.8600 f1=0.9196 thr=0.35 time=71.4s
[Epoch 265] loss=0.1191 miou=0.8337 f1=0.9022 thr=0.35 time=71.4s
[Epoch 266] loss=0.1163 miou=0.8528 f1=0.9140 thr=0.35 time=71.4s
[Epoch 267] loss=0.1107 miou=0.8599 f1=0.9176 thr=0.55 time=71.4s
[Epoch 268] loss=0.1084 miou=0.8647 f1=0.9203 thr=0.45 time=71.4s
[Epoch 269] loss=0.1101 miou=0.8582 f1=0.9178 thr=0.35 time=71.4s
[Epoch 270] loss=0.1101 miou=0.8246 f1=0.8928 thr=0.35 time=71.4s
[Epoch 271] loss=0.1200 miou=0.8589 f1=0.9174 thr=0.35 time=71.3s
[Epoch 272] loss=0.1118 miou=0.8649 f1=0.9200 thr=0.50 time=71.3s
[Epoch 273] loss=0.1058 miou=0.8454 f1=0.9089 thr=0.35 time=71.4s
[Epoch 274] loss=0.1006 miou=0.8867 f1=0.9355 thr=0.35 time=71.2s
[Epoch 275] loss=0.0929 miou=0.8860 f1=0.9352 thr=0.55 time=71.2s
[Epoch 276] loss=0.0927 miou=0.8850 f1=0.9338 thr=0.35 time=71.3s
[Epoch 277] loss=0.1015 miou=0.8589 f1=0.9171 thr=0.35 time=71.1s
[Epoch 278] loss=0.1174 miou=0.8787 f1=0.9307 thr=0.35 time=71.2s
[Epoch 279] loss=0.0961 miou=0.8848 f1=0.9342 thr=0.35 time=71.1s
[Epoch 280] loss=0.0892 miou=0.8867 f1=0.9357 thr=0.35 time=71.3s
[Epoch 281] loss=0.0885 miou=0.8904 f1=0.9365 thr=0.35 time=71.1s
[Epoch 282] loss=0.0860 miou=0.8904 f1=0.9381 thr=0.35 time=71.2s
[Epoch 283] loss=0.0887 miou=0.8890 f1=0.9376 thr=0.45 time=71.2s
[Epoch 284] loss=0.0869 miou=0.8967 f1=0.9412 thr=0.35 time=71.2s
[Epoch 285] loss=0.0850 miou=0.8905 f1=0.9366 thr=0.45 time=71.5s
[Epoch 286] loss=0.0901 miou=0.8914 f1=0.9381 thr=0.45 time=71.3s
[Epoch 287] loss=0.0841 miou=0.8822 f1=0.9321 thr=0.35 time=71.2s
[Epoch 288] loss=0.0869 miou=0.8854 f1=0.9351 thr=0.35 time=71.2s
[Epoch 289] loss=0.0852 miou=0.8845 f1=0.9348 thr=0.35 time=71.2s
[Epoch 290] loss=0.0850 miou=0.8820 f1=0.9326 thr=0.40 time=71.2s
[Epoch 291] loss=0.0863 miou=0.8964 f1=0.9407 thr=0.35 time=71.2s
[Epoch 292] loss=0.0818 miou=0.8877 f1=0.9350 thr=0.35 time=71.2s
[Epoch 293] loss=0.0803 miou=0.8993 f1=0.9427 thr=0.55 time=71.3s
[Epoch 294] loss=0.0822 miou=0.8943 f1=0.9397 thr=0.35 time=70.9s
[Epoch 295] loss=0.0791 miou=0.8918 f1=0.9379 thr=0.35 time=71.3s
[Epoch 296] loss=0.0808 miou=0.8891 f1=0.9359 thr=0.35 time=71.3s
[Epoch 297] loss=0.0808 miou=0.8978 f1=0.9418 thr=0.35 time=71.2s
[Epoch 298] loss=0.0822 miou=0.8951 f1=0.9396 thr=0.35 time=71.2s
[Epoch 299] loss=0.0813 miou=0.8869 f1=0.9350 thr=0.35 time=71.3s
[Epoch 300] loss=0.0796 miou=0.8852 f1=0.9337 thr=0.55 time=71.2s
[Epoch 301] loss=0.0818 miou=0.9001 f1=0.9434 thr=0.40 time=71.3s
[Epoch 302] loss=0.0795 miou=0.9065 f1=0.9474 thr=0.45 time=71.3s
[Epoch 303] loss=0.0773 miou=0.9017 f1=0.9438 thr=0.50 time=71.3s
[Epoch 304] loss=0.0762 miou=0.8917 f1=0.9383 thr=0.35 time=71.2s
[Epoch 305] loss=0.0786 miou=0.8973 f1=0.9409 thr=0.35 time=71.2s
[Epoch 306] loss=0.0779 miou=0.8941 f1=0.9391 thr=0.35 time=71.1s
[Epoch 307] loss=0.0771 miou=0.9006 f1=0.9423 thr=0.35 time=71.2s
[Epoch 308] loss=0.0778 miou=0.8979 f1=0.9411 thr=0.35 time=71.0s
[Epoch 309] loss=0.0751 miou=0.8961 f1=0.9396 thr=0.35 time=70.7s
[Epoch 310] loss=0.0775 miou=0.8866 f1=0.9335 thr=0.35 time=71.2s
[Epoch 311] loss=0.0818 miou=0.8825 f1=0.9314 thr=0.35 time=71.1s
[Epoch 312] loss=0.0817 miou=0.8970 f1=0.9399 thr=0.40 time=71.2s
[Epoch 313] loss=0.0763 miou=0.9005 f1=0.9417 thr=0.50 time=71.1s
[Epoch 314] loss=0.0751 miou=0.8882 f1=0.9349 thr=0.35 time=71.2s
[Epoch 315] loss=0.0732 miou=0.9042 f1=0.9453 thr=0.35 time=71.2s
[Epoch 316] loss=0.0748 miou=0.9054 f1=0.9461 thr=0.35 time=71.2s
[Epoch 317] loss=0.0741 miou=0.9032 f1=0.9443 thr=0.35 time=71.2s
[Epoch 318] loss=0.0781 miou=0.8825 f1=0.9311 thr=0.35 time=71.2s
[Epoch 319] loss=0.0784 miou=0.8968 f1=0.9392 thr=0.35 time=71.2s
[Epoch 320] loss=0.0725 miou=0.8964 f1=0.9395 thr=0.35 time=71.2s
[Epoch 321] loss=0.0865 miou=0.8712 f1=0.9244 thr=0.35 time=71.2s
[Epoch 322] loss=0.0843 miou=0.9020 f1=0.9437 thr=0.45 time=71.2s
[Epoch 323] loss=0.0728 miou=0.9063 f1=0.9466 thr=0.45 time=71.1s
[Epoch 324] loss=0.0683 miou=0.9058 f1=0.9457 thr=0.45 time=71.3s
[Epoch 325] loss=0.0721 miou=0.9069 f1=0.9469 thr=0.35 time=71.3s
[Epoch 326] loss=0.0697 miou=0.9107 f1=0.9491 thr=0.35 time=71.3s
[Epoch 327] loss=0.0671 miou=0.9056 f1=0.9465 thr=0.35 time=71.3s
[Epoch 328] loss=0.0732 miou=0.9020 f1=0.9439 thr=0.50 time=71.2s
[Epoch 329] loss=0.0714 miou=0.9070 f1=0.9466 thr=0.35 time=71.1s
[Epoch 330] loss=0.0681 miou=0.9126 f1=0.9500 thr=0.35 time=71.2s
[Epoch 331] loss=0.0682 miou=0.9099 f1=0.9487 thr=0.35 time=71.0s
[Epoch 332] loss=0.0666 miou=0.9123 f1=0.9497 thr=0.35 time=71.1s
[Epoch 333] loss=0.0664 miou=0.8999 f1=0.9422 thr=0.35 time=70.7s
[Epoch 334] loss=0.0670 miou=0.9120 f1=0.9495 thr=0.35 time=70.7s
[Epoch 335] loss=0.0675 miou=0.9030 f1=0.9431 thr=0.40 time=70.7s
[Epoch 336] loss=0.0687 miou=0.9005 f1=0.9425 thr=0.50 time=70.7s
[Epoch 337] loss=0.0685 miou=0.9096 f1=0.9480 thr=0.35 time=70.7s
[Epoch 338] loss=0.0640 miou=0.9090 f1=0.9477 thr=0.35 time=70.8s
[Epoch 339] loss=0.0680 miou=0.9086 f1=0.9471 thr=0.35 time=71.1s
[Epoch 340] loss=0.0672 miou=0.9065 f1=0.9464 thr=0.50 time=71.2s
[Epoch 341] loss=0.0689 miou=0.8982 f1=0.9415 thr=0.35 time=71.2s
[Epoch 342] loss=0.0670 miou=0.8998 f1=0.9427 thr=0.35 time=71.1s
[Epoch 343] loss=0.0666 miou=0.9114 f1=0.9494 thr=0.35 time=71.1s
[Epoch 344] loss=0.0670 miou=0.9099 f1=0.9482 thr=0.35 time=71.2s
[Epoch 345] loss=0.0683 miou=0.9049 f1=0.9445 thr=0.35 time=71.3s
[Epoch 346] loss=0.0651 miou=0.9085 f1=0.9475 thr=0.35 time=71.1s
[Epoch 347] loss=0.0674 miou=0.9050 f1=0.9449 thr=0.35 time=70.8s
[Epoch 348] loss=0.0666 miou=0.8904 f1=0.9350 thr=0.35 time=70.9s
[Epoch 349] loss=0.0692 miou=0.9066 f1=0.9465 thr=0.50 time=71.2s
[Epoch 350] loss=0.0685 miou=0.9004 f1=0.9427 thr=0.35 time=71.1s
[Epoch 351] loss=0.0682 miou=0.9064 f1=0.9462 thr=0.35 time=70.8s
[Epoch 352] loss=0.0669 miou=0.9114 f1=0.9493 thr=0.35 time=71.1s
[Epoch 353] loss=0.0668 miou=0.9119 f1=0.9492 thr=0.35 time=71.3s
[Epoch 354] loss=0.0712 miou=0.9039 f1=0.9439 thr=0.45 time=71.2s
[Epoch 355] loss=0.0678 miou=0.9141 f1=0.9512 thr=0.35 time=71.3s
[Epoch 356] loss=0.0687 miou=0.8987 f1=0.9415 thr=0.55 time=71.1s
[Epoch 357] loss=0.0652 miou=0.9116 f1=0.9495 thr=0.35 time=71.1s
[Epoch 358] loss=0.0751 miou=0.8984 f1=0.9399 thr=0.55 time=71.3s
[Epoch 359] loss=0.0691 miou=0.9093 f1=0.9473 thr=0.35 time=70.9s
[Epoch 360] loss=0.0649 miou=0.9149 f1=0.9508 thr=0.35 time=71.1s
[Epoch 361] loss=0.0638 miou=0.9126 f1=0.9496 thr=0.35 time=71.0s
[Epoch 362] loss=0.0670 miou=0.9122 f1=0.9494 thr=0.40 time=71.0s
[Epoch 363] loss=0.0682 miou=0.9076 f1=0.9464 thr=0.35 time=70.8s
[Epoch 364] loss=0.0664 miou=0.9097 f1=0.9476 thr=0.35 time=70.8s
[Epoch 365] loss=0.0643 miou=0.9158 f1=0.9517 thr=0.35 time=71.1s
[Epoch 366] loss=0.0613 miou=0.9073 f1=0.9475 thr=0.35 time=71.2s
[Epoch 367] loss=0.0644 miou=0.9124 f1=0.9500 thr=0.35 time=70.9s
[Epoch 368] loss=0.0647 miou=0.9122 f1=0.9494 thr=0.35 time=71.2s
[Epoch 369] loss=0.0644 miou=0.9094 f1=0.9475 thr=0.35 time=71.2s
[Epoch 370] loss=0.0644 miou=0.9100 f1=0.9474 thr=0.50 time=71.2s
[Epoch 371] loss=0.0657 miou=0.9148 f1=0.9514 thr=0.40 time=71.2s
[Epoch 372] loss=0.0653 miou=0.9118 f1=0.9497 thr=0.35 time=71.3s
[Epoch 373] loss=0.0652 miou=0.9101 f1=0.9480 thr=0.35 time=71.2s
[Epoch 374] loss=0.0653 miou=0.9046 f1=0.9445 thr=0.55 time=71.2s
[Epoch 375] loss=0.0676 miou=0.9109 f1=0.9476 thr=0.40 time=71.2s
[Epoch 376] loss=0.0625 miou=0.9085 f1=0.9473 thr=0.45 time=71.2s
[Epoch 377] loss=0.0633 miou=0.9158 f1=0.9513 thr=0.35 time=71.2s
[Epoch 378] loss=0.0595 miou=0.9179 f1=0.9523 thr=0.35 time=71.1s
[Epoch 379] loss=0.0617 miou=0.9064 f1=0.9448 thr=0.35 time=71.2s
[Epoch 380] loss=0.0632 miou=0.9067 f1=0.9463 thr=0.35 time=71.2s
[Epoch 381] loss=0.0646 miou=0.9045 f1=0.9453 thr=0.40 time=71.1s
[Epoch 382] loss=0.0641 miou=0.9149 f1=0.9514 thr=0.35 time=70.8s
[Epoch 383] loss=0.0592 miou=0.9044 f1=0.9449 thr=0.50 time=70.9s
[Epoch 384] loss=0.0621 miou=0.9156 f1=0.9509 thr=0.35 time=70.9s
[Epoch 385] loss=0.0612 miou=0.9108 f1=0.9487 thr=0.35 time=70.9s
[Epoch 386] loss=0.0619 miou=0.9109 f1=0.9479 thr=0.50 time=70.9s
[Epoch 387] loss=0.0612 miou=0.9123 f1=0.9485 thr=0.50 time=70.9s
[Epoch 388] loss=0.0613 miou=0.9140 f1=0.9499 thr=0.35 time=70.9s
[Epoch 389] loss=0.0636 miou=0.9084 f1=0.9465 thr=0.35 time=71.1s
[Epoch 390] loss=0.0631 miou=0.9065 f1=0.9453 thr=0.45 time=71.0s
[Epoch 391] loss=0.0607 miou=0.9083 f1=0.9477 thr=0.35 time=71.1s
[Epoch 392] loss=0.0608 miou=0.9156 f1=0.9508 thr=0.35 time=71.0s
[Epoch 393] loss=0.0602 miou=0.9059 f1=0.9460 thr=0.35 time=70.9s
[Epoch 394] loss=0.0632 miou=0.9043 f1=0.9433 thr=0.50 time=70.8s
[Epoch 395] loss=0.0665 miou=0.9070 f1=0.9461 thr=0.55 time=70.9s
[Epoch 396] loss=0.0621 miou=0.9180 f1=0.9528 thr=0.35 time=71.1s
[Epoch 397] loss=0.0588 miou=0.9192 f1=0.9540 thr=0.35 time=71.3s
[Epoch 398] loss=0.0579 miou=0.9105 f1=0.9489 thr=0.35 time=71.2s
[Epoch 399] loss=0.0618 miou=0.9192 f1=0.9541 thr=0.35 time=71.2s
[Epoch 400] loss=0.0605 miou=0.9160 f1=0.9522 thr=0.50 time=71.1s
[Epoch 401] loss=0.0594 miou=0.9186 f1=0.9538 thr=0.35 time=71.1s
[Epoch 402] loss=0.0606 miou=0.9156 f1=0.9515 thr=0.35 time=71.2s
[Epoch 403] loss=0.0604 miou=0.9153 f1=0.9516 thr=0.50 time=71.3s
[Epoch 404] loss=0.0605 miou=0.9110 f1=0.9480 thr=0.55 time=71.1s
[Epoch 405] loss=0.0616 miou=0.9107 f1=0.9488 thr=0.45 time=71.2s
[Epoch 406] loss=0.0643 miou=0.9090 f1=0.9477 thr=0.35 time=71.1s
[Epoch 407] loss=0.0653 miou=0.8854 f1=0.9323 thr=0.35 time=71.3s
[Epoch 408] loss=0.0642 miou=0.9047 f1=0.9445 thr=0.35 time=71.3s
[Epoch 409] loss=0.0620 miou=0.9164 f1=0.9526 thr=0.35 time=71.2s
[Epoch 410] loss=0.0600 miou=0.9199 f1=0.9543 thr=0.35 time=71.2s
[Epoch 411] loss=0.0623 miou=0.9167 f1=0.9524 thr=0.35 time=71.3s
[Epoch 412] loss=0.0625 miou=0.9135 f1=0.9508 thr=0.35 time=71.3s
[Epoch 413] loss=0.0621 miou=0.9182 f1=0.9530 thr=0.40 time=71.2s
[Epoch 414] loss=0.0666 miou=0.9119 f1=0.9489 thr=0.35 time=71.3s
[Epoch 415] loss=0.0615 miou=0.9184 f1=0.9526 thr=0.50 time=71.3s
[Epoch 416] loss=0.0599 miou=0.9076 f1=0.9465 thr=0.50 time=71.2s
[Epoch 417] loss=0.0625 miou=0.9180 f1=0.9534 thr=0.50 time=71.2s
[Epoch 418] loss=0.0588 miou=0.9167 f1=0.9530 thr=0.45 time=71.1s
[Epoch 419] loss=0.0633 miou=0.9149 f1=0.9514 thr=0.35 time=71.1s
[Epoch 420] loss=0.0605 miou=0.9125 f1=0.9486 thr=0.35 time=71.2s
[Epoch 421] loss=0.0600 miou=0.9089 f1=0.9470 thr=0.35 time=71.2s
[Epoch 422] loss=0.0595 miou=0.9141 f1=0.9500 thr=0.35 time=71.2s
[Epoch 423] loss=0.0571 miou=0.9060 f1=0.9446 thr=0.35 time=71.1s
[Epoch 424] loss=0.0601 miou=0.9156 f1=0.9508 thr=0.35 time=71.2s
[Epoch 425] loss=0.0633 miou=0.9079 f1=0.9465 thr=0.35 time=71.1s
[Epoch 426] loss=0.0671 miou=0.9059 f1=0.9460 thr=0.50 time=71.1s
[Epoch 427] loss=0.0606 miou=0.9048 f1=0.9425 thr=0.40 time=71.2s
[Epoch 428] loss=0.0596 miou=0.9120 f1=0.9496 thr=0.35 time=71.1s
[Epoch 429] loss=0.0603 miou=0.9175 f1=0.9524 thr=0.35 time=71.2s
[Epoch 430] loss=0.0597 miou=0.9103 f1=0.9475 thr=0.40 time=71.2s
[Epoch 431] loss=0.0583 miou=0.9154 f1=0.9501 thr=0.45 time=71.1s
[Epoch 432] loss=0.0580 miou=0.9162 f1=0.9517 thr=0.35 time=71.1s
[Epoch 433] loss=0.0576 miou=0.9107 f1=0.9478 thr=0.35 time=71.1s
[Epoch 434] loss=0.0627 miou=0.9146 f1=0.9515 thr=0.35 time=71.3s
[Epoch 435] loss=0.0594 miou=0.9116 f1=0.9493 thr=0.35 time=71.2s
[Epoch 436] loss=0.0813 miou=0.8837 f1=0.9309 thr=0.35 time=71.2s
[Epoch 437] loss=0.0660 miou=0.9069 f1=0.9457 thr=0.35 time=71.2s
[Epoch 438] loss=0.0574 miou=0.9111 f1=0.9483 thr=0.40 time=71.3s
[Epoch 439] loss=0.0559 miou=0.9181 f1=0.9525 thr=0.35 time=71.2s
[Epoch 440] loss=0.0539 miou=0.9201 f1=0.9537 thr=0.35 time=71.2s
[Epoch 441] loss=0.0554 miou=0.9187 f1=0.9531 thr=0.35 time=71.2s
[Epoch 442] loss=0.0564 miou=0.9199 f1=0.9538 thr=0.35 time=71.1s
[Epoch 443] loss=0.0547 miou=0.9108 f1=0.9484 thr=0.35 time=71.2s
[Epoch 444] loss=0.0574 miou=0.9160 f1=0.9517 thr=0.35 time=71.1s
[Epoch 445] loss=0.0559 miou=0.9146 f1=0.9508 thr=0.55 time=71.2s
[Epoch 446] loss=0.0568 miou=0.9183 f1=0.9530 thr=0.40 time=71.2s
[Epoch 447] loss=0.0576 miou=0.9190 f1=0.9534 thr=0.35 time=71.1s
[Epoch 448] loss=0.0584 miou=0.9118 f1=0.9491 thr=0.35 time=71.2s
[Epoch 449] loss=0.0558 miou=0.9143 f1=0.9504 thr=0.55 time=71.4s
[Epoch 450] loss=0.0577 miou=0.9189 f1=0.9531 thr=0.35 time=71.2s
[Epoch 451] loss=0.0616 miou=0.9146 f1=0.9508 thr=0.35 time=71.1s
[Epoch 452] loss=0.0558 miou=0.9163 f1=0.9516 thr=0.35 time=71.2s
[Epoch 453] loss=0.0596 miou=0.9182 f1=0.9527 thr=0.40 time=71.2s
[Epoch 454] loss=0.0587 miou=0.9160 f1=0.9512 thr=0.35 time=71.1s
[Epoch 455] loss=0.0552 miou=0.9231 f1=0.9556 thr=0.35 time=71.1s
[Epoch 456] loss=0.0559 miou=0.9121 f1=0.9496 thr=0.35 time=71.2s
[Epoch 457] loss=0.0564 miou=0.9164 f1=0.9518 thr=0.35 time=71.1s
[Epoch 458] loss=0.0579 miou=0.9178 f1=0.9522 thr=0.35 time=71.1s
[Epoch 459] loss=0.0563 miou=0.9163 f1=0.9518 thr=0.55 time=71.2s
[Epoch 460] loss=0.0582 miou=0.9148 f1=0.9513 thr=0.35 time=71.1s
[Epoch 461] loss=0.0588 miou=0.9145 f1=0.9513 thr=0.35 time=71.2s
[Epoch 462] loss=0.0587 miou=0.9168 f1=0.9520 thr=0.35 time=71.2s
[Epoch 463] loss=0.0602 miou=0.8979 f1=0.9410 thr=0.55 time=71.1s
[Epoch 464] loss=0.0631 miou=0.9151 f1=0.9507 thr=0.35 time=71.1s
[Epoch 465] loss=0.0570 miou=0.9113 f1=0.9479 thr=0.35 time=71.2s
[Epoch 466] loss=0.0540 miou=0.9145 f1=0.9512 thr=0.45 time=70.9s
[Epoch 467] loss=0.0538 miou=0.9150 f1=0.9511 thr=0.35 time=70.7s
[Epoch 468] loss=0.0566 miou=0.9177 f1=0.9529 thr=0.40 time=71.0s
[Epoch 469] loss=0.0603 miou=0.9165 f1=0.9515 thr=0.35 time=71.1s
[Epoch 470] loss=0.0572 miou=0.9161 f1=0.9515 thr=0.35 time=71.2s
[Epoch 471] loss=0.0559 miou=0.9149 f1=0.9506 thr=0.35 time=71.1s
[Epoch 472] loss=0.0579 miou=0.9163 f1=0.9517 thr=0.40 time=71.1s
[Epoch 473] loss=0.0548 miou=0.9116 f1=0.9488 thr=0.35 time=71.2s
[Epoch 474] loss=0.0545 miou=0.9184 f1=0.9530 thr=0.50 time=71.2s
[Epoch 475] loss=0.0574 miou=0.9166 f1=0.9514 thr=0.35 time=70.7s
[Epoch 476] loss=0.0556 miou=0.9162 f1=0.9522 thr=0.35 time=70.7s
[Epoch 477] loss=0.0548 miou=0.9209 f1=0.9542 thr=0.35 time=71.2s
[Epoch 478] loss=0.0558 miou=0.9188 f1=0.9537 thr=0.35 time=71.2s
[Epoch 479] loss=0.0592 miou=0.9091 f1=0.9476 thr=0.35 time=71.2s
[Epoch 480] loss=0.0570 miou=0.9177 f1=0.9527 thr=0.35 time=71.2s
[Epoch 481] loss=0.0578 miou=0.9127 f1=0.9495 thr=0.35 time=71.1s
[Epoch 482] loss=0.0601 miou=0.9198 f1=0.9538 thr=0.35 time=71.0s
[Epoch 483] loss=0.0594 miou=0.9132 f1=0.9504 thr=0.40 time=71.3s
[Epoch 484] loss=0.0574 miou=0.9129 f1=0.9499 thr=0.35 time=71.2s
[Epoch 485] loss=0.0593 miou=0.9175 f1=0.9524 thr=0.35 time=71.2s
[Epoch 486] loss=0.0597 miou=0.9122 f1=0.9487 thr=0.35 time=71.1s
[Epoch 487] loss=0.0566 miou=0.9179 f1=0.9527 thr=0.35 time=70.7s
[Epoch 488] loss=0.0613 miou=0.9150 f1=0.9505 thr=0.35 time=71.1s
[Epoch 489] loss=0.0593 miou=0.9187 f1=0.9534 thr=0.35 time=71.2s
[Epoch 490] loss=0.0596 miou=0.9138 f1=0.9504 thr=0.35 time=71.1s
[Epoch 491] loss=0.0551 miou=0.9194 f1=0.9533 thr=0.35 time=71.1s
[Epoch 492] loss=0.0571 miou=0.9164 f1=0.9521 thr=0.55 time=71.2s
[Epoch 493] loss=0.0579 miou=0.9116 f1=0.9491 thr=0.35 time=71.1s
[Epoch 494] loss=0.0601 miou=0.9183 f1=0.9532 thr=0.35 time=71.3s
[Epoch 495] loss=0.0586 miou=0.9186 f1=0.9536 thr=0.55 time=71.2s
[Epoch 496] loss=0.0585 miou=0.9172 f1=0.9530 thr=0.35 time=71.2s
[Epoch 497] loss=0.0578 miou=0.9185 f1=0.9534 thr=0.35 time=71.2s
[Epoch 498] loss=0.0573 miou=0.9140 f1=0.9508 thr=0.40 time=71.2s
[Epoch 499] loss=0.0587 miou=0.9194 f1=0.9538 thr=0.35 time=71.2s
[Epoch 500] loss=0.0571 miou=0.9192 f1=0.9536 thr=0.35 time=71.2s
[Epoch 501] loss=0.0576 miou=0.9116 f1=0.9494 thr=0.50 time=71.2s
[Epoch 502] loss=0.0593 miou=0.9225 f1=0.9561 thr=0.35 time=71.2s
[Epoch 503] loss=0.0548 miou=0.9204 f1=0.9545 thr=0.35 time=71.3s
[Epoch 504] loss=0.0555 miou=0.9234 f1=0.9564 thr=0.35 time=71.3s
[Epoch 505] loss=0.0557 miou=0.9217 f1=0.9556 thr=0.35 time=71.5s
[Epoch 506] loss=0.0555 miou=0.9213 f1=0.9550 thr=0.35 time=71.2s
[Epoch 507] loss=0.0602 miou=0.9174 f1=0.9530 thr=0.35 time=71.2s
[Epoch 508] loss=0.0581 miou=0.9196 f1=0.9545 thr=0.35 time=71.2s
[Epoch 509] loss=0.0576 miou=0.9234 f1=0.9566 thr=0.35 time=71.2s
[Epoch 510] loss=0.0588 miou=0.9183 f1=0.9534 thr=0.35 time=71.3s
[Epoch 511] loss=0.0583 miou=0.9243 f1=0.9567 thr=0.55 time=71.3s
[Epoch 512] loss=0.0576 miou=0.9210 f1=0.9552 thr=0.35 time=71.2s
[Epoch 513] loss=0.0585 miou=0.9167 f1=0.9519 thr=0.35 time=71.2s
[Epoch 514] loss=0.0593 miou=0.9218 f1=0.9547 thr=0.35 time=71.3s
[Epoch 515] loss=0.0587 miou=0.9161 f1=0.9520 thr=0.55 time=71.2s
[Epoch 516] loss=0.0593 miou=0.9165 f1=0.9525 thr=0.35 time=71.2s
[Epoch 517] loss=0.0638 miou=0.9161 f1=0.9513 thr=0.35 time=71.2s
[Epoch 518] loss=0.0608 miou=0.9141 f1=0.9495 thr=0.35 time=71.3s
[Epoch 519] loss=0.0598 miou=0.9189 f1=0.9540 thr=0.35 time=71.2s
[Epoch 520] loss=0.0605 miou=0.9194 f1=0.9544 thr=0.35 time=71.3s
[Epoch 521] loss=0.0605 miou=0.9206 f1=0.9545 thr=0.35 time=71.3s
[Epoch 522] loss=0.0578 miou=0.9151 f1=0.9514 thr=0.35 time=71.2s
[Epoch 523] loss=0.0635 miou=0.9067 f1=0.9444 thr=0.35 time=71.2s
[Epoch 524] loss=0.0608 miou=0.9118 f1=0.9475 thr=0.35 time=71.1s
[Epoch 525] loss=0.0609 miou=0.9217 f1=0.9549 thr=0.35 time=71.2s
[Epoch 526] loss=0.0582 miou=0.9158 f1=0.9512 thr=0.35 time=71.1s
[Epoch 527] loss=0.0587 miou=0.9170 f1=0.9502 thr=0.35 time=71.2s
[Epoch 528] loss=0.0568 miou=0.9185 f1=0.9517 thr=0.35 time=71.3s
[Epoch 529] loss=0.0583 miou=0.9202 f1=0.9535 thr=0.35 time=71.2s
[Epoch 530] loss=0.0621 miou=0.9183 f1=0.9528 thr=0.50 time=71.2s
[Epoch 531] loss=0.0591 miou=0.9225 f1=0.9549 thr=0.35 time=71.1s
[Epoch 532] loss=0.0587 miou=0.9200 f1=0.9531 thr=0.35 time=71.1s
[Epoch 533] loss=0.0561 miou=0.9202 f1=0.9538 thr=0.35 time=71.2s
[Epoch 534] loss=0.0596 miou=0.9153 f1=0.9502 thr=0.35 time=71.2s
[Epoch 535] loss=0.0617 miou=0.9146 f1=0.9503 thr=0.50 time=71.1s
[Epoch 536] loss=0.0631 miou=0.9155 f1=0.9509 thr=0.35 time=71.2s
[Epoch 537] loss=0.0629 miou=0.9199 f1=0.9530 thr=0.35 time=71.2s
[Epoch 538] loss=0.0577 miou=0.9104 f1=0.9476 thr=0.35 time=71.2s
[Epoch 539] loss=0.0559 miou=0.9158 f1=0.9508 thr=0.35 time=71.1s
[Epoch 540] loss=0.0552 miou=0.9199 f1=0.9532 thr=0.35 time=71.1s
[Epoch 541] loss=0.0567 miou=0.9192 f1=0.9533 thr=0.35 time=71.2s
[Epoch 542] loss=0.0541 miou=0.9209 f1=0.9542 thr=0.55 time=71.1s
[Epoch 543] loss=0.0527 miou=0.9207 f1=0.9537 thr=0.35 time=71.2s
[Epoch 544] loss=0.0565 miou=0.9208 f1=0.9535 thr=0.35 time=71.2s
[Epoch 545] loss=0.0550 miou=0.9149 f1=0.9505 thr=0.50 time=71.1s
[Epoch 546] loss=0.0577 miou=0.9213 f1=0.9541 thr=0.35 time=71.1s
[Epoch 547] loss=0.0583 miou=0.9103 f1=0.9465 thr=0.35 time=71.2s
[Epoch 548] loss=0.0549 miou=0.9146 f1=0.9493 thr=0.35 time=71.1s
[Epoch 549] loss=0.0584 miou=0.9166 f1=0.9519 thr=0.35 time=71.3s
[Epoch 550] loss=0.0570 miou=0.9199 f1=0.9527 thr=0.45 time=71.3s
[Epoch 551] loss=0.0547 miou=0.9199 f1=0.9534 thr=0.40 time=71.3s
[Epoch 552] loss=0.0540 miou=0.9187 f1=0.9526 thr=0.50 time=71.2s
[Epoch 553] loss=0.0531 miou=0.9199 f1=0.9528 thr=0.35 time=71.2s
[Epoch 554] loss=0.0543 miou=0.9191 f1=0.9523 thr=0.50 time=71.2s
[Epoch 555] loss=0.0541 miou=0.9195 f1=0.9525 thr=0.35 time=71.3s
[Epoch 556] loss=0.0553 miou=0.9192 f1=0.9528 thr=0.35 time=71.1s
[Epoch 557] loss=0.0563 miou=0.9224 f1=0.9541 thr=0.55 time=71.2s
[Epoch 558] loss=0.0557 miou=0.9195 f1=0.9528 thr=0.35 time=71.1s
[Epoch 559] loss=0.0537 miou=0.9195 f1=0.9527 thr=0.35 time=71.2s
[Epoch 560] loss=0.0570 miou=0.9127 f1=0.9495 thr=0.35 time=71.1s
[Epoch 561] loss=0.0589 miou=0.8889 f1=0.9307 thr=0.35 time=71.2s
[Epoch 562] loss=0.0579 miou=0.9209 f1=0.9533 thr=0.40 time=71.2s
[Epoch 563] loss=0.0547 miou=0.9218 f1=0.9539 thr=0.35 time=71.2s
[Epoch 564] loss=0.0566 miou=0.9212 f1=0.9539 thr=0.35 time=71.2s
[Epoch 565] loss=0.0572 miou=0.9192 f1=0.9525 thr=0.35 time=71.3s
[Epoch 566] loss=0.0600 miou=0.9187 f1=0.9523 thr=0.35 time=71.1s
[Epoch 567] loss=0.0589 miou=0.9216 f1=0.9543 thr=0.35 time=71.2s
[Epoch 568] loss=0.0548 miou=0.9189 f1=0.9526 thr=0.35 time=71.2s
[Epoch 569] loss=0.0583 miou=0.9204 f1=0.9533 thr=0.35 time=71.2s
[Epoch 570] loss=0.0586 miou=0.9143 f1=0.9497 thr=0.35 time=71.1s
[Epoch 571] loss=0.0579 miou=0.9238 f1=0.9549 thr=0.35 time=71.1s
[Epoch 572] loss=0.0594 miou=0.9214 f1=0.9540 thr=0.35 time=71.1s
[Epoch 573] loss=0.0577 miou=0.9168 f1=0.9513 thr=0.45 time=71.2s
[Epoch 574] loss=0.0596 miou=0.9203 f1=0.9538 thr=0.35 time=71.2s
[Epoch 575] loss=0.0613 miou=0.9123 f1=0.9489 thr=0.35 time=71.2s
[Epoch 576] loss=0.0583 miou=0.9196 f1=0.9530 thr=0.35 time=71.2s
[Epoch 577] loss=0.0544 miou=0.9184 f1=0.9523 thr=0.35 time=71.1s
[Epoch 578] loss=0.0563 miou=0.9192 f1=0.9526 thr=0.35 time=71.1s
[Epoch 579] loss=0.0572 miou=0.9195 f1=0.9530 thr=0.35 time=71.1s
[Epoch 580] loss=0.0582 miou=0.9228 f1=0.9549 thr=0.35 time=71.4s
[Epoch 581] loss=0.0577 miou=0.9218 f1=0.9545 thr=0.35 time=71.1s
[Epoch 582] loss=0.0591 miou=0.9137 f1=0.9493 thr=0.35 time=71.1s
[Epoch 583] loss=0.0574 miou=0.9219 f1=0.9546 thr=0.35 time=71.1s
[Epoch 584] loss=0.0565 miou=0.9142 f1=0.9505 thr=0.35 time=71.2s
[Epoch 585] loss=0.0583 miou=0.9183 f1=0.9522 thr=0.35 time=71.1s
[Epoch 586] loss=0.0582 miou=0.9160 f1=0.9503 thr=0.35 time=71.2s
[Epoch 587] loss=0.0590 miou=0.9183 f1=0.9525 thr=0.35 time=71.1s
[Epoch 588] loss=0.0572 miou=0.9181 f1=0.9522 thr=0.35 time=71.3s
[Epoch 589] loss=0.0565 miou=0.9172 f1=0.9520 thr=0.35 time=71.3s
[Epoch 590] loss=0.0583 miou=0.9158 f1=0.9513 thr=0.35 time=71.2s
[Epoch 591] loss=0.0589 miou=0.9223 f1=0.9548 thr=0.35 time=71.2s
[Epoch 592] loss=0.0582 miou=0.9221 f1=0.9550 thr=0.35 time=71.3s
[Epoch 593] loss=0.0576 miou=0.9216 f1=0.9542 thr=0.35 time=71.3s
[Epoch 594] loss=0.0546 miou=0.9230 f1=0.9553 thr=0.35 time=71.1s
[Epoch 595] loss=0.0562 miou=0.9185 f1=0.9526 thr=0.35 time=71.3s
[Epoch 596] loss=0.0554 miou=0.9206 f1=0.9541 thr=0.55 time=71.3s
[Epoch 597] loss=0.0572 miou=0.9232 f1=0.9556 thr=0.35 time=71.2s
[Epoch 598] loss=0.0605 miou=0.9193 f1=0.9531 thr=0.35 time=71.2s
[Epoch 599] loss=0.0590 miou=0.9142 f1=0.9494 thr=0.40 time=71.0s
[Epoch 600] loss=0.0571 miou=0.9229 f1=0.9552 thr=0.35 time=71.2s
[Epoch 601] loss=0.0570 miou=0.9210 f1=0.9543 thr=0.35 time=71.2s
[Epoch 602] loss=0.0591 miou=0.9242 f1=0.9562 thr=0.35 time=71.2s
[Epoch 603] loss=0.0563 miou=0.9197 f1=0.9536 thr=0.35 time=71.2s
[Epoch 604] loss=0.0582 miou=0.9199 f1=0.9536 thr=0.35 time=71.1s
[Epoch 605] loss=0.0601 miou=0.9181 f1=0.9525 thr=0.35 time=71.2s
[Epoch 606] loss=0.0589 miou=0.9193 f1=0.9533 thr=0.40 time=71.2s
[Epoch 607] loss=0.0580 miou=0.9213 f1=0.9541 thr=0.35 time=71.2s
[Epoch 608] loss=0.0569 miou=0.9194 f1=0.9533 thr=0.35 time=71.4s
[Epoch 609] loss=0.0589 miou=0.9202 f1=0.9536 thr=0.35 time=71.1s
[Epoch 610] loss=0.0610 miou=0.9180 f1=0.9526 thr=0.35 time=71.0s
[Epoch 611] loss=0.0626 miou=0.9165 f1=0.9514 thr=0.35 time=71.0s
[Epoch 612] loss=0.0615 miou=0.9162 f1=0.9508 thr=0.35 time=71.1s
[Epoch 613] loss=0.0596 miou=0.9202 f1=0.9531 thr=0.45 time=71.0s
[Epoch 614] loss=0.0586 miou=0.9196 f1=0.9529 thr=0.35 time=70.9s
[Epoch 615] loss=0.0626 miou=0.9094 f1=0.9463 thr=0.35 time=71.1s
[Epoch 616] loss=0.0590 miou=0.9195 f1=0.9528 thr=0.35 time=71.0s
[Epoch 617] loss=0.0571 miou=0.9171 f1=0.9516 thr=0.35 time=70.9s
[Epoch 618] loss=0.0582 miou=0.9192 f1=0.9522 thr=0.55 time=70.9s
[Epoch 619] loss=0.0608 miou=0.9209 f1=0.9541 thr=0.35 time=71.0s
[Epoch 620] loss=0.0743 miou=0.9092 f1=0.9470 thr=0.35 time=71.2s
[Epoch 621] loss=0.0615 miou=0.9231 f1=0.9559 thr=0.40 time=71.1s
[Epoch 622] loss=0.0579 miou=0.9235 f1=0.9560 thr=0.35 time=71.2s
[Epoch 623] loss=0.0540 miou=0.9269 f1=0.9582 thr=0.35 time=71.2s
[Epoch 624] loss=0.0576 miou=0.9265 f1=0.9577 thr=0.45 time=71.2s
[Epoch 625] loss=0.0572 miou=0.9269 f1=0.9578 thr=0.35 time=70.9s
[Epoch 626] loss=0.0558 miou=0.9279 f1=0.9581 thr=0.50 time=71.2s
[Epoch 627] loss=0.0583 miou=0.9237 f1=0.9557 thr=0.35 time=71.0s
[Epoch 628] loss=0.0579 miou=0.9253 f1=0.9568 thr=0.35 time=71.1s
[Epoch 629] loss=0.0580 miou=0.9244 f1=0.9565 thr=0.35 time=71.1s
[Epoch 630] loss=0.0551 miou=0.9246 f1=0.9571 thr=0.35 time=71.2s
[Epoch 631] loss=0.0553 miou=0.9254 f1=0.9574 thr=0.35 time=70.8s
[Epoch 632] loss=0.0542 miou=0.9281 f1=0.9588 thr=0.35 time=71.3s
[Epoch 633] loss=0.0552 miou=0.9257 f1=0.9572 thr=0.35 time=71.4s
[Epoch 634] loss=0.0551 miou=0.9246 f1=0.9564 thr=0.35 time=71.2s
[Epoch 635] loss=0.0548 miou=0.9262 f1=0.9575 thr=0.35 time=71.3s
[Epoch 636] loss=0.0598 miou=0.9232 f1=0.9558 thr=0.55 time=71.1s
[Epoch 637] loss=0.0580 miou=0.9213 f1=0.9543 thr=0.35 time=71.0s
[Epoch 638] loss=0.0602 miou=0.9202 f1=0.9538 thr=0.50 time=71.0s
[Epoch 639] loss=0.0615 miou=0.9222 f1=0.9549 thr=0.35 time=71.0s
[Epoch 640] loss=0.0591 miou=0.9184 f1=0.9533 thr=0.35 time=71.1s
[Epoch 641] loss=0.0589 miou=0.9233 f1=0.9556 thr=0.35 time=71.1s
[Epoch 642] loss=0.0582 miou=0.9251 f1=0.9566 thr=0.35 time=71.0s
[Epoch 643] loss=0.0589 miou=0.9241 f1=0.9566 thr=0.35 time=70.8s
[Epoch 644] loss=0.0601 miou=0.9248 f1=0.9569 thr=0.35 time=70.9s
[Epoch 645] loss=0.0624 miou=0.9223 f1=0.9551 thr=0.35 time=71.1s
[Epoch 646] loss=0.0632 miou=0.9150 f1=0.9501 thr=0.35 time=71.1s
[Epoch 647] loss=0.0576 miou=0.9182 f1=0.9521 thr=0.35 time=71.2s
[Epoch 648] loss=0.0575 miou=0.9194 f1=0.9535 thr=0.35 time=71.2s
[Epoch 649] loss=0.0571 miou=0.9215 f1=0.9550 thr=0.35 time=71.2s
[Epoch 650] loss=0.0578 miou=0.9217 f1=0.9548 thr=0.35 time=71.2s
[Epoch 651] loss=0.0531 miou=0.9222 f1=0.9551 thr=0.35 time=71.3s
[Epoch 652] loss=0.0573 miou=0.9262 f1=0.9574 thr=0.50 time=71.2s
[Epoch 653] loss=0.0586 miou=0.9217 f1=0.9547 thr=0.40 time=71.2s
[Epoch 654] loss=0.0574 miou=0.9215 f1=0.9546 thr=0.35 time=71.2s
[Epoch 655] loss=0.0572 miou=0.9251 f1=0.9564 thr=0.35 time=71.2s
[Epoch 656] loss=0.0564 miou=0.9199 f1=0.9528 thr=0.35 time=71.3s
[Epoch 657] loss=0.0554 miou=0.9223 f1=0.9551 thr=0.35 time=71.4s
[Epoch 658] loss=0.0601 miou=0.9158 f1=0.9502 thr=0.35 time=71.3s
[Epoch 659] loss=0.0575 miou=0.9220 f1=0.9540 thr=0.35 time=71.3s
[Epoch 660] loss=0.0585 miou=0.9085 f1=0.9467 thr=0.35 time=71.3s
[Epoch 661] loss=0.0588 miou=0.9200 f1=0.9526 thr=0.35 time=71.2s
[Epoch 662] loss=0.0594 miou=0.9175 f1=0.9514 thr=0.35 time=70.8s
[Epoch 663] loss=0.0583 miou=0.9215 f1=0.9538 thr=0.35 time=71.2s
[Epoch 664] loss=0.0586 miou=0.9139 f1=0.9492 thr=0.40 time=71.2s
[Epoch 665] loss=0.0595 miou=0.8940 f1=0.9374 thr=0.35 time=71.2s
[Epoch 666] loss=0.0767 miou=0.9110 f1=0.9483 thr=0.35 time=71.0s
[Epoch 667] loss=0.0519 miou=0.9205 f1=0.9539 thr=0.35 time=71.3s
[Epoch 668] loss=0.0524 miou=0.9211 f1=0.9545 thr=0.35 time=71.2s
[Epoch 669] loss=0.0501 miou=0.9231 f1=0.9559 thr=0.35 time=71.1s
[Epoch 670] loss=0.0511 miou=0.9247 f1=0.9569 thr=0.55 time=71.3s
[Epoch 671] loss=0.0502 miou=0.9219 f1=0.9546 thr=0.35 time=71.3s
[Epoch 672] loss=0.0499 miou=0.9259 f1=0.9578 thr=0.35 time=71.3s
[Epoch 673] loss=0.0486 miou=0.9268 f1=0.9582 thr=0.35 time=71.3s
[Epoch 674] loss=0.0498 miou=0.9274 f1=0.9587 thr=0.35 time=71.2s
[Epoch 675] loss=0.0500 miou=0.9254 f1=0.9575 thr=0.35 time=71.0s
[Epoch 676] loss=0.0507 miou=0.9277 f1=0.9589 thr=0.35 time=71.2s
[Epoch 677] loss=0.0500 miou=0.9254 f1=0.9576 thr=0.35 time=71.3s
[Epoch 678] loss=0.0496 miou=0.9252 f1=0.9571 thr=0.35 time=71.2s
[Epoch 679] loss=0.0512 miou=0.9260 f1=0.9578 thr=0.35 time=71.1s
[Epoch 680] loss=0.0531 miou=0.9254 f1=0.9578 thr=0.35 time=71.2s
[Epoch 681] loss=0.0507 miou=0.9243 f1=0.9568 thr=0.35 time=71.3s
[Epoch 682] loss=0.0538 miou=0.9198 f1=0.9542 thr=0.35 time=71.1s
[Epoch 683] loss=0.0533 miou=0.9213 f1=0.9546 thr=0.35 time=71.1s
[Epoch 684] loss=0.0531 miou=0.9226 f1=0.9555 thr=0.50 time=71.1s
[Epoch 685] loss=0.0531 miou=0.9235 f1=0.9563 thr=0.35 time=71.1s
[Epoch 686] loss=0.0531 miou=0.9242 f1=0.9565 thr=0.35 time=71.2s
[Epoch 687] loss=0.0530 miou=0.9237 f1=0.9562 thr=0.35 time=71.2s
[Epoch 688] loss=0.0524 miou=0.9237 f1=0.9559 thr=0.35 time=71.2s
[Epoch 689] loss=0.0545 miou=0.9231 f1=0.9554 thr=0.35 time=71.2s
[Epoch 690] loss=0.0559 miou=0.9244 f1=0.9566 thr=0.35 time=71.2s
[Epoch 691] loss=0.0548 miou=0.9222 f1=0.9557 thr=0.50 time=71.2s
[Epoch 692] loss=0.0571 miou=0.9090 f1=0.9470 thr=0.40 time=71.2s
[Epoch 693] loss=0.0592 miou=0.9147 f1=0.9506 thr=0.35 time=71.1s
[Epoch 694] loss=0.0531 miou=0.9226 f1=0.9549 thr=0.35 time=71.2s
[Epoch 695] loss=0.0505 miou=0.9212 f1=0.9542 thr=0.35 time=71.2s
[Epoch 696] loss=0.0545 miou=0.9242 f1=0.9560 thr=0.35 time=71.1s
[Epoch 697] loss=0.0518 miou=0.9258 f1=0.9572 thr=0.35 time=71.2s
[Epoch 698] loss=0.0563 miou=0.8935 f1=0.9359 thr=0.45 time=71.2s
[Epoch 699] loss=0.0504 miou=0.9169 f1=0.9505 thr=0.35 time=71.3s
[Epoch 700] loss=0.0507 miou=0.9220 f1=0.9537 thr=0.35 time=71.2s
[Epoch 701] loss=0.0512 miou=0.9255 f1=0.9570 thr=0.35 time=71.2s
[Epoch 702] loss=0.0526 miou=0.9247 f1=0.9566 thr=0.35 time=71.2s
[Epoch 703] loss=0.0521 miou=0.9203 f1=0.9535 thr=0.35 time=71.1s
[Epoch 704] loss=0.0534 miou=0.9263 f1=0.9576 thr=0.35 time=71.2s
[Epoch 705] loss=0.0540 miou=0.9228 f1=0.9554 thr=0.35 time=71.2s
[Epoch 706] loss=0.0543 miou=0.9257 f1=0.9570 thr=0.50 time=71.3s
[Epoch 707] loss=0.0523 miou=0.9253 f1=0.9566 thr=0.35 time=71.4s
[Epoch 708] loss=0.0539 miou=0.9224 f1=0.9549 thr=0.35 time=71.2s
[Epoch 709] loss=0.0552 miou=0.9233 f1=0.9556 thr=0.35 time=71.1s
[Epoch 710] loss=0.0587 miou=0.9187 f1=0.9527 thr=0.35 time=71.2s
[Epoch 711] loss=0.0604 miou=0.9193 f1=0.9536 thr=0.35 time=71.3s
[Epoch 712] loss=0.0577 miou=0.9197 f1=0.9530 thr=0.35 time=71.2s
[Epoch 713] loss=0.0575 miou=0.9201 f1=0.9538 thr=0.50 time=71.3s
[Epoch 714] loss=0.0555 miou=0.9253 f1=0.9573 thr=0.35 time=71.1s
[Epoch 715] loss=0.0558 miou=0.9198 f1=0.9539 thr=0.35 time=71.4s
[Epoch 716] loss=0.0584 miou=0.9234 f1=0.9555 thr=0.55 time=71.2s
[Epoch 717] loss=0.0568 miou=0.9242 f1=0.9562 thr=0.35 time=71.2s
[Epoch 718] loss=0.0570 miou=0.9206 f1=0.9537 thr=0.35 time=71.3s
[Epoch 719] loss=0.0572 miou=0.9207 f1=0.9539 thr=0.35 time=71.4s
[Epoch 720] loss=0.0582 miou=0.9233 f1=0.9562 thr=0.35 time=71.3s
[Epoch 721] loss=0.0581 miou=0.9228 f1=0.9563 thr=0.35 time=71.2s
[Epoch 722] loss=0.0595 miou=0.9215 f1=0.9550 thr=0.35 time=71.2s
[Epoch 723] loss=0.0592 miou=0.9235 f1=0.9560 thr=0.35 time=71.2s
[Epoch 724] loss=0.0582 miou=0.9225 f1=0.9552 thr=0.35 time=71.2s
[Epoch 725] loss=0.0571 miou=0.9230 f1=0.9556 thr=0.35 time=71.1s
[Epoch 726] loss=0.0584 miou=0.9175 f1=0.9517 thr=0.35 time=71.1s
[Epoch 727] loss=0.0586 miou=0.9235 f1=0.9566 thr=0.35 time=71.1s
[Epoch 728] loss=0.0566 miou=0.9250 f1=0.9568 thr=0.35 time=71.1s
[Epoch 729] loss=0.0557 miou=0.9252 f1=0.9570 thr=0.35 time=71.2s
[Epoch 730] loss=0.0600 miou=0.9218 f1=0.9548 thr=0.35 time=71.1s
[Epoch 731] loss=0.0672 miou=0.9002 f1=0.9401 thr=0.35 time=71.2s
[Epoch 732] loss=0.0580 miou=0.9163 f1=0.9515 thr=0.35 time=71.1s
[Epoch 733] loss=0.0527 miou=0.9268 f1=0.9580 thr=0.35 time=71.2s
[Epoch 734] loss=0.0504 miou=0.9245 f1=0.9568 thr=0.35 time=71.2s
[Epoch 735] loss=0.0501 miou=0.9266 f1=0.9578 thr=0.35 time=71.2s
[Epoch 736] loss=0.0508 miou=0.9275 f1=0.9587 thr=0.35 time=71.2s
[Epoch 737] loss=0.0507 miou=0.9289 f1=0.9590 thr=0.35 time=71.1s
[Epoch 738] loss=0.0498 miou=0.9302 f1=0.9597 thr=0.35 time=71.3s
[Epoch 739] loss=0.0517 miou=0.9226 f1=0.9550 thr=0.35 time=71.3s
[Epoch 740] loss=0.0527 miou=0.9257 f1=0.9574 thr=0.35 time=71.2s
[Epoch 741] loss=0.0530 miou=0.9270 f1=0.9577 thr=0.35 time=71.1s
[Epoch 742] loss=0.0510 miou=0.9293 f1=0.9593 thr=0.35 time=71.2s
[Epoch 743] loss=0.0515 miou=0.9277 f1=0.9585 thr=0.35 time=71.1s
[Epoch 744] loss=0.0542 miou=0.9249 f1=0.9565 thr=0.50 time=71.1s
[Epoch 745] loss=0.0544 miou=0.9254 f1=0.9576 thr=0.40 time=71.2s
[Epoch 746] loss=0.0524 miou=0.9283 f1=0.9592 thr=0.35 time=71.2s
[Epoch 747] loss=0.0548 miou=0.9211 f1=0.9548 thr=0.35 time=71.1s
[Epoch 748] loss=0.0569 miou=0.9231 f1=0.9563 thr=0.35 time=71.1s
[Epoch 749] loss=0.0564 miou=0.9122 f1=0.9489 thr=0.45 time=71.0s
[Epoch 750] loss=0.0599 miou=0.9167 f1=0.9515 thr=0.35 time=71.0s
[Epoch 751] loss=0.0578 miou=0.9225 f1=0.9557 thr=0.35 time=71.1s
[Epoch 752] loss=0.0575 miou=0.9197 f1=0.9532 thr=0.35 time=71.1s
[Epoch 753] loss=0.0552 miou=0.9199 f1=0.9537 thr=0.35 time=71.1s
[Epoch 754] loss=0.0556 miou=0.9209 f1=0.9540 thr=0.35 time=71.1s
[Epoch 755] loss=0.0555 miou=0.9215 f1=0.9547 thr=0.35 time=71.1s
[Epoch 756] loss=0.0571 miou=0.9219 f1=0.9547 thr=0.35 time=71.0s
[Epoch 757] loss=0.0548 miou=0.9241 f1=0.9560 thr=0.35 time=70.8s
[Epoch 758] loss=0.0649 miou=0.9100 f1=0.9478 thr=0.50 time=70.7s
[Epoch 759] loss=0.0480 miou=0.9224 f1=0.9544 thr=0.35 time=70.7s
[Epoch 760] loss=0.0480 miou=0.9216 f1=0.9542 thr=0.35 time=70.7s
[Epoch 761] loss=0.0465 miou=0.9250 f1=0.9564 thr=0.35 time=71.0s
[Epoch 762] loss=0.0475 miou=0.9264 f1=0.9569 thr=0.35 time=71.1s
[Epoch 763] loss=0.0485 miou=0.9276 f1=0.9575 thr=0.35 time=71.1s
[Epoch 764] loss=0.0464 miou=0.9290 f1=0.9585 thr=0.35 time=71.1s
[Epoch 765] loss=0.0479 miou=0.9277 f1=0.9578 thr=0.35 time=71.1s
[Epoch 766] loss=0.0470 miou=0.9294 f1=0.9592 thr=0.35 time=71.2s
[Epoch 767] loss=0.0500 miou=0.9260 f1=0.9572 thr=0.35 time=71.1s
[Epoch 768] loss=0.0479 miou=0.9260 f1=0.9573 thr=0.35 time=71.0s
[Epoch 769] loss=0.0488 miou=0.9265 f1=0.9574 thr=0.35 time=71.1s
[Epoch 770] loss=0.0504 miou=0.9259 f1=0.9571 thr=0.35 time=70.9s
[Epoch 771] loss=0.0509 miou=0.9252 f1=0.9566 thr=0.35 time=71.2s
[Epoch 772] loss=0.0500 miou=0.9286 f1=0.9586 thr=0.35 time=70.8s
[Epoch 773] loss=0.0512 miou=0.9246 f1=0.9565 thr=0.35 time=70.8s
[Epoch 774] loss=0.0494 miou=0.9262 f1=0.9571 thr=0.35 time=70.8s
[Epoch 775] loss=0.0506 miou=0.9253 f1=0.9565 thr=0.55 time=71.1s
[Epoch 776] loss=0.0516 miou=0.9255 f1=0.9567 thr=0.35 time=70.9s
[Epoch 777] loss=0.0536 miou=0.9271 f1=0.9579 thr=0.35 time=70.9s
[Epoch 778] loss=0.0516 miou=0.9251 f1=0.9565 thr=0.35 time=71.1s
[Epoch 779] loss=0.0516 miou=0.9267 f1=0.9578 thr=0.35 time=71.1s
[Epoch 780] loss=0.0525 miou=0.9256 f1=0.9572 thr=0.35 time=71.2s
[Epoch 781] loss=0.0540 miou=0.9288 f1=0.9592 thr=0.35 time=71.1s
[Epoch 782] loss=0.0523 miou=0.9268 f1=0.9574 thr=0.35 time=71.1s
[Epoch 783] loss=0.0514 miou=0.9272 f1=0.9579 thr=0.35 time=71.2s
[Epoch 784] loss=0.0541 miou=0.9255 f1=0.9569 thr=0.35 time=71.2s
[Epoch 785] loss=0.0517 miou=0.9261 f1=0.9570 thr=0.35 time=71.2s
[Epoch 786] loss=0.0541 miou=0.9234 f1=0.9556 thr=0.35 time=71.2s
[Epoch 787] loss=0.0547 miou=0.9288 f1=0.9594 thr=0.35 time=71.1s
[Epoch 788] loss=0.0543 miou=0.9243 f1=0.9564 thr=0.35 time=71.1s
[Epoch 789] loss=0.0548 miou=0.9234 f1=0.9558 thr=0.35 time=71.2s
[Epoch 790] loss=0.0554 miou=0.9209 f1=0.9542 thr=0.35 time=71.1s
[Epoch 791] loss=0.0552 miou=0.9266 f1=0.9579 thr=0.35 time=71.1s
[Epoch 792] loss=0.0558 miou=0.9243 f1=0.9565 thr=0.35 time=71.1s
[Epoch 793] loss=0.0533 miou=0.9294 f1=0.9597 thr=0.35 time=71.1s
[Epoch 794] loss=0.0523 miou=0.9255 f1=0.9568 thr=0.35 time=71.2s
[Epoch 795] loss=0.0577 miou=0.9237 f1=0.9562 thr=0.40 time=71.2s
[Epoch 796] loss=0.0616 miou=0.9207 f1=0.9539 thr=0.45 time=71.2s
[Epoch 797] loss=0.0540 miou=0.9199 f1=0.9535 thr=0.35 time=71.2s
[Epoch 798] loss=0.0552 miou=0.9176 f1=0.9520 thr=0.35 time=71.2s
[Epoch 799] loss=0.0521 miou=0.9270 f1=0.9580 thr=0.35 time=71.1s
[Epoch 800] loss=0.0504 miou=0.9214 f1=0.9543 thr=0.35 time=71.1s
[Epoch 801] loss=0.0510 miou=0.9284 f1=0.9589 thr=0.35 time=71.1s
[Epoch 802] loss=0.0519 miou=0.9278 f1=0.9586 thr=0.35 time=71.2s
[Epoch 803] loss=0.0516 miou=0.9287 f1=0.9591 thr=0.35 time=71.1s
[Epoch 804] loss=0.0487 miou=0.9304 f1=0.9601 thr=0.35 time=71.0s
[Epoch 805] loss=0.0491 miou=0.9240 f1=0.9545 thr=0.50 time=70.9s
[Epoch 806] loss=0.0479 miou=0.9275 f1=0.9577 thr=0.35 time=70.9s
[Epoch 807] loss=0.0508 miou=0.9299 f1=0.9597 thr=0.35 time=70.8s
[Epoch 808] loss=0.0506 miou=0.9284 f1=0.9588 thr=0.55 time=70.9s
[Epoch 809] loss=0.0531 miou=0.9270 f1=0.9581 thr=0.35 time=71.1s
[Epoch 810] loss=0.0516 miou=0.9301 f1=0.9596 thr=0.35 time=70.9s
[Epoch 811] loss=0.0520 miou=0.9185 f1=0.9522 thr=0.40 time=70.6s
[Epoch 812] loss=0.0517 miou=0.9241 f1=0.9558 thr=0.35 time=70.6s
[Epoch 813] loss=0.0522 miou=0.9220 f1=0.9552 thr=0.35 time=70.6s
[Epoch 814] loss=0.0520 miou=0.9201 f1=0.9517 thr=0.45 time=70.5s
[Epoch 815] loss=0.0525 miou=0.9243 f1=0.9563 thr=0.35 time=70.5s
[Epoch 816] loss=0.0509 miou=0.9231 f1=0.9551 thr=0.35 time=70.7s
[Epoch 817] loss=0.0510 miou=0.9262 f1=0.9576 thr=0.35 time=70.6s
[Epoch 818] loss=0.0507 miou=0.9278 f1=0.9578 thr=0.35 time=70.6s
[Epoch 819] loss=0.0518 miou=0.9232 f1=0.9554 thr=0.35 time=70.8s
[Epoch 820] loss=0.0526 miou=0.9254 f1=0.9567 thr=0.35 time=70.6s
[Epoch 821] loss=0.0527 miou=0.9263 f1=0.9572 thr=0.35 time=70.6s
[Epoch 822] loss=0.0522 miou=0.9264 f1=0.9576 thr=0.50 time=70.6s
[Epoch 823] loss=0.0524 miou=0.9251 f1=0.9566 thr=0.35 time=70.6s
[Epoch 824] loss=0.0519 miou=0.9221 f1=0.9546 thr=0.50 time=70.7s
[Epoch 825] loss=0.0511 miou=0.9264 f1=0.9579 thr=0.35 time=70.8s
[Epoch 826] loss=0.0506 miou=0.9291 f1=0.9593 thr=0.35 time=70.4s
[Epoch 827] loss=0.0496 miou=0.9308 f1=0.9605 thr=0.35 time=70.8s
[Epoch 828] loss=0.0494 miou=0.9295 f1=0.9595 thr=0.35 time=70.9s
[Epoch 829] loss=0.0506 miou=0.9246 f1=0.9559 thr=0.35 time=70.7s
[Epoch 830] loss=0.0515 miou=0.9294 f1=0.9595 thr=0.35 time=70.7s
[Epoch 831] loss=0.0531 miou=0.9208 f1=0.9540 thr=0.35 time=70.7s
[Epoch 832] loss=0.0493 miou=0.9237 f1=0.9563 thr=0.40 time=70.8s
[Epoch 833] loss=0.0498 miou=0.9266 f1=0.9574 thr=0.35 time=70.8s
[Epoch 834] loss=483.3249 miou=0.5316 f1=0.6421 thr=0.50 time=70.7s
[Epoch 835] loss=0.3363 miou=0.7553 f1=0.8359 thr=0.35 time=70.7s
[Epoch 836] loss=0.1749 miou=0.8228 f1=0.8861 thr=0.55 time=70.7s
[Epoch 837] loss=0.1341 miou=0.8522 f1=0.9079 thr=0.35 time=70.8s
[Epoch 838] loss=0.1097 miou=0.8671 f1=0.9183 thr=0.50 time=70.7s
[Epoch 839] loss=0.1003 miou=0.8786 f1=0.9259 thr=0.55 time=70.8s
[Epoch 840] loss=0.0875 miou=0.8878 f1=0.9326 thr=0.35 time=70.7s
[Epoch 841] loss=0.0824 miou=0.8930 f1=0.9358 thr=0.50 time=70.7s
[Epoch 842] loss=0.0763 miou=0.8959 f1=0.9377 thr=0.35 time=70.7s
[Epoch 843] loss=0.0758 miou=0.8975 f1=0.9386 thr=0.35 time=70.7s
[Epoch 844] loss=0.0758 miou=0.8999 f1=0.9401 thr=0.35 time=70.6s
[Epoch 845] loss=0.0715 miou=0.9016 f1=0.9413 thr=0.35 time=70.7s
[Epoch 846] loss=0.0716 miou=0.9045 f1=0.9429 thr=0.40 time=70.6s
[Epoch 847] loss=0.0699 miou=0.9068 f1=0.9443 thr=0.35 time=70.6s
[Epoch 848] loss=0.0712 miou=0.9071 f1=0.9447 thr=0.35 time=70.7s
[Epoch 849] loss=0.0699 miou=0.9073 f1=0.9453 thr=0.40 time=70.6s
[Epoch 850] loss=0.0683 miou=0.9087 f1=0.9461 thr=0.40 time=70.4s
[Epoch 851] loss=0.0703 miou=0.9070 f1=0.9453 thr=0.45 time=70.5s
[Epoch 852] loss=0.0699 miou=0.9097 f1=0.9469 thr=0.55 time=70.5s
[Epoch 853] loss=0.0693 miou=0.9123 f1=0.9483 thr=0.35 time=70.7s
[Epoch 854] loss=0.0681 miou=0.9115 f1=0.9480 thr=0.50 time=70.8s
[Epoch 855] loss=0.0676 miou=0.9122 f1=0.9483 thr=0.35 time=70.7s
[Epoch 856] loss=0.0670 miou=0.9134 f1=0.9490 thr=0.40 time=70.7s
[Epoch 857] loss=0.0671 miou=0.9159 f1=0.9509 thr=0.35 time=70.7s
[Epoch 858] loss=0.0694 miou=0.9155 f1=0.9505 thr=0.50 time=70.7s
[Epoch 859] loss=0.0659 miou=0.9151 f1=0.9508 thr=0.45 time=70.7s
[Epoch 860] loss=0.0656 miou=0.9165 f1=0.9516 thr=0.35 time=70.7s
[Epoch 861] loss=0.0666 miou=0.9172 f1=0.9520 thr=0.55 time=70.8s
[Epoch 862] loss=0.0657 miou=0.9169 f1=0.9517 thr=0.50 time=70.7s
[Epoch 863] loss=0.0653 miou=0.9196 f1=0.9533 thr=0.35 time=70.8s
[Epoch 864] loss=0.0668 miou=0.9174 f1=0.9521 thr=0.35 time=70.7s
[Epoch 865] loss=0.0664 miou=0.9177 f1=0.9522 thr=0.35 time=70.7s
[Epoch 866] loss=0.0667 miou=0.9203 f1=0.9538 thr=0.35 time=70.7s
[Epoch 867] loss=0.0671 miou=0.9193 f1=0.9533 thr=0.35 time=70.8s
[Epoch 868] loss=0.0685 miou=0.9179 f1=0.9526 thr=0.35 time=70.7s
[Epoch 869] loss=0.0644 miou=0.9205 f1=0.9540 thr=0.35 time=70.8s
[Epoch 870] loss=0.0649 miou=0.9208 f1=0.9541 thr=0.35 time=70.8s
[Epoch 871] loss=0.0632 miou=0.9215 f1=0.9545 thr=0.50 time=70.8s
[Epoch 872] loss=0.0699 miou=0.9204 f1=0.9541 thr=0.35 time=70.8s
[Epoch 873] loss=0.0677 miou=0.9226 f1=0.9552 thr=0.35 time=70.7s
[Epoch 874] loss=0.0663 miou=0.9222 f1=0.9550 thr=0.35 time=70.8s
[Epoch 875] loss=0.0659 miou=0.9214 f1=0.9546 thr=0.45 time=70.6s
[Epoch 876] loss=0.0679 miou=0.9204 f1=0.9540 thr=0.35 time=70.5s
[Epoch 877] loss=0.0663 miou=0.9203 f1=0.9541 thr=0.35 time=70.5s
[Epoch 878] loss=0.0659 miou=0.9226 f1=0.9553 thr=0.35 time=70.7s
[Epoch 879] loss=0.0633 miou=0.9242 f1=0.9562 thr=0.35 time=70.7s
[Epoch 880] loss=0.0669 miou=0.9244 f1=0.9564 thr=0.55 time=70.8s
[Epoch 881] loss=0.0666 miou=0.9216 f1=0.9548 thr=0.35 time=70.9s
[Epoch 882] loss=0.0666 miou=0.9244 f1=0.9564 thr=0.35 time=70.8s
[Epoch 883] loss=0.0670 miou=0.9234 f1=0.9555 thr=0.35 time=70.8s
[Epoch 884] loss=0.0659 miou=0.9215 f1=0.9544 thr=0.40 time=70.8s
[Epoch 885] loss=0.0678 miou=0.9221 f1=0.9546 thr=0.35 time=70.8s
[Epoch 886] loss=0.0692 miou=0.9216 f1=0.9546 thr=0.35 time=70.7s
[Epoch 887] loss=0.0667 miou=0.9225 f1=0.9552 thr=0.45 time=70.7s
[Epoch 888] loss=0.0662 miou=0.9237 f1=0.9559 thr=0.35 time=70.8s
[Epoch 889] loss=0.0666 miou=0.9245 f1=0.9566 thr=0.35 time=70.7s
[Epoch 890] loss=0.0684 miou=0.9243 f1=0.9563 thr=0.35 time=70.7s
[Epoch 891] loss=0.0664 miou=0.9214 f1=0.9544 thr=0.35 time=70.8s
[Epoch 892] loss=0.0676 miou=0.9249 f1=0.9569 thr=0.35 time=70.7s
[Epoch 893] loss=0.0683 miou=0.9270 f1=0.9581 thr=0.35 time=70.7s
[Epoch 894] loss=0.0693 miou=0.9275 f1=0.9581 thr=0.35 time=70.8s
[Epoch 895] loss=0.0694 miou=0.9278 f1=0.9591 thr=0.35 time=70.8s
[Epoch 896] loss=0.0685 miou=0.9243 f1=0.9566 thr=0.35 time=70.7s
[Epoch 897] loss=0.0698 miou=0.9266 f1=0.9578 thr=0.35 time=70.8s
[Epoch 898] loss=0.0694 miou=0.9279 f1=0.9587 thr=0.35 time=70.7s
[Epoch 899] loss=0.0683 miou=0.9232 f1=0.9558 thr=0.35 time=70.7s
[Epoch 900] loss=0.0690 miou=0.9268 f1=0.9581 thr=0.35 time=70.8s
[Epoch 901] loss=0.0702 miou=0.9265 f1=0.9582 thr=0.35 time=70.8s
[Epoch 902] loss=0.0712 miou=0.9243 f1=0.9564 thr=0.35 time=70.7s
[Epoch 903] loss=0.0731 miou=0.9266 f1=0.9582 thr=0.35 time=70.7s
[Epoch 904] loss=0.0709 miou=0.9230 f1=0.9562 thr=0.55 time=70.8s
[Epoch 905] loss=0.0678 miou=0.9258 f1=0.9577 thr=0.55 time=70.8s
[Epoch 906] loss=0.0699 miou=0.9226 f1=0.9557 thr=0.35 time=70.8s
[Epoch 907] loss=0.0709 miou=0.9256 f1=0.9570 thr=0.35 time=70.8s
[Epoch 908] loss=0.0767 miou=0.8949 f1=0.9349 thr=0.35 time=70.7s
[Epoch 909] loss=0.0764 miou=0.9190 f1=0.9529 thr=0.35 time=70.8s
[Epoch 910] loss=0.0705 miou=0.9221 f1=0.9553 thr=0.35 time=70.7s
[Epoch 911] loss=0.0758 miou=0.9213 f1=0.9547 thr=0.35 time=70.7s
[Epoch 912] loss=0.0673 miou=0.9286 f1=0.9594 thr=0.55 time=70.7s
[Epoch 913] loss=0.0730 miou=0.9257 f1=0.9577 thr=0.55 time=70.8s
[Epoch 914] loss=0.0733 miou=0.9235 f1=0.9563 thr=0.35 time=70.8s
[Epoch 915] loss=0.0755 miou=0.9272 f1=0.9586 thr=0.35 time=70.8s
[Epoch 916] loss=0.0723 miou=0.9287 f1=0.9593 thr=0.35 time=70.8s
[Epoch 917] loss=0.0705 miou=0.9287 f1=0.9595 thr=0.35 time=70.7s
[Epoch 918] loss=0.0735 miou=0.9296 f1=0.9599 thr=0.35 time=70.7s
[Epoch 919] loss=0.0727 miou=0.9299 f1=0.9601 thr=0.35 time=70.7s
[Epoch 920] loss=0.0715 miou=0.9271 f1=0.9583 thr=0.50 time=70.7s
[Epoch 921] loss=0.0720 miou=0.9300 f1=0.9599 thr=0.35 time=70.7s
[Epoch 922] loss=0.0710 miou=0.9254 f1=0.9570 thr=0.35 time=70.9s
[Epoch 923] loss=0.0747 miou=0.9244 f1=0.9567 thr=0.35 time=70.7s
[Epoch 924] loss=0.0719 miou=0.9269 f1=0.9586 thr=0.35 time=70.8s
[Epoch 925] loss=0.0730 miou=0.9247 f1=0.9572 thr=0.40 time=70.8s
[Epoch 926] loss=0.0720 miou=0.9277 f1=0.9591 thr=0.35 time=70.8s
[Epoch 927] loss=0.0746 miou=0.9299 f1=0.9604 thr=0.35 time=70.8s
[Epoch 928] loss=0.0755 miou=0.9303 f1=0.9604 thr=0.35 time=70.7s
[Epoch 929] loss=0.0721 miou=0.9288 f1=0.9597 thr=0.35 time=70.7s
[Epoch 930] loss=0.0714 miou=0.9263 f1=0.9584 thr=0.35 time=70.8s
[Epoch 931] loss=0.0723 miou=0.9284 f1=0.9596 thr=0.35 time=70.7s
[Epoch 932] loss=0.0728 miou=0.9255 f1=0.9578 thr=0.55 time=70.7s
[Epoch 933] loss=0.0710 miou=0.9261 f1=0.9582 thr=0.35 time=70.7s
[Epoch 934] loss=0.0719 miou=0.9311 f1=0.9610 thr=0.35 time=70.7s
[Epoch 935] loss=0.0708 miou=0.9279 f1=0.9590 thr=0.35 time=70.8s
[Epoch 936] loss=0.0722 miou=0.9289 f1=0.9598 thr=0.35 time=70.7s
[Epoch 937] loss=0.0708 miou=0.9258 f1=0.9575 thr=0.35 time=70.8s
[Epoch 938] loss=0.0706 miou=0.9287 f1=0.9594 thr=0.35 time=70.8s
[Epoch 939] loss=0.0692 miou=0.9243 f1=0.9568 thr=0.35 time=70.7s
[Epoch 940] loss=0.0695 miou=0.9274 f1=0.9588 thr=0.40 time=70.8s
[Epoch 941] loss=0.0677 miou=0.9250 f1=0.9570 thr=0.35 time=70.7s
[Epoch 942] loss=0.0708 miou=0.9260 f1=0.9575 thr=0.35 time=70.7s
[Epoch 943] loss=0.0699 miou=0.9265 f1=0.9584 thr=0.35 time=70.8s
[Epoch 944] loss=0.0673 miou=0.9214 f1=0.9552 thr=0.35 time=70.7s
[Epoch 945] loss=0.0714 miou=0.9263 f1=0.9582 thr=0.35 time=70.8s
[Epoch 946] loss=0.0678 miou=0.9235 f1=0.9568 thr=0.35 time=70.8s
[Epoch 947] loss=0.0710 miou=0.9289 f1=0.9598 thr=0.35 time=70.9s
[Epoch 948] loss=0.0699 miou=0.9234 f1=0.9564 thr=0.35 time=70.7s
[Epoch 949] loss=0.0705 miou=0.9256 f1=0.9570 thr=0.35 time=70.8s
[Epoch 950] loss=0.0720 miou=0.9265 f1=0.9579 thr=0.35 time=70.7s
[Epoch 951] loss=0.0742 miou=0.9278 f1=0.9592 thr=0.35 time=70.7s
[Epoch 952] loss=0.0720 miou=0.9297 f1=0.9598 thr=0.35 time=70.6s
[Epoch 953] loss=0.0695 miou=0.9316 f1=0.9610 thr=0.35 time=70.7s
[Epoch 954] loss=0.0716 miou=0.9247 f1=0.9565 thr=0.35 time=70.7s
[Epoch 955] loss=0.0715 miou=0.9235 f1=0.9567 thr=0.35 time=70.7s
[Epoch 956] loss=0.0732 miou=0.9169 f1=0.9528 thr=0.35 time=70.7s
[Epoch 957] loss=0.0727 miou=0.9233 f1=0.9564 thr=0.35 time=70.7s
[Epoch 958] loss=0.0709 miou=0.9260 f1=0.9579 thr=0.45 time=70.7s
[Epoch 959] loss=0.0708 miou=0.9281 f1=0.9590 thr=0.50 time=70.6s
[Epoch 960] loss=0.0688 miou=0.9225 f1=0.9549 thr=0.35 time=70.6s
[Epoch 961] loss=0.0685 miou=0.9265 f1=0.9582 thr=0.35 time=70.7s
[Epoch 962] loss=0.0704 miou=0.9287 f1=0.9596 thr=0.40 time=70.8s
[Epoch 963] loss=0.0680 miou=0.9300 f1=0.9604 thr=0.35 time=70.7s
[Epoch 964] loss=0.0676 miou=0.9295 f1=0.9599 thr=0.35 time=70.8s
[Epoch 965] loss=0.0702 miou=0.9283 f1=0.9593 thr=0.55 time=70.8s
[Epoch 966] loss=0.0660 miou=0.9286 f1=0.9593 thr=0.35 time=70.8s
[Epoch 967] loss=0.0668 miou=0.9268 f1=0.9585 thr=0.35 time=70.7s
[Epoch 968] loss=0.0676 miou=0.9288 f1=0.9596 thr=0.35 time=70.7s
[Epoch 969] loss=0.0695 miou=0.9291 f1=0.9598 thr=0.35 time=70.6s
[Epoch 970] loss=0.0705 miou=0.9266 f1=0.9578 thr=0.55 time=70.7s
[Epoch 971] loss=0.0689 miou=0.9243 f1=0.9562 thr=0.35 time=70.7s
[Epoch 972] loss=0.0707 miou=0.9262 f1=0.9581 thr=0.35 time=70.7s
[Epoch 973] loss=0.0677 miou=0.9210 f1=0.9548 thr=0.35 time=70.6s
[Epoch 974] loss=0.0672 miou=0.9268 f1=0.9579 thr=0.35 time=70.6s
[Epoch 975] loss=0.0658 miou=0.9288 f1=0.9593 thr=0.35 time=70.7s
[Epoch 976] loss=0.0675 miou=0.9279 f1=0.9590 thr=0.35 time=70.6s
[Epoch 977] loss=0.0686 miou=0.9293 f1=0.9599 thr=0.35 time=70.7s
[Epoch 978] loss=0.0665 miou=0.9254 f1=0.9573 thr=0.35 time=70.6s
[Epoch 979] loss=0.0690 miou=0.9261 f1=0.9582 thr=0.35 time=70.7s
[Epoch 980] loss=0.0693 miou=0.9233 f1=0.9563 thr=0.35 time=70.7s
[Epoch 981] loss=0.0668 miou=0.9239 f1=0.9567 thr=0.35 time=70.6s
[Epoch 982] loss=0.0678 miou=0.9197 f1=0.9540 thr=0.35 time=70.7s
[Epoch 983] loss=0.0691 miou=0.9223 f1=0.9556 thr=0.40 time=70.8s
[Epoch 984] loss=0.0634 miou=0.9273 f1=0.9586 thr=0.35 time=70.8s
[Epoch 985] loss=0.0653 miou=0.9262 f1=0.9583 thr=0.45 time=70.7s
[Epoch 986] loss=0.0660 miou=0.9270 f1=0.9584 thr=0.35 time=70.7s
[Epoch 987] loss=0.0684 miou=0.9243 f1=0.9572 thr=0.55 time=70.7s
[Epoch 988] loss=0.0663 miou=0.9271 f1=0.9586 thr=0.35 time=70.8s
[Epoch 989] loss=0.0648 miou=0.9292 f1=0.9595 thr=0.35 time=70.7s
[Epoch 990] loss=0.0673 miou=0.9282 f1=0.9587 thr=0.35 time=70.7s
[Epoch 991] loss=0.0675 miou=0.9276 f1=0.9585 thr=0.35 time=70.7s
[Epoch 992] loss=0.0666 miou=0.9268 f1=0.9582 thr=0.35 time=70.6s
[Epoch 993] loss=0.0646 miou=0.9279 f1=0.9587 thr=0.35 time=70.6s
[Epoch 994] loss=0.0664 miou=0.9290 f1=0.9595 thr=0.35 time=70.8s
[Epoch 995] loss=0.0662 miou=0.9284 f1=0.9594 thr=0.35 time=70.8s
[Epoch 996] loss=0.0641 miou=0.9262 f1=0.9579 thr=0.35 time=70.8s
[Epoch 997] loss=0.0654 miou=0.9243 f1=0.9567 thr=0.35 time=70.8s
[Epoch 998] loss=0.0622 miou=0.9275 f1=0.9585 thr=0.55 time=70.8s
[Epoch 999] loss=0.0646 miou=0.9287 f1=0.9593 thr=0.35 time=70.8s
[Epoch 1000] loss=0.0647 miou=0.9282 f1=0.9592 thr=0.35 time=70.8s
