nohup: ignoring input
Run directory: ./outputs_sam_sirst/NUDT-SIRST_model-vitt_size256_npos_bs4_e1000_kp1_split-50_50_20250908_221553
/home/bip/cry/anaconda3/lib/python3.9/site-packages/torch/cuda/__init__.py:611: UserWarning: Can't initialize NVML
  warnings.warn("Can't initialize NVML")
[Epoch 001] loss=0.9419 miou=0.6041 f1=0.7292 time=44.6s
[Epoch 002] loss=0.2541 miou=0.6805 f1=0.7938 time=43.3s
[Epoch 003] loss=0.2028 miou=0.6996 f1=0.8081 time=42.8s
[Epoch 004] loss=0.1914 miou=0.7262 f1=0.8292 time=41.5s
[Epoch 005] loss=0.1755 miou=0.6506 f1=0.7660 time=42.7s
[Epoch 006] loss=0.1739 miou=0.7280 f1=0.8301 time=43.6s
[Epoch 007] loss=0.1606 miou=0.7250 f1=0.8285 time=43.8s
[Epoch 008] loss=0.1617 miou=0.7342 f1=0.8346 time=43.5s
[Epoch 009] loss=0.1613 miou=0.7390 f1=0.8371 time=43.2s
[Epoch 010] loss=0.1562 miou=0.7508 f1=0.8449 time=43.1s
[Epoch 011] loss=0.1548 miou=0.7524 f1=0.8476 time=43.6s
[Epoch 012] loss=0.1488 miou=0.7472 f1=0.8441 time=44.0s
[Epoch 013] loss=0.1464 miou=0.7592 f1=0.8524 time=43.7s
[Epoch 014] loss=0.1524 miou=0.7620 f1=0.8541 time=43.3s
[Epoch 015] loss=0.1457 miou=0.7656 f1=0.8573 time=43.1s
[Epoch 016] loss=0.1393 miou=0.7524 f1=0.8484 time=43.1s
[Epoch 017] loss=0.1381 miou=0.7677 f1=0.8589 time=43.1s
[Epoch 018] loss=0.1342 miou=0.7540 f1=0.8480 time=43.2s
[Epoch 019] loss=0.1376 miou=0.7505 f1=0.8446 time=43.1s
[Epoch 020] loss=0.1377 miou=0.7650 f1=0.8556 time=43.1s
[Epoch 021] loss=0.1323 miou=0.7620 f1=0.8548 time=43.1s
[Epoch 022] loss=0.1320 miou=0.7613 f1=0.8536 time=43.1s
[Epoch 023] loss=0.1315 miou=0.7747 f1=0.8636 time=43.1s
[Epoch 024] loss=0.1305 miou=0.7605 f1=0.8523 time=43.2s
[Epoch 025] loss=0.1248 miou=0.7753 f1=0.8632 time=43.0s
[Epoch 026] loss=0.1251 miou=0.7805 f1=0.8664 time=43.1s
[Epoch 027] loss=0.1258 miou=0.7711 f1=0.8604 time=42.8s
[Epoch 028] loss=0.1251 miou=0.7731 f1=0.8614 time=43.2s
[Epoch 029] loss=0.1189 miou=0.7792 f1=0.8667 time=43.0s
[Epoch 030] loss=0.1206 miou=0.7691 f1=0.8590 time=41.5s
[Epoch 031] loss=0.1233 miou=0.7755 f1=0.8628 time=41.8s
[Epoch 032] loss=0.1224 miou=0.7706 f1=0.8610 time=43.0s
[Epoch 033] loss=0.1238 miou=0.7816 f1=0.8674 time=43.2s
[Epoch 034] loss=0.1174 miou=0.7745 f1=0.8627 time=43.2s
[Epoch 035] loss=0.1198 miou=0.7662 f1=0.8568 time=43.0s
[Epoch 036] loss=0.1195 miou=0.7784 f1=0.8659 time=42.9s
[Epoch 037] loss=0.1212 miou=0.7637 f1=0.8564 time=42.9s
[Epoch 038] loss=0.1178 miou=0.7707 f1=0.8587 time=42.7s
[Epoch 039] loss=0.1153 miou=0.7745 f1=0.8628 time=42.9s
[Epoch 040] loss=0.1168 miou=0.7742 f1=0.8625 time=42.9s
[Epoch 041] loss=0.1194 miou=0.7613 f1=0.8517 time=42.8s
[Epoch 042] loss=0.1152 miou=0.7758 f1=0.8635 time=41.8s
[Epoch 043] loss=0.1094 miou=0.7698 f1=0.8589 time=39.9s
[Epoch 044] loss=0.1143 miou=0.7626 f1=0.8540 time=39.8s
[Epoch 045] loss=0.1102 miou=0.7817 f1=0.8681 time=39.8s
[Epoch 046] loss=0.1063 miou=0.7883 f1=0.8725 time=43.0s
[Epoch 047] loss=0.1073 miou=0.7895 f1=0.8733 time=43.0s
[Epoch 048] loss=0.1010 miou=0.7884 f1=0.8723 time=43.0s
[Epoch 049] loss=0.1063 miou=0.7630 f1=0.8547 time=42.9s
[Epoch 050] loss=0.1042 miou=0.7849 f1=0.8700 time=42.8s
[Epoch 051] loss=0.0988 miou=0.7849 f1=0.8697 time=42.5s
[Epoch 052] loss=0.0998 miou=0.7739 f1=0.8614 time=41.6s
[Epoch 053] loss=0.0979 miou=0.7862 f1=0.8706 time=41.8s
[Epoch 054] loss=0.0990 miou=0.7904 f1=0.8731 time=41.4s
[Epoch 055] loss=0.0961 miou=0.7803 f1=0.8655 time=42.7s
[Epoch 056] loss=0.0943 miou=0.8092 f1=0.8869 time=42.4s
[Epoch 057] loss=0.0932 miou=0.7642 f1=0.8544 time=41.1s
[Epoch 058] loss=0.0894 miou=0.8133 f1=0.8894 time=41.6s
[Epoch 059] loss=0.0838 miou=0.7970 f1=0.8772 time=41.8s
[Epoch 060] loss=0.0923 miou=0.7955 f1=0.8772 time=40.9s
[Epoch 061] loss=0.0890 miou=0.8064 f1=0.8837 time=41.2s
[Epoch 062] loss=0.0857 miou=0.8042 f1=0.8840 time=40.9s
[Epoch 063] loss=0.0860 miou=0.7999 f1=0.8800 time=40.8s
[Epoch 064] loss=0.0812 miou=0.8112 f1=0.8873 time=40.9s
[Epoch 065] loss=0.0796 miou=0.8189 f1=0.8931 time=42.9s
[Epoch 066] loss=0.0809 miou=0.8207 f1=0.8942 time=42.8s
[Epoch 067] loss=0.0778 miou=0.8243 f1=0.8965 time=43.0s
[Epoch 068] loss=0.0765 miou=0.8089 f1=0.8863 time=42.9s
[Epoch 069] loss=0.0833 miou=0.8121 f1=0.8887 time=42.8s
[Epoch 070] loss=0.0802 miou=0.8222 f1=0.8952 time=42.9s
[Epoch 071] loss=0.0805 miou=0.7972 f1=0.8771 time=42.8s
[Epoch 072] loss=0.0786 miou=0.8118 f1=0.8876 time=42.8s
[Epoch 073] loss=0.0756 miou=0.8153 f1=0.8907 time=42.5s
[Epoch 074] loss=0.0754 miou=0.8275 f1=0.8988 time=42.8s
[Epoch 075] loss=0.0776 miou=0.8287 f1=0.8993 time=42.7s
[Epoch 076] loss=0.0731 miou=0.8272 f1=0.8980 time=42.8s
[Epoch 077] loss=0.0727 miou=0.8280 f1=0.8986 time=42.7s
[Epoch 078] loss=0.0732 miou=0.8177 f1=0.8921 time=43.2s
[Epoch 079] loss=0.0713 miou=0.8308 f1=0.8997 time=43.0s
[Epoch 080] loss=0.0696 miou=0.8272 f1=0.8976 time=43.0s
[Epoch 081] loss=0.0771 miou=0.8211 f1=0.8936 time=43.0s
[Epoch 082] loss=0.0762 miou=0.8158 f1=0.8907 time=42.9s
[Epoch 083] loss=0.0710 miou=0.8211 f1=0.8933 time=42.9s
[Epoch 084] loss=0.0718 miou=0.8146 f1=0.8881 time=42.9s
[Epoch 085] loss=0.0685 miou=0.8334 f1=0.9018 time=42.9s
[Epoch 086] loss=0.0696 miou=0.8316 f1=0.9006 time=42.9s
[Epoch 087] loss=0.0695 miou=0.8218 f1=0.8945 time=42.9s
[Epoch 088] loss=0.0750 miou=0.8103 f1=0.8860 time=42.8s
[Epoch 089] loss=0.0691 miou=0.8329 f1=0.9015 time=42.7s
[Epoch 090] loss=0.0676 miou=0.8312 f1=0.9000 time=42.8s
[Epoch 091] loss=0.0674 miou=0.8374 f1=0.9044 time=42.9s
[Epoch 092] loss=0.0692 miou=0.8338 f1=0.9023 time=42.8s
[Epoch 093] loss=0.0679 miou=0.8425 f1=0.9082 time=42.8s
[Epoch 094] loss=0.0683 miou=0.8289 f1=0.8987 time=42.7s
[Epoch 095] loss=0.0672 miou=0.8307 f1=0.8994 time=42.7s
[Epoch 096] loss=0.0667 miou=0.8407 f1=0.9065 time=42.8s
[Epoch 097] loss=0.0631 miou=0.8171 f1=0.8917 time=43.0s
[Epoch 098] loss=0.0654 miou=0.8326 f1=0.9009 time=42.7s
[Epoch 099] loss=0.0613 miou=0.8214 f1=0.8936 time=42.8s
[Epoch 100] loss=0.0644 miou=0.8368 f1=0.9039 time=42.5s
[Epoch 101] loss=0.0628 miou=0.8363 f1=0.9033 time=41.3s
[Epoch 102] loss=0.0653 miou=0.8349 f1=0.9033 time=42.9s
[Epoch 103] loss=0.0622 miou=0.8374 f1=0.9046 time=42.9s
[Epoch 104] loss=0.0631 miou=0.8207 f1=0.8920 time=42.9s
[Epoch 105] loss=0.0623 miou=0.8382 f1=0.9047 time=42.9s
[Epoch 106] loss=0.0610 miou=0.8367 f1=0.9039 time=42.8s
[Epoch 107] loss=0.0616 miou=0.8205 f1=0.8924 time=42.9s
[Epoch 108] loss=0.0616 miou=0.8426 f1=0.9068 time=42.9s
[Epoch 109] loss=0.0595 miou=0.8417 f1=0.9074 time=42.9s
[Epoch 110] loss=0.0624 miou=0.8384 f1=0.9050 time=42.9s
[Epoch 111] loss=0.0603 miou=0.8396 f1=0.9060 time=42.7s
[Epoch 112] loss=0.0597 miou=0.8346 f1=0.9033 time=42.7s
[Epoch 113] loss=0.0595 miou=0.8364 f1=0.9041 time=43.0s
[Epoch 114] loss=0.0598 miou=0.8444 f1=0.9091 time=42.8s
[Epoch 115] loss=0.0637 miou=0.8323 f1=0.9007 time=43.0s
[Epoch 116] loss=0.0590 miou=0.8442 f1=0.9082 time=42.9s
[Epoch 117] loss=0.0595 miou=0.8490 f1=0.9109 time=42.8s
[Epoch 118] loss=0.0559 miou=0.8461 f1=0.9099 time=42.7s
[Epoch 119] loss=0.0573 miou=0.8357 f1=0.9040 time=42.8s
[Epoch 120] loss=0.0602 miou=0.8419 f1=0.9072 time=42.9s
[Epoch 121] loss=0.0583 miou=0.8465 f1=0.9106 time=42.7s
[Epoch 122] loss=0.0561 miou=0.8401 f1=0.9058 time=42.7s
[Epoch 123] loss=0.0545 miou=0.8326 f1=0.9008 time=42.7s
[Epoch 124] loss=0.0559 miou=0.8317 f1=0.9009 time=42.7s
[Epoch 125] loss=0.0534 miou=0.8160 f1=0.8881 time=42.9s
[Epoch 126] loss=0.0570 miou=0.8352 f1=0.9030 time=42.9s
[Epoch 127] loss=0.0587 miou=0.8432 f1=0.9087 time=42.8s
[Epoch 128] loss=0.0547 miou=0.8325 f1=0.9023 time=42.8s
[Epoch 129] loss=0.0559 miou=0.8404 f1=0.9071 time=42.8s
[Epoch 130] loss=0.0551 miou=0.8372 f1=0.9052 time=42.7s
[Epoch 131] loss=0.0555 miou=0.8417 f1=0.9076 time=42.7s
[Epoch 132] loss=0.0527 miou=0.8494 f1=0.9129 time=42.8s
[Epoch 133] loss=0.0533 miou=0.8433 f1=0.9079 time=42.8s
[Epoch 134] loss=0.0582 miou=0.8441 f1=0.9085 time=42.6s
[Epoch 135] loss=0.0533 miou=0.8477 f1=0.9107 time=42.8s
[Epoch 136] loss=0.0566 miou=0.8387 f1=0.9053 time=42.8s
[Epoch 137] loss=0.0528 miou=0.8396 f1=0.9052 time=42.8s
[Epoch 138] loss=0.0573 miou=0.8451 f1=0.9094 time=42.8s
[Epoch 139] loss=0.0551 miou=0.8314 f1=0.9002 time=42.8s
[Epoch 140] loss=0.0572 miou=0.8456 f1=0.9095 time=42.7s
[Epoch 141] loss=0.0514 miou=0.8492 f1=0.9117 time=42.8s
[Epoch 142] loss=0.0496 miou=0.8391 f1=0.9051 time=42.8s
[Epoch 143] loss=0.0527 miou=0.8432 f1=0.9080 time=42.8s
[Epoch 144] loss=0.0530 miou=0.8382 f1=0.9044 time=42.9s
[Epoch 145] loss=0.0498 miou=0.8504 f1=0.9134 time=42.8s
[Epoch 146] loss=0.0550 miou=0.8474 f1=0.9108 time=42.9s
[Epoch 147] loss=0.0510 miou=0.8315 f1=0.8996 time=42.8s
[Epoch 148] loss=0.0547 miou=0.8435 f1=0.9084 time=42.8s
[Epoch 149] loss=0.0522 miou=0.8411 f1=0.9065 time=42.8s
[Epoch 150] loss=0.0509 miou=0.8345 f1=0.9027 time=42.8s
[Epoch 151] loss=0.0519 miou=0.8275 f1=0.8973 time=42.8s
[Epoch 152] loss=0.0472 miou=0.8488 f1=0.9124 time=42.9s
[Epoch 153] loss=0.0486 miou=0.8326 f1=0.9004 time=42.6s
[Epoch 154] loss=0.0509 miou=0.8520 f1=0.9137 time=42.7s
[Epoch 155] loss=0.0559 miou=0.8471 f1=0.9104 time=42.9s
[Epoch 156] loss=0.0498 miou=0.8400 f1=0.9049 time=42.8s
[Epoch 157] loss=0.0490 miou=0.8481 f1=0.9106 time=42.9s
[Epoch 158] loss=0.0474 miou=0.8445 f1=0.9086 time=42.9s
[Epoch 159] loss=0.0454 miou=0.8524 f1=0.9135 time=42.7s
[Epoch 160] loss=0.0451 miou=0.8460 f1=0.9100 time=43.0s
[Epoch 161] loss=0.0469 miou=0.8544 f1=0.9152 time=42.7s
[Epoch 162] loss=0.0479 miou=0.8557 f1=0.9165 time=43.0s
[Epoch 163] loss=0.0490 miou=0.8512 f1=0.9137 time=42.9s
[Epoch 164] loss=0.0476 miou=0.8543 f1=0.9153 time=42.7s
[Epoch 165] loss=0.0512 miou=0.8508 f1=0.9127 time=42.7s
[Epoch 166] loss=0.0494 miou=0.8489 f1=0.9117 time=43.0s
[Epoch 167] loss=0.0469 miou=0.8493 f1=0.9114 time=42.9s
[Epoch 168] loss=0.0488 miou=0.8510 f1=0.9134 time=42.8s
[Epoch 169] loss=0.0480 miou=0.8609 f1=0.9195 time=42.8s
[Epoch 170] loss=0.0478 miou=0.8339 f1=0.9014 time=42.8s
[Epoch 171] loss=0.0478 miou=0.8493 f1=0.9113 time=42.8s
[Epoch 172] loss=0.0458 miou=0.8435 f1=0.9084 time=42.8s
[Epoch 173] loss=0.0457 miou=0.8487 f1=0.9111 time=42.9s
[Epoch 174] loss=0.0462 miou=0.8516 f1=0.9134 time=42.7s
[Epoch 175] loss=0.0469 miou=0.8554 f1=0.9153 time=42.8s
[Epoch 176] loss=0.0472 miou=0.8448 f1=0.9082 time=42.6s
[Epoch 177] loss=0.0460 miou=0.8495 f1=0.9110 time=42.7s
[Epoch 178] loss=0.0493 miou=0.8415 f1=0.9063 time=42.8s
[Epoch 179] loss=0.0456 miou=0.8513 f1=0.9129 time=42.7s
[Epoch 180] loss=0.0446 miou=0.8557 f1=0.9158 time=42.6s
[Epoch 181] loss=0.0458 miou=0.8491 f1=0.9115 time=42.8s
[Epoch 182] loss=0.0458 miou=0.8455 f1=0.9090 time=42.9s
[Epoch 183] loss=0.0480 miou=0.8423 f1=0.9066 time=42.7s
[Epoch 184] loss=0.0483 miou=0.8516 f1=0.9129 time=42.7s
[Epoch 185] loss=0.0433 miou=0.8501 f1=0.9125 time=39.8s
[Epoch 186] loss=0.0427 miou=0.8492 f1=0.9114 time=42.7s
[Epoch 187] loss=0.0437 miou=0.8462 f1=0.9102 time=42.8s
[Epoch 188] loss=0.0465 miou=0.8457 f1=0.9094 time=42.7s
[Epoch 189] loss=0.0435 miou=0.8537 f1=0.9140 time=42.9s
[Epoch 190] loss=0.0472 miou=0.8526 f1=0.9134 time=42.6s
[Epoch 191] loss=0.0422 miou=0.8525 f1=0.9138 time=42.5s
[Epoch 192] loss=0.0429 miou=0.8542 f1=0.9148 time=42.8s
[Epoch 193] loss=0.0413 miou=0.8551 f1=0.9157 time=42.6s
[Epoch 194] loss=0.0446 miou=0.8429 f1=0.9066 time=41.8s
[Epoch 195] loss=0.0449 miou=0.8476 f1=0.9096 time=41.7s
[Epoch 196] loss=0.0435 miou=0.8559 f1=0.9158 time=42.7s
[Epoch 197] loss=0.0422 miou=0.8499 f1=0.9114 time=39.7s
[Epoch 198] loss=0.0427 miou=0.8582 f1=0.9166 time=42.8s
[Epoch 199] loss=0.0439 miou=0.8568 f1=0.9162 time=42.8s
[Epoch 200] loss=0.0420 miou=0.8590 f1=0.9172 time=42.7s
[Epoch 201] loss=0.0432 miou=0.8551 f1=0.9157 time=41.7s
[Epoch 202] loss=0.0432 miou=0.8461 f1=0.9096 time=41.9s
[Epoch 203] loss=0.0416 miou=0.8471 f1=0.9103 time=41.7s
[Epoch 204] loss=0.0421 miou=0.8556 f1=0.9153 time=41.8s
[Epoch 205] loss=0.0415 miou=0.8364 f1=0.9024 time=41.8s
[Epoch 206] loss=0.0428 miou=0.8465 f1=0.9095 time=42.7s
[Epoch 207] loss=0.0418 miou=0.8563 f1=0.9163 time=42.8s
[Epoch 208] loss=0.0437 miou=0.8506 f1=0.9125 time=42.8s
[Epoch 209] loss=0.0410 miou=0.8520 f1=0.9129 time=42.8s
[Epoch 210] loss=0.0441 miou=0.8445 f1=0.9084 time=42.8s
[Epoch 211] loss=0.0428 miou=0.8592 f1=0.9183 time=42.8s
[Epoch 212] loss=0.0401 miou=0.8526 f1=0.9139 time=42.7s
[Epoch 213] loss=0.0392 miou=0.8539 f1=0.9142 time=42.8s
[Epoch 214] loss=0.0415 miou=0.8567 f1=0.9166 time=42.2s
[Epoch 215] loss=0.0388 miou=0.8513 f1=0.9122 time=41.9s
[Epoch 216] loss=0.0403 miou=0.8550 f1=0.9147 time=42.2s
[Epoch 217] loss=0.0375 miou=0.8478 f1=0.9100 time=42.7s
[Epoch 218] loss=0.0390 miou=0.8545 f1=0.9149 time=42.7s
[Epoch 219] loss=0.0426 miou=0.8453 f1=0.9086 time=42.1s
[Epoch 220] loss=0.0452 miou=0.8491 f1=0.9110 time=42.8s
[Epoch 221] loss=0.0408 miou=0.8494 f1=0.9117 time=42.7s
[Epoch 222] loss=0.0416 miou=0.8386 f1=0.9038 time=42.9s
[Epoch 223] loss=0.0413 miou=0.8424 f1=0.9068 time=42.7s
[Epoch 224] loss=0.0435 miou=0.8537 f1=0.9144 time=42.8s
[Epoch 225] loss=0.0398 miou=0.8577 f1=0.9167 time=42.9s
[Epoch 226] loss=0.0391 miou=0.8484 f1=0.9111 time=42.8s
[Epoch 227] loss=0.0395 miou=0.8604 f1=0.9186 time=42.8s
[Epoch 228] loss=0.0383 miou=0.8519 f1=0.9127 time=42.7s
[Epoch 229] loss=0.0380 miou=0.8427 f1=0.9062 time=42.8s
[Epoch 230] loss=0.0421 miou=0.8539 f1=0.9147 time=42.9s
[Epoch 231] loss=0.0418 miou=0.8527 f1=0.9136 time=39.7s
[Epoch 232] loss=0.0391 miou=0.8487 f1=0.9108 time=42.9s
[Epoch 233] loss=0.0382 miou=0.8494 f1=0.9104 time=39.8s
[Epoch 234] loss=0.0389 miou=0.8480 f1=0.9105 time=39.7s
[Epoch 235] loss=0.0365 miou=0.8489 f1=0.9107 time=42.8s
[Epoch 236] loss=0.0385 miou=0.8489 f1=0.9108 time=42.8s
[Epoch 237] loss=0.0387 miou=0.8564 f1=0.9163 time=43.0s
[Epoch 238] loss=0.0390 miou=0.8477 f1=0.9096 time=42.8s
[Epoch 239] loss=0.0375 miou=0.8511 f1=0.9123 time=42.8s
[Epoch 240] loss=0.0406 miou=0.8543 f1=0.9149 time=42.7s
[Epoch 241] loss=0.0373 miou=0.8419 f1=0.9067 time=42.8s
[Epoch 242] loss=0.0392 miou=0.8559 f1=0.9160 time=42.8s
[Epoch 243] loss=0.0366 miou=0.8508 f1=0.9128 time=42.8s
[Epoch 244] loss=0.0370 miou=0.8481 f1=0.9107 time=42.8s
[Epoch 245] loss=0.0389 miou=0.8569 f1=0.9170 time=42.8s
[Epoch 246] loss=0.0390 miou=0.8447 f1=0.9078 time=42.8s
[Epoch 247] loss=0.0377 miou=0.8485 f1=0.9112 time=42.7s
[Epoch 248] loss=0.0402 miou=0.8445 f1=0.9081 time=42.8s
[Epoch 249] loss=0.0392 miou=0.8534 f1=0.9145 time=42.9s
[Epoch 250] loss=0.0373 miou=0.8510 f1=0.9121 time=42.8s
Unfroze image encoder for joint fine-tuning.
[Epoch 251] loss=0.0390 miou=0.8551 f1=0.9150 time=66.0s
[Epoch 252] loss=0.0368 miou=0.8520 f1=0.9128 time=66.0s
[Epoch 253] loss=0.0352 miou=0.8598 f1=0.9185 time=65.8s
[Epoch 254] loss=0.0390 miou=0.8489 f1=0.9101 time=66.0s
[Epoch 255] loss=0.0382 miou=0.8588 f1=0.9179 time=65.9s
[Epoch 256] loss=0.0376 miou=0.8525 f1=0.9140 time=66.0s
[Epoch 257] loss=0.0356 miou=0.8520 f1=0.9135 time=66.0s
[Epoch 258] loss=0.0351 miou=0.8525 f1=0.9143 time=65.9s
[Epoch 259] loss=0.0351 miou=0.8568 f1=0.9166 time=65.9s
[Epoch 260] loss=0.0367 miou=0.8597 f1=0.9185 time=65.9s
[Epoch 261] loss=0.0351 miou=0.8499 f1=0.9123 time=65.9s
[Epoch 262] loss=0.0362 miou=0.8521 f1=0.9139 time=65.9s
[Epoch 263] loss=0.0377 miou=0.8438 f1=0.9083 time=65.9s
[Epoch 264] loss=0.0371 miou=0.8567 f1=0.9158 time=66.0s
[Epoch 265] loss=0.0377 miou=0.8562 f1=0.9164 time=66.0s
[Epoch 266] loss=0.0342 miou=0.8475 f1=0.9102 time=66.1s
[Epoch 267] loss=0.0362 miou=0.8569 f1=0.9164 time=66.1s
[Epoch 268] loss=0.0340 miou=0.8512 f1=0.9126 time=66.0s
[Epoch 269] loss=0.0353 miou=0.8500 f1=0.9125 time=65.9s
[Epoch 270] loss=0.0348 miou=0.8564 f1=0.9159 time=65.8s
[Epoch 271] loss=0.0342 miou=0.8587 f1=0.9176 time=65.9s
[Epoch 272] loss=0.0355 miou=0.8519 f1=0.9125 time=65.9s
[Epoch 273] loss=0.0356 miou=0.8437 f1=0.9064 time=65.9s
[Epoch 274] loss=0.0373 miou=0.8528 f1=0.9132 time=65.9s
[Epoch 275] loss=0.0353 miou=0.8500 f1=0.9113 time=65.8s
[Epoch 276] loss=0.0325 miou=0.8488 f1=0.9105 time=65.9s
[Epoch 277] loss=0.0324 miou=0.8562 f1=0.9156 time=65.9s
[Epoch 278] loss=0.0342 miou=0.8493 f1=0.9108 time=66.0s
[Epoch 279] loss=0.0363 miou=0.8530 f1=0.9138 time=65.9s
[Epoch 280] loss=0.0380 miou=0.8486 f1=0.9099 time=66.0s
[Epoch 281] loss=0.0350 miou=0.8538 f1=0.9142 time=65.9s
[Epoch 282] loss=0.0373 miou=0.8459 f1=0.9093 time=66.0s
[Epoch 283] loss=0.0345 miou=0.8579 f1=0.9168 time=65.8s
[Epoch 284] loss=0.0351 miou=0.8592 f1=0.9180 time=65.9s
[Epoch 285] loss=0.0365 miou=0.8544 f1=0.9148 time=65.9s
[Epoch 286] loss=0.0342 miou=0.8549 f1=0.9143 time=65.9s
[Epoch 287] loss=0.0353 miou=0.8543 f1=0.9146 time=65.9s
[Epoch 288] loss=0.0358 miou=0.8484 f1=0.9091 time=66.0s
[Epoch 289] loss=0.0320 miou=0.8523 f1=0.9133 time=65.8s
[Epoch 290] loss=0.0328 miou=0.8584 f1=0.9171 time=65.9s
[Epoch 291] loss=0.0365 miou=0.8554 f1=0.9152 time=65.8s
[Epoch 292] loss=0.0339 miou=0.8548 f1=0.9151 time=65.9s
[Epoch 293] loss=0.0355 miou=0.8569 f1=0.9165 time=65.8s
[Epoch 294] loss=0.0346 miou=0.8581 f1=0.9170 time=65.9s
[Epoch 295] loss=0.0313 miou=0.8538 f1=0.9142 time=65.9s
[Epoch 296] loss=0.0367 miou=0.8417 f1=0.9058 time=65.9s
[Epoch 297] loss=0.0368 miou=0.8524 f1=0.9131 time=65.8s
[Epoch 298] loss=0.0387 miou=0.8605 f1=0.9192 time=65.8s
[Epoch 299] loss=0.0324 miou=0.8522 f1=0.9138 time=65.7s
[Epoch 300] loss=0.0316 miou=0.8596 f1=0.9180 time=65.8s
[Epoch 301] loss=0.0321 miou=0.8521 f1=0.9122 time=65.8s
[Epoch 302] loss=0.0306 miou=0.8541 f1=0.9147 time=65.8s
[Epoch 303] loss=0.0335 miou=0.8549 f1=0.9150 time=65.7s
[Epoch 304] loss=0.0324 miou=0.8583 f1=0.9173 time=65.8s
[Epoch 305] loss=0.0316 miou=0.8574 f1=0.9163 time=65.8s
[Epoch 306] loss=0.0303 miou=0.8578 f1=0.9172 time=65.8s
[Epoch 307] loss=0.0322 miou=0.8504 f1=0.9120 time=65.8s
[Epoch 308] loss=0.0336 miou=0.8559 f1=0.9155 time=65.7s
[Epoch 309] loss=0.0323 miou=0.8451 f1=0.9075 time=65.8s
[Epoch 310] loss=0.0303 miou=0.8563 f1=0.9157 time=65.7s
[Epoch 311] loss=0.0308 miou=0.8537 f1=0.9145 time=65.8s
[Epoch 312] loss=0.0326 miou=0.8513 f1=0.9120 time=65.7s
[Epoch 313] loss=0.0320 miou=0.8455 f1=0.9086 time=65.7s
[Epoch 314] loss=0.0334 miou=0.8443 f1=0.9075 time=65.7s
[Epoch 315] loss=0.0316 miou=0.8549 f1=0.9147 time=65.8s
[Epoch 316] loss=0.0332 miou=0.8611 f1=0.9184 time=65.8s
[Epoch 317] loss=0.0330 miou=0.8505 f1=0.9122 time=65.8s
[Epoch 318] loss=0.0317 miou=0.8506 f1=0.9117 time=65.7s
[Epoch 319] loss=0.0296 miou=0.8574 f1=0.9165 time=65.8s
[Epoch 320] loss=0.0342 miou=0.8450 f1=0.9084 time=65.8s
[Epoch 321] loss=0.0380 miou=0.8450 f1=0.9090 time=65.8s
[Epoch 322] loss=0.0326 miou=0.8541 f1=0.9147 time=65.8s
[Epoch 323] loss=0.0322 miou=0.8559 f1=0.9160 time=65.8s
[Epoch 324] loss=0.0315 miou=0.8571 f1=0.9166 time=65.7s
[Epoch 325] loss=0.0349 miou=0.8525 f1=0.9138 time=65.7s
[Epoch 326] loss=0.0295 miou=0.8554 f1=0.9151 time=65.7s
[Epoch 327] loss=0.0304 miou=0.8592 f1=0.9181 time=65.8s
[Epoch 328] loss=0.0277 miou=0.8653 f1=0.9221 time=65.7s
[Epoch 329] loss=0.0287 miou=0.8554 f1=0.9154 time=65.8s
[Epoch 330] loss=0.0297 miou=0.8554 f1=0.9151 time=65.8s
[Epoch 331] loss=0.0313 miou=0.8531 f1=0.9134 time=65.7s
[Epoch 332] loss=0.0297 miou=0.8532 f1=0.9134 time=65.7s
[Epoch 333] loss=0.0304 miou=0.8609 f1=0.9190 time=65.7s
[Epoch 334] loss=0.0304 miou=0.8518 f1=0.9126 time=65.6s
[Epoch 335] loss=0.0302 miou=0.8501 f1=0.9114 time=65.7s
[Epoch 336] loss=0.0312 miou=0.8575 f1=0.9165 time=65.5s
[Epoch 337] loss=0.0294 miou=0.8539 f1=0.9147 time=65.5s
[Epoch 338] loss=0.0312 miou=0.8479 f1=0.9106 time=65.6s
[Epoch 339] loss=0.0317 miou=0.8492 f1=0.9099 time=65.7s
[Epoch 340] loss=0.0313 miou=0.8550 f1=0.9142 time=65.8s
[Epoch 341] loss=0.0292 miou=0.8549 f1=0.9142 time=65.7s
[Epoch 342] loss=0.0286 miou=0.8616 f1=0.9190 time=65.8s
[Epoch 343] loss=0.0278 miou=0.8581 f1=0.9166 time=65.8s
[Epoch 344] loss=0.0305 miou=0.8548 f1=0.9140 time=65.8s
[Epoch 345] loss=0.0283 miou=0.8606 f1=0.9189 time=65.8s
[Epoch 346] loss=0.0276 miou=0.8424 f1=0.9062 time=65.8s
[Epoch 347] loss=0.0294 miou=0.8594 f1=0.9185 time=65.8s
[Epoch 348] loss=0.0294 miou=0.8544 f1=0.9154 time=65.8s
[Epoch 349] loss=0.0317 miou=0.8571 f1=0.9159 time=65.8s
[Epoch 350] loss=0.0298 miou=0.8509 f1=0.9123 time=65.8s
[Epoch 351] loss=0.0343 miou=0.8493 f1=0.9113 time=65.7s
[Epoch 352] loss=0.0311 miou=0.8539 f1=0.9147 time=65.8s
[Epoch 353] loss=0.0329 miou=0.8366 f1=0.9017 time=65.7s
[Epoch 354] loss=0.0322 miou=0.8589 f1=0.9176 time=65.8s
[Epoch 355] loss=0.0291 miou=0.8533 f1=0.9137 time=65.8s
[Epoch 356] loss=0.0301 miou=0.8473 f1=0.9099 time=65.7s
[Epoch 357] loss=0.0309 miou=0.8295 f1=0.8970 time=65.7s
[Epoch 358] loss=0.0331 miou=0.8557 f1=0.9141 time=65.7s
[Epoch 359] loss=0.0308 miou=0.8410 f1=0.9057 time=65.7s
[Epoch 360] loss=0.0289 miou=0.8478 f1=0.9101 time=65.7s
[Epoch 361] loss=0.0285 miou=0.8537 f1=0.9136 time=65.7s
[Epoch 362] loss=0.0318 miou=0.8505 f1=0.9113 time=65.7s
[Epoch 363] loss=0.0275 miou=0.8541 f1=0.9141 time=65.7s
[Epoch 364] loss=0.0279 miou=0.8545 f1=0.9147 time=65.8s
[Epoch 365] loss=0.0284 miou=0.8540 f1=0.9143 time=65.8s
[Epoch 366] loss=0.0282 miou=0.8479 f1=0.9093 time=65.7s
[Epoch 367] loss=0.0288 miou=0.8525 f1=0.9123 time=65.7s
[Epoch 368] loss=0.0329 miou=0.8523 f1=0.9131 time=65.7s
[Epoch 369] loss=0.0282 miou=0.8611 f1=0.9189 time=65.7s
[Epoch 370] loss=0.0286 miou=0.8584 f1=0.9175 time=65.7s
[Epoch 371] loss=0.0252 miou=0.8561 f1=0.9154 time=65.7s
[Epoch 372] loss=0.0285 miou=0.8522 f1=0.9126 time=65.7s
[Epoch 373] loss=0.0261 miou=0.8568 f1=0.9155 time=65.8s
[Epoch 374] loss=0.0279 miou=0.8531 f1=0.9126 time=65.7s
[Epoch 375] loss=0.0278 miou=0.8579 f1=0.9169 time=65.8s
[Epoch 376] loss=0.0273 miou=0.8533 f1=0.9141 time=65.8s
[Epoch 377] loss=0.0267 miou=0.8553 f1=0.9156 time=65.7s
[Epoch 378] loss=0.0300 miou=0.8560 f1=0.9147 time=65.7s
[Epoch 379] loss=0.0276 miou=0.8579 f1=0.9169 time=65.7s
[Epoch 380] loss=0.0281 miou=0.8617 f1=0.9191 time=65.7s
[Epoch 381] loss=0.0270 miou=0.8525 f1=0.9128 time=65.7s
[Epoch 382] loss=0.0254 miou=0.8562 f1=0.9156 time=65.8s
[Epoch 383] loss=0.0272 miou=0.8439 f1=0.9086 time=65.7s
[Epoch 384] loss=0.0286 miou=0.8518 f1=0.9131 time=65.8s
[Epoch 385] loss=0.0280 miou=0.8513 f1=0.9127 time=65.7s
[Epoch 386] loss=0.0266 miou=0.8499 f1=0.9105 time=65.7s
[Epoch 387] loss=0.0277 miou=0.8474 f1=0.9098 time=65.7s
[Epoch 388] loss=0.0265 miou=0.8531 f1=0.9135 time=65.7s
[Epoch 389] loss=0.0272 miou=0.8518 f1=0.9121 time=65.7s
[Epoch 390] loss=0.0262 miou=0.8374 f1=0.9025 time=65.6s
[Epoch 391] loss=0.0271 miou=0.8514 f1=0.9124 time=65.7s
[Epoch 392] loss=0.0260 miou=0.8513 f1=0.9123 time=65.8s
[Epoch 393] loss=0.0271 miou=0.8566 f1=0.9157 time=65.7s
[Epoch 394] loss=0.0281 miou=0.8499 f1=0.9118 time=65.7s
[Epoch 395] loss=0.0304 miou=0.8537 f1=0.9143 time=65.7s
[Epoch 396] loss=0.0272 miou=0.8448 f1=0.9072 time=65.7s
[Epoch 397] loss=0.0297 miou=0.8515 f1=0.9121 time=65.7s
[Epoch 398] loss=0.0289 miou=0.8599 f1=0.9176 time=65.7s
[Epoch 399] loss=0.0293 miou=0.8464 f1=0.9084 time=65.8s
[Epoch 400] loss=0.0251 miou=0.8581 f1=0.9162 time=65.7s
[Epoch 401] loss=0.0257 miou=0.8452 f1=0.9080 time=65.7s
[Epoch 402] loss=0.0270 miou=0.8440 f1=0.9072 time=65.7s
[Epoch 403] loss=0.0268 miou=0.8526 f1=0.9131 time=65.8s
[Epoch 404] loss=0.0254 miou=0.8385 f1=0.9024 time=65.7s
[Epoch 405] loss=0.0239 miou=0.8506 f1=0.9108 time=65.7s
[Epoch 406] loss=0.0276 miou=0.8531 f1=0.9132 time=65.7s
[Epoch 407] loss=0.0281 miou=0.8534 f1=0.9136 time=65.7s
[Epoch 408] loss=0.0277 miou=0.8474 f1=0.9095 time=65.7s
[Epoch 409] loss=0.0254 miou=0.8542 f1=0.9146 time=65.7s
[Epoch 410] loss=0.0263 miou=0.8559 f1=0.9144 time=65.7s
[Epoch 411] loss=0.0240 miou=0.8550 f1=0.9147 time=65.7s
[Epoch 412] loss=0.0261 miou=0.8562 f1=0.9153 time=65.6s
[Epoch 413] loss=0.0275 miou=0.8597 f1=0.9177 time=65.7s
[Epoch 414] loss=0.0261 miou=0.8514 f1=0.9119 time=65.7s
[Epoch 415] loss=0.0267 miou=0.8540 f1=0.9139 time=65.7s
[Epoch 416] loss=0.0284 miou=0.8545 f1=0.9148 time=65.7s
[Epoch 417] loss=0.0300 miou=0.8561 f1=0.9155 time=65.7s
[Epoch 418] loss=0.0301 miou=0.8560 f1=0.9153 time=65.7s
[Epoch 419] loss=0.0266 miou=0.8562 f1=0.9152 time=65.7s
[Epoch 420] loss=0.0258 miou=0.8624 f1=0.9196 time=65.7s
[Epoch 421] loss=0.0247 miou=0.8543 f1=0.9140 time=65.7s
[Epoch 422] loss=0.0260 miou=0.8517 f1=0.9129 time=65.7s
[Epoch 423] loss=0.0257 miou=0.8542 f1=0.9141 time=65.7s
[Epoch 424] loss=0.0241 miou=0.8584 f1=0.9165 time=65.7s
[Epoch 425] loss=0.0230 miou=0.8600 f1=0.9180 time=65.7s
[Epoch 426] loss=0.0244 miou=0.8596 f1=0.9180 time=65.7s
[Epoch 427] loss=0.0240 miou=0.8538 f1=0.9144 time=65.6s
[Epoch 428] loss=0.0220 miou=0.8546 f1=0.9143 time=65.7s
[Epoch 429] loss=0.0244 miou=0.8606 f1=0.9184 time=65.7s
[Epoch 430] loss=0.0240 miou=0.8531 f1=0.9133 time=65.7s
[Epoch 431] loss=0.0248 miou=0.8559 f1=0.9159 time=65.7s
[Epoch 432] loss=0.0248 miou=0.8529 f1=0.9137 time=65.7s
[Epoch 433] loss=0.0245 miou=0.8515 f1=0.9126 time=65.7s
[Epoch 434] loss=0.0240 miou=0.8561 f1=0.9153 time=65.7s
[Epoch 435] loss=0.0238 miou=0.8581 f1=0.9165 time=65.7s
[Epoch 436] loss=0.0244 miou=0.8437 f1=0.9070 time=65.7s
[Epoch 437] loss=0.0250 miou=0.8542 f1=0.9144 time=65.7s
[Epoch 438] loss=0.0259 miou=0.8553 f1=0.9150 time=65.7s
[Epoch 439] loss=0.0254 miou=0.8515 f1=0.9124 time=65.7s
[Epoch 440] loss=0.0250 miou=0.8550 f1=0.9156 time=65.8s
[Epoch 441] loss=0.0237 miou=0.8465 f1=0.9096 time=65.8s
[Epoch 442] loss=0.0242 miou=0.8557 f1=0.9157 time=65.7s
[Epoch 443] loss=0.0250 miou=0.8563 f1=0.9162 time=65.8s
[Epoch 444] loss=0.0229 miou=0.8588 f1=0.9174 time=65.8s
[Epoch 445] loss=0.0253 miou=0.8595 f1=0.9177 time=65.7s
[Epoch 446] loss=0.0252 miou=0.8598 f1=0.9180 time=65.8s
[Epoch 447] loss=0.0262 miou=0.8531 f1=0.9138 time=65.8s
[Epoch 448] loss=0.0248 miou=0.8578 f1=0.9165 time=65.7s
[Epoch 449] loss=0.0252 miou=0.8563 f1=0.9160 time=65.7s
[Epoch 450] loss=0.0240 miou=0.8599 f1=0.9180 time=65.0s
[Epoch 451] loss=0.0273 miou=0.8590 f1=0.9172 time=65.8s
[Epoch 452] loss=0.0272 miou=0.8471 f1=0.9100 time=65.8s
[Epoch 453] loss=0.0281 miou=0.8313 f1=0.8987 time=65.8s
[Epoch 454] loss=0.0319 miou=0.8420 f1=0.9059 time=65.7s
[Epoch 455] loss=0.0269 miou=0.8496 f1=0.9106 time=65.8s
[Epoch 456] loss=0.0235 miou=0.8481 f1=0.9095 time=66.1s
[Epoch 457] loss=0.0294 miou=0.8444 f1=0.9082 time=65.7s
[Epoch 458] loss=0.0253 miou=0.8521 f1=0.9129 time=65.7s
[Epoch 459] loss=0.0248 miou=0.8549 f1=0.9144 time=65.7s
[Epoch 460] loss=0.0237 miou=0.8536 f1=0.9137 time=65.7s
[Epoch 461] loss=0.0235 miou=0.8538 f1=0.9143 time=65.7s
[Epoch 462] loss=0.0224 miou=0.8548 f1=0.9147 time=65.7s
[Epoch 463] loss=0.0237 miou=0.8576 f1=0.9165 time=65.6s
[Epoch 464] loss=0.0221 miou=0.8593 f1=0.9179 time=65.7s
[Epoch 465] loss=0.0216 miou=0.8542 f1=0.9142 time=65.7s
[Epoch 466] loss=0.0219 miou=0.8597 f1=0.9179 time=65.7s
[Epoch 467] loss=0.0222 miou=0.8590 f1=0.9168 time=65.6s
[Epoch 468] loss=0.0235 miou=0.8557 f1=0.9156 time=65.6s
[Epoch 469] loss=0.0237 miou=0.8532 f1=0.9136 time=65.6s
[Epoch 470] loss=0.0252 miou=0.8563 f1=0.9157 time=65.6s
[Epoch 471] loss=0.0253 miou=0.8550 f1=0.9146 time=65.6s
[Epoch 472] loss=0.0234 miou=0.8489 f1=0.9105 time=65.6s
[Epoch 473] loss=0.0231 miou=0.8478 f1=0.9097 time=65.6s
[Epoch 474] loss=0.0227 miou=0.8513 f1=0.9122 time=65.7s
[Epoch 475] loss=0.0248 miou=0.8502 f1=0.9115 time=65.7s
[Epoch 476] loss=0.0230 miou=0.8528 f1=0.9132 time=65.7s
[Epoch 477] loss=0.0231 miou=0.8526 f1=0.9129 time=65.8s
[Epoch 478] loss=0.0227 miou=0.8579 f1=0.9165 time=65.7s
[Epoch 479] loss=0.0231 miou=0.8538 f1=0.9138 time=65.7s
[Epoch 480] loss=0.0237 miou=0.8550 f1=0.9147 time=65.8s
[Epoch 481] loss=0.0228 miou=0.8569 f1=0.9161 time=65.7s
[Epoch 482] loss=0.0250 miou=0.8599 f1=0.9181 time=65.7s
[Epoch 483] loss=0.0216 miou=0.8562 f1=0.9155 time=65.7s
[Epoch 484] loss=0.0233 miou=0.8529 f1=0.9130 time=65.7s
[Epoch 485] loss=0.0213 miou=0.8521 f1=0.9125 time=65.6s
[Epoch 486] loss=0.0228 miou=0.8512 f1=0.9118 time=65.7s
[Epoch 487] loss=0.0225 miou=0.8528 f1=0.9125 time=65.7s
[Epoch 488] loss=0.0246 miou=0.8461 f1=0.9086 time=65.6s
[Epoch 489] loss=0.0255 miou=0.8525 f1=0.9133 time=65.7s
[Epoch 490] loss=0.0221 miou=0.8538 f1=0.9137 time=65.8s
[Epoch 491] loss=0.0218 miou=0.8578 f1=0.9169 time=65.8s
[Epoch 492] loss=0.0234 miou=0.8557 f1=0.9152 time=65.7s
[Epoch 493] loss=0.0226 miou=0.8608 f1=0.9190 time=65.7s
[Epoch 494] loss=0.0221 miou=0.8618 f1=0.9192 time=65.7s
[Epoch 495] loss=0.0215 miou=0.8562 f1=0.9163 time=65.7s
[Epoch 496] loss=0.0222 miou=0.8611 f1=0.9191 time=65.8s
[Epoch 497] loss=0.0216 miou=0.8591 f1=0.9175 time=65.9s
[Epoch 498] loss=0.0218 miou=0.8467 f1=0.9096 time=65.8s
[Epoch 499] loss=0.0221 miou=0.8589 f1=0.9169 time=65.7s
[Epoch 500] loss=0.0209 miou=0.8623 f1=0.9196 time=65.7s
[Epoch 501] loss=0.0209 miou=0.8450 f1=0.9079 time=65.8s
[Epoch 502] loss=0.0237 miou=0.8511 f1=0.9119 time=65.7s
[Epoch 503] loss=0.0215 miou=0.8572 f1=0.9163 time=65.7s
[Epoch 504] loss=0.0219 miou=0.8494 f1=0.9110 time=65.7s
[Epoch 505] loss=0.0202 miou=0.8573 f1=0.9164 time=65.7s
[Epoch 506] loss=0.0221 miou=0.8511 f1=0.9117 time=65.7s
[Epoch 507] loss=0.0220 miou=0.8544 f1=0.9140 time=65.7s
[Epoch 508] loss=0.0223 miou=0.8536 f1=0.9138 time=65.8s
[Epoch 509] loss=0.0214 miou=0.8486 f1=0.9103 time=65.7s
[Epoch 510] loss=0.0239 miou=0.8514 f1=0.9130 time=65.6s
[Epoch 511] loss=0.0229 miou=0.8547 f1=0.9144 time=65.7s
[Epoch 512] loss=0.0242 miou=0.8512 f1=0.9122 time=65.7s
[Epoch 513] loss=0.0233 miou=0.8606 f1=0.9185 time=65.7s
[Epoch 514] loss=0.0235 miou=0.8497 f1=0.9111 time=65.7s
[Epoch 515] loss=0.0245 miou=0.8400 f1=0.9029 time=65.7s
[Epoch 516] loss=0.0238 miou=0.8573 f1=0.9158 time=65.7s
[Epoch 517] loss=0.0209 miou=0.8531 f1=0.9126 time=65.7s
[Epoch 518] loss=0.0203 miou=0.8602 f1=0.9181 time=65.7s
[Epoch 519] loss=0.0238 miou=0.8584 f1=0.9170 time=65.7s
[Epoch 520] loss=0.0210 miou=0.8575 f1=0.9160 time=65.7s
[Epoch 521] loss=0.0206 miou=0.8486 f1=0.9106 time=65.7s
[Epoch 522] loss=0.0202 miou=0.8577 f1=0.9162 time=65.7s
[Epoch 523] loss=0.0215 miou=0.8539 f1=0.9136 time=65.7s
[Epoch 524] loss=0.0211 miou=0.8521 f1=0.9122 time=65.7s
[Epoch 525] loss=0.0216 miou=0.8542 f1=0.9146 time=65.7s
[Epoch 526] loss=0.0215 miou=0.8548 f1=0.9143 time=65.7s
[Epoch 527] loss=0.0250 miou=0.8508 f1=0.9118 time=65.7s
[Epoch 528] loss=0.0206 miou=0.8489 f1=0.9097 time=65.7s
[Epoch 529] loss=0.0210 miou=0.8597 f1=0.9175 time=65.7s
[Epoch 530] loss=0.0210 miou=0.8560 f1=0.9150 time=65.7s
[Epoch 531] loss=0.0197 miou=0.8596 f1=0.9178 time=65.7s
[Epoch 532] loss=0.0202 miou=0.8542 f1=0.9142 time=65.8s
[Epoch 533] loss=0.0206 miou=0.8485 f1=0.9111 time=65.7s
[Epoch 534] loss=0.0202 miou=0.8515 f1=0.9124 time=65.7s
[Epoch 535] loss=0.0190 miou=0.8528 f1=0.9133 time=65.7s
[Epoch 536] loss=0.0210 miou=0.8537 f1=0.9141 time=65.7s
[Epoch 537] loss=0.0205 miou=0.8528 f1=0.9128 time=65.7s
[Epoch 538] loss=0.0198 miou=0.8477 f1=0.9100 time=65.7s
[Epoch 539] loss=0.0213 miou=0.8507 f1=0.9119 time=65.6s
[Epoch 540] loss=0.0220 miou=0.8529 f1=0.9141 time=65.7s
[Epoch 541] loss=0.0218 miou=0.8466 f1=0.9101 time=65.7s
[Epoch 542] loss=0.0224 miou=0.8568 f1=0.9161 time=65.7s
[Epoch 543] loss=0.0208 miou=0.8533 f1=0.9137 time=65.7s
[Epoch 544] loss=0.0201 miou=0.8567 f1=0.9155 time=65.7s
[Epoch 545] loss=0.0201 miou=0.8564 f1=0.9156 time=65.7s
[Epoch 546] loss=0.0202 miou=0.8560 f1=0.9152 time=65.7s
[Epoch 547] loss=0.0204 miou=0.8527 f1=0.9132 time=65.7s
[Epoch 548] loss=0.0199 miou=0.8489 f1=0.9108 time=65.7s
[Epoch 549] loss=0.0218 miou=0.8468 f1=0.9088 time=65.7s
[Epoch 550] loss=0.0212 miou=0.8587 f1=0.9176 time=65.7s
[Epoch 551] loss=0.0205 miou=0.8561 f1=0.9156 time=65.7s
[Epoch 552] loss=0.0194 miou=0.8514 f1=0.9121 time=65.7s
[Epoch 553] loss=0.0190 miou=0.8543 f1=0.9137 time=65.7s
[Epoch 554] loss=0.0185 miou=0.8564 f1=0.9146 time=65.7s
[Epoch 555] loss=0.0187 miou=0.8575 f1=0.9169 time=65.7s
[Epoch 556] loss=0.0197 miou=0.8545 f1=0.9142 time=65.6s
[Epoch 557] loss=0.0215 miou=0.8484 f1=0.9101 time=65.7s
[Epoch 558] loss=0.0223 miou=0.8528 f1=0.9131 time=65.7s
[Epoch 559] loss=0.0206 miou=0.8427 f1=0.9061 time=65.7s
[Epoch 560] loss=0.0203 miou=0.8519 f1=0.9125 time=65.7s
[Epoch 561] loss=0.0189 miou=0.8493 f1=0.9108 time=65.6s
[Epoch 562] loss=0.0197 miou=0.8521 f1=0.9123 time=65.7s
[Epoch 563] loss=0.0186 miou=0.8568 f1=0.9153 time=65.7s
[Epoch 564] loss=0.0197 miou=0.8502 f1=0.9109 time=65.6s
[Epoch 565] loss=0.0194 miou=0.8524 f1=0.9117 time=65.7s
[Epoch 566] loss=0.0209 miou=0.8465 f1=0.9084 time=65.8s
[Epoch 567] loss=0.0181 miou=0.8548 f1=0.9141 time=65.7s
[Epoch 568] loss=0.0189 miou=0.8492 f1=0.9109 time=65.8s
[Epoch 569] loss=0.0185 miou=0.8498 f1=0.9103 time=65.8s
[Epoch 570] loss=0.0193 miou=0.8526 f1=0.9129 time=65.7s
[Epoch 571] loss=0.0190 miou=0.8515 f1=0.9120 time=65.8s
[Epoch 572] loss=0.0182 miou=0.8536 f1=0.9135 time=65.7s
[Epoch 573] loss=0.0190 miou=0.8507 f1=0.9109 time=65.7s
[Epoch 574] loss=0.0214 miou=0.8547 f1=0.9145 time=65.7s
[Epoch 575] loss=0.0220 miou=0.8522 f1=0.9123 time=65.7s
[Epoch 576] loss=0.0211 miou=0.8575 f1=0.9162 time=65.7s
[Epoch 577] loss=0.0182 miou=0.8529 f1=0.9134 time=65.6s
[Epoch 578] loss=0.0192 miou=0.8586 f1=0.9170 time=65.7s
[Epoch 579] loss=0.0184 miou=0.8592 f1=0.9176 time=65.7s
[Epoch 580] loss=0.0177 miou=0.8555 f1=0.9149 time=65.8s
[Epoch 581] loss=0.0187 miou=0.8538 f1=0.9139 time=65.7s
[Epoch 582] loss=0.0183 miou=0.8538 f1=0.9135 time=65.8s
[Epoch 583] loss=0.0191 miou=0.8491 f1=0.9096 time=65.7s
[Epoch 584] loss=0.0195 miou=0.8542 f1=0.9138 time=65.7s
[Epoch 585] loss=0.0213 miou=0.8469 f1=0.9089 time=65.7s
[Epoch 586] loss=0.0183 miou=0.8561 f1=0.9153 time=65.7s
[Epoch 587] loss=0.0184 miou=0.8506 f1=0.9116 time=65.7s
[Epoch 588] loss=0.0206 miou=0.8489 f1=0.9097 time=65.7s
[Epoch 589] loss=0.0195 miou=0.8528 f1=0.9138 time=65.7s
[Epoch 590] loss=0.0193 miou=0.8557 f1=0.9147 time=65.8s
[Epoch 591] loss=0.0197 miou=0.8463 f1=0.9092 time=65.7s
[Epoch 592] loss=0.0200 miou=0.8453 f1=0.9081 time=65.7s
[Epoch 593] loss=0.0197 miou=0.8521 f1=0.9130 time=65.7s
[Epoch 594] loss=0.0184 miou=0.8520 f1=0.9128 time=65.7s
[Epoch 595] loss=0.0198 miou=0.8538 f1=0.9137 time=65.6s
[Epoch 596] loss=0.0189 miou=0.8523 f1=0.9124 time=65.7s
[Epoch 597] loss=0.0193 miou=0.8568 f1=0.9162 time=65.7s
[Epoch 598] loss=0.0197 miou=0.8507 f1=0.9120 time=65.7s
[Epoch 599] loss=0.0195 miou=0.8500 f1=0.9110 time=65.7s
[Epoch 600] loss=0.0194 miou=0.8501 f1=0.9119 time=65.7s
[Epoch 601] loss=0.0186 miou=0.8567 f1=0.9164 time=65.7s
[Epoch 602] loss=0.0181 miou=0.8594 f1=0.9178 time=65.7s
[Epoch 603] loss=0.0171 miou=0.8565 f1=0.9161 time=65.7s
[Epoch 604] loss=0.0194 miou=0.8534 f1=0.9135 time=65.7s
[Epoch 605] loss=0.0192 miou=0.8523 f1=0.9120 time=65.7s
[Epoch 606] loss=0.0199 miou=0.8450 f1=0.9079 time=65.7s
[Epoch 607] loss=0.0201 miou=0.8531 f1=0.9140 time=65.7s
[Epoch 608] loss=0.0211 miou=0.8539 f1=0.9140 time=65.7s
[Epoch 609] loss=0.0200 miou=0.8618 f1=0.9190 time=65.7s
[Epoch 610] loss=0.0193 miou=0.8562 f1=0.9156 time=65.7s
[Epoch 611] loss=0.0183 miou=0.8587 f1=0.9173 time=65.7s
[Epoch 612] loss=0.0172 miou=0.8514 f1=0.9128 time=65.6s
[Epoch 613] loss=0.0183 miou=0.8592 f1=0.9179 time=65.7s
[Epoch 614] loss=0.0180 miou=0.8601 f1=0.9187 time=65.7s
[Epoch 615] loss=0.0191 miou=0.8563 f1=0.9162 time=65.7s
[Epoch 616] loss=0.0181 miou=0.8601 f1=0.9181 time=65.7s
[Epoch 617] loss=0.0189 miou=0.8578 f1=0.9170 time=65.7s
[Epoch 618] loss=0.0194 miou=0.8575 f1=0.9164 time=65.7s
[Epoch 619] loss=0.0188 miou=0.8599 f1=0.9178 time=65.7s
[Epoch 620] loss=0.0176 miou=0.8606 f1=0.9181 time=65.7s
[Epoch 621] loss=0.0182 miou=0.8583 f1=0.9169 time=65.7s
[Epoch 622] loss=0.0180 miou=0.8575 f1=0.9164 time=65.8s
[Epoch 623] loss=0.0166 miou=0.8518 f1=0.9128 time=65.7s
[Epoch 624] loss=0.0168 miou=0.8570 f1=0.9160 time=65.7s
[Epoch 625] loss=0.0173 miou=0.8551 f1=0.9156 time=65.8s
[Epoch 626] loss=0.0186 miou=0.8488 f1=0.9107 time=65.7s
[Epoch 627] loss=0.0184 miou=0.8531 f1=0.9135 time=65.7s
[Epoch 628] loss=0.0189 miou=0.8479 f1=0.9099 time=65.7s
[Epoch 629] loss=0.0196 miou=0.8445 f1=0.9074 time=65.7s
[Epoch 630] loss=0.0183 miou=0.8526 f1=0.9130 time=65.7s
[Epoch 631] loss=0.0162 miou=0.8503 f1=0.9115 time=65.6s
[Epoch 632] loss=0.0202 miou=0.8512 f1=0.9121 time=65.7s
[Epoch 633] loss=0.0197 miou=0.8565 f1=0.9160 time=65.7s
[Epoch 634] loss=0.0195 miou=0.8552 f1=0.9148 time=65.7s
[Epoch 635] loss=0.0188 miou=0.8568 f1=0.9157 time=65.7s
[Epoch 636] loss=0.0171 miou=0.8518 f1=0.9119 time=65.7s
[Epoch 637] loss=0.0168 miou=0.8610 f1=0.9187 time=65.8s
[Epoch 638] loss=0.0160 miou=0.8539 f1=0.9142 time=65.8s
[Epoch 639] loss=0.0160 miou=0.8558 f1=0.9154 time=65.7s
[Epoch 640] loss=0.0166 miou=0.8506 f1=0.9115 time=65.7s
[Epoch 641] loss=0.0166 miou=0.8562 f1=0.9156 time=65.7s
[Epoch 642] loss=0.0157 miou=0.8577 f1=0.9162 time=65.7s
[Epoch 643] loss=0.0160 miou=0.8588 f1=0.9172 time=65.7s
[Epoch 644] loss=0.0175 miou=0.8520 f1=0.9125 time=65.8s
[Epoch 645] loss=0.0173 miou=0.8394 f1=0.9047 time=65.8s
[Epoch 646] loss=0.0180 miou=0.8565 f1=0.9161 time=65.8s
[Epoch 647] loss=0.0167 miou=0.8526 f1=0.9129 time=65.7s
[Epoch 648] loss=0.0164 miou=0.8474 f1=0.9101 time=65.7s
[Epoch 649] loss=0.0185 miou=0.8525 f1=0.9126 time=65.8s
[Epoch 650] loss=0.0165 miou=0.8579 f1=0.9166 time=65.7s
[Epoch 651] loss=0.0155 miou=0.8560 f1=0.9152 time=65.8s
[Epoch 652] loss=0.0163 miou=0.8551 f1=0.9150 time=65.8s
[Epoch 653] loss=0.0173 miou=0.8485 f1=0.9105 time=65.7s
[Epoch 654] loss=0.0197 miou=0.8534 f1=0.9131 time=65.8s
[Epoch 655] loss=0.0174 miou=0.8516 f1=0.9125 time=65.8s
[Epoch 656] loss=0.0185 miou=0.8507 f1=0.9113 time=65.7s
[Epoch 657] loss=0.0199 miou=0.8489 f1=0.9101 time=65.7s
[Epoch 658] loss=0.0193 miou=0.8518 f1=0.9124 time=65.7s
[Epoch 659] loss=0.0162 miou=0.8513 f1=0.9119 time=65.7s
[Epoch 660] loss=0.0186 miou=0.8595 f1=0.9174 time=65.8s
[Epoch 661] loss=0.0163 miou=0.8582 f1=0.9166 time=65.7s
[Epoch 662] loss=0.0166 miou=0.8566 f1=0.9153 time=65.7s
[Epoch 663] loss=0.0157 miou=0.8522 f1=0.9121 time=65.7s
[Epoch 664] loss=0.0157 miou=0.8533 f1=0.9133 time=65.8s
[Epoch 665] loss=0.0160 miou=0.8465 f1=0.9083 time=65.8s
[Epoch 666] loss=0.0160 miou=0.8513 f1=0.9122 time=65.7s
[Epoch 667] loss=0.0150 miou=0.8516 f1=0.9123 time=65.7s
[Epoch 668] loss=0.0161 miou=0.8585 f1=0.9166 time=65.7s
[Epoch 669] loss=0.0163 miou=0.8599 f1=0.9177 time=65.7s
[Epoch 670] loss=0.0181 miou=0.8555 f1=0.9148 time=65.7s
[Epoch 671] loss=0.0168 miou=0.8555 f1=0.9151 time=65.6s
[Epoch 672] loss=0.0175 miou=0.8555 f1=0.9145 time=65.7s
[Epoch 673] loss=0.0176 miou=0.8476 f1=0.9101 time=65.7s
[Epoch 674] loss=0.0190 miou=0.8572 f1=0.9157 time=65.7s
[Epoch 675] loss=0.0175 miou=0.8453 f1=0.9073 time=65.8s
[Epoch 676] loss=0.0168 miou=0.8561 f1=0.9156 time=65.7s
[Epoch 677] loss=0.0171 miou=0.8443 f1=0.9072 time=65.7s
[Epoch 678] loss=0.0171 miou=0.8537 f1=0.9136 time=65.7s
[Epoch 679] loss=0.0180 miou=0.8516 f1=0.9119 time=65.7s
[Epoch 680] loss=0.0169 miou=0.8551 f1=0.9145 time=65.8s
[Epoch 681] loss=0.0178 miou=0.8577 f1=0.9168 time=65.8s
[Epoch 682] loss=0.0164 miou=0.8536 f1=0.9136 time=65.8s
[Epoch 683] loss=0.0156 miou=0.8543 f1=0.9149 time=65.7s
[Epoch 684] loss=0.0162 miou=0.8518 f1=0.9125 time=65.7s
[Epoch 685] loss=0.0152 miou=0.8463 f1=0.9086 time=65.8s
[Epoch 686] loss=0.0171 miou=0.8532 f1=0.9129 time=65.8s
[Epoch 687] loss=0.0165 miou=0.8489 f1=0.9100 time=65.7s
[Epoch 688] loss=0.0151 miou=0.8523 f1=0.9126 time=65.7s
[Epoch 689] loss=0.0156 miou=0.8550 f1=0.9143 time=65.7s
[Epoch 690] loss=0.0144 miou=0.8549 f1=0.9143 time=65.7s
[Epoch 691] loss=0.0170 miou=0.8526 f1=0.9131 time=65.7s
[Epoch 692] loss=0.0168 miou=0.8577 f1=0.9163 time=65.7s
[Epoch 693] loss=0.0168 miou=0.8538 f1=0.9138 time=65.7s
[Epoch 694] loss=0.0193 miou=0.8528 f1=0.9127 time=65.7s
[Epoch 695] loss=0.0168 miou=0.8560 f1=0.9151 time=65.7s
[Epoch 696] loss=0.0173 miou=0.8461 f1=0.9089 time=65.8s
[Epoch 697] loss=0.0172 miou=0.8522 f1=0.9128 time=65.8s
[Epoch 698] loss=0.0175 miou=0.8541 f1=0.9141 time=65.7s
[Epoch 699] loss=0.0153 miou=0.8538 f1=0.9139 time=65.8s
[Epoch 700] loss=0.0142 miou=0.8581 f1=0.9165 time=65.7s
[Epoch 701] loss=0.0160 miou=0.8478 f1=0.9097 time=65.8s
[Epoch 702] loss=0.0172 miou=0.8559 f1=0.9149 time=65.7s
[Epoch 703] loss=0.0164 miou=0.8567 f1=0.9157 time=65.8s
[Epoch 704] loss=0.0163 miou=0.8516 f1=0.9118 time=65.7s
[Epoch 705] loss=0.0156 miou=0.8584 f1=0.9173 time=65.7s
[Epoch 706] loss=0.0156 miou=0.8544 f1=0.9141 time=65.7s
[Epoch 707] loss=0.0157 miou=0.8557 f1=0.9148 time=65.8s
[Epoch 708] loss=0.0163 miou=0.8535 f1=0.9140 time=65.8s
[Epoch 709] loss=0.0167 miou=0.8523 f1=0.9129 time=65.8s
[Epoch 710] loss=0.0172 miou=0.8545 f1=0.9143 time=65.7s
[Epoch 711] loss=0.0165 miou=0.8526 f1=0.9127 time=65.7s
[Epoch 712] loss=0.0148 miou=0.8537 f1=0.9130 time=65.7s
[Epoch 713] loss=0.0160 miou=0.8550 f1=0.9144 time=65.8s
[Epoch 714] loss=0.0149 miou=0.8600 f1=0.9179 time=65.7s
[Epoch 715] loss=0.0164 miou=0.8520 f1=0.9123 time=65.7s
[Epoch 716] loss=0.0173 miou=0.8577 f1=0.9168 time=65.7s
[Epoch 717] loss=0.0176 miou=0.8546 f1=0.9145 time=65.7s
[Epoch 718] loss=0.0149 miou=0.8563 f1=0.9152 time=65.8s
[Epoch 719] loss=0.0148 miou=0.8611 f1=0.9186 time=65.8s
[Epoch 720] loss=0.0160 miou=0.8549 f1=0.9144 time=65.7s
[Epoch 721] loss=0.0152 miou=0.8503 f1=0.9113 time=65.8s
[Epoch 722] loss=0.0152 miou=0.8477 f1=0.9097 time=65.7s
[Epoch 723] loss=0.0185 miou=0.8529 f1=0.9132 time=65.2s
[Epoch 724] loss=0.0157 miou=0.8428 f1=0.9060 time=65.0s
[Epoch 725] loss=0.0159 miou=0.8536 f1=0.9135 time=64.9s
[Epoch 726] loss=0.0150 miou=0.8524 f1=0.9127 time=64.9s
[Epoch 727] loss=0.0169 miou=0.8534 f1=0.9134 time=64.9s
[Epoch 728] loss=0.0169 miou=0.8569 f1=0.9156 time=64.9s
[Epoch 729] loss=0.0158 miou=0.8500 f1=0.9115 time=65.0s
[Epoch 730] loss=0.0172 miou=0.8525 f1=0.9130 time=64.9s
[Epoch 731] loss=0.0167 miou=0.8484 f1=0.9099 time=64.9s
[Epoch 732] loss=0.0152 miou=0.8563 f1=0.9157 time=64.9s
[Epoch 733] loss=0.0153 miou=0.8542 f1=0.9141 time=64.8s
[Epoch 734] loss=0.0157 miou=0.8568 f1=0.9156 time=64.9s
[Epoch 735] loss=0.0161 miou=0.8591 f1=0.9174 time=64.9s
[Epoch 736] loss=0.0159 miou=0.8565 f1=0.9158 time=64.9s
[Epoch 737] loss=0.0145 miou=0.8558 f1=0.9145 time=64.8s
[Epoch 738] loss=0.0145 miou=0.8518 f1=0.9120 time=64.9s
[Epoch 739] loss=0.0145 miou=0.8536 f1=0.9132 time=64.8s
[Epoch 740] loss=0.0159 miou=0.8556 f1=0.9147 time=64.9s
[Epoch 741] loss=0.0154 miou=0.8510 f1=0.9114 time=65.4s
[Epoch 742] loss=0.0146 miou=0.8566 f1=0.9158 time=65.7s
[Epoch 743] loss=0.0161 miou=0.8520 f1=0.9127 time=65.8s
[Epoch 744] loss=0.0146 miou=0.8494 f1=0.9106 time=65.7s
[Epoch 745] loss=0.0181 miou=0.8531 f1=0.9134 time=65.8s
[Epoch 746] loss=0.0164 miou=0.8536 f1=0.9135 time=65.7s
[Epoch 747] loss=0.0170 miou=0.8454 f1=0.9080 time=65.7s
[Epoch 748] loss=0.0189 miou=0.8534 f1=0.9130 time=65.7s
[Epoch 749] loss=0.0155 miou=0.8557 f1=0.9145 time=65.7s
[Epoch 750] loss=0.0148 miou=0.8563 f1=0.9151 time=65.8s
[Epoch 751] loss=0.0150 miou=0.8533 f1=0.9134 time=65.6s
[Epoch 752] loss=0.0160 miou=0.8572 f1=0.9159 time=65.7s
[Epoch 753] loss=0.0162 miou=0.8515 f1=0.9117 time=65.7s
[Epoch 754] loss=0.0154 miou=0.8528 f1=0.9130 time=65.7s
[Epoch 755] loss=0.0155 miou=0.8570 f1=0.9163 time=65.7s
[Epoch 756] loss=0.0148 miou=0.8580 f1=0.9162 time=65.7s
[Epoch 757] loss=0.0155 miou=0.8501 f1=0.9111 time=65.7s
[Epoch 758] loss=0.0160 miou=0.8526 f1=0.9126 time=65.7s
[Epoch 759] loss=0.0178 miou=0.8511 f1=0.9117 time=65.7s
[Epoch 760] loss=0.0156 miou=0.8589 f1=0.9172 time=65.8s
[Epoch 761] loss=0.0140 miou=0.8585 f1=0.9165 time=65.7s
[Epoch 762] loss=0.0144 miou=0.8481 f1=0.9092 time=65.7s
[Epoch 763] loss=0.0144 miou=0.8549 f1=0.9143 time=65.7s
[Epoch 764] loss=0.0156 miou=0.8547 f1=0.9140 time=65.8s
[Epoch 765] loss=0.0154 miou=0.8591 f1=0.9173 time=65.8s
[Epoch 766] loss=0.0164 miou=0.8511 f1=0.9118 time=65.7s
[Epoch 767] loss=0.0153 miou=0.8529 f1=0.9131 time=65.7s
[Epoch 768] loss=0.0142 miou=0.8581 f1=0.9168 time=65.7s
[Epoch 769] loss=0.0160 miou=0.8572 f1=0.9161 time=65.8s
[Epoch 770] loss=0.0165 miou=0.8523 f1=0.9125 time=65.8s
[Epoch 771] loss=0.0191 miou=0.8603 f1=0.9184 time=65.8s
[Epoch 772] loss=0.0156 miou=0.8568 f1=0.9152 time=65.8s
[Epoch 773] loss=0.0137 miou=0.8535 f1=0.9129 time=65.7s
[Epoch 774] loss=0.0148 miou=0.8555 f1=0.9141 time=65.8s
[Epoch 775] loss=0.0154 miou=0.8546 f1=0.9136 time=65.8s
[Epoch 776] loss=0.0153 miou=0.8559 f1=0.9149 time=65.7s
[Epoch 777] loss=0.0146 miou=0.8538 f1=0.9134 time=65.8s
[Epoch 778] loss=0.0190 miou=0.8520 f1=0.9128 time=65.8s
[Epoch 779] loss=0.0154 miou=0.8480 f1=0.9098 time=65.8s
[Epoch 780] loss=0.0143 miou=0.8603 f1=0.9179 time=65.7s
[Epoch 781] loss=0.0149 miou=0.8518 f1=0.9124 time=65.8s
[Epoch 782] loss=0.0143 miou=0.8550 f1=0.9139 time=65.8s
[Epoch 783] loss=0.0141 miou=0.8603 f1=0.9174 time=65.7s
[Epoch 784] loss=0.0142 miou=0.8553 f1=0.9145 time=65.8s
[Epoch 785] loss=0.0135 miou=0.8535 f1=0.9122 time=65.7s
[Epoch 786] loss=0.0133 miou=0.8506 f1=0.9109 time=65.8s
[Epoch 787] loss=0.0142 miou=0.8590 f1=0.9168 time=65.8s
[Epoch 788] loss=0.0138 miou=0.8581 f1=0.9155 time=65.7s
[Epoch 789] loss=0.0140 miou=0.8514 f1=0.9115 time=65.7s
[Epoch 790] loss=0.0151 miou=0.8607 f1=0.9178 time=65.8s
[Epoch 791] loss=0.0148 miou=0.8526 f1=0.9121 time=65.7s
[Epoch 792] loss=0.0149 miou=0.8522 f1=0.9128 time=65.8s
[Epoch 793] loss=0.0139 miou=0.8551 f1=0.9147 time=65.7s
[Epoch 794] loss=0.0131 miou=0.8604 f1=0.9179 time=65.7s
[Epoch 795] loss=0.0144 miou=0.8552 f1=0.9145 time=65.8s
[Epoch 796] loss=0.0166 miou=0.8548 f1=0.9145 time=65.8s
[Epoch 797] loss=0.0134 miou=0.8518 f1=0.9121 time=65.8s
[Epoch 798] loss=0.0152 miou=0.8557 f1=0.9145 time=65.7s
[Epoch 799] loss=0.0146 miou=0.8473 f1=0.9085 time=65.7s
[Epoch 800] loss=0.0155 miou=0.8533 f1=0.9136 time=65.7s
[Epoch 801] loss=0.0146 miou=0.8549 f1=0.9138 time=65.7s
[Epoch 802] loss=0.0140 miou=0.8575 f1=0.9163 time=65.7s
[Epoch 803] loss=0.0142 miou=0.8556 f1=0.9142 time=65.8s
[Epoch 804] loss=0.0135 miou=0.8587 f1=0.9168 time=65.8s
[Epoch 805] loss=0.0147 miou=0.8588 f1=0.9172 time=65.8s
[Epoch 806] loss=0.0146 miou=0.8574 f1=0.9161 time=65.8s
[Epoch 807] loss=0.0147 miou=0.8591 f1=0.9172 time=65.8s
[Epoch 808] loss=0.0145 miou=0.8587 f1=0.9169 time=65.8s
[Epoch 809] loss=0.0153 miou=0.8553 f1=0.9147 time=65.7s
[Epoch 810] loss=0.0152 miou=0.8540 f1=0.9134 time=65.7s
[Epoch 811] loss=0.0146 miou=0.8551 f1=0.9140 time=65.2s
[Epoch 812] loss=0.0140 miou=0.8515 f1=0.9126 time=64.9s
[Epoch 813] loss=0.0150 miou=0.8531 f1=0.9127 time=64.9s
[Epoch 814] loss=0.0145 miou=0.8484 f1=0.9094 time=64.9s
[Epoch 815] loss=0.0141 miou=0.8593 f1=0.9174 time=65.6s
[Epoch 816] loss=0.0155 miou=0.8526 f1=0.9127 time=65.7s
[Epoch 817] loss=0.0139 miou=0.8614 f1=0.9187 time=65.7s
[Epoch 818] loss=0.0134 miou=0.8553 f1=0.9140 time=65.8s
[Epoch 819] loss=0.0138 miou=0.8580 f1=0.9162 time=65.7s
[Epoch 820] loss=0.0159 miou=0.8527 f1=0.9126 time=65.7s
[Epoch 821] loss=0.0150 miou=0.8491 f1=0.9105 time=65.7s
[Epoch 822] loss=0.0151 miou=0.8475 f1=0.9097 time=65.7s
[Epoch 823] loss=0.0145 miou=0.8538 f1=0.9136 time=65.8s
[Epoch 824] loss=0.0142 miou=0.8567 f1=0.9157 time=65.7s
[Epoch 825] loss=0.0153 miou=0.8566 f1=0.9152 time=65.7s
[Epoch 826] loss=0.0138 miou=0.8607 f1=0.9180 time=65.7s
[Epoch 827] loss=0.0138 miou=0.8609 f1=0.9181 time=65.8s
[Epoch 828] loss=0.0130 miou=0.8594 f1=0.9172 time=65.7s
[Epoch 829] loss=0.0141 miou=0.8487 f1=0.9096 time=65.1s
[Epoch 830] loss=0.0153 miou=0.8589 f1=0.9169 time=64.9s
[Epoch 831] loss=0.0148 miou=0.8583 f1=0.9163 time=64.9s
[Epoch 832] loss=0.0145 miou=0.8568 f1=0.9158 time=64.9s
[Epoch 833] loss=0.0138 miou=0.8565 f1=0.9152 time=64.9s
[Epoch 834] loss=0.0144 miou=0.8540 f1=0.9137 time=64.9s
[Epoch 835] loss=0.0146 miou=0.8589 f1=0.9170 time=64.9s
[Epoch 836] loss=0.0162 miou=0.8536 f1=0.9133 time=64.9s
[Epoch 837] loss=0.0138 miou=0.8565 f1=0.9156 time=64.9s
[Epoch 838] loss=0.0127 miou=0.8615 f1=0.9191 time=64.8s
[Epoch 839] loss=0.0128 miou=0.8623 f1=0.9194 time=64.9s
[Epoch 840] loss=0.0134 miou=0.8605 f1=0.9183 time=64.9s
[Epoch 841] loss=0.0127 miou=0.8576 f1=0.9164 time=64.9s
[Epoch 842] loss=0.0133 miou=0.8570 f1=0.9159 time=64.9s
[Epoch 843] loss=0.0127 miou=0.8579 f1=0.9162 time=64.9s
[Epoch 844] loss=0.0140 miou=0.8592 f1=0.9168 time=64.9s
[Epoch 845] loss=0.0130 miou=0.8578 f1=0.9156 time=64.9s
[Epoch 846] loss=0.0131 miou=0.8552 f1=0.9142 time=64.9s
[Epoch 847] loss=0.0143 miou=0.8528 f1=0.9136 time=65.3s
[Epoch 848] loss=0.0158 miou=0.8454 f1=0.9074 time=65.3s
[Epoch 849] loss=0.0163 miou=0.8478 f1=0.9092 time=64.9s
[Epoch 850] loss=0.0158 miou=0.8541 f1=0.9141 time=64.9s
[Epoch 851] loss=0.0152 miou=0.8509 f1=0.9125 time=64.9s
[Epoch 852] loss=0.0152 miou=0.8571 f1=0.9161 time=64.9s
[Epoch 853] loss=0.0147 miou=0.8479 f1=0.9104 time=64.9s
[Epoch 854] loss=0.0158 miou=0.8524 f1=0.9130 time=64.9s
[Epoch 855] loss=0.0149 miou=0.8551 f1=0.9148 time=64.8s
[Epoch 856] loss=0.0131 miou=0.8537 f1=0.9136 time=64.9s
[Epoch 857] loss=0.0141 miou=0.8519 f1=0.9132 time=65.1s
[Epoch 858] loss=0.0145 miou=0.8495 f1=0.9108 time=64.9s
[Epoch 859] loss=0.0158 miou=0.8534 f1=0.9135 time=64.9s
[Epoch 860] loss=0.0132 miou=0.8602 f1=0.9182 time=64.9s
[Epoch 861] loss=0.0123 miou=0.8614 f1=0.9191 time=64.9s
[Epoch 862] loss=0.0130 miou=0.8580 f1=0.9164 time=64.9s
[Epoch 863] loss=0.0126 miou=0.8569 f1=0.9158 time=65.2s
[Epoch 864] loss=0.0126 miou=0.8598 f1=0.9180 time=65.0s
[Epoch 865] loss=0.0130 miou=0.8573 f1=0.9160 time=65.1s
[Epoch 866] loss=0.0116 miou=0.8526 f1=0.9129 time=65.1s
[Epoch 867] loss=0.0128 miou=0.8622 f1=0.9193 time=65.3s
[Epoch 868] loss=0.0134 miou=0.8595 f1=0.9170 time=65.2s
[Epoch 869] loss=0.0127 miou=0.8594 f1=0.9173 time=65.2s
[Epoch 870] loss=0.0141 miou=0.8560 f1=0.9146 time=65.2s
[Epoch 871] loss=0.0130 miou=0.8617 f1=0.9183 time=65.2s
[Epoch 872] loss=0.0128 miou=0.8594 f1=0.9173 time=65.2s
[Epoch 873] loss=0.0132 miou=0.8562 f1=0.9155 time=65.7s
[Epoch 874] loss=0.0142 miou=0.8478 f1=0.9090 time=65.2s
[Epoch 875] loss=0.0140 miou=0.8504 f1=0.9111 time=65.2s
[Epoch 876] loss=0.0150 miou=0.8505 f1=0.9107 time=65.3s
[Epoch 877] loss=0.0140 miou=0.8470 f1=0.9080 time=65.3s
[Epoch 878] loss=0.0134 miou=0.8539 f1=0.9142 time=65.2s
[Epoch 879] loss=0.0149 miou=0.8488 f1=0.9092 time=65.2s
[Epoch 880] loss=0.0134 miou=0.8502 f1=0.9107 time=65.2s
[Epoch 881] loss=0.0149 miou=0.8435 f1=0.9072 time=65.2s
[Epoch 882] loss=0.0149 miou=0.8569 f1=0.9155 time=65.2s
[Epoch 883] loss=0.0127 miou=0.8590 f1=0.9169 time=65.2s
[Epoch 884] loss=0.0136 miou=0.8585 f1=0.9167 time=65.2s
[Epoch 885] loss=0.0125 miou=0.8615 f1=0.9186 time=65.2s
[Epoch 886] loss=0.0136 miou=0.8522 f1=0.9126 time=65.2s
[Epoch 887] loss=0.0130 miou=0.8616 f1=0.9191 time=65.2s
[Epoch 888] loss=0.0119 miou=0.8600 f1=0.9174 time=65.2s
[Epoch 889] loss=0.0117 miou=0.8621 f1=0.9196 time=65.7s
[Epoch 890] loss=0.0125 miou=0.8587 f1=0.9171 time=65.9s
[Epoch 891] loss=0.0128 miou=0.8593 f1=0.9176 time=65.9s
[Epoch 892] loss=0.0126 miou=0.8531 f1=0.9132 time=65.9s
[Epoch 893] loss=0.0134 miou=0.8591 f1=0.9170 time=65.9s
[Epoch 894] loss=0.0144 miou=0.8533 f1=0.9134 time=65.9s
[Epoch 895] loss=0.0141 miou=0.8454 f1=0.9076 time=65.9s
[Epoch 896] loss=0.0137 miou=0.8563 f1=0.9151 time=65.9s
[Epoch 897] loss=0.0119 miou=0.8584 f1=0.9173 time=65.9s
[Epoch 898] loss=0.0134 miou=0.8559 f1=0.9150 time=65.9s
[Epoch 899] loss=0.0136 miou=0.8580 f1=0.9163 time=65.9s
[Epoch 900] loss=0.0135 miou=0.8580 f1=0.9164 time=65.9s
[Epoch 901] loss=0.0122 miou=0.8554 f1=0.9144 time=65.9s
[Epoch 902] loss=0.0121 miou=0.8573 f1=0.9154 time=65.9s
[Epoch 903] loss=0.0125 miou=0.8536 f1=0.9130 time=66.1s
[Epoch 904] loss=0.0125 miou=0.8538 f1=0.9131 time=65.9s
[Epoch 905] loss=0.0128 miou=0.8554 f1=0.9143 time=66.9s
[Epoch 906] loss=0.0142 miou=0.8472 f1=0.9095 time=66.9s
[Epoch 907] loss=0.0159 miou=0.8513 f1=0.9120 time=65.9s
[Epoch 908] loss=0.0135 miou=0.8511 f1=0.9114 time=65.9s
[Epoch 909] loss=0.0150 miou=0.8462 f1=0.9083 time=65.9s
[Epoch 910] loss=0.0135 miou=0.8492 f1=0.9100 time=66.0s
[Epoch 911] loss=0.0132 miou=0.8559 f1=0.9155 time=65.9s
[Epoch 912] loss=0.0118 miou=0.8542 f1=0.9137 time=66.0s
[Epoch 913] loss=0.0125 miou=0.8557 f1=0.9149 time=65.9s
[Epoch 914] loss=0.0132 miou=0.8542 f1=0.9137 time=65.9s
[Epoch 915] loss=0.0125 miou=0.8584 f1=0.9171 time=66.4s
[Epoch 916] loss=0.0120 miou=0.8489 f1=0.9099 time=66.3s
[Epoch 917] loss=0.0129 miou=0.8524 f1=0.9129 time=66.4s
[Epoch 918] loss=0.0120 miou=0.8546 f1=0.9149 time=65.8s
[Epoch 919] loss=0.0124 miou=0.8539 f1=0.9143 time=66.4s
[Epoch 920] loss=0.0136 miou=0.8559 f1=0.9152 time=66.5s
[Epoch 921] loss=0.0143 miou=0.8586 f1=0.9166 time=65.9s
[Epoch 922] loss=0.0123 miou=0.8471 f1=0.9093 time=66.9s
[Epoch 923] loss=0.0145 miou=0.8530 f1=0.9130 time=66.8s
[Epoch 924] loss=0.0143 miou=0.8591 f1=0.9179 time=65.9s
[Epoch 925] loss=0.0121 miou=0.8532 f1=0.9133 time=65.9s
[Epoch 926] loss=0.0120 miou=0.8556 f1=0.9146 time=66.8s
[Epoch 927] loss=0.0130 miou=0.8565 f1=0.9151 time=66.9s
[Epoch 928] loss=0.0139 miou=0.8553 f1=0.9141 time=66.9s
[Epoch 929] loss=0.0133 miou=0.8501 f1=0.9116 time=66.8s
[Epoch 930] loss=0.0149 miou=0.8390 f1=0.9048 time=66.8s
[Epoch 931] loss=0.0154 miou=0.8557 f1=0.9147 time=66.9s
[Epoch 932] loss=0.0139 miou=0.8501 f1=0.9115 time=67.0s
[Epoch 933] loss=0.0148 miou=0.8492 f1=0.9106 time=65.9s
[Epoch 934] loss=0.0145 miou=0.8491 f1=0.9104 time=66.9s
[Epoch 935] loss=0.0131 miou=0.8588 f1=0.9175 time=66.8s
[Epoch 936] loss=0.0128 miou=0.8528 f1=0.9136 time=66.9s
[Epoch 937] loss=0.0122 miou=0.8473 f1=0.9092 time=66.8s
[Epoch 938] loss=0.0123 miou=0.8591 f1=0.9172 time=66.9s
[Epoch 939] loss=0.0119 miou=0.8618 f1=0.9190 time=66.8s
[Epoch 940] loss=0.0128 miou=0.8559 f1=0.9155 time=66.1s
[Epoch 941] loss=0.0109 miou=0.8560 f1=0.9156 time=66.9s
[Epoch 942] loss=0.0110 miou=0.8577 f1=0.9168 time=66.6s
[Epoch 943] loss=0.0127 miou=0.8503 f1=0.9108 time=66.3s
[Epoch 944] loss=0.0108 miou=0.8508 f1=0.9118 time=65.9s
[Epoch 945] loss=0.0123 miou=0.8525 f1=0.9134 time=66.4s
[Epoch 946] loss=0.0119 miou=0.8508 f1=0.9115 time=66.2s
[Epoch 947] loss=0.0153 miou=0.8414 f1=0.9050 time=66.4s
[Epoch 948] loss=0.0157 miou=0.8470 f1=0.9100 time=66.8s
[Epoch 949] loss=0.0128 miou=0.8461 f1=0.9083 time=66.9s
[Epoch 950] loss=0.0119 miou=0.8548 f1=0.9140 time=65.9s
[Epoch 951] loss=0.0122 miou=0.8569 f1=0.9161 time=65.9s
[Epoch 952] loss=0.0127 miou=0.8517 f1=0.9126 time=66.3s
[Epoch 953] loss=0.0164 miou=0.8527 f1=0.9130 time=66.8s
[Epoch 954] loss=0.0124 miou=0.8603 f1=0.9185 time=66.9s
[Epoch 955] loss=0.0127 miou=0.8622 f1=0.9197 time=66.9s
[Epoch 956] loss=0.0123 miou=0.8572 f1=0.9162 time=66.9s
[Epoch 957] loss=0.0129 miou=0.8524 f1=0.9133 time=66.8s
[Epoch 958] loss=0.0132 miou=0.8562 f1=0.9151 time=66.2s
[Epoch 959] loss=0.0123 miou=0.8558 f1=0.9151 time=65.9s
[Epoch 960] loss=0.0122 miou=0.8564 f1=0.9149 time=65.9s
[Epoch 961] loss=0.0121 miou=0.8530 f1=0.9131 time=65.9s
[Epoch 962] loss=0.0114 miou=0.8600 f1=0.9182 time=65.9s
[Epoch 963] loss=0.0125 miou=0.8488 f1=0.9105 time=65.9s
[Epoch 964] loss=0.0131 miou=0.8507 f1=0.9117 time=65.9s
[Epoch 965] loss=0.0129 miou=0.8511 f1=0.9120 time=65.9s
[Epoch 966] loss=0.0142 miou=0.8509 f1=0.9113 time=65.9s
[Epoch 967] loss=0.0124 miou=0.8533 f1=0.9136 time=66.0s
[Epoch 968] loss=0.0144 miou=0.8540 f1=0.9139 time=66.0s
[Epoch 969] loss=0.0120 miou=0.8587 f1=0.9172 time=65.9s
[Epoch 970] loss=0.0111 miou=0.8594 f1=0.9174 time=65.9s
[Epoch 971] loss=0.0113 miou=0.8574 f1=0.9159 time=65.9s
[Epoch 972] loss=0.0118 miou=0.8572 f1=0.9163 time=65.9s
[Epoch 973] loss=0.0117 miou=0.8540 f1=0.9145 time=65.9s
[Epoch 974] loss=0.0117 miou=0.8545 f1=0.9144 time=65.9s
[Epoch 975] loss=0.0127 miou=0.8579 f1=0.9168 time=65.9s
[Epoch 976] loss=0.0127 miou=0.8512 f1=0.9119 time=65.9s
[Epoch 977] loss=0.0134 miou=0.8406 f1=0.9052 time=65.9s
[Epoch 978] loss=0.0134 miou=0.8473 f1=0.9092 time=65.9s
[Epoch 979] loss=0.0126 miou=0.8533 f1=0.9132 time=65.9s
[Epoch 980] loss=0.0118 miou=0.8563 f1=0.9150 time=66.0s
[Epoch 981] loss=0.0123 miou=0.8527 f1=0.9139 time=66.1s
[Epoch 982] loss=0.0125 miou=0.8591 f1=0.9171 time=66.2s
[Epoch 983] loss=0.0113 miou=0.8542 f1=0.9138 time=66.2s
[Epoch 984] loss=0.0111 miou=0.8560 f1=0.9156 time=66.2s
[Epoch 985] loss=0.0118 miou=0.8544 f1=0.9142 time=66.3s
[Epoch 986] loss=0.0099 miou=0.8569 f1=0.9155 time=66.3s
[Epoch 987] loss=0.0115 miou=0.8517 f1=0.9121 time=200.3s
[Epoch 988] loss=0.0113 miou=0.8530 f1=0.9132 time=169.2s
[Epoch 989] loss=0.0106 miou=0.8531 f1=0.9135 time=66.2s
[Epoch 990] loss=0.0132 miou=0.8568 f1=0.9156 time=66.0s
[Epoch 991] loss=0.0116 miou=0.8554 f1=0.9149 time=66.1s
[Epoch 992] loss=0.0116 miou=0.8565 f1=0.9156 time=66.1s
[Epoch 993] loss=0.0116 miou=0.8510 f1=0.9117 time=66.2s
[Epoch 994] loss=0.0115 miou=0.8532 f1=0.9133 time=66.2s
[Epoch 995] loss=0.0129 miou=0.8546 f1=0.9148 time=66.0s
[Epoch 996] loss=0.0117 miou=0.8590 f1=0.9170 time=65.9s
[Epoch 997] loss=0.0120 miou=0.8538 f1=0.9139 time=65.9s
[Epoch 998] loss=0.0126 miou=0.8579 f1=0.9160 time=66.0s
[Epoch 999] loss=0.0133 miou=0.8566 f1=0.9155 time=66.1s
[Epoch 1000] loss=0.0123 miou=0.8494 f1=0.9107 time=66.4s
