nohup: ignoring input
Run directory: ./outputs_sam_sirst_hq/NUAA-SIRST_model-vitt_size256_use_HQ_radial_bs4_e1000kp1msfx_pixels0_split-50_50_20250918_113722
[build_efficient_sam_hq] Partially loaded 253 tensors from baseline (278 scanned).
/home/bip/cry/anaconda3/lib/python3.9/site-packages/torch/cuda/__init__.py:611: UserWarning: Can't initialize NVML
  warnings.warn("Can't initialize NVML")
[Epoch 001] loss=1.2551 miou=0.0000 f1=0.0000 thr=0.40 time=16.5s
[Epoch 002] loss=0.8021 miou=0.5326 f1=0.6756 thr=0.45 time=15.0s
[Epoch 003] loss=0.3846 miou=0.6164 f1=0.7466 thr=0.40 time=15.1s
[Epoch 004] loss=0.3132 miou=0.6245 f1=0.7523 thr=0.40 time=15.1s
[Epoch 005] loss=0.3210 miou=0.6293 f1=0.7549 thr=0.40 time=15.2s
[Epoch 006] loss=0.2887 miou=0.6543 f1=0.7740 thr=0.55 time=15.2s
[Epoch 007] loss=0.2882 miou=0.6635 f1=0.7823 thr=0.50 time=15.2s
[Epoch 008] loss=0.2726 miou=0.6649 f1=0.7854 thr=0.40 time=15.5s
[Epoch 009] loss=0.2697 miou=0.6574 f1=0.7792 thr=0.40 time=15.4s
[Epoch 010] loss=0.2660 miou=0.6522 f1=0.7747 thr=0.40 time=15.3s
Unfroze at epoch 10: encoder + all heads.
[Epoch 011] loss=0.2856 miou=0.6379 f1=0.7597 thr=0.40 time=23.8s
[Epoch 012] loss=0.2621 miou=0.6419 f1=0.7658 thr=0.40 time=23.7s
[Epoch 013] loss=0.2356 miou=0.6653 f1=0.7807 thr=0.40 time=23.7s
[Epoch 014] loss=0.2391 miou=0.6722 f1=0.7888 thr=0.45 time=23.6s
[Epoch 015] loss=0.2309 miou=0.6882 f1=0.8011 thr=0.45 time=23.6s
[Epoch 016] loss=0.2488 miou=0.6857 f1=0.7991 thr=0.40 time=23.6s
[Epoch 017] loss=0.2404 miou=0.6605 f1=0.7819 thr=0.40 time=23.6s
[Epoch 018] loss=0.2349 miou=0.6584 f1=0.7746 thr=0.40 time=23.6s
[Epoch 019] loss=0.2234 miou=0.6849 f1=0.7986 thr=0.40 time=23.6s
[Epoch 020] loss=0.2297 miou=0.6679 f1=0.7833 thr=0.40 time=23.6s
[Epoch 021] loss=0.2181 miou=0.6903 f1=0.7999 thr=0.40 time=23.6s
[Epoch 022] loss=0.2040 miou=0.6947 f1=0.8055 thr=0.45 time=23.9s
[Epoch 023] loss=0.2063 miou=0.6958 f1=0.8057 thr=0.40 time=24.1s
[Epoch 024] loss=0.2028 miou=0.6818 f1=0.7960 thr=0.40 time=23.8s
[Epoch 025] loss=0.2017 miou=0.7101 f1=0.8180 thr=0.55 time=23.9s
[Epoch 026] loss=0.1964 miou=0.6885 f1=0.8000 thr=0.40 time=23.9s
[Epoch 027] loss=0.2004 miou=0.6680 f1=0.7861 thr=0.40 time=23.5s
[Epoch 028] loss=0.2157 miou=0.6938 f1=0.8064 thr=0.40 time=23.6s
[Epoch 029] loss=0.1951 miou=0.7067 f1=0.8154 thr=0.40 time=23.5s
[Epoch 030] loss=0.2033 miou=0.7132 f1=0.8187 thr=0.50 time=23.5s
[Epoch 031] loss=0.1925 miou=0.7012 f1=0.8103 thr=0.40 time=23.6s
[Epoch 032] loss=0.1907 miou=0.6990 f1=0.8079 thr=0.40 time=23.5s
[Epoch 033] loss=0.2001 miou=0.7002 f1=0.8091 thr=0.40 time=23.6s
[Epoch 034] loss=0.1966 miou=0.7028 f1=0.8119 thr=0.55 time=23.8s
[Epoch 035] loss=0.1990 miou=0.6822 f1=0.7958 thr=0.40 time=23.8s
[Epoch 036] loss=0.1881 miou=0.6807 f1=0.7964 thr=0.40 time=23.8s
[Epoch 037] loss=0.2031 miou=0.7018 f1=0.8118 thr=0.40 time=23.8s
[Epoch 038] loss=0.2007 miou=0.7001 f1=0.8104 thr=0.40 time=23.7s
[Epoch 039] loss=0.1834 miou=0.7032 f1=0.8137 thr=0.40 time=23.6s
[Epoch 040] loss=0.1784 miou=0.6816 f1=0.7968 thr=0.40 time=23.6s
[Epoch 041] loss=0.1807 miou=0.7023 f1=0.8106 thr=0.55 time=23.6s
[Epoch 042] loss=0.1835 miou=0.6952 f1=0.8046 thr=0.40 time=23.6s
[Epoch 043] loss=0.1819 miou=0.7088 f1=0.8148 thr=0.40 time=23.6s
[Epoch 044] loss=0.1869 miou=0.6937 f1=0.8044 thr=0.40 time=23.6s
[Epoch 045] loss=0.1778 miou=0.7111 f1=0.8182 thr=0.40 time=23.6s
[Epoch 046] loss=0.1788 miou=0.6984 f1=0.8078 thr=0.40 time=23.7s
[Epoch 047] loss=0.1777 miou=0.6952 f1=0.8069 thr=0.40 time=23.8s
[Epoch 048] loss=0.1798 miou=0.6844 f1=0.7977 thr=0.40 time=23.9s
[Epoch 049] loss=0.1809 miou=0.6845 f1=0.7987 thr=0.40 time=23.9s
[Epoch 050] loss=0.1830 miou=0.6921 f1=0.8033 thr=0.40 time=24.0s
[Epoch 051] loss=0.1831 miou=0.6842 f1=0.7973 thr=0.40 time=23.6s
[Epoch 052] loss=0.1755 miou=0.6928 f1=0.8048 thr=0.45 time=23.6s
[Epoch 053] loss=0.1781 miou=0.6973 f1=0.8071 thr=0.40 time=23.6s
[Epoch 054] loss=0.1815 miou=0.6955 f1=0.8061 thr=0.40 time=23.6s
[Epoch 055] loss=0.1761 miou=0.6933 f1=0.8052 thr=0.40 time=23.6s
[Epoch 056] loss=0.1626 miou=0.6923 f1=0.8032 thr=0.50 time=23.7s
[Epoch 057] loss=0.1750 miou=0.6916 f1=0.8026 thr=0.40 time=23.6s
[Epoch 058] loss=0.1743 miou=0.6938 f1=0.8045 thr=0.40 time=23.6s
[Epoch 059] loss=0.1626 miou=0.6866 f1=0.7990 thr=0.50 time=23.8s
[Epoch 060] loss=0.1648 miou=0.6941 f1=0.8046 thr=0.55 time=23.8s
[Epoch 061] loss=0.1694 miou=0.6755 f1=0.7915 thr=0.45 time=23.8s
[Epoch 062] loss=0.1749 miou=0.6873 f1=0.7992 thr=0.40 time=23.7s
[Epoch 063] loss=0.1683 miou=0.6991 f1=0.8103 thr=0.40 time=23.6s
[Epoch 064] loss=0.1634 miou=0.6870 f1=0.8003 thr=0.40 time=23.7s
[Epoch 065] loss=0.1673 miou=0.6800 f1=0.7943 thr=0.40 time=23.8s
[Epoch 066] loss=0.1620 miou=0.6979 f1=0.8088 thr=0.40 time=23.7s
[Epoch 067] loss=0.1621 miou=0.6979 f1=0.8094 thr=0.55 time=23.7s
[Epoch 068] loss=0.1503 miou=0.6900 f1=0.8026 thr=0.40 time=23.6s
[Epoch 069] loss=0.1498 miou=0.6989 f1=0.8088 thr=0.45 time=23.6s
[Epoch 070] loss=0.1504 miou=0.6903 f1=0.8022 thr=0.40 time=23.6s
[Epoch 071] loss=0.1578 miou=0.6969 f1=0.8058 thr=0.40 time=23.9s
[Epoch 072] loss=0.1515 miou=0.6893 f1=0.8009 thr=0.40 time=23.8s
[Epoch 073] loss=0.1488 miou=0.6895 f1=0.8019 thr=0.40 time=23.7s
[Epoch 074] loss=0.1550 miou=0.7001 f1=0.8098 thr=0.40 time=23.8s
[Epoch 075] loss=0.1551 miou=0.6945 f1=0.8059 thr=0.40 time=23.8s
[Epoch 076] loss=0.1478 miou=0.6858 f1=0.7990 thr=0.40 time=23.6s
[Epoch 077] loss=0.1445 miou=0.6947 f1=0.8072 thr=0.40 time=23.6s
[Epoch 078] loss=0.1424 miou=0.6815 f1=0.7955 thr=0.50 time=23.7s
[Epoch 079] loss=0.1464 miou=0.6890 f1=0.8015 thr=0.50 time=23.7s
[Epoch 080] loss=0.1523 miou=0.6937 f1=0.8067 thr=0.55 time=23.6s
[Epoch 081] loss=0.1446 miou=0.6819 f1=0.7971 thr=0.40 time=23.6s
[Epoch 082] loss=0.1533 miou=0.6871 f1=0.8009 thr=0.45 time=23.6s
[Epoch 083] loss=0.1404 miou=0.6888 f1=0.8026 thr=0.40 time=23.8s
[Epoch 084] loss=0.1406 miou=0.6945 f1=0.8066 thr=0.40 time=23.8s
[Epoch 085] loss=0.1460 miou=0.6931 f1=0.8041 thr=0.45 time=23.9s
[Epoch 086] loss=0.1489 miou=0.6889 f1=0.8002 thr=0.50 time=23.8s
[Epoch 087] loss=0.1529 miou=0.6963 f1=0.8034 thr=0.40 time=23.8s
[Epoch 088] loss=0.1550 miou=0.6849 f1=0.7980 thr=0.45 time=23.6s
[Epoch 089] loss=0.1456 miou=0.6970 f1=0.8087 thr=0.40 time=23.6s
[Epoch 090] loss=0.1410 miou=0.6967 f1=0.8078 thr=0.40 time=23.6s
[Epoch 091] loss=0.1320 miou=0.6938 f1=0.8064 thr=0.45 time=23.7s
[Epoch 092] loss=0.1408 miou=0.6978 f1=0.8098 thr=0.40 time=23.6s
[Epoch 093] loss=0.1333 miou=0.6914 f1=0.8044 thr=0.40 time=23.6s
[Epoch 094] loss=0.1449 miou=0.6974 f1=0.8076 thr=0.40 time=23.6s
[Epoch 095] loss=0.1337 miou=0.6940 f1=0.8051 thr=0.40 time=23.7s
[Epoch 096] loss=0.1542 miou=0.6892 f1=0.8008 thr=0.40 time=23.9s
[Epoch 097] loss=0.1407 miou=0.6850 f1=0.7972 thr=0.40 time=23.9s
[Epoch 098] loss=0.1399 miou=0.6918 f1=0.8033 thr=0.40 time=23.9s
[Epoch 099] loss=0.1354 miou=0.6936 f1=0.8058 thr=0.40 time=23.9s
[Epoch 100] loss=0.1358 miou=0.6920 f1=0.8040 thr=0.45 time=23.7s
[Epoch 101] loss=0.1340 miou=0.6991 f1=0.8089 thr=0.40 time=23.7s
[Epoch 102] loss=0.1438 miou=0.6924 f1=0.8022 thr=0.40 time=23.6s
[Epoch 103] loss=0.1354 miou=0.6906 f1=0.8016 thr=0.40 time=23.6s
[Epoch 104] loss=0.1296 miou=0.6903 f1=0.8021 thr=0.40 time=23.7s
[Epoch 105] loss=0.1347 miou=0.6938 f1=0.8043 thr=0.40 time=23.6s
[Epoch 106] loss=0.1301 miou=0.6790 f1=0.7935 thr=0.40 time=23.6s
[Epoch 107] loss=0.1335 miou=0.6877 f1=0.7999 thr=0.40 time=23.6s
[Epoch 108] loss=0.1368 miou=0.6922 f1=0.8031 thr=0.40 time=23.8s
[Epoch 109] loss=0.1294 miou=0.6841 f1=0.7976 thr=0.40 time=24.0s
[Epoch 110] loss=0.1482 miou=0.6898 f1=0.8006 thr=0.50 time=23.8s
[Epoch 111] loss=0.1310 miou=0.6825 f1=0.7958 thr=0.45 time=23.9s
[Epoch 112] loss=0.1415 miou=0.6971 f1=0.8082 thr=0.40 time=23.8s
[Epoch 113] loss=0.1329 miou=0.6947 f1=0.8065 thr=0.40 time=23.6s
[Epoch 114] loss=0.1344 miou=0.6834 f1=0.7963 thr=0.40 time=23.6s
[Epoch 115] loss=0.1269 miou=0.6913 f1=0.8018 thr=0.40 time=23.7s
[Epoch 116] loss=0.1272 miou=0.6865 f1=0.7986 thr=0.50 time=23.6s
[Epoch 117] loss=0.1213 miou=0.6932 f1=0.8053 thr=0.40 time=23.6s
[Epoch 118] loss=0.1364 miou=0.6829 f1=0.7978 thr=0.40 time=23.7s
[Epoch 119] loss=0.1324 miou=0.6805 f1=0.7943 thr=0.40 time=23.6s
[Epoch 120] loss=0.1310 miou=0.6953 f1=0.8067 thr=0.40 time=23.8s
[Epoch 121] loss=0.1285 miou=0.6848 f1=0.7980 thr=0.50 time=23.8s
[Epoch 122] loss=0.1341 miou=0.6816 f1=0.7956 thr=0.40 time=24.0s
[Epoch 123] loss=0.1311 miou=0.6836 f1=0.7976 thr=0.50 time=23.9s
[Epoch 124] loss=0.1307 miou=0.7007 f1=0.8117 thr=0.40 time=23.8s
[Epoch 125] loss=0.1235 miou=0.6868 f1=0.8023 thr=0.55 time=23.7s
[Epoch 126] loss=0.1198 miou=0.6912 f1=0.8053 thr=0.40 time=23.7s
[Epoch 127] loss=0.1269 miou=0.6953 f1=0.8084 thr=0.40 time=23.6s
[Epoch 128] loss=0.1112 miou=0.6884 f1=0.8023 thr=0.40 time=23.7s
[Epoch 129] loss=0.1315 miou=0.6954 f1=0.8077 thr=0.45 time=23.6s
[Epoch 130] loss=0.1263 miou=0.6868 f1=0.7995 thr=0.40 time=23.7s
[Epoch 131] loss=0.1287 miou=0.6919 f1=0.8055 thr=0.40 time=23.6s
[Epoch 132] loss=0.1158 miou=0.6980 f1=0.8097 thr=0.40 time=23.7s
[Epoch 133] loss=0.1124 miou=0.6901 f1=0.8041 thr=0.40 time=23.9s
[Epoch 134] loss=0.1190 miou=0.6964 f1=0.8078 thr=0.45 time=24.0s
[Epoch 135] loss=0.1192 miou=0.6965 f1=0.8084 thr=0.40 time=23.9s
[Epoch 136] loss=0.1217 miou=0.6922 f1=0.8059 thr=0.40 time=23.8s
[Epoch 137] loss=0.1214 miou=0.6924 f1=0.8049 thr=0.45 time=23.7s
[Epoch 138] loss=0.1118 miou=0.6849 f1=0.7987 thr=0.55 time=23.8s
[Epoch 139] loss=0.1175 miou=0.6915 f1=0.8048 thr=0.40 time=23.7s
[Epoch 140] loss=0.1127 miou=0.6909 f1=0.8034 thr=0.40 time=23.7s
[Epoch 141] loss=0.1049 miou=0.6846 f1=0.8002 thr=0.40 time=23.7s
[Epoch 142] loss=0.1100 miou=0.6954 f1=0.8069 thr=0.40 time=23.6s
[Epoch 143] loss=0.1133 miou=0.6872 f1=0.8014 thr=0.40 time=23.7s
[Epoch 144] loss=0.1306 miou=0.6912 f1=0.8049 thr=0.40 time=23.6s
[Epoch 145] loss=0.1202 miou=0.6906 f1=0.8037 thr=0.40 time=24.0s
[Epoch 146] loss=0.1218 miou=0.6830 f1=0.7986 thr=0.40 time=23.9s
[Epoch 147] loss=0.1146 miou=0.6936 f1=0.8060 thr=0.55 time=23.9s
[Epoch 148] loss=0.1127 miou=0.6981 f1=0.8092 thr=0.40 time=23.9s
[Epoch 149] loss=0.1086 miou=0.6964 f1=0.8090 thr=0.40 time=23.8s
[Epoch 150] loss=0.1192 miou=0.6889 f1=0.8038 thr=0.40 time=23.6s
[Epoch 151] loss=0.1151 miou=0.7000 f1=0.8101 thr=0.40 time=23.6s
[Epoch 152] loss=0.1124 miou=0.6865 f1=0.7991 thr=0.40 time=23.6s
[Epoch 153] loss=0.1131 miou=0.6927 f1=0.8038 thr=0.45 time=23.6s
[Epoch 154] loss=0.1061 miou=0.6923 f1=0.8034 thr=0.40 time=23.7s
[Epoch 155] loss=0.1029 miou=0.6895 f1=0.8018 thr=0.45 time=23.6s
[Epoch 156] loss=0.1085 miou=0.6926 f1=0.8028 thr=0.40 time=23.6s
[Epoch 157] loss=0.1018 miou=0.6899 f1=0.8028 thr=0.40 time=23.8s
[Epoch 158] loss=0.1175 miou=0.6951 f1=0.8065 thr=0.40 time=24.1s
[Epoch 159] loss=0.1100 miou=0.6902 f1=0.8026 thr=0.40 time=23.8s
[Epoch 160] loss=0.1210 miou=0.6882 f1=0.8017 thr=0.40 time=23.9s
[Epoch 161] loss=0.1128 miou=0.6864 f1=0.8003 thr=0.40 time=23.8s
[Epoch 162] loss=0.1154 miou=0.6985 f1=0.8095 thr=0.40 time=23.7s
[Epoch 163] loss=0.1150 miou=0.6863 f1=0.8010 thr=0.40 time=23.7s
[Epoch 164] loss=0.1064 miou=0.6920 f1=0.8048 thr=0.40 time=23.7s
[Epoch 165] loss=0.1043 miou=0.6897 f1=0.8030 thr=0.40 time=23.7s
[Epoch 166] loss=0.1112 miou=0.7054 f1=0.8143 thr=0.50 time=23.7s
[Epoch 167] loss=0.1075 miou=0.6913 f1=0.8040 thr=0.40 time=23.6s
[Epoch 168] loss=0.1042 miou=0.6988 f1=0.8092 thr=0.40 time=23.6s
[Epoch 169] loss=0.1059 miou=0.6864 f1=0.7999 thr=0.40 time=23.8s
[Epoch 170] loss=0.1120 miou=0.6903 f1=0.8023 thr=0.40 time=23.9s
[Epoch 171] loss=0.1137 miou=0.6936 f1=0.8057 thr=0.40 time=23.9s
[Epoch 172] loss=0.1117 miou=0.6946 f1=0.8057 thr=0.40 time=23.8s
[Epoch 173] loss=0.1187 miou=0.6905 f1=0.8031 thr=0.40 time=23.8s
[Epoch 174] loss=0.1071 miou=0.6912 f1=0.8043 thr=0.40 time=23.7s
[Epoch 175] loss=0.1085 miou=0.6899 f1=0.8038 thr=0.40 time=23.6s
[Epoch 176] loss=0.1076 miou=0.6934 f1=0.8053 thr=0.40 time=23.6s
[Epoch 177] loss=0.1038 miou=0.7011 f1=0.8111 thr=0.55 time=23.7s
[Epoch 178] loss=0.1063 miou=0.6912 f1=0.8061 thr=0.40 time=23.6s
[Epoch 179] loss=0.1069 miou=0.6873 f1=0.8003 thr=0.45 time=23.7s
[Epoch 180] loss=0.1115 miou=0.6858 f1=0.8000 thr=0.40 time=23.7s
[Epoch 181] loss=0.1029 miou=0.6869 f1=0.8002 thr=0.40 time=23.7s
[Epoch 182] loss=0.0969 miou=0.6859 f1=0.7994 thr=0.45 time=23.9s
[Epoch 183] loss=0.1015 miou=0.6917 f1=0.8030 thr=0.40 time=23.8s
[Epoch 184] loss=0.1016 miou=0.6853 f1=0.7993 thr=0.50 time=23.8s
[Epoch 185] loss=0.0986 miou=0.6870 f1=0.8026 thr=0.40 time=23.8s
[Epoch 186] loss=0.0944 miou=0.6903 f1=0.8025 thr=0.40 time=23.7s
[Epoch 187] loss=0.0953 miou=0.6967 f1=0.8071 thr=0.40 time=23.7s
[Epoch 188] loss=0.0956 miou=0.6875 f1=0.8015 thr=0.55 time=23.7s
[Epoch 189] loss=0.1055 miou=0.6848 f1=0.7978 thr=0.50 time=23.7s
[Epoch 190] loss=0.1174 miou=0.6937 f1=0.8043 thr=0.40 time=23.6s
[Epoch 191] loss=0.1049 miou=0.6937 f1=0.8041 thr=0.40 time=23.7s
[Epoch 192] loss=0.1007 miou=0.6930 f1=0.8041 thr=0.40 time=23.7s
[Epoch 193] loss=0.1004 miou=0.6932 f1=0.8043 thr=0.40 time=23.7s
[Epoch 194] loss=0.0955 miou=0.6965 f1=0.8066 thr=0.40 time=23.9s
[Epoch 195] loss=0.0987 miou=0.6807 f1=0.7952 thr=0.40 time=23.8s
[Epoch 196] loss=0.1196 miou=0.6808 f1=0.7959 thr=0.40 time=23.9s
[Epoch 197] loss=0.1077 miou=0.6839 f1=0.7981 thr=0.40 time=23.9s
[Epoch 198] loss=0.1027 miou=0.6894 f1=0.8006 thr=0.40 time=23.7s
[Epoch 199] loss=0.1127 miou=0.6917 f1=0.8023 thr=0.40 time=23.7s
[Epoch 200] loss=0.1008 miou=0.6862 f1=0.8001 thr=0.50 time=23.7s
[Epoch 201] loss=0.0970 miou=0.6853 f1=0.7993 thr=0.55 time=23.6s
[Epoch 202] loss=0.0946 miou=0.6982 f1=0.8087 thr=0.40 time=23.7s
[Epoch 203] loss=0.1059 miou=0.6937 f1=0.8046 thr=0.40 time=23.7s
[Epoch 204] loss=0.1014 miou=0.6846 f1=0.7966 thr=0.40 time=23.6s
[Epoch 205] loss=0.0908 miou=0.6861 f1=0.7996 thr=0.40 time=23.7s
[Epoch 206] loss=0.0972 miou=0.6888 f1=0.8006 thr=0.40 time=23.8s
[Epoch 207] loss=0.0947 miou=0.6939 f1=0.8047 thr=0.40 time=24.1s
[Epoch 208] loss=0.0964 miou=0.6917 f1=0.8030 thr=0.40 time=23.8s
[Epoch 209] loss=0.0988 miou=0.6910 f1=0.8021 thr=0.40 time=24.0s
[Epoch 210] loss=0.0988 miou=0.6831 f1=0.7958 thr=0.40 time=23.8s
[Epoch 211] loss=0.0918 miou=0.6899 f1=0.8024 thr=0.40 time=23.7s
[Epoch 212] loss=0.0999 miou=0.6785 f1=0.7932 thr=0.40 time=23.7s
[Epoch 213] loss=0.1000 miou=0.6956 f1=0.8072 thr=0.40 time=23.6s
[Epoch 214] loss=0.0998 miou=0.6940 f1=0.8066 thr=0.55 time=23.6s
[Epoch 215] loss=0.1019 miou=0.6848 f1=0.7996 thr=0.40 time=23.7s
[Epoch 216] loss=0.1013 miou=0.6837 f1=0.7971 thr=0.40 time=23.7s
[Epoch 217] loss=0.0996 miou=0.6831 f1=0.7968 thr=0.40 time=23.7s
[Epoch 218] loss=0.0923 miou=0.6879 f1=0.8007 thr=0.40 time=23.8s
[Epoch 219] loss=0.1053 miou=0.6928 f1=0.8029 thr=0.40 time=23.9s
[Epoch 220] loss=0.1087 miou=0.6848 f1=0.7981 thr=0.40 time=23.9s
[Epoch 221] loss=0.0984 miou=0.6931 f1=0.8012 thr=0.40 time=24.0s
[Epoch 222] loss=0.1028 miou=0.6864 f1=0.7985 thr=0.40 time=23.9s
[Epoch 223] loss=0.1038 miou=0.6933 f1=0.8040 thr=0.40 time=23.6s
[Epoch 224] loss=0.1020 miou=0.6893 f1=0.8012 thr=0.55 time=23.5s
[Epoch 225] loss=0.0995 miou=0.6940 f1=0.8063 thr=0.40 time=23.6s
[Epoch 226] loss=0.0933 miou=0.6936 f1=0.8053 thr=0.40 time=23.6s
[Epoch 227] loss=0.0955 miou=0.6892 f1=0.8028 thr=0.40 time=23.6s
[Epoch 228] loss=0.0934 miou=0.6970 f1=0.8078 thr=0.50 time=23.6s
[Epoch 229] loss=0.0962 miou=0.6939 f1=0.8047 thr=0.55 time=23.6s
[Epoch 230] loss=0.0891 miou=0.6963 f1=0.8066 thr=0.40 time=23.6s
[Epoch 231] loss=0.0857 miou=0.6953 f1=0.8064 thr=0.40 time=23.5s
[Epoch 232] loss=0.0930 miou=0.6832 f1=0.7955 thr=0.45 time=23.5s
[Epoch 233] loss=0.0930 miou=0.6882 f1=0.8007 thr=0.40 time=23.6s
[Epoch 234] loss=0.0927 miou=0.6928 f1=0.8032 thr=0.40 time=23.6s
[Epoch 235] loss=0.0919 miou=0.6970 f1=0.8077 thr=0.40 time=23.6s
[Epoch 236] loss=0.0907 miou=0.6946 f1=0.8068 thr=0.45 time=23.5s
[Epoch 237] loss=0.0863 miou=0.6879 f1=0.8004 thr=0.40 time=23.5s
[Epoch 238] loss=0.0981 miou=0.6873 f1=0.8016 thr=0.40 time=23.5s
[Epoch 239] loss=0.0987 miou=0.6913 f1=0.8029 thr=0.40 time=23.5s
[Epoch 240] loss=0.1003 miou=0.6869 f1=0.7980 thr=0.40 time=23.5s
[Epoch 241] loss=0.0938 miou=0.6877 f1=0.7999 thr=0.40 time=23.6s
[Epoch 242] loss=0.0902 miou=0.6894 f1=0.8028 thr=0.40 time=23.5s
[Epoch 243] loss=0.0899 miou=0.6852 f1=0.7996 thr=0.40 time=23.5s
[Epoch 244] loss=0.0939 miou=0.6912 f1=0.8043 thr=0.40 time=23.6s
[Epoch 245] loss=0.0902 miou=0.6851 f1=0.7989 thr=0.40 time=23.6s
[Epoch 246] loss=0.0927 miou=0.6947 f1=0.8071 thr=0.40 time=23.6s
[Epoch 247] loss=0.0923 miou=0.6889 f1=0.8023 thr=0.55 time=23.6s
[Epoch 248] loss=0.0950 miou=0.6847 f1=0.7984 thr=0.40 time=23.6s
[Epoch 249] loss=0.0960 miou=0.6787 f1=0.7950 thr=0.40 time=23.6s
[Epoch 250] loss=0.0989 miou=0.6912 f1=0.8043 thr=0.40 time=23.6s
[Epoch 251] loss=0.0916 miou=0.6800 f1=0.7940 thr=0.40 time=23.6s
[Epoch 252] loss=0.1006 miou=0.6800 f1=0.7937 thr=0.40 time=23.6s
[Epoch 253] loss=0.0951 miou=0.6860 f1=0.8017 thr=0.40 time=23.6s
[Epoch 254] loss=0.0999 miou=0.6863 f1=0.8006 thr=0.40 time=23.6s
[Epoch 255] loss=0.1024 miou=0.6862 f1=0.7997 thr=0.40 time=23.6s
[Epoch 256] loss=0.0967 miou=0.6876 f1=0.7991 thr=0.40 time=23.6s
[Epoch 257] loss=0.0878 miou=0.6894 f1=0.8039 thr=0.40 time=23.6s
[Epoch 258] loss=0.0892 miou=0.6929 f1=0.8062 thr=0.40 time=23.6s
[Epoch 259] loss=0.0860 miou=0.6948 f1=0.8077 thr=0.40 time=23.6s
[Epoch 260] loss=0.0883 miou=0.6872 f1=0.8002 thr=0.40 time=23.6s
[Epoch 261] loss=0.0822 miou=0.6948 f1=0.8070 thr=0.40 time=23.6s
[Epoch 262] loss=0.0920 miou=0.6944 f1=0.8062 thr=0.40 time=23.6s
[Epoch 263] loss=0.0935 miou=0.6794 f1=0.7946 thr=0.40 time=23.6s
[Epoch 264] loss=0.0958 miou=0.6829 f1=0.7991 thr=0.40 time=23.6s
[Epoch 265] loss=0.0917 miou=0.6998 f1=0.8107 thr=0.40 time=23.6s
[Epoch 266] loss=0.0875 miou=0.6962 f1=0.8069 thr=0.40 time=23.6s
[Epoch 267] loss=0.0914 miou=0.6892 f1=0.8032 thr=0.50 time=23.6s
[Epoch 268] loss=0.0872 miou=0.6925 f1=0.8043 thr=0.40 time=23.6s
[Epoch 269] loss=0.0865 miou=0.6948 f1=0.8055 thr=0.50 time=23.6s
[Epoch 270] loss=0.0883 miou=0.6957 f1=0.8067 thr=0.40 time=23.7s
[Epoch 271] loss=0.0905 miou=0.6912 f1=0.8028 thr=0.40 time=23.6s
[Epoch 272] loss=0.0841 miou=0.6891 f1=0.8019 thr=0.40 time=23.6s
[Epoch 273] loss=0.0831 miou=0.6892 f1=0.8027 thr=0.40 time=23.6s
[Epoch 274] loss=0.0838 miou=0.6978 f1=0.8088 thr=0.40 time=23.6s
[Epoch 275] loss=0.0902 miou=0.6894 f1=0.8031 thr=0.40 time=23.6s
[Epoch 276] loss=0.0915 miou=0.6911 f1=0.8042 thr=0.45 time=23.6s
[Epoch 277] loss=0.0890 miou=0.6861 f1=0.7992 thr=0.40 time=23.6s
[Epoch 278] loss=0.0885 miou=0.6910 f1=0.8023 thr=0.40 time=23.6s
[Epoch 279] loss=0.0867 miou=0.6958 f1=0.8091 thr=0.40 time=23.8s
[Epoch 280] loss=0.0815 miou=0.6952 f1=0.8072 thr=0.40 time=23.6s
[Epoch 281] loss=0.0899 miou=0.6816 f1=0.7964 thr=0.40 time=23.7s
[Epoch 282] loss=0.0987 miou=0.6799 f1=0.7948 thr=0.50 time=23.6s
[Epoch 283] loss=0.0965 miou=0.6819 f1=0.7952 thr=0.40 time=23.6s
[Epoch 284] loss=0.0860 miou=0.6890 f1=0.7994 thr=0.40 time=23.6s
[Epoch 285] loss=0.0885 miou=0.6778 f1=0.7923 thr=0.40 time=23.6s
[Epoch 286] loss=0.0951 miou=0.6801 f1=0.7917 thr=0.40 time=23.6s
[Epoch 287] loss=0.0895 miou=0.6919 f1=0.8028 thr=0.40 time=23.6s
[Epoch 288] loss=0.0927 miou=0.6920 f1=0.8036 thr=0.50 time=23.6s
[Epoch 289] loss=0.0921 miou=0.6971 f1=0.8075 thr=0.40 time=23.7s
[Epoch 290] loss=0.0880 miou=0.6901 f1=0.8011 thr=0.40 time=23.6s
[Epoch 291] loss=0.0789 miou=0.6872 f1=0.8007 thr=0.40 time=23.6s
[Epoch 292] loss=0.0905 miou=0.6928 f1=0.8044 thr=0.40 time=23.6s
[Epoch 293] loss=0.0944 miou=0.6948 f1=0.8062 thr=0.40 time=23.6s
[Epoch 294] loss=0.0836 miou=0.6841 f1=0.7998 thr=0.40 time=23.6s
[Epoch 295] loss=0.0871 miou=0.6917 f1=0.8040 thr=0.40 time=23.6s
[Epoch 296] loss=0.0785 miou=0.6913 f1=0.8048 thr=0.40 time=23.6s
[Epoch 297] loss=0.0856 miou=0.6841 f1=0.7973 thr=0.40 time=23.6s
[Epoch 298] loss=0.0893 miou=0.6929 f1=0.8044 thr=0.40 time=23.6s
[Epoch 299] loss=0.0842 miou=0.6921 f1=0.8039 thr=0.40 time=23.6s
[Epoch 300] loss=0.0808 miou=0.6907 f1=0.8022 thr=0.40 time=23.6s
[Epoch 301] loss=0.0889 miou=0.6922 f1=0.8045 thr=0.40 time=23.6s
[Epoch 302] loss=0.0899 miou=0.6948 f1=0.8069 thr=0.40 time=23.6s
[Epoch 303] loss=0.0889 miou=0.6823 f1=0.7964 thr=0.40 time=23.6s
[Epoch 304] loss=0.0939 miou=0.6782 f1=0.7946 thr=0.40 time=23.6s
[Epoch 305] loss=0.0876 miou=0.6823 f1=0.7965 thr=0.40 time=23.6s
[Epoch 306] loss=0.0880 miou=0.6865 f1=0.7998 thr=0.40 time=23.6s
[Epoch 307] loss=0.0916 miou=0.6935 f1=0.8065 thr=0.40 time=23.6s
[Epoch 308] loss=0.0834 miou=0.7019 f1=0.8121 thr=0.55 time=23.6s
[Epoch 309] loss=0.0869 miou=0.6896 f1=0.8030 thr=0.40 time=23.6s
[Epoch 310] loss=0.0889 miou=0.6888 f1=0.8008 thr=0.40 time=23.7s
[Epoch 311] loss=0.0808 miou=0.6930 f1=0.8033 thr=0.40 time=23.6s
[Epoch 312] loss=0.0833 miou=0.6962 f1=0.8062 thr=0.45 time=23.7s
[Epoch 313] loss=0.0816 miou=0.6933 f1=0.8038 thr=0.40 time=23.7s
[Epoch 314] loss=0.0775 miou=0.6874 f1=0.7994 thr=0.40 time=23.6s
[Epoch 315] loss=0.0788 miou=0.6926 f1=0.8054 thr=0.40 time=23.6s
[Epoch 316] loss=0.0792 miou=0.6910 f1=0.8040 thr=0.40 time=23.6s
[Epoch 317] loss=0.0896 miou=0.6840 f1=0.7966 thr=0.40 time=23.6s
[Epoch 318] loss=0.0817 miou=0.6847 f1=0.7975 thr=0.40 time=23.6s
[Epoch 319] loss=0.0831 miou=0.6865 f1=0.8019 thr=0.40 time=23.6s
[Epoch 320] loss=0.0874 miou=0.6907 f1=0.8045 thr=0.40 time=23.6s
[Epoch 321] loss=0.0903 miou=0.6866 f1=0.8000 thr=0.40 time=23.7s
[Epoch 322] loss=0.0823 miou=0.6860 f1=0.7996 thr=0.40 time=23.6s
[Epoch 323] loss=0.0870 miou=0.6884 f1=0.8007 thr=0.40 time=23.6s
[Epoch 324] loss=0.0829 miou=0.6913 f1=0.8033 thr=0.45 time=23.6s
[Epoch 325] loss=0.0873 miou=0.6844 f1=0.7989 thr=0.40 time=23.6s
[Epoch 326] loss=0.0911 miou=0.6915 f1=0.8045 thr=0.40 time=23.6s
[Epoch 327] loss=0.0875 miou=0.6975 f1=0.8089 thr=0.40 time=23.6s
[Epoch 328] loss=0.0874 miou=0.6886 f1=0.8022 thr=0.40 time=23.6s
[Epoch 329] loss=0.0891 miou=0.6862 f1=0.7990 thr=0.40 time=23.6s
[Epoch 330] loss=0.0821 miou=0.6880 f1=0.8003 thr=0.40 time=23.6s
[Epoch 331] loss=0.0816 miou=0.6836 f1=0.7959 thr=0.40 time=23.6s
[Epoch 332] loss=0.0886 miou=0.6786 f1=0.7941 thr=0.40 time=23.7s
[Epoch 333] loss=0.0843 miou=0.6880 f1=0.8014 thr=0.40 time=23.6s
[Epoch 334] loss=0.0886 miou=0.6797 f1=0.7971 thr=0.55 time=23.6s
[Epoch 335] loss=0.0878 miou=0.6836 f1=0.7972 thr=0.40 time=23.6s
[Epoch 336] loss=0.0929 miou=0.6872 f1=0.8010 thr=0.40 time=23.6s
[Epoch 337] loss=0.0854 miou=0.6913 f1=0.8035 thr=0.40 time=23.6s
[Epoch 338] loss=0.0826 miou=0.6877 f1=0.7997 thr=0.40 time=23.6s
[Epoch 339] loss=0.0799 miou=0.6836 f1=0.7978 thr=0.40 time=23.6s
[Epoch 340] loss=0.0825 miou=0.6862 f1=0.7992 thr=0.40 time=23.6s
[Epoch 341] loss=0.0775 miou=0.6829 f1=0.7953 thr=0.40 time=23.6s
[Epoch 342] loss=0.0867 miou=0.6788 f1=0.7919 thr=0.40 time=23.6s
[Epoch 343] loss=0.0871 miou=0.6845 f1=0.7971 thr=0.50 time=23.6s
[Epoch 344] loss=0.0865 miou=0.6881 f1=0.7982 thr=0.55 time=23.6s
[Epoch 345] loss=0.0859 miou=0.6926 f1=0.8035 thr=0.45 time=23.6s
[Epoch 346] loss=0.0846 miou=0.6811 f1=0.7934 thr=0.40 time=23.6s
[Epoch 347] loss=0.0880 miou=0.6829 f1=0.7965 thr=0.40 time=23.6s
[Epoch 348] loss=0.0800 miou=0.6872 f1=0.8016 thr=0.40 time=23.6s
[Epoch 349] loss=0.0859 miou=0.6920 f1=0.8045 thr=0.40 time=23.6s
[Epoch 350] loss=0.0802 miou=0.6899 f1=0.8046 thr=0.40 time=23.6s
[Epoch 351] loss=0.0815 miou=0.6918 f1=0.8031 thr=0.40 time=23.6s
[Epoch 352] loss=0.0789 miou=0.6923 f1=0.8040 thr=0.40 time=23.6s
[Epoch 353] loss=0.0758 miou=0.6793 f1=0.7927 thr=0.40 time=23.6s
[Epoch 354] loss=0.0853 miou=0.6860 f1=0.7980 thr=0.40 time=23.6s
[Epoch 355] loss=0.0777 miou=0.6906 f1=0.8038 thr=0.50 time=23.8s
[Epoch 356] loss=0.0816 miou=0.6902 f1=0.8028 thr=0.40 time=23.8s
[Epoch 357] loss=0.0889 miou=0.6861 f1=0.7995 thr=0.40 time=23.6s
[Epoch 358] loss=0.0879 miou=0.6801 f1=0.7956 thr=0.50 time=23.6s
[Epoch 359] loss=0.0830 miou=0.6933 f1=0.8037 thr=0.40 time=23.6s
[Epoch 360] loss=0.0771 miou=0.6874 f1=0.8009 thr=0.40 time=23.6s
[Epoch 361] loss=0.0753 miou=0.6868 f1=0.8004 thr=0.40 time=23.6s
[Epoch 362] loss=0.0826 miou=0.6816 f1=0.7979 thr=0.40 time=24.0s
[Epoch 363] loss=0.0855 miou=0.6855 f1=0.7993 thr=0.45 time=23.6s
[Epoch 364] loss=0.0801 miou=0.6903 f1=0.8023 thr=0.40 time=23.7s
[Epoch 365] loss=0.0824 miou=0.6826 f1=0.7969 thr=0.40 time=23.6s
[Epoch 366] loss=0.0890 miou=0.6867 f1=0.8001 thr=0.40 time=23.7s
[Epoch 367] loss=0.0846 miou=0.6881 f1=0.8014 thr=0.40 time=23.6s
[Epoch 368] loss=0.0862 miou=0.6854 f1=0.7997 thr=0.40 time=23.6s
[Epoch 369] loss=0.0808 miou=0.6936 f1=0.8046 thr=0.40 time=23.6s
[Epoch 370] loss=0.0817 miou=0.6909 f1=0.8023 thr=0.40 time=23.6s
[Epoch 371] loss=0.0767 miou=0.6875 f1=0.8005 thr=0.40 time=23.7s
[Epoch 372] loss=0.0721 miou=0.6917 f1=0.8041 thr=0.40 time=23.8s
[Epoch 373] loss=0.0740 miou=0.6865 f1=0.8003 thr=0.40 time=24.0s
[Epoch 374] loss=0.0737 miou=0.6915 f1=0.8034 thr=0.40 time=23.8s
[Epoch 375] loss=0.0767 miou=0.6942 f1=0.8065 thr=0.55 time=23.6s
[Epoch 376] loss=0.0792 miou=0.6913 f1=0.8048 thr=0.40 time=23.8s
[Epoch 377] loss=0.0791 miou=0.6834 f1=0.7960 thr=0.40 time=23.9s
[Epoch 378] loss=0.0788 miou=0.6829 f1=0.7949 thr=0.40 time=24.0s
[Epoch 379] loss=0.0852 miou=0.6801 f1=0.7949 thr=0.45 time=23.8s
[Epoch 380] loss=0.0899 miou=0.6799 f1=0.7944 thr=0.50 time=24.0s
[Epoch 381] loss=0.0788 miou=0.6934 f1=0.8032 thr=0.40 time=24.0s
[Epoch 382] loss=0.0772 miou=0.6841 f1=0.7969 thr=0.40 time=24.0s
[Epoch 383] loss=0.0815 miou=0.6855 f1=0.7984 thr=0.40 time=24.0s
[Epoch 384] loss=0.0723 miou=0.6885 f1=0.8005 thr=0.40 time=23.8s
[Epoch 385] loss=0.0754 miou=0.6868 f1=0.7996 thr=0.40 time=23.7s
[Epoch 386] loss=0.0805 miou=0.6822 f1=0.7965 thr=0.40 time=24.0s
[Epoch 387] loss=0.0805 miou=0.6797 f1=0.7926 thr=0.40 time=23.7s
[Epoch 388] loss=0.0760 miou=0.6864 f1=0.8009 thr=0.50 time=23.8s
[Epoch 389] loss=0.0777 miou=0.6938 f1=0.8045 thr=0.50 time=23.6s
[Epoch 390] loss=0.0775 miou=0.6874 f1=0.8007 thr=0.45 time=23.6s
[Epoch 391] loss=0.0808 miou=0.6914 f1=0.8025 thr=0.40 time=23.6s
[Epoch 392] loss=0.0793 miou=0.6902 f1=0.8016 thr=0.40 time=24.0s
[Epoch 393] loss=0.0833 miou=0.6896 f1=0.8016 thr=0.40 time=24.0s
[Epoch 394] loss=0.0809 miou=0.6854 f1=0.7982 thr=0.40 time=24.0s
[Epoch 395] loss=0.0806 miou=0.6858 f1=0.7990 thr=0.40 time=24.0s
[Epoch 396] loss=0.0819 miou=0.6903 f1=0.8016 thr=0.40 time=24.0s
[Epoch 397] loss=0.0800 miou=0.6880 f1=0.8004 thr=0.40 time=24.0s
[Epoch 398] loss=0.0760 miou=0.6821 f1=0.7958 thr=0.40 time=23.6s
[Epoch 399] loss=0.0838 miou=0.6814 f1=0.7951 thr=0.40 time=23.6s
[Epoch 400] loss=0.0808 miou=0.6841 f1=0.7976 thr=0.50 time=23.6s
[Epoch 401] loss=0.0764 miou=0.6805 f1=0.7944 thr=0.40 time=24.0s
[Epoch 402] loss=0.0851 miou=0.6750 f1=0.7922 thr=0.40 time=24.0s
[Epoch 403] loss=0.0935 miou=0.6916 f1=0.8030 thr=0.40 time=23.6s
[Epoch 404] loss=0.0878 miou=0.6909 f1=0.8025 thr=0.40 time=23.6s
[Epoch 405] loss=0.0780 miou=0.6907 f1=0.8034 thr=0.40 time=23.6s
[Epoch 406] loss=0.0829 miou=0.6996 f1=0.8098 thr=0.40 time=23.6s
[Epoch 407] loss=0.0815 miou=0.6917 f1=0.8039 thr=0.40 time=23.6s
[Epoch 408] loss=0.0787 miou=0.6873 f1=0.8001 thr=0.50 time=23.6s
[Epoch 409] loss=0.0755 miou=0.6905 f1=0.8028 thr=0.50 time=23.6s
[Epoch 410] loss=0.0795 miou=0.6875 f1=0.7994 thr=0.40 time=23.6s
[Epoch 411] loss=0.0716 miou=0.6897 f1=0.8028 thr=0.45 time=23.6s
[Epoch 412] loss=0.0743 miou=0.6832 f1=0.7968 thr=0.45 time=23.6s
[Epoch 413] loss=0.0773 miou=0.6905 f1=0.8024 thr=0.40 time=23.6s
[Epoch 414] loss=0.0733 miou=0.6949 f1=0.8064 thr=0.50 time=23.6s
[Epoch 415] loss=0.0715 miou=0.6890 f1=0.8015 thr=0.40 time=23.6s
[Epoch 416] loss=0.0740 miou=0.6949 f1=0.8068 thr=0.40 time=23.6s
[Epoch 417] loss=0.0759 miou=0.6870 f1=0.8015 thr=0.40 time=23.6s
[Epoch 418] loss=0.0733 miou=0.6882 f1=0.8014 thr=0.40 time=23.6s
[Epoch 419] loss=0.0786 miou=0.6854 f1=0.7989 thr=0.40 time=23.6s
[Epoch 420] loss=0.0730 miou=0.6886 f1=0.8021 thr=0.40 time=23.6s
[Epoch 421] loss=0.0727 miou=0.6823 f1=0.7970 thr=0.40 time=23.6s
[Epoch 422] loss=0.0738 miou=0.6933 f1=0.8054 thr=0.40 time=23.6s
[Epoch 423] loss=0.0737 miou=0.6944 f1=0.8058 thr=0.40 time=23.6s
[Epoch 424] loss=0.0724 miou=0.6947 f1=0.8063 thr=0.40 time=23.6s
[Epoch 425] loss=0.0822 miou=0.6985 f1=0.8092 thr=0.40 time=23.6s
[Epoch 426] loss=0.0776 miou=0.6964 f1=0.8073 thr=0.40 time=23.6s
[Epoch 427] loss=0.0782 miou=0.6924 f1=0.8046 thr=0.40 time=23.6s
[Epoch 428] loss=0.0734 miou=0.6955 f1=0.8067 thr=0.45 time=23.6s
[Epoch 429] loss=0.0754 miou=0.6828 f1=0.7967 thr=0.55 time=23.6s
[Epoch 430] loss=0.0741 miou=0.6872 f1=0.8011 thr=0.40 time=23.6s
[Epoch 431] loss=0.0786 miou=0.6884 f1=0.8010 thr=0.40 time=23.6s
[Epoch 432] loss=0.0779 miou=0.6873 f1=0.7999 thr=0.55 time=23.6s
[Epoch 433] loss=0.0733 miou=0.6927 f1=0.8046 thr=0.40 time=23.6s
[Epoch 434] loss=0.0708 miou=0.6951 f1=0.8061 thr=0.40 time=23.6s
[Epoch 435] loss=0.0831 miou=0.6886 f1=0.8022 thr=0.40 time=23.6s
[Epoch 436] loss=0.0804 miou=0.6828 f1=0.7982 thr=0.40 time=23.6s
[Epoch 437] loss=0.0905 miou=0.6836 f1=0.7999 thr=0.40 time=23.6s
[Epoch 438] loss=0.0895 miou=0.6850 f1=0.7974 thr=0.40 time=23.6s
[Epoch 439] loss=0.0781 miou=0.6877 f1=0.8008 thr=0.45 time=23.6s
[Epoch 440] loss=0.0779 miou=0.6859 f1=0.7975 thr=0.45 time=23.6s
[Epoch 441] loss=0.0784 miou=0.6864 f1=0.7985 thr=0.40 time=23.6s
[Epoch 442] loss=0.0784 miou=0.6888 f1=0.8031 thr=0.40 time=23.6s
[Epoch 443] loss=0.0738 miou=0.6841 f1=0.7991 thr=0.45 time=23.6s
[Epoch 444] loss=0.0777 miou=0.6889 f1=0.8009 thr=0.40 time=23.6s
[Epoch 445] loss=0.0784 miou=0.6866 f1=0.8000 thr=0.50 time=23.6s
[Epoch 446] loss=0.0793 miou=0.6850 f1=0.7987 thr=0.40 time=23.6s
[Epoch 447] loss=0.0744 miou=0.6953 f1=0.8063 thr=0.40 time=23.7s
[Epoch 448] loss=0.0745 miou=0.6867 f1=0.7998 thr=0.40 time=23.6s
[Epoch 449] loss=0.0747 miou=0.6923 f1=0.8036 thr=0.40 time=23.6s
[Epoch 450] loss=0.0796 miou=0.6952 f1=0.8059 thr=0.40 time=23.6s
[Epoch 451] loss=0.0721 miou=0.6892 f1=0.8016 thr=0.40 time=23.6s
[Epoch 452] loss=0.0744 miou=0.6880 f1=0.8012 thr=0.40 time=23.6s
[Epoch 453] loss=0.0744 miou=0.6950 f1=0.8056 thr=0.45 time=23.6s
[Epoch 454] loss=0.0750 miou=0.6921 f1=0.8038 thr=0.40 time=23.7s
[Epoch 455] loss=0.0690 miou=0.6918 f1=0.8036 thr=0.40 time=23.6s
[Epoch 456] loss=0.0746 miou=0.6935 f1=0.8048 thr=0.40 time=23.6s
[Epoch 457] loss=0.0761 miou=0.6945 f1=0.8056 thr=0.40 time=23.6s
[Epoch 458] loss=0.0746 miou=0.7033 f1=0.8124 thr=0.50 time=23.6s
[Epoch 459] loss=0.0747 miou=0.6896 f1=0.8035 thr=0.55 time=23.6s
[Epoch 460] loss=0.0765 miou=0.6904 f1=0.8033 thr=0.40 time=23.6s
[Epoch 461] loss=0.0788 miou=0.6980 f1=0.8087 thr=0.40 time=23.6s
[Epoch 462] loss=0.0719 miou=0.6918 f1=0.8020 thr=0.40 time=23.6s
[Epoch 463] loss=0.0740 miou=0.6876 f1=0.7990 thr=0.55 time=23.6s
[Epoch 464] loss=0.0757 miou=0.6819 f1=0.7928 thr=0.40 time=23.6s
[Epoch 465] loss=0.0771 miou=0.6820 f1=0.7934 thr=0.40 time=23.6s
[Epoch 466] loss=0.0801 miou=0.6828 f1=0.7963 thr=0.40 time=23.6s
[Epoch 467] loss=0.0751 miou=0.6804 f1=0.7953 thr=0.50 time=23.6s
[Epoch 468] loss=0.0717 miou=0.6841 f1=0.7968 thr=0.40 time=23.6s
[Epoch 469] loss=0.0755 miou=0.6856 f1=0.7970 thr=0.55 time=23.7s
[Epoch 470] loss=0.0785 miou=0.6790 f1=0.7936 thr=0.45 time=23.6s
[Epoch 471] loss=0.0758 miou=0.6892 f1=0.8023 thr=0.40 time=23.6s
[Epoch 472] loss=0.0714 miou=0.6854 f1=0.7989 thr=0.40 time=23.6s
[Epoch 473] loss=0.0743 miou=0.6884 f1=0.8010 thr=0.40 time=23.6s
[Epoch 474] loss=0.0722 miou=0.6844 f1=0.7985 thr=0.40 time=23.6s
[Epoch 475] loss=0.0747 miou=0.6891 f1=0.8017 thr=0.40 time=23.6s
[Epoch 476] loss=0.0756 miou=0.6841 f1=0.7990 thr=0.40 time=23.6s
[Epoch 477] loss=0.0737 miou=0.6884 f1=0.8003 thr=0.40 time=23.6s
[Epoch 478] loss=0.0788 miou=0.6921 f1=0.8035 thr=0.40 time=23.6s
[Epoch 479] loss=0.0770 miou=0.6873 f1=0.7981 thr=0.40 time=23.6s
[Epoch 480] loss=0.0732 miou=0.6878 f1=0.7996 thr=0.40 time=23.6s
[Epoch 481] loss=0.0737 miou=0.6856 f1=0.7980 thr=0.40 time=23.6s
[Epoch 482] loss=0.0818 miou=0.6889 f1=0.8018 thr=0.40 time=23.6s
[Epoch 483] loss=0.0728 miou=0.6868 f1=0.8001 thr=0.55 time=23.6s
[Epoch 484] loss=0.0812 miou=0.6752 f1=0.7919 thr=0.40 time=23.6s
[Epoch 485] loss=0.0731 miou=0.6907 f1=0.8038 thr=0.40 time=23.6s
[Epoch 486] loss=0.0745 miou=0.6863 f1=0.7998 thr=0.40 time=23.6s
[Epoch 487] loss=0.0799 miou=0.6813 f1=0.7951 thr=0.40 time=23.6s
[Epoch 488] loss=0.0808 miou=0.6919 f1=0.8030 thr=0.40 time=23.6s
[Epoch 489] loss=0.0732 miou=0.6865 f1=0.7998 thr=0.40 time=23.6s
[Epoch 490] loss=0.0746 miou=0.6870 f1=0.8012 thr=0.40 time=23.6s
[Epoch 491] loss=0.0791 miou=0.6847 f1=0.7991 thr=0.40 time=23.6s
[Epoch 492] loss=0.0695 miou=0.6897 f1=0.8017 thr=0.40 time=23.6s
[Epoch 493] loss=0.0733 miou=0.6938 f1=0.8056 thr=0.45 time=23.6s
[Epoch 494] loss=0.0769 miou=0.6970 f1=0.8074 thr=0.40 time=23.6s
[Epoch 495] loss=0.0741 miou=0.6778 f1=0.7943 thr=0.40 time=23.6s
[Epoch 496] loss=0.0758 miou=0.6896 f1=0.8025 thr=0.45 time=23.6s
[Epoch 497] loss=0.0863 miou=0.6802 f1=0.7962 thr=0.40 time=23.6s
[Epoch 498] loss=0.0786 miou=0.6898 f1=0.8021 thr=0.40 time=23.6s
[Epoch 499] loss=0.0774 miou=0.6851 f1=0.7989 thr=0.45 time=23.6s
[Epoch 500] loss=0.0698 miou=0.6908 f1=0.8024 thr=0.40 time=23.7s
[Epoch 501] loss=0.0706 miou=0.6932 f1=0.8049 thr=0.40 time=23.7s
[Epoch 502] loss=0.0741 miou=0.6930 f1=0.8045 thr=0.40 time=23.7s
[Epoch 503] loss=0.0757 miou=0.6901 f1=0.8016 thr=0.40 time=23.7s
[Epoch 504] loss=0.0748 miou=0.6890 f1=0.7991 thr=0.40 time=23.7s
[Epoch 505] loss=0.0739 miou=0.6922 f1=0.8025 thr=0.40 time=23.6s
[Epoch 506] loss=0.0740 miou=0.6912 f1=0.8016 thr=0.40 time=23.6s
[Epoch 507] loss=0.0760 miou=0.6852 f1=0.7965 thr=0.55 time=23.6s
[Epoch 508] loss=0.0753 miou=0.6773 f1=0.7922 thr=0.50 time=23.6s
[Epoch 509] loss=0.0714 miou=0.6880 f1=0.8015 thr=0.55 time=23.6s
[Epoch 510] loss=0.0722 miou=0.6801 f1=0.7948 thr=0.40 time=23.6s
[Epoch 511] loss=0.0748 miou=0.6901 f1=0.8026 thr=0.55 time=23.6s
[Epoch 512] loss=0.0806 miou=0.6815 f1=0.7964 thr=0.40 time=23.6s
[Epoch 513] loss=0.0824 miou=0.6954 f1=0.8043 thr=0.55 time=23.6s
[Epoch 514] loss=0.0745 miou=0.6914 f1=0.8037 thr=0.40 time=23.6s
[Epoch 515] loss=0.0760 miou=0.6883 f1=0.8002 thr=0.40 time=23.6s
[Epoch 516] loss=0.0707 miou=0.6827 f1=0.7966 thr=0.40 time=23.6s
[Epoch 517] loss=0.0709 miou=0.6903 f1=0.8024 thr=0.40 time=23.6s
[Epoch 518] loss=0.0720 miou=0.6862 f1=0.7991 thr=0.40 time=23.6s
[Epoch 519] loss=0.0817 miou=0.6876 f1=0.8000 thr=0.40 time=23.6s
[Epoch 520] loss=0.0763 miou=0.6802 f1=0.7952 thr=0.40 time=23.6s
[Epoch 521] loss=0.0761 miou=0.6842 f1=0.7983 thr=0.40 time=23.6s
[Epoch 522] loss=0.0725 miou=0.6831 f1=0.7969 thr=0.50 time=23.6s
[Epoch 523] loss=0.0698 miou=0.6899 f1=0.8020 thr=0.40 time=23.6s
[Epoch 524] loss=0.0683 miou=0.6894 f1=0.8017 thr=0.55 time=23.6s
[Epoch 525] loss=0.0744 miou=0.6898 f1=0.8029 thr=0.40 time=23.6s
[Epoch 526] loss=0.0680 miou=0.6880 f1=0.8008 thr=0.55 time=23.6s
[Epoch 527] loss=0.0698 miou=0.6916 f1=0.8033 thr=0.40 time=23.6s
[Epoch 528] loss=0.0788 miou=0.6845 f1=0.7987 thr=0.50 time=23.6s
[Epoch 529] loss=0.0743 miou=0.6867 f1=0.8001 thr=0.40 time=23.6s
[Epoch 530] loss=0.0714 miou=0.6863 f1=0.7992 thr=0.40 time=23.6s
[Epoch 531] loss=0.0762 miou=0.6872 f1=0.8012 thr=0.40 time=23.6s
[Epoch 532] loss=0.0718 miou=0.6887 f1=0.8008 thr=0.40 time=23.6s
[Epoch 533] loss=0.0740 miou=0.6807 f1=0.7957 thr=0.50 time=23.6s
[Epoch 534] loss=0.0777 miou=0.6801 f1=0.7951 thr=0.55 time=23.6s
[Epoch 535] loss=0.0714 miou=0.6902 f1=0.8015 thr=0.50 time=23.6s
[Epoch 536] loss=0.0652 miou=0.6921 f1=0.8035 thr=0.55 time=23.6s
[Epoch 537] loss=0.0695 miou=0.6872 f1=0.8002 thr=0.40 time=23.6s
[Epoch 538] loss=0.0708 miou=0.6878 f1=0.8012 thr=0.50 time=23.6s
[Epoch 539] loss=0.0802 miou=0.6907 f1=0.8029 thr=0.40 time=23.6s
[Epoch 540] loss=0.0775 miou=0.6848 f1=0.7990 thr=0.40 time=23.6s
[Epoch 541] loss=0.0721 miou=0.6855 f1=0.7973 thr=0.55 time=23.6s
[Epoch 542] loss=0.0713 miou=0.6877 f1=0.8001 thr=0.55 time=23.6s
[Epoch 543] loss=0.0687 miou=0.6889 f1=0.8017 thr=0.40 time=23.6s
[Epoch 544] loss=0.0722 miou=0.6887 f1=0.8021 thr=0.40 time=23.6s
[Epoch 545] loss=0.0739 miou=0.6957 f1=0.8065 thr=0.40 time=23.6s
[Epoch 546] loss=0.0677 miou=0.6960 f1=0.8066 thr=0.45 time=23.6s
[Epoch 547] loss=0.0745 miou=0.6937 f1=0.8051 thr=0.40 time=23.6s
[Epoch 548] loss=0.0680 miou=0.6917 f1=0.8038 thr=0.50 time=23.6s
[Epoch 549] loss=0.0657 miou=0.6842 f1=0.7981 thr=0.40 time=23.6s
[Epoch 550] loss=0.0678 miou=0.6889 f1=0.8012 thr=0.40 time=23.6s
[Epoch 551] loss=0.0690 miou=0.6841 f1=0.7981 thr=0.40 time=23.6s
[Epoch 552] loss=0.0747 miou=0.6844 f1=0.7984 thr=0.40 time=23.6s
[Epoch 553] loss=0.0804 miou=0.6738 f1=0.7902 thr=0.40 time=23.7s
[Epoch 554] loss=0.0851 miou=0.6724 f1=0.7898 thr=0.45 time=24.0s
[Epoch 555] loss=0.0823 miou=0.6829 f1=0.7955 thr=0.40 time=23.8s
[Epoch 556] loss=0.0785 miou=0.6855 f1=0.7993 thr=0.55 time=23.6s
[Epoch 557] loss=0.0745 miou=0.6812 f1=0.7953 thr=0.40 time=24.0s
[Epoch 558] loss=0.0760 miou=0.6877 f1=0.8009 thr=0.40 time=23.6s
[Epoch 559] loss=0.0731 miou=0.6836 f1=0.7967 thr=0.50 time=24.0s
[Epoch 560] loss=0.0680 miou=0.6890 f1=0.8012 thr=0.45 time=23.8s
[Epoch 561] loss=0.0776 miou=0.6903 f1=0.8026 thr=0.40 time=23.8s
[Epoch 562] loss=0.0724 miou=0.6883 f1=0.7999 thr=0.40 time=24.0s
[Epoch 563] loss=0.0652 miou=0.6837 f1=0.7971 thr=0.40 time=23.7s
[Epoch 564] loss=0.0735 miou=0.6863 f1=0.7985 thr=0.40 time=24.0s
[Epoch 565] loss=0.0670 miou=0.6880 f1=0.8010 thr=0.40 time=24.0s
[Epoch 566] loss=0.0673 miou=0.6877 f1=0.8010 thr=0.55 time=24.0s
[Epoch 567] loss=0.0682 miou=0.6905 f1=0.8022 thr=0.40 time=23.8s
[Epoch 568] loss=0.0677 miou=0.6904 f1=0.8021 thr=0.40 time=23.6s
[Epoch 569] loss=0.0681 miou=0.6918 f1=0.8029 thr=0.40 time=23.7s
[Epoch 570] loss=0.0678 miou=0.6919 f1=0.8035 thr=0.45 time=23.8s
[Epoch 571] loss=0.0679 miou=0.6955 f1=0.8066 thr=0.45 time=23.6s
[Epoch 572] loss=0.0718 miou=0.6861 f1=0.7993 thr=0.40 time=23.7s
[Epoch 573] loss=0.0682 miou=0.6926 f1=0.8052 thr=0.50 time=23.9s
[Epoch 574] loss=0.0729 miou=0.6952 f1=0.8059 thr=0.40 time=23.6s
[Epoch 575] loss=0.0676 miou=0.6933 f1=0.8051 thr=0.40 time=23.7s
[Epoch 576] loss=0.0664 miou=0.6931 f1=0.8051 thr=0.45 time=23.6s
[Epoch 577] loss=0.0714 miou=0.6887 f1=0.8004 thr=0.40 time=23.6s
[Epoch 578] loss=0.0706 miou=0.6940 f1=0.8054 thr=0.40 time=23.6s
[Epoch 579] loss=0.0680 miou=0.6899 f1=0.8017 thr=0.45 time=23.7s
[Epoch 580] loss=0.0719 miou=0.6897 f1=0.8016 thr=0.40 time=23.6s
[Epoch 581] loss=0.0670 miou=0.6877 f1=0.8004 thr=0.40 time=23.6s
[Epoch 582] loss=0.0758 miou=0.6798 f1=0.7934 thr=0.45 time=23.6s
[Epoch 583] loss=0.0713 miou=0.6850 f1=0.7986 thr=0.40 time=23.6s
[Epoch 584] loss=0.0722 miou=0.6886 f1=0.8012 thr=0.40 time=23.6s
[Epoch 585] loss=0.0746 miou=0.6827 f1=0.7966 thr=0.40 time=23.6s
[Epoch 586] loss=0.0794 miou=0.6892 f1=0.8017 thr=0.40 time=23.6s
[Epoch 587] loss=0.0762 miou=0.6913 f1=0.8022 thr=0.40 time=23.6s
[Epoch 588] loss=0.0716 miou=0.6841 f1=0.7969 thr=0.50 time=23.6s
[Epoch 589] loss=0.0772 miou=0.6953 f1=0.8050 thr=0.40 time=23.6s
[Epoch 590] loss=0.0755 miou=0.6924 f1=0.8024 thr=0.40 time=23.6s
[Epoch 591] loss=0.0768 miou=0.6859 f1=0.7978 thr=0.40 time=23.6s
[Epoch 592] loss=0.0722 miou=0.6860 f1=0.7972 thr=0.40 time=23.7s
[Epoch 593] loss=0.0704 miou=0.6777 f1=0.7923 thr=0.40 time=23.7s
[Epoch 594] loss=0.0684 miou=0.6832 f1=0.7968 thr=0.50 time=23.7s
[Epoch 595] loss=0.0771 miou=0.6823 f1=0.7945 thr=0.40 time=23.6s
[Epoch 596] loss=0.0699 miou=0.6813 f1=0.7953 thr=0.40 time=23.6s
[Epoch 597] loss=0.0676 miou=0.6843 f1=0.7965 thr=0.40 time=23.6s
[Epoch 598] loss=0.0718 miou=0.6839 f1=0.7972 thr=0.40 time=23.6s
[Epoch 599] loss=0.0701 miou=0.6801 f1=0.7944 thr=0.45 time=23.6s
[Epoch 600] loss=0.0672 miou=0.6807 f1=0.7945 thr=0.40 time=23.6s
[Epoch 601] loss=0.0695 miou=0.6820 f1=0.7949 thr=0.40 time=23.6s
[Epoch 602] loss=0.0714 miou=0.6856 f1=0.7968 thr=0.40 time=23.7s
[Epoch 603] loss=0.0717 miou=0.6826 f1=0.7956 thr=0.40 time=23.8s
[Epoch 604] loss=0.0660 miou=0.6813 f1=0.7948 thr=0.40 time=23.7s
[Epoch 605] loss=0.0707 miou=0.6873 f1=0.7988 thr=0.40 time=23.7s
[Epoch 606] loss=0.0681 miou=0.6810 f1=0.7942 thr=0.40 time=23.7s
[Epoch 607] loss=0.0691 miou=0.6790 f1=0.7931 thr=0.55 time=23.7s
[Epoch 608] loss=0.0690 miou=0.6797 f1=0.7921 thr=0.45 time=23.7s
[Epoch 609] loss=0.0756 miou=0.6772 f1=0.7926 thr=0.40 time=23.7s
[Epoch 610] loss=0.0685 miou=0.6777 f1=0.7914 thr=0.40 time=23.7s
[Epoch 611] loss=0.0722 miou=0.6792 f1=0.7913 thr=0.40 time=23.7s
[Epoch 612] loss=0.0721 miou=0.6863 f1=0.7972 thr=0.50 time=23.7s
[Epoch 613] loss=0.0719 miou=0.6804 f1=0.7939 thr=0.40 time=23.7s
[Epoch 614] loss=0.0683 miou=0.6774 f1=0.7923 thr=0.40 time=23.7s
[Epoch 615] loss=0.0651 miou=0.6795 f1=0.7936 thr=0.40 time=23.7s
[Epoch 616] loss=0.0704 miou=0.6834 f1=0.7962 thr=0.40 time=23.7s
[Epoch 617] loss=0.0730 miou=0.6764 f1=0.7916 thr=0.40 time=23.7s
[Epoch 618] loss=0.0702 miou=0.6871 f1=0.7994 thr=0.40 time=23.7s
[Epoch 619] loss=0.0686 miou=0.6883 f1=0.7996 thr=0.40 time=23.6s
[Epoch 620] loss=0.0686 miou=0.6861 f1=0.7968 thr=0.40 time=23.6s
[Epoch 621] loss=0.0755 miou=0.6810 f1=0.7941 thr=0.40 time=23.6s
[Epoch 622] loss=0.0686 miou=0.6857 f1=0.7981 thr=0.45 time=23.6s
[Epoch 623] loss=0.0685 miou=0.6853 f1=0.7975 thr=0.40 time=23.6s
[Epoch 624] loss=0.0708 miou=0.6930 f1=0.8034 thr=0.40 time=23.6s
[Epoch 625] loss=0.0734 miou=0.6910 f1=0.8023 thr=0.40 time=23.6s
[Epoch 626] loss=0.0672 miou=0.6842 f1=0.7966 thr=0.40 time=23.6s
[Epoch 627] loss=0.0738 miou=0.6834 f1=0.7956 thr=0.40 time=23.6s
[Epoch 628] loss=0.0691 miou=0.6878 f1=0.7997 thr=0.40 time=23.6s
[Epoch 629] loss=0.0667 miou=0.6818 f1=0.7956 thr=0.40 time=23.6s
[Epoch 630] loss=0.0691 miou=0.6823 f1=0.7961 thr=0.40 time=23.6s
[Epoch 631] loss=0.0721 miou=0.6842 f1=0.7976 thr=0.45 time=23.6s
[Epoch 632] loss=0.0712 miou=0.6827 f1=0.7961 thr=0.45 time=23.6s
[Epoch 633] loss=0.0760 miou=0.6712 f1=0.7884 thr=0.55 time=23.6s
[Epoch 634] loss=0.0712 miou=0.6823 f1=0.7956 thr=0.40 time=23.6s
[Epoch 635] loss=0.0706 miou=0.6872 f1=0.7991 thr=0.40 time=23.6s
[Epoch 636] loss=0.0723 miou=0.6872 f1=0.7986 thr=0.45 time=23.6s
[Epoch 637] loss=0.0701 miou=0.6883 f1=0.8012 thr=0.40 time=23.6s
[Epoch 638] loss=0.0709 miou=0.6867 f1=0.8001 thr=0.40 time=23.6s
[Epoch 639] loss=0.0667 miou=0.6766 f1=0.7922 thr=0.40 time=23.6s
[Epoch 640] loss=0.0674 miou=0.6698 f1=0.7867 thr=0.40 time=23.6s
[Epoch 641] loss=0.0705 miou=0.6747 f1=0.7910 thr=0.40 time=23.7s
[Epoch 642] loss=0.0715 miou=0.6875 f1=0.8005 thr=0.40 time=23.6s
[Epoch 643] loss=0.0700 miou=0.6870 f1=0.8000 thr=0.40 time=23.6s
[Epoch 644] loss=0.0668 miou=0.6840 f1=0.7979 thr=0.40 time=23.7s
[Epoch 645] loss=0.0688 miou=0.6864 f1=0.7987 thr=0.40 time=23.6s
[Epoch 646] loss=0.0695 miou=0.6832 f1=0.7967 thr=0.40 time=23.6s
[Epoch 647] loss=0.0689 miou=0.6831 f1=0.7966 thr=0.40 time=23.6s
[Epoch 648] loss=0.0673 miou=0.6875 f1=0.8007 thr=0.50 time=23.6s
[Epoch 649] loss=0.0649 miou=0.6839 f1=0.7982 thr=0.40 time=23.5s
[Epoch 650] loss=0.0679 miou=0.6924 f1=0.8052 thr=0.40 time=23.6s
[Epoch 651] loss=0.0706 miou=0.6885 f1=0.8008 thr=0.50 time=23.6s
[Epoch 652] loss=0.0668 miou=0.6909 f1=0.8023 thr=0.40 time=23.7s
[Epoch 653] loss=0.0671 miou=0.6906 f1=0.8034 thr=0.40 time=23.6s
[Epoch 654] loss=0.0691 miou=0.6895 f1=0.8027 thr=0.40 time=23.6s
[Epoch 655] loss=0.0691 miou=0.6878 f1=0.8006 thr=0.40 time=23.7s
[Epoch 656] loss=0.0714 miou=0.6968 f1=0.8071 thr=0.40 time=23.6s
[Epoch 657] loss=0.0696 miou=0.6899 f1=0.8019 thr=0.40 time=23.6s
[Epoch 658] loss=0.0703 miou=0.6865 f1=0.8004 thr=0.55 time=23.6s
[Epoch 659] loss=0.0709 miou=0.6863 f1=0.8000 thr=0.50 time=23.6s
[Epoch 660] loss=0.0740 miou=0.6870 f1=0.8010 thr=0.40 time=23.6s
[Epoch 661] loss=0.0710 miou=0.6856 f1=0.7991 thr=0.40 time=23.7s
[Epoch 662] loss=0.0695 miou=0.6796 f1=0.7931 thr=0.40 time=23.6s
[Epoch 663] loss=0.0676 miou=0.6888 f1=0.8009 thr=0.40 time=23.6s
[Epoch 664] loss=0.0738 miou=0.6780 f1=0.7932 thr=0.40 time=23.6s
[Epoch 665] loss=0.0733 miou=0.6896 f1=0.8023 thr=0.40 time=23.6s
[Epoch 666] loss=0.0682 miou=0.6875 f1=0.8008 thr=0.40 time=23.6s
[Epoch 667] loss=0.0693 miou=0.6910 f1=0.8027 thr=0.40 time=23.7s
[Epoch 668] loss=0.0688 miou=0.6888 f1=0.8023 thr=0.40 time=23.6s
[Epoch 669] loss=0.0656 miou=0.6892 f1=0.8023 thr=0.40 time=23.6s
[Epoch 670] loss=0.0690 miou=0.6811 f1=0.7966 thr=0.40 time=23.6s
[Epoch 671] loss=0.0674 miou=0.6903 f1=0.8027 thr=0.40 time=23.6s
[Epoch 672] loss=0.0701 miou=0.6897 f1=0.8027 thr=0.55 time=23.6s
[Epoch 673] loss=0.0663 miou=0.6856 f1=0.8000 thr=0.40 time=23.5s
[Epoch 674] loss=0.0685 miou=0.6843 f1=0.7977 thr=0.40 time=23.6s
[Epoch 675] loss=0.0743 miou=0.6733 f1=0.7881 thr=0.40 time=23.6s
[Epoch 676] loss=0.0786 miou=0.6808 f1=0.7944 thr=0.40 time=23.7s
[Epoch 677] loss=0.0697 miou=0.6903 f1=0.8028 thr=0.40 time=23.6s
[Epoch 678] loss=0.0665 miou=0.6872 f1=0.8006 thr=0.45 time=23.6s
[Epoch 679] loss=0.0706 miou=0.6888 f1=0.8019 thr=0.45 time=23.8s
[Epoch 680] loss=0.0729 miou=0.6929 f1=0.8048 thr=0.40 time=23.7s
[Epoch 681] loss=0.0704 miou=0.6930 f1=0.8051 thr=0.40 time=23.6s
[Epoch 682] loss=0.0647 miou=0.6926 f1=0.8045 thr=0.40 time=23.6s
[Epoch 683] loss=0.0666 miou=0.6930 f1=0.8047 thr=0.40 time=23.6s
[Epoch 684] loss=0.0690 miou=0.6936 f1=0.8063 thr=0.40 time=23.7s
[Epoch 685] loss=0.0644 miou=0.6880 f1=0.8016 thr=0.45 time=23.6s
[Epoch 686] loss=0.0675 miou=0.6908 f1=0.8034 thr=0.50 time=23.6s
[Epoch 687] loss=0.0678 miou=0.6923 f1=0.8048 thr=0.40 time=23.6s
[Epoch 688] loss=0.0663 miou=0.6879 f1=0.8011 thr=0.45 time=23.6s
[Epoch 689] loss=0.0682 miou=0.6945 f1=0.8069 thr=0.40 time=23.7s
[Epoch 690] loss=0.0633 miou=0.6945 f1=0.8063 thr=0.40 time=23.7s
[Epoch 691] loss=0.0671 miou=0.6886 f1=0.8021 thr=0.40 time=23.6s
[Epoch 692] loss=0.0660 miou=0.6976 f1=0.8093 thr=0.50 time=23.7s
[Epoch 693] loss=0.0649 miou=0.6904 f1=0.8043 thr=0.40 time=23.6s
[Epoch 694] loss=0.0648 miou=0.6951 f1=0.8072 thr=0.40 time=23.6s
[Epoch 695] loss=0.0669 miou=0.6948 f1=0.8074 thr=0.50 time=23.7s
[Epoch 696] loss=0.0688 miou=0.6863 f1=0.8000 thr=0.40 time=23.6s
[Epoch 697] loss=0.0685 miou=0.6908 f1=0.8041 thr=0.40 time=23.7s
[Epoch 698] loss=0.0678 miou=0.6892 f1=0.8019 thr=0.40 time=23.7s
[Epoch 699] loss=0.0644 miou=0.6935 f1=0.8051 thr=0.55 time=23.7s
[Epoch 700] loss=0.0720 miou=0.6832 f1=0.7984 thr=0.40 time=23.6s
[Epoch 701] loss=0.0651 miou=0.6956 f1=0.8068 thr=0.40 time=23.6s
[Epoch 702] loss=0.0672 miou=0.6938 f1=0.8061 thr=0.40 time=23.6s
[Epoch 703] loss=0.0667 miou=0.6870 f1=0.8012 thr=0.40 time=23.6s
[Epoch 704] loss=0.0691 miou=0.6718 f1=0.7881 thr=0.40 time=23.6s
[Epoch 705] loss=0.0735 miou=0.6815 f1=0.7957 thr=0.40 time=23.6s
[Epoch 706] loss=0.0676 miou=0.6779 f1=0.7942 thr=0.40 time=23.6s
[Epoch 707] loss=0.0657 miou=0.6808 f1=0.7974 thr=0.50 time=23.6s
[Epoch 708] loss=0.0713 miou=0.6894 f1=0.8034 thr=0.40 time=23.6s
[Epoch 709] loss=0.0681 miou=0.6863 f1=0.8005 thr=0.45 time=23.6s
[Epoch 710] loss=0.0625 miou=0.6849 f1=0.7991 thr=0.40 time=23.6s
[Epoch 711] loss=0.0614 miou=0.6785 f1=0.7946 thr=0.40 time=23.6s
[Epoch 712] loss=0.0697 miou=0.6903 f1=0.8030 thr=0.40 time=23.6s
[Epoch 713] loss=0.0685 miou=0.6790 f1=0.7960 thr=0.40 time=23.6s
[Epoch 714] loss=0.0705 miou=0.6835 f1=0.7995 thr=0.40 time=23.6s
[Epoch 715] loss=0.0692 miou=0.6810 f1=0.7955 thr=0.40 time=23.6s
[Epoch 716] loss=0.0642 miou=0.6835 f1=0.7980 thr=0.40 time=23.7s
[Epoch 717] loss=0.0727 miou=0.6954 f1=0.8067 thr=0.40 time=23.7s
[Epoch 718] loss=0.0702 miou=0.6856 f1=0.7995 thr=0.45 time=23.6s
[Epoch 719] loss=0.0720 miou=0.6870 f1=0.8002 thr=0.55 time=23.6s
[Epoch 720] loss=0.0678 miou=0.6846 f1=0.7990 thr=0.55 time=23.6s
[Epoch 721] loss=0.0725 miou=0.6852 f1=0.7981 thr=0.50 time=23.8s
[Epoch 722] loss=0.0687 miou=0.6880 f1=0.8011 thr=0.50 time=23.7s
[Epoch 723] loss=0.0790 miou=0.6857 f1=0.7972 thr=0.40 time=23.6s
[Epoch 724] loss=0.0712 miou=0.6843 f1=0.8000 thr=0.40 time=23.7s
[Epoch 725] loss=0.0693 miou=0.6818 f1=0.7971 thr=0.55 time=23.6s
[Epoch 726] loss=0.0685 miou=0.7000 f1=0.8103 thr=0.40 time=23.7s
[Epoch 727] loss=0.0639 miou=0.6812 f1=0.7963 thr=0.40 time=23.7s
[Epoch 728] loss=0.0675 miou=0.6887 f1=0.8032 thr=0.40 time=23.8s
[Epoch 729] loss=0.0675 miou=0.6857 f1=0.8012 thr=0.40 time=23.7s
[Epoch 730] loss=0.0682 miou=0.6860 f1=0.8008 thr=0.40 time=23.6s
[Epoch 731] loss=0.0684 miou=0.6898 f1=0.8032 thr=0.40 time=23.6s
[Epoch 732] loss=0.0659 miou=0.6854 f1=0.7997 thr=0.40 time=23.6s
[Epoch 733] loss=0.0697 miou=0.6936 f1=0.8059 thr=0.45 time=23.6s
[Epoch 734] loss=0.0693 miou=0.7017 f1=0.8117 thr=0.40 time=23.6s
[Epoch 735] loss=0.0662 miou=0.7015 f1=0.8115 thr=0.40 time=23.6s
[Epoch 736] loss=0.0705 miou=0.6915 f1=0.8041 thr=0.40 time=23.6s
[Epoch 737] loss=0.0668 miou=0.7008 f1=0.8107 thr=0.40 time=23.6s
[Epoch 738] loss=0.0667 miou=0.6939 f1=0.8059 thr=0.40 time=23.6s
[Epoch 739] loss=0.0664 miou=0.6872 f1=0.8008 thr=0.45 time=23.6s
[Epoch 740] loss=0.0679 miou=0.6939 f1=0.8061 thr=0.40 time=23.6s
[Epoch 741] loss=0.0678 miou=0.6874 f1=0.8022 thr=0.40 time=23.6s
[Epoch 742] loss=0.0715 miou=0.6901 f1=0.8036 thr=0.40 time=23.6s
[Epoch 743] loss=0.0701 miou=0.6962 f1=0.8070 thr=0.50 time=23.6s
[Epoch 744] loss=0.0638 miou=0.6874 f1=0.7997 thr=0.40 time=23.6s
[Epoch 745] loss=0.0644 miou=0.6879 f1=0.8027 thr=0.50 time=23.6s
[Epoch 746] loss=0.0719 miou=0.6939 f1=0.8060 thr=0.45 time=23.6s
[Epoch 747] loss=0.0682 miou=0.6973 f1=0.8084 thr=0.40 time=23.6s
[Epoch 748] loss=0.0713 miou=0.6886 f1=0.8010 thr=0.40 time=23.7s
[Epoch 749] loss=0.0742 miou=0.6895 f1=0.8009 thr=0.40 time=23.6s
[Epoch 750] loss=0.0666 miou=0.6937 f1=0.8043 thr=0.40 time=23.6s
[Epoch 751] loss=0.0664 miou=0.6829 f1=0.7970 thr=0.40 time=23.8s
[Epoch 752] loss=0.0655 miou=0.6878 f1=0.8017 thr=0.40 time=23.9s
[Epoch 753] loss=0.0668 miou=0.6876 f1=0.8014 thr=0.55 time=23.6s
[Epoch 754] loss=0.0678 miou=0.6940 f1=0.8068 thr=0.40 time=23.8s
[Epoch 755] loss=0.0661 miou=0.6953 f1=0.8068 thr=0.40 time=23.8s
[Epoch 756] loss=0.0646 miou=0.6886 f1=0.8021 thr=0.40 time=23.8s
[Epoch 757] loss=0.0670 miou=0.6916 f1=0.8045 thr=0.40 time=23.6s
[Epoch 758] loss=0.0714 miou=0.6885 f1=0.8018 thr=0.40 time=23.6s
[Epoch 759] loss=0.0703 miou=0.6902 f1=0.8039 thr=0.40 time=23.6s
[Epoch 760] loss=0.0690 miou=0.6769 f1=0.7922 thr=0.40 time=23.7s
[Epoch 761] loss=0.0744 miou=0.6745 f1=0.7902 thr=0.40 time=23.6s
[Epoch 762] loss=0.0721 miou=0.6875 f1=0.8024 thr=0.55 time=23.6s
[Epoch 763] loss=0.0682 miou=0.6873 f1=0.8023 thr=0.40 time=23.6s
[Epoch 764] loss=0.0674 miou=0.6921 f1=0.8050 thr=0.40 time=23.6s
[Epoch 765] loss=0.0675 miou=0.6954 f1=0.8073 thr=0.40 time=23.8s
[Epoch 766] loss=0.0691 miou=0.6968 f1=0.8086 thr=0.40 time=23.6s
[Epoch 767] loss=0.0673 miou=0.6964 f1=0.8070 thr=0.40 time=23.8s
[Epoch 768] loss=0.0688 miou=0.6865 f1=0.7982 thr=0.40 time=23.7s
[Epoch 769] loss=0.0644 miou=0.6906 f1=0.8026 thr=0.40 time=23.7s
[Epoch 770] loss=0.0658 miou=0.6911 f1=0.8014 thr=0.40 time=23.7s
[Epoch 771] loss=0.0691 miou=0.6920 f1=0.8039 thr=0.40 time=23.6s
[Epoch 772] loss=0.0612 miou=0.6854 f1=0.7993 thr=0.40 time=23.6s
[Epoch 773] loss=0.0712 miou=0.6855 f1=0.7982 thr=0.40 time=23.6s
[Epoch 774] loss=0.0664 miou=0.6840 f1=0.7981 thr=0.40 time=23.6s
[Epoch 775] loss=0.0679 miou=0.6840 f1=0.7970 thr=0.40 time=23.6s
[Epoch 776] loss=0.0670 miou=0.6901 f1=0.8012 thr=0.40 time=23.6s
[Epoch 777] loss=0.0687 miou=0.6914 f1=0.8027 thr=0.40 time=23.6s
[Epoch 778] loss=0.0665 miou=0.6945 f1=0.8041 thr=0.40 time=23.6s
[Epoch 779] loss=0.0662 miou=0.7001 f1=0.8085 thr=0.45 time=23.6s
[Epoch 780] loss=0.0674 miou=0.7003 f1=0.8095 thr=0.40 time=23.6s
[Epoch 781] loss=0.0657 miou=0.6921 f1=0.8028 thr=0.40 time=23.6s
[Epoch 782] loss=0.0664 miou=0.6900 f1=0.8013 thr=0.40 time=23.6s
[Epoch 783] loss=0.0656 miou=0.6912 f1=0.8016 thr=0.40 time=23.6s
[Epoch 784] loss=0.0681 miou=0.6817 f1=0.7936 thr=0.40 time=23.6s
[Epoch 785] loss=0.0693 miou=0.6918 f1=0.8023 thr=0.45 time=23.6s
[Epoch 786] loss=0.0701 miou=0.6843 f1=0.7984 thr=0.40 time=23.6s
[Epoch 787] loss=0.0654 miou=0.6927 f1=0.8038 thr=0.50 time=23.6s
[Epoch 788] loss=0.0588 miou=0.6864 f1=0.8005 thr=0.40 time=23.7s
[Epoch 789] loss=0.0667 miou=0.6843 f1=0.7987 thr=0.55 time=23.6s
[Epoch 790] loss=0.0639 miou=0.6850 f1=0.7988 thr=0.40 time=23.6s
[Epoch 791] loss=0.0666 miou=0.6840 f1=0.7984 thr=0.40 time=23.6s
[Epoch 792] loss=0.0631 miou=0.6899 f1=0.8023 thr=0.40 time=23.6s
[Epoch 793] loss=0.0622 miou=0.6907 f1=0.8026 thr=0.55 time=23.6s
[Epoch 794] loss=0.0701 miou=0.6856 f1=0.7983 thr=0.40 time=23.6s
[Epoch 795] loss=0.0712 miou=0.6832 f1=0.7964 thr=0.55 time=23.6s
[Epoch 796] loss=0.0681 miou=0.6839 f1=0.7990 thr=0.40 time=23.6s
[Epoch 797] loss=0.0672 miou=0.6903 f1=0.8015 thr=0.40 time=23.6s
[Epoch 798] loss=0.0666 miou=0.6892 f1=0.8025 thr=0.40 time=23.8s
[Epoch 799] loss=0.0651 miou=0.6969 f1=0.8079 thr=0.40 time=23.7s
[Epoch 800] loss=0.0690 miou=0.6948 f1=0.8064 thr=0.55 time=23.6s
[Epoch 801] loss=0.0608 miou=0.6905 f1=0.8030 thr=0.40 time=23.6s
[Epoch 802] loss=0.0656 miou=0.6882 f1=0.8012 thr=0.40 time=23.6s
[Epoch 803] loss=0.0657 miou=0.6913 f1=0.8028 thr=0.40 time=23.6s
[Epoch 804] loss=0.0702 miou=0.6870 f1=0.8010 thr=0.40 time=23.6s
[Epoch 805] loss=0.0679 miou=0.6877 f1=0.8021 thr=0.40 time=23.6s
[Epoch 806] loss=0.0740 miou=0.6735 f1=0.7912 thr=0.40 time=23.6s
[Epoch 807] loss=0.0788 miou=0.6839 f1=0.7967 thr=0.40 time=23.6s
[Epoch 808] loss=0.0710 miou=0.6819 f1=0.7951 thr=0.40 time=23.6s
[Epoch 809] loss=0.0677 miou=0.6799 f1=0.7934 thr=0.50 time=23.6s
[Epoch 810] loss=0.0594 miou=0.6856 f1=0.7963 thr=0.40 time=23.6s
[Epoch 811] loss=0.0670 miou=0.6870 f1=0.8004 thr=0.40 time=23.5s
[Epoch 812] loss=0.0730 miou=0.6825 f1=0.7952 thr=0.40 time=23.6s
[Epoch 813] loss=0.0687 miou=0.6913 f1=0.8030 thr=0.40 time=23.6s
[Epoch 814] loss=0.0657 miou=0.6923 f1=0.8045 thr=0.40 time=23.6s
[Epoch 815] loss=0.0602 miou=0.6887 f1=0.8017 thr=0.40 time=23.9s
[Epoch 816] loss=0.0620 miou=0.6872 f1=0.8008 thr=0.40 time=23.8s
[Epoch 817] loss=0.0611 miou=0.6918 f1=0.8033 thr=0.40 time=23.8s
[Epoch 818] loss=0.0596 miou=0.6869 f1=0.7994 thr=0.40 time=24.0s
[Epoch 819] loss=0.0621 miou=0.6903 f1=0.8031 thr=0.40 time=24.0s
[Epoch 820] loss=0.0623 miou=0.6935 f1=0.8052 thr=0.40 time=23.6s
[Epoch 821] loss=0.0654 miou=0.6925 f1=0.8054 thr=0.40 time=23.8s
[Epoch 822] loss=0.0665 miou=0.6898 f1=0.8028 thr=0.40 time=23.9s
[Epoch 823] loss=0.0645 miou=0.6923 f1=0.8044 thr=0.40 time=24.0s
[Epoch 824] loss=0.0626 miou=0.6906 f1=0.8035 thr=0.50 time=23.8s
[Epoch 825] loss=0.0631 miou=0.6860 f1=0.8004 thr=0.40 time=23.8s
[Epoch 826] loss=0.0638 miou=0.6898 f1=0.8020 thr=0.40 time=23.7s
[Epoch 827] loss=0.0671 miou=0.6914 f1=0.8041 thr=0.40 time=23.8s
[Epoch 828] loss=0.0637 miou=0.6873 f1=0.8004 thr=0.45 time=23.8s
[Epoch 829] loss=0.0675 miou=0.6818 f1=0.7963 thr=0.40 time=23.6s
[Epoch 830] loss=0.0668 miou=0.6832 f1=0.7983 thr=0.40 time=24.1s
[Epoch 831] loss=0.0668 miou=0.6863 f1=0.7999 thr=0.50 time=23.9s
[Epoch 832] loss=0.0627 miou=0.6828 f1=0.7970 thr=0.45 time=23.6s
[Epoch 833] loss=0.0620 miou=0.6904 f1=0.8027 thr=0.40 time=23.7s
[Epoch 834] loss=0.0643 miou=0.6878 f1=0.8003 thr=0.55 time=23.7s
[Epoch 835] loss=0.0634 miou=0.6868 f1=0.8002 thr=0.40 time=23.7s
[Epoch 836] loss=0.0657 miou=0.6895 f1=0.8022 thr=0.40 time=23.7s
[Epoch 837] loss=0.0656 miou=0.6905 f1=0.8023 thr=0.40 time=23.6s
[Epoch 838] loss=0.0617 miou=0.6946 f1=0.8062 thr=0.40 time=23.6s
[Epoch 839] loss=0.0625 miou=0.6912 f1=0.8030 thr=0.40 time=23.7s
[Epoch 840] loss=0.0655 miou=0.6902 f1=0.8021 thr=0.40 time=23.8s
[Epoch 841] loss=0.0615 miou=0.6878 f1=0.8009 thr=0.45 time=23.6s
[Epoch 842] loss=0.0665 miou=0.6893 f1=0.8016 thr=0.40 time=23.6s
[Epoch 843] loss=0.0606 miou=0.6962 f1=0.8071 thr=0.40 time=23.7s
[Epoch 844] loss=0.0652 miou=0.6872 f1=0.8003 thr=0.40 time=23.6s
[Epoch 845] loss=0.0632 miou=0.6885 f1=0.8010 thr=0.40 time=23.6s
[Epoch 846] loss=0.0660 miou=0.6884 f1=0.8005 thr=0.40 time=23.6s
[Epoch 847] loss=0.0657 miou=0.6935 f1=0.8049 thr=0.40 time=23.6s
[Epoch 848] loss=0.0644 miou=0.6878 f1=0.8006 thr=0.40 time=23.6s
[Epoch 849] loss=0.0675 miou=0.6836 f1=0.7981 thr=0.50 time=23.7s
[Epoch 850] loss=0.0702 miou=0.6878 f1=0.8007 thr=0.40 time=23.6s
[Epoch 851] loss=0.0721 miou=0.6815 f1=0.7947 thr=0.40 time=23.6s
[Epoch 852] loss=0.0760 miou=0.6838 f1=0.7983 thr=0.40 time=23.6s
[Epoch 853] loss=0.0732 miou=0.6856 f1=0.7982 thr=0.40 time=23.6s
[Epoch 854] loss=0.0737 miou=0.6853 f1=0.7986 thr=0.40 time=23.6s
[Epoch 855] loss=0.0733 miou=0.6819 f1=0.7953 thr=0.40 time=23.6s
[Epoch 856] loss=0.0709 miou=0.6925 f1=0.8038 thr=0.40 time=23.6s
[Epoch 857] loss=0.0683 miou=0.6889 f1=0.8017 thr=0.40 time=23.6s
[Epoch 858] loss=0.0733 miou=0.6928 f1=0.8033 thr=0.40 time=23.6s
[Epoch 859] loss=0.0715 miou=0.6954 f1=0.8060 thr=0.40 time=23.6s
[Epoch 860] loss=0.0680 miou=0.6826 f1=0.7970 thr=0.50 time=23.6s
[Epoch 861] loss=0.0648 miou=0.6962 f1=0.8060 thr=0.40 time=23.6s
[Epoch 862] loss=0.0706 miou=0.6905 f1=0.8016 thr=0.40 time=23.6s
[Epoch 863] loss=0.0681 miou=0.6896 f1=0.8009 thr=0.40 time=23.6s
[Epoch 864] loss=0.0653 miou=0.6924 f1=0.8028 thr=0.40 time=23.6s
[Epoch 865] loss=0.0645 miou=0.6903 f1=0.8013 thr=0.55 time=23.6s
[Epoch 866] loss=0.0633 miou=0.6879 f1=0.7993 thr=0.55 time=23.6s
[Epoch 867] loss=0.0675 miou=0.6909 f1=0.8010 thr=0.40 time=23.6s
[Epoch 868] loss=0.0598 miou=0.6937 f1=0.8045 thr=0.40 time=23.6s
[Epoch 869] loss=0.0630 miou=0.6928 f1=0.8034 thr=0.40 time=23.6s
[Epoch 870] loss=0.0623 miou=0.6938 f1=0.8041 thr=0.55 time=23.6s
[Epoch 871] loss=0.0607 miou=0.6910 f1=0.8024 thr=0.40 time=23.6s
[Epoch 872] loss=0.0629 miou=0.6905 f1=0.8019 thr=0.40 time=23.8s
[Epoch 873] loss=0.0614 miou=0.6911 f1=0.8026 thr=0.40 time=23.7s
[Epoch 874] loss=0.0648 miou=0.6953 f1=0.8064 thr=0.50 time=23.7s
[Epoch 875] loss=0.0633 miou=0.6933 f1=0.8039 thr=0.40 time=23.7s
[Epoch 876] loss=0.0592 miou=0.6930 f1=0.8041 thr=0.40 time=23.7s
[Epoch 877] loss=0.0602 miou=0.6914 f1=0.8035 thr=0.55 time=23.6s
[Epoch 878] loss=0.0633 miou=0.6933 f1=0.8040 thr=0.45 time=23.7s
[Epoch 879] loss=0.0603 miou=0.6881 f1=0.8004 thr=0.40 time=23.6s
[Epoch 880] loss=0.0638 miou=0.6926 f1=0.8036 thr=0.40 time=23.6s
[Epoch 881] loss=0.0627 miou=0.6863 f1=0.7993 thr=0.40 time=23.6s
[Epoch 882] loss=0.0555 miou=0.6967 f1=0.8076 thr=0.40 time=23.6s
[Epoch 883] loss=0.0624 miou=0.6894 f1=0.8008 thr=0.40 time=23.6s
[Epoch 884] loss=0.0631 miou=0.6879 f1=0.7996 thr=0.40 time=23.6s
[Epoch 885] loss=0.0623 miou=0.6875 f1=0.7988 thr=0.50 time=23.6s
[Epoch 886] loss=0.0703 miou=0.6923 f1=0.8027 thr=0.40 time=23.6s
[Epoch 887] loss=0.0720 miou=0.6881 f1=0.7990 thr=0.50 time=23.6s
[Epoch 888] loss=0.0667 miou=0.6906 f1=0.8007 thr=0.55 time=23.6s
[Epoch 889] loss=0.0700 miou=0.6883 f1=0.8011 thr=0.50 time=23.6s
[Epoch 890] loss=0.0622 miou=0.6929 f1=0.8049 thr=0.50 time=23.6s
[Epoch 891] loss=0.0642 miou=0.6925 f1=0.8034 thr=0.40 time=23.6s
[Epoch 892] loss=0.0606 miou=0.7003 f1=0.8096 thr=0.55 time=23.6s
[Epoch 893] loss=0.0639 miou=0.6967 f1=0.8069 thr=0.40 time=23.6s
[Epoch 894] loss=0.0630 miou=0.6922 f1=0.8024 thr=0.55 time=23.6s
[Epoch 895] loss=0.0608 miou=0.6877 f1=0.8003 thr=0.40 time=23.6s
[Epoch 896] loss=0.0669 miou=0.6838 f1=0.7981 thr=0.45 time=23.6s
[Epoch 897] loss=0.0617 miou=0.6793 f1=0.7947 thr=0.45 time=23.6s
[Epoch 898] loss=0.0657 miou=0.6875 f1=0.7987 thr=0.40 time=23.6s
[Epoch 899] loss=0.0653 miou=0.6938 f1=0.8046 thr=0.40 time=23.6s
[Epoch 900] loss=0.0660 miou=0.6858 f1=0.7978 thr=0.55 time=23.6s
[Epoch 901] loss=0.0646 miou=0.6868 f1=0.7982 thr=0.40 time=23.7s
[Epoch 902] loss=0.0665 miou=0.6933 f1=0.8030 thr=0.40 time=23.6s
[Epoch 903] loss=0.0654 miou=0.6830 f1=0.7967 thr=0.40 time=23.6s
[Epoch 904] loss=0.0660 miou=0.6869 f1=0.7994 thr=0.45 time=23.8s
[Epoch 905] loss=0.0634 miou=0.6857 f1=0.7972 thr=0.40 time=23.8s
[Epoch 906] loss=0.0618 miou=0.6847 f1=0.7970 thr=0.40 time=23.9s
[Epoch 907] loss=0.0613 miou=0.6916 f1=0.8013 thr=0.40 time=23.9s
[Epoch 908] loss=0.0642 miou=0.6837 f1=0.7952 thr=0.40 time=24.0s
[Epoch 909] loss=0.0610 miou=0.6918 f1=0.8031 thr=0.40 time=23.9s
[Epoch 910] loss=0.0598 miou=0.6878 f1=0.7998 thr=0.40 time=23.8s
[Epoch 911] loss=0.0685 miou=0.6764 f1=0.7926 thr=0.40 time=23.9s
[Epoch 912] loss=0.0656 miou=0.6831 f1=0.7954 thr=0.40 time=23.9s
[Epoch 913] loss=0.0647 miou=0.6835 f1=0.7957 thr=0.40 time=23.7s
[Epoch 914] loss=0.0689 miou=0.6841 f1=0.7970 thr=0.40 time=24.0s
[Epoch 915] loss=0.0658 miou=0.6904 f1=0.8018 thr=0.40 time=23.6s
[Epoch 916] loss=0.0621 miou=0.6895 f1=0.8015 thr=0.40 time=23.7s
[Epoch 917] loss=0.0605 miou=0.6914 f1=0.8037 thr=0.40 time=23.6s
[Epoch 918] loss=0.0636 miou=0.6923 f1=0.8043 thr=0.40 time=23.7s
[Epoch 919] loss=0.0623 miou=0.6942 f1=0.8057 thr=0.40 time=23.6s
[Epoch 920] loss=0.0605 miou=0.6930 f1=0.8040 thr=0.45 time=23.6s
[Epoch 921] loss=0.0632 miou=0.6959 f1=0.8071 thr=0.40 time=23.6s
[Epoch 922] loss=0.0615 miou=0.6941 f1=0.8050 thr=0.40 time=23.7s
[Epoch 923] loss=0.0621 miou=0.6924 f1=0.8037 thr=0.40 time=23.6s
[Epoch 924] loss=0.0590 miou=0.6901 f1=0.8020 thr=0.55 time=23.6s
[Epoch 925] loss=0.0633 miou=0.6896 f1=0.8022 thr=0.40 time=23.6s
[Epoch 926] loss=0.0638 miou=0.6983 f1=0.8092 thr=0.40 time=23.6s
[Epoch 927] loss=0.0629 miou=0.6984 f1=0.8094 thr=0.40 time=23.6s
[Epoch 928] loss=0.0632 miou=0.6902 f1=0.8026 thr=0.40 time=23.6s
[Epoch 929] loss=0.0631 miou=0.6980 f1=0.8080 thr=0.50 time=23.7s
[Epoch 930] loss=0.0582 miou=0.6939 f1=0.8053 thr=0.40 time=23.7s
[Epoch 931] loss=0.0616 miou=0.6949 f1=0.8056 thr=0.40 time=23.6s
[Epoch 932] loss=0.0617 miou=0.6967 f1=0.8061 thr=0.40 time=23.5s
[Epoch 933] loss=0.0622 miou=0.6932 f1=0.8051 thr=0.45 time=23.6s
[Epoch 934] loss=0.0672 miou=0.6860 f1=0.7990 thr=0.40 time=23.6s
[Epoch 935] loss=0.0610 miou=0.6866 f1=0.8003 thr=0.40 time=23.6s
[Epoch 936] loss=0.0659 miou=0.6865 f1=0.8006 thr=0.45 time=23.6s
[Epoch 937] loss=0.0644 miou=0.6972 f1=0.8082 thr=0.45 time=23.6s
[Epoch 938] loss=0.0612 miou=0.6868 f1=0.7996 thr=0.40 time=23.6s
[Epoch 939] loss=0.0673 miou=0.6887 f1=0.8015 thr=0.40 time=23.6s
[Epoch 940] loss=0.0707 miou=0.6917 f1=0.8043 thr=0.40 time=23.7s
[Epoch 941] loss=0.0749 miou=0.6933 f1=0.8041 thr=0.40 time=23.6s
[Epoch 942] loss=0.0679 miou=0.6846 f1=0.7988 thr=0.50 time=23.6s
[Epoch 943] loss=0.0729 miou=0.6830 f1=0.7967 thr=0.40 time=23.7s
[Epoch 944] loss=0.0747 miou=0.6837 f1=0.7971 thr=0.40 time=23.7s
[Epoch 945] loss=0.0671 miou=0.6798 f1=0.7934 thr=0.40 time=23.6s
[Epoch 946] loss=0.0623 miou=0.6842 f1=0.7975 thr=0.40 time=23.6s
[Epoch 947] loss=0.0619 miou=0.6850 f1=0.7983 thr=0.40 time=23.7s
[Epoch 948] loss=0.0618 miou=0.6779 f1=0.7943 thr=0.40 time=23.7s
[Epoch 949] loss=0.0647 miou=0.6882 f1=0.8009 thr=0.40 time=23.9s
[Epoch 950] loss=0.0648 miou=0.6877 f1=0.8013 thr=0.40 time=24.2s
[Epoch 951] loss=0.0618 miou=0.6917 f1=0.8037 thr=0.40 time=45.5s
[Epoch 952] loss=0.0588 miou=0.6825 f1=0.7970 thr=0.40 time=45.2s
[Epoch 953] loss=0.0623 miou=0.6836 f1=0.7979 thr=0.40 time=43.6s
[Epoch 954] loss=0.0653 miou=0.6778 f1=0.7921 thr=0.40 time=45.2s
[Epoch 955] loss=0.0621 miou=0.6841 f1=0.7961 thr=0.50 time=45.1s
[Epoch 956] loss=0.0647 miou=0.6897 f1=0.8014 thr=0.40 time=45.8s
[Epoch 957] loss=0.0663 miou=0.6811 f1=0.7943 thr=0.40 time=44.7s
[Epoch 958] loss=0.0629 miou=0.6814 f1=0.7937 thr=0.40 time=32.2s
[Epoch 959] loss=0.0689 miou=0.6907 f1=0.8012 thr=0.40 time=23.7s
[Epoch 960] loss=0.0609 miou=0.6908 f1=0.8010 thr=0.40 time=23.7s
[Epoch 961] loss=0.0623 miou=0.6919 f1=0.8033 thr=0.40 time=23.7s
[Epoch 962] loss=0.0616 miou=0.6910 f1=0.8033 thr=0.40 time=23.6s
[Epoch 963] loss=0.0649 miou=0.6921 f1=0.8041 thr=0.40 time=23.6s
[Epoch 964] loss=0.0571 miou=0.6882 f1=0.8001 thr=0.40 time=23.6s
[Epoch 965] loss=0.0599 miou=0.6878 f1=0.8006 thr=0.40 time=23.6s
[Epoch 966] loss=0.0636 miou=0.6918 f1=0.8038 thr=0.40 time=23.6s
[Epoch 967] loss=0.0643 miou=0.6933 f1=0.8028 thr=0.40 time=23.6s
[Epoch 968] loss=0.0573 miou=0.6915 f1=0.8020 thr=0.40 time=23.5s
[Epoch 969] loss=0.0620 miou=0.6896 f1=0.8002 thr=0.40 time=23.6s
[Epoch 970] loss=0.0599 miou=0.6947 f1=0.8047 thr=0.40 time=23.6s
[Epoch 971] loss=0.0598 miou=0.6924 f1=0.8041 thr=0.40 time=23.7s
[Epoch 972] loss=0.0597 miou=0.6976 f1=0.8072 thr=0.40 time=23.7s
[Epoch 973] loss=0.0591 miou=0.6998 f1=0.8090 thr=0.40 time=23.7s
[Epoch 974] loss=0.0613 miou=0.6834 f1=0.7979 thr=0.40 time=23.6s
[Epoch 975] loss=0.0617 miou=0.6887 f1=0.8009 thr=0.40 time=23.6s
[Epoch 976] loss=0.0615 miou=0.6968 f1=0.8070 thr=0.40 time=23.6s
[Epoch 977] loss=0.0618 miou=0.6946 f1=0.8052 thr=0.45 time=23.6s
[Epoch 978] loss=0.0615 miou=0.6857 f1=0.7983 thr=0.40 time=23.5s
[Epoch 979] loss=0.0663 miou=0.6881 f1=0.8004 thr=0.40 time=23.6s
[Epoch 980] loss=0.0613 miou=0.6921 f1=0.8035 thr=0.40 time=23.6s
[Epoch 981] loss=0.0668 miou=0.6948 f1=0.8048 thr=0.40 time=23.7s
[Epoch 982] loss=0.0632 miou=0.6903 f1=0.8021 thr=0.40 time=23.6s
[Epoch 983] loss=0.0632 miou=0.6940 f1=0.8049 thr=0.40 time=23.8s
[Epoch 984] loss=0.0592 miou=0.6929 f1=0.8052 thr=0.40 time=23.6s
[Epoch 985] loss=0.0613 miou=0.6961 f1=0.8072 thr=0.40 time=23.8s
[Epoch 986] loss=0.0596 miou=0.6887 f1=0.8013 thr=0.40 time=23.6s
[Epoch 987] loss=0.0605 miou=0.6962 f1=0.8064 thr=0.40 time=23.9s
[Epoch 988] loss=0.0609 miou=0.6942 f1=0.8047 thr=0.40 time=24.0s
[Epoch 989] loss=0.0629 miou=0.6958 f1=0.8062 thr=0.40 time=23.8s
[Epoch 990] loss=0.0628 miou=0.6953 f1=0.8066 thr=0.40 time=24.1s
[Epoch 991] loss=0.0611 miou=0.6893 f1=0.8017 thr=0.40 time=23.6s
[Epoch 992] loss=0.0590 miou=0.6888 f1=0.8018 thr=0.40 time=23.8s
[Epoch 993] loss=0.0595 miou=0.6951 f1=0.8059 thr=0.40 time=23.9s
[Epoch 994] loss=0.0608 miou=0.6959 f1=0.8078 thr=0.50 time=23.7s
[Epoch 995] loss=0.0648 miou=0.6874 f1=0.8016 thr=0.40 time=23.6s
[Epoch 996] loss=0.0602 miou=0.6964 f1=0.8072 thr=0.40 time=23.9s
[Epoch 997] loss=0.0604 miou=0.6938 f1=0.8048 thr=0.40 time=23.8s
[Epoch 998] loss=0.0611 miou=0.6865 f1=0.7983 thr=0.50 time=23.9s
[Epoch 999] loss=0.0645 miou=0.6868 f1=0.8008 thr=0.40 time=23.6s
[Epoch 1000] loss=0.0652 miou=0.6885 f1=0.8017 thr=0.40 time=23.9s
