nohup: ignoring input
Run directory: ./outputs_sam_sirst_hq/NUDT-SIRST_model-vitt_size256_use_HQ_bs4e1000kp1_split-50_50_20250915_232513
/home/bip/cry/anaconda3/lib/python3.9/site-packages/torch/cuda/__init__.py:611: UserWarning: Can't initialize NVML
  warnings.warn("Can't initialize NVML")
[Epoch 001] loss=1.0174 miou=0.0000 f1=0.0000 time=45.3s
[Epoch 002] loss=0.9673 miou=0.0000 f1=0.0000 time=43.7s
[Epoch 003] loss=0.9396 miou=0.0996 f1=0.1575 time=44.0s
[Epoch 004] loss=0.8192 miou=0.1480 f1=0.2230 time=44.0s
[Epoch 005] loss=0.7416 miou=0.2303 f1=0.3270 time=44.1s
[Epoch 006] loss=0.6813 miou=0.2563 f1=0.3602 time=44.1s
[Epoch 007] loss=0.6640 miou=0.2565 f1=0.3582 time=44.2s
[Epoch 008] loss=0.6382 miou=0.2885 f1=0.3973 time=43.9s
[Epoch 009] loss=0.6244 miou=0.2999 f1=0.4048 time=44.2s
[Epoch 010] loss=0.6186 miou=0.2911 f1=0.3981 time=43.9s
[Epoch 011] loss=0.5969 miou=0.2525 f1=0.3597 time=44.0s
[Epoch 012] loss=0.6028 miou=0.3463 f1=0.4544 time=43.9s
[Epoch 013] loss=0.5679 miou=0.3150 f1=0.4268 time=43.9s
[Epoch 014] loss=0.5633 miou=0.3356 f1=0.4461 time=44.0s
[Epoch 015] loss=0.5633 miou=0.3576 f1=0.4656 time=44.0s
[Epoch 016] loss=0.5583 miou=0.3502 f1=0.4627 time=43.9s
[Epoch 017] loss=0.5573 miou=0.3519 f1=0.4632 time=44.1s
[Epoch 018] loss=0.5267 miou=0.3898 f1=0.5001 time=43.8s
[Epoch 019] loss=0.5289 miou=0.3320 f1=0.4451 time=44.3s
[Epoch 020] loss=0.5338 miou=0.3651 f1=0.4767 time=44.0s
[Epoch 021] loss=0.5314 miou=0.3748 f1=0.4861 time=43.9s
[Epoch 022] loss=0.5174 miou=0.3915 f1=0.5002 time=44.3s
[Epoch 023] loss=0.5107 miou=0.3905 f1=0.5024 time=43.9s
[Epoch 024] loss=0.5098 miou=0.3711 f1=0.4840 time=44.1s
[Epoch 025] loss=0.5006 miou=0.3779 f1=0.4936 time=43.9s
[Epoch 026] loss=0.5196 miou=0.3948 f1=0.5066 time=44.0s
[Epoch 027] loss=0.4894 miou=0.3827 f1=0.4926 time=44.0s
[Epoch 028] loss=0.4920 miou=0.3774 f1=0.4884 time=43.9s
[Epoch 029] loss=0.4914 miou=0.4181 f1=0.5269 time=44.0s
[Epoch 030] loss=0.4970 miou=0.3703 f1=0.4846 time=44.1s
[Epoch 031] loss=0.4838 miou=0.4021 f1=0.5115 time=44.0s
[Epoch 032] loss=0.4738 miou=0.4289 f1=0.5381 time=43.9s
[Epoch 033] loss=0.4904 miou=0.3804 f1=0.4927 time=44.5s
[Epoch 034] loss=0.4725 miou=0.4175 f1=0.5289 time=43.7s
[Epoch 035] loss=0.4701 miou=0.4135 f1=0.5268 time=43.6s
[Epoch 036] loss=0.4676 miou=0.4134 f1=0.5261 time=44.1s
[Epoch 037] loss=0.4749 miou=0.4307 f1=0.5397 time=44.1s
[Epoch 038] loss=0.4696 miou=0.4275 f1=0.5354 time=43.9s
[Epoch 039] loss=0.4765 miou=0.4099 f1=0.5212 time=44.1s
[Epoch 040] loss=0.4604 miou=0.4427 f1=0.5513 time=44.0s
[Epoch 041] loss=0.4746 miou=0.3905 f1=0.5065 time=44.1s
[Epoch 042] loss=0.4934 miou=0.3999 f1=0.5164 time=44.0s
[Epoch 043] loss=0.4744 miou=0.4357 f1=0.5457 time=44.2s
[Epoch 044] loss=0.4646 miou=0.4257 f1=0.5400 time=43.9s
[Epoch 045] loss=0.4593 miou=0.4108 f1=0.5269 time=44.2s
[Epoch 046] loss=0.4639 miou=0.3808 f1=0.4967 time=44.0s
[Epoch 047] loss=0.4729 miou=0.4253 f1=0.5383 time=44.2s
[Epoch 048] loss=0.4515 miou=0.4366 f1=0.5465 time=45.1s
[Epoch 049] loss=0.4560 miou=0.4376 f1=0.5453 time=44.5s
[Epoch 050] loss=0.4631 miou=0.4019 f1=0.5167 time=44.1s
[Epoch 051] loss=0.4709 miou=0.4338 f1=0.5451 time=44.1s
[Epoch 052] loss=0.4574 miou=0.4370 f1=0.5481 time=43.9s
[Epoch 053] loss=0.4451 miou=0.4569 f1=0.5648 time=44.0s
[Epoch 054] loss=0.4513 miou=0.4304 f1=0.5409 time=44.0s
[Epoch 055] loss=0.4641 miou=0.4033 f1=0.5187 time=44.0s
[Epoch 056] loss=0.4533 miou=0.4327 f1=0.5409 time=44.1s
[Epoch 057] loss=0.4423 miou=0.4493 f1=0.5589 time=44.1s
[Epoch 058] loss=0.4465 miou=0.4549 f1=0.5609 time=44.0s
[Epoch 059] loss=0.4521 miou=0.4434 f1=0.5512 time=43.9s
[Epoch 060] loss=0.4454 miou=0.4496 f1=0.5596 time=44.1s
[Epoch 061] loss=0.4385 miou=0.4530 f1=0.5641 time=44.7s
[Epoch 062] loss=0.4366 miou=0.4459 f1=0.5565 time=44.0s
[Epoch 063] loss=0.4357 miou=0.4532 f1=0.5603 time=44.0s
[Epoch 064] loss=0.4294 miou=0.4200 f1=0.5331 time=44.1s
[Epoch 065] loss=0.4433 miou=0.4484 f1=0.5587 time=44.1s
[Epoch 066] loss=0.4311 miou=0.4507 f1=0.5597 time=44.0s
[Epoch 067] loss=0.4396 miou=0.4222 f1=0.5340 time=44.1s
[Epoch 068] loss=0.4403 miou=0.4505 f1=0.5612 time=44.3s
[Epoch 069] loss=0.4363 miou=0.4477 f1=0.5588 time=44.2s
[Epoch 070] loss=0.4459 miou=0.4554 f1=0.5642 time=44.1s
[Epoch 071] loss=0.4388 miou=0.4472 f1=0.5599 time=43.8s
[Epoch 072] loss=0.4325 miou=0.4515 f1=0.5628 time=44.0s
[Epoch 073] loss=0.4246 miou=0.4610 f1=0.5713 time=43.9s
[Epoch 074] loss=0.4282 miou=0.4458 f1=0.5594 time=44.0s
[Epoch 075] loss=0.4306 miou=0.4171 f1=0.5318 time=44.1s
[Epoch 076] loss=0.4336 miou=0.4623 f1=0.5709 time=44.3s
[Epoch 077] loss=0.4279 miou=0.4637 f1=0.5710 time=44.4s
[Epoch 078] loss=0.4366 miou=0.3930 f1=0.5049 time=44.3s
[Epoch 079] loss=0.4373 miou=0.4470 f1=0.5582 time=44.5s
[Epoch 080] loss=0.4217 miou=0.4497 f1=0.5577 time=44.0s
[Epoch 081] loss=0.4237 miou=0.4379 f1=0.5491 time=44.5s
[Epoch 082] loss=0.4302 miou=0.4561 f1=0.5663 time=44.7s
[Epoch 083] loss=0.4250 miou=0.4582 f1=0.5679 time=44.0s
[Epoch 084] loss=0.4157 miou=0.4141 f1=0.5244 time=43.4s
[Epoch 085] loss=0.4157 miou=0.4578 f1=0.5668 time=44.0s
[Epoch 086] loss=0.4189 miou=0.4207 f1=0.5296 time=43.8s
[Epoch 087] loss=0.4225 miou=0.4460 f1=0.5585 time=43.8s
[Epoch 088] loss=0.4193 miou=0.4658 f1=0.5724 time=43.9s
[Epoch 089] loss=0.4264 miou=0.4396 f1=0.5540 time=43.7s
[Epoch 090] loss=0.4267 miou=0.4694 f1=0.5783 time=43.7s
[Epoch 091] loss=0.4221 miou=0.4494 f1=0.5605 time=44.0s
[Epoch 092] loss=0.4203 miou=0.4555 f1=0.5665 time=44.1s
[Epoch 093] loss=0.4253 miou=0.4666 f1=0.5725 time=43.9s
[Epoch 094] loss=0.4228 miou=0.4677 f1=0.5772 time=43.9s
[Epoch 095] loss=0.4116 miou=0.4643 f1=0.5749 time=43.9s
[Epoch 096] loss=0.4097 miou=0.4515 f1=0.5639 time=43.9s
[Epoch 097] loss=0.4186 miou=0.4471 f1=0.5599 time=43.8s
[Epoch 098] loss=0.4177 miou=0.4627 f1=0.5739 time=43.8s
[Epoch 099] loss=0.4101 miou=0.4527 f1=0.5629 time=43.9s
[Epoch 100] loss=0.4096 miou=0.4645 f1=0.5727 time=43.7s
[Epoch 101] loss=0.4149 miou=0.4599 f1=0.5700 time=43.8s
[Epoch 102] loss=0.4061 miou=0.4566 f1=0.5666 time=43.8s
[Epoch 103] loss=0.4128 miou=0.4580 f1=0.5654 time=43.8s
[Epoch 104] loss=0.4011 miou=0.4133 f1=0.5227 time=43.9s
[Epoch 105] loss=0.4227 miou=0.4631 f1=0.5749 time=43.9s
[Epoch 106] loss=0.3974 miou=0.4736 f1=0.5841 time=43.9s
[Epoch 107] loss=0.3984 miou=0.4578 f1=0.5647 time=44.0s
[Epoch 108] loss=0.4256 miou=0.4610 f1=0.5730 time=43.5s
[Epoch 109] loss=0.4049 miou=0.4580 f1=0.5678 time=43.9s
[Epoch 110] loss=0.3974 miou=0.4786 f1=0.5882 time=44.0s
[Epoch 111] loss=0.3959 miou=0.4687 f1=0.5796 time=43.9s
[Epoch 112] loss=0.4400 miou=0.4338 f1=0.5395 time=43.9s
[Epoch 113] loss=0.4183 miou=0.4599 f1=0.5685 time=43.9s
[Epoch 114] loss=0.4035 miou=0.4524 f1=0.5639 time=44.0s
[Epoch 115] loss=0.3964 miou=0.4689 f1=0.5772 time=43.9s
[Epoch 116] loss=0.3995 miou=0.4704 f1=0.5793 time=43.8s
[Epoch 117] loss=0.3906 miou=0.4662 f1=0.5711 time=44.0s
[Epoch 118] loss=0.4005 miou=0.4398 f1=0.5568 time=44.0s
[Epoch 119] loss=0.4003 miou=0.4726 f1=0.5844 time=43.9s
[Epoch 120] loss=0.4098 miou=0.4444 f1=0.5611 time=43.8s
[Epoch 121] loss=0.4054 miou=0.4608 f1=0.5748 time=44.0s
[Epoch 122] loss=0.3992 miou=0.4545 f1=0.5702 time=43.9s
[Epoch 123] loss=0.4003 miou=0.4561 f1=0.5652 time=43.9s
[Epoch 124] loss=0.3971 miou=0.4703 f1=0.5812 time=44.0s
[Epoch 125] loss=0.4009 miou=0.4707 f1=0.5824 time=44.2s
[Epoch 126] loss=0.3984 miou=0.4678 f1=0.5792 time=44.1s
[Epoch 127] loss=0.4027 miou=0.4472 f1=0.5631 time=43.9s
[Epoch 128] loss=0.4049 miou=0.4692 f1=0.5816 time=44.0s
[Epoch 129] loss=0.3975 miou=0.4698 f1=0.5808 time=44.1s
[Epoch 130] loss=0.3798 miou=0.4767 f1=0.5861 time=44.0s
[Epoch 131] loss=0.3909 miou=0.4781 f1=0.5893 time=44.0s
[Epoch 132] loss=0.3901 miou=0.4775 f1=0.5891 time=43.8s
[Epoch 133] loss=0.3908 miou=0.4874 f1=0.5949 time=44.0s
[Epoch 134] loss=0.3959 miou=0.4682 f1=0.5762 time=43.8s
[Epoch 135] loss=0.3876 miou=0.4420 f1=0.5525 time=43.9s
[Epoch 136] loss=0.3824 miou=0.4818 f1=0.5923 time=43.7s
[Epoch 137] loss=0.3982 miou=0.4859 f1=0.5955 time=43.7s
[Epoch 138] loss=0.3899 miou=0.4687 f1=0.5788 time=43.5s
[Epoch 139] loss=0.3886 miou=0.4586 f1=0.5732 time=43.8s
[Epoch 140] loss=0.3896 miou=0.4825 f1=0.5925 time=43.6s
[Epoch 141] loss=0.3836 miou=0.4601 f1=0.5725 time=44.0s
[Epoch 142] loss=0.3936 miou=0.4554 f1=0.5692 time=43.9s
[Epoch 143] loss=0.3860 miou=0.4674 f1=0.5803 time=44.0s
[Epoch 144] loss=0.3861 miou=0.4829 f1=0.5923 time=43.4s
[Epoch 145] loss=0.3777 miou=0.4904 f1=0.5984 time=43.6s
[Epoch 146] loss=0.3763 miou=0.4890 f1=0.5981 time=43.7s
[Epoch 147] loss=0.3759 miou=0.4723 f1=0.5774 time=43.9s
[Epoch 148] loss=0.3858 miou=0.4630 f1=0.5683 time=43.8s
[Epoch 149] loss=0.3841 miou=0.4913 f1=0.6005 time=44.1s
[Epoch 150] loss=0.3799 miou=0.4837 f1=0.5941 time=44.1s
[Epoch 151] loss=0.3865 miou=0.4697 f1=0.5827 time=44.1s
[Epoch 152] loss=0.3767 miou=0.4733 f1=0.5833 time=44.0s
[Epoch 153] loss=0.3693 miou=0.4941 f1=0.6007 time=43.9s
[Epoch 154] loss=0.3809 miou=0.4823 f1=0.5938 time=44.1s
[Epoch 155] loss=0.3708 miou=0.4868 f1=0.5941 time=44.0s
[Epoch 156] loss=0.3832 miou=0.4806 f1=0.5919 time=43.9s
[Epoch 157] loss=0.3760 miou=0.4712 f1=0.5850 time=44.0s
[Epoch 158] loss=0.3790 miou=0.4737 f1=0.5871 time=43.9s
[Epoch 159] loss=0.3747 miou=0.4913 f1=0.5994 time=44.0s
[Epoch 160] loss=0.3683 miou=0.4801 f1=0.5906 time=43.9s
[Epoch 161] loss=0.3664 miou=0.4841 f1=0.5959 time=44.0s
[Epoch 162] loss=0.3796 miou=0.4777 f1=0.5856 time=44.1s
[Epoch 163] loss=0.3701 miou=0.4946 f1=0.6046 time=44.3s
[Epoch 164] loss=0.3715 miou=0.4948 f1=0.6022 time=44.6s
[Epoch 165] loss=0.3694 miou=0.4860 f1=0.5947 time=44.0s
[Epoch 166] loss=0.3769 miou=0.4744 f1=0.5803 time=43.9s
[Epoch 167] loss=0.3752 miou=0.4837 f1=0.5958 time=43.9s
[Epoch 168] loss=0.3747 miou=0.4900 f1=0.6008 time=43.9s
[Epoch 169] loss=0.3657 miou=0.4734 f1=0.5870 time=43.6s
[Epoch 170] loss=0.3731 miou=0.4838 f1=0.5921 time=43.8s
[Epoch 171] loss=0.3728 miou=0.4708 f1=0.5843 time=44.0s
[Epoch 172] loss=0.3684 miou=0.4799 f1=0.5927 time=43.7s
[Epoch 173] loss=0.3698 miou=0.4989 f1=0.6074 time=43.7s
[Epoch 174] loss=0.3668 miou=0.4808 f1=0.5906 time=43.8s
[Epoch 175] loss=0.3702 miou=0.4669 f1=0.5821 time=43.4s
[Epoch 176] loss=0.3635 miou=0.4784 f1=0.5905 time=43.9s
[Epoch 177] loss=0.3694 miou=0.4964 f1=0.6060 time=43.7s
[Epoch 178] loss=0.3663 miou=0.4702 f1=0.5849 time=43.8s
[Epoch 179] loss=0.3685 miou=0.4806 f1=0.5942 time=43.9s
[Epoch 180] loss=0.3619 miou=0.4734 f1=0.5866 time=44.0s
[Epoch 181] loss=0.3568 miou=0.4900 f1=0.6013 time=44.1s
[Epoch 182] loss=0.3586 miou=0.4781 f1=0.5898 time=44.0s
[Epoch 183] loss=0.3545 miou=0.4943 f1=0.6040 time=43.9s
[Epoch 184] loss=0.3609 miou=0.4900 f1=0.6031 time=44.0s
[Epoch 185] loss=0.3713 miou=0.4925 f1=0.6007 time=43.7s
[Epoch 186] loss=0.3639 miou=0.4943 f1=0.6056 time=43.5s
[Epoch 187] loss=0.3718 miou=0.4955 f1=0.6072 time=43.5s
[Epoch 188] loss=0.3601 miou=0.4836 f1=0.5953 time=43.4s
[Epoch 189] loss=0.3619 miou=0.4965 f1=0.6076 time=43.4s
[Epoch 190] loss=0.3511 miou=0.4968 f1=0.6085 time=43.5s
[Epoch 191] loss=0.3615 miou=0.4910 f1=0.6015 time=43.9s
[Epoch 192] loss=0.3558 miou=0.4987 f1=0.6109 time=43.9s
[Epoch 193] loss=0.3552 miou=0.4811 f1=0.5953 time=43.9s
[Epoch 194] loss=0.3643 miou=0.4848 f1=0.5934 time=43.9s
[Epoch 195] loss=0.3510 miou=0.4969 f1=0.6084 time=43.8s
[Epoch 196] loss=0.3549 miou=0.4857 f1=0.5991 time=43.8s
[Epoch 197] loss=0.3542 miou=0.4849 f1=0.5947 time=43.9s
[Epoch 198] loss=0.3583 miou=0.4878 f1=0.5974 time=43.8s
[Epoch 199] loss=0.3575 miou=0.4957 f1=0.6045 time=43.9s
[Epoch 200] loss=0.3553 miou=0.4746 f1=0.5896 time=43.4s
[Epoch 201] loss=0.3763 miou=0.4837 f1=0.5977 time=43.8s
[Epoch 202] loss=0.3537 miou=0.5013 f1=0.6109 time=43.9s
[Epoch 203] loss=0.3519 miou=0.5043 f1=0.6136 time=43.5s
[Epoch 204] loss=0.3500 miou=0.5046 f1=0.6159 time=43.9s
[Epoch 205] loss=0.3508 miou=0.4905 f1=0.6019 time=43.9s
[Epoch 206] loss=0.3502 miou=0.5033 f1=0.6150 time=43.9s
[Epoch 207] loss=0.3548 miou=0.4824 f1=0.5950 time=43.9s
[Epoch 208] loss=0.3543 miou=0.4998 f1=0.6117 time=43.9s
[Epoch 209] loss=0.3508 miou=0.5002 f1=0.6119 time=43.6s
[Epoch 210] loss=0.3451 miou=0.5016 f1=0.6129 time=43.8s
[Epoch 211] loss=0.3577 miou=0.4825 f1=0.5969 time=43.8s
[Epoch 212] loss=0.3556 miou=0.4966 f1=0.6091 time=43.8s
[Epoch 213] loss=0.3445 miou=0.4858 f1=0.5993 time=43.6s
[Epoch 214] loss=0.3475 miou=0.4861 f1=0.5986 time=43.9s
[Epoch 215] loss=0.3485 miou=0.4955 f1=0.6088 time=43.9s
[Epoch 216] loss=0.3433 miou=0.5013 f1=0.6130 time=43.9s
[Epoch 217] loss=0.3490 miou=0.5028 f1=0.6139 time=43.9s
[Epoch 218] loss=0.3413 miou=0.5076 f1=0.6159 time=43.8s
[Epoch 219] loss=0.3449 miou=0.4994 f1=0.6072 time=44.0s
[Epoch 220] loss=0.3489 miou=0.4894 f1=0.6020 time=43.9s
[Epoch 221] loss=0.3395 miou=0.5052 f1=0.6141 time=43.8s
[Epoch 222] loss=0.3399 miou=0.4794 f1=0.5945 time=43.7s
[Epoch 223] loss=0.3386 miou=0.4956 f1=0.6026 time=43.6s
[Epoch 224] loss=0.3455 miou=0.4914 f1=0.6029 time=43.7s
[Epoch 225] loss=0.3400 miou=0.5070 f1=0.6164 time=43.9s
[Epoch 226] loss=0.3455 miou=0.4888 f1=0.6024 time=43.6s
[Epoch 227] loss=0.3449 miou=0.4914 f1=0.6036 time=43.8s
[Epoch 228] loss=0.3338 miou=0.4939 f1=0.6040 time=43.8s
[Epoch 229] loss=0.3431 miou=0.5155 f1=0.6248 time=44.0s
[Epoch 230] loss=0.3366 miou=0.5103 f1=0.6183 time=43.8s
[Epoch 231] loss=0.3443 miou=0.4907 f1=0.5990 time=43.8s
[Epoch 232] loss=0.3427 miou=0.4710 f1=0.5896 time=43.7s
[Epoch 233] loss=0.3467 miou=0.4995 f1=0.6066 time=43.7s
[Epoch 234] loss=0.3345 miou=0.5062 f1=0.6130 time=43.5s
[Epoch 235] loss=0.3372 miou=0.5097 f1=0.6179 time=43.9s
[Epoch 236] loss=0.3292 miou=0.4923 f1=0.6026 time=43.8s
[Epoch 237] loss=0.3309 miou=0.4939 f1=0.6067 time=43.9s
[Epoch 238] loss=0.3267 miou=0.5099 f1=0.6132 time=43.9s
[Epoch 239] loss=0.3301 miou=0.4900 f1=0.5954 time=43.9s
[Epoch 240] loss=0.3426 miou=0.4976 f1=0.6065 time=43.9s
[Epoch 241] loss=0.3378 miou=0.5023 f1=0.6083 time=43.7s
[Epoch 242] loss=0.3360 miou=0.5028 f1=0.6134 time=43.9s
[Epoch 243] loss=0.3306 miou=0.5149 f1=0.6232 time=43.8s
[Epoch 244] loss=0.3374 miou=0.5095 f1=0.6201 time=43.7s
[Epoch 245] loss=0.3330 miou=0.5093 f1=0.6197 time=43.8s
[Epoch 246] loss=0.3435 miou=0.4844 f1=0.6008 time=43.8s
[Epoch 247] loss=0.3431 miou=0.5104 f1=0.6194 time=43.8s
[Epoch 248] loss=0.3310 miou=0.4804 f1=0.5948 time=43.8s
[Epoch 249] loss=0.3321 miou=0.4995 f1=0.6078 time=43.7s
[Epoch 250] loss=0.3334 miou=0.5059 f1=0.6144 time=43.8s
Unfroze at epoch 250: encoder + all heads.
[Epoch 251] loss=0.4719 miou=0.4587 f1=0.5681 time=69.9s
[Epoch 252] loss=0.4394 miou=0.4434 f1=0.5566 time=69.7s
[Epoch 253] loss=0.4118 miou=0.4115 f1=0.5424 time=69.8s
[Epoch 254] loss=0.3925 miou=0.5196 f1=0.6364 time=69.8s
[Epoch 255] loss=0.3464 miou=0.5292 f1=0.6518 time=69.8s
[Epoch 256] loss=0.3191 miou=0.5359 f1=0.6578 time=70.1s
[Epoch 257] loss=0.3001 miou=0.5555 f1=0.6724 time=69.8s
[Epoch 258] loss=0.2969 miou=0.5776 f1=0.6992 time=69.9s
[Epoch 259] loss=0.2962 miou=0.5673 f1=0.6930 time=69.9s
[Epoch 260] loss=0.2823 miou=0.5830 f1=0.6996 time=69.8s
[Epoch 261] loss=0.2760 miou=0.6046 f1=0.7264 time=69.6s
[Epoch 262] loss=0.2569 miou=0.6053 f1=0.7218 time=69.8s
[Epoch 263] loss=0.2596 miou=0.6095 f1=0.7318 time=69.8s
[Epoch 264] loss=0.2479 miou=0.6109 f1=0.7302 time=69.7s
[Epoch 265] loss=0.2586 miou=0.6149 f1=0.7332 time=69.7s
[Epoch 266] loss=0.2499 miou=0.5853 f1=0.7091 time=69.8s
[Epoch 267] loss=0.2396 miou=0.6241 f1=0.7441 time=70.0s
[Epoch 268] loss=0.2395 miou=0.6254 f1=0.7462 time=69.7s
[Epoch 269] loss=0.2356 miou=0.6225 f1=0.7410 time=69.7s
[Epoch 270] loss=0.2346 miou=0.6280 f1=0.7480 time=69.6s
[Epoch 271] loss=0.2245 miou=0.6420 f1=0.7601 time=69.6s
[Epoch 272] loss=0.2396 miou=0.6160 f1=0.7361 time=69.6s
[Epoch 273] loss=0.2154 miou=0.6430 f1=0.7597 time=69.6s
[Epoch 274] loss=0.2180 miou=0.6415 f1=0.7598 time=69.7s
[Epoch 275] loss=0.2140 miou=0.6412 f1=0.7596 time=69.7s
[Epoch 276] loss=0.2300 miou=0.6520 f1=0.7690 time=69.5s
[Epoch 277] loss=0.2170 miou=0.6364 f1=0.7566 time=69.6s
[Epoch 278] loss=0.2116 miou=0.6499 f1=0.7654 time=69.6s
[Epoch 279] loss=0.2029 miou=0.6466 f1=0.7634 time=69.6s
[Epoch 280] loss=0.2061 miou=0.6385 f1=0.7602 time=69.6s
[Epoch 281] loss=0.1986 miou=0.6671 f1=0.7807 time=69.5s
[Epoch 282] loss=0.1990 miou=0.6402 f1=0.7586 time=69.7s
[Epoch 283] loss=0.1968 miou=0.6493 f1=0.7615 time=69.7s
[Epoch 284] loss=0.1905 miou=0.6703 f1=0.7828 time=69.5s
[Epoch 285] loss=0.1988 miou=0.6611 f1=0.7761 time=69.7s
[Epoch 286] loss=0.1902 miou=0.6498 f1=0.7625 time=69.8s
[Epoch 287] loss=0.1825 miou=0.6631 f1=0.7775 time=69.8s
[Epoch 288] loss=0.1876 miou=0.6754 f1=0.7851 time=69.8s
[Epoch 289] loss=0.1890 miou=0.6662 f1=0.7760 time=69.8s
[Epoch 290] loss=0.1824 miou=0.6534 f1=0.7693 time=69.7s
[Epoch 291] loss=0.1874 miou=0.6559 f1=0.7720 time=69.8s
[Epoch 292] loss=0.1944 miou=0.6732 f1=0.7848 time=69.7s
[Epoch 293] loss=0.1889 miou=0.6301 f1=0.7506 time=69.6s
[Epoch 294] loss=0.1899 miou=0.6910 f1=0.7998 time=69.7s
[Epoch 295] loss=0.1768 miou=0.6759 f1=0.7872 time=69.7s
[Epoch 296] loss=0.1837 miou=0.6725 f1=0.7875 time=69.6s
[Epoch 297] loss=0.1736 miou=0.6640 f1=0.7770 time=69.7s
[Epoch 298] loss=0.1830 miou=0.6729 f1=0.7858 time=69.7s
[Epoch 299] loss=0.1750 miou=0.6756 f1=0.7887 time=69.6s
[Epoch 300] loss=0.1820 miou=0.6626 f1=0.7771 time=69.7s
[Epoch 301] loss=0.1804 miou=0.6728 f1=0.7852 time=69.8s
[Epoch 302] loss=0.1776 miou=0.6699 f1=0.7835 time=69.7s
[Epoch 303] loss=0.1753 miou=0.6763 f1=0.7881 time=69.7s
[Epoch 304] loss=0.1698 miou=0.6833 f1=0.7907 time=69.6s
[Epoch 305] loss=0.1720 miou=0.6993 f1=0.8061 time=69.6s
[Epoch 306] loss=0.1595 miou=0.6620 f1=0.7733 time=69.6s
[Epoch 307] loss=0.1751 miou=0.6652 f1=0.7781 time=69.6s
[Epoch 308] loss=0.1692 miou=0.6866 f1=0.7967 time=69.6s
[Epoch 309] loss=0.1588 miou=0.6896 f1=0.7975 time=69.6s
[Epoch 310] loss=0.1639 miou=0.6778 f1=0.7893 time=69.6s
[Epoch 311] loss=0.1637 miou=0.6828 f1=0.7948 time=69.6s
[Epoch 312] loss=0.1581 miou=0.6898 f1=0.7998 time=69.7s
[Epoch 313] loss=0.1559 miou=0.7075 f1=0.8122 time=69.6s
[Epoch 314] loss=0.1695 miou=0.6922 f1=0.7990 time=69.7s
[Epoch 315] loss=0.1585 miou=0.7001 f1=0.8070 time=69.6s
[Epoch 316] loss=0.1501 miou=0.6856 f1=0.7975 time=69.6s
[Epoch 317] loss=0.1611 miou=0.6818 f1=0.7940 time=69.7s
[Epoch 318] loss=0.1600 miou=0.6957 f1=0.8033 time=69.5s
[Epoch 319] loss=0.1696 miou=0.6938 f1=0.8039 time=69.7s
[Epoch 320] loss=0.1537 miou=0.7133 f1=0.8158 time=69.6s
[Epoch 321] loss=0.1532 miou=0.7088 f1=0.8139 time=69.8s
[Epoch 322] loss=0.1485 miou=0.7002 f1=0.8081 time=69.5s
[Epoch 323] loss=0.1549 miou=0.7173 f1=0.8205 time=69.8s
[Epoch 324] loss=0.1501 miou=0.7041 f1=0.8108 time=69.8s
[Epoch 325] loss=0.1425 miou=0.7067 f1=0.8099 time=69.6s
[Epoch 326] loss=0.1445 miou=0.7155 f1=0.8182 time=69.8s
[Epoch 327] loss=0.1511 miou=0.7111 f1=0.8145 time=69.8s
[Epoch 328] loss=0.1461 miou=0.7103 f1=0.8147 time=70.2s
[Epoch 329] loss=0.1453 miou=0.7152 f1=0.8186 time=70.6s
[Epoch 330] loss=0.1493 miou=0.7075 f1=0.8115 time=70.6s
[Epoch 331] loss=0.1406 miou=0.6725 f1=0.7828 time=70.9s
[Epoch 332] loss=0.1467 miou=0.7133 f1=0.8179 time=70.0s
[Epoch 333] loss=0.1440 miou=0.7222 f1=0.8244 time=70.5s
[Epoch 334] loss=0.1413 miou=0.7217 f1=0.8220 time=70.3s
[Epoch 335] loss=0.1371 miou=0.7120 f1=0.8147 time=70.5s
[Epoch 336] loss=0.1482 miou=0.6989 f1=0.8050 time=70.2s
[Epoch 337] loss=0.1334 miou=0.7279 f1=0.8264 time=70.6s
[Epoch 338] loss=0.1394 miou=0.7032 f1=0.8075 time=69.7s
[Epoch 339] loss=0.1382 miou=0.7247 f1=0.8256 time=69.9s
[Epoch 340] loss=0.1384 miou=0.7122 f1=0.8166 time=69.8s
[Epoch 341] loss=0.1373 miou=0.7255 f1=0.8252 time=69.8s
[Epoch 342] loss=0.1406 miou=0.7262 f1=0.8249 time=69.8s
[Epoch 343] loss=0.1382 miou=0.7215 f1=0.8235 time=69.7s
[Epoch 344] loss=0.1546 miou=0.7008 f1=0.8066 time=69.7s
[Epoch 345] loss=0.1362 miou=0.6991 f1=0.8049 time=69.8s
[Epoch 346] loss=0.1369 miou=0.7104 f1=0.8156 time=69.7s
[Epoch 347] loss=0.1358 miou=0.7157 f1=0.8198 time=69.8s
[Epoch 348] loss=0.1353 miou=0.7317 f1=0.8302 time=69.8s
[Epoch 349] loss=0.1295 miou=0.7344 f1=0.8323 time=70.0s
[Epoch 350] loss=0.1402 miou=0.7199 f1=0.8225 time=70.0s
[Epoch 351] loss=0.1372 miou=0.7351 f1=0.8324 time=70.2s
[Epoch 352] loss=0.1297 miou=0.7340 f1=0.8315 time=70.4s
[Epoch 353] loss=0.1259 miou=0.7194 f1=0.8217 time=70.4s
[Epoch 354] loss=0.1246 miou=0.7331 f1=0.8312 time=69.9s
[Epoch 355] loss=0.1226 miou=0.7235 f1=0.8228 time=70.1s
[Epoch 356] loss=0.1301 miou=0.7371 f1=0.8347 time=70.2s
[Epoch 357] loss=0.1233 miou=0.7337 f1=0.8322 time=70.4s
[Epoch 358] loss=0.1265 miou=0.7226 f1=0.8247 time=70.0s
[Epoch 359] loss=0.1306 miou=0.7277 f1=0.8268 time=70.1s
[Epoch 360] loss=0.1253 miou=0.7206 f1=0.8190 time=69.7s
[Epoch 361] loss=0.1238 miou=0.7398 f1=0.8366 time=69.9s
[Epoch 362] loss=0.1162 miou=0.7410 f1=0.8370 time=69.8s
[Epoch 363] loss=0.1216 miou=0.7428 f1=0.8383 time=69.9s
[Epoch 364] loss=0.1292 miou=0.7394 f1=0.8368 time=70.4s
[Epoch 365] loss=0.1207 miou=0.7327 f1=0.8312 time=70.3s
[Epoch 366] loss=0.1284 miou=0.7364 f1=0.8335 time=70.3s
[Epoch 367] loss=0.1282 miou=0.7356 f1=0.8341 time=69.9s
[Epoch 368] loss=0.1322 miou=0.7299 f1=0.8295 time=70.4s
[Epoch 369] loss=0.1199 miou=0.7347 f1=0.8334 time=70.1s
[Epoch 370] loss=0.1265 miou=0.7296 f1=0.8286 time=69.8s
[Epoch 371] loss=0.1196 miou=0.7251 f1=0.8246 time=69.8s
[Epoch 372] loss=0.1179 miou=0.7374 f1=0.8338 time=70.0s
[Epoch 373] loss=0.1211 miou=0.7295 f1=0.8293 time=70.0s
[Epoch 374] loss=0.1160 miou=0.7419 f1=0.8374 time=70.0s
[Epoch 375] loss=0.1116 miou=0.7365 f1=0.8337 time=69.9s
[Epoch 376] loss=0.1144 miou=0.7375 f1=0.8324 time=69.9s
[Epoch 377] loss=0.1073 miou=0.7579 f1=0.8492 time=70.1s
[Epoch 378] loss=0.1099 miou=0.7495 f1=0.8422 time=70.0s
[Epoch 379] loss=0.1147 miou=0.7398 f1=0.8359 time=70.1s
[Epoch 380] loss=0.1171 miou=0.7323 f1=0.8319 time=70.2s
[Epoch 381] loss=0.1141 miou=0.7504 f1=0.8425 time=70.1s
[Epoch 382] loss=0.1103 miou=0.7417 f1=0.8374 time=70.2s
[Epoch 383] loss=0.1065 miou=0.7466 f1=0.8427 time=70.3s
[Epoch 384] loss=0.1115 miou=0.7589 f1=0.8501 time=70.1s
[Epoch 385] loss=0.1063 miou=0.7448 f1=0.8373 time=70.2s
[Epoch 386] loss=0.1088 miou=0.7445 f1=0.8387 time=70.1s
[Epoch 387] loss=0.1039 miou=0.7574 f1=0.8481 time=69.6s
[Epoch 388] loss=0.1058 miou=0.7618 f1=0.8523 time=69.6s
[Epoch 389] loss=0.1022 miou=0.7590 f1=0.8488 time=69.8s
[Epoch 390] loss=0.1027 miou=0.7494 f1=0.8431 time=69.7s
[Epoch 391] loss=0.1078 miou=0.7581 f1=0.8494 time=69.8s
[Epoch 392] loss=0.1287 miou=0.7547 f1=0.8474 time=69.6s
[Epoch 393] loss=0.1025 miou=0.7620 f1=0.8534 time=69.8s
[Epoch 394] loss=0.1021 miou=0.7502 f1=0.8435 time=70.1s
[Epoch 395] loss=0.1042 miou=0.7645 f1=0.8553 time=69.8s
[Epoch 396] loss=0.1010 miou=0.7618 f1=0.8518 time=70.2s
[Epoch 397] loss=0.0960 miou=0.7582 f1=0.8498 time=69.8s
[Epoch 398] loss=0.1013 miou=0.7713 f1=0.8591 time=70.1s
[Epoch 399] loss=0.1025 miou=0.7531 f1=0.8455 time=70.8s
[Epoch 400] loss=0.1010 miou=0.7538 f1=0.8462 time=70.5s
[Epoch 401] loss=0.0965 miou=0.7521 f1=0.8446 time=69.8s
[Epoch 402] loss=0.0985 miou=0.7673 f1=0.8559 time=70.4s
[Epoch 403] loss=0.0977 miou=0.7537 f1=0.8469 time=69.9s
[Epoch 404] loss=0.0950 miou=0.7746 f1=0.8607 time=70.0s
[Epoch 405] loss=0.0889 miou=0.7829 f1=0.8662 time=70.3s
[Epoch 406] loss=0.0933 miou=0.7492 f1=0.8420 time=69.9s
[Epoch 407] loss=0.0972 miou=0.7429 f1=0.8384 time=70.4s
[Epoch 408] loss=0.1089 miou=0.7454 f1=0.8405 time=69.8s
[Epoch 409] loss=0.0972 miou=0.7532 f1=0.8454 time=70.5s
[Epoch 410] loss=0.0950 miou=0.7619 f1=0.8523 time=70.4s
[Epoch 411] loss=0.0943 miou=0.7600 f1=0.8512 time=70.2s
[Epoch 412] loss=0.0889 miou=0.7492 f1=0.8442 time=70.0s
[Epoch 413] loss=0.0913 miou=0.7765 f1=0.8631 time=70.2s
[Epoch 414] loss=0.0884 miou=0.7546 f1=0.8470 time=70.8s
[Epoch 415] loss=0.0932 miou=0.7642 f1=0.8543 time=70.0s
[Epoch 416] loss=0.0841 miou=0.7817 f1=0.8657 time=69.8s
[Epoch 417] loss=0.0843 miou=0.7720 f1=0.8577 time=69.8s
[Epoch 418] loss=0.0874 miou=0.7480 f1=0.8411 time=69.8s
[Epoch 419] loss=0.0854 miou=0.7724 f1=0.8588 time=69.8s
[Epoch 420] loss=0.0815 miou=0.7731 f1=0.8595 time=70.3s
[Epoch 421] loss=0.0823 miou=0.7806 f1=0.8644 time=70.8s
[Epoch 422] loss=0.0798 miou=0.7762 f1=0.8605 time=69.9s
[Epoch 423] loss=0.0817 miou=0.7881 f1=0.8706 time=69.9s
[Epoch 424] loss=0.0787 miou=0.7645 f1=0.8529 time=69.9s
[Epoch 425] loss=0.0888 miou=0.7825 f1=0.8659 time=69.9s
[Epoch 426] loss=0.0809 miou=0.7860 f1=0.8695 time=69.8s
[Epoch 427] loss=0.0847 miou=0.7839 f1=0.8670 time=69.9s
[Epoch 428] loss=0.0746 miou=0.7894 f1=0.8709 time=69.9s
[Epoch 429] loss=0.0778 miou=0.7874 f1=0.8679 time=71.1s
[Epoch 430] loss=0.0792 miou=0.7832 f1=0.8658 time=69.9s
[Epoch 431] loss=0.0888 miou=0.7756 f1=0.8626 time=69.8s
[Epoch 432] loss=0.0782 miou=0.7912 f1=0.8728 time=69.5s
[Epoch 433] loss=0.0737 miou=0.7898 f1=0.8710 time=69.8s
[Epoch 434] loss=0.0757 miou=0.7738 f1=0.8602 time=69.5s
[Epoch 435] loss=0.0713 miou=0.7935 f1=0.8745 time=69.7s
[Epoch 436] loss=0.0705 miou=0.7829 f1=0.8654 time=69.9s
[Epoch 437] loss=0.0778 miou=0.7879 f1=0.8689 time=69.8s
[Epoch 438] loss=0.0722 miou=0.7848 f1=0.8672 time=69.8s
[Epoch 439] loss=0.0716 miou=0.7922 f1=0.8724 time=69.9s
[Epoch 440] loss=0.0746 miou=0.7961 f1=0.8757 time=69.8s
[Epoch 441] loss=0.0747 miou=0.7947 f1=0.8747 time=69.9s
[Epoch 442] loss=0.0733 miou=0.7868 f1=0.8681 time=69.9s
[Epoch 443] loss=0.0729 miou=0.7899 f1=0.8700 time=69.9s
[Epoch 444] loss=0.0679 miou=0.7876 f1=0.8693 time=69.8s
[Epoch 445] loss=0.0696 miou=0.7911 f1=0.8711 time=69.7s
[Epoch 446] loss=0.0642 miou=0.7982 f1=0.8768 time=69.6s
[Epoch 447] loss=0.0705 miou=0.7905 f1=0.8714 time=69.7s
[Epoch 448] loss=0.0702 miou=0.7923 f1=0.8722 time=69.8s
[Epoch 449] loss=0.0717 miou=0.7910 f1=0.8716 time=69.6s
[Epoch 450] loss=0.0685 miou=0.8004 f1=0.8772 time=69.7s
[Epoch 451] loss=0.0672 miou=0.7845 f1=0.8670 time=69.8s
[Epoch 452] loss=0.0674 miou=0.7920 f1=0.8727 time=69.7s
[Epoch 453] loss=0.0668 miou=0.7811 f1=0.8630 time=69.8s
[Epoch 454] loss=0.0699 miou=0.7853 f1=0.8671 time=69.7s
[Epoch 455] loss=0.0660 miou=0.7918 f1=0.8727 time=69.8s
[Epoch 456] loss=0.0659 miou=0.7951 f1=0.8739 time=69.9s
[Epoch 457] loss=0.0650 miou=0.7963 f1=0.8736 time=69.9s
[Epoch 458] loss=0.0623 miou=0.8054 f1=0.8808 time=69.9s
[Epoch 459] loss=0.0603 miou=0.8099 f1=0.8856 time=69.9s
[Epoch 460] loss=0.0582 miou=0.8050 f1=0.8810 time=69.8s
[Epoch 461] loss=0.0650 miou=0.8049 f1=0.8807 time=69.8s
[Epoch 462] loss=0.0624 miou=0.7853 f1=0.8664 time=69.9s
[Epoch 463] loss=0.0649 miou=0.7927 f1=0.8710 time=69.9s
[Epoch 464] loss=0.0625 miou=0.7960 f1=0.8748 time=69.9s
[Epoch 465] loss=0.0659 miou=0.7983 f1=0.8760 time=69.9s
[Epoch 466] loss=0.0682 miou=0.7870 f1=0.8679 time=69.9s
[Epoch 467] loss=0.0647 miou=0.7941 f1=0.8722 time=69.8s
[Epoch 468] loss=0.0611 miou=0.8089 f1=0.8831 time=69.8s
[Epoch 469] loss=0.0641 miou=0.7960 f1=0.8747 time=69.9s
[Epoch 470] loss=0.0598 miou=0.8088 f1=0.8834 time=69.7s
[Epoch 471] loss=0.0586 miou=0.7988 f1=0.8765 time=69.9s
[Epoch 472] loss=0.0590 miou=0.7958 f1=0.8733 time=69.9s
[Epoch 473] loss=0.0569 miou=0.8068 f1=0.8823 time=69.8s
[Epoch 474] loss=0.0609 miou=0.8102 f1=0.8839 time=69.7s
[Epoch 475] loss=0.0583 miou=0.8056 f1=0.8802 time=69.8s
[Epoch 476] loss=0.0553 miou=0.8139 f1=0.8860 time=69.7s
[Epoch 477] loss=0.0553 miou=0.8117 f1=0.8853 time=69.7s
[Epoch 478] loss=0.0570 miou=0.8045 f1=0.8813 time=69.8s
[Epoch 479] loss=0.0586 miou=0.8114 f1=0.8853 time=69.8s
[Epoch 480] loss=0.0606 miou=0.7929 f1=0.8717 time=69.8s
[Epoch 481] loss=0.0572 miou=0.8044 f1=0.8799 time=69.8s
[Epoch 482] loss=0.0558 miou=0.7990 f1=0.8762 time=69.9s
[Epoch 483] loss=0.0547 miou=0.7908 f1=0.8707 time=69.9s
[Epoch 484] loss=0.0592 miou=0.8007 f1=0.8776 time=69.9s
[Epoch 485] loss=0.0570 miou=0.8069 f1=0.8823 time=70.0s
[Epoch 486] loss=0.0564 miou=0.8038 f1=0.8786 time=69.9s
[Epoch 487] loss=0.0607 miou=0.8019 f1=0.8782 time=70.0s
[Epoch 488] loss=0.0571 miou=0.8087 f1=0.8834 time=69.9s
[Epoch 489] loss=0.0573 miou=0.8112 f1=0.8858 time=69.9s
[Epoch 490] loss=0.0514 miou=0.8132 f1=0.8856 time=69.9s
[Epoch 491] loss=0.0537 miou=0.8050 f1=0.8805 time=69.9s
[Epoch 492] loss=0.0529 miou=0.8188 f1=0.8900 time=69.9s
[Epoch 493] loss=0.0525 miou=0.8174 f1=0.8901 time=70.0s
[Epoch 494] loss=0.0507 miou=0.8097 f1=0.8833 time=69.9s
[Epoch 495] loss=0.0567 miou=0.8200 f1=0.8909 time=69.9s
[Epoch 496] loss=0.0490 miou=0.8017 f1=0.8765 time=69.9s
[Epoch 497] loss=0.0555 miou=0.8061 f1=0.8813 time=69.9s
[Epoch 498] loss=0.0519 miou=0.8134 f1=0.8855 time=69.5s
[Epoch 499] loss=0.0547 miou=0.8092 f1=0.8828 time=69.9s
[Epoch 500] loss=0.0524 miou=0.8053 f1=0.8803 time=69.8s
[Epoch 501] loss=0.0536 miou=0.8033 f1=0.8787 time=69.9s
[Epoch 502] loss=0.0539 miou=0.7816 f1=0.8657 time=70.2s
[Epoch 503] loss=0.0505 miou=0.8168 f1=0.8887 time=69.9s
[Epoch 504] loss=0.0526 miou=0.8108 f1=0.8852 time=70.0s
[Epoch 505] loss=0.0505 miou=0.8110 f1=0.8845 time=69.9s
[Epoch 506] loss=0.0477 miou=0.8201 f1=0.8912 time=69.7s
[Epoch 507] loss=0.0504 miou=0.8005 f1=0.8780 time=69.8s
[Epoch 508] loss=0.0499 miou=0.8173 f1=0.8889 time=69.9s
[Epoch 509] loss=0.0542 miou=0.8124 f1=0.8852 time=69.9s
[Epoch 510] loss=0.0508 miou=0.8008 f1=0.8786 time=69.8s
[Epoch 511] loss=0.0494 miou=0.8196 f1=0.8908 time=69.8s
[Epoch 512] loss=0.0476 miou=0.8200 f1=0.8909 time=69.8s
[Epoch 513] loss=0.0473 miou=0.8110 f1=0.8842 time=69.7s
[Epoch 514] loss=0.0488 miou=0.8178 f1=0.8903 time=69.8s
[Epoch 515] loss=0.0474 miou=0.8215 f1=0.8925 time=69.8s
[Epoch 516] loss=0.0440 miou=0.8216 f1=0.8912 time=69.9s
[Epoch 517] loss=0.0482 miou=0.8192 f1=0.8901 time=69.8s
[Epoch 518] loss=0.0474 miou=0.8170 f1=0.8896 time=69.8s
[Epoch 519] loss=0.0454 miou=0.8171 f1=0.8888 time=69.8s
[Epoch 520] loss=0.0471 miou=0.8344 f1=0.9003 time=69.8s
[Epoch 521] loss=0.0417 miou=0.8168 f1=0.8880 time=69.9s
[Epoch 522] loss=0.0504 miou=0.8140 f1=0.8867 time=69.8s
[Epoch 523] loss=0.0483 miou=0.8136 f1=0.8864 time=69.8s
[Epoch 524] loss=0.0475 miou=0.8196 f1=0.8909 time=69.8s
[Epoch 525] loss=0.0456 miou=0.8112 f1=0.8846 time=69.9s
[Epoch 526] loss=0.0455 miou=0.8226 f1=0.8930 time=69.8s
[Epoch 527] loss=0.0520 miou=0.8193 f1=0.8905 time=69.9s
[Epoch 528] loss=0.0457 miou=0.8319 f1=0.8990 time=69.8s
[Epoch 529] loss=0.0478 miou=0.8308 f1=0.8981 time=69.8s
[Epoch 530] loss=0.0433 miou=0.8206 f1=0.8909 time=69.9s
[Epoch 531] loss=0.0471 miou=0.8258 f1=0.8948 time=69.8s
[Epoch 532] loss=0.0443 miou=0.8312 f1=0.8982 time=69.8s
[Epoch 533] loss=0.0499 miou=0.8188 f1=0.8907 time=69.8s
[Epoch 534] loss=0.0463 miou=0.8284 f1=0.8968 time=69.9s
[Epoch 535] loss=0.0474 miou=0.8192 f1=0.8907 time=69.8s
[Epoch 536] loss=0.0480 miou=0.8303 f1=0.8970 time=69.8s
[Epoch 537] loss=0.0441 miou=0.8323 f1=0.8991 time=69.8s
[Epoch 538] loss=0.0415 miou=0.8296 f1=0.8963 time=69.8s
[Epoch 539] loss=0.0381 miou=0.8276 f1=0.8955 time=69.8s
[Epoch 540] loss=0.0429 miou=0.8233 f1=0.8924 time=69.9s
[Epoch 541] loss=0.0440 miou=0.8203 f1=0.8898 time=69.9s
[Epoch 542] loss=0.0407 miou=0.8171 f1=0.8881 time=69.8s
[Epoch 543] loss=0.0399 miou=0.8291 f1=0.8973 time=69.8s
[Epoch 544] loss=0.0397 miou=0.8301 f1=0.8981 time=69.9s
[Epoch 545] loss=0.0439 miou=0.8213 f1=0.8913 time=69.8s
[Epoch 546] loss=0.0435 miou=0.8274 f1=0.8955 time=69.9s
[Epoch 547] loss=0.0416 miou=0.8236 f1=0.8925 time=69.8s
[Epoch 548] loss=0.0494 miou=0.8146 f1=0.8880 time=69.9s
[Epoch 549] loss=0.0530 miou=0.8205 f1=0.8915 time=69.8s
[Epoch 550] loss=0.0521 miou=0.8123 f1=0.8862 time=69.8s
[Epoch 551] loss=0.0432 miou=0.8287 f1=0.8969 time=69.9s
[Epoch 552] loss=0.0374 miou=0.8365 f1=0.9024 time=69.9s
[Epoch 553] loss=0.0394 miou=0.8079 f1=0.8819 time=69.9s
[Epoch 554] loss=0.0395 miou=0.8323 f1=0.8988 time=69.8s
[Epoch 555] loss=0.0388 miou=0.7885 f1=0.8663 time=69.9s
[Epoch 556] loss=0.0399 miou=0.8156 f1=0.8856 time=69.9s
[Epoch 557] loss=0.0380 miou=0.8307 f1=0.8981 time=69.7s
[Epoch 558] loss=0.0379 miou=0.8221 f1=0.8922 time=69.9s
[Epoch 559] loss=0.0396 miou=0.8330 f1=0.8996 time=69.9s
[Epoch 560] loss=0.0396 miou=0.8305 f1=0.8979 time=69.8s
[Epoch 561] loss=0.0401 miou=0.8305 f1=0.8977 time=69.8s
[Epoch 562] loss=0.0412 miou=0.8326 f1=0.8984 time=69.8s
[Epoch 563] loss=0.0411 miou=0.8410 f1=0.9049 time=69.9s
[Epoch 564] loss=0.0380 miou=0.8296 f1=0.8974 time=69.8s
[Epoch 565] loss=0.0373 miou=0.8248 f1=0.8938 time=69.8s
[Epoch 566] loss=0.0383 miou=0.8273 f1=0.8961 time=69.9s
[Epoch 567] loss=0.0417 miou=0.8225 f1=0.8925 time=69.9s
[Epoch 568] loss=0.0395 miou=0.8287 f1=0.8971 time=69.8s
[Epoch 569] loss=0.0402 miou=0.8330 f1=0.9002 time=70.0s
[Epoch 570] loss=0.0412 miou=0.8347 f1=0.9014 time=69.8s
[Epoch 571] loss=0.0353 miou=0.8288 f1=0.8969 time=69.8s
[Epoch 572] loss=0.0370 miou=0.8374 f1=0.9029 time=69.9s
[Epoch 573] loss=0.0398 miou=0.8370 f1=0.9016 time=69.8s
[Epoch 574] loss=0.0391 miou=0.8404 f1=0.9046 time=69.9s
[Epoch 575] loss=0.0349 miou=0.8288 f1=0.8974 time=69.8s
[Epoch 576] loss=0.0417 miou=0.8276 f1=0.8963 time=69.9s
[Epoch 577] loss=0.0365 miou=0.8321 f1=0.8987 time=69.8s
[Epoch 578] loss=0.0356 miou=0.8393 f1=0.9038 time=69.9s
[Epoch 579] loss=0.0394 miou=0.8293 f1=0.8975 time=70.3s
[Epoch 580] loss=0.0390 miou=0.8332 f1=0.8995 time=69.8s
[Epoch 581] loss=0.0321 miou=0.8318 f1=0.8988 time=69.7s
[Epoch 582] loss=0.0335 miou=0.8343 f1=0.9004 time=69.8s
[Epoch 583] loss=0.0359 miou=0.8281 f1=0.8966 time=69.6s
[Epoch 584] loss=0.0324 miou=0.8344 f1=0.9002 time=69.8s
[Epoch 585] loss=0.0394 miou=0.8191 f1=0.8889 time=69.7s
[Epoch 586] loss=0.0355 miou=0.8320 f1=0.8989 time=69.7s
[Epoch 587] loss=0.0350 miou=0.8331 f1=0.8994 time=69.7s
[Epoch 588] loss=0.0336 miou=0.8322 f1=0.8985 time=69.9s
[Epoch 589] loss=0.0368 miou=0.8283 f1=0.8953 time=69.8s
[Epoch 590] loss=0.0366 miou=0.8373 f1=0.9027 time=70.0s
[Epoch 591] loss=0.0359 miou=0.8313 f1=0.8978 time=69.9s
[Epoch 592] loss=0.0359 miou=0.8328 f1=0.8996 time=69.8s
[Epoch 593] loss=0.0325 miou=0.8410 f1=0.9049 time=69.9s
[Epoch 594] loss=0.0339 miou=0.8335 f1=0.8999 time=70.1s
[Epoch 595] loss=0.0322 miou=0.8275 f1=0.8965 time=69.8s
[Epoch 596] loss=0.0362 miou=0.8318 f1=0.8994 time=69.8s
[Epoch 597] loss=0.0353 miou=0.8422 f1=0.9059 time=69.7s
[Epoch 598] loss=0.0320 miou=0.8393 f1=0.9038 time=69.6s
[Epoch 599] loss=0.0328 miou=0.8468 f1=0.9088 time=70.1s
[Epoch 600] loss=0.0345 miou=0.8158 f1=0.8867 time=70.2s
[Epoch 601] loss=0.0393 miou=0.8380 f1=0.9038 time=70.5s
[Epoch 602] loss=0.0324 miou=0.8421 f1=0.9064 time=69.9s
[Epoch 603] loss=0.0320 miou=0.8452 f1=0.9077 time=69.9s
[Epoch 604] loss=0.0309 miou=0.8363 f1=0.9026 time=70.8s
[Epoch 605] loss=0.0366 miou=0.8153 f1=0.8860 time=69.9s
[Epoch 606] loss=0.0372 miou=0.8356 f1=0.9018 time=69.5s
[Epoch 607] loss=0.0385 miou=0.8335 f1=0.8996 time=69.8s
[Epoch 608] loss=0.0383 miou=0.8336 f1=0.9007 time=69.5s
[Epoch 609] loss=0.0360 miou=0.8363 f1=0.9017 time=69.8s
[Epoch 610] loss=0.0376 miou=0.8435 f1=0.9071 time=69.5s
[Epoch 611] loss=0.0368 miou=0.8314 f1=0.8992 time=69.5s
[Epoch 612] loss=0.0323 miou=0.8400 f1=0.9041 time=69.7s
[Epoch 613] loss=0.0314 miou=0.8479 f1=0.9087 time=69.8s
[Epoch 614] loss=0.0356 miou=0.8472 f1=0.9098 time=69.8s
[Epoch 615] loss=0.0356 miou=0.8327 f1=0.8986 time=69.8s
[Epoch 616] loss=0.0324 miou=0.8482 f1=0.9099 time=69.8s
[Epoch 617] loss=0.0311 miou=0.8404 f1=0.9051 time=69.9s
[Epoch 618] loss=0.0289 miou=0.8442 f1=0.9067 time=69.9s
[Epoch 619] loss=0.0340 miou=0.8300 f1=0.8972 time=69.8s
[Epoch 620] loss=0.0462 miou=0.8388 f1=0.9030 time=69.8s
[Epoch 621] loss=0.0322 miou=0.8436 f1=0.9064 time=69.8s
[Epoch 622] loss=0.0359 miou=0.8323 f1=0.8994 time=69.9s
[Epoch 623] loss=0.0314 miou=0.8507 f1=0.9116 time=70.3s
[Epoch 624] loss=0.0284 miou=0.8447 f1=0.9074 time=70.5s
[Epoch 625] loss=0.0275 miou=0.8491 f1=0.9100 time=69.6s
[Epoch 626] loss=0.0274 miou=0.8410 f1=0.9047 time=70.9s
[Epoch 627] loss=0.0292 miou=0.8510 f1=0.9118 time=70.4s
[Epoch 628] loss=0.0311 miou=0.8547 f1=0.9146 time=70.4s
[Epoch 629] loss=0.0300 miou=0.8519 f1=0.9127 time=70.0s
[Epoch 630] loss=0.0285 miou=0.8445 f1=0.9069 time=70.0s
[Epoch 631] loss=0.0310 miou=0.8292 f1=0.8959 time=69.8s
[Epoch 632] loss=0.0305 miou=0.8419 f1=0.9051 time=70.4s
[Epoch 633] loss=0.0276 miou=0.8454 f1=0.9075 time=69.7s
[Epoch 634] loss=0.0267 miou=0.8484 f1=0.9104 time=70.4s
[Epoch 635] loss=0.0314 miou=0.8461 f1=0.9085 time=70.3s
[Epoch 636] loss=0.0286 miou=0.8468 f1=0.9082 time=69.8s
[Epoch 637] loss=0.0288 miou=0.8482 f1=0.9091 time=70.2s
[Epoch 638] loss=0.0296 miou=0.8450 f1=0.9068 time=70.4s
[Epoch 639] loss=0.0285 miou=0.8460 f1=0.9079 time=70.8s
[Epoch 640] loss=0.0270 miou=0.8467 f1=0.9083 time=70.8s
[Epoch 641] loss=0.0302 miou=0.8476 f1=0.9091 time=70.4s
[Epoch 642] loss=0.0302 miou=0.8503 f1=0.9106 time=69.8s
[Epoch 643] loss=0.0345 miou=0.8336 f1=0.8993 time=70.3s
[Epoch 644] loss=0.0359 miou=0.8198 f1=0.8886 time=70.8s
[Epoch 645] loss=0.0344 miou=0.8445 f1=0.9073 time=69.7s
[Epoch 646] loss=0.0304 miou=0.8443 f1=0.9066 time=70.2s
[Epoch 647] loss=0.0346 miou=0.8420 f1=0.9053 time=70.5s
[Epoch 648] loss=0.0286 miou=0.8419 f1=0.9043 time=69.8s
[Epoch 649] loss=0.0258 miou=0.8253 f1=0.8933 time=69.8s
[Epoch 650] loss=0.0251 miou=0.8510 f1=0.9113 time=69.7s
[Epoch 651] loss=0.0257 miou=0.8520 f1=0.9124 time=69.8s
[Epoch 652] loss=0.0262 miou=0.8408 f1=0.9038 time=69.8s
[Epoch 653] loss=0.0294 miou=0.8479 f1=0.9087 time=69.8s
[Epoch 654] loss=0.0261 miou=0.8393 f1=0.9033 time=69.8s
[Epoch 655] loss=0.0258 miou=0.8448 f1=0.9061 time=69.9s
[Epoch 656] loss=0.0235 miou=0.8476 f1=0.9087 time=69.8s
[Epoch 657] loss=0.0227 miou=0.8555 f1=0.9145 time=70.2s
[Epoch 658] loss=0.0286 miou=0.8344 f1=0.8994 time=69.8s
[Epoch 659] loss=0.0265 miou=0.8439 f1=0.9064 time=70.6s
[Epoch 660] loss=0.0286 miou=0.8432 f1=0.9062 time=69.9s
[Epoch 661] loss=0.0278 miou=0.8447 f1=0.9064 time=70.5s
[Epoch 662] loss=0.0262 miou=0.8510 f1=0.9109 time=69.8s
[Epoch 663] loss=0.0261 miou=0.8386 f1=0.9027 time=70.2s
[Epoch 664] loss=0.0259 miou=0.8416 f1=0.9038 time=70.5s
[Epoch 665] loss=0.0265 miou=0.8338 f1=0.8991 time=70.9s
[Epoch 666] loss=0.0281 miou=0.8444 f1=0.9067 time=70.8s
[Epoch 667] loss=0.0290 miou=0.8521 f1=0.9117 time=70.5s
[Epoch 668] loss=0.0281 miou=0.8374 f1=0.9007 time=69.7s
[Epoch 669] loss=0.0296 miou=0.8509 f1=0.9106 time=69.4s
[Epoch 670] loss=0.0247 miou=0.8558 f1=0.9137 time=69.8s
[Epoch 671] loss=0.0260 miou=0.8584 f1=0.9157 time=71.0s
[Epoch 672] loss=0.0274 miou=0.8524 f1=0.9112 time=70.5s
[Epoch 673] loss=0.0238 miou=0.8611 f1=0.9176 time=70.4s
[Epoch 674] loss=0.0253 miou=0.8528 f1=0.9125 time=70.3s
[Epoch 675] loss=0.0266 miou=0.8569 f1=0.9154 time=70.9s
[Epoch 676] loss=0.0325 miou=0.8564 f1=0.9150 time=70.9s
[Epoch 677] loss=0.0282 miou=0.8344 f1=0.8994 time=70.5s
[Epoch 678] loss=0.0336 miou=0.8524 f1=0.9130 time=69.9s
[Epoch 679] loss=0.0260 miou=0.8572 f1=0.9161 time=70.9s
[Epoch 680] loss=0.0261 miou=0.8534 f1=0.9135 time=69.9s
[Epoch 681] loss=0.0256 miou=0.8537 f1=0.9128 time=69.9s
[Epoch 682] loss=0.0226 miou=0.8600 f1=0.9173 time=69.9s
[Epoch 683] loss=0.0236 miou=0.8515 f1=0.9112 time=69.8s
[Epoch 684] loss=0.0239 miou=0.8442 f1=0.9064 time=69.6s
[Epoch 685] loss=0.0256 miou=0.8431 f1=0.9059 time=69.8s
[Epoch 686] loss=0.0239 miou=0.8590 f1=0.9167 time=69.8s
[Epoch 687] loss=0.0245 miou=0.8488 f1=0.9097 time=69.9s
[Epoch 688] loss=0.0253 miou=0.8516 f1=0.9114 time=69.8s
[Epoch 689] loss=0.0249 miou=0.8445 f1=0.9071 time=69.8s
[Epoch 690] loss=0.0260 miou=0.8482 f1=0.9098 time=69.8s
[Epoch 691] loss=0.0227 miou=0.8382 f1=0.9016 time=69.7s
[Epoch 692] loss=0.0244 miou=0.8404 f1=0.9029 time=69.9s
[Epoch 693] loss=0.0347 miou=0.8478 f1=0.9096 time=69.8s
[Epoch 694] loss=0.0257 miou=0.8527 f1=0.9130 time=69.9s
[Epoch 695] loss=0.0289 miou=0.8238 f1=0.8925 time=69.9s
[Epoch 696] loss=0.0312 miou=0.8441 f1=0.9061 time=69.8s
[Epoch 697] loss=0.0299 miou=0.8517 f1=0.9115 time=69.9s
[Epoch 698] loss=0.0289 miou=0.8415 f1=0.9040 time=69.8s
[Epoch 699] loss=0.0243 miou=0.8392 f1=0.9017 time=69.8s
[Epoch 700] loss=0.0238 miou=0.8559 f1=0.9143 time=69.8s
[Epoch 701] loss=0.0219 miou=0.8576 f1=0.9154 time=69.8s
[Epoch 702] loss=0.0230 miou=0.8467 f1=0.9088 time=69.9s
[Epoch 703] loss=0.0267 miou=0.8596 f1=0.9175 time=69.8s
[Epoch 704] loss=0.0237 miou=0.8582 f1=0.9157 time=69.8s
[Epoch 705] loss=0.0223 miou=0.8583 f1=0.9159 time=69.8s
[Epoch 706] loss=0.0211 miou=0.8585 f1=0.9168 time=69.8s
[Epoch 707] loss=0.0228 miou=0.8581 f1=0.9155 time=69.8s
[Epoch 708] loss=0.0206 miou=0.8555 f1=0.9133 time=69.8s
[Epoch 709] loss=0.0212 miou=0.8619 f1=0.9184 time=69.8s
[Epoch 710] loss=0.0251 miou=0.8443 f1=0.9072 time=69.9s
[Epoch 711] loss=0.0239 miou=0.8512 f1=0.9107 time=69.9s
[Epoch 712] loss=0.0240 miou=0.8451 f1=0.9069 time=69.9s
[Epoch 713] loss=0.0217 miou=0.8591 f1=0.9169 time=69.9s
[Epoch 714] loss=0.0248 miou=0.8516 f1=0.9124 time=69.9s
[Epoch 715] loss=0.0229 miou=0.8593 f1=0.9173 time=69.9s
[Epoch 716] loss=0.0206 miou=0.8575 f1=0.9147 time=69.9s
[Epoch 717] loss=0.0236 miou=0.8571 f1=0.9159 time=69.9s
[Epoch 718] loss=0.0224 miou=0.8550 f1=0.9139 time=70.0s
[Epoch 719] loss=0.0251 miou=0.8417 f1=0.9050 time=69.9s
[Epoch 720] loss=0.0248 miou=0.8459 f1=0.9085 time=69.8s
[Epoch 721] loss=0.0249 miou=0.8475 f1=0.9088 time=69.8s
[Epoch 722] loss=0.0246 miou=0.8467 f1=0.9085 time=69.8s
[Epoch 723] loss=0.0217 miou=0.8534 f1=0.9131 time=69.7s
[Epoch 724] loss=0.0224 miou=0.8594 f1=0.9167 time=69.8s
[Epoch 725] loss=0.0195 miou=0.8577 f1=0.9150 time=69.8s
[Epoch 726] loss=0.0204 miou=0.8619 f1=0.9186 time=69.8s
[Epoch 727] loss=0.0210 miou=0.8557 f1=0.9142 time=69.8s
[Epoch 728] loss=0.0213 miou=0.8547 f1=0.9138 time=69.8s
[Epoch 729] loss=0.0199 miou=0.8513 f1=0.9109 time=69.9s
[Epoch 730] loss=0.0211 miou=0.8463 f1=0.9075 time=70.2s
[Epoch 731] loss=0.0241 miou=0.8534 f1=0.9126 time=70.1s
[Epoch 732] loss=0.0313 miou=0.8423 f1=0.9051 time=70.1s
[Epoch 733] loss=0.0276 miou=0.8534 f1=0.9122 time=70.1s
[Epoch 734] loss=0.0237 miou=0.8507 f1=0.9104 time=69.9s
[Epoch 735] loss=0.0216 miou=0.8600 f1=0.9168 time=69.8s
[Epoch 736] loss=0.0230 miou=0.8532 f1=0.9129 time=69.8s
[Epoch 737] loss=0.0214 miou=0.8619 f1=0.9184 time=69.7s
[Epoch 738] loss=0.0211 miou=0.8616 f1=0.9175 time=69.7s
[Epoch 739] loss=0.0197 miou=0.8562 f1=0.9138 time=69.8s
[Epoch 740] loss=0.0208 miou=0.8545 f1=0.9132 time=69.9s
[Epoch 741] loss=0.0200 miou=0.8416 f1=0.9039 time=69.9s
[Epoch 742] loss=0.0214 miou=0.8553 f1=0.9135 time=70.1s
[Epoch 743] loss=0.0197 miou=0.8553 f1=0.9140 time=70.0s
[Epoch 744] loss=0.0223 miou=0.8386 f1=0.9027 time=69.8s
[Epoch 745] loss=0.0258 miou=0.8505 f1=0.9104 time=69.8s
[Epoch 746] loss=0.0211 miou=0.8510 f1=0.9113 time=69.8s
[Epoch 747] loss=0.0250 miou=0.8456 f1=0.9069 time=69.8s
[Epoch 748] loss=0.0222 miou=0.8584 f1=0.9155 time=69.9s
[Epoch 749] loss=0.0226 miou=0.8560 f1=0.9139 time=69.8s
[Epoch 750] loss=0.0207 miou=0.8636 f1=0.9187 time=69.8s
[Epoch 751] loss=0.0177 miou=0.8620 f1=0.9172 time=69.8s
[Epoch 752] loss=0.0179 miou=0.8597 f1=0.9165 time=69.9s
[Epoch 753] loss=0.0252 miou=0.8605 f1=0.9176 time=69.8s
[Epoch 754] loss=0.0181 miou=0.8585 f1=0.9152 time=69.8s
[Epoch 755] loss=0.0202 miou=0.8470 f1=0.9084 time=69.8s
[Epoch 756] loss=0.0310 miou=0.8427 f1=0.9051 time=69.9s
[Epoch 757] loss=0.0271 miou=0.8441 f1=0.9059 time=69.8s
[Epoch 758] loss=0.0239 miou=0.8512 f1=0.9104 time=69.9s
[Epoch 759] loss=0.0183 miou=0.8569 f1=0.9142 time=69.8s
[Epoch 760] loss=0.0192 miou=0.8563 f1=0.9136 time=69.8s
[Epoch 761] loss=0.0183 miou=0.8565 f1=0.9142 time=70.7s
[Epoch 762] loss=0.0197 miou=0.8580 f1=0.9158 time=69.8s
[Epoch 763] loss=0.0211 miou=0.8574 f1=0.9151 time=69.8s
[Epoch 764] loss=0.0178 miou=0.8586 f1=0.9149 time=70.1s
[Epoch 765] loss=0.0221 miou=0.8280 f1=0.8952 time=69.9s
[Epoch 766] loss=0.0236 miou=0.8447 f1=0.9069 time=69.9s
[Epoch 767] loss=0.0233 miou=0.8407 f1=0.9043 time=69.9s
[Epoch 768] loss=0.0193 miou=0.8564 f1=0.9147 time=69.8s
[Epoch 769] loss=0.0188 miou=0.8562 f1=0.9141 time=69.8s
[Epoch 770] loss=0.0183 miou=0.8616 f1=0.9179 time=69.8s
[Epoch 771] loss=0.0202 miou=0.8379 f1=0.9015 time=69.8s
[Epoch 772] loss=0.0192 miou=0.8522 f1=0.9115 time=69.7s
[Epoch 773] loss=0.0190 miou=0.8556 f1=0.9142 time=69.8s
[Epoch 774] loss=0.0184 miou=0.8608 f1=0.9178 time=69.7s
[Epoch 775] loss=0.0197 miou=0.8549 f1=0.9135 time=69.8s
[Epoch 776] loss=0.0212 miou=0.8590 f1=0.9159 time=69.8s
[Epoch 777] loss=0.0200 miou=0.8599 f1=0.9168 time=69.8s
[Epoch 778] loss=0.0207 miou=0.8583 f1=0.9155 time=69.9s
[Epoch 779] loss=0.0183 miou=0.8603 f1=0.9171 time=69.9s
[Epoch 780] loss=0.0197 miou=0.8541 f1=0.9122 time=69.9s
[Epoch 781] loss=0.0175 miou=0.8564 f1=0.9145 time=69.7s
[Epoch 782] loss=0.0221 miou=0.8383 f1=0.9020 time=69.9s
[Epoch 783] loss=0.0268 miou=0.8328 f1=0.8992 time=69.9s
[Epoch 784] loss=0.0265 miou=0.8492 f1=0.9095 time=69.9s
[Epoch 785] loss=0.0281 miou=0.8493 f1=0.9100 time=70.0s
[Epoch 786] loss=0.0197 miou=0.8616 f1=0.9173 time=69.8s
[Epoch 787] loss=0.0245 miou=0.8495 f1=0.9093 time=69.8s
[Epoch 788] loss=0.0220 miou=0.8592 f1=0.9168 time=69.8s
[Epoch 789] loss=0.0202 miou=0.8525 f1=0.9118 time=69.8s
[Epoch 790] loss=0.0192 miou=0.8540 f1=0.9123 time=69.9s
[Epoch 791] loss=0.0179 miou=0.8627 f1=0.9187 time=69.9s
[Epoch 792] loss=0.0170 miou=0.8601 f1=0.9162 time=69.4s
[Epoch 793] loss=0.0176 miou=0.8643 f1=0.9199 time=69.5s
[Epoch 794] loss=0.0182 miou=0.8561 f1=0.9143 time=69.8s
[Epoch 795] loss=0.0187 miou=0.8473 f1=0.9074 time=69.8s
[Epoch 796] loss=0.0190 miou=0.8525 f1=0.9118 time=69.7s
[Epoch 797] loss=0.0180 miou=0.8678 f1=0.9225 time=69.7s
[Epoch 798] loss=0.0182 miou=0.8516 f1=0.9105 time=69.8s
[Epoch 799] loss=0.0174 miou=0.8601 f1=0.9173 time=69.8s
[Epoch 800] loss=0.0178 miou=0.8574 f1=0.9160 time=69.7s
[Epoch 801] loss=0.0189 miou=0.8567 f1=0.9145 time=69.6s
[Epoch 802] loss=0.0175 miou=0.8580 f1=0.9151 time=69.6s
[Epoch 803] loss=0.0186 miou=0.8520 f1=0.9114 time=69.6s
[Epoch 804] loss=0.0190 miou=0.8591 f1=0.9163 time=69.6s
[Epoch 805] loss=0.0210 miou=0.8452 f1=0.9081 time=69.5s
[Epoch 806] loss=0.0228 miou=0.8434 f1=0.9065 time=69.6s
[Epoch 807] loss=0.0193 miou=0.8573 f1=0.9157 time=69.6s
[Epoch 808] loss=0.0256 miou=0.8551 f1=0.9142 time=69.6s
[Epoch 809] loss=0.0197 miou=0.8599 f1=0.9165 time=69.5s
[Epoch 810] loss=0.0182 miou=0.8404 f1=0.9024 time=69.6s
[Epoch 811] loss=0.0193 miou=0.8601 f1=0.9168 time=69.6s
[Epoch 812] loss=0.0210 miou=0.8607 f1=0.9172 time=69.6s
[Epoch 813] loss=0.0169 miou=0.8565 f1=0.9140 time=69.7s
[Epoch 814] loss=0.0167 miou=0.8627 f1=0.9186 time=69.5s
[Epoch 815] loss=0.0160 miou=0.8657 f1=0.9206 time=69.6s
[Epoch 816] loss=0.0172 miou=0.8676 f1=0.9221 time=69.6s
[Epoch 817] loss=0.0182 miou=0.8495 f1=0.9094 time=69.6s
[Epoch 818] loss=0.0189 miou=0.8555 f1=0.9137 time=69.6s
[Epoch 819] loss=0.0171 miou=0.8581 f1=0.9153 time=69.5s
[Epoch 820] loss=0.0160 miou=0.8587 f1=0.9157 time=69.4s
[Epoch 821] loss=0.0190 miou=0.8610 f1=0.9180 time=69.6s
[Epoch 822] loss=0.0200 miou=0.8601 f1=0.9173 time=69.5s
[Epoch 823] loss=0.0162 miou=0.8510 f1=0.9109 time=69.6s
[Epoch 824] loss=0.0254 miou=0.8587 f1=0.9166 time=69.5s
[Epoch 825] loss=0.0199 miou=0.8446 f1=0.9062 time=69.5s
[Epoch 826] loss=0.0165 miou=0.8619 f1=0.9182 time=69.5s
[Epoch 827] loss=0.0174 miou=0.8586 f1=0.9160 time=69.6s
[Epoch 828] loss=0.0158 miou=0.8631 f1=0.9192 time=69.6s
[Epoch 829] loss=0.0167 miou=0.8597 f1=0.9170 time=69.6s
[Epoch 830] loss=0.0159 miou=0.8647 f1=0.9198 time=69.6s
[Epoch 831] loss=0.0152 miou=0.8661 f1=0.9211 time=69.6s
[Epoch 832] loss=0.0187 miou=0.8115 f1=0.8851 time=69.6s
[Epoch 833] loss=0.0263 miou=0.8441 f1=0.9055 time=69.6s
[Epoch 834] loss=0.0223 miou=0.8552 f1=0.9135 time=69.6s
[Epoch 835] loss=0.0198 miou=0.8602 f1=0.9166 time=69.6s
[Epoch 836] loss=0.0189 miou=0.8618 f1=0.9176 time=69.5s
[Epoch 837] loss=0.0161 miou=0.8551 f1=0.9128 time=69.4s
[Epoch 838] loss=0.0151 miou=0.8624 f1=0.9184 time=69.5s
[Epoch 839] loss=0.0211 miou=0.8464 f1=0.9076 time=69.5s
[Epoch 840] loss=0.0178 miou=0.8593 f1=0.9162 time=69.5s
[Epoch 841] loss=0.0158 miou=0.8524 f1=0.9115 time=69.5s
[Epoch 842] loss=0.0164 miou=0.8561 f1=0.9143 time=69.5s
[Epoch 843] loss=0.0178 miou=0.8596 f1=0.9168 time=69.5s
[Epoch 844] loss=0.0166 miou=0.8533 f1=0.9120 time=69.5s
[Epoch 845] loss=0.0221 miou=0.8550 f1=0.9134 time=69.6s
[Epoch 846] loss=0.0186 miou=0.8536 f1=0.9121 time=69.6s
[Epoch 847] loss=0.0171 miou=0.8643 f1=0.9186 time=69.8s
[Epoch 848] loss=0.0154 miou=0.8630 f1=0.9183 time=69.7s
[Epoch 849] loss=0.0171 miou=0.8526 f1=0.9112 time=69.7s
[Epoch 850] loss=0.0175 miou=0.8604 f1=0.9170 time=69.7s
[Epoch 851] loss=0.0146 miou=0.8622 f1=0.9177 time=69.7s
[Epoch 852] loss=0.0146 miou=0.8614 f1=0.9169 time=69.6s
[Epoch 853] loss=0.0160 miou=0.8587 f1=0.9159 time=69.6s
[Epoch 854] loss=0.0168 miou=0.8651 f1=0.9201 time=69.6s
[Epoch 855] loss=0.0151 miou=0.8646 f1=0.9193 time=69.7s
[Epoch 856] loss=0.0163 miou=0.8616 f1=0.9181 time=69.7s
[Epoch 857] loss=0.0159 miou=0.8611 f1=0.9175 time=69.6s
[Epoch 858] loss=0.0162 miou=0.8627 f1=0.9186 time=69.6s
[Epoch 859] loss=0.0173 miou=0.8536 f1=0.9123 time=69.6s
[Epoch 860] loss=0.0156 miou=0.8616 f1=0.9184 time=69.6s
[Epoch 861] loss=0.0138 miou=0.8608 f1=0.9172 time=69.7s
[Epoch 862] loss=0.0159 miou=0.8621 f1=0.9178 time=69.7s
[Epoch 863] loss=0.0142 miou=0.8671 f1=0.9206 time=69.7s
[Epoch 864] loss=0.0135 miou=0.8639 f1=0.9194 time=69.6s
[Epoch 865] loss=0.0148 miou=0.8646 f1=0.9199 time=69.6s
[Epoch 866] loss=0.0147 miou=0.8669 f1=0.9214 time=69.6s
[Epoch 867] loss=0.0150 miou=0.8477 f1=0.9083 time=69.7s
[Epoch 868] loss=0.0180 miou=0.8605 f1=0.9164 time=69.6s
[Epoch 869] loss=0.0162 miou=0.8678 f1=0.9221 time=69.6s
[Epoch 870] loss=0.0142 miou=0.8623 f1=0.9186 time=69.6s
[Epoch 871] loss=0.0146 miou=0.8316 f1=0.8961 time=69.5s
[Epoch 872] loss=0.0157 miou=0.8685 f1=0.9221 time=69.5s
[Epoch 873] loss=0.0171 miou=0.8608 f1=0.9165 time=69.6s
[Epoch 874] loss=0.0138 miou=0.8687 f1=0.9224 time=69.5s
[Epoch 875] loss=0.0148 miou=0.8646 f1=0.9194 time=69.6s
[Epoch 876] loss=0.0151 miou=0.8595 f1=0.9159 time=69.5s
[Epoch 877] loss=0.0146 miou=0.8602 f1=0.9167 time=69.4s
[Epoch 878] loss=0.0147 miou=0.8589 f1=0.9160 time=69.4s
[Epoch 879] loss=0.0158 miou=0.8627 f1=0.9186 time=69.5s
[Epoch 880] loss=0.0173 miou=0.8604 f1=0.9169 time=69.5s
[Epoch 881] loss=0.0141 miou=0.8629 f1=0.9179 time=69.5s
[Epoch 882] loss=0.0136 miou=0.8561 f1=0.9145 time=69.5s
[Epoch 883] loss=0.0160 miou=0.8561 f1=0.9135 time=69.5s
[Epoch 884] loss=0.0158 miou=0.8630 f1=0.9196 time=69.5s
[Epoch 885] loss=0.0199 miou=0.8577 f1=0.9155 time=69.6s
[Epoch 886] loss=0.0186 miou=0.8524 f1=0.9107 time=69.5s
[Epoch 887] loss=0.0159 miou=0.8559 f1=0.9135 time=69.5s
[Epoch 888] loss=0.0154 miou=0.8647 f1=0.9196 time=69.5s
[Epoch 889] loss=0.0155 miou=0.8638 f1=0.9190 time=69.5s
[Epoch 890] loss=0.0144 miou=0.8637 f1=0.9190 time=69.5s
[Epoch 891] loss=0.0125 miou=0.8639 f1=0.9189 time=69.4s
[Epoch 892] loss=0.0141 miou=0.8635 f1=0.9194 time=69.4s
[Epoch 893] loss=0.0140 miou=0.8573 f1=0.9153 time=69.4s
[Epoch 894] loss=0.0164 miou=0.8559 f1=0.9137 time=69.5s
[Epoch 895] loss=0.0178 miou=0.8514 f1=0.9117 time=69.4s
[Epoch 896] loss=0.0162 miou=0.8543 f1=0.9129 time=69.5s
[Epoch 897] loss=0.0158 miou=0.8521 f1=0.9121 time=69.5s
[Epoch 898] loss=0.0158 miou=0.8565 f1=0.9148 time=69.5s
[Epoch 899] loss=0.0158 miou=0.8629 f1=0.9189 time=69.4s
[Epoch 900] loss=0.0150 miou=0.8608 f1=0.9175 time=69.5s
[Epoch 901] loss=0.0147 miou=0.8667 f1=0.9213 time=69.4s
[Epoch 902] loss=0.0139 miou=0.8511 f1=0.9107 time=69.4s
[Epoch 903] loss=0.0146 miou=0.8637 f1=0.9191 time=69.5s
[Epoch 904] loss=0.0128 miou=0.8695 f1=0.9233 time=69.5s
[Epoch 905] loss=0.0133 miou=0.8681 f1=0.9218 time=69.5s
[Epoch 906] loss=0.0148 miou=0.8595 f1=0.9163 time=69.5s
[Epoch 907] loss=0.0136 miou=0.8602 f1=0.9172 time=69.5s
[Epoch 908] loss=0.0161 miou=0.8598 f1=0.9167 time=69.5s
[Epoch 909] loss=0.0152 miou=0.8643 f1=0.9201 time=69.5s
[Epoch 910] loss=0.0217 miou=0.8557 f1=0.9135 time=69.6s
[Epoch 911] loss=0.0172 miou=0.8583 f1=0.9160 time=69.5s
[Epoch 912] loss=0.0183 miou=0.8556 f1=0.9144 time=69.5s
[Epoch 913] loss=0.0138 miou=0.8617 f1=0.9181 time=69.5s
[Epoch 914] loss=0.0136 miou=0.8698 f1=0.9233 time=69.5s
[Epoch 915] loss=0.0116 miou=0.8664 f1=0.9212 time=69.5s
[Epoch 916] loss=0.0141 miou=0.8597 f1=0.9170 time=69.5s
[Epoch 917] loss=0.0143 miou=0.8597 f1=0.9173 time=69.5s
[Epoch 918] loss=0.0122 miou=0.8624 f1=0.9188 time=69.5s
[Epoch 919] loss=0.0145 miou=0.8620 f1=0.9186 time=69.5s
[Epoch 920] loss=0.0150 miou=0.8522 f1=0.9120 time=69.5s
[Epoch 921] loss=0.0133 miou=0.8585 f1=0.9157 time=69.5s
[Epoch 922] loss=0.0121 miou=0.8568 f1=0.9138 time=69.5s
[Epoch 923] loss=0.0126 miou=0.8615 f1=0.9177 time=69.5s
[Epoch 924] loss=0.0121 miou=0.8651 f1=0.9204 time=69.4s
[Epoch 925] loss=0.0149 miou=0.8512 f1=0.9107 time=69.4s
[Epoch 926] loss=0.0143 miou=0.8574 f1=0.9155 time=69.5s
[Epoch 927] loss=0.0123 miou=0.8623 f1=0.9175 time=69.4s
[Epoch 928] loss=0.0144 miou=0.8693 f1=0.9222 time=69.4s
[Epoch 929] loss=0.0152 miou=0.8535 f1=0.9124 time=69.7s
[Epoch 930] loss=0.0180 miou=0.8674 f1=0.9218 time=69.5s
[Epoch 931] loss=0.0299 miou=0.8482 f1=0.9102 time=69.4s
[Epoch 932] loss=0.0259 miou=0.8590 f1=0.9171 time=69.6s
[Epoch 933] loss=0.0161 miou=0.8534 f1=0.9132 time=69.4s
[Epoch 934] loss=0.0180 miou=0.8539 f1=0.9129 time=69.6s
[Epoch 935] loss=0.0176 miou=0.8500 f1=0.9098 time=69.4s
[Epoch 936] loss=0.0154 miou=0.8597 f1=0.9167 time=69.4s
[Epoch 937] loss=0.0151 miou=0.8593 f1=0.9167 time=69.5s
[Epoch 938] loss=0.0247 miou=0.8438 f1=0.9077 time=69.5s
[Epoch 939] loss=0.0209 miou=0.8551 f1=0.9143 time=69.5s
[Epoch 940] loss=0.0175 miou=0.8592 f1=0.9160 time=69.4s
[Epoch 941] loss=0.0149 miou=0.8634 f1=0.9191 time=69.4s
[Epoch 942] loss=0.0166 miou=0.8644 f1=0.9198 time=69.4s
[Epoch 943] loss=0.0143 miou=0.8679 f1=0.9219 time=69.4s
[Epoch 944] loss=0.0146 miou=0.8621 f1=0.9182 time=69.4s
[Epoch 945] loss=0.0130 miou=0.8655 f1=0.9200 time=69.4s
[Epoch 946] loss=0.0109 miou=0.8679 f1=0.9217 time=69.4s
[Epoch 947] loss=0.0133 miou=0.8696 f1=0.9236 time=69.5s
[Epoch 948] loss=0.0119 miou=0.8666 f1=0.9213 time=69.4s
[Epoch 949] loss=0.0135 miou=0.8500 f1=0.9103 time=69.5s
[Epoch 950] loss=0.0140 miou=0.8606 f1=0.9174 time=69.5s
[Epoch 951] loss=0.0129 miou=0.8533 f1=0.9120 time=70.4s
[Epoch 952] loss=0.0134 miou=0.8581 f1=0.9154 time=70.0s
[Epoch 953] loss=0.0177 miou=0.8527 f1=0.9119 time=69.4s
[Epoch 954] loss=0.0151 miou=0.8537 f1=0.9128 time=69.4s
[Epoch 955] loss=0.0126 miou=0.8627 f1=0.9190 time=70.4s
[Epoch 956] loss=0.0117 miou=0.8579 f1=0.9147 time=70.4s
[Epoch 957] loss=0.0143 miou=0.8401 f1=0.9029 time=69.5s
[Epoch 958] loss=0.0145 miou=0.8612 f1=0.9176 time=69.4s
[Epoch 959] loss=0.0135 miou=0.8627 f1=0.9184 time=70.4s
[Epoch 960] loss=0.0125 miou=0.8746 f1=0.9262 time=69.4s
[Epoch 961] loss=0.0123 miou=0.8678 f1=0.9220 time=69.5s
[Epoch 962] loss=0.0116 miou=0.8652 f1=0.9202 time=70.4s
[Epoch 963] loss=0.0136 miou=0.8665 f1=0.9215 time=70.4s
[Epoch 964] loss=0.0153 miou=0.8632 f1=0.9193 time=70.4s
[Epoch 965] loss=0.0146 miou=0.8612 f1=0.9181 time=70.3s
[Epoch 966] loss=0.0122 miou=0.8673 f1=0.9221 time=70.0s
[Epoch 967] loss=0.0214 miou=0.8629 f1=0.9191 time=69.9s
[Epoch 968] loss=0.0137 miou=0.8661 f1=0.9209 time=69.8s
[Epoch 969] loss=0.0146 miou=0.8722 f1=0.9250 time=70.0s
[Epoch 970] loss=0.0137 miou=0.8695 f1=0.9232 time=69.8s
[Epoch 971] loss=0.0133 miou=0.8600 f1=0.9169 time=69.8s
[Epoch 972] loss=0.0170 miou=0.8700 f1=0.9241 time=69.6s
[Epoch 973] loss=0.0119 miou=0.8683 f1=0.9224 time=69.7s
[Epoch 974] loss=0.0133 miou=0.8603 f1=0.9169 time=69.5s
[Epoch 975] loss=0.0126 miou=0.8686 f1=0.9229 time=69.5s
[Epoch 976] loss=0.0112 miou=0.8727 f1=0.9255 time=69.5s
[Epoch 977] loss=0.0116 miou=0.8630 f1=0.9183 time=70.5s
[Epoch 978] loss=0.0108 miou=0.8654 f1=0.9199 time=70.5s
[Epoch 979] loss=0.0102 miou=0.8683 f1=0.9217 time=70.4s
[Epoch 980] loss=0.0103 miou=0.8698 f1=0.9232 time=70.5s
[Epoch 981] loss=0.0135 miou=0.8629 f1=0.9181 time=70.4s
[Epoch 982] loss=0.0132 miou=0.8662 f1=0.9207 time=70.5s
[Epoch 983] loss=0.0169 miou=0.8629 f1=0.9194 time=70.4s
[Epoch 984] loss=0.0144 miou=0.8628 f1=0.9183 time=70.4s
[Epoch 985] loss=0.0137 miou=0.8613 f1=0.9167 time=70.5s
[Epoch 986] loss=0.0118 miou=0.8743 f1=0.9261 time=70.4s
[Epoch 987] loss=0.0127 miou=0.8671 f1=0.9216 time=70.5s
[Epoch 988] loss=0.0123 miou=0.8644 f1=0.9204 time=70.4s
[Epoch 989] loss=0.0109 miou=0.8694 f1=0.9226 time=70.0s
[Epoch 990] loss=0.0110 miou=0.8697 f1=0.9233 time=69.5s
[Epoch 991] loss=0.0100 miou=0.8679 f1=0.9220 time=70.2s
[Epoch 992] loss=0.0113 miou=0.8682 f1=0.9219 time=70.4s
[Epoch 993] loss=0.0150 miou=0.8654 f1=0.9206 time=69.5s
[Epoch 994] loss=0.0158 miou=0.8613 f1=0.9180 time=69.5s
[Epoch 995] loss=0.0125 miou=0.8537 f1=0.9134 time=69.8s
[Epoch 996] loss=0.0129 miou=0.8710 f1=0.9245 time=70.1s
[Epoch 997] loss=0.0141 miou=0.8604 f1=0.9163 time=70.4s
[Epoch 998] loss=0.0126 miou=0.8640 f1=0.9191 time=70.4s
[Epoch 999] loss=0.0105 miou=0.8695 f1=0.9230 time=70.4s
[Epoch 1000] loss=0.0104 miou=0.8671 f1=0.9212 time=70.4s
