nohup: ignoring input
Run directory: ./outputs_sam_sirst_hq/NUDT-SIRST_model-vitt_size256_use_HQ_radial_decoder_bs4e1000kp1_split-50_50_20250918_154824
[build_efficient_sam_hq] Partially loaded 253 tensors from baseline (278 scanned).
/home/bip/cry/anaconda3/lib/python3.9/site-packages/torch/cuda/__init__.py:611: UserWarning: Can't initialize NVML
  warnings.warn("Can't initialize NVML")
[Epoch 001] loss=1.2719 miou=0.0540 f1=0.0977 thr=0.55 time=46.6s
[Epoch 002] loss=0.5762 miou=0.5965 f1=0.7133 thr=0.55 time=45.3s
[Epoch 003] loss=0.3804 miou=0.6318 f1=0.7448 thr=0.45 time=45.6s
[Epoch 004] loss=0.3489 miou=0.6468 f1=0.7579 thr=0.35 time=45.7s
[Epoch 005] loss=0.3446 miou=0.6384 f1=0.7518 thr=0.45 time=45.6s
[Epoch 006] loss=0.3259 miou=0.6619 f1=0.7712 thr=0.50 time=45.6s
[Epoch 007] loss=0.3137 miou=0.6674 f1=0.7759 thr=0.50 time=45.7s
[Epoch 008] loss=0.3117 miou=0.6644 f1=0.7736 thr=0.45 time=45.7s
[Epoch 009] loss=0.2984 miou=0.6814 f1=0.7874 thr=0.55 time=45.6s
[Epoch 010] loss=0.2960 miou=0.6708 f1=0.7804 thr=0.45 time=45.9s
[Epoch 011] loss=0.2863 miou=0.6776 f1=0.7850 thr=0.35 time=46.0s
[Epoch 012] loss=0.2825 miou=0.6848 f1=0.7914 thr=0.45 time=45.9s
[Epoch 013] loss=0.2780 miou=0.7013 f1=0.8037 thr=0.45 time=45.9s
[Epoch 014] loss=0.2750 miou=0.7029 f1=0.8054 thr=0.35 time=45.9s
[Epoch 015] loss=0.2699 miou=0.7074 f1=0.8092 thr=0.50 time=45.8s
[Epoch 016] loss=0.2696 miou=0.7104 f1=0.8117 thr=0.55 time=45.6s
[Epoch 017] loss=0.2631 miou=0.7270 f1=0.8241 thr=0.45 time=46.0s
[Epoch 018] loss=0.2537 miou=0.7181 f1=0.8172 thr=0.50 time=46.0s
[Epoch 019] loss=0.2554 miou=0.7327 f1=0.8280 thr=0.40 time=45.8s
[Epoch 020] loss=0.2508 miou=0.7133 f1=0.8144 thr=0.55 time=45.8s
[Epoch 021] loss=0.2497 miou=0.7331 f1=0.8283 thr=0.40 time=45.9s
[Epoch 022] loss=0.2474 miou=0.7338 f1=0.8302 thr=0.35 time=45.9s
[Epoch 023] loss=0.2450 miou=0.7252 f1=0.8248 thr=0.50 time=45.9s
[Epoch 024] loss=0.2380 miou=0.7284 f1=0.8271 thr=0.50 time=45.5s
[Epoch 025] loss=0.2350 miou=0.7352 f1=0.8317 thr=0.35 time=45.9s
[Epoch 026] loss=0.2370 miou=0.7414 f1=0.8380 thr=0.55 time=46.1s
[Epoch 027] loss=0.2303 miou=0.7560 f1=0.8454 thr=0.35 time=45.4s
[Epoch 028] loss=0.2340 miou=0.7490 f1=0.8402 thr=0.45 time=45.5s
[Epoch 029] loss=0.2298 miou=0.7488 f1=0.8422 thr=0.50 time=45.6s
[Epoch 030] loss=0.2207 miou=0.7560 f1=0.8480 thr=0.55 time=45.5s
[Epoch 031] loss=0.2244 miou=0.7524 f1=0.8456 thr=0.45 time=45.7s
[Epoch 032] loss=0.2183 miou=0.7211 f1=0.8231 thr=0.55 time=45.7s
[Epoch 033] loss=0.2143 miou=0.7441 f1=0.8400 thr=0.50 time=45.8s
[Epoch 034] loss=0.2132 miou=0.7505 f1=0.8448 thr=0.50 time=45.6s
[Epoch 035] loss=0.2142 miou=0.7542 f1=0.8462 thr=0.35 time=45.7s
[Epoch 036] loss=0.2138 miou=0.7515 f1=0.8452 thr=0.35 time=45.8s
[Epoch 037] loss=0.2142 miou=0.7567 f1=0.8475 thr=0.35 time=45.9s
[Epoch 038] loss=0.2126 miou=0.7565 f1=0.8486 thr=0.55 time=45.9s
[Epoch 039] loss=0.2113 miou=0.7659 f1=0.8554 thr=0.45 time=46.0s
[Epoch 040] loss=0.2042 miou=0.7513 f1=0.8451 thr=0.45 time=45.6s
[Epoch 041] loss=0.2051 miou=0.7579 f1=0.8500 thr=0.35 time=45.6s
[Epoch 042] loss=0.2020 miou=0.7648 f1=0.8539 thr=0.35 time=45.8s
[Epoch 043] loss=0.2013 miou=0.7697 f1=0.8572 thr=0.35 time=45.8s
[Epoch 044] loss=0.2014 miou=0.7608 f1=0.8525 thr=0.50 time=45.9s
[Epoch 045] loss=0.2024 miou=0.7653 f1=0.8550 thr=0.35 time=45.9s
[Epoch 046] loss=0.1970 miou=0.7667 f1=0.8551 thr=0.45 time=45.9s
[Epoch 047] loss=0.1993 miou=0.7627 f1=0.8535 thr=0.35 time=45.9s
[Epoch 048] loss=0.1953 miou=0.7596 f1=0.8512 thr=0.35 time=45.9s
[Epoch 049] loss=0.1989 miou=0.7760 f1=0.8616 thr=0.55 time=45.9s
[Epoch 050] loss=0.1951 miou=0.7632 f1=0.8543 thr=0.40 time=46.1s
[Epoch 051] loss=0.1953 miou=0.7699 f1=0.8588 thr=0.35 time=46.0s
[Epoch 052] loss=0.1977 miou=0.7736 f1=0.8612 thr=0.40 time=45.9s
[Epoch 053] loss=0.1980 miou=0.7585 f1=0.8509 thr=0.35 time=46.0s
[Epoch 054] loss=0.1900 miou=0.7454 f1=0.8422 thr=0.55 time=45.9s
[Epoch 055] loss=0.1902 miou=0.7773 f1=0.8638 thr=0.55 time=45.6s
[Epoch 056] loss=0.1884 miou=0.7764 f1=0.8639 thr=0.35 time=45.6s
[Epoch 057] loss=0.1921 miou=0.7645 f1=0.8553 thr=0.35 time=45.9s
[Epoch 058] loss=0.1901 miou=0.7746 f1=0.8619 thr=0.35 time=45.4s
[Epoch 059] loss=0.1874 miou=0.7618 f1=0.8525 thr=0.40 time=45.4s
[Epoch 060] loss=0.1860 miou=0.7687 f1=0.8583 thr=0.45 time=45.4s
[Epoch 061] loss=0.1836 miou=0.7731 f1=0.8604 thr=0.35 time=46.0s
[Epoch 062] loss=0.1840 miou=0.7790 f1=0.8648 thr=0.45 time=45.9s
[Epoch 063] loss=0.1880 miou=0.7747 f1=0.8617 thr=0.35 time=45.8s
[Epoch 064] loss=0.1797 miou=0.7691 f1=0.8587 thr=0.50 time=45.9s
[Epoch 065] loss=0.1822 miou=0.7708 f1=0.8598 thr=0.50 time=45.9s
[Epoch 066] loss=0.1826 miou=0.7779 f1=0.8639 thr=0.35 time=45.9s
[Epoch 067] loss=0.1809 miou=0.7783 f1=0.8642 thr=0.35 time=45.5s
[Epoch 068] loss=0.1799 miou=0.7722 f1=0.8614 thr=0.35 time=45.5s
[Epoch 069] loss=0.1745 miou=0.7776 f1=0.8646 thr=0.45 time=45.5s
[Epoch 070] loss=0.1809 miou=0.7807 f1=0.8662 thr=0.35 time=45.4s
[Epoch 071] loss=0.1802 miou=0.7808 f1=0.8660 thr=0.35 time=45.8s
[Epoch 072] loss=0.1813 miou=0.7769 f1=0.8641 thr=0.45 time=45.8s
[Epoch 073] loss=0.1828 miou=0.7799 f1=0.8652 thr=0.55 time=45.7s
[Epoch 074] loss=0.1783 miou=0.7706 f1=0.8594 thr=0.40 time=45.9s
[Epoch 075] loss=0.1790 miou=0.7800 f1=0.8653 thr=0.45 time=45.9s
[Epoch 076] loss=0.1773 miou=0.7788 f1=0.8641 thr=0.50 time=45.9s
[Epoch 077] loss=0.1762 miou=0.7695 f1=0.8594 thr=0.35 time=45.9s
[Epoch 078] loss=0.1778 miou=0.7842 f1=0.8686 thr=0.35 time=46.1s
[Epoch 079] loss=0.1756 miou=0.7855 f1=0.8684 thr=0.40 time=46.2s
[Epoch 080] loss=0.1774 miou=0.7768 f1=0.8635 thr=0.35 time=46.0s
[Epoch 081] loss=0.1727 miou=0.7781 f1=0.8637 thr=0.40 time=45.9s
[Epoch 082] loss=0.1777 miou=0.7758 f1=0.8632 thr=0.35 time=45.9s
[Epoch 083] loss=0.1746 miou=0.7832 f1=0.8682 thr=0.55 time=45.8s
[Epoch 084] loss=0.1740 miou=0.7731 f1=0.8617 thr=0.50 time=45.7s
[Epoch 085] loss=0.1721 miou=0.7773 f1=0.8639 thr=0.35 time=45.8s
[Epoch 086] loss=0.1717 miou=0.7678 f1=0.8576 thr=0.35 time=45.9s
[Epoch 087] loss=0.1703 miou=0.7783 f1=0.8643 thr=0.35 time=46.0s
[Epoch 088] loss=0.1725 miou=0.7770 f1=0.8641 thr=0.50 time=45.9s
[Epoch 089] loss=0.1732 miou=0.7815 f1=0.8669 thr=0.35 time=46.0s
[Epoch 090] loss=0.1705 miou=0.7765 f1=0.8628 thr=0.50 time=45.8s
[Epoch 091] loss=0.1688 miou=0.7756 f1=0.8632 thr=0.45 time=46.0s
[Epoch 092] loss=0.1654 miou=0.7844 f1=0.8688 thr=0.35 time=45.9s
[Epoch 093] loss=0.1686 miou=0.7786 f1=0.8651 thr=0.55 time=45.9s
[Epoch 094] loss=0.1676 miou=0.7798 f1=0.8651 thr=0.35 time=45.7s
[Epoch 095] loss=0.1710 miou=0.7727 f1=0.8601 thr=0.35 time=45.8s
[Epoch 096] loss=0.1651 miou=0.7830 f1=0.8672 thr=0.40 time=45.8s
[Epoch 097] loss=0.1642 miou=0.7659 f1=0.8565 thr=0.35 time=45.5s
[Epoch 098] loss=0.1699 miou=0.7712 f1=0.8591 thr=0.35 time=45.5s
[Epoch 099] loss=0.1702 miou=0.7902 f1=0.8730 thr=0.35 time=46.2s
[Epoch 100] loss=0.1668 miou=0.7835 f1=0.8683 thr=0.35 time=46.0s
[Epoch 101] loss=0.1669 miou=0.7852 f1=0.8688 thr=0.45 time=45.9s
[Epoch 102] loss=0.1646 miou=0.7825 f1=0.8674 thr=0.35 time=45.9s
[Epoch 103] loss=0.1670 miou=0.7767 f1=0.8640 thr=0.45 time=46.2s
[Epoch 104] loss=0.1631 miou=0.7772 f1=0.8642 thr=0.50 time=45.9s
[Epoch 105] loss=0.1654 miou=0.7743 f1=0.8620 thr=0.40 time=45.9s
[Epoch 106] loss=0.1622 miou=0.7769 f1=0.8642 thr=0.35 time=46.0s
[Epoch 107] loss=0.1647 miou=0.7720 f1=0.8608 thr=0.35 time=45.9s
[Epoch 108] loss=0.1578 miou=0.7802 f1=0.8658 thr=0.35 time=45.6s
[Epoch 109] loss=0.1605 miou=0.7836 f1=0.8683 thr=0.45 time=45.8s
[Epoch 110] loss=0.1638 miou=0.7697 f1=0.8586 thr=0.50 time=45.5s
[Epoch 111] loss=0.1594 miou=0.7693 f1=0.8568 thr=0.35 time=45.8s
[Epoch 112] loss=0.1614 miou=0.7679 f1=0.8574 thr=0.35 time=45.7s
[Epoch 113] loss=0.1616 miou=0.7851 f1=0.8683 thr=0.55 time=45.5s
[Epoch 114] loss=0.1684 miou=0.7800 f1=0.8647 thr=0.35 time=45.8s
[Epoch 115] loss=0.1610 miou=0.7805 f1=0.8662 thr=0.55 time=45.9s
[Epoch 116] loss=0.1605 miou=0.7838 f1=0.8679 thr=0.35 time=46.0s
[Epoch 117] loss=0.1580 miou=0.7762 f1=0.8630 thr=0.35 time=45.8s
[Epoch 118] loss=0.1596 miou=0.7801 f1=0.8659 thr=0.50 time=45.5s
[Epoch 119] loss=0.1584 miou=0.7752 f1=0.8624 thr=0.50 time=45.9s
[Epoch 120] loss=0.1581 miou=0.7815 f1=0.8671 thr=0.35 time=45.8s
[Epoch 121] loss=0.1595 miou=0.7808 f1=0.8658 thr=0.35 time=45.9s
[Epoch 122] loss=0.1562 miou=0.7798 f1=0.8650 thr=0.35 time=45.6s
[Epoch 123] loss=0.1535 miou=0.7861 f1=0.8692 thr=0.35 time=45.9s
[Epoch 124] loss=0.1573 miou=0.7752 f1=0.8616 thr=0.35 time=45.8s
[Epoch 125] loss=0.1557 miou=0.7768 f1=0.8635 thr=0.35 time=45.8s
[Epoch 126] loss=0.1548 miou=0.7809 f1=0.8657 thr=0.35 time=45.8s
[Epoch 127] loss=0.1536 miou=0.7792 f1=0.8651 thr=0.35 time=45.9s
[Epoch 128] loss=0.1572 miou=0.7752 f1=0.8625 thr=0.55 time=45.7s
[Epoch 129] loss=0.1539 miou=0.7732 f1=0.8604 thr=0.50 time=45.6s
[Epoch 130] loss=0.1568 miou=0.7843 f1=0.8683 thr=0.35 time=45.8s
[Epoch 131] loss=0.1563 miou=0.7668 f1=0.8567 thr=0.35 time=45.7s
[Epoch 132] loss=0.1523 miou=0.7830 f1=0.8676 thr=0.40 time=45.8s
[Epoch 133] loss=0.1516 miou=0.7805 f1=0.8653 thr=0.35 time=46.2s
[Epoch 134] loss=0.1554 miou=0.7785 f1=0.8644 thr=0.55 time=45.7s
[Epoch 135] loss=0.1585 miou=0.7706 f1=0.8570 thr=0.40 time=45.8s
[Epoch 136] loss=0.1555 miou=0.7810 f1=0.8653 thr=0.35 time=45.9s
[Epoch 137] loss=0.1553 miou=0.7864 f1=0.8703 thr=0.50 time=45.2s
[Epoch 138] loss=0.1538 miou=0.7737 f1=0.8616 thr=0.50 time=45.6s
[Epoch 139] loss=0.1537 miou=0.7782 f1=0.8646 thr=0.45 time=45.9s
[Epoch 140] loss=0.1553 miou=0.7771 f1=0.8634 thr=0.40 time=45.8s
[Epoch 141] loss=0.1483 miou=0.7844 f1=0.8684 thr=0.35 time=46.0s
[Epoch 142] loss=0.1499 miou=0.7795 f1=0.8650 thr=0.35 time=45.8s
[Epoch 143] loss=0.1509 miou=0.7739 f1=0.8612 thr=0.35 time=45.8s
[Epoch 144] loss=0.1527 miou=0.7834 f1=0.8679 thr=0.35 time=45.9s
[Epoch 145] loss=0.1523 miou=0.7799 f1=0.8651 thr=0.50 time=45.9s
[Epoch 146] loss=0.1463 miou=0.7801 f1=0.8655 thr=0.45 time=45.8s
[Epoch 147] loss=0.1481 miou=0.7862 f1=0.8689 thr=0.35 time=46.0s
[Epoch 148] loss=0.1518 miou=0.7815 f1=0.8662 thr=0.35 time=45.9s
[Epoch 149] loss=0.1500 miou=0.7818 f1=0.8673 thr=0.35 time=45.4s
[Epoch 150] loss=0.1500 miou=0.7838 f1=0.8680 thr=0.35 time=45.9s
[Epoch 151] loss=0.1519 miou=0.7778 f1=0.8638 thr=0.35 time=45.9s
[Epoch 152] loss=0.1508 miou=0.7707 f1=0.8592 thr=0.45 time=45.8s
[Epoch 153] loss=0.1482 miou=0.7798 f1=0.8652 thr=0.55 time=45.8s
[Epoch 154] loss=0.1504 miou=0.7723 f1=0.8602 thr=0.35 time=45.9s
[Epoch 155] loss=0.1459 miou=0.7842 f1=0.8680 thr=0.45 time=45.9s
[Epoch 156] loss=0.1500 miou=0.7855 f1=0.8688 thr=0.35 time=46.0s
[Epoch 157] loss=0.1462 miou=0.7833 f1=0.8672 thr=0.35 time=45.9s
[Epoch 158] loss=0.1452 miou=0.7817 f1=0.8665 thr=0.35 time=45.9s
[Epoch 159] loss=0.1494 miou=0.7814 f1=0.8667 thr=0.40 time=45.9s
[Epoch 160] loss=0.1479 miou=0.7817 f1=0.8667 thr=0.55 time=45.9s
[Epoch 161] loss=0.1458 miou=0.7826 f1=0.8671 thr=0.35 time=45.4s
[Epoch 162] loss=0.1475 miou=0.7819 f1=0.8668 thr=0.35 time=45.5s
[Epoch 163] loss=0.1493 miou=0.7885 f1=0.8712 thr=0.35 time=45.6s
[Epoch 164] loss=0.1464 miou=0.7861 f1=0.8703 thr=0.40 time=45.4s
[Epoch 165] loss=0.1455 miou=0.7816 f1=0.8663 thr=0.35 time=45.6s
[Epoch 166] loss=0.1461 miou=0.7881 f1=0.8703 thr=0.55 time=45.5s
[Epoch 167] loss=0.1473 miou=0.7814 f1=0.8664 thr=0.35 time=45.6s
[Epoch 168] loss=0.1445 miou=0.7818 f1=0.8669 thr=0.35 time=46.1s
[Epoch 169] loss=0.1471 miou=0.7851 f1=0.8692 thr=0.35 time=45.8s
[Epoch 170] loss=0.1452 miou=0.7858 f1=0.8696 thr=0.35 time=45.6s
[Epoch 171] loss=0.1478 miou=0.7876 f1=0.8700 thr=0.35 time=46.0s
[Epoch 172] loss=0.1410 miou=0.7787 f1=0.8644 thr=0.35 time=45.7s
[Epoch 173] loss=0.1427 miou=0.7774 f1=0.8637 thr=0.35 time=45.5s
[Epoch 174] loss=0.1439 miou=0.7825 f1=0.8683 thr=0.35 time=45.3s
[Epoch 175] loss=0.1425 miou=0.7700 f1=0.8598 thr=0.35 time=45.3s
[Epoch 176] loss=0.1435 miou=0.7755 f1=0.8627 thr=0.50 time=45.4s
[Epoch 177] loss=0.1426 miou=0.7848 f1=0.8689 thr=0.50 time=45.4s
[Epoch 178] loss=0.1455 miou=0.7821 f1=0.8671 thr=0.35 time=45.4s
[Epoch 179] loss=0.1441 miou=0.7856 f1=0.8683 thr=0.35 time=45.3s
[Epoch 180] loss=0.1461 miou=0.7918 f1=0.8734 thr=0.35 time=45.2s
[Epoch 181] loss=0.1396 miou=0.7890 f1=0.8713 thr=0.35 time=45.5s
[Epoch 182] loss=0.1431 miou=0.7854 f1=0.8688 thr=0.40 time=45.5s
[Epoch 183] loss=0.1424 miou=0.7852 f1=0.8687 thr=0.35 time=45.4s
[Epoch 184] loss=0.1443 miou=0.7839 f1=0.8685 thr=0.35 time=45.4s
[Epoch 185] loss=0.1411 miou=0.7831 f1=0.8677 thr=0.35 time=45.4s
[Epoch 186] loss=0.1426 miou=0.7929 f1=0.8741 thr=0.55 time=45.5s
[Epoch 187] loss=0.1420 miou=0.7776 f1=0.8639 thr=0.35 time=45.8s
[Epoch 188] loss=0.1436 miou=0.7786 f1=0.8647 thr=0.55 time=45.8s
[Epoch 189] loss=0.1419 miou=0.7865 f1=0.8698 thr=0.35 time=45.8s
[Epoch 190] loss=0.1407 miou=0.7832 f1=0.8672 thr=0.50 time=45.8s
[Epoch 191] loss=0.1415 miou=0.7866 f1=0.8696 thr=0.40 time=45.8s
[Epoch 192] loss=0.1407 miou=0.7612 f1=0.8530 thr=0.40 time=45.7s
[Epoch 193] loss=0.1448 miou=0.7710 f1=0.8590 thr=0.35 time=46.1s
[Epoch 194] loss=0.1394 miou=0.7765 f1=0.8635 thr=0.35 time=45.8s
[Epoch 195] loss=0.1382 miou=0.7727 f1=0.8608 thr=0.35 time=46.2s
[Epoch 196] loss=0.1418 miou=0.7894 f1=0.8722 thr=0.40 time=45.8s
[Epoch 197] loss=0.1379 miou=0.7853 f1=0.8696 thr=0.55 time=45.9s
[Epoch 198] loss=0.1384 miou=0.7873 f1=0.8706 thr=0.35 time=45.9s
[Epoch 199] loss=0.1400 miou=0.7841 f1=0.8688 thr=0.35 time=45.8s
[Epoch 200] loss=0.1395 miou=0.7768 f1=0.8631 thr=0.45 time=45.8s
[Epoch 201] loss=0.1397 miou=0.7892 f1=0.8718 thr=0.35 time=46.1s
[Epoch 202] loss=0.1367 miou=0.7752 f1=0.8628 thr=0.50 time=46.3s
[Epoch 203] loss=0.1405 miou=0.7772 f1=0.8632 thr=0.35 time=46.3s
[Epoch 204] loss=0.1392 miou=0.7789 f1=0.8649 thr=0.50 time=46.2s
[Epoch 205] loss=0.1367 miou=0.7886 f1=0.8712 thr=0.35 time=46.2s
[Epoch 206] loss=0.1355 miou=0.7853 f1=0.8690 thr=0.35 time=46.2s
[Epoch 207] loss=0.1379 miou=0.7807 f1=0.8650 thr=0.35 time=46.2s
[Epoch 208] loss=0.1400 miou=0.7800 f1=0.8652 thr=0.50 time=46.2s
[Epoch 209] loss=0.1387 miou=0.7839 f1=0.8682 thr=0.35 time=46.3s
[Epoch 210] loss=0.1362 miou=0.7770 f1=0.8641 thr=0.45 time=46.2s
[Epoch 211] loss=0.1361 miou=0.7810 f1=0.8663 thr=0.45 time=46.2s
[Epoch 212] loss=0.1345 miou=0.7830 f1=0.8671 thr=0.40 time=46.2s
[Epoch 213] loss=0.1347 miou=0.7829 f1=0.8678 thr=0.35 time=46.1s
[Epoch 214] loss=0.1375 miou=0.7828 f1=0.8678 thr=0.40 time=46.2s
[Epoch 215] loss=0.1366 miou=0.7800 f1=0.8658 thr=0.35 time=46.2s
[Epoch 216] loss=0.1363 miou=0.7820 f1=0.8664 thr=0.45 time=46.1s
[Epoch 217] loss=0.1310 miou=0.7873 f1=0.8702 thr=0.35 time=46.3s
[Epoch 218] loss=0.1374 miou=0.7764 f1=0.8625 thr=0.35 time=46.2s
[Epoch 219] loss=0.1362 miou=0.7766 f1=0.8638 thr=0.45 time=46.2s
[Epoch 220] loss=0.1360 miou=0.7805 f1=0.8650 thr=0.35 time=46.2s
[Epoch 221] loss=0.1393 miou=0.7765 f1=0.8630 thr=0.55 time=46.2s
[Epoch 222] loss=0.1387 miou=0.7850 f1=0.8684 thr=0.35 time=46.2s
[Epoch 223] loss=0.1340 miou=0.7744 f1=0.8623 thr=0.50 time=46.2s
[Epoch 224] loss=0.1322 miou=0.7806 f1=0.8662 thr=0.55 time=47.6s
[Epoch 225] loss=0.1341 miou=0.7828 f1=0.8674 thr=0.35 time=47.0s
[Epoch 226] loss=0.1322 miou=0.7881 f1=0.8711 thr=0.35 time=46.8s
[Epoch 227] loss=0.1327 miou=0.7873 f1=0.8708 thr=0.35 time=47.0s
[Epoch 228] loss=0.1331 miou=0.7784 f1=0.8646 thr=0.40 time=46.2s
[Epoch 229] loss=0.1352 miou=0.7677 f1=0.8570 thr=0.40 time=46.6s
[Epoch 230] loss=0.1355 miou=0.7855 f1=0.8694 thr=0.35 time=47.6s
[Epoch 231] loss=0.1321 miou=0.7831 f1=0.8678 thr=0.35 time=46.3s
[Epoch 232] loss=0.1349 miou=0.7839 f1=0.8687 thr=0.35 time=47.7s
[Epoch 233] loss=0.1326 miou=0.7827 f1=0.8675 thr=0.35 time=46.2s
[Epoch 234] loss=0.1294 miou=0.7866 f1=0.8700 thr=0.45 time=47.0s
[Epoch 235] loss=0.1337 miou=0.7828 f1=0.8672 thr=0.55 time=46.3s
[Epoch 236] loss=0.1338 miou=0.7796 f1=0.8655 thr=0.45 time=46.9s
[Epoch 237] loss=0.1332 miou=0.7813 f1=0.8667 thr=0.55 time=46.9s
[Epoch 238] loss=0.1307 miou=0.7793 f1=0.8654 thr=0.35 time=47.0s
[Epoch 239] loss=0.1348 miou=0.7817 f1=0.8657 thr=0.35 time=46.2s
[Epoch 240] loss=0.1333 miou=0.7888 f1=0.8715 thr=0.35 time=46.3s
[Epoch 241] loss=0.1294 miou=0.7856 f1=0.8698 thr=0.35 time=46.2s
[Epoch 242] loss=0.1296 miou=0.7890 f1=0.8719 thr=0.35 time=45.9s
[Epoch 243] loss=0.1338 miou=0.7839 f1=0.8682 thr=0.35 time=45.6s
[Epoch 244] loss=0.1320 miou=0.7854 f1=0.8692 thr=0.40 time=46.3s
[Epoch 245] loss=0.1298 miou=0.7878 f1=0.8707 thr=0.35 time=46.0s
[Epoch 246] loss=0.1300 miou=0.7855 f1=0.8694 thr=0.35 time=46.1s
[Epoch 247] loss=0.1291 miou=0.7788 f1=0.8642 thr=0.35 time=46.0s
[Epoch 248] loss=0.1348 miou=0.7746 f1=0.8612 thr=0.45 time=46.0s
[Epoch 249] loss=0.1333 miou=0.7791 f1=0.8651 thr=0.35 time=45.9s
[Epoch 250] loss=0.1314 miou=0.7901 f1=0.8727 thr=0.35 time=46.0s
Unfroze at epoch 250: encoder + all heads.
[Epoch 251] loss=0.1772 miou=0.8021 f1=0.8832 thr=0.35 time=71.7s
[Epoch 252] loss=0.1629 miou=0.8062 f1=0.8835 thr=0.45 time=71.7s
[Epoch 253] loss=0.1510 miou=0.8032 f1=0.8815 thr=0.35 time=71.7s
[Epoch 254] loss=0.1445 miou=0.8064 f1=0.8845 thr=0.35 time=71.7s
[Epoch 255] loss=0.1502 miou=0.8146 f1=0.8904 thr=0.35 time=71.8s
[Epoch 256] loss=0.1464 miou=0.8231 f1=0.8966 thr=0.55 time=71.9s
[Epoch 257] loss=0.1383 miou=0.8188 f1=0.8930 thr=0.35 time=71.8s
[Epoch 258] loss=0.1489 miou=0.8199 f1=0.8941 thr=0.35 time=71.8s
[Epoch 259] loss=0.1369 miou=0.8298 f1=0.8998 thr=0.35 time=71.7s
[Epoch 260] loss=0.1300 miou=0.8366 f1=0.9042 thr=0.35 time=71.9s
[Epoch 261] loss=0.1380 miou=0.8258 f1=0.8978 thr=0.35 time=71.9s
[Epoch 262] loss=0.1299 miou=0.8326 f1=0.9038 thr=0.50 time=71.9s
[Epoch 263] loss=0.1199 miou=0.8481 f1=0.9130 thr=0.35 time=71.8s
[Epoch 264] loss=0.1152 miou=0.8510 f1=0.9143 thr=0.35 time=71.8s
[Epoch 265] loss=0.1109 miou=0.8529 f1=0.9139 thr=0.35 time=71.8s
[Epoch 266] loss=0.1083 miou=0.8575 f1=0.9171 thr=0.45 time=71.8s
[Epoch 267] loss=0.1112 miou=0.8663 f1=0.9233 thr=0.35 time=71.8s
[Epoch 268] loss=0.1072 miou=0.8616 f1=0.9206 thr=0.45 time=71.4s
[Epoch 269] loss=0.1058 miou=0.8636 f1=0.9204 thr=0.55 time=71.5s
[Epoch 270] loss=0.1108 miou=0.8341 f1=0.8972 thr=0.35 time=71.7s
[Epoch 271] loss=0.1082 miou=0.8764 f1=0.9288 thr=0.45 time=71.6s
[Epoch 272] loss=0.0945 miou=0.8783 f1=0.9295 thr=0.35 time=71.7s
[Epoch 273] loss=0.0941 miou=0.8843 f1=0.9341 thr=0.35 time=71.7s
[Epoch 274] loss=0.0923 miou=0.8838 f1=0.9336 thr=0.35 time=71.6s
[Epoch 275] loss=0.0949 miou=0.8758 f1=0.9286 thr=0.45 time=71.6s
[Epoch 276] loss=0.0923 miou=0.8691 f1=0.9230 thr=0.35 time=71.5s
[Epoch 277] loss=0.0934 miou=0.8802 f1=0.9315 thr=0.35 time=71.6s
[Epoch 278] loss=0.0905 miou=0.8798 f1=0.9296 thr=0.35 time=71.7s
[Epoch 279] loss=0.0965 miou=0.8839 f1=0.9331 thr=0.55 time=71.6s
[Epoch 280] loss=0.0903 miou=0.8845 f1=0.9332 thr=0.50 time=71.6s
[Epoch 281] loss=0.0860 miou=0.8755 f1=0.9287 thr=0.35 time=71.7s
[Epoch 282] loss=0.1096 miou=0.8586 f1=0.9175 thr=0.35 time=71.7s
[Epoch 283] loss=0.0922 miou=0.8820 f1=0.9304 thr=0.40 time=71.6s
[Epoch 284] loss=0.0940 miou=0.8882 f1=0.9365 thr=0.55 time=71.7s
[Epoch 285] loss=0.0927 miou=0.8690 f1=0.9214 thr=0.35 time=71.7s
[Epoch 286] loss=0.0935 miou=0.8918 f1=0.9371 thr=0.35 time=71.7s
[Epoch 287] loss=0.0890 miou=0.8727 f1=0.9263 thr=0.35 time=71.8s
[Epoch 288] loss=0.0884 miou=0.8876 f1=0.9351 thr=0.45 time=71.6s
[Epoch 289] loss=0.0848 miou=0.8941 f1=0.9395 thr=0.35 time=71.6s
[Epoch 290] loss=0.0813 miou=0.8973 f1=0.9423 thr=0.35 time=72.5s
[Epoch 291] loss=0.0809 miou=0.8914 f1=0.9386 thr=0.55 time=72.5s
[Epoch 292] loss=0.0800 miou=0.8962 f1=0.9411 thr=0.35 time=71.7s
[Epoch 293] loss=0.0803 miou=0.8904 f1=0.9379 thr=0.35 time=73.0s
[Epoch 294] loss=0.0777 miou=0.8981 f1=0.9423 thr=0.55 time=71.6s
[Epoch 295] loss=0.0812 miou=0.8972 f1=0.9422 thr=0.50 time=71.7s
[Epoch 296] loss=0.0791 miou=0.8908 f1=0.9379 thr=0.35 time=71.6s
[Epoch 297] loss=0.0801 miou=0.8910 f1=0.9378 thr=0.35 time=71.6s
[Epoch 298] loss=0.0790 miou=0.8978 f1=0.9419 thr=0.35 time=71.6s
[Epoch 299] loss=0.0796 miou=0.9012 f1=0.9440 thr=0.35 time=71.6s
[Epoch 300] loss=0.0789 miou=0.8909 f1=0.9382 thr=0.55 time=72.4s
[Epoch 301] loss=0.0883 miou=0.8513 f1=0.9127 thr=0.50 time=73.1s
[Epoch 302] loss=0.0858 miou=0.8884 f1=0.9360 thr=0.35 time=71.5s
[Epoch 303] loss=0.0782 miou=0.8894 f1=0.9360 thr=0.35 time=71.5s
[Epoch 304] loss=0.0799 miou=0.8886 f1=0.9365 thr=0.35 time=72.3s
[Epoch 305] loss=0.0789 miou=0.8872 f1=0.9358 thr=0.35 time=71.5s
[Epoch 306] loss=0.0740 miou=0.8958 f1=0.9402 thr=0.35 time=72.5s
[Epoch 307] loss=0.0800 miou=0.8730 f1=0.9255 thr=0.35 time=72.3s
[Epoch 308] loss=0.0876 miou=0.8546 f1=0.9120 thr=0.35 time=71.6s
[Epoch 309] loss=0.0945 miou=0.9008 f1=0.9430 thr=0.35 time=71.6s
[Epoch 310] loss=0.0878 miou=0.8773 f1=0.9295 thr=0.35 time=71.6s
[Epoch 311] loss=0.0776 miou=0.8976 f1=0.9417 thr=0.40 time=71.6s
[Epoch 312] loss=0.0740 miou=0.8999 f1=0.9428 thr=0.40 time=71.6s
[Epoch 313] loss=0.0723 miou=0.9057 f1=0.9463 thr=0.55 time=71.6s
[Epoch 314] loss=0.0732 miou=0.9029 f1=0.9440 thr=0.35 time=72.5s
[Epoch 315] loss=0.0705 miou=0.9051 f1=0.9458 thr=0.35 time=71.6s
[Epoch 316] loss=0.0713 miou=0.8964 f1=0.9412 thr=0.35 time=71.7s
[Epoch 317] loss=0.0717 miou=0.9046 f1=0.9455 thr=0.35 time=71.6s
[Epoch 318] loss=0.0711 miou=0.8949 f1=0.9386 thr=0.35 time=71.6s
[Epoch 319] loss=0.0710 miou=0.9034 f1=0.9441 thr=0.35 time=71.6s
[Epoch 320] loss=0.0696 miou=0.9027 f1=0.9437 thr=0.45 time=71.6s
[Epoch 321] loss=0.0694 miou=0.9067 f1=0.9463 thr=0.35 time=71.6s
[Epoch 322] loss=0.0689 miou=0.9024 f1=0.9419 thr=0.35 time=71.7s
[Epoch 323] loss=0.0732 miou=0.8996 f1=0.9429 thr=0.55 time=71.5s
[Epoch 324] loss=0.0682 miou=0.9017 f1=0.9429 thr=0.35 time=71.7s
[Epoch 325] loss=0.0707 miou=0.9046 f1=0.9452 thr=0.35 time=71.5s
[Epoch 326] loss=0.0694 miou=0.8970 f1=0.9410 thr=0.35 time=71.5s
[Epoch 327] loss=0.0698 miou=0.9044 f1=0.9450 thr=0.35 time=71.5s
[Epoch 328] loss=0.0664 miou=0.9039 f1=0.9445 thr=0.35 time=71.5s
[Epoch 329] loss=0.0679 miou=0.9021 f1=0.9431 thr=0.35 time=71.5s
[Epoch 330] loss=0.0710 miou=0.9049 f1=0.9454 thr=0.55 time=71.6s
[Epoch 331] loss=0.0728 miou=0.9063 f1=0.9464 thr=0.35 time=71.6s
[Epoch 332] loss=0.0706 miou=0.9017 f1=0.9429 thr=0.45 time=71.5s
[Epoch 333] loss=0.0703 miou=0.9054 f1=0.9455 thr=0.35 time=71.6s
[Epoch 334] loss=0.0668 miou=0.9048 f1=0.9452 thr=0.55 time=71.7s
[Epoch 335] loss=0.0664 miou=0.9057 f1=0.9457 thr=0.45 time=71.6s
[Epoch 336] loss=0.0666 miou=0.9071 f1=0.9467 thr=0.35 time=71.6s
[Epoch 337] loss=0.0661 miou=0.9050 f1=0.9456 thr=0.35 time=71.6s
[Epoch 338] loss=0.0654 miou=0.9054 f1=0.9451 thr=0.45 time=71.6s
[Epoch 339] loss=0.0647 miou=0.9011 f1=0.9432 thr=0.35 time=71.6s
[Epoch 340] loss=0.0662 miou=0.9070 f1=0.9457 thr=0.35 time=71.6s
[Epoch 341] loss=0.0652 miou=0.8999 f1=0.9428 thr=0.35 time=71.6s
[Epoch 342] loss=0.0685 miou=0.9060 f1=0.9455 thr=0.35 time=71.6s
[Epoch 343] loss=0.0641 miou=0.9044 f1=0.9443 thr=0.35 time=71.5s
[Epoch 344] loss=0.0817 miou=0.8953 f1=0.9373 thr=0.35 time=71.5s
[Epoch 345] loss=0.0659 miou=0.9021 f1=0.9438 thr=0.35 time=71.6s
[Epoch 346] loss=0.0646 miou=0.9077 f1=0.9469 thr=0.40 time=71.7s
[Epoch 347] loss=0.0629 miou=0.9135 f1=0.9503 thr=0.35 time=71.6s
[Epoch 348] loss=0.0622 miou=0.9137 f1=0.9502 thr=0.35 time=71.7s
[Epoch 349] loss=0.0630 miou=0.9103 f1=0.9481 thr=0.50 time=71.7s
[Epoch 350] loss=0.0616 miou=0.9107 f1=0.9485 thr=0.50 time=71.7s
[Epoch 351] loss=0.0609 miou=0.9158 f1=0.9513 thr=0.35 time=71.7s
[Epoch 352] loss=0.0649 miou=0.9020 f1=0.9442 thr=0.35 time=71.6s
[Epoch 353] loss=0.0669 miou=0.9065 f1=0.9463 thr=0.35 time=71.6s
[Epoch 354] loss=0.0770 miou=0.8920 f1=0.9376 thr=0.40 time=71.6s
[Epoch 355] loss=0.0696 miou=0.9033 f1=0.9436 thr=0.35 time=71.5s
[Epoch 356] loss=0.0633 miou=0.9078 f1=0.9473 thr=0.40 time=71.6s
[Epoch 357] loss=0.0606 miou=0.9142 f1=0.9511 thr=0.45 time=71.5s
[Epoch 358] loss=0.0613 miou=0.9114 f1=0.9496 thr=0.35 time=71.3s
[Epoch 359] loss=0.0610 miou=0.9131 f1=0.9506 thr=0.35 time=71.5s
[Epoch 360] loss=0.0633 miou=0.9145 f1=0.9515 thr=0.35 time=71.5s
[Epoch 361] loss=0.0634 miou=0.9111 f1=0.9493 thr=0.35 time=71.3s
[Epoch 362] loss=0.0619 miou=0.9153 f1=0.9513 thr=0.35 time=71.5s
[Epoch 363] loss=0.0622 miou=0.9095 f1=0.9481 thr=0.35 time=71.6s
[Epoch 364] loss=0.0601 miou=0.9173 f1=0.9526 thr=0.45 time=71.6s
[Epoch 365] loss=0.0622 miou=0.9123 f1=0.9502 thr=0.35 time=71.6s
[Epoch 366] loss=0.0623 miou=0.9094 f1=0.9481 thr=0.35 time=71.6s
[Epoch 367] loss=0.0618 miou=0.9136 f1=0.9501 thr=0.35 time=71.6s
[Epoch 368] loss=0.0616 miou=0.9115 f1=0.9492 thr=0.35 time=71.6s
[Epoch 369] loss=0.0655 miou=0.9109 f1=0.9489 thr=0.35 time=71.6s
[Epoch 370] loss=0.0657 miou=0.9042 f1=0.9449 thr=0.35 time=71.6s
[Epoch 371] loss=0.0652 miou=0.9120 f1=0.9492 thr=0.35 time=71.6s
[Epoch 372] loss=0.0607 miou=0.9103 f1=0.9490 thr=0.35 time=71.6s
[Epoch 373] loss=0.0607 miou=0.9180 f1=0.9533 thr=0.35 time=71.6s
[Epoch 374] loss=0.0623 miou=0.9139 f1=0.9500 thr=0.35 time=71.6s
[Epoch 375] loss=0.0621 miou=0.9126 f1=0.9500 thr=0.35 time=71.6s
[Epoch 376] loss=0.0615 miou=0.9096 f1=0.9477 thr=0.35 time=71.7s
[Epoch 377] loss=0.0639 miou=0.9111 f1=0.9486 thr=0.55 time=71.5s
[Epoch 378] loss=0.0640 miou=0.9127 f1=0.9493 thr=0.40 time=71.6s
[Epoch 379] loss=0.0610 miou=0.9078 f1=0.9463 thr=0.35 time=71.5s
[Epoch 380] loss=0.0615 miou=0.9112 f1=0.9492 thr=0.45 time=71.6s
[Epoch 381] loss=0.0608 miou=0.9045 f1=0.9445 thr=0.35 time=71.5s
[Epoch 382] loss=0.0688 miou=0.8979 f1=0.9408 thr=0.35 time=71.4s
[Epoch 383] loss=0.0621 miou=0.9085 f1=0.9481 thr=0.35 time=71.5s
[Epoch 384] loss=0.0601 miou=0.9144 f1=0.9506 thr=0.35 time=71.4s
[Epoch 385] loss=0.0585 miou=0.9142 f1=0.9509 thr=0.35 time=71.3s
[Epoch 386] loss=0.0594 miou=0.9164 f1=0.9527 thr=0.35 time=71.4s
[Epoch 387] loss=0.0607 miou=0.9075 f1=0.9470 thr=0.50 time=71.4s
[Epoch 388] loss=0.0623 miou=0.9153 f1=0.9520 thr=0.35 time=71.5s
[Epoch 389] loss=0.0625 miou=0.9053 f1=0.9465 thr=0.35 time=71.3s
[Epoch 390] loss=0.0616 miou=0.9162 f1=0.9521 thr=0.55 time=71.4s
[Epoch 391] loss=0.0586 miou=0.9131 f1=0.9505 thr=0.35 time=71.6s
[Epoch 392] loss=0.0585 miou=0.9166 f1=0.9525 thr=0.35 time=71.4s
[Epoch 393] loss=0.0622 miou=0.9135 f1=0.9508 thr=0.35 time=71.5s
[Epoch 394] loss=0.0658 miou=0.9134 f1=0.9504 thr=0.50 time=71.5s
[Epoch 395] loss=0.0657 miou=0.9107 f1=0.9493 thr=0.35 time=71.5s
[Epoch 396] loss=0.0634 miou=0.9163 f1=0.9520 thr=0.35 time=71.5s
[Epoch 397] loss=0.0623 miou=0.9148 f1=0.9506 thr=0.35 time=71.5s
[Epoch 398] loss=0.0609 miou=0.9176 f1=0.9533 thr=0.35 time=71.3s
[Epoch 399] loss=0.0627 miou=0.9180 f1=0.9531 thr=0.55 time=71.4s
[Epoch 400] loss=0.0604 miou=0.9194 f1=0.9541 thr=0.35 time=71.5s
[Epoch 401] loss=0.0622 miou=0.9128 f1=0.9505 thr=0.35 time=71.5s
[Epoch 402] loss=0.0596 miou=0.9119 f1=0.9495 thr=0.35 time=71.6s
[Epoch 403] loss=0.0620 miou=0.9188 f1=0.9539 thr=0.35 time=71.5s
[Epoch 404] loss=0.0606 miou=0.9139 f1=0.9509 thr=0.35 time=71.7s
[Epoch 405] loss=0.0602 miou=0.9132 f1=0.9503 thr=0.35 time=71.5s
[Epoch 406] loss=0.0608 miou=0.9158 f1=0.9517 thr=0.55 time=71.6s
[Epoch 407] loss=0.0632 miou=0.9143 f1=0.9511 thr=0.35 time=71.6s
[Epoch 408] loss=0.0602 miou=0.9154 f1=0.9508 thr=0.35 time=71.6s
[Epoch 409] loss=0.0668 miou=0.9057 f1=0.9453 thr=0.35 time=71.7s
[Epoch 410] loss=0.0606 miou=0.9168 f1=0.9532 thr=0.35 time=71.8s
[Epoch 411] loss=0.0587 miou=0.9170 f1=0.9520 thr=0.35 time=71.5s
[Epoch 412] loss=0.0611 miou=0.9159 f1=0.9516 thr=0.55 time=71.5s
[Epoch 413] loss=0.0623 miou=0.9179 f1=0.9534 thr=0.45 time=71.5s
[Epoch 414] loss=0.0596 miou=0.9171 f1=0.9528 thr=0.35 time=71.4s
[Epoch 415] loss=0.0582 miou=0.9160 f1=0.9519 thr=0.35 time=71.4s
[Epoch 416] loss=0.0595 miou=0.9153 f1=0.9509 thr=0.35 time=71.3s
[Epoch 417] loss=0.0567 miou=0.9171 f1=0.9526 thr=0.35 time=71.4s
[Epoch 418] loss=0.0579 miou=0.9148 f1=0.9510 thr=0.35 time=71.4s
[Epoch 419] loss=0.0612 miou=0.9134 f1=0.9493 thr=0.35 time=71.3s
[Epoch 420] loss=0.0589 miou=0.9128 f1=0.9503 thr=0.40 time=71.3s
[Epoch 421] loss=0.0596 miou=0.9141 f1=0.9507 thr=0.35 time=71.3s
[Epoch 422] loss=0.0562 miou=0.9158 f1=0.9520 thr=0.35 time=71.4s
[Epoch 423] loss=0.0607 miou=0.9024 f1=0.9439 thr=0.35 time=71.3s
[Epoch 424] loss=0.0604 miou=0.9129 f1=0.9502 thr=0.35 time=71.3s
[Epoch 425] loss=0.0598 miou=0.9127 f1=0.9498 thr=0.35 time=71.4s
[Epoch 426] loss=0.0588 miou=0.9116 f1=0.9494 thr=0.35 time=71.5s
[Epoch 427] loss=0.0589 miou=0.9158 f1=0.9520 thr=0.35 time=71.5s
[Epoch 428] loss=0.0586 miou=0.9155 f1=0.9514 thr=0.40 time=71.7s
[Epoch 429] loss=0.0587 miou=0.9088 f1=0.9469 thr=0.55 time=71.7s
[Epoch 430] loss=0.0568 miou=0.9169 f1=0.9520 thr=0.35 time=71.4s
[Epoch 431] loss=0.0584 miou=0.9128 f1=0.9493 thr=0.35 time=71.4s
[Epoch 432] loss=0.0578 miou=0.9183 f1=0.9530 thr=0.55 time=71.4s
[Epoch 433] loss=0.0572 miou=0.9159 f1=0.9518 thr=0.35 time=71.4s
[Epoch 434] loss=0.0617 miou=0.9084 f1=0.9472 thr=0.55 time=71.4s
[Epoch 435] loss=0.0592 miou=0.9119 f1=0.9486 thr=0.35 time=71.4s
[Epoch 436] loss=0.0575 miou=0.9176 f1=0.9532 thr=0.35 time=71.4s
[Epoch 437] loss=0.0572 miou=0.9192 f1=0.9536 thr=0.55 time=71.4s
[Epoch 438] loss=0.0574 miou=0.9148 f1=0.9512 thr=0.35 time=71.5s
[Epoch 439] loss=0.0595 miou=0.9180 f1=0.9531 thr=0.45 time=71.5s
[Epoch 440] loss=0.0628 miou=0.9149 f1=0.9508 thr=0.55 time=71.4s
[Epoch 441] loss=0.0561 miou=0.9178 f1=0.9516 thr=0.40 time=71.5s
[Epoch 442] loss=0.0569 miou=0.9157 f1=0.9514 thr=0.50 time=71.4s
[Epoch 443] loss=0.0610 miou=0.9183 f1=0.9528 thr=0.35 time=71.4s
[Epoch 444] loss=0.0591 miou=0.9172 f1=0.9523 thr=0.45 time=71.5s
[Epoch 445] loss=0.0605 miou=0.9184 f1=0.9531 thr=0.35 time=71.6s
[Epoch 446] loss=0.0634 miou=0.9171 f1=0.9527 thr=0.45 time=71.6s
[Epoch 447] loss=0.0588 miou=0.9166 f1=0.9509 thr=0.35 time=71.6s
[Epoch 448] loss=0.0579 miou=0.9166 f1=0.9517 thr=0.35 time=71.6s
[Epoch 449] loss=0.0594 miou=0.9151 f1=0.9507 thr=0.35 time=71.6s
[Epoch 450] loss=0.0589 miou=0.9207 f1=0.9543 thr=0.35 time=71.5s
[Epoch 451] loss=0.0575 miou=0.9194 f1=0.9535 thr=0.35 time=71.6s
[Epoch 452] loss=0.0625 miou=0.8860 f1=0.9337 thr=0.45 time=71.5s
[Epoch 453] loss=0.0627 miou=0.9048 f1=0.9443 thr=0.35 time=71.4s
[Epoch 454] loss=0.0566 miou=0.9177 f1=0.9519 thr=0.40 time=71.5s
[Epoch 455] loss=0.0561 miou=0.9184 f1=0.9533 thr=0.35 time=71.5s
[Epoch 456] loss=0.0543 miou=0.9200 f1=0.9543 thr=0.40 time=71.5s
[Epoch 457] loss=0.0549 miou=0.9176 f1=0.9528 thr=0.55 time=71.5s
[Epoch 458] loss=0.0558 miou=0.9182 f1=0.9528 thr=0.35 time=71.4s
[Epoch 459] loss=0.0600 miou=0.9104 f1=0.9481 thr=0.35 time=71.5s
[Epoch 460] loss=0.0605 miou=0.9207 f1=0.9542 thr=0.35 time=71.5s
[Epoch 461] loss=0.0577 miou=0.9168 f1=0.9519 thr=0.35 time=71.5s
[Epoch 462] loss=0.0627 miou=0.9167 f1=0.9523 thr=0.35 time=71.6s
[Epoch 463] loss=0.0597 miou=0.9163 f1=0.9513 thr=0.35 time=71.5s
[Epoch 464] loss=0.0604 miou=0.9235 f1=0.9560 thr=0.50 time=71.6s
[Epoch 465] loss=0.0605 miou=0.9185 f1=0.9530 thr=0.40 time=71.6s
[Epoch 466] loss=0.0589 miou=0.9203 f1=0.9541 thr=0.35 time=71.5s
[Epoch 467] loss=0.0611 miou=0.9086 f1=0.9471 thr=0.40 time=71.6s
[Epoch 468] loss=0.0576 miou=0.9084 f1=0.9467 thr=0.35 time=71.6s
[Epoch 469] loss=0.0604 miou=0.9145 f1=0.9505 thr=0.45 time=71.6s
[Epoch 470] loss=0.0568 miou=0.9151 f1=0.9512 thr=0.35 time=71.7s
[Epoch 471] loss=0.0605 miou=0.9160 f1=0.9513 thr=0.50 time=71.5s
[Epoch 472] loss=0.0546 miou=0.9169 f1=0.9519 thr=0.50 time=71.6s
[Epoch 473] loss=0.0572 miou=0.9149 f1=0.9508 thr=0.45 time=71.7s
[Epoch 474] loss=0.0616 miou=0.9126 f1=0.9497 thr=0.40 time=71.6s
[Epoch 475] loss=0.0601 miou=0.9101 f1=0.9479 thr=0.35 time=73.2s
[Epoch 476] loss=0.0587 miou=0.9183 f1=0.9529 thr=0.35 time=71.6s
[Epoch 477] loss=0.0607 miou=0.9100 f1=0.9455 thr=0.35 time=72.3s
[Epoch 478] loss=0.0587 miou=0.9184 f1=0.9530 thr=0.35 time=72.4s
[Epoch 479] loss=0.0582 miou=0.9138 f1=0.9505 thr=0.45 time=71.6s
[Epoch 480] loss=0.0555 miou=0.9161 f1=0.9512 thr=0.35 time=71.5s
[Epoch 481] loss=0.0568 miou=0.9113 f1=0.9473 thr=0.35 time=71.6s
[Epoch 482] loss=0.0563 miou=0.9176 f1=0.9524 thr=0.55 time=71.6s
[Epoch 483] loss=0.0552 miou=0.9195 f1=0.9534 thr=0.35 time=71.6s
[Epoch 484] loss=0.0602 miou=0.9199 f1=0.9541 thr=0.45 time=71.6s
[Epoch 485] loss=0.0621 miou=0.9164 f1=0.9520 thr=0.35 time=71.5s
[Epoch 486] loss=0.0560 miou=0.9206 f1=0.9544 thr=0.55 time=71.6s
[Epoch 487] loss=0.0851 miou=0.8947 f1=0.9380 thr=0.35 time=71.6s
[Epoch 488] loss=0.0579 miou=0.9181 f1=0.9526 thr=0.40 time=72.1s
[Epoch 489] loss=0.0534 miou=0.9141 f1=0.9510 thr=0.35 time=72.2s
[Epoch 490] loss=0.0693 miou=0.9037 f1=0.9445 thr=0.35 time=72.9s
[Epoch 491] loss=0.0583 miou=0.9216 f1=0.9553 thr=0.40 time=72.5s
[Epoch 492] loss=0.0606 miou=0.9156 f1=0.9515 thr=0.35 time=72.3s
[Epoch 493] loss=0.0529 miou=0.9237 f1=0.9568 thr=0.35 time=71.6s
[Epoch 494] loss=0.0506 miou=0.9246 f1=0.9575 thr=0.35 time=71.6s
[Epoch 495] loss=0.0521 miou=0.9279 f1=0.9595 thr=0.35 time=71.6s
[Epoch 496] loss=0.0516 miou=0.9260 f1=0.9585 thr=0.45 time=71.6s
[Epoch 497] loss=0.0492 miou=0.9264 f1=0.9586 thr=0.35 time=71.7s
[Epoch 498] loss=0.0502 miou=0.9264 f1=0.9585 thr=0.35 time=71.6s
[Epoch 499] loss=0.0516 miou=0.9265 f1=0.9585 thr=0.35 time=71.6s
[Epoch 500] loss=0.0531 miou=0.9232 f1=0.9570 thr=0.35 time=71.6s
[Epoch 501] loss=0.0516 miou=0.9268 f1=0.9588 thr=0.35 time=71.6s
[Epoch 502] loss=0.0544 miou=0.9240 f1=0.9573 thr=0.45 time=71.5s
[Epoch 503] loss=0.0545 miou=0.9252 f1=0.9582 thr=0.35 time=71.5s
[Epoch 504] loss=0.0547 miou=0.9286 f1=0.9600 thr=0.35 time=71.5s
[Epoch 505] loss=0.0552 miou=0.9271 f1=0.9591 thr=0.50 time=71.6s
[Epoch 506] loss=0.0534 miou=0.9250 f1=0.9579 thr=0.50 time=71.4s
[Epoch 507] loss=0.0559 miou=0.9246 f1=0.9576 thr=0.45 time=71.5s
[Epoch 508] loss=0.0546 miou=0.9231 f1=0.9565 thr=0.35 time=71.4s
[Epoch 509] loss=0.0563 miou=0.9197 f1=0.9545 thr=0.35 time=71.6s
[Epoch 510] loss=0.0548 miou=0.9219 f1=0.9561 thr=0.35 time=71.5s
[Epoch 511] loss=0.0555 miou=0.9282 f1=0.9597 thr=0.40 time=71.4s
[Epoch 512] loss=0.0574 miou=0.9253 f1=0.9583 thr=0.40 time=71.5s
[Epoch 513] loss=0.0580 miou=0.9211 f1=0.9556 thr=0.55 time=71.5s
[Epoch 514] loss=0.0563 miou=0.9231 f1=0.9567 thr=0.35 time=71.7s
[Epoch 515] loss=0.0596 miou=0.9222 f1=0.9566 thr=0.35 time=71.6s
[Epoch 516] loss=0.0558 miou=0.9218 f1=0.9559 thr=0.35 time=71.5s
[Epoch 517] loss=0.0541 miou=0.9214 f1=0.9559 thr=0.35 time=71.4s
[Epoch 518] loss=0.0594 miou=0.9210 f1=0.9556 thr=0.35 time=71.5s
[Epoch 519] loss=0.0623 miou=0.9189 f1=0.9544 thr=0.35 time=71.6s
[Epoch 520] loss=0.0605 miou=0.9173 f1=0.9531 thr=0.35 time=71.6s
[Epoch 521] loss=0.0590 miou=0.9238 f1=0.9572 thr=0.55 time=71.5s
[Epoch 522] loss=0.0598 miou=0.9245 f1=0.9574 thr=0.35 time=71.7s
[Epoch 523] loss=0.0570 miou=0.9229 f1=0.9565 thr=0.35 time=71.5s
[Epoch 524] loss=0.0565 miou=0.9201 f1=0.9549 thr=0.50 time=71.5s
[Epoch 525] loss=0.0595 miou=0.9207 f1=0.9546 thr=0.35 time=71.5s
[Epoch 526] loss=0.0551 miou=0.9191 f1=0.9538 thr=0.35 time=71.6s
[Epoch 527] loss=0.0550 miou=0.9226 f1=0.9560 thr=0.35 time=71.6s
[Epoch 528] loss=0.0555 miou=0.9245 f1=0.9568 thr=0.35 time=71.7s
[Epoch 529] loss=0.0554 miou=0.9069 f1=0.9461 thr=0.40 time=71.7s
[Epoch 530] loss=0.0580 miou=0.9185 f1=0.9538 thr=0.35 time=71.5s
[Epoch 531] loss=0.0575 miou=0.9216 f1=0.9557 thr=0.45 time=71.7s
[Epoch 532] loss=0.0575 miou=0.9199 f1=0.9544 thr=0.35 time=71.6s
[Epoch 533] loss=0.0608 miou=0.9189 f1=0.9539 thr=0.45 time=71.6s
[Epoch 534] loss=0.0582 miou=0.9132 f1=0.9497 thr=0.35 time=71.7s
[Epoch 535] loss=0.0569 miou=0.9171 f1=0.9527 thr=0.35 time=71.6s
[Epoch 536] loss=0.0525 miou=0.9194 f1=0.9535 thr=0.35 time=71.6s
[Epoch 537] loss=0.0531 miou=0.9221 f1=0.9551 thr=0.50 time=71.6s
[Epoch 538] loss=0.0531 miou=0.9212 f1=0.9543 thr=0.35 time=71.6s
[Epoch 539] loss=0.0532 miou=0.9227 f1=0.9556 thr=0.45 time=71.6s
[Epoch 540] loss=0.0579 miou=0.9011 f1=0.9410 thr=0.35 time=72.1s
[Epoch 541] loss=0.0572 miou=0.9140 f1=0.9500 thr=0.35 time=71.5s
[Epoch 542] loss=0.0606 miou=0.9185 f1=0.9526 thr=0.50 time=71.5s
[Epoch 543] loss=0.0554 miou=0.9202 f1=0.9537 thr=0.40 time=72.3s
[Epoch 544] loss=0.0545 miou=0.9237 f1=0.9559 thr=0.35 time=73.0s
[Epoch 545] loss=0.0547 miou=0.9179 f1=0.9524 thr=0.35 time=73.0s
[Epoch 546] loss=0.0575 miou=0.9131 f1=0.9493 thr=0.35 time=72.7s
[Epoch 547] loss=0.0589 miou=0.9096 f1=0.9464 thr=0.35 time=71.6s
[Epoch 548] loss=0.0570 miou=0.9105 f1=0.9476 thr=0.35 time=71.5s
[Epoch 549] loss=0.0625 miou=0.9090 f1=0.9464 thr=0.35 time=71.5s
[Epoch 550] loss=0.0624 miou=0.9132 f1=0.9485 thr=0.35 time=72.3s
[Epoch 551] loss=0.0582 miou=0.9147 f1=0.9499 thr=0.35 time=72.8s
[Epoch 552] loss=0.0616 miou=0.9130 f1=0.9491 thr=0.35 time=72.3s
[Epoch 553] loss=0.0610 miou=0.9167 f1=0.9512 thr=0.45 time=73.1s
[Epoch 554] loss=0.0574 miou=0.9205 f1=0.9538 thr=0.35 time=72.5s
[Epoch 555] loss=0.0562 miou=0.9175 f1=0.9520 thr=0.35 time=71.6s
[Epoch 556] loss=0.0545 miou=0.9167 f1=0.9512 thr=0.35 time=73.1s
[Epoch 557] loss=0.0596 miou=0.9166 f1=0.9515 thr=0.55 time=72.3s
[Epoch 558] loss=0.0589 miou=0.9158 f1=0.9514 thr=0.50 time=72.3s
[Epoch 559] loss=0.0579 miou=0.9193 f1=0.9536 thr=0.35 time=73.0s
[Epoch 560] loss=0.0559 miou=0.9220 f1=0.9551 thr=0.35 time=71.5s
[Epoch 561] loss=0.0610 miou=0.9187 f1=0.9531 thr=0.35 time=71.6s
[Epoch 562] loss=0.0637 miou=0.9115 f1=0.9490 thr=0.35 time=73.1s
[Epoch 563] loss=0.0578 miou=0.9128 f1=0.9496 thr=0.50 time=72.4s
[Epoch 564] loss=0.0599 miou=0.9181 f1=0.9526 thr=0.35 time=72.4s
[Epoch 565] loss=0.0593 miou=0.9176 f1=0.9521 thr=0.35 time=73.1s
[Epoch 566] loss=0.0578 miou=0.9196 f1=0.9536 thr=0.35 time=73.2s
[Epoch 567] loss=0.0567 miou=0.9111 f1=0.9484 thr=0.45 time=71.8s
[Epoch 568] loss=0.0611 miou=0.9199 f1=0.9540 thr=0.40 time=72.4s
[Epoch 569] loss=0.0605 miou=0.9138 f1=0.9501 thr=0.35 time=72.3s
[Epoch 570] loss=0.0574 miou=0.9206 f1=0.9542 thr=0.35 time=72.2s
[Epoch 571] loss=0.0556 miou=0.9216 f1=0.9548 thr=0.55 time=71.5s
[Epoch 572] loss=0.0526 miou=0.9227 f1=0.9550 thr=0.50 time=71.5s
[Epoch 573] loss=0.0553 miou=0.9195 f1=0.9533 thr=0.35 time=71.7s
[Epoch 574] loss=0.0561 miou=0.9235 f1=0.9558 thr=0.35 time=71.4s
[Epoch 575] loss=0.0567 miou=0.9183 f1=0.9527 thr=0.35 time=73.0s
[Epoch 576] loss=0.0560 miou=0.9208 f1=0.9546 thr=0.35 time=71.6s
[Epoch 577] loss=0.0585 miou=0.9203 f1=0.9542 thr=0.45 time=71.5s
[Epoch 578] loss=0.0587 miou=0.9174 f1=0.9528 thr=0.35 time=72.3s
[Epoch 579] loss=0.0578 miou=0.9205 f1=0.9545 thr=0.35 time=73.1s
[Epoch 580] loss=0.0571 miou=0.9225 f1=0.9555 thr=0.35 time=73.1s
[Epoch 581] loss=0.0534 miou=0.9190 f1=0.9528 thr=0.35 time=72.3s
[Epoch 582] loss=0.0559 miou=0.9220 f1=0.9554 thr=0.45 time=71.5s
[Epoch 583] loss=0.0582 miou=0.9189 f1=0.9533 thr=0.35 time=71.6s
[Epoch 584] loss=0.0536 miou=0.9182 f1=0.9529 thr=0.35 time=71.6s
[Epoch 585] loss=0.0568 miou=0.9200 f1=0.9540 thr=0.35 time=71.5s
[Epoch 586] loss=0.0572 miou=0.9206 f1=0.9542 thr=0.40 time=71.5s
[Epoch 587] loss=0.0570 miou=0.9218 f1=0.9549 thr=0.50 time=71.4s
[Epoch 588] loss=0.0604 miou=0.9149 f1=0.9512 thr=0.50 time=71.5s
[Epoch 589] loss=0.0616 miou=0.9197 f1=0.9541 thr=0.35 time=71.5s
[Epoch 590] loss=0.0645 miou=0.9174 f1=0.9524 thr=0.35 time=71.5s
[Epoch 591] loss=0.0567 miou=0.9214 f1=0.9550 thr=0.35 time=71.5s
[Epoch 592] loss=0.0578 miou=0.9208 f1=0.9545 thr=0.55 time=71.5s
[Epoch 593] loss=0.0585 miou=0.9189 f1=0.9526 thr=0.35 time=71.5s
[Epoch 594] loss=0.0586 miou=0.9158 f1=0.9510 thr=0.35 time=71.6s
[Epoch 595] loss=0.0590 miou=0.9163 f1=0.9519 thr=0.40 time=71.7s
[Epoch 596] loss=0.0589 miou=0.9207 f1=0.9545 thr=0.35 time=71.7s
[Epoch 597] loss=0.0552 miou=0.9166 f1=0.9519 thr=0.55 time=71.6s
[Epoch 598] loss=0.0571 miou=0.9219 f1=0.9552 thr=0.35 time=71.6s
[Epoch 599] loss=0.0558 miou=0.9214 f1=0.9549 thr=0.35 time=71.6s
[Epoch 600] loss=0.0555 miou=0.9195 f1=0.9537 thr=0.50 time=71.6s
[Epoch 601] loss=0.0562 miou=0.9234 f1=0.9557 thr=0.35 time=71.6s
[Epoch 602] loss=0.0577 miou=0.9218 f1=0.9550 thr=0.35 time=71.7s
[Epoch 603] loss=0.0588 miou=0.9190 f1=0.9530 thr=0.35 time=71.8s
[Epoch 604] loss=0.0615 miou=0.9209 f1=0.9538 thr=0.35 time=71.6s
[Epoch 605] loss=0.0609 miou=0.9207 f1=0.9542 thr=0.40 time=71.6s
[Epoch 606] loss=0.0592 miou=0.9181 f1=0.9522 thr=0.35 time=71.5s
[Epoch 607] loss=0.0567 miou=0.9211 f1=0.9542 thr=0.35 time=71.5s
[Epoch 608] loss=0.0561 miou=0.9194 f1=0.9535 thr=0.35 time=71.4s
[Epoch 609] loss=0.0555 miou=0.9159 f1=0.9511 thr=0.35 time=71.4s
[Epoch 610] loss=0.0516 miou=0.9211 f1=0.9549 thr=0.45 time=71.5s
[Epoch 611] loss=0.0546 miou=0.9199 f1=0.9529 thr=0.35 time=71.3s
[Epoch 612] loss=0.0541 miou=0.9190 f1=0.9522 thr=0.45 time=71.4s
[Epoch 613] loss=0.0544 miou=0.9193 f1=0.9532 thr=0.50 time=71.3s
[Epoch 614] loss=0.0533 miou=0.9191 f1=0.9533 thr=0.35 time=71.3s
[Epoch 615] loss=0.0583 miou=0.9218 f1=0.9547 thr=0.40 time=71.4s
[Epoch 616] loss=0.0599 miou=0.9228 f1=0.9557 thr=0.35 time=71.4s
[Epoch 617] loss=0.0581 miou=0.9220 f1=0.9549 thr=0.35 time=71.4s
[Epoch 618] loss=0.0592 miou=0.9240 f1=0.9563 thr=0.35 time=71.4s
[Epoch 619] loss=0.0604 miou=0.9202 f1=0.9542 thr=0.40 time=71.4s
[Epoch 620] loss=0.0566 miou=0.9197 f1=0.9538 thr=0.45 time=71.4s
[Epoch 621] loss=0.0556 miou=0.9172 f1=0.9519 thr=0.55 time=71.3s
[Epoch 622] loss=0.0569 miou=0.9213 f1=0.9548 thr=0.45 time=71.4s
[Epoch 623] loss=0.0545 miou=0.9180 f1=0.9526 thr=0.35 time=71.4s
[Epoch 624] loss=0.0552 miou=0.9180 f1=0.9526 thr=0.50 time=71.4s
[Epoch 625] loss=0.0533 miou=0.9234 f1=0.9553 thr=0.35 time=71.5s
[Epoch 626] loss=0.0543 miou=0.9208 f1=0.9542 thr=0.35 time=71.5s
[Epoch 627] loss=0.0522 miou=0.9222 f1=0.9554 thr=0.40 time=71.4s
[Epoch 628] loss=0.0552 miou=0.9200 f1=0.9539 thr=0.35 time=71.4s
[Epoch 629] loss=0.0555 miou=0.9237 f1=0.9561 thr=0.35 time=71.5s
[Epoch 630] loss=0.0544 miou=0.9222 f1=0.9554 thr=0.35 time=71.4s
[Epoch 631] loss=0.0556 miou=0.9215 f1=0.9550 thr=0.45 time=71.5s
[Epoch 632] loss=0.0563 miou=0.9234 f1=0.9563 thr=0.35 time=72.6s
[Epoch 633] loss=0.0557 miou=0.9168 f1=0.9522 thr=0.35 time=71.4s
[Epoch 634] loss=0.0547 miou=0.9184 f1=0.9529 thr=0.35 time=72.8s
[Epoch 635] loss=0.0588 miou=0.9187 f1=0.9532 thr=0.35 time=71.6s
[Epoch 636] loss=0.0588 miou=0.9242 f1=0.9566 thr=0.35 time=71.5s
[Epoch 637] loss=0.0571 miou=0.9244 f1=0.9568 thr=0.35 time=71.9s
[Epoch 638] loss=0.0557 miou=0.9248 f1=0.9569 thr=0.35 time=71.4s
[Epoch 639] loss=0.0608 miou=0.9034 f1=0.9433 thr=0.40 time=71.4s
[Epoch 640] loss=0.0655 miou=0.8667 f1=0.9164 thr=0.35 time=71.5s
[Epoch 641] loss=0.0573 miou=0.9184 f1=0.9516 thr=0.35 time=71.5s
[Epoch 642] loss=0.0472 miou=0.9215 f1=0.9546 thr=0.45 time=71.5s
[Epoch 643] loss=0.0451 miou=0.9256 f1=0.9577 thr=0.35 time=71.5s
[Epoch 644] loss=0.0438 miou=0.9267 f1=0.9582 thr=0.35 time=71.8s
[Epoch 645] loss=0.0465 miou=0.9271 f1=0.9583 thr=0.35 time=71.5s
[Epoch 646] loss=0.0442 miou=0.9286 f1=0.9593 thr=0.50 time=71.7s
[Epoch 647] loss=0.0440 miou=0.9295 f1=0.9599 thr=0.35 time=71.5s
[Epoch 648] loss=0.0459 miou=0.9287 f1=0.9594 thr=0.50 time=71.7s
[Epoch 649] loss=0.0452 miou=0.9279 f1=0.9591 thr=0.45 time=71.6s
[Epoch 650] loss=0.0439 miou=0.9302 f1=0.9603 thr=0.35 time=71.6s
[Epoch 651] loss=0.0441 miou=0.9306 f1=0.9604 thr=0.35 time=71.6s
[Epoch 652] loss=0.0457 miou=0.9298 f1=0.9599 thr=0.35 time=71.6s
[Epoch 653] loss=0.0443 miou=0.9231 f1=0.9556 thr=0.35 time=71.6s
[Epoch 654] loss=0.0455 miou=0.9261 f1=0.9577 thr=0.35 time=71.7s
[Epoch 655] loss=0.0454 miou=0.9239 f1=0.9563 thr=0.35 time=71.5s
[Epoch 656] loss=0.0456 miou=0.9221 f1=0.9554 thr=0.40 time=71.6s
[Epoch 657] loss=0.0450 miou=0.9285 f1=0.9591 thr=0.40 time=71.6s
[Epoch 658] loss=0.0454 miou=0.9278 f1=0.9588 thr=0.55 time=71.6s
[Epoch 659] loss=0.0460 miou=0.9237 f1=0.9559 thr=0.55 time=71.6s
[Epoch 660] loss=0.0470 miou=0.9240 f1=0.9561 thr=0.40 time=71.6s
[Epoch 661] loss=0.0459 miou=0.9245 f1=0.9567 thr=0.40 time=71.7s
[Epoch 662] loss=0.0474 miou=0.9260 f1=0.9575 thr=0.35 time=71.6s
[Epoch 663] loss=0.0540 miou=0.9210 f1=0.9541 thr=0.35 time=71.6s
[Epoch 664] loss=0.0497 miou=0.9192 f1=0.9536 thr=0.35 time=71.7s
[Epoch 665] loss=0.0535 miou=0.9236 f1=0.9561 thr=0.35 time=71.6s
[Epoch 666] loss=0.0540 miou=0.9188 f1=0.9532 thr=0.35 time=71.6s
[Epoch 667] loss=0.0532 miou=0.9200 f1=0.9532 thr=0.35 time=71.6s
[Epoch 668] loss=0.0538 miou=0.9229 f1=0.9547 thr=0.35 time=72.4s
[Epoch 669] loss=0.0526 miou=0.9212 f1=0.9539 thr=0.35 time=72.8s
[Epoch 670] loss=0.0553 miou=0.9231 f1=0.9554 thr=0.35 time=72.8s
[Epoch 671] loss=0.0527 miou=0.9207 f1=0.9528 thr=0.35 time=72.1s
[Epoch 672] loss=0.0482 miou=0.9249 f1=0.9563 thr=0.45 time=72.8s
[Epoch 673] loss=0.0489 miou=0.9213 f1=0.9543 thr=0.35 time=73.1s
[Epoch 674] loss=0.0531 miou=0.9217 f1=0.9546 thr=0.35 time=71.7s
[Epoch 675] loss=0.0528 miou=0.9177 f1=0.9524 thr=0.40 time=71.5s
[Epoch 676] loss=0.0542 miou=0.9221 f1=0.9548 thr=0.35 time=71.5s
[Epoch 677] loss=0.0541 miou=0.9222 f1=0.9549 thr=0.55 time=71.5s
[Epoch 678] loss=0.0522 miou=0.9195 f1=0.9535 thr=0.40 time=71.5s
[Epoch 679] loss=0.0549 miou=0.9213 f1=0.9545 thr=0.35 time=71.6s
[Epoch 680] loss=0.0541 miou=0.9194 f1=0.9534 thr=0.35 time=71.5s
[Epoch 681] loss=0.0534 miou=0.9189 f1=0.9529 thr=0.55 time=71.6s
[Epoch 682] loss=0.0574 miou=0.9142 f1=0.9507 thr=0.45 time=71.4s
[Epoch 683] loss=0.0509 miou=0.9197 f1=0.9538 thr=0.35 time=71.6s
[Epoch 684] loss=0.0514 miou=0.9165 f1=0.9509 thr=0.50 time=71.6s
[Epoch 685] loss=0.0511 miou=0.9167 f1=0.9510 thr=0.35 time=71.6s
[Epoch 686] loss=0.0533 miou=0.9218 f1=0.9548 thr=0.35 time=71.5s
[Epoch 687] loss=0.0525 miou=0.9217 f1=0.9549 thr=0.35 time=71.6s
[Epoch 688] loss=0.0537 miou=0.9195 f1=0.9530 thr=0.35 time=71.4s
[Epoch 689] loss=0.0484 miou=0.9205 f1=0.9536 thr=0.35 time=71.6s
[Epoch 690] loss=0.0508 miou=0.9220 f1=0.9544 thr=0.35 time=71.6s
[Epoch 691] loss=0.0506 miou=0.9245 f1=0.9562 thr=0.35 time=71.5s
[Epoch 692] loss=0.0504 miou=0.9191 f1=0.9525 thr=0.35 time=71.6s
[Epoch 693] loss=0.0508 miou=0.9222 f1=0.9543 thr=0.35 time=71.4s
[Epoch 694] loss=0.0491 miou=0.9226 f1=0.9548 thr=0.35 time=71.5s
[Epoch 695] loss=0.0509 miou=0.9198 f1=0.9533 thr=0.35 time=71.7s
[Epoch 696] loss=0.0541 miou=0.9204 f1=0.9538 thr=0.35 time=71.5s
[Epoch 697] loss=0.0519 miou=0.9206 f1=0.9535 thr=0.35 time=71.6s
[Epoch 698] loss=0.0553 miou=0.9203 f1=0.9534 thr=0.35 time=71.4s
[Epoch 699] loss=0.0530 miou=0.9225 f1=0.9547 thr=0.35 time=71.3s
[Epoch 700] loss=0.0532 miou=0.9209 f1=0.9541 thr=0.35 time=71.4s
[Epoch 701] loss=0.0533 miou=0.9231 f1=0.9550 thr=0.35 time=71.7s
[Epoch 702] loss=0.0525 miou=0.9188 f1=0.9530 thr=0.35 time=71.4s
[Epoch 703] loss=0.0540 miou=0.9224 f1=0.9544 thr=0.55 time=71.6s
[Epoch 704] loss=0.0519 miou=0.9194 f1=0.9528 thr=0.35 time=71.6s
[Epoch 705] loss=0.0548 miou=0.9250 f1=0.9567 thr=0.35 time=71.4s
[Epoch 706] loss=0.0579 miou=0.8831 f1=0.9280 thr=0.50 time=71.4s
[Epoch 707] loss=0.0602 miou=0.9155 f1=0.9500 thr=0.35 time=71.4s
[Epoch 708] loss=0.0480 miou=0.9165 f1=0.9505 thr=0.35 time=71.5s
[Epoch 709] loss=0.0471 miou=0.9249 f1=0.9566 thr=0.35 time=71.4s
[Epoch 710] loss=0.0459 miou=0.9252 f1=0.9571 thr=0.35 time=71.5s
[Epoch 711] loss=0.0466 miou=0.9259 f1=0.9570 thr=0.35 time=71.5s
[Epoch 712] loss=0.0465 miou=0.9242 f1=0.9565 thr=0.35 time=71.3s
[Epoch 713] loss=0.0458 miou=0.9270 f1=0.9579 thr=0.35 time=71.3s
[Epoch 714] loss=0.0470 miou=0.9296 f1=0.9597 thr=0.35 time=71.5s
[Epoch 715] loss=0.0529 miou=0.9269 f1=0.9579 thr=0.35 time=71.5s
[Epoch 716] loss=0.0466 miou=0.9269 f1=0.9580 thr=0.40 time=71.3s
[Epoch 717] loss=0.0423 miou=0.9285 f1=0.9586 thr=0.35 time=71.3s
[Epoch 718] loss=0.0428 miou=0.9283 f1=0.9586 thr=0.50 time=71.5s
[Epoch 719] loss=0.0451 miou=0.9274 f1=0.9582 thr=0.45 time=71.3s
[Epoch 720] loss=0.0446 miou=0.9272 f1=0.9578 thr=0.40 time=71.5s
[Epoch 721] loss=0.0465 miou=0.9264 f1=0.9575 thr=0.35 time=71.5s
[Epoch 722] loss=0.0520 miou=0.9233 f1=0.9558 thr=0.35 time=71.5s
[Epoch 723] loss=0.0522 miou=0.9236 f1=0.9563 thr=0.35 time=71.5s
[Epoch 724] loss=0.0486 miou=0.9248 f1=0.9570 thr=0.35 time=71.6s
[Epoch 725] loss=0.0494 miou=0.9250 f1=0.9572 thr=0.45 time=71.6s
[Epoch 726] loss=0.0482 miou=0.9235 f1=0.9561 thr=0.50 time=71.4s
[Epoch 727] loss=0.0460 miou=0.9260 f1=0.9576 thr=0.40 time=71.5s
[Epoch 728] loss=0.0496 miou=0.9163 f1=0.9515 thr=0.35 time=71.6s
[Epoch 729] loss=0.0468 miou=0.9235 f1=0.9551 thr=0.35 time=71.5s
[Epoch 730] loss=0.0476 miou=0.9252 f1=0.9571 thr=0.35 time=71.6s
[Epoch 731] loss=0.0495 miou=0.9270 f1=0.9580 thr=0.35 time=71.5s
[Epoch 732] loss=0.0510 miou=0.9261 f1=0.9577 thr=0.45 time=71.4s
[Epoch 733] loss=0.0486 miou=0.9264 f1=0.9579 thr=0.55 time=71.6s
[Epoch 734] loss=0.0499 miou=0.9264 f1=0.9581 thr=0.35 time=71.5s
[Epoch 735] loss=0.0513 miou=0.9184 f1=0.9530 thr=0.45 time=71.7s
[Epoch 736] loss=0.0484 miou=0.9272 f1=0.9584 thr=0.35 time=71.6s
[Epoch 737] loss=0.0438 miou=0.9227 f1=0.9555 thr=0.35 time=71.6s
[Epoch 738] loss=0.0475 miou=0.9240 f1=0.9561 thr=0.35 time=71.6s
[Epoch 739] loss=0.0483 miou=0.9174 f1=0.9511 thr=0.45 time=71.4s
[Epoch 740] loss=0.0476 miou=0.9254 f1=0.9575 thr=0.45 time=71.4s
[Epoch 741] loss=0.0461 miou=0.9232 f1=0.9550 thr=0.50 time=71.3s
[Epoch 742] loss=0.0481 miou=0.9197 f1=0.9534 thr=0.35 time=71.3s
[Epoch 743] loss=0.0463 miou=0.9236 f1=0.9558 thr=0.40 time=71.3s
[Epoch 744] loss=0.0455 miou=0.9207 f1=0.9535 thr=0.45 time=71.5s
[Epoch 745] loss=0.0468 miou=0.9186 f1=0.9523 thr=0.45 time=73.0s
[Epoch 746] loss=0.0475 miou=0.9173 f1=0.9516 thr=0.35 time=71.3s
[Epoch 747] loss=0.0491 miou=0.9226 f1=0.9551 thr=0.35 time=72.0s
[Epoch 748] loss=0.0524 miou=0.9159 f1=0.9515 thr=0.35 time=73.0s
[Epoch 749] loss=0.0491 miou=0.9225 f1=0.9550 thr=0.35 time=72.3s
[Epoch 750] loss=0.6871 miou=0.9226 f1=0.9557 thr=0.35 time=71.0s
[Epoch 751] loss=0.0496 miou=0.9016 f1=0.9412 thr=0.35 time=71.1s
[Epoch 752] loss=0.0822 miou=0.9016 f1=0.9427 thr=0.55 time=71.1s
[Epoch 753] loss=0.0551 miou=0.9203 f1=0.9541 thr=0.45 time=72.7s
[Epoch 754] loss=0.0541 miou=0.9213 f1=0.9552 thr=0.40 time=72.7s
[Epoch 755] loss=0.0450 miou=0.9244 f1=0.9571 thr=0.35 time=71.2s
[Epoch 756] loss=0.0425 miou=0.9275 f1=0.9588 thr=0.35 time=72.0s
[Epoch 757] loss=0.0426 miou=0.9267 f1=0.9583 thr=0.40 time=72.6s
[Epoch 758] loss=0.0453 miou=0.9258 f1=0.9578 thr=0.45 time=72.6s
[Epoch 759] loss=0.0471 miou=0.9264 f1=0.9581 thr=0.50 time=72.6s
[Epoch 760] loss=0.0458 miou=0.9294 f1=0.9600 thr=0.35 time=72.1s
[Epoch 761] loss=0.0442 miou=0.9291 f1=0.9596 thr=0.35 time=71.2s
[Epoch 762] loss=0.0469 miou=0.9248 f1=0.9568 thr=0.35 time=71.2s
[Epoch 763] loss=0.0441 miou=0.9305 f1=0.9607 thr=0.35 time=71.1s
[Epoch 764] loss=0.0437 miou=0.9308 f1=0.9608 thr=0.35 time=71.1s
[Epoch 765] loss=0.0455 miou=0.9298 f1=0.9602 thr=0.40 time=71.3s
[Epoch 766] loss=0.0436 miou=0.9302 f1=0.9604 thr=0.40 time=71.2s
[Epoch 767] loss=0.0447 miou=0.9314 f1=0.9613 thr=0.35 time=71.2s
[Epoch 768] loss=0.0449 miou=0.9313 f1=0.9611 thr=0.35 time=71.3s
[Epoch 769] loss=0.0438 miou=0.9298 f1=0.9602 thr=0.50 time=71.2s
[Epoch 770] loss=0.0479 miou=0.9292 f1=0.9597 thr=0.35 time=71.3s
[Epoch 771] loss=0.0460 miou=0.9296 f1=0.9600 thr=0.35 time=71.3s
[Epoch 772] loss=0.0453 miou=0.9294 f1=0.9598 thr=0.40 time=71.3s
[Epoch 773] loss=0.0465 miou=0.9286 f1=0.9595 thr=0.50 time=71.2s
[Epoch 774] loss=0.0454 miou=0.9283 f1=0.9593 thr=0.55 time=71.3s
[Epoch 775] loss=0.0468 miou=0.9290 f1=0.9595 thr=0.35 time=71.5s
[Epoch 776] loss=0.0488 miou=0.9229 f1=0.9560 thr=0.35 time=71.4s
[Epoch 777] loss=0.0480 miou=0.9239 f1=0.9565 thr=0.35 time=71.2s
[Epoch 778] loss=0.0444 miou=0.9255 f1=0.9573 thr=0.35 time=71.1s
[Epoch 779] loss=0.0488 miou=0.9251 f1=0.9573 thr=0.35 time=71.2s
[Epoch 780] loss=0.0485 miou=0.9257 f1=0.9578 thr=0.35 time=71.1s
[Epoch 781] loss=0.0503 miou=0.9242 f1=0.9565 thr=0.35 time=71.1s
[Epoch 782] loss=0.0510 miou=0.9104 f1=0.9484 thr=0.35 time=71.1s
[Epoch 783] loss=0.0506 miou=0.9223 f1=0.9553 thr=0.35 time=71.2s
[Epoch 784] loss=0.0496 miou=0.9222 f1=0.9556 thr=0.35 time=71.2s
[Epoch 785] loss=0.0527 miou=0.9245 f1=0.9568 thr=0.35 time=71.2s
[Epoch 786] loss=0.0514 miou=0.9210 f1=0.9546 thr=0.35 time=71.2s
[Epoch 787] loss=0.0498 miou=0.9246 f1=0.9568 thr=0.45 time=71.3s
[Epoch 788] loss=0.0532 miou=0.9256 f1=0.9569 thr=0.35 time=71.3s
[Epoch 789] loss=0.0543 miou=0.9277 f1=0.9586 thr=0.55 time=71.2s
[Epoch 790] loss=0.0509 miou=0.9249 f1=0.9570 thr=0.35 time=71.2s
[Epoch 791] loss=0.0498 miou=0.9247 f1=0.9567 thr=0.35 time=71.2s
[Epoch 792] loss=0.0490 miou=0.9230 f1=0.9558 thr=0.35 time=71.2s
[Epoch 793] loss=0.0487 miou=0.9251 f1=0.9572 thr=0.50 time=71.2s
[Epoch 794] loss=0.0495 miou=0.9257 f1=0.9574 thr=0.35 time=71.2s
[Epoch 795] loss=0.0500 miou=0.9267 f1=0.9580 thr=0.35 time=71.3s
[Epoch 796] loss=0.0496 miou=0.9253 f1=0.9574 thr=0.35 time=71.2s
[Epoch 797] loss=0.0503 miou=0.9260 f1=0.9579 thr=0.35 time=71.2s
[Epoch 798] loss=0.0501 miou=0.9270 f1=0.9583 thr=0.50 time=71.2s
[Epoch 799] loss=0.0501 miou=0.9256 f1=0.9572 thr=0.35 time=71.2s
[Epoch 800] loss=0.0517 miou=0.9220 f1=0.9554 thr=0.55 time=71.2s
[Epoch 801] loss=0.0521 miou=0.9247 f1=0.9566 thr=0.35 time=71.2s
[Epoch 802] loss=0.0499 miou=0.9245 f1=0.9565 thr=0.35 time=71.2s
[Epoch 803] loss=0.0507 miou=0.9245 f1=0.9570 thr=0.35 time=71.2s
[Epoch 804] loss=0.0518 miou=0.9205 f1=0.9536 thr=0.35 time=71.1s
[Epoch 805] loss=0.0523 miou=0.9229 f1=0.9560 thr=0.35 time=71.1s
[Epoch 806] loss=0.0530 miou=0.9233 f1=0.9557 thr=0.35 time=71.1s
[Epoch 807] loss=0.0527 miou=0.9205 f1=0.9544 thr=0.35 time=71.2s
[Epoch 808] loss=0.0537 miou=0.9194 f1=0.9532 thr=0.35 time=71.2s
[Epoch 809] loss=0.0524 miou=0.9208 f1=0.9540 thr=0.35 time=71.1s
[Epoch 810] loss=0.0527 miou=0.9250 f1=0.9569 thr=0.35 time=71.2s
[Epoch 811] loss=0.0478 miou=0.9261 f1=0.9575 thr=0.35 time=71.2s
[Epoch 812] loss=0.0450 miou=0.9255 f1=0.9573 thr=0.35 time=71.1s
[Epoch 813] loss=0.0476 miou=0.9227 f1=0.9557 thr=0.35 time=71.1s
[Epoch 814] loss=0.0494 miou=0.9240 f1=0.9567 thr=0.35 time=71.1s
[Epoch 815] loss=0.0510 miou=0.9261 f1=0.9575 thr=0.50 time=71.1s
[Epoch 816] loss=0.0542 miou=0.9232 f1=0.9560 thr=0.35 time=71.2s
[Epoch 817] loss=0.0514 miou=0.9218 f1=0.9544 thr=0.35 time=71.1s
[Epoch 818] loss=0.0510 miou=0.9183 f1=0.9531 thr=0.35 time=71.1s
[Epoch 819] loss=0.0522 miou=0.9214 f1=0.9541 thr=0.35 time=71.2s
[Epoch 820] loss=0.0496 miou=0.9185 f1=0.9525 thr=0.35 time=71.2s
[Epoch 821] loss=1.1229 miou=0.9163 f1=0.9516 thr=0.35 time=71.1s
[Epoch 822] loss=0.0442 miou=0.9189 f1=0.9515 thr=0.35 time=71.1s
[Epoch 823] loss=0.0433 miou=0.9244 f1=0.9558 thr=0.35 time=71.1s
[Epoch 824] loss=0.0438 miou=0.9267 f1=0.9580 thr=0.35 time=71.1s
[Epoch 825] loss=0.0413 miou=0.9266 f1=0.9580 thr=0.40 time=71.0s
[Epoch 826] loss=0.0413 miou=0.9267 f1=0.9575 thr=0.35 time=71.0s
[Epoch 827] loss=0.0413 miou=0.9258 f1=0.9570 thr=0.35 time=71.0s
[Epoch 828] loss=0.0406 miou=0.9263 f1=0.9574 thr=0.35 time=71.0s
[Epoch 829] loss=0.0419 miou=0.9268 f1=0.9578 thr=0.55 time=71.1s
[Epoch 830] loss=0.0423 miou=0.9259 f1=0.9576 thr=0.35 time=71.1s
[Epoch 831] loss=0.0428 miou=0.9272 f1=0.9579 thr=0.35 time=71.1s
[Epoch 832] loss=0.0434 miou=0.9275 f1=0.9584 thr=0.35 time=71.1s
[Epoch 833] loss=0.0411 miou=0.9296 f1=0.9597 thr=0.35 time=71.0s
[Epoch 834] loss=0.0439 miou=0.9279 f1=0.9587 thr=0.35 time=71.1s
[Epoch 835] loss=0.0415 miou=0.9260 f1=0.9571 thr=0.50 time=71.0s
[Epoch 836] loss=0.0423 miou=0.9225 f1=0.9555 thr=0.35 time=71.1s
[Epoch 837] loss=0.0410 miou=0.9240 f1=0.9561 thr=0.45 time=71.1s
[Epoch 838] loss=0.0411 miou=0.9239 f1=0.9560 thr=0.55 time=71.1s
[Epoch 839] loss=0.0423 miou=0.9235 f1=0.9560 thr=0.40 time=71.1s
[Epoch 840] loss=0.0426 miou=0.9249 f1=0.9568 thr=0.40 time=71.1s
[Epoch 841] loss=0.0427 miou=0.9263 f1=0.9575 thr=0.35 time=71.1s
[Epoch 842] loss=0.0437 miou=0.9236 f1=0.9563 thr=0.35 time=71.1s
[Epoch 843] loss=0.0460 miou=0.9247 f1=0.9565 thr=0.35 time=71.1s
[Epoch 844] loss=0.0452 miou=0.9207 f1=0.9543 thr=0.35 time=71.0s
[Epoch 845] loss=0.0484 miou=0.9256 f1=0.9570 thr=0.35 time=71.2s
[Epoch 846] loss=0.0493 miou=0.9214 f1=0.9547 thr=0.50 time=71.1s
[Epoch 847] loss=0.0461 miou=0.9218 f1=0.9551 thr=0.35 time=71.2s
[Epoch 848] loss=0.0471 miou=0.9197 f1=0.9538 thr=0.35 time=71.2s
[Epoch 849] loss=0.0493 miou=0.9174 f1=0.9522 thr=0.35 time=71.1s
[Epoch 850] loss=0.0497 miou=0.9226 f1=0.9549 thr=0.35 time=71.2s
[Epoch 851] loss=0.0469 miou=0.9224 f1=0.9552 thr=0.55 time=71.1s
[Epoch 852] loss=0.0458 miou=0.9270 f1=0.9581 thr=0.35 time=71.1s
[Epoch 853] loss=0.0486 miou=0.9247 f1=0.9565 thr=0.40 time=71.1s
[Epoch 854] loss=0.0483 miou=0.9229 f1=0.9555 thr=0.35 time=71.1s
[Epoch 855] loss=0.0475 miou=0.9233 f1=0.9556 thr=0.55 time=71.1s
[Epoch 856] loss=0.0479 miou=0.9253 f1=0.9567 thr=0.35 time=71.1s
[Epoch 857] loss=0.0509 miou=0.9228 f1=0.9555 thr=0.35 time=71.2s
[Epoch 858] loss=0.0495 miou=0.9241 f1=0.9563 thr=0.35 time=71.1s
[Epoch 859] loss=0.0499 miou=0.9239 f1=0.9562 thr=0.35 time=71.1s
[Epoch 860] loss=0.0463 miou=0.9221 f1=0.9552 thr=0.40 time=71.1s
[Epoch 861] loss=0.0445 miou=0.9238 f1=0.9559 thr=0.35 time=71.1s
[Epoch 862] loss=0.0432 miou=0.9261 f1=0.9572 thr=0.35 time=71.1s
[Epoch 863] loss=0.0430 miou=0.9258 f1=0.9574 thr=0.50 time=71.0s
[Epoch 864] loss=0.0430 miou=0.9258 f1=0.9571 thr=0.35 time=71.0s
[Epoch 865] loss=0.0441 miou=0.9258 f1=0.9572 thr=0.35 time=71.0s
[Epoch 866] loss=0.0445 miou=0.9221 f1=0.9547 thr=0.50 time=71.1s
[Epoch 867] loss=0.0434 miou=0.9268 f1=0.9582 thr=0.45 time=71.0s
[Epoch 868] loss=0.0432 miou=0.9188 f1=0.9531 thr=0.35 time=71.0s
[Epoch 869] loss=0.0433 miou=0.9216 f1=0.9549 thr=0.35 time=71.0s
[Epoch 870] loss=0.0432 miou=0.9261 f1=0.9573 thr=0.35 time=71.0s
[Epoch 871] loss=0.0443 miou=0.9243 f1=0.9561 thr=0.35 time=71.1s
[Epoch 872] loss=0.0443 miou=0.9280 f1=0.9585 thr=0.40 time=71.1s
[Epoch 873] loss=0.0424 miou=0.9254 f1=0.9571 thr=0.35 time=71.1s
[Epoch 874] loss=0.0446 miou=0.9257 f1=0.9570 thr=0.35 time=71.1s
[Epoch 875] loss=0.0432 miou=0.9246 f1=0.9565 thr=0.45 time=71.1s
[Epoch 876] loss=0.0470 miou=0.9255 f1=0.9571 thr=0.35 time=71.0s
[Epoch 877] loss=0.0467 miou=0.9246 f1=0.9565 thr=0.45 time=71.0s
[Epoch 878] loss=0.0469 miou=0.9219 f1=0.9550 thr=0.35 time=71.1s
[Epoch 879] loss=0.0451 miou=0.9260 f1=0.9576 thr=0.50 time=71.1s
[Epoch 880] loss=0.0454 miou=0.9254 f1=0.9573 thr=0.55 time=71.0s
[Epoch 881] loss=0.0456 miou=0.9283 f1=0.9588 thr=0.45 time=71.0s
[Epoch 882] loss=0.0464 miou=0.9211 f1=0.9547 thr=0.40 time=71.1s
[Epoch 883] loss=0.0466 miou=0.9264 f1=0.9577 thr=0.35 time=71.1s
[Epoch 884] loss=0.0481 miou=0.9213 f1=0.9542 thr=0.35 time=71.1s
[Epoch 885] loss=0.0471 miou=0.9223 f1=0.9551 thr=0.55 time=71.1s
[Epoch 886] loss=0.0448 miou=0.9206 f1=0.9538 thr=0.35 time=71.0s
[Epoch 887] loss=0.0500 miou=0.9205 f1=0.9535 thr=0.40 time=71.1s
[Epoch 888] loss=0.0508 miou=0.9228 f1=0.9554 thr=0.35 time=71.2s
[Epoch 889] loss=0.0475 miou=0.9251 f1=0.9570 thr=0.35 time=71.1s
[Epoch 890] loss=0.0470 miou=0.9227 f1=0.9553 thr=0.35 time=71.1s
[Epoch 891] loss=0.0479 miou=0.9209 f1=0.9544 thr=0.55 time=71.1s
[Epoch 892] loss=0.0478 miou=0.9217 f1=0.9545 thr=0.35 time=71.1s
[Epoch 893] loss=0.0479 miou=0.9224 f1=0.9554 thr=0.35 time=71.0s
[Epoch 894] loss=0.0476 miou=0.9234 f1=0.9558 thr=0.35 time=71.1s
[Epoch 895] loss=0.0472 miou=0.9257 f1=0.9570 thr=0.40 time=71.1s
[Epoch 896] loss=0.0474 miou=0.9271 f1=0.9577 thr=0.35 time=71.1s
[Epoch 897] loss=0.0468 miou=0.9275 f1=0.9584 thr=0.35 time=71.1s
[Epoch 898] loss=0.0463 miou=0.9267 f1=0.9577 thr=0.35 time=71.0s
[Epoch 899] loss=0.0484 miou=0.9266 f1=0.9577 thr=0.40 time=71.1s
[Epoch 900] loss=0.0437 miou=0.9244 f1=0.9561 thr=0.35 time=71.1s
[Epoch 901] loss=0.0494 miou=0.9263 f1=0.9568 thr=0.35 time=71.1s
[Epoch 902] loss=0.0486 miou=0.9149 f1=0.9501 thr=0.35 time=71.1s
[Epoch 903] loss=0.0499 miou=0.9180 f1=0.9523 thr=0.35 time=71.1s
[Epoch 904] loss=0.0466 miou=0.9212 f1=0.9537 thr=0.35 time=71.2s
[Epoch 905] loss=0.0492 miou=0.9205 f1=0.9542 thr=0.35 time=71.1s
[Epoch 906] loss=0.0422 miou=0.9245 f1=0.9564 thr=0.35 time=71.1s
[Epoch 907] loss=0.0436 miou=0.9218 f1=0.9551 thr=0.35 time=71.1s
[Epoch 908] loss=0.0439 miou=0.9267 f1=0.9578 thr=0.35 time=71.1s
[Epoch 909] loss=0.0438 miou=0.9222 f1=0.9552 thr=0.35 time=71.2s
[Epoch 910] loss=0.0419 miou=0.9279 f1=0.9583 thr=0.35 time=71.1s
[Epoch 911] loss=0.0435 miou=0.9254 f1=0.9573 thr=0.55 time=71.1s
[Epoch 912] loss=0.0440 miou=0.9218 f1=0.9551 thr=0.35 time=71.1s
[Epoch 913] loss=0.0459 miou=0.9236 f1=0.9557 thr=0.35 time=71.1s
[Epoch 914] loss=0.0456 miou=0.9226 f1=0.9551 thr=0.35 time=71.2s
[Epoch 915] loss=0.0453 miou=0.9187 f1=0.9527 thr=0.35 time=71.2s
[Epoch 916] loss=0.0479 miou=0.9227 f1=0.9553 thr=0.35 time=71.1s
[Epoch 917] loss=0.0473 miou=0.9227 f1=0.9554 thr=0.35 time=71.1s
[Epoch 918] loss=0.0445 miou=0.9243 f1=0.9562 thr=0.45 time=71.1s
[Epoch 919] loss=0.0467 miou=0.9182 f1=0.9528 thr=0.35 time=71.1s
[Epoch 920] loss=0.0461 miou=0.9221 f1=0.9549 thr=0.35 time=71.1s
[Epoch 921] loss=0.0471 miou=0.9255 f1=0.9568 thr=0.35 time=71.0s
[Epoch 922] loss=0.0486 miou=0.9250 f1=0.9560 thr=0.35 time=71.0s
[Epoch 923] loss=0.0472 miou=0.9230 f1=0.9551 thr=0.55 time=71.0s
[Epoch 924] loss=0.0452 miou=0.9248 f1=0.9559 thr=0.40 time=71.0s
[Epoch 925] loss=0.0463 miou=0.9250 f1=0.9564 thr=0.35 time=71.1s
[Epoch 926] loss=0.0429 miou=0.9254 f1=0.9569 thr=0.35 time=71.1s
[Epoch 927] loss=0.0428 miou=0.9243 f1=0.9559 thr=0.55 time=71.1s
[Epoch 928] loss=0.0419 miou=0.9244 f1=0.9563 thr=0.40 time=71.0s
[Epoch 929] loss=0.0474 miou=0.9243 f1=0.9566 thr=0.40 time=71.1s
[Epoch 930] loss=0.0459 miou=0.9267 f1=0.9575 thr=0.35 time=71.1s
[Epoch 931] loss=0.0496 miou=0.9239 f1=0.9559 thr=0.55 time=71.2s
[Epoch 932] loss=0.0495 miou=0.9202 f1=0.9524 thr=0.40 time=71.1s
[Epoch 933] loss=0.0456 miou=0.9220 f1=0.9539 thr=0.35 time=71.1s
[Epoch 934] loss=0.0464 miou=0.9220 f1=0.9537 thr=0.35 time=71.1s
[Epoch 935] loss=0.0470 miou=0.9225 f1=0.9552 thr=0.35 time=71.0s
[Epoch 936] loss=0.0523 miou=0.9189 f1=0.9531 thr=0.55 time=71.3s
[Epoch 937] loss=0.0480 miou=0.9213 f1=0.9543 thr=0.50 time=71.1s
[Epoch 938] loss=0.0454 miou=0.9245 f1=0.9560 thr=0.35 time=71.1s
[Epoch 939] loss=0.0503 miou=0.9225 f1=0.9554 thr=0.35 time=71.2s
[Epoch 940] loss=0.0463 miou=0.9216 f1=0.9548 thr=0.35 time=71.2s
[Epoch 941] loss=0.0458 miou=0.9250 f1=0.9566 thr=0.55 time=71.1s
[Epoch 942] loss=0.0457 miou=0.9245 f1=0.9563 thr=0.35 time=71.1s
[Epoch 943] loss=0.0422 miou=0.9241 f1=0.9561 thr=0.35 time=71.1s
[Epoch 944] loss=0.0438 miou=0.9270 f1=0.9579 thr=0.50 time=71.1s
[Epoch 945] loss=0.0444 miou=0.9258 f1=0.9573 thr=0.40 time=71.1s
[Epoch 946] loss=0.0466 miou=0.9264 f1=0.9575 thr=0.35 time=71.2s
[Epoch 947] loss=0.0453 miou=0.9259 f1=0.9572 thr=0.55 time=71.1s
[Epoch 948] loss=0.0463 miou=0.9262 f1=0.9574 thr=0.45 time=71.1s
[Epoch 949] loss=0.0475 miou=0.9255 f1=0.9568 thr=0.40 time=71.1s
[Epoch 950] loss=0.0482 miou=0.9219 f1=0.9547 thr=0.35 time=71.1s
[Epoch 951] loss=0.0489 miou=0.9227 f1=0.9554 thr=0.55 time=71.1s
[Epoch 952] loss=0.0491 miou=0.9230 f1=0.9554 thr=0.35 time=71.2s
[Epoch 953] loss=0.0488 miou=0.9234 f1=0.9558 thr=0.45 time=71.1s
[Epoch 954] loss=0.0480 miou=0.9239 f1=0.9561 thr=0.35 time=71.1s
[Epoch 955] loss=0.0481 miou=0.9233 f1=0.9555 thr=0.35 time=71.1s
[Epoch 956] loss=0.0499 miou=0.9226 f1=0.9553 thr=0.35 time=71.1s
[Epoch 957] loss=0.0485 miou=0.9234 f1=0.9556 thr=0.35 time=71.1s
[Epoch 958] loss=0.0477 miou=0.9251 f1=0.9567 thr=0.40 time=71.1s
[Epoch 959] loss=0.0510 miou=0.9203 f1=0.9541 thr=0.45 time=71.2s
[Epoch 960] loss=0.0533 miou=0.9204 f1=0.9540 thr=0.35 time=71.1s
[Epoch 961] loss=0.0504 miou=0.9214 f1=0.9544 thr=0.40 time=71.1s
[Epoch 962] loss=0.0530 miou=0.9209 f1=0.9543 thr=0.35 time=71.1s
[Epoch 963] loss=0.0501 miou=0.9215 f1=0.9544 thr=0.55 time=71.0s
[Epoch 964] loss=0.0487 miou=0.9234 f1=0.9556 thr=0.45 time=71.1s
[Epoch 965] loss=0.0473 miou=0.9267 f1=0.9572 thr=0.35 time=71.1s
[Epoch 966] loss=0.0457 miou=0.9239 f1=0.9558 thr=0.35 time=71.0s
[Epoch 967] loss=0.0477 miou=0.9238 f1=0.9564 thr=0.35 time=71.0s
[Epoch 968] loss=0.0439 miou=0.9263 f1=0.9576 thr=0.35 time=71.1s
[Epoch 969] loss=0.0455 miou=0.9236 f1=0.9560 thr=0.35 time=71.0s
[Epoch 970] loss=0.0480 miou=0.9252 f1=0.9568 thr=0.35 time=71.1s
[Epoch 971] loss=0.0480 miou=0.9300 f1=0.9596 thr=0.35 time=71.1s
[Epoch 972] loss=0.0475 miou=0.9260 f1=0.9571 thr=0.35 time=71.1s
[Epoch 973] loss=0.0461 miou=0.9264 f1=0.9571 thr=0.35 time=71.1s
[Epoch 974] loss=0.0412 miou=0.9271 f1=0.9573 thr=0.35 time=71.1s
[Epoch 975] loss=0.0475 miou=0.9183 f1=0.9520 thr=0.35 time=71.1s
[Epoch 976] loss=0.0544 miou=0.9100 f1=0.9470 thr=0.35 time=71.2s
[Epoch 977] loss=0.0473 miou=0.9129 f1=0.9488 thr=0.50 time=71.1s
[Epoch 978] loss=0.0423 miou=0.9231 f1=0.9547 thr=0.55 time=71.2s
[Epoch 979] loss=0.0416 miou=0.9244 f1=0.9560 thr=0.35 time=71.1s
[Epoch 980] loss=0.0405 miou=0.9261 f1=0.9569 thr=0.35 time=71.1s
[Epoch 981] loss=0.0401 miou=0.9274 f1=0.9576 thr=0.35 time=71.2s
[Epoch 982] loss=0.0398 miou=0.9264 f1=0.9570 thr=0.35 time=71.1s
[Epoch 983] loss=0.0393 miou=0.9264 f1=0.9567 thr=0.35 time=71.1s
[Epoch 984] loss=0.0394 miou=0.9254 f1=0.9564 thr=0.40 time=71.1s
[Epoch 985] loss=0.0394 miou=0.9257 f1=0.9563 thr=0.35 time=71.1s
[Epoch 986] loss=0.0409 miou=0.9256 f1=0.9566 thr=0.35 time=71.1s
[Epoch 987] loss=0.0391 miou=0.9280 f1=0.9580 thr=0.35 time=71.2s
[Epoch 988] loss=0.0407 miou=0.9282 f1=0.9585 thr=0.35 time=71.1s
[Epoch 989] loss=0.0406 miou=0.9294 f1=0.9592 thr=0.35 time=71.1s
[Epoch 990] loss=0.0403 miou=0.9295 f1=0.9595 thr=0.35 time=71.1s
[Epoch 991] loss=0.0403 miou=0.9279 f1=0.9582 thr=0.55 time=71.1s
[Epoch 992] loss=0.0399 miou=0.9299 f1=0.9594 thr=0.35 time=71.1s
[Epoch 993] loss=0.0411 miou=0.9251 f1=0.9567 thr=0.55 time=71.0s
[Epoch 994] loss=0.0431 miou=0.9290 f1=0.9591 thr=0.35 time=71.0s
[Epoch 995] loss=0.0410 miou=0.9246 f1=0.9565 thr=0.55 time=71.0s
[Epoch 996] loss=0.0410 miou=0.9283 f1=0.9586 thr=0.35 time=70.9s
[Epoch 997] loss=0.0402 miou=0.9256 f1=0.9573 thr=0.35 time=70.9s
[Epoch 998] loss=0.0444 miou=0.9179 f1=0.9525 thr=0.50 time=70.9s
[Epoch 999] loss=0.0456 miou=0.9194 f1=0.9535 thr=0.35 time=70.9s
[Epoch 1000] loss=0.0432 miou=0.9226 f1=0.9553 thr=0.45 time=71.0s
