nohup: ignoring input
Run directory: ./outputs_sam_sirst_hq/NUAA-SIRST_model-vitt_size256_use_HQ_radial_encoder_bs4_e500kp1msfx_pixels0_split-50_50_20250918_155257
[build_efficient_sam_hq] Partially loaded 253 tensors from baseline (278 scanned).
/home/bip/cry/anaconda3/lib/python3.9/site-packages/torch/cuda/__init__.py:611: UserWarning: Can't initialize NVML
  warnings.warn("Can't initialize NVML")
[Epoch 001] loss=1.2760 miou=0.0000 f1=0.0000 thr=0.40 time=16.8s
[Epoch 002] loss=0.8618 miou=0.5427 f1=0.6804 thr=0.40 time=15.0s
[Epoch 003] loss=0.3938 miou=0.5547 f1=0.6926 thr=0.40 time=15.4s
[Epoch 004] loss=0.3381 miou=0.6284 f1=0.7563 thr=0.40 time=15.4s
[Epoch 005] loss=0.3117 miou=0.6152 f1=0.7445 thr=0.40 time=15.5s
[Epoch 006] loss=0.3019 miou=0.6368 f1=0.7595 thr=0.40 time=16.3s
[Epoch 007] loss=0.2955 miou=0.6501 f1=0.7733 thr=0.40 time=16.1s
[Epoch 008] loss=0.2714 miou=0.6473 f1=0.7679 thr=0.40 time=16.4s
[Epoch 009] loss=0.2741 miou=0.6584 f1=0.7788 thr=0.40 time=16.3s
[Epoch 010] loss=0.2637 miou=0.6624 f1=0.7827 thr=0.55 time=16.4s
Unfroze at epoch 10: encoder + all heads.
[Epoch 011] loss=0.2879 miou=0.6744 f1=0.7914 thr=0.40 time=24.7s
[Epoch 012] loss=0.2590 miou=0.6578 f1=0.7782 thr=0.45 time=25.3s
[Epoch 013] loss=0.2473 miou=0.6740 f1=0.7911 thr=0.40 time=25.0s
[Epoch 014] loss=0.2436 miou=0.6455 f1=0.7661 thr=0.40 time=24.8s
[Epoch 015] loss=0.2376 miou=0.6906 f1=0.8023 thr=0.40 time=24.8s
[Epoch 016] loss=0.2205 miou=0.6853 f1=0.7988 thr=0.45 time=25.1s
[Epoch 017] loss=0.2344 miou=0.6698 f1=0.7875 thr=0.40 time=25.3s
[Epoch 018] loss=0.2236 miou=0.6885 f1=0.7999 thr=0.40 time=24.7s
[Epoch 019] loss=0.2391 miou=0.6795 f1=0.7935 thr=0.40 time=25.3s
[Epoch 020] loss=0.2352 miou=0.6759 f1=0.7858 thr=0.55 time=25.0s
[Epoch 021] loss=0.2168 miou=0.6996 f1=0.8097 thr=0.40 time=24.8s
[Epoch 022] loss=0.2241 miou=0.6970 f1=0.8070 thr=0.40 time=25.8s
[Epoch 023] loss=0.2120 miou=0.6575 f1=0.7783 thr=0.45 time=25.5s
[Epoch 024] loss=0.2023 miou=0.6976 f1=0.8079 thr=0.50 time=25.0s
[Epoch 025] loss=0.2084 miou=0.6941 f1=0.8060 thr=0.55 time=25.7s
[Epoch 026] loss=0.2145 miou=0.6874 f1=0.8029 thr=0.40 time=25.0s
[Epoch 027] loss=0.2097 miou=0.6988 f1=0.8091 thr=0.40 time=25.2s
[Epoch 028] loss=0.2091 miou=0.6844 f1=0.7989 thr=0.40 time=25.6s
[Epoch 029] loss=0.2067 miou=0.6917 f1=0.8020 thr=0.40 time=24.8s
[Epoch 030] loss=0.2129 miou=0.6900 f1=0.8020 thr=0.40 time=25.3s
[Epoch 031] loss=0.2032 miou=0.6924 f1=0.8034 thr=0.40 time=25.0s
[Epoch 032] loss=0.1911 miou=0.6904 f1=0.8035 thr=0.55 time=25.0s
[Epoch 033] loss=0.2010 miou=0.6935 f1=0.8049 thr=0.40 time=24.8s
[Epoch 034] loss=0.1930 miou=0.7036 f1=0.8126 thr=0.50 time=25.2s
[Epoch 035] loss=0.1938 miou=0.6898 f1=0.8022 thr=0.50 time=24.7s
[Epoch 036] loss=0.1900 miou=0.7013 f1=0.8101 thr=0.40 time=25.3s
[Epoch 037] loss=0.1939 miou=0.6921 f1=0.8031 thr=0.40 time=25.3s
[Epoch 038] loss=0.2019 miou=0.6830 f1=0.7980 thr=0.40 time=25.7s
[Epoch 039] loss=0.1954 miou=0.6809 f1=0.7947 thr=0.40 time=25.3s
[Epoch 040] loss=0.1942 miou=0.6965 f1=0.8077 thr=0.40 time=25.6s
[Epoch 041] loss=0.1944 miou=0.7009 f1=0.8113 thr=0.55 time=25.4s
[Epoch 042] loss=0.1853 miou=0.6856 f1=0.8000 thr=0.40 time=25.9s
[Epoch 043] loss=0.2014 miou=0.6769 f1=0.7920 thr=0.40 time=25.7s
[Epoch 044] loss=0.1921 miou=0.6888 f1=0.7996 thr=0.40 time=26.4s
[Epoch 045] loss=0.1823 miou=0.7018 f1=0.8098 thr=0.40 time=25.3s
[Epoch 046] loss=0.1835 miou=0.6647 f1=0.7816 thr=0.40 time=25.4s
[Epoch 047] loss=0.1986 miou=0.6969 f1=0.8067 thr=0.40 time=25.7s
[Epoch 048] loss=0.1923 miou=0.7025 f1=0.8095 thr=0.40 time=25.7s
[Epoch 049] loss=0.1765 miou=0.6998 f1=0.8108 thr=0.40 time=26.0s
[Epoch 050] loss=0.1790 miou=0.7065 f1=0.8159 thr=0.40 time=26.1s
[Epoch 051] loss=0.1791 miou=0.6997 f1=0.8097 thr=0.45 time=25.9s
[Epoch 052] loss=0.1733 miou=0.6900 f1=0.8008 thr=0.50 time=25.8s
[Epoch 053] loss=0.1638 miou=0.6918 f1=0.8035 thr=0.40 time=25.3s
[Epoch 054] loss=0.1815 miou=0.6963 f1=0.8064 thr=0.55 time=25.7s
[Epoch 055] loss=0.1713 miou=0.6986 f1=0.8075 thr=0.40 time=25.2s
[Epoch 056] loss=0.1704 miou=0.6924 f1=0.8033 thr=0.45 time=25.7s
[Epoch 057] loss=0.1807 miou=0.7015 f1=0.8086 thr=0.45 time=25.5s
[Epoch 058] loss=0.1718 miou=0.6906 f1=0.8017 thr=0.40 time=25.6s
[Epoch 059] loss=0.1648 miou=0.6971 f1=0.8075 thr=0.40 time=25.7s
[Epoch 060] loss=0.1741 miou=0.6889 f1=0.8019 thr=0.40 time=25.9s
[Epoch 061] loss=0.1686 miou=0.6771 f1=0.7928 thr=0.40 time=26.1s
[Epoch 062] loss=0.1707 miou=0.6855 f1=0.7975 thr=0.40 time=25.8s
[Epoch 063] loss=0.1604 miou=0.6988 f1=0.8071 thr=0.40 time=25.5s
[Epoch 064] loss=0.1644 miou=0.6945 f1=0.8042 thr=0.40 time=25.3s
[Epoch 065] loss=0.1706 miou=0.6983 f1=0.8068 thr=0.40 time=25.7s
[Epoch 066] loss=0.1674 miou=0.6926 f1=0.8031 thr=0.40 time=25.5s
[Epoch 067] loss=0.1668 miou=0.6926 f1=0.8022 thr=0.40 time=26.1s
[Epoch 068] loss=0.1677 miou=0.7029 f1=0.8132 thr=0.40 time=25.4s
[Epoch 069] loss=0.1639 miou=0.6989 f1=0.8087 thr=0.40 time=25.8s
[Epoch 070] loss=0.1605 miou=0.6999 f1=0.8105 thr=0.40 time=25.9s
[Epoch 071] loss=0.1518 miou=0.6932 f1=0.8045 thr=0.45 time=25.2s
[Epoch 072] loss=0.1554 miou=0.6852 f1=0.7984 thr=0.40 time=25.5s
[Epoch 073] loss=0.1577 miou=0.6878 f1=0.7991 thr=0.40 time=25.2s
[Epoch 074] loss=0.1553 miou=0.6857 f1=0.7988 thr=0.40 time=25.6s
[Epoch 075] loss=0.1584 miou=0.7004 f1=0.8089 thr=0.40 time=25.3s
[Epoch 076] loss=0.1529 miou=0.6858 f1=0.7968 thr=0.40 time=25.8s
[Epoch 077] loss=0.1489 miou=0.7031 f1=0.8122 thr=0.50 time=25.8s
[Epoch 078] loss=0.1768 miou=0.6799 f1=0.7954 thr=0.50 time=25.1s
[Epoch 079] loss=0.1575 miou=0.6882 f1=0.8010 thr=0.50 time=25.0s
[Epoch 080] loss=0.1551 miou=0.6820 f1=0.7966 thr=0.50 time=25.3s
[Epoch 081] loss=0.1457 miou=0.7019 f1=0.8106 thr=0.40 time=25.3s
[Epoch 082] loss=0.1440 miou=0.6912 f1=0.8014 thr=0.55 time=26.2s
[Epoch 083] loss=0.1456 miou=0.6934 f1=0.8021 thr=0.50 time=25.3s
[Epoch 084] loss=0.1414 miou=0.6820 f1=0.7943 thr=0.40 time=25.9s
[Epoch 085] loss=0.1447 miou=0.6860 f1=0.7977 thr=0.40 time=25.1s
[Epoch 086] loss=0.1501 miou=0.6958 f1=0.8055 thr=0.40 time=25.1s
[Epoch 087] loss=0.1479 miou=0.6895 f1=0.8012 thr=0.40 time=24.9s
[Epoch 088] loss=0.1504 miou=0.6909 f1=0.8037 thr=0.45 time=24.9s
[Epoch 089] loss=0.1469 miou=0.6908 f1=0.8023 thr=0.40 time=24.9s
[Epoch 090] loss=0.1424 miou=0.6977 f1=0.8087 thr=0.50 time=24.9s
[Epoch 091] loss=0.1386 miou=0.6950 f1=0.8053 thr=0.40 time=25.2s
[Epoch 092] loss=0.1444 miou=0.6922 f1=0.8035 thr=0.40 time=25.6s
[Epoch 093] loss=0.1362 miou=0.6830 f1=0.7975 thr=0.40 time=25.1s
[Epoch 094] loss=0.1397 miou=0.6985 f1=0.8086 thr=0.55 time=25.0s
[Epoch 095] loss=0.1330 miou=0.7041 f1=0.8104 thr=0.40 time=25.1s
[Epoch 096] loss=0.1351 miou=0.6927 f1=0.8020 thr=0.40 time=25.0s
[Epoch 097] loss=0.1443 miou=0.6911 f1=0.8030 thr=0.40 time=24.8s
[Epoch 098] loss=0.1488 miou=0.6887 f1=0.8018 thr=0.40 time=24.9s
[Epoch 099] loss=0.1354 miou=0.6865 f1=0.8007 thr=0.40 time=25.3s
[Epoch 100] loss=0.1415 miou=0.6923 f1=0.8048 thr=0.40 time=25.0s
[Epoch 101] loss=0.1366 miou=0.6941 f1=0.8063 thr=0.40 time=25.2s
[Epoch 102] loss=0.1381 miou=0.6963 f1=0.8071 thr=0.40 time=25.1s
[Epoch 103] loss=0.1345 miou=0.6886 f1=0.8009 thr=0.40 time=25.1s
[Epoch 104] loss=0.1345 miou=0.6974 f1=0.8076 thr=0.40 time=25.2s
[Epoch 105] loss=0.1277 miou=0.6924 f1=0.8030 thr=0.40 time=25.3s
[Epoch 106] loss=0.1306 miou=0.6959 f1=0.8064 thr=0.40 time=24.7s
[Epoch 107] loss=0.1302 miou=0.6796 f1=0.7938 thr=0.40 time=24.8s
[Epoch 108] loss=0.1390 miou=0.6903 f1=0.8027 thr=0.40 time=25.1s
[Epoch 109] loss=0.1307 miou=0.6949 f1=0.8065 thr=0.40 time=25.0s
[Epoch 110] loss=0.1289 miou=0.6923 f1=0.8046 thr=0.45 time=25.1s
[Epoch 111] loss=0.1338 miou=0.6821 f1=0.7948 thr=0.40 time=24.9s
[Epoch 112] loss=0.1369 miou=0.6834 f1=0.7991 thr=0.50 time=25.0s
[Epoch 113] loss=0.1322 miou=0.6974 f1=0.8082 thr=0.40 time=25.0s
[Epoch 114] loss=0.1273 miou=0.6851 f1=0.7994 thr=0.50 time=24.8s
[Epoch 115] loss=0.1249 miou=0.7059 f1=0.8151 thr=0.40 time=24.7s
[Epoch 116] loss=0.1176 miou=0.6974 f1=0.8082 thr=0.40 time=24.9s
[Epoch 117] loss=0.1254 miou=0.7061 f1=0.8157 thr=0.40 time=24.9s
[Epoch 118] loss=0.1198 miou=0.6958 f1=0.8095 thr=0.40 time=25.2s
[Epoch 119] loss=0.1132 miou=0.6951 f1=0.8071 thr=0.40 time=25.0s
[Epoch 120] loss=0.1222 miou=0.6885 f1=0.8009 thr=0.40 time=25.4s
[Epoch 121] loss=0.1237 miou=0.6879 f1=0.8010 thr=0.40 time=24.7s
[Epoch 122] loss=0.1135 miou=0.6860 f1=0.7998 thr=0.40 time=25.2s
[Epoch 123] loss=0.1301 miou=0.6891 f1=0.8036 thr=0.55 time=24.9s
[Epoch 124] loss=0.1236 miou=0.6926 f1=0.8044 thr=0.55 time=25.0s
[Epoch 125] loss=0.1244 miou=0.6922 f1=0.8044 thr=0.40 time=25.2s
[Epoch 126] loss=0.1121 miou=0.6845 f1=0.7988 thr=0.40 time=25.0s
[Epoch 127] loss=0.1224 miou=0.6909 f1=0.8024 thr=0.40 time=25.2s
[Epoch 128] loss=0.1213 miou=0.6838 f1=0.7964 thr=0.40 time=25.2s
[Epoch 129] loss=0.1181 miou=0.6906 f1=0.8047 thr=0.40 time=24.8s
[Epoch 130] loss=0.1163 miou=0.6974 f1=0.8094 thr=0.40 time=25.2s
[Epoch 131] loss=0.1242 miou=0.6906 f1=0.8025 thr=0.40 time=25.1s
[Epoch 132] loss=0.1261 miou=0.6996 f1=0.8084 thr=0.50 time=25.1s
[Epoch 133] loss=0.1200 miou=0.6968 f1=0.8063 thr=0.40 time=24.7s
[Epoch 134] loss=0.1183 miou=0.7017 f1=0.8109 thr=0.40 time=25.2s
[Epoch 135] loss=0.1217 miou=0.6928 f1=0.8043 thr=0.40 time=25.4s
[Epoch 136] loss=0.1156 miou=0.6867 f1=0.7999 thr=0.40 time=25.4s
[Epoch 137] loss=0.1211 miou=0.6955 f1=0.8069 thr=0.40 time=25.1s
[Epoch 138] loss=0.1294 miou=0.6888 f1=0.8012 thr=0.40 time=24.9s
[Epoch 139] loss=0.1376 miou=0.6995 f1=0.8102 thr=0.40 time=25.3s
[Epoch 140] loss=0.1260 miou=0.6990 f1=0.8112 thr=0.50 time=25.5s
[Epoch 141] loss=0.1149 miou=0.6992 f1=0.8101 thr=0.40 time=25.1s
[Epoch 142] loss=0.1148 miou=0.6896 f1=0.8027 thr=0.40 time=25.2s
[Epoch 143] loss=0.1136 miou=0.6889 f1=0.8021 thr=0.40 time=25.3s
[Epoch 144] loss=0.1182 miou=0.6916 f1=0.8027 thr=0.45 time=25.5s
[Epoch 145] loss=0.1159 miou=0.6864 f1=0.8000 thr=0.45 time=25.2s
[Epoch 146] loss=0.1105 miou=0.6998 f1=0.8089 thr=0.40 time=25.0s
[Epoch 147] loss=0.1069 miou=0.6868 f1=0.7987 thr=0.40 time=25.2s
[Epoch 148] loss=0.1018 miou=0.6852 f1=0.7972 thr=0.50 time=24.8s
[Epoch 149] loss=0.1051 miou=0.6938 f1=0.8066 thr=0.50 time=24.8s
[Epoch 150] loss=0.0999 miou=0.6954 f1=0.8072 thr=0.40 time=24.9s
[Epoch 151] loss=0.1040 miou=0.6836 f1=0.7974 thr=0.50 time=24.6s
[Epoch 152] loss=0.1082 miou=0.6946 f1=0.8060 thr=0.40 time=25.1s
[Epoch 153] loss=0.1071 miou=0.6921 f1=0.8044 thr=0.40 time=24.8s
[Epoch 154] loss=0.1071 miou=0.6898 f1=0.8016 thr=0.40 time=24.8s
[Epoch 155] loss=0.1040 miou=0.6903 f1=0.8017 thr=0.40 time=24.7s
[Epoch 156] loss=0.1025 miou=0.6837 f1=0.7969 thr=0.40 time=24.7s
[Epoch 157] loss=0.1080 miou=0.6954 f1=0.8065 thr=0.45 time=25.2s
[Epoch 158] loss=0.1001 miou=0.7003 f1=0.8096 thr=0.40 time=25.1s
[Epoch 159] loss=0.1082 miou=0.6812 f1=0.7971 thr=0.40 time=25.3s
[Epoch 160] loss=0.1077 miou=0.6862 f1=0.8002 thr=0.40 time=25.1s
[Epoch 161] loss=0.1070 miou=0.6910 f1=0.8037 thr=0.40 time=25.2s
[Epoch 162] loss=0.1039 miou=0.6984 f1=0.8091 thr=0.40 time=24.8s
[Epoch 163] loss=0.1072 miou=0.6885 f1=0.8013 thr=0.40 time=24.9s
[Epoch 164] loss=0.1052 miou=0.6846 f1=0.7987 thr=0.50 time=24.8s
[Epoch 165] loss=0.1160 miou=0.6882 f1=0.8003 thr=0.40 time=24.9s
[Epoch 166] loss=0.1053 miou=0.6897 f1=0.8010 thr=0.40 time=25.0s
[Epoch 167] loss=0.1079 miou=0.6870 f1=0.7996 thr=0.40 time=25.3s
[Epoch 168] loss=0.0956 miou=0.6885 f1=0.8015 thr=0.40 time=25.1s
[Epoch 169] loss=0.0958 miou=0.6843 f1=0.7953 thr=0.40 time=24.9s
[Epoch 170] loss=0.1031 miou=0.6938 f1=0.8052 thr=0.40 time=24.7s
[Epoch 171] loss=0.1007 miou=0.6817 f1=0.7951 thr=0.40 time=25.9s
[Epoch 172] loss=0.1044 miou=0.6912 f1=0.8037 thr=0.40 time=24.9s
[Epoch 173] loss=0.1036 miou=0.6880 f1=0.8010 thr=0.50 time=24.9s
[Epoch 174] loss=0.1052 miou=0.6956 f1=0.8086 thr=0.40 time=25.1s
[Epoch 175] loss=0.1074 miou=0.6886 f1=0.8016 thr=0.40 time=24.9s
[Epoch 176] loss=0.1088 miou=0.6884 f1=0.8017 thr=0.55 time=25.1s
[Epoch 177] loss=0.1071 miou=0.6886 f1=0.8034 thr=0.40 time=25.1s
[Epoch 178] loss=0.1185 miou=0.6907 f1=0.8042 thr=0.40 time=25.1s
[Epoch 179] loss=0.1103 miou=0.6829 f1=0.7981 thr=0.50 time=25.4s
[Epoch 180] loss=0.0979 miou=0.6813 f1=0.7986 thr=0.40 time=25.4s
[Epoch 181] loss=0.1036 miou=0.6973 f1=0.8103 thr=0.40 time=25.4s
[Epoch 182] loss=0.0961 miou=0.6928 f1=0.8053 thr=0.40 time=25.0s
[Epoch 183] loss=0.1041 miou=0.6942 f1=0.8070 thr=0.40 time=25.6s
[Epoch 184] loss=0.0935 miou=0.6889 f1=0.8027 thr=0.40 time=25.1s
[Epoch 185] loss=0.0960 miou=0.6938 f1=0.8061 thr=0.40 time=25.1s
[Epoch 186] loss=0.1029 miou=0.6917 f1=0.8026 thr=0.40 time=25.1s
[Epoch 187] loss=0.0961 miou=0.6841 f1=0.7980 thr=0.40 time=24.9s
[Epoch 188] loss=0.1024 miou=0.6827 f1=0.7967 thr=0.55 time=25.1s
[Epoch 189] loss=0.1005 miou=0.6943 f1=0.8049 thr=0.55 time=24.8s
[Epoch 190] loss=0.1005 miou=0.6871 f1=0.8010 thr=0.40 time=24.9s
[Epoch 191] loss=0.1057 miou=0.6690 f1=0.7877 thr=0.40 time=25.2s
[Epoch 192] loss=0.1047 miou=0.6856 f1=0.8002 thr=0.40 time=25.3s
[Epoch 193] loss=0.0963 miou=0.6918 f1=0.8036 thr=0.40 time=24.9s
[Epoch 194] loss=0.0925 miou=0.6808 f1=0.7952 thr=0.40 time=25.2s
[Epoch 195] loss=0.0958 miou=0.6874 f1=0.7982 thr=0.40 time=24.7s
[Epoch 196] loss=0.0937 miou=0.6866 f1=0.8003 thr=0.40 time=24.7s
[Epoch 197] loss=0.0974 miou=0.6884 f1=0.7992 thr=0.40 time=25.3s
[Epoch 198] loss=0.0922 miou=0.6919 f1=0.8023 thr=0.40 time=25.1s
[Epoch 199] loss=0.0993 miou=0.6853 f1=0.7976 thr=0.40 time=25.1s
[Epoch 200] loss=0.0911 miou=0.6946 f1=0.8046 thr=0.40 time=25.4s
[Epoch 201] loss=0.0963 miou=0.6925 f1=0.8026 thr=0.50 time=25.3s
[Epoch 202] loss=0.1019 miou=0.6962 f1=0.8088 thr=0.40 time=24.8s
[Epoch 203] loss=0.0934 miou=0.6941 f1=0.8065 thr=0.40 time=25.1s
[Epoch 204] loss=0.0920 miou=0.6966 f1=0.8082 thr=0.45 time=25.4s
[Epoch 205] loss=0.0949 miou=0.6972 f1=0.8093 thr=0.40 time=25.1s
[Epoch 206] loss=0.0916 miou=0.6890 f1=0.8026 thr=0.55 time=25.0s
[Epoch 207] loss=0.0945 miou=0.6955 f1=0.8068 thr=0.40 time=25.3s
[Epoch 208] loss=0.0899 miou=0.6839 f1=0.7965 thr=0.40 time=25.1s
[Epoch 209] loss=0.0978 miou=0.6926 f1=0.8041 thr=0.45 time=25.3s
[Epoch 210] loss=0.0978 miou=0.6947 f1=0.8068 thr=0.40 time=25.1s
[Epoch 211] loss=0.0926 miou=0.6913 f1=0.8034 thr=0.50 time=24.9s
[Epoch 212] loss=0.0929 miou=0.6934 f1=0.8078 thr=0.50 time=25.1s
[Epoch 213] loss=0.0914 miou=0.6865 f1=0.8008 thr=0.55 time=25.0s
[Epoch 214] loss=0.0977 miou=0.6914 f1=0.8062 thr=0.40 time=24.7s
[Epoch 215] loss=0.0896 miou=0.6868 f1=0.8005 thr=0.40 time=24.7s
[Epoch 216] loss=0.0912 miou=0.6868 f1=0.8004 thr=0.40 time=24.9s
[Epoch 217] loss=0.0954 miou=0.6890 f1=0.8020 thr=0.45 time=25.2s
[Epoch 218] loss=0.0966 miou=0.6844 f1=0.7980 thr=0.40 time=25.1s
[Epoch 219] loss=0.0963 miou=0.6778 f1=0.7944 thr=0.40 time=24.9s
[Epoch 220] loss=0.0953 miou=0.6843 f1=0.7996 thr=0.40 time=25.0s
[Epoch 221] loss=0.1039 miou=0.6881 f1=0.7993 thr=0.40 time=24.8s
[Epoch 222] loss=0.0990 miou=0.6909 f1=0.8025 thr=0.40 time=25.1s
[Epoch 223] loss=0.0929 miou=0.6909 f1=0.8031 thr=0.40 time=24.9s
[Epoch 224] loss=0.0973 miou=0.6907 f1=0.8011 thr=0.40 time=24.5s
[Epoch 225] loss=0.1023 miou=0.6904 f1=0.8011 thr=0.40 time=24.8s
[Epoch 226] loss=0.0918 miou=0.6870 f1=0.7982 thr=0.50 time=24.8s
[Epoch 227] loss=0.0954 miou=0.6946 f1=0.8039 thr=0.40 time=24.7s
[Epoch 228] loss=0.0957 miou=0.6958 f1=0.8060 thr=0.40 time=24.9s
[Epoch 229] loss=0.0917 miou=0.6892 f1=0.8008 thr=0.50 time=25.4s
[Epoch 230] loss=0.1001 miou=0.6858 f1=0.7993 thr=0.40 time=25.4s
[Epoch 231] loss=0.0933 miou=0.6969 f1=0.8072 thr=0.40 time=25.1s
[Epoch 232] loss=0.0915 miou=0.6878 f1=0.8003 thr=0.40 time=25.5s
[Epoch 233] loss=0.0871 miou=0.6975 f1=0.8067 thr=0.40 time=25.0s
[Epoch 234] loss=0.0870 miou=0.6924 f1=0.8036 thr=0.40 time=24.9s
[Epoch 235] loss=0.0937 miou=0.6907 f1=0.8031 thr=0.55 time=24.7s
[Epoch 236] loss=0.0895 miou=0.6884 f1=0.7996 thr=0.40 time=25.0s
[Epoch 237] loss=0.0932 miou=0.6902 f1=0.8020 thr=0.55 time=25.0s
[Epoch 238] loss=0.1042 miou=0.6754 f1=0.7892 thr=0.40 time=25.0s
[Epoch 239] loss=0.0991 miou=0.6846 f1=0.7988 thr=0.40 time=24.7s
[Epoch 240] loss=0.0994 miou=0.6875 f1=0.8022 thr=0.40 time=25.3s
[Epoch 241] loss=0.0988 miou=0.6876 f1=0.8015 thr=0.40 time=24.9s
[Epoch 242] loss=0.1031 miou=0.6908 f1=0.8031 thr=0.40 time=24.8s
[Epoch 243] loss=0.0890 miou=0.6864 f1=0.7979 thr=0.40 time=24.9s
[Epoch 244] loss=0.0875 miou=0.6900 f1=0.8019 thr=0.40 time=24.7s
[Epoch 245] loss=0.0936 miou=0.6885 f1=0.8006 thr=0.40 time=25.0s
[Epoch 246] loss=0.0878 miou=0.6786 f1=0.7929 thr=0.40 time=24.7s
[Epoch 247] loss=0.0965 miou=0.6838 f1=0.7983 thr=0.50 time=24.9s
[Epoch 248] loss=0.0997 miou=0.6891 f1=0.8030 thr=0.40 time=25.0s
[Epoch 249] loss=0.0939 miou=0.6845 f1=0.7995 thr=0.40 time=25.0s
[Epoch 250] loss=0.0917 miou=0.6883 f1=0.8009 thr=0.40 time=24.7s
[Epoch 251] loss=0.0912 miou=0.6813 f1=0.7961 thr=0.55 time=24.7s
[Epoch 252] loss=0.0840 miou=0.6875 f1=0.7990 thr=0.40 time=25.0s
[Epoch 253] loss=0.0811 miou=0.6901 f1=0.8024 thr=0.40 time=24.9s
[Epoch 254] loss=0.0895 miou=0.6907 f1=0.8042 thr=0.40 time=24.6s
[Epoch 255] loss=0.0824 miou=0.6958 f1=0.8063 thr=0.40 time=24.6s
[Epoch 256] loss=0.0878 miou=0.6887 f1=0.8027 thr=0.40 time=24.7s
[Epoch 257] loss=0.0872 miou=0.6924 f1=0.8044 thr=0.50 time=25.0s
[Epoch 258] loss=0.0866 miou=0.6999 f1=0.8097 thr=0.40 time=24.7s
[Epoch 259] loss=0.0940 miou=0.6982 f1=0.8094 thr=0.40 time=24.9s
[Epoch 260] loss=0.0858 miou=0.7015 f1=0.8124 thr=0.40 time=24.8s
[Epoch 261] loss=0.0890 miou=0.6862 f1=0.8008 thr=0.40 time=24.9s
[Epoch 262] loss=0.0862 miou=0.6770 f1=0.7929 thr=0.40 time=25.0s
[Epoch 263] loss=0.0962 miou=0.6739 f1=0.7903 thr=0.40 time=25.1s
[Epoch 264] loss=0.0904 miou=0.6893 f1=0.8004 thr=0.40 time=25.4s
[Epoch 265] loss=0.0813 miou=0.6933 f1=0.8046 thr=0.45 time=25.1s
[Epoch 266] loss=0.0840 miou=0.6873 f1=0.8009 thr=0.40 time=24.9s
[Epoch 267] loss=0.0935 miou=0.6836 f1=0.7982 thr=0.40 time=24.9s
[Epoch 268] loss=0.0905 miou=0.6852 f1=0.7994 thr=0.40 time=25.3s
[Epoch 269] loss=0.0789 miou=0.6896 f1=0.8019 thr=0.40 time=25.3s
[Epoch 270] loss=0.0849 miou=0.6908 f1=0.8026 thr=0.40 time=25.0s
[Epoch 271] loss=0.0826 miou=0.6896 f1=0.8017 thr=0.50 time=25.1s
[Epoch 272] loss=0.0868 miou=0.6831 f1=0.7980 thr=0.40 time=25.6s
[Epoch 273] loss=0.0836 miou=0.6866 f1=0.8002 thr=0.40 time=24.8s
[Epoch 274] loss=0.0966 miou=0.6909 f1=0.8041 thr=0.40 time=25.4s
[Epoch 275] loss=0.0923 miou=0.6864 f1=0.7989 thr=0.55 time=25.4s
[Epoch 276] loss=0.0933 miou=0.6759 f1=0.7912 thr=0.40 time=24.8s
[Epoch 277] loss=0.0962 miou=0.6963 f1=0.8070 thr=0.40 time=24.8s
[Epoch 278] loss=0.0852 miou=0.6856 f1=0.7996 thr=0.40 time=25.0s
[Epoch 279] loss=0.0901 miou=0.6868 f1=0.8001 thr=0.40 time=25.3s
[Epoch 280] loss=0.0842 miou=0.6778 f1=0.7932 thr=0.40 time=24.9s
[Epoch 281] loss=0.0839 miou=0.6837 f1=0.7972 thr=0.40 time=25.5s
[Epoch 282] loss=0.0805 miou=0.6850 f1=0.7999 thr=0.40 time=25.2s
[Epoch 283] loss=0.0758 miou=0.6934 f1=0.8066 thr=0.40 time=25.0s
[Epoch 284] loss=0.0798 miou=0.6923 f1=0.8031 thr=0.40 time=24.8s
[Epoch 285] loss=0.0812 miou=0.6933 f1=0.8059 thr=0.40 time=25.2s
[Epoch 286] loss=0.0794 miou=0.6960 f1=0.8075 thr=0.40 time=25.0s
[Epoch 287] loss=0.0784 miou=0.6955 f1=0.8072 thr=0.45 time=25.2s
[Epoch 288] loss=0.0776 miou=0.6966 f1=0.8076 thr=0.40 time=24.9s
[Epoch 289] loss=0.0776 miou=0.7021 f1=0.8121 thr=0.40 time=24.9s
[Epoch 290] loss=0.0749 miou=0.6916 f1=0.8044 thr=0.45 time=24.7s
[Epoch 291] loss=0.0815 miou=0.6925 f1=0.8051 thr=0.40 time=25.2s
[Epoch 292] loss=0.0856 miou=0.6824 f1=0.7983 thr=0.40 time=24.9s
[Epoch 293] loss=0.0821 miou=0.6842 f1=0.7996 thr=0.40 time=25.0s
[Epoch 294] loss=0.0804 miou=0.6943 f1=0.8065 thr=0.40 time=25.3s
[Epoch 295] loss=0.0826 miou=0.6839 f1=0.7990 thr=0.40 time=24.8s
[Epoch 296] loss=0.0865 miou=0.6832 f1=0.7990 thr=0.40 time=25.0s
[Epoch 297] loss=0.0830 miou=0.6861 f1=0.8002 thr=0.40 time=25.2s
[Epoch 298] loss=0.0770 miou=0.6848 f1=0.7999 thr=0.40 time=24.8s
[Epoch 299] loss=0.0834 miou=0.6876 f1=0.8029 thr=0.40 time=24.7s
[Epoch 300] loss=0.0788 miou=0.6897 f1=0.8016 thr=0.40 time=25.1s
[Epoch 301] loss=0.0811 miou=0.6881 f1=0.8010 thr=0.40 time=24.8s
[Epoch 302] loss=0.0806 miou=0.6900 f1=0.8038 thr=0.50 time=24.8s
[Epoch 303] loss=0.0815 miou=0.6874 f1=0.8006 thr=0.50 time=25.0s
[Epoch 304] loss=0.0805 miou=0.6895 f1=0.8023 thr=0.40 time=25.0s
[Epoch 305] loss=0.0947 miou=0.6779 f1=0.7933 thr=0.40 time=24.8s
[Epoch 306] loss=0.0851 miou=0.6783 f1=0.7949 thr=0.40 time=24.8s
[Epoch 307] loss=0.0880 miou=0.6817 f1=0.7968 thr=0.40 time=24.9s
[Epoch 308] loss=0.0921 miou=0.6889 f1=0.8022 thr=0.40 time=25.0s
[Epoch 309] loss=0.0857 miou=0.6921 f1=0.8035 thr=0.40 time=25.2s
[Epoch 310] loss=0.0792 miou=0.6807 f1=0.7967 thr=0.40 time=25.2s
[Epoch 311] loss=0.0840 miou=0.6838 f1=0.7986 thr=0.40 time=25.2s
[Epoch 312] loss=0.0806 miou=0.6822 f1=0.7960 thr=0.40 time=25.3s
[Epoch 313] loss=0.0793 miou=0.6912 f1=0.8024 thr=0.40 time=24.7s
[Epoch 314] loss=0.0845 miou=0.6805 f1=0.7969 thr=0.40 time=24.8s
[Epoch 315] loss=0.0810 miou=0.6970 f1=0.8075 thr=0.40 time=24.9s
[Epoch 316] loss=0.0761 miou=0.6895 f1=0.8007 thr=0.55 time=24.9s
[Epoch 317] loss=0.0726 miou=0.6889 f1=0.8029 thr=0.40 time=24.9s
[Epoch 318] loss=0.0758 miou=0.6871 f1=0.8006 thr=0.55 time=25.1s
[Epoch 319] loss=0.0763 miou=0.6988 f1=0.8093 thr=0.40 time=24.7s
[Epoch 320] loss=0.0698 miou=0.6923 f1=0.8047 thr=0.40 time=25.0s
[Epoch 321] loss=0.0737 miou=0.6848 f1=0.7990 thr=0.40 time=25.1s
[Epoch 322] loss=0.0853 miou=0.6860 f1=0.7995 thr=0.40 time=24.7s
[Epoch 323] loss=0.0767 miou=0.6870 f1=0.8002 thr=0.40 time=25.2s
[Epoch 324] loss=0.0719 miou=0.6856 f1=0.7994 thr=0.40 time=24.7s
[Epoch 325] loss=0.0748 miou=0.6852 f1=0.7984 thr=0.40 time=24.9s
[Epoch 326] loss=0.0787 miou=0.6894 f1=0.8025 thr=0.45 time=24.6s
[Epoch 327] loss=0.0797 miou=0.6854 f1=0.7995 thr=0.40 time=25.2s
[Epoch 328] loss=0.0830 miou=0.6908 f1=0.8035 thr=0.40 time=25.0s
[Epoch 329] loss=0.0770 miou=0.6884 f1=0.8012 thr=0.40 time=25.1s
[Epoch 330] loss=0.0778 miou=0.6865 f1=0.8003 thr=0.40 time=24.6s
[Epoch 331] loss=0.0809 miou=0.6963 f1=0.8066 thr=0.40 time=24.9s
[Epoch 332] loss=0.0803 miou=0.6816 f1=0.7957 thr=0.55 time=24.9s
[Epoch 333] loss=0.0832 miou=0.6895 f1=0.8022 thr=0.40 time=25.0s
[Epoch 334] loss=0.0750 miou=0.6860 f1=0.7988 thr=0.40 time=24.9s
[Epoch 335] loss=0.0802 miou=0.6862 f1=0.7991 thr=0.55 time=24.7s
[Epoch 336] loss=0.0804 miou=0.6813 f1=0.7950 thr=0.40 time=25.0s
[Epoch 337] loss=0.0829 miou=0.6905 f1=0.8038 thr=0.45 time=25.0s
[Epoch 338] loss=0.0833 miou=0.6874 f1=0.8015 thr=0.40 time=24.9s
[Epoch 339] loss=0.0806 miou=0.6903 f1=0.8031 thr=0.40 time=25.2s
[Epoch 340] loss=0.0915 miou=0.6881 f1=0.8025 thr=0.40 time=24.8s
[Epoch 341] loss=0.0813 miou=0.6895 f1=0.8030 thr=0.40 time=24.9s
[Epoch 342] loss=0.0839 miou=0.6726 f1=0.7878 thr=0.40 time=25.0s
[Epoch 343] loss=0.0846 miou=0.6851 f1=0.7980 thr=0.40 time=24.8s
[Epoch 344] loss=0.0817 miou=0.6780 f1=0.7937 thr=0.40 time=25.2s
[Epoch 345] loss=0.0838 miou=0.6944 f1=0.8064 thr=0.40 time=25.3s
[Epoch 346] loss=0.0780 miou=0.6856 f1=0.7988 thr=0.40 time=24.8s
[Epoch 347] loss=0.0816 miou=0.6829 f1=0.7972 thr=0.40 time=25.2s
[Epoch 348] loss=0.0791 miou=0.6859 f1=0.8003 thr=0.40 time=24.8s
[Epoch 349] loss=0.0786 miou=0.6901 f1=0.8022 thr=0.40 time=24.9s
[Epoch 350] loss=0.0760 miou=0.6932 f1=0.8048 thr=0.40 time=25.1s
[Epoch 351] loss=0.0809 miou=0.6825 f1=0.7965 thr=0.40 time=24.9s
[Epoch 352] loss=0.0790 miou=0.6853 f1=0.7986 thr=0.55 time=25.2s
[Epoch 353] loss=0.0822 miou=0.6891 f1=0.8012 thr=0.40 time=24.7s
[Epoch 354] loss=0.0831 miou=0.6874 f1=0.8004 thr=0.40 time=24.8s
[Epoch 355] loss=0.0774 miou=0.6889 f1=0.8012 thr=0.40 time=25.0s
[Epoch 356] loss=0.0808 miou=0.6944 f1=0.8055 thr=0.50 time=25.0s
[Epoch 357] loss=0.0784 miou=0.6862 f1=0.7996 thr=0.40 time=25.0s
[Epoch 358] loss=0.0802 miou=0.6878 f1=0.8006 thr=0.40 time=25.0s
[Epoch 359] loss=0.0724 miou=0.6809 f1=0.7956 thr=0.40 time=25.2s
[Epoch 360] loss=0.0756 miou=0.6866 f1=0.8006 thr=0.45 time=24.9s
[Epoch 361] loss=0.0742 miou=0.6853 f1=0.7996 thr=0.40 time=24.7s
[Epoch 362] loss=0.0763 miou=0.6919 f1=0.8039 thr=0.40 time=24.8s
[Epoch 363] loss=0.0801 miou=0.6952 f1=0.8056 thr=0.40 time=24.8s
[Epoch 364] loss=0.0774 miou=0.6833 f1=0.7971 thr=0.40 time=25.0s
[Epoch 365] loss=0.0772 miou=0.6823 f1=0.7960 thr=0.40 time=25.2s
[Epoch 366] loss=0.0730 miou=0.6905 f1=0.8024 thr=0.40 time=24.9s
[Epoch 367] loss=0.0749 miou=0.6892 f1=0.8016 thr=0.40 time=24.8s
[Epoch 368] loss=0.0739 miou=0.6737 f1=0.7890 thr=0.50 time=24.9s
[Epoch 369] loss=0.0792 miou=0.6854 f1=0.7988 thr=0.40 time=24.9s
[Epoch 370] loss=0.0782 miou=0.6846 f1=0.7980 thr=0.50 time=25.0s
[Epoch 371] loss=0.0748 miou=0.6815 f1=0.7953 thr=0.40 time=25.3s
[Epoch 372] loss=0.0761 miou=0.6857 f1=0.7987 thr=0.40 time=24.7s
[Epoch 373] loss=0.0819 miou=0.6780 f1=0.7939 thr=0.40 time=24.9s
[Epoch 374] loss=0.0784 miou=0.6867 f1=0.8000 thr=0.40 time=25.0s
[Epoch 375] loss=0.0796 miou=0.6874 f1=0.8011 thr=0.40 time=25.0s
[Epoch 376] loss=0.0731 miou=0.6823 f1=0.7981 thr=0.55 time=24.9s
[Epoch 377] loss=0.0749 miou=0.6874 f1=0.8001 thr=0.40 time=24.9s
[Epoch 378] loss=0.0770 miou=0.6847 f1=0.7985 thr=0.40 time=24.6s
[Epoch 379] loss=0.0752 miou=0.6670 f1=0.7852 thr=0.40 time=25.0s
[Epoch 380] loss=0.0781 miou=0.6913 f1=0.8044 thr=0.45 time=25.1s
[Epoch 381] loss=0.0726 miou=0.6849 f1=0.7983 thr=0.50 time=24.6s
[Epoch 382] loss=607.5861 miou=0.0000 f1=0.0000 thr=0.40 time=24.8s
[Epoch 383] loss=1.0943 miou=0.0000 f1=0.0000 thr=0.40 time=24.7s
[Epoch 384] loss=1.0699 miou=0.0000 f1=0.0000 thr=0.40 time=24.6s
[Epoch 385] loss=1.0808 miou=0.0000 f1=0.0000 thr=0.40 time=25.0s
[Epoch 386] loss=1.0776 miou=0.0000 f1=0.0000 thr=0.40 time=24.5s
[Epoch 387] loss=1.0847 miou=0.0000 f1=0.0000 thr=0.40 time=24.6s
[Epoch 388] loss=1.1039 miou=0.0000 f1=0.0000 thr=0.40 time=24.6s
[Epoch 389] loss=1.1022 miou=0.0000 f1=0.0000 thr=0.40 time=24.5s
[Epoch 390] loss=1.1052 miou=0.0000 f1=0.0000 thr=0.40 time=24.7s
[Epoch 391] loss=1.1144 miou=0.0000 f1=0.0000 thr=0.40 time=24.7s
[Epoch 392] loss=1.1171 miou=0.0000 f1=0.0000 thr=0.40 time=25.0s
[Epoch 393] loss=1.1152 miou=0.0000 f1=0.0000 thr=0.40 time=24.9s
[Epoch 394] loss=1.1226 miou=0.0000 f1=0.0000 thr=0.40 time=24.8s
[Epoch 395] loss=1.1267 miou=0.0000 f1=0.0000 thr=0.40 time=25.3s
[Epoch 396] loss=1.1219 miou=0.0000 f1=0.0000 thr=0.40 time=24.8s
[Epoch 397] loss=1.1221 miou=0.0000 f1=0.0000 thr=0.40 time=25.1s
[Epoch 398] loss=1.1275 miou=0.0000 f1=0.0000 thr=0.40 time=24.7s
[Epoch 399] loss=1.1227 miou=0.0000 f1=0.0000 thr=0.40 time=24.8s
[Epoch 400] loss=1.1307 miou=0.0000 f1=0.0000 thr=0.40 time=24.8s
[Epoch 401] loss=1.1287 miou=0.0000 f1=0.0000 thr=0.40 time=24.6s
[Epoch 402] loss=1.1371 miou=0.0000 f1=0.0000 thr=0.40 time=24.9s
[Epoch 403] loss=1.1386 miou=0.0000 f1=0.0000 thr=0.40 time=25.1s
[Epoch 404] loss=1.1385 miou=0.0000 f1=0.0000 thr=0.40 time=24.8s
[Epoch 405] loss=1.1467 miou=0.0000 f1=0.0000 thr=0.40 time=24.8s
[Epoch 406] loss=1.1400 miou=0.0000 f1=0.0000 thr=0.40 time=24.8s
[Epoch 407] loss=1.1442 miou=0.0000 f1=0.0000 thr=0.40 time=25.2s
[Epoch 408] loss=1.1450 miou=0.0000 f1=0.0000 thr=0.40 time=24.7s
[Epoch 409] loss=1.1455 miou=0.0000 f1=0.0000 thr=0.40 time=24.9s
[Epoch 410] loss=1.1408 miou=0.0000 f1=0.0000 thr=0.40 time=25.0s
[Epoch 411] loss=1.1457 miou=0.0000 f1=0.0000 thr=0.40 time=24.9s
[Epoch 412] loss=1.1409 miou=0.0000 f1=0.0000 thr=0.40 time=25.1s
[Epoch 413] loss=1.1523 miou=0.0000 f1=0.0000 thr=0.40 time=24.7s
[Epoch 414] loss=1.1460 miou=0.0000 f1=0.0000 thr=0.40 time=25.1s
[Epoch 415] loss=1.1418 miou=0.0000 f1=0.0000 thr=0.40 time=25.0s
[Epoch 416] loss=1.1510 miou=0.0000 f1=0.0000 thr=0.40 time=24.9s
[Epoch 417] loss=1.1568 miou=0.0000 f1=0.0000 thr=0.40 time=25.0s
[Epoch 418] loss=1.1431 miou=0.0000 f1=0.0000 thr=0.40 time=24.8s
[Epoch 419] loss=1.1495 miou=0.0000 f1=0.0000 thr=0.40 time=25.0s
[Epoch 420] loss=1.1503 miou=0.0000 f1=0.0000 thr=0.40 time=25.1s
[Epoch 421] loss=1.1434 miou=0.0000 f1=0.0000 thr=0.40 time=24.9s
[Epoch 422] loss=1.1474 miou=0.0000 f1=0.0000 thr=0.40 time=24.7s
[Epoch 423] loss=1.1472 miou=0.0000 f1=0.0000 thr=0.40 time=24.9s
[Epoch 424] loss=1.1495 miou=0.0000 f1=0.0000 thr=0.40 time=24.8s
[Epoch 425] loss=1.1496 miou=0.0000 f1=0.0000 thr=0.40 time=24.7s
[Epoch 426] loss=1.1474 miou=0.0000 f1=0.0000 thr=0.40 time=24.7s
[Epoch 427] loss=1.1554 miou=0.0000 f1=0.0000 thr=0.40 time=25.2s
[Epoch 428] loss=1.1539 miou=0.0000 f1=0.0000 thr=0.40 time=24.9s
[Epoch 429] loss=1.1493 miou=0.0000 f1=0.0000 thr=0.40 time=24.7s
[Epoch 430] loss=1.1500 miou=0.0000 f1=0.0000 thr=0.40 time=24.9s
[Epoch 431] loss=1.1570 miou=0.0000 f1=0.0000 thr=0.40 time=25.2s
[Epoch 432] loss=1.1484 miou=0.0000 f1=0.0000 thr=0.40 time=25.0s
[Epoch 433] loss=1.1569 miou=0.0000 f1=0.0000 thr=0.40 time=25.0s
[Epoch 434] loss=1.1553 miou=0.0000 f1=0.0000 thr=0.40 time=24.8s
[Epoch 435] loss=1.1515 miou=0.0000 f1=0.0000 thr=0.40 time=25.0s
[Epoch 436] loss=1.1590 miou=0.0000 f1=0.0000 thr=0.40 time=25.0s
[Epoch 437] loss=1.1569 miou=0.0000 f1=0.0000 thr=0.40 time=24.9s
[Epoch 438] loss=1.1512 miou=0.0000 f1=0.0000 thr=0.40 time=24.9s
[Epoch 439] loss=1.1503 miou=0.0000 f1=0.0000 thr=0.40 time=24.8s
[Epoch 440] loss=1.1547 miou=0.0000 f1=0.0000 thr=0.40 time=24.8s
[Epoch 441] loss=1.1516 miou=0.0000 f1=0.0000 thr=0.40 time=24.7s
[Epoch 442] loss=1.1478 miou=0.0000 f1=0.0000 thr=0.40 time=24.7s
[Epoch 443] loss=1.1519 miou=0.0000 f1=0.0000 thr=0.40 time=25.0s
[Epoch 444] loss=1.1492 miou=0.0000 f1=0.0000 thr=0.40 time=24.9s
[Epoch 445] loss=1.1544 miou=0.0000 f1=0.0000 thr=0.40 time=24.6s
[Epoch 446] loss=1.1582 miou=0.0000 f1=0.0000 thr=0.40 time=24.7s
[Epoch 447] loss=1.1531 miou=0.0000 f1=0.0000 thr=0.40 time=24.3s
[Epoch 448] loss=1.1562 miou=0.0000 f1=0.0000 thr=0.40 time=25.1s
[Epoch 449] loss=1.1512 miou=0.0000 f1=0.0000 thr=0.40 time=24.9s
[Epoch 450] loss=1.1543 miou=0.0000 f1=0.0000 thr=0.40 time=24.5s
[Epoch 451] loss=1.1508 miou=0.0000 f1=0.0000 thr=0.40 time=25.3s
[Epoch 452] loss=1.1561 miou=0.0000 f1=0.0000 thr=0.40 time=24.8s
[Epoch 453] loss=1.1531 miou=0.0000 f1=0.0000 thr=0.40 time=24.6s
[Epoch 454] loss=1.1536 miou=0.0000 f1=0.0000 thr=0.40 time=24.7s
[Epoch 455] loss=1.1559 miou=0.0000 f1=0.0000 thr=0.40 time=24.7s
[Epoch 456] loss=1.1562 miou=0.0000 f1=0.0000 thr=0.40 time=24.4s
[Epoch 457] loss=1.1553 miou=0.0000 f1=0.0000 thr=0.40 time=24.7s
[Epoch 458] loss=1.1526 miou=0.0000 f1=0.0000 thr=0.40 time=24.8s
[Epoch 459] loss=1.1555 miou=0.0000 f1=0.0000 thr=0.40 time=24.7s
[Epoch 460] loss=1.1557 miou=0.0000 f1=0.0000 thr=0.40 time=24.8s
[Epoch 461] loss=1.1642 miou=0.0000 f1=0.0000 thr=0.40 time=24.7s
[Epoch 462] loss=1.1546 miou=0.0000 f1=0.0000 thr=0.40 time=24.7s
[Epoch 463] loss=1.1563 miou=0.0000 f1=0.0000 thr=0.40 time=24.5s
[Epoch 464] loss=1.1620 miou=0.0000 f1=0.0000 thr=0.40 time=25.0s
[Epoch 465] loss=1.1573 miou=0.0000 f1=0.0000 thr=0.40 time=25.1s
[Epoch 466] loss=1.1530 miou=0.0000 f1=0.0000 thr=0.40 time=24.8s
[Epoch 467] loss=1.1609 miou=0.0000 f1=0.0000 thr=0.40 time=24.6s
[Epoch 468] loss=1.1649 miou=0.0000 f1=0.0000 thr=0.40 time=24.4s
[Epoch 469] loss=1.1571 miou=0.0000 f1=0.0000 thr=0.40 time=25.3s
[Epoch 470] loss=1.1542 miou=0.0000 f1=0.0000 thr=0.40 time=24.9s
[Epoch 471] loss=1.1527 miou=0.0000 f1=0.0000 thr=0.40 time=24.6s
[Epoch 472] loss=1.1655 miou=0.0000 f1=0.0000 thr=0.40 time=24.8s
[Epoch 473] loss=1.1623 miou=0.0000 f1=0.0000 thr=0.40 time=25.0s
[Epoch 474] loss=1.1585 miou=0.0000 f1=0.0000 thr=0.40 time=24.7s
[Epoch 475] loss=1.1641 miou=0.0000 f1=0.0000 thr=0.40 time=25.0s
[Epoch 476] loss=1.1541 miou=0.0144 f1=0.0255 thr=0.40 time=24.9s
[Epoch 477] loss=0.8482 miou=0.4805 f1=0.5996 thr=0.50 time=25.0s
[Epoch 478] loss=0.4226 miou=0.5924 f1=0.7125 thr=0.40 time=24.9s
[Epoch 479] loss=0.3104 miou=0.6173 f1=0.7295 thr=0.40 time=24.6s
[Epoch 480] loss=0.2767 miou=0.6402 f1=0.7556 thr=0.50 time=24.9s
[Epoch 481] loss=0.2396 miou=0.6520 f1=0.7653 thr=0.40 time=24.6s
[Epoch 482] loss=0.2095 miou=0.6618 f1=0.7777 thr=0.40 time=24.9s
[Epoch 483] loss=0.2003 miou=0.6587 f1=0.7717 thr=0.40 time=25.2s
[Epoch 484] loss=0.1930 miou=0.6756 f1=0.7899 thr=0.40 time=25.0s
[Epoch 485] loss=0.1713 miou=0.6664 f1=0.7799 thr=0.50 time=24.9s
[Epoch 486] loss=0.1564 miou=0.6507 f1=0.7655 thr=0.40 time=25.1s
[Epoch 487] loss=0.1493 miou=0.6815 f1=0.7946 thr=0.40 time=25.2s
[Epoch 488] loss=0.1317 miou=0.6863 f1=0.7995 thr=0.40 time=24.7s
[Epoch 489] loss=0.1303 miou=0.6876 f1=0.7991 thr=0.50 time=24.8s
[Epoch 490] loss=0.1223 miou=0.6868 f1=0.7979 thr=0.40 time=25.2s
[Epoch 491] loss=0.1222 miou=0.6834 f1=0.7965 thr=0.45 time=25.1s
[Epoch 492] loss=0.1176 miou=0.6843 f1=0.7958 thr=0.40 time=24.8s
[Epoch 493] loss=0.1155 miou=0.6870 f1=0.7988 thr=0.40 time=25.3s
[Epoch 494] loss=0.1165 miou=0.6777 f1=0.7938 thr=0.45 time=25.2s
[Epoch 495] loss=0.1068 miou=0.6893 f1=0.8022 thr=0.40 time=24.8s
[Epoch 496] loss=0.1000 miou=0.6868 f1=0.8003 thr=0.40 time=24.9s
[Epoch 497] loss=0.0978 miou=0.6841 f1=0.7986 thr=0.40 time=25.0s
[Epoch 498] loss=0.0993 miou=0.6801 f1=0.7947 thr=0.40 time=25.0s
[Epoch 499] loss=0.0974 miou=0.6814 f1=0.7948 thr=0.40 time=24.5s
[Epoch 500] loss=0.0941 miou=0.6814 f1=0.7951 thr=0.50 time=24.7s
