nohup: ignoring input
Run directory: ./outputs_sam_sirst_hq/NUAA-SIRST_model-vitt_size256_use_HQ_param_bs4_e1000kp1msfx_pixels0_split-50_50_20250917_115732
[build_efficient_sam_hq] Partially loaded 253 tensors from baseline (278 scanned).
/home/bip/cry/anaconda3/lib/python3.9/site-packages/torch/cuda/__init__.py:611: UserWarning: Can't initialize NVML
  warnings.warn("Can't initialize NVML")
[Epoch 001] loss=1.2548 miou=0.0000 f1=0.0000 time=16.2s
[Epoch 002] loss=0.8212 miou=0.5276 f1=0.6681 time=14.7s
[Epoch 003] loss=0.3929 miou=0.5838 f1=0.7187 time=14.7s
[Epoch 004] loss=0.3388 miou=0.6356 f1=0.7624 time=14.8s
[Epoch 005] loss=0.2999 miou=0.6494 f1=0.7719 time=14.8s
[Epoch 006] loss=0.3089 miou=0.6241 f1=0.7496 time=15.0s
[Epoch 007] loss=0.2928 miou=0.6688 f1=0.7869 time=14.9s
[Epoch 008] loss=0.2761 miou=0.6573 f1=0.7769 time=15.0s
[Epoch 009] loss=0.2643 miou=0.6681 f1=0.7868 time=14.9s
[Epoch 010] loss=0.2575 miou=0.6671 f1=0.7875 time=14.9s
Unfroze at epoch 10: encoder + all heads.
[Epoch 011] loss=0.2847 miou=0.6461 f1=0.7694 time=23.4s
[Epoch 012] loss=0.2741 miou=0.6665 f1=0.7865 time=23.3s
[Epoch 013] loss=0.2502 miou=0.6510 f1=0.7707 time=23.2s
[Epoch 014] loss=0.2569 miou=0.6639 f1=0.7824 time=23.2s
[Epoch 015] loss=0.2352 miou=0.6774 f1=0.7936 time=23.2s
[Epoch 016] loss=0.2310 miou=0.6623 f1=0.7810 time=23.3s
[Epoch 017] loss=0.2133 miou=0.6889 f1=0.7999 time=23.2s
[Epoch 018] loss=0.2176 miou=0.6992 f1=0.8093 time=23.3s
[Epoch 019] loss=0.2296 miou=0.6827 f1=0.7982 time=23.3s
[Epoch 020] loss=0.2327 miou=0.6876 f1=0.8004 time=23.2s
[Epoch 021] loss=0.2229 miou=0.6477 f1=0.7709 time=23.2s
[Epoch 022] loss=0.2236 miou=0.6802 f1=0.7948 time=23.2s
[Epoch 023] loss=0.2085 miou=0.6912 f1=0.8027 time=23.2s
[Epoch 024] loss=0.2189 miou=0.6831 f1=0.7962 time=23.3s
[Epoch 025] loss=0.2118 miou=0.6999 f1=0.8098 time=23.2s
[Epoch 026] loss=0.2032 miou=0.6919 f1=0.8037 time=23.3s
[Epoch 027] loss=0.1940 miou=0.6999 f1=0.8097 time=23.2s
[Epoch 028] loss=0.2208 miou=0.6593 f1=0.7776 time=23.3s
[Epoch 029] loss=0.2210 miou=0.6793 f1=0.7943 time=23.2s
[Epoch 030] loss=0.2078 miou=0.6634 f1=0.7812 time=23.2s
[Epoch 031] loss=0.1968 miou=0.6824 f1=0.7953 time=23.2s
[Epoch 032] loss=0.1886 miou=0.6795 f1=0.7917 time=23.2s
[Epoch 033] loss=0.1941 miou=0.6848 f1=0.7984 time=23.2s
[Epoch 034] loss=0.2014 miou=0.6870 f1=0.8004 time=23.1s
[Epoch 035] loss=0.1968 miou=0.6968 f1=0.8087 time=23.2s
[Epoch 036] loss=0.1819 miou=0.6863 f1=0.7997 time=23.2s
[Epoch 037] loss=0.1902 miou=0.6884 f1=0.8018 time=23.2s
[Epoch 038] loss=0.1972 miou=0.6703 f1=0.7891 time=23.2s
[Epoch 039] loss=0.1981 miou=0.6950 f1=0.8073 time=23.2s
[Epoch 040] loss=0.1862 miou=0.6987 f1=0.8113 time=23.2s
[Epoch 041] loss=0.1877 miou=0.6871 f1=0.8014 time=23.2s
[Epoch 042] loss=0.1933 miou=0.6934 f1=0.8061 time=23.2s
[Epoch 043] loss=0.1865 miou=0.6881 f1=0.8025 time=23.4s
[Epoch 044] loss=0.1736 miou=0.7027 f1=0.8130 time=23.4s
[Epoch 045] loss=0.1772 miou=0.6967 f1=0.8092 time=23.2s
[Epoch 046] loss=0.1728 miou=0.7027 f1=0.8125 time=23.2s
[Epoch 047] loss=0.1776 miou=0.7103 f1=0.8177 time=23.3s
[Epoch 048] loss=0.1752 miou=0.6910 f1=0.8010 time=23.2s
[Epoch 049] loss=0.1817 miou=0.7026 f1=0.8126 time=23.1s
[Epoch 050] loss=0.1698 miou=0.6927 f1=0.8052 time=23.2s
[Epoch 051] loss=0.1870 miou=0.6850 f1=0.7989 time=23.1s
[Epoch 052] loss=0.1860 miou=0.7142 f1=0.8213 time=23.2s
[Epoch 053] loss=0.1791 miou=0.6887 f1=0.7999 time=23.2s
[Epoch 054] loss=0.1779 miou=0.6981 f1=0.8085 time=23.1s
[Epoch 055] loss=0.1688 miou=0.6970 f1=0.8081 time=23.2s
[Epoch 056] loss=0.1750 miou=0.6935 f1=0.8067 time=23.2s
[Epoch 057] loss=0.1745 miou=0.6954 f1=0.8087 time=23.2s
[Epoch 058] loss=0.1633 miou=0.6870 f1=0.8012 time=23.2s
[Epoch 059] loss=0.1677 miou=0.6928 f1=0.8043 time=23.2s
[Epoch 060] loss=0.1707 miou=0.6828 f1=0.7966 time=23.2s
[Epoch 061] loss=0.1762 miou=0.6987 f1=0.8106 time=23.1s
[Epoch 062] loss=0.1647 miou=0.7026 f1=0.8109 time=23.1s
[Epoch 063] loss=0.1599 miou=0.6977 f1=0.8088 time=23.2s
[Epoch 064] loss=0.1801 miou=0.6854 f1=0.8000 time=23.3s
[Epoch 065] loss=0.1826 miou=0.6916 f1=0.8044 time=23.3s
[Epoch 066] loss=0.1641 miou=0.6930 f1=0.8058 time=23.2s
[Epoch 067] loss=0.1618 miou=0.6991 f1=0.8108 time=23.2s
[Epoch 068] loss=0.1632 miou=0.6878 f1=0.8014 time=23.2s
[Epoch 069] loss=0.1603 miou=0.6862 f1=0.8002 time=23.2s
[Epoch 070] loss=0.1695 miou=0.6808 f1=0.7969 time=23.1s
[Epoch 071] loss=0.1681 miou=0.6993 f1=0.8101 time=23.1s
[Epoch 072] loss=0.1518 miou=0.6855 f1=0.8002 time=23.1s
[Epoch 073] loss=0.1649 miou=0.6830 f1=0.7973 time=23.1s
[Epoch 074] loss=0.1615 miou=0.6797 f1=0.7944 time=23.1s
[Epoch 075] loss=0.1655 miou=0.6838 f1=0.7971 time=23.2s
[Epoch 076] loss=0.1540 miou=0.6857 f1=0.7999 time=23.1s
[Epoch 077] loss=0.1508 miou=0.6961 f1=0.8071 time=23.1s
[Epoch 078] loss=0.1536 miou=0.6867 f1=0.8007 time=23.2s
[Epoch 079] loss=0.1594 miou=0.6713 f1=0.7880 time=23.1s
[Epoch 080] loss=0.1543 miou=0.6825 f1=0.7963 time=23.1s
[Epoch 081] loss=0.1464 miou=0.6904 f1=0.8028 time=23.1s
[Epoch 082] loss=0.1368 miou=0.6846 f1=0.7983 time=23.1s
[Epoch 083] loss=0.1492 miou=0.6905 f1=0.8039 time=23.1s
[Epoch 084] loss=0.1463 miou=0.6961 f1=0.8078 time=23.0s
[Epoch 085] loss=0.1463 miou=0.6953 f1=0.8082 time=23.0s
[Epoch 086] loss=0.1497 miou=0.6968 f1=0.8085 time=23.0s
[Epoch 087] loss=0.1374 miou=0.6931 f1=0.8055 time=23.0s
[Epoch 088] loss=0.1440 miou=0.6842 f1=0.7998 time=23.0s
[Epoch 089] loss=0.1458 miou=0.6818 f1=0.7981 time=23.1s
[Epoch 090] loss=0.1448 miou=0.6859 f1=0.8007 time=23.1s
[Epoch 091] loss=0.1406 miou=0.6909 f1=0.8043 time=23.1s
[Epoch 092] loss=0.1479 miou=0.6931 f1=0.8058 time=23.0s
[Epoch 093] loss=0.1566 miou=0.6846 f1=0.7995 time=23.1s
[Epoch 094] loss=0.1455 miou=0.6866 f1=0.8008 time=23.1s
[Epoch 095] loss=0.1383 miou=0.6936 f1=0.8065 time=23.1s
[Epoch 096] loss=0.1439 miou=0.6951 f1=0.8052 time=23.1s
[Epoch 097] loss=0.1440 miou=0.6888 f1=0.8028 time=23.1s
[Epoch 098] loss=0.1408 miou=0.6888 f1=0.8032 time=23.1s
[Epoch 099] loss=0.1359 miou=0.6935 f1=0.8061 time=23.1s
[Epoch 100] loss=0.1366 miou=0.6925 f1=0.8053 time=23.1s
[Epoch 101] loss=0.1275 miou=0.6950 f1=0.8071 time=23.1s
[Epoch 102] loss=0.1387 miou=0.6847 f1=0.7989 time=23.1s
[Epoch 103] loss=0.1305 miou=0.6866 f1=0.8012 time=23.1s
[Epoch 104] loss=0.1269 miou=0.6785 f1=0.7936 time=23.1s
[Epoch 105] loss=0.1357 miou=0.6861 f1=0.7995 time=23.1s
[Epoch 106] loss=0.1375 miou=0.6854 f1=0.8002 time=23.1s
[Epoch 107] loss=0.1292 miou=0.6946 f1=0.8063 time=23.1s
[Epoch 108] loss=0.1308 miou=0.6921 f1=0.8029 time=23.1s
[Epoch 109] loss=0.1323 miou=0.6880 f1=0.8017 time=23.1s
[Epoch 110] loss=0.1330 miou=0.6922 f1=0.8046 time=23.1s
[Epoch 111] loss=0.1345 miou=0.6734 f1=0.7906 time=23.2s
[Epoch 112] loss=0.1374 miou=0.6905 f1=0.8037 time=23.1s
[Epoch 113] loss=0.1274 miou=0.6911 f1=0.8027 time=23.1s
[Epoch 114] loss=0.1336 miou=0.6837 f1=0.7976 time=23.1s
[Epoch 115] loss=0.1443 miou=0.6933 f1=0.8062 time=23.1s
[Epoch 116] loss=0.1321 miou=0.6984 f1=0.8105 time=23.1s
[Epoch 117] loss=0.1305 miou=0.6934 f1=0.8065 time=23.1s
[Epoch 118] loss=0.1305 miou=0.6951 f1=0.8079 time=23.1s
[Epoch 119] loss=0.1172 miou=0.6902 f1=0.8043 time=23.1s
[Epoch 120] loss=0.1268 miou=0.6873 f1=0.8025 time=23.1s
[Epoch 121] loss=0.1255 miou=0.6879 f1=0.8027 time=23.1s
[Epoch 122] loss=0.1263 miou=0.6816 f1=0.7974 time=23.1s
[Epoch 123] loss=0.1331 miou=0.6829 f1=0.7975 time=23.1s
[Epoch 124] loss=0.1244 miou=0.6888 f1=0.8022 time=23.1s
[Epoch 125] loss=0.1257 miou=0.6869 f1=0.8006 time=23.1s
[Epoch 126] loss=0.1245 miou=0.6791 f1=0.7947 time=23.2s
[Epoch 127] loss=0.1328 miou=0.6870 f1=0.8008 time=23.2s
[Epoch 128] loss=0.1265 miou=0.6945 f1=0.8060 time=23.1s
[Epoch 129] loss=0.1258 miou=0.6926 f1=0.8059 time=23.1s
[Epoch 130] loss=0.1277 miou=0.6814 f1=0.7957 time=23.1s
[Epoch 131] loss=0.1279 miou=0.6856 f1=0.8001 time=23.1s
[Epoch 132] loss=0.1173 miou=0.6933 f1=0.8059 time=23.1s
[Epoch 133] loss=0.1178 miou=0.6892 f1=0.8030 time=23.1s
[Epoch 134] loss=0.1252 miou=0.6965 f1=0.8086 time=23.2s
[Epoch 135] loss=0.1299 miou=0.6680 f1=0.7866 time=23.3s
[Epoch 136] loss=0.1399 miou=0.6839 f1=0.7982 time=23.2s
[Epoch 137] loss=0.1194 miou=0.6893 f1=0.8036 time=23.2s
[Epoch 138] loss=0.1237 miou=0.6812 f1=0.7953 time=23.1s
[Epoch 139] loss=0.1221 miou=0.6891 f1=0.8011 time=23.1s
[Epoch 140] loss=0.1137 miou=0.6871 f1=0.7999 time=23.1s
[Epoch 141] loss=0.1165 miou=0.6900 f1=0.8002 time=23.1s
[Epoch 142] loss=0.1153 miou=0.6921 f1=0.8034 time=23.2s
[Epoch 143] loss=0.1167 miou=0.6896 f1=0.8018 time=23.3s
[Epoch 144] loss=0.1169 miou=0.6877 f1=0.8023 time=23.3s
[Epoch 145] loss=0.1145 miou=0.6865 f1=0.8012 time=23.4s
[Epoch 146] loss=0.1051 miou=0.6894 f1=0.8023 time=23.5s
[Epoch 147] loss=0.1108 miou=0.6826 f1=0.7991 time=23.4s
[Epoch 148] loss=0.1111 miou=0.6843 f1=0.7990 time=23.2s
[Epoch 149] loss=0.1160 miou=0.6905 f1=0.8044 time=23.1s
[Epoch 150] loss=0.1121 miou=0.6774 f1=0.7946 time=23.2s
[Epoch 151] loss=0.1264 miou=0.6914 f1=0.8033 time=23.1s
[Epoch 152] loss=0.1100 miou=0.6855 f1=0.8001 time=23.1s
[Epoch 153] loss=0.1204 miou=0.6917 f1=0.8061 time=23.1s
[Epoch 154] loss=0.1116 miou=0.6921 f1=0.8064 time=23.1s
[Epoch 155] loss=0.1112 miou=0.6975 f1=0.8092 time=23.1s
[Epoch 156] loss=0.1032 miou=0.6919 f1=0.8060 time=23.1s
[Epoch 157] loss=0.1053 miou=0.6896 f1=0.8043 time=23.1s
[Epoch 158] loss=0.1083 miou=0.6769 f1=0.7953 time=23.1s
[Epoch 159] loss=0.1384 miou=0.6841 f1=0.7994 time=23.1s
[Epoch 160] loss=0.1566 miou=0.6756 f1=0.7940 time=23.1s
[Epoch 161] loss=0.1358 miou=0.6909 f1=0.8041 time=23.1s
[Epoch 162] loss=0.1245 miou=0.6861 f1=0.8017 time=23.1s
[Epoch 163] loss=0.1201 miou=0.6838 f1=0.8005 time=23.1s
[Epoch 164] loss=0.1170 miou=0.6824 f1=0.7983 time=23.1s
[Epoch 165] loss=0.1085 miou=0.6908 f1=0.8049 time=23.1s
[Epoch 166] loss=0.1142 miou=0.6857 f1=0.7996 time=23.1s
[Epoch 167] loss=0.1063 miou=0.6923 f1=0.8050 time=23.1s
[Epoch 168] loss=0.1055 miou=0.6888 f1=0.8018 time=23.1s
[Epoch 169] loss=0.1027 miou=0.6859 f1=0.8002 time=23.1s
[Epoch 170] loss=0.0959 miou=0.6936 f1=0.8063 time=23.0s
[Epoch 171] loss=0.0973 miou=0.6882 f1=0.8017 time=23.2s
[Epoch 172] loss=0.0993 miou=0.6998 f1=0.8104 time=23.3s
[Epoch 173] loss=0.1050 miou=0.6899 f1=0.8033 time=23.1s
[Epoch 174] loss=0.1108 miou=0.6880 f1=0.8014 time=23.1s
[Epoch 175] loss=0.1073 miou=0.6875 f1=0.8006 time=23.1s
[Epoch 176] loss=0.0992 miou=0.6906 f1=0.8042 time=23.1s
[Epoch 177] loss=0.0961 miou=0.6875 f1=0.8022 time=23.1s
[Epoch 178] loss=0.1025 miou=0.6970 f1=0.8087 time=23.1s
[Epoch 179] loss=0.0986 miou=0.6949 f1=0.8068 time=23.1s
[Epoch 180] loss=0.0966 miou=0.6804 f1=0.7959 time=23.1s
[Epoch 181] loss=0.1021 miou=0.6896 f1=0.8011 time=23.1s
[Epoch 182] loss=0.0983 miou=0.6901 f1=0.8027 time=23.1s
[Epoch 183] loss=0.1017 miou=0.6923 f1=0.8065 time=23.1s
[Epoch 184] loss=0.1089 miou=0.6781 f1=0.7957 time=23.1s
[Epoch 185] loss=0.1082 miou=0.6851 f1=0.8000 time=23.1s
[Epoch 186] loss=0.1010 miou=0.6910 f1=0.8046 time=23.0s
[Epoch 187] loss=0.1077 miou=0.6917 f1=0.8063 time=23.1s
[Epoch 188] loss=0.1071 miou=0.6870 f1=0.8017 time=23.1s
[Epoch 189] loss=0.1034 miou=0.6896 f1=0.8039 time=23.0s
[Epoch 190] loss=0.0992 miou=0.6903 f1=0.8035 time=23.1s
[Epoch 191] loss=0.1003 miou=0.6852 f1=0.8018 time=23.1s
[Epoch 192] loss=0.0988 miou=0.6831 f1=0.7990 time=23.1s
[Epoch 193] loss=0.1027 miou=0.6923 f1=0.8043 time=23.1s
[Epoch 194] loss=0.0925 miou=0.6891 f1=0.8037 time=23.1s
[Epoch 195] loss=0.0995 miou=0.6934 f1=0.8058 time=23.1s
[Epoch 196] loss=0.0949 miou=0.6901 f1=0.8048 time=23.1s
[Epoch 197] loss=0.0953 miou=0.6895 f1=0.8025 time=23.1s
[Epoch 198] loss=0.0983 miou=0.6827 f1=0.7980 time=23.0s
[Epoch 199] loss=0.1073 miou=0.6925 f1=0.8054 time=23.1s
[Epoch 200] loss=0.0920 miou=0.6935 f1=0.8080 time=23.1s
[Epoch 201] loss=0.0971 miou=0.6864 f1=0.8020 time=23.1s
[Epoch 202] loss=0.0996 miou=0.6881 f1=0.8029 time=23.1s
[Epoch 203] loss=0.0994 miou=0.6872 f1=0.8031 time=23.1s
[Epoch 204] loss=0.1033 miou=0.6779 f1=0.7951 time=23.0s
[Epoch 205] loss=0.1042 miou=0.6869 f1=0.8005 time=23.1s
[Epoch 206] loss=0.0983 miou=0.6769 f1=0.7928 time=23.0s
[Epoch 207] loss=0.0906 miou=0.6858 f1=0.8015 time=23.0s
[Epoch 208] loss=0.1048 miou=0.6788 f1=0.7950 time=23.0s
[Epoch 209] loss=0.1038 miou=0.6906 f1=0.8038 time=23.1s
[Epoch 210] loss=0.0969 miou=0.6937 f1=0.8063 time=23.1s
[Epoch 211] loss=0.0965 miou=0.6893 f1=0.8030 time=23.1s
[Epoch 212] loss=0.1005 miou=0.6835 f1=0.7974 time=23.0s
[Epoch 213] loss=0.0996 miou=0.6936 f1=0.8064 time=23.1s
[Epoch 214] loss=0.0994 miou=0.6870 f1=0.8006 time=23.0s
[Epoch 215] loss=0.0879 miou=0.6872 f1=0.8026 time=23.1s
[Epoch 216] loss=0.0973 miou=0.6955 f1=0.8081 time=23.1s
[Epoch 217] loss=0.0983 miou=0.6906 f1=0.8053 time=23.1s
[Epoch 218] loss=0.0934 miou=0.6967 f1=0.8108 time=23.1s
[Epoch 219] loss=0.0994 miou=0.6903 f1=0.8057 time=23.1s
[Epoch 220] loss=0.0994 miou=0.6896 f1=0.8027 time=23.1s
[Epoch 221] loss=0.0933 miou=0.6884 f1=0.8034 time=23.1s
[Epoch 222] loss=0.0957 miou=0.6941 f1=0.8091 time=23.1s
[Epoch 223] loss=0.0878 miou=0.6903 f1=0.8046 time=23.1s
[Epoch 224] loss=0.0891 miou=0.6866 f1=0.8024 time=23.1s
[Epoch 225] loss=0.0931 miou=0.6902 f1=0.8056 time=23.1s
[Epoch 226] loss=0.0869 miou=0.6934 f1=0.8065 time=23.1s
[Epoch 227] loss=0.0975 miou=0.6883 f1=0.8024 time=23.1s
[Epoch 228] loss=0.0887 miou=0.6890 f1=0.8038 time=23.1s
[Epoch 229] loss=0.0941 miou=0.6879 f1=0.8022 time=23.1s
[Epoch 230] loss=0.0979 miou=0.6890 f1=0.8034 time=23.1s
[Epoch 231] loss=0.0906 miou=0.6886 f1=0.8030 time=23.1s
[Epoch 232] loss=0.0960 miou=0.6874 f1=0.8019 time=23.1s
[Epoch 233] loss=0.0894 miou=0.6791 f1=0.7960 time=23.1s
[Epoch 234] loss=0.0953 miou=0.6901 f1=0.8042 time=23.1s
[Epoch 235] loss=0.0924 miou=0.6882 f1=0.8019 time=23.1s
[Epoch 236] loss=0.0882 miou=0.6885 f1=0.8022 time=23.1s
[Epoch 237] loss=0.0860 miou=0.6928 f1=0.8082 time=23.1s
[Epoch 238] loss=0.0838 miou=0.6899 f1=0.8040 time=23.1s
[Epoch 239] loss=0.0918 miou=0.6898 f1=0.8042 time=23.1s
[Epoch 240] loss=0.0861 miou=0.6965 f1=0.8100 time=23.1s
[Epoch 241] loss=0.0810 miou=0.6996 f1=0.8126 time=23.1s
[Epoch 242] loss=0.0870 miou=0.6979 f1=0.8115 time=23.1s
[Epoch 243] loss=0.0838 miou=0.6976 f1=0.8097 time=23.0s
[Epoch 244] loss=0.0861 miou=0.6880 f1=0.8029 time=23.1s
[Epoch 245] loss=0.0870 miou=0.6882 f1=0.8022 time=23.1s
[Epoch 246] loss=0.0896 miou=0.6946 f1=0.8085 time=23.0s
[Epoch 247] loss=0.0872 miou=0.6900 f1=0.8055 time=23.1s
[Epoch 248] loss=0.0841 miou=0.6929 f1=0.8065 time=23.1s
[Epoch 249] loss=0.0815 miou=0.6955 f1=0.8070 time=23.1s
[Epoch 250] loss=0.0876 miou=0.6904 f1=0.8052 time=23.1s
[Epoch 251] loss=0.0843 miou=0.6966 f1=0.8105 time=23.0s
[Epoch 252] loss=0.0888 miou=0.6919 f1=0.8067 time=23.1s
[Epoch 253] loss=0.0863 miou=0.6891 f1=0.8021 time=23.1s
[Epoch 254] loss=0.0927 miou=0.6907 f1=0.8047 time=23.1s
[Epoch 255] loss=0.0895 miou=0.6885 f1=0.8031 time=23.2s
[Epoch 256] loss=0.0888 miou=0.6888 f1=0.8037 time=23.2s
[Epoch 257] loss=0.0972 miou=0.6866 f1=0.8020 time=23.2s
[Epoch 258] loss=0.1005 miou=0.6863 f1=0.8007 time=23.2s
[Epoch 259] loss=0.0976 miou=0.6849 f1=0.8015 time=23.1s
[Epoch 260] loss=0.0943 miou=0.6751 f1=0.7934 time=23.2s
[Epoch 261] loss=0.0920 miou=0.6887 f1=0.8036 time=23.1s
[Epoch 262] loss=0.0928 miou=0.6911 f1=0.8054 time=23.2s
[Epoch 263] loss=0.0918 miou=0.6837 f1=0.7993 time=23.1s
[Epoch 264] loss=0.0929 miou=0.6889 f1=0.8037 time=23.1s
[Epoch 265] loss=0.0884 miou=0.6855 f1=0.8008 time=23.2s
[Epoch 266] loss=0.0877 miou=0.6854 f1=0.8000 time=23.2s
[Epoch 267] loss=0.0937 miou=0.6827 f1=0.8002 time=23.2s
[Epoch 268] loss=0.0855 miou=0.6790 f1=0.7949 time=23.2s
[Epoch 269] loss=0.0875 miou=0.6859 f1=0.8035 time=23.2s
[Epoch 270] loss=0.0861 miou=0.6919 f1=0.8068 time=23.1s
[Epoch 271] loss=0.0852 miou=0.6805 f1=0.7970 time=23.1s
[Epoch 272] loss=0.0808 miou=0.6854 f1=0.7997 time=23.2s
[Epoch 273] loss=0.0799 miou=0.6917 f1=0.8028 time=23.2s
[Epoch 274] loss=0.0775 miou=0.6854 f1=0.8003 time=23.1s
[Epoch 275] loss=0.0849 miou=0.6893 f1=0.8038 time=23.1s
[Epoch 276] loss=0.0808 miou=0.6962 f1=0.8086 time=23.2s
[Epoch 277] loss=0.0804 miou=0.6909 f1=0.8065 time=23.2s
[Epoch 278] loss=0.0838 miou=0.6958 f1=0.8098 time=23.1s
[Epoch 279] loss=0.0782 miou=0.6951 f1=0.8081 time=23.2s
[Epoch 280] loss=0.0802 miou=0.6898 f1=0.8040 time=23.2s
[Epoch 281] loss=0.0766 miou=0.6868 f1=0.8008 time=23.1s
[Epoch 282] loss=0.0871 miou=0.6931 f1=0.8059 time=23.2s
[Epoch 283] loss=0.0767 miou=0.6950 f1=0.8074 time=23.1s
[Epoch 284] loss=0.0737 miou=0.6914 f1=0.8062 time=23.2s
[Epoch 285] loss=0.0776 miou=0.6985 f1=0.8112 time=23.1s
[Epoch 286] loss=0.0809 miou=0.6932 f1=0.8049 time=23.1s
[Epoch 287] loss=0.0823 miou=0.6877 f1=0.8009 time=23.2s
[Epoch 288] loss=0.0776 miou=0.6882 f1=0.8015 time=23.2s
[Epoch 289] loss=0.0777 miou=0.6891 f1=0.8029 time=23.1s
[Epoch 290] loss=0.0792 miou=0.6967 f1=0.8085 time=23.2s
[Epoch 291] loss=0.0851 miou=0.6884 f1=0.8025 time=23.1s
[Epoch 292] loss=0.0792 miou=0.6984 f1=0.8088 time=23.2s
[Epoch 293] loss=0.0780 miou=0.6920 f1=0.8060 time=23.1s
[Epoch 294] loss=0.0868 miou=0.6873 f1=0.8009 time=23.1s
[Epoch 295] loss=0.0854 miou=0.6912 f1=0.8052 time=23.2s
[Epoch 296] loss=0.0885 miou=0.6897 f1=0.8036 time=23.2s
[Epoch 297] loss=0.0883 miou=0.6836 f1=0.7989 time=23.1s
[Epoch 298] loss=0.0837 miou=0.6887 f1=0.8046 time=23.1s
[Epoch 299] loss=0.0808 miou=0.6915 f1=0.8062 time=23.1s
[Epoch 300] loss=0.0848 miou=0.6875 f1=0.8019 time=23.2s
[Epoch 301] loss=0.0808 miou=0.6852 f1=0.8014 time=23.2s
[Epoch 302] loss=0.0863 miou=0.6743 f1=0.7924 time=23.1s
[Epoch 303] loss=0.0925 miou=0.6847 f1=0.7992 time=23.1s
[Epoch 304] loss=0.0888 miou=0.6884 f1=0.8018 time=23.2s
[Epoch 305] loss=0.0830 miou=0.6799 f1=0.7959 time=23.2s
[Epoch 306] loss=0.0924 miou=0.6877 f1=0.8039 time=23.2s
[Epoch 307] loss=0.0862 miou=0.6845 f1=0.8010 time=23.2s
[Epoch 308] loss=0.0838 miou=0.6948 f1=0.8098 time=23.2s
[Epoch 309] loss=0.0815 miou=0.6943 f1=0.8073 time=23.1s
[Epoch 310] loss=0.0839 miou=0.6937 f1=0.8043 time=23.1s
[Epoch 311] loss=0.0791 miou=0.6896 f1=0.8040 time=23.1s
[Epoch 312] loss=0.0831 miou=0.6901 f1=0.8051 time=23.1s
[Epoch 313] loss=0.0861 miou=0.6774 f1=0.7947 time=23.1s
[Epoch 314] loss=0.0774 miou=0.6866 f1=0.8027 time=23.1s
[Epoch 315] loss=0.0745 miou=0.6888 f1=0.8048 time=23.1s
[Epoch 316] loss=0.0838 miou=0.6893 f1=0.8042 time=23.2s
[Epoch 317] loss=0.0835 miou=0.6874 f1=0.8023 time=23.2s
[Epoch 318] loss=0.0803 miou=0.6893 f1=0.8050 time=23.2s
[Epoch 319] loss=0.0821 miou=0.6887 f1=0.8046 time=23.2s
[Epoch 320] loss=0.0864 miou=0.6832 f1=0.7983 time=23.2s
[Epoch 321] loss=0.0843 miou=0.6986 f1=0.8115 time=23.2s
[Epoch 322] loss=0.0842 miou=0.6893 f1=0.8039 time=23.2s
[Epoch 323] loss=0.0831 miou=0.6854 f1=0.8019 time=23.1s
[Epoch 324] loss=0.0807 miou=0.6893 f1=0.8037 time=23.1s
[Epoch 325] loss=0.0865 miou=0.6939 f1=0.8073 time=23.2s
[Epoch 326] loss=0.0859 miou=0.6906 f1=0.8048 time=23.2s
[Epoch 327] loss=0.0756 miou=0.6973 f1=0.8099 time=23.1s
[Epoch 328] loss=0.0792 miou=0.6931 f1=0.8067 time=23.1s
[Epoch 329] loss=0.0696 miou=0.6955 f1=0.8081 time=23.1s
[Epoch 330] loss=0.0779 miou=0.6974 f1=0.8094 time=23.1s
[Epoch 331] loss=0.0748 miou=0.6860 f1=0.8010 time=23.1s
[Epoch 332] loss=0.0744 miou=0.6874 f1=0.8032 time=23.2s
[Epoch 333] loss=0.0705 miou=0.6951 f1=0.8088 time=23.2s
[Epoch 334] loss=0.0754 miou=0.6842 f1=0.8007 time=23.1s
[Epoch 335] loss=0.0860 miou=0.6847 f1=0.7991 time=23.1s
[Epoch 336] loss=0.0830 miou=0.6897 f1=0.8046 time=23.1s
[Epoch 337] loss=0.0812 miou=0.6944 f1=0.8095 time=23.1s
[Epoch 338] loss=0.0835 miou=0.6903 f1=0.8041 time=23.1s
[Epoch 339] loss=0.0793 miou=0.6839 f1=0.7984 time=23.2s
[Epoch 340] loss=0.0773 miou=0.6845 f1=0.7996 time=23.2s
[Epoch 341] loss=0.0765 miou=0.6938 f1=0.8085 time=23.2s
[Epoch 342] loss=0.0821 miou=0.6922 f1=0.8072 time=23.2s
[Epoch 343] loss=0.0798 miou=0.6884 f1=0.8042 time=23.1s
[Epoch 344] loss=0.0869 miou=0.6914 f1=0.8065 time=23.2s
[Epoch 345] loss=0.0785 miou=0.6955 f1=0.8097 time=23.2s
[Epoch 346] loss=0.0810 miou=0.6856 f1=0.8021 time=23.1s
[Epoch 347] loss=0.0741 miou=0.6860 f1=0.8020 time=23.1s
[Epoch 348] loss=0.0776 miou=0.6884 f1=0.8031 time=23.1s
[Epoch 349] loss=0.0749 miou=0.6931 f1=0.8068 time=23.2s
[Epoch 350] loss=0.0780 miou=0.6917 f1=0.8057 time=23.2s
[Epoch 351] loss=0.0794 miou=0.6907 f1=0.8053 time=23.1s
[Epoch 352] loss=0.0801 miou=0.6872 f1=0.8033 time=23.1s
[Epoch 353] loss=0.0815 miou=0.7032 f1=0.8152 time=23.2s
[Epoch 354] loss=0.0730 miou=0.6927 f1=0.8057 time=23.2s
[Epoch 355] loss=0.0720 miou=0.6991 f1=0.8120 time=23.2s
[Epoch 356] loss=0.0810 miou=0.6924 f1=0.8080 time=23.2s
[Epoch 357] loss=0.0744 miou=0.6937 f1=0.8073 time=23.2s
[Epoch 358] loss=0.0817 miou=0.7033 f1=0.8149 time=23.2s
[Epoch 359] loss=0.0753 miou=0.6855 f1=0.8026 time=23.2s
[Epoch 360] loss=0.0851 miou=0.6878 f1=0.8023 time=23.2s
[Epoch 361] loss=0.0777 miou=0.6909 f1=0.8053 time=23.2s
[Epoch 362] loss=0.0763 miou=0.6923 f1=0.8076 time=23.1s
[Epoch 363] loss=0.0774 miou=0.6938 f1=0.8088 time=23.1s
[Epoch 364] loss=0.0777 miou=0.6948 f1=0.8092 time=23.2s
[Epoch 365] loss=0.0867 miou=0.6820 f1=0.7985 time=23.2s
[Epoch 366] loss=0.0813 miou=0.6995 f1=0.8118 time=23.2s
[Epoch 367] loss=0.0735 miou=0.6963 f1=0.8104 time=23.1s
[Epoch 368] loss=0.0779 miou=0.6909 f1=0.8048 time=23.1s
[Epoch 369] loss=0.0719 miou=0.6893 f1=0.8033 time=23.2s
[Epoch 370] loss=0.0681 miou=0.6921 f1=0.8057 time=23.2s
[Epoch 371] loss=0.0754 miou=0.7001 f1=0.8119 time=23.1s
[Epoch 372] loss=0.0778 miou=0.6928 f1=0.8075 time=23.2s
[Epoch 373] loss=0.0778 miou=0.7002 f1=0.8119 time=23.1s
[Epoch 374] loss=0.0724 miou=0.7019 f1=0.8120 time=23.2s
[Epoch 375] loss=0.0766 miou=0.6973 f1=0.8103 time=23.2s
[Epoch 376] loss=0.0737 miou=0.6910 f1=0.8043 time=23.2s
[Epoch 377] loss=0.0752 miou=0.6987 f1=0.8113 time=23.2s
[Epoch 378] loss=0.0805 miou=0.6995 f1=0.8106 time=23.2s
[Epoch 379] loss=0.0729 miou=0.6964 f1=0.8092 time=23.1s
[Epoch 380] loss=0.0809 miou=0.6930 f1=0.8071 time=23.1s
[Epoch 381] loss=0.0803 miou=0.6939 f1=0.8079 time=23.3s
[Epoch 382] loss=0.0761 miou=0.6881 f1=0.8035 time=23.1s
[Epoch 383] loss=0.0742 miou=0.6932 f1=0.8049 time=23.1s
[Epoch 384] loss=0.0708 miou=0.6980 f1=0.8082 time=23.1s
[Epoch 385] loss=0.0674 miou=0.7021 f1=0.8132 time=23.2s
[Epoch 386] loss=0.0702 miou=0.7036 f1=0.8149 time=23.2s
[Epoch 387] loss=0.0735 miou=0.6969 f1=0.8101 time=23.2s
[Epoch 388] loss=0.0701 miou=0.6927 f1=0.8073 time=23.1s
[Epoch 389] loss=0.0750 miou=0.6884 f1=0.8030 time=23.1s
[Epoch 390] loss=0.0711 miou=0.6959 f1=0.8090 time=23.1s
[Epoch 391] loss=0.0733 miou=0.7011 f1=0.8129 time=23.1s
[Epoch 392] loss=0.0724 miou=0.6873 f1=0.8029 time=23.1s
[Epoch 393] loss=0.0782 miou=0.6924 f1=0.8065 time=23.4s
[Epoch 394] loss=0.0757 miou=0.6877 f1=0.8009 time=23.5s
[Epoch 395] loss=0.0744 miou=0.6997 f1=0.8119 time=23.2s
[Epoch 396] loss=0.0758 miou=0.6916 f1=0.8046 time=23.2s
[Epoch 397] loss=0.0667 miou=0.6933 f1=0.8060 time=23.1s
[Epoch 398] loss=0.0686 miou=0.6876 f1=0.8009 time=23.1s
[Epoch 399] loss=0.0694 miou=0.6982 f1=0.8093 time=23.2s
[Epoch 400] loss=0.0694 miou=0.6931 f1=0.8047 time=23.2s
[Epoch 401] loss=0.0746 miou=0.6962 f1=0.8090 time=23.1s
[Epoch 402] loss=0.0763 miou=0.6915 f1=0.8057 time=23.1s
[Epoch 403] loss=0.0734 miou=0.7004 f1=0.8117 time=23.1s
[Epoch 404] loss=0.0704 miou=0.6947 f1=0.8089 time=23.1s
[Epoch 405] loss=0.0781 miou=0.6896 f1=0.8043 time=23.1s
[Epoch 406] loss=0.0729 miou=0.6983 f1=0.8109 time=23.1s
[Epoch 407] loss=0.0701 miou=0.6958 f1=0.8076 time=23.1s
[Epoch 408] loss=0.0791 miou=0.6945 f1=0.8088 time=23.1s
[Epoch 409] loss=0.0773 miou=0.6878 f1=0.8013 time=23.1s
[Epoch 410] loss=0.0777 miou=0.6923 f1=0.8043 time=23.2s
[Epoch 411] loss=0.0753 miou=0.6861 f1=0.7995 time=23.1s
[Epoch 412] loss=0.0814 miou=0.6936 f1=0.8065 time=23.1s
[Epoch 413] loss=0.0786 miou=0.6900 f1=0.8037 time=23.1s
[Epoch 414] loss=0.0761 miou=0.6930 f1=0.8039 time=23.1s
[Epoch 415] loss=0.0727 miou=0.6895 f1=0.8019 time=23.1s
[Epoch 416] loss=0.0761 miou=0.7019 f1=0.8142 time=23.1s
[Epoch 417] loss=0.0794 miou=0.7025 f1=0.8106 time=23.1s
[Epoch 418] loss=0.0721 miou=0.6980 f1=0.8112 time=23.1s
[Epoch 419] loss=0.0733 miou=0.6931 f1=0.8025 time=23.2s
[Epoch 420] loss=0.0711 miou=0.6896 f1=0.7999 time=23.1s
[Epoch 421] loss=0.0714 miou=0.6979 f1=0.8096 time=23.1s
[Epoch 422] loss=0.0698 miou=0.6951 f1=0.8079 time=23.2s
[Epoch 423] loss=0.0798 miou=0.6994 f1=0.8096 time=23.2s
[Epoch 424] loss=0.0706 miou=0.7030 f1=0.8129 time=23.2s
[Epoch 425] loss=0.0733 miou=0.6997 f1=0.8106 time=23.2s
[Epoch 426] loss=0.0755 miou=0.7030 f1=0.8134 time=23.1s
[Epoch 427] loss=0.0668 miou=0.6961 f1=0.8083 time=23.2s
[Epoch 428] loss=0.0741 miou=0.6967 f1=0.8075 time=23.1s
[Epoch 429] loss=0.0686 miou=0.6945 f1=0.8061 time=23.1s
[Epoch 430] loss=0.0676 miou=0.7029 f1=0.8132 time=23.2s
[Epoch 431] loss=0.0701 miou=0.7008 f1=0.8120 time=23.1s
[Epoch 432] loss=0.0689 miou=0.6880 f1=0.8018 time=23.1s
[Epoch 433] loss=0.0672 miou=0.6978 f1=0.8095 time=23.2s
[Epoch 434] loss=0.0710 miou=0.7023 f1=0.8131 time=23.2s
[Epoch 435] loss=0.0680 miou=0.7020 f1=0.8125 time=23.2s
[Epoch 436] loss=0.0761 miou=0.6927 f1=0.8046 time=23.2s
[Epoch 437] loss=0.0692 miou=0.6903 f1=0.8036 time=23.2s
[Epoch 438] loss=0.0671 miou=0.6969 f1=0.8091 time=23.2s
[Epoch 439] loss=0.0695 miou=0.6941 f1=0.8070 time=23.2s
[Epoch 440] loss=0.0647 miou=0.6937 f1=0.8062 time=23.1s
[Epoch 441] loss=0.0694 miou=0.6891 f1=0.7997 time=23.2s
[Epoch 442] loss=0.0770 miou=0.6894 f1=0.8018 time=23.2s
[Epoch 443] loss=0.0711 miou=0.6947 f1=0.8067 time=23.1s
[Epoch 444] loss=0.0733 miou=0.6959 f1=0.8100 time=23.2s
[Epoch 445] loss=0.0678 miou=0.7010 f1=0.8123 time=23.2s
[Epoch 446] loss=0.0682 miou=0.6891 f1=0.8046 time=23.2s
[Epoch 447] loss=0.0658 miou=0.6945 f1=0.8063 time=23.2s
[Epoch 448] loss=0.0720 miou=0.6875 f1=0.8018 time=23.1s
[Epoch 449] loss=0.0754 miou=0.6784 f1=0.7934 time=23.2s
[Epoch 450] loss=0.0762 miou=0.6919 f1=0.8047 time=23.2s
[Epoch 451] loss=0.0660 miou=0.6899 f1=0.8020 time=23.2s
[Epoch 452] loss=0.0695 miou=0.6935 f1=0.8047 time=23.2s
[Epoch 453] loss=0.0710 miou=0.6846 f1=0.7983 time=23.2s
[Epoch 454] loss=0.0743 miou=0.6801 f1=0.7932 time=23.2s
[Epoch 455] loss=0.0682 miou=0.6909 f1=0.8009 time=23.1s
[Epoch 456] loss=0.0693 miou=0.6930 f1=0.8067 time=23.2s
[Epoch 457] loss=0.0837 miou=0.6897 f1=0.8031 time=23.2s
[Epoch 458] loss=0.0711 miou=0.6956 f1=0.8082 time=23.2s
[Epoch 459] loss=0.0728 miou=0.6895 f1=0.8051 time=23.2s
[Epoch 460] loss=0.0764 miou=0.6883 f1=0.8033 time=23.1s
[Epoch 461] loss=0.0686 miou=0.6930 f1=0.8064 time=23.2s
[Epoch 462] loss=0.0677 miou=0.6903 f1=0.8044 time=23.2s
[Epoch 463] loss=0.0718 miou=0.6846 f1=0.8008 time=23.1s
[Epoch 464] loss=0.0698 miou=0.7005 f1=0.8120 time=23.1s
[Epoch 465] loss=0.0724 miou=0.6977 f1=0.8097 time=23.2s
[Epoch 466] loss=0.0711 miou=0.6906 f1=0.8044 time=23.2s
[Epoch 467] loss=0.0727 miou=0.6833 f1=0.7992 time=23.2s
[Epoch 468] loss=0.0781 miou=0.6832 f1=0.7989 time=23.1s
[Epoch 469] loss=0.0761 miou=0.6866 f1=0.8014 time=23.2s
[Epoch 470] loss=0.0772 miou=0.6875 f1=0.8027 time=23.2s
[Epoch 471] loss=0.0711 miou=0.6844 f1=0.8006 time=23.2s
[Epoch 472] loss=0.0796 miou=0.6903 f1=0.8052 time=23.2s
[Epoch 473] loss=0.0783 miou=0.6983 f1=0.8113 time=23.2s
[Epoch 474] loss=0.0730 miou=0.6851 f1=0.7997 time=23.1s
[Epoch 475] loss=0.0729 miou=0.6875 f1=0.8019 time=23.2s
[Epoch 476] loss=0.0714 miou=0.6939 f1=0.8078 time=23.2s
[Epoch 477] loss=0.0709 miou=0.6912 f1=0.8046 time=23.2s
[Epoch 478] loss=0.0707 miou=0.6806 f1=0.7967 time=23.2s
[Epoch 479] loss=0.0649 miou=0.6859 f1=0.7992 time=23.1s
[Epoch 480] loss=0.0651 miou=0.6818 f1=0.7974 time=23.2s
[Epoch 481] loss=0.0695 miou=0.6860 f1=0.8013 time=23.2s
[Epoch 482] loss=0.0741 miou=0.6839 f1=0.8007 time=23.2s
[Epoch 483] loss=0.0732 miou=0.6821 f1=0.7983 time=23.2s
[Epoch 484] loss=0.0719 miou=0.6935 f1=0.8077 time=23.2s
[Epoch 485] loss=0.0706 miou=0.6942 f1=0.8075 time=23.1s
[Epoch 486] loss=0.0657 miou=0.6830 f1=0.7993 time=23.2s
[Epoch 487] loss=0.0715 miou=0.6863 f1=0.8023 time=23.2s
[Epoch 488] loss=0.0669 miou=0.6908 f1=0.8050 time=23.2s
[Epoch 489] loss=0.0686 miou=0.6927 f1=0.8060 time=23.1s
[Epoch 490] loss=0.0664 miou=0.6962 f1=0.8074 time=23.2s
[Epoch 491] loss=0.0649 miou=0.6875 f1=0.7998 time=23.2s
[Epoch 492] loss=0.0680 miou=0.6786 f1=0.7950 time=23.2s
[Epoch 493] loss=0.0709 miou=0.6881 f1=0.8036 time=23.2s
[Epoch 494] loss=0.0730 miou=0.6826 f1=0.7978 time=23.2s
[Epoch 495] loss=0.0730 miou=0.6844 f1=0.7998 time=23.2s
[Epoch 496] loss=0.0706 miou=0.6823 f1=0.7948 time=23.2s
[Epoch 497] loss=0.0705 miou=0.6902 f1=0.8034 time=23.2s
[Epoch 498] loss=0.0707 miou=0.6994 f1=0.8104 time=23.1s
[Epoch 499] loss=0.0701 miou=0.6964 f1=0.8073 time=23.1s
[Epoch 500] loss=0.0717 miou=0.6944 f1=0.8069 time=23.2s
[Epoch 501] loss=0.0689 miou=0.6915 f1=0.8019 time=23.2s
[Epoch 502] loss=0.0725 miou=0.6833 f1=0.7953 time=23.3s
[Epoch 503] loss=0.0691 miou=0.6763 f1=0.7913 time=23.2s
[Epoch 504] loss=0.0743 miou=0.6988 f1=0.8084 time=23.3s
[Epoch 505] loss=0.0705 miou=0.6903 f1=0.8035 time=23.3s
[Epoch 506] loss=0.0742 miou=0.6849 f1=0.7975 time=23.4s
[Epoch 507] loss=0.0707 miou=0.6954 f1=0.8065 time=23.3s
[Epoch 508] loss=0.0678 miou=0.7003 f1=0.8109 time=23.3s
[Epoch 509] loss=0.0691 miou=0.6894 f1=0.8029 time=23.3s
[Epoch 510] loss=0.0690 miou=0.6966 f1=0.8063 time=23.3s
[Epoch 511] loss=0.0643 miou=0.6991 f1=0.8091 time=23.3s
[Epoch 512] loss=0.0681 miou=0.6901 f1=0.8028 time=23.3s
[Epoch 513] loss=0.0729 miou=0.6871 f1=0.8012 time=23.2s
[Epoch 514] loss=0.0761 miou=0.6855 f1=0.7997 time=23.2s
[Epoch 515] loss=0.0766 miou=0.6852 f1=0.8003 time=23.2s
[Epoch 516] loss=0.0759 miou=0.6859 f1=0.8010 time=23.1s
[Epoch 517] loss=0.0762 miou=0.6940 f1=0.8066 time=23.1s
[Epoch 518] loss=0.0735 miou=0.6952 f1=0.8080 time=23.2s
[Epoch 519] loss=0.0782 miou=0.6827 f1=0.7991 time=23.2s
[Epoch 520] loss=0.0817 miou=0.6740 f1=0.7906 time=23.1s
[Epoch 521] loss=0.0792 miou=0.6913 f1=0.8053 time=23.1s
[Epoch 522] loss=0.0706 miou=0.6855 f1=0.8001 time=23.1s
[Epoch 523] loss=0.0789 miou=0.6841 f1=0.7989 time=23.2s
[Epoch 524] loss=0.0722 miou=0.6825 f1=0.7976 time=23.1s
[Epoch 525] loss=0.0813 miou=0.6814 f1=0.7960 time=23.2s
[Epoch 526] loss=0.0766 miou=0.6786 f1=0.7934 time=23.2s
[Epoch 527] loss=0.0731 miou=0.6882 f1=0.8002 time=23.2s
[Epoch 528] loss=0.0760 miou=0.6854 f1=0.7991 time=23.2s
[Epoch 529] loss=0.0667 miou=0.6892 f1=0.8029 time=23.1s
[Epoch 530] loss=0.0730 miou=0.6886 f1=0.8027 time=23.1s
[Epoch 531] loss=0.0685 miou=0.6906 f1=0.8048 time=23.1s
[Epoch 532] loss=0.0715 miou=0.6914 f1=0.8047 time=23.2s
[Epoch 533] loss=0.0669 miou=0.6917 f1=0.8049 time=23.1s
[Epoch 534] loss=0.0679 miou=0.6887 f1=0.8030 time=23.1s
[Epoch 535] loss=0.0667 miou=0.6810 f1=0.7974 time=23.2s
[Epoch 536] loss=0.0692 miou=0.6898 f1=0.8040 time=23.1s
[Epoch 537] loss=0.0659 miou=0.6881 f1=0.8020 time=23.1s
[Epoch 538] loss=0.0649 miou=0.6947 f1=0.8061 time=23.1s
[Epoch 539] loss=0.0696 miou=0.6906 f1=0.8034 time=23.1s
[Epoch 540] loss=0.0689 miou=0.6912 f1=0.8039 time=23.1s
[Epoch 541] loss=0.0660 miou=0.6887 f1=0.8026 time=23.1s
[Epoch 542] loss=0.0696 miou=0.6916 f1=0.8030 time=23.1s
[Epoch 543] loss=0.0685 miou=0.6832 f1=0.7982 time=23.1s
[Epoch 544] loss=0.0655 miou=0.6891 f1=0.8035 time=23.1s
[Epoch 545] loss=0.0700 miou=0.6819 f1=0.7964 time=23.1s
[Epoch 546] loss=0.0638 miou=0.6857 f1=0.7990 time=23.1s
[Epoch 547] loss=0.0678 miou=0.6784 f1=0.7928 time=23.1s
[Epoch 548] loss=0.0654 miou=0.6932 f1=0.8048 time=23.1s
[Epoch 549] loss=0.0645 miou=0.6941 f1=0.8057 time=23.2s
[Epoch 550] loss=0.0653 miou=0.6945 f1=0.8067 time=23.1s
[Epoch 551] loss=0.0657 miou=0.6866 f1=0.8019 time=23.1s
[Epoch 552] loss=0.0716 miou=0.6941 f1=0.8067 time=23.1s
[Epoch 553] loss=0.0630 miou=0.6834 f1=0.7959 time=23.1s
[Epoch 554] loss=0.0600 miou=0.6886 f1=0.8003 time=23.1s
[Epoch 555] loss=0.0645 miou=0.6929 f1=0.8064 time=23.1s
[Epoch 556] loss=0.0606 miou=0.6949 f1=0.8072 time=23.1s
[Epoch 557] loss=0.0612 miou=0.6853 f1=0.8005 time=23.2s
[Epoch 558] loss=0.0642 miou=0.6916 f1=0.8045 time=23.1s
[Epoch 559] loss=0.0659 miou=0.6884 f1=0.7999 time=23.1s
[Epoch 560] loss=0.0689 miou=0.6910 f1=0.8040 time=23.1s
[Epoch 561] loss=0.0693 miou=0.6896 f1=0.8014 time=23.1s
[Epoch 562] loss=0.0757 miou=0.6947 f1=0.8067 time=23.1s
[Epoch 563] loss=0.0711 miou=0.6920 f1=0.8036 time=23.1s
[Epoch 564] loss=0.0724 miou=0.6925 f1=0.8047 time=23.1s
[Epoch 565] loss=0.0666 miou=0.6847 f1=0.7990 time=23.1s
[Epoch 566] loss=0.0682 miou=0.6915 f1=0.8028 time=23.1s
[Epoch 567] loss=0.0745 miou=0.6788 f1=0.7950 time=23.2s
[Epoch 568] loss=0.0838 miou=0.6790 f1=0.7931 time=23.2s
[Epoch 569] loss=0.0732 miou=0.6776 f1=0.7939 time=23.2s
[Epoch 570] loss=0.0768 miou=0.6919 f1=0.8050 time=23.1s
[Epoch 571] loss=0.0745 miou=0.6932 f1=0.8068 time=23.2s
[Epoch 572] loss=0.0649 miou=0.6902 f1=0.8040 time=23.2s
[Epoch 573] loss=0.0707 miou=0.7014 f1=0.8127 time=23.2s
[Epoch 574] loss=0.0698 miou=0.6890 f1=0.8025 time=23.2s
[Epoch 575] loss=0.0766 miou=0.6959 f1=0.8092 time=23.2s
[Epoch 576] loss=0.0721 miou=0.6873 f1=0.8030 time=23.1s
[Epoch 577] loss=0.0693 miou=0.7013 f1=0.8127 time=23.1s
[Epoch 578] loss=0.0751 miou=0.6934 f1=0.8067 time=23.1s
[Epoch 579] loss=0.0667 miou=0.6961 f1=0.8090 time=23.1s
[Epoch 580] loss=0.0687 miou=0.7047 f1=0.8146 time=23.2s
[Epoch 581] loss=0.0657 miou=0.6975 f1=0.8100 time=23.1s
[Epoch 582] loss=0.0670 miou=0.7039 f1=0.8147 time=23.1s
[Epoch 583] loss=0.0717 miou=0.6937 f1=0.8062 time=23.2s
[Epoch 584] loss=0.0719 miou=0.6915 f1=0.8043 time=23.1s
[Epoch 585] loss=0.0754 miou=0.6910 f1=0.8053 time=23.2s
[Epoch 586] loss=0.0700 miou=0.6972 f1=0.8109 time=23.2s
[Epoch 587] loss=0.0659 miou=0.6930 f1=0.8070 time=23.1s
[Epoch 588] loss=0.0653 miou=0.6988 f1=0.8102 time=23.1s
[Epoch 589] loss=0.0658 miou=0.6964 f1=0.8076 time=23.1s
[Epoch 590] loss=0.0640 miou=0.6866 f1=0.8014 time=23.1s
[Epoch 591] loss=0.0650 miou=0.6944 f1=0.8075 time=23.1s
[Epoch 592] loss=0.0649 miou=0.6954 f1=0.8089 time=23.2s
[Epoch 593] loss=0.0727 miou=0.6982 f1=0.8116 time=23.1s
[Epoch 594] loss=0.0664 miou=0.6922 f1=0.8066 time=23.1s
[Epoch 595] loss=0.0737 miou=0.6884 f1=0.8043 time=23.1s
[Epoch 596] loss=0.0734 miou=0.6918 f1=0.8033 time=23.1s
[Epoch 597] loss=0.0703 miou=0.6882 f1=0.8032 time=23.1s
[Epoch 598] loss=0.0699 miou=0.6879 f1=0.8011 time=23.1s
[Epoch 599] loss=0.0681 miou=0.6890 f1=0.8017 time=23.1s
[Epoch 600] loss=0.0703 miou=0.6879 f1=0.8015 time=23.2s
[Epoch 601] loss=0.0726 miou=0.6866 f1=0.8023 time=23.2s
[Epoch 602] loss=0.0748 miou=0.6992 f1=0.8106 time=23.1s
[Epoch 603] loss=0.0680 miou=0.6963 f1=0.8086 time=23.1s
[Epoch 604] loss=0.0657 miou=0.6954 f1=0.8080 time=23.1s
[Epoch 605] loss=0.0683 miou=0.6939 f1=0.8068 time=23.1s
[Epoch 606] loss=0.0682 miou=0.6970 f1=0.8107 time=23.1s
[Epoch 607] loss=0.0694 miou=0.6899 f1=0.8041 time=23.1s
[Epoch 608] loss=0.0688 miou=0.6873 f1=0.8019 time=23.1s
[Epoch 609] loss=0.0683 miou=0.6907 f1=0.8033 time=23.1s
[Epoch 610] loss=0.0726 miou=0.6876 f1=0.8014 time=23.1s
[Epoch 611] loss=0.0690 miou=0.6918 f1=0.8029 time=23.2s
[Epoch 612] loss=0.0693 miou=0.6948 f1=0.8051 time=23.2s
[Epoch 613] loss=0.0643 miou=0.6950 f1=0.8058 time=23.2s
[Epoch 614] loss=0.0664 miou=0.6930 f1=0.8070 time=23.2s
[Epoch 615] loss=0.0654 miou=0.6931 f1=0.8031 time=23.2s
[Epoch 616] loss=0.0638 miou=0.6913 f1=0.8030 time=23.2s
[Epoch 617] loss=0.0663 miou=0.6919 f1=0.8042 time=23.1s
[Epoch 618] loss=0.0681 miou=0.6886 f1=0.8016 time=23.1s
[Epoch 619] loss=0.0654 miou=0.6840 f1=0.7982 time=23.2s
[Epoch 620] loss=0.0667 miou=0.6900 f1=0.8017 time=23.3s
[Epoch 621] loss=0.0648 miou=0.6902 f1=0.8053 time=23.3s
[Epoch 622] loss=0.0692 miou=0.6778 f1=0.7939 time=23.3s
[Epoch 623] loss=0.0725 miou=0.6802 f1=0.7936 time=23.2s
[Epoch 624] loss=0.0627 miou=0.6853 f1=0.7983 time=23.2s
[Epoch 625] loss=0.0672 miou=0.6815 f1=0.7966 time=23.3s
[Epoch 626] loss=0.0669 miou=0.6846 f1=0.7987 time=23.3s
[Epoch 627] loss=0.0653 miou=0.6780 f1=0.7922 time=23.2s
[Epoch 628] loss=0.0674 miou=0.6867 f1=0.7991 time=23.2s
[Epoch 629] loss=0.0701 miou=0.6927 f1=0.8052 time=23.2s
[Epoch 630] loss=0.0682 miou=0.6903 f1=0.8051 time=23.2s
[Epoch 631] loss=0.0688 miou=0.6865 f1=0.8010 time=23.2s
[Epoch 632] loss=0.0638 miou=0.6836 f1=0.7979 time=23.2s
[Epoch 633] loss=0.0668 miou=0.6945 f1=0.8052 time=23.2s
[Epoch 634] loss=0.0633 miou=0.6904 f1=0.8035 time=23.2s
[Epoch 635] loss=0.0710 miou=0.6897 f1=0.8013 time=23.2s
[Epoch 636] loss=0.0708 miou=0.6810 f1=0.7948 time=23.2s
[Epoch 637] loss=0.0728 miou=0.6817 f1=0.7957 time=23.2s
[Epoch 638] loss=0.0658 miou=0.6857 f1=0.7987 time=23.2s
[Epoch 639] loss=0.0679 miou=0.6925 f1=0.8045 time=23.1s
[Epoch 640] loss=0.0669 miou=0.6963 f1=0.8077 time=23.2s
[Epoch 641] loss=0.0694 miou=0.6854 f1=0.7989 time=23.1s
[Epoch 642] loss=0.0680 miou=0.6963 f1=0.8071 time=23.5s
[Epoch 643] loss=0.0684 miou=0.6928 f1=0.8054 time=23.3s
[Epoch 644] loss=0.0652 miou=0.6905 f1=0.8040 time=23.2s
[Epoch 645] loss=0.0707 miou=0.6928 f1=0.8049 time=23.3s
[Epoch 646] loss=0.0654 miou=0.6882 f1=0.8025 time=23.3s
[Epoch 647] loss=0.0755 miou=0.6799 f1=0.7955 time=23.4s
[Epoch 648] loss=0.0791 miou=0.6800 f1=0.7969 time=23.3s
[Epoch 649] loss=0.0691 miou=0.6914 f1=0.8042 time=23.3s
[Epoch 650] loss=0.0723 miou=0.6878 f1=0.8017 time=23.3s
[Epoch 651] loss=0.0677 miou=0.6865 f1=0.8007 time=23.2s
[Epoch 652] loss=0.0654 miou=0.6841 f1=0.7987 time=23.2s
[Epoch 653] loss=0.0684 miou=0.6831 f1=0.7995 time=23.2s
[Epoch 654] loss=0.0685 miou=0.6939 f1=0.8068 time=23.2s
[Epoch 655] loss=0.0654 miou=0.6922 f1=0.8053 time=23.2s
[Epoch 656] loss=0.0660 miou=0.6963 f1=0.8090 time=23.2s
[Epoch 657] loss=0.0629 miou=0.6968 f1=0.8105 time=23.2s
[Epoch 658] loss=0.0683 miou=0.6953 f1=0.8095 time=23.3s
[Epoch 659] loss=0.0630 miou=0.6990 f1=0.8111 time=23.3s
[Epoch 660] loss=0.0653 miou=0.6927 f1=0.8071 time=23.3s
[Epoch 661] loss=0.0640 miou=0.6770 f1=0.7910 time=23.3s
[Epoch 662] loss=0.0618 miou=0.6866 f1=0.8018 time=23.3s
[Epoch 663] loss=0.0695 miou=0.6897 f1=0.8038 time=23.3s
[Epoch 664] loss=0.0708 miou=0.6955 f1=0.8093 time=23.2s
[Epoch 665] loss=0.0662 miou=0.6964 f1=0.8093 time=23.2s
[Epoch 666] loss=0.0671 miou=0.6904 f1=0.8049 time=23.2s
[Epoch 667] loss=0.0647 miou=0.6866 f1=0.8025 time=23.2s
[Epoch 668] loss=0.0681 miou=0.6844 f1=0.8015 time=23.2s
[Epoch 669] loss=0.0659 miou=0.6921 f1=0.8064 time=23.2s
[Epoch 670] loss=0.0664 miou=0.6891 f1=0.8042 time=23.2s
[Epoch 671] loss=0.0677 miou=0.6862 f1=0.8012 time=23.2s
[Epoch 672] loss=0.0672 miou=0.6930 f1=0.8064 time=23.2s
[Epoch 673] loss=0.0598 miou=0.6964 f1=0.8075 time=23.3s
[Epoch 674] loss=0.0637 miou=0.6927 f1=0.8073 time=23.3s
[Epoch 675] loss=0.0659 miou=0.6988 f1=0.8118 time=23.1s
[Epoch 676] loss=0.0642 miou=0.6919 f1=0.8057 time=23.1s
[Epoch 677] loss=0.0636 miou=0.6922 f1=0.8063 time=23.2s
[Epoch 678] loss=0.0631 miou=0.6979 f1=0.8104 time=23.2s
[Epoch 679] loss=0.0645 miou=0.7005 f1=0.8126 time=23.1s
[Epoch 680] loss=0.0603 miou=0.7013 f1=0.8122 time=23.1s
[Epoch 681] loss=0.0617 miou=0.6926 f1=0.8067 time=23.2s
[Epoch 682] loss=0.0627 miou=0.6920 f1=0.8060 time=23.2s
[Epoch 683] loss=0.0635 miou=0.6934 f1=0.8071 time=23.1s
[Epoch 684] loss=0.0660 miou=0.6875 f1=0.8015 time=23.1s
[Epoch 685] loss=0.0665 miou=0.6977 f1=0.8087 time=23.2s
[Epoch 686] loss=0.0691 miou=0.7005 f1=0.8134 time=23.1s
[Epoch 687] loss=0.0690 miou=0.6956 f1=0.8094 time=23.1s
[Epoch 688] loss=0.0693 miou=0.6860 f1=0.8004 time=23.2s
[Epoch 689] loss=0.0642 miou=0.6914 f1=0.8068 time=23.1s
[Epoch 690] loss=0.0615 miou=0.6946 f1=0.8090 time=23.2s
[Epoch 691] loss=0.0620 miou=0.6937 f1=0.8075 time=23.2s
[Epoch 692] loss=0.0651 miou=0.6916 f1=0.8045 time=23.1s
[Epoch 693] loss=0.0653 miou=0.6994 f1=0.8099 time=23.1s
[Epoch 694] loss=0.0697 miou=0.6902 f1=0.8045 time=23.1s
[Epoch 695] loss=0.0720 miou=0.6866 f1=0.8014 time=23.1s
[Epoch 696] loss=0.0683 miou=0.6795 f1=0.7964 time=23.2s
[Epoch 697] loss=0.0686 miou=0.6891 f1=0.8029 time=23.1s
[Epoch 698] loss=0.0674 miou=0.6910 f1=0.8047 time=23.1s
[Epoch 699] loss=0.0645 miou=0.6945 f1=0.8067 time=23.1s
[Epoch 700] loss=0.0662 miou=0.7005 f1=0.8126 time=23.1s
[Epoch 701] loss=0.0704 miou=0.6936 f1=0.8068 time=23.2s
[Epoch 702] loss=0.0679 miou=0.6877 f1=0.8026 time=23.1s
[Epoch 703] loss=0.0649 miou=0.6917 f1=0.8051 time=23.1s
[Epoch 704] loss=0.0663 miou=0.6978 f1=0.8121 time=23.2s
[Epoch 705] loss=0.0636 miou=0.6944 f1=0.8082 time=23.1s
[Epoch 706] loss=0.0659 miou=0.6833 f1=0.8001 time=23.2s
[Epoch 707] loss=0.0735 miou=0.6856 f1=0.8014 time=23.2s
[Epoch 708] loss=0.0704 miou=0.6876 f1=0.8008 time=23.1s
[Epoch 709] loss=0.0644 miou=0.6920 f1=0.8041 time=23.2s
[Epoch 710] loss=0.0656 miou=0.6921 f1=0.8067 time=23.2s
[Epoch 711] loss=0.0654 miou=0.7010 f1=0.8121 time=23.2s
[Epoch 712] loss=0.0648 miou=0.6986 f1=0.8099 time=23.2s
[Epoch 713] loss=0.0672 miou=0.7007 f1=0.8125 time=23.1s
[Epoch 714] loss=0.0640 miou=0.6984 f1=0.8103 time=23.2s
[Epoch 715] loss=0.0622 miou=0.6980 f1=0.8121 time=23.1s
[Epoch 716] loss=0.0654 miou=0.7080 f1=0.8174 time=23.1s
[Epoch 717] loss=0.0680 miou=0.6975 f1=0.8108 time=23.2s
[Epoch 718] loss=0.0643 miou=0.7045 f1=0.8162 time=23.1s
[Epoch 719] loss=0.0589 miou=0.7056 f1=0.8169 time=23.2s
[Epoch 720] loss=0.0688 miou=0.6974 f1=0.8109 time=23.1s
[Epoch 721] loss=0.0674 miou=0.6967 f1=0.8114 time=23.1s
[Epoch 722] loss=0.0676 miou=0.7078 f1=0.8190 time=23.1s
[Epoch 723] loss=0.0668 miou=0.7054 f1=0.8167 time=23.1s
[Epoch 724] loss=0.0678 miou=0.6983 f1=0.8119 time=23.1s
[Epoch 725] loss=0.0692 miou=0.7020 f1=0.8147 time=23.1s
[Epoch 726] loss=0.0663 miou=0.6920 f1=0.8039 time=23.2s
[Epoch 727] loss=0.0645 miou=0.6948 f1=0.8083 time=23.1s
[Epoch 728] loss=0.0664 miou=0.6940 f1=0.8086 time=23.2s
[Epoch 729] loss=0.0691 miou=0.6939 f1=0.8078 time=23.1s
[Epoch 730] loss=0.0651 miou=0.6963 f1=0.8094 time=23.2s
[Epoch 731] loss=0.0627 miou=0.6960 f1=0.8088 time=23.1s
[Epoch 732] loss=0.0573 miou=0.6918 f1=0.8062 time=23.1s
[Epoch 733] loss=0.0616 miou=0.6974 f1=0.8106 time=23.2s
[Epoch 734] loss=0.0605 miou=0.6913 f1=0.8061 time=23.2s
[Epoch 735] loss=0.0623 miou=0.6930 f1=0.8061 time=23.1s
[Epoch 736] loss=0.0648 miou=0.6964 f1=0.8069 time=23.1s
[Epoch 737] loss=0.0593 miou=0.6997 f1=0.8111 time=23.1s
[Epoch 738] loss=0.0653 miou=0.6927 f1=0.8052 time=23.1s
[Epoch 739] loss=0.0625 miou=0.6921 f1=0.8054 time=23.1s
[Epoch 740] loss=0.0597 miou=0.6971 f1=0.8086 time=23.1s
[Epoch 741] loss=0.0638 miou=0.6901 f1=0.8045 time=23.1s
[Epoch 742] loss=0.0648 miou=0.6928 f1=0.8058 time=23.1s
[Epoch 743] loss=0.0667 miou=0.6957 f1=0.8077 time=23.1s
[Epoch 744] loss=0.0680 miou=0.6932 f1=0.8044 time=23.1s
[Epoch 745] loss=0.0633 miou=0.7010 f1=0.8129 time=23.2s
[Epoch 746] loss=0.0630 miou=0.6878 f1=0.8004 time=23.1s
[Epoch 747] loss=0.0653 miou=0.6987 f1=0.8117 time=23.1s
[Epoch 748] loss=0.0634 miou=0.6951 f1=0.8090 time=23.2s
[Epoch 749] loss=0.0674 miou=0.6974 f1=0.8094 time=23.2s
[Epoch 750] loss=0.0685 miou=0.6961 f1=0.8086 time=23.1s
[Epoch 751] loss=0.0615 miou=0.7001 f1=0.8130 time=23.1s
[Epoch 752] loss=0.0625 miou=0.6909 f1=0.8044 time=23.1s
[Epoch 753] loss=0.0592 miou=0.6947 f1=0.8076 time=23.2s
[Epoch 754] loss=0.0634 miou=0.7019 f1=0.8139 time=23.1s
[Epoch 755] loss=0.0568 miou=0.7000 f1=0.8127 time=23.2s
[Epoch 756] loss=0.0556 miou=0.6956 f1=0.8075 time=23.2s
[Epoch 757] loss=0.0587 miou=0.6958 f1=0.8095 time=23.1s
[Epoch 758] loss=0.0598 miou=0.6917 f1=0.8072 time=23.1s
[Epoch 759] loss=0.0620 miou=0.6999 f1=0.8135 time=23.2s
[Epoch 760] loss=0.0577 miou=0.7012 f1=0.8143 time=23.2s
[Epoch 761] loss=0.0618 miou=0.7003 f1=0.8106 time=23.1s
[Epoch 762] loss=0.0594 miou=0.6942 f1=0.8084 time=23.1s
[Epoch 763] loss=0.0623 miou=0.6955 f1=0.8104 time=23.1s
[Epoch 764] loss=0.0601 miou=0.6982 f1=0.8120 time=23.2s
[Epoch 765] loss=0.0642 miou=0.6933 f1=0.8077 time=23.2s
[Epoch 766] loss=0.0601 miou=0.6929 f1=0.8075 time=23.2s
[Epoch 767] loss=0.0620 miou=0.6905 f1=0.8062 time=23.2s
[Epoch 768] loss=0.0607 miou=0.6929 f1=0.8087 time=23.1s
[Epoch 769] loss=0.0596 miou=0.6932 f1=0.8080 time=23.2s
[Epoch 770] loss=0.0715 miou=0.6951 f1=0.8091 time=23.1s
[Epoch 771] loss=0.0653 miou=0.7009 f1=0.8129 time=23.2s
[Epoch 772] loss=0.0674 miou=0.6972 f1=0.8107 time=23.1s
[Epoch 773] loss=0.0671 miou=0.7008 f1=0.8136 time=23.2s
[Epoch 774] loss=0.0641 miou=0.6995 f1=0.8115 time=23.1s
[Epoch 775] loss=0.0647 miou=0.6962 f1=0.8090 time=23.2s
[Epoch 776] loss=0.0643 miou=0.6902 f1=0.8044 time=23.2s
[Epoch 777] loss=0.0650 miou=0.6887 f1=0.8029 time=23.2s
[Epoch 778] loss=0.0687 miou=0.6943 f1=0.8082 time=23.1s
[Epoch 779] loss=0.0709 miou=0.6787 f1=0.7986 time=23.1s
[Epoch 780] loss=0.0713 miou=0.6785 f1=0.7956 time=23.2s
[Epoch 781] loss=0.0706 miou=0.6794 f1=0.7974 time=23.2s
[Epoch 782] loss=0.0726 miou=0.6800 f1=0.7968 time=23.2s
[Epoch 783] loss=0.0661 miou=0.6826 f1=0.7971 time=23.2s
[Epoch 784] loss=0.0676 miou=0.6826 f1=0.7981 time=23.2s
[Epoch 785] loss=0.0697 miou=0.6853 f1=0.7997 time=23.2s
[Epoch 786] loss=0.0709 miou=0.6799 f1=0.7959 time=23.2s
[Epoch 787] loss=0.0706 miou=0.6862 f1=0.8018 time=23.1s
[Epoch 788] loss=0.0723 miou=0.6853 f1=0.8013 time=23.2s
[Epoch 789] loss=0.0661 miou=0.6778 f1=0.7951 time=23.2s
[Epoch 790] loss=0.0761 miou=0.6769 f1=0.7942 time=23.2s
[Epoch 791] loss=0.0724 miou=0.6840 f1=0.7989 time=23.2s
[Epoch 792] loss=0.0648 miou=0.6916 f1=0.8043 time=23.2s
[Epoch 793] loss=0.0669 miou=0.6857 f1=0.8009 time=23.2s
[Epoch 794] loss=0.0654 miou=0.6925 f1=0.8067 time=23.2s
[Epoch 795] loss=0.0610 miou=0.6847 f1=0.8024 time=23.1s
[Epoch 796] loss=0.0648 miou=0.6864 f1=0.8024 time=23.2s
[Epoch 797] loss=0.0601 miou=0.6912 f1=0.8056 time=23.1s
[Epoch 798] loss=0.0597 miou=0.6887 f1=0.8036 time=23.1s
[Epoch 799] loss=0.0625 miou=0.6947 f1=0.8077 time=23.1s
[Epoch 800] loss=0.0620 miou=0.6885 f1=0.8038 time=23.1s
[Epoch 801] loss=0.0585 miou=0.6884 f1=0.8048 time=23.1s
[Epoch 802] loss=0.0614 miou=0.6921 f1=0.8073 time=23.2s
[Epoch 803] loss=0.0620 miou=0.6894 f1=0.8048 time=23.2s
[Epoch 804] loss=0.0617 miou=0.6911 f1=0.8063 time=23.1s
[Epoch 805] loss=0.0603 miou=0.6971 f1=0.8103 time=23.1s
[Epoch 806] loss=0.0612 miou=0.6937 f1=0.8073 time=23.1s
[Epoch 807] loss=0.0628 miou=0.6963 f1=0.8095 time=23.1s
[Epoch 808] loss=0.0615 miou=0.6958 f1=0.8106 time=23.2s
[Epoch 809] loss=0.0615 miou=0.6931 f1=0.8083 time=23.2s
[Epoch 810] loss=0.0597 miou=0.7001 f1=0.8141 time=23.2s
[Epoch 811] loss=0.0617 miou=0.6983 f1=0.8126 time=23.2s
[Epoch 812] loss=0.0641 miou=0.6948 f1=0.8089 time=23.1s
[Epoch 813] loss=0.0648 miou=0.6810 f1=0.7970 time=23.2s
[Epoch 814] loss=0.0655 miou=0.6926 f1=0.8077 time=23.1s
[Epoch 815] loss=0.0675 miou=0.6859 f1=0.8023 time=23.1s
[Epoch 816] loss=0.0695 miou=0.6868 f1=0.8030 time=23.2s
[Epoch 817] loss=0.0690 miou=0.6922 f1=0.8064 time=23.1s
[Epoch 818] loss=0.0631 miou=0.6856 f1=0.8012 time=23.2s
[Epoch 819] loss=0.0607 miou=0.6939 f1=0.8073 time=23.1s
[Epoch 820] loss=0.0610 miou=0.6966 f1=0.8091 time=23.2s
[Epoch 821] loss=0.0634 miou=0.6915 f1=0.8045 time=23.1s
[Epoch 822] loss=0.0607 miou=0.6967 f1=0.8085 time=23.1s
[Epoch 823] loss=0.0619 miou=0.6983 f1=0.8094 time=23.1s
[Epoch 824] loss=0.0606 miou=0.6912 f1=0.8035 time=23.1s
[Epoch 825] loss=0.0526 miou=0.6920 f1=0.8048 time=23.2s
[Epoch 826] loss=0.0538 miou=0.6988 f1=0.8094 time=23.2s
[Epoch 827] loss=0.0570 miou=0.6925 f1=0.8054 time=23.1s
[Epoch 828] loss=0.0580 miou=0.6977 f1=0.8085 time=23.1s
[Epoch 829] loss=0.0595 miou=0.6894 f1=0.8025 time=23.1s
[Epoch 830] loss=0.0584 miou=0.6950 f1=0.8070 time=23.2s
[Epoch 831] loss=0.0576 miou=0.6910 f1=0.8034 time=23.1s
[Epoch 832] loss=0.0574 miou=0.6909 f1=0.8036 time=23.1s
[Epoch 833] loss=0.0585 miou=0.6851 f1=0.7987 time=23.1s
[Epoch 834] loss=0.0554 miou=0.6851 f1=0.7990 time=23.2s
[Epoch 835] loss=0.0534 miou=0.6857 f1=0.8001 time=23.1s
[Epoch 836] loss=0.0591 miou=0.6932 f1=0.8059 time=23.2s
[Epoch 837] loss=0.0620 miou=0.6886 f1=0.8017 time=23.2s
[Epoch 838] loss=0.0607 miou=0.6967 f1=0.8083 time=23.2s
[Epoch 839] loss=0.0582 miou=0.6978 f1=0.8109 time=23.1s
[Epoch 840] loss=0.0570 miou=0.6971 f1=0.8098 time=23.2s
[Epoch 841] loss=0.0622 miou=0.6876 f1=0.8002 time=23.2s
[Epoch 842] loss=0.0609 miou=0.6896 f1=0.8020 time=23.2s
[Epoch 843] loss=0.0584 miou=0.6936 f1=0.8065 time=23.2s
[Epoch 844] loss=0.0614 miou=0.6842 f1=0.7993 time=23.2s
[Epoch 845] loss=0.0661 miou=0.6912 f1=0.8043 time=23.1s
[Epoch 846] loss=0.0583 miou=0.6851 f1=0.8004 time=23.2s
[Epoch 847] loss=0.0620 miou=0.6861 f1=0.7995 time=23.2s
[Epoch 848] loss=0.0618 miou=0.6868 f1=0.8005 time=23.1s
[Epoch 849] loss=0.0611 miou=0.6854 f1=0.7982 time=23.2s
[Epoch 850] loss=0.0593 miou=0.6901 f1=0.8026 time=23.2s
[Epoch 851] loss=0.0576 miou=0.6905 f1=0.8039 time=23.2s
[Epoch 852] loss=0.0594 miou=0.6841 f1=0.7998 time=23.2s
[Epoch 853] loss=0.0577 miou=0.6886 f1=0.8028 time=23.2s
[Epoch 854] loss=0.0635 miou=0.6925 f1=0.8050 time=23.2s
[Epoch 855] loss=0.0642 miou=0.6976 f1=0.8098 time=23.2s
[Epoch 856] loss=0.0629 miou=0.6973 f1=0.8106 time=23.1s
[Epoch 857] loss=0.0674 miou=0.6980 f1=0.8091 time=23.2s
[Epoch 858] loss=0.0666 miou=0.6953 f1=0.8078 time=23.2s
[Epoch 859] loss=0.0615 miou=0.6978 f1=0.8104 time=23.2s
[Epoch 860] loss=0.0665 miou=0.6920 f1=0.8054 time=23.2s
[Epoch 861] loss=0.0592 miou=0.6903 f1=0.8043 time=23.2s
[Epoch 862] loss=0.0659 miou=0.6861 f1=0.8002 time=23.2s
[Epoch 863] loss=0.0677 miou=0.6867 f1=0.8015 time=23.2s
[Epoch 864] loss=0.0610 miou=0.6760 f1=0.7920 time=23.1s
[Epoch 865] loss=0.0658 miou=0.6910 f1=0.8047 time=23.2s
[Epoch 866] loss=0.0601 miou=0.6934 f1=0.8065 time=23.1s
[Epoch 867] loss=0.0623 miou=0.6921 f1=0.8056 time=23.2s
[Epoch 868] loss=0.0649 miou=0.6810 f1=0.7965 time=23.1s
[Epoch 869] loss=0.0671 miou=0.6999 f1=0.8106 time=23.2s
[Epoch 870] loss=0.0651 miou=0.6935 f1=0.8059 time=23.2s
[Epoch 871] loss=0.0635 miou=0.6927 f1=0.8054 time=23.1s
[Epoch 872] loss=0.0654 miou=0.6906 f1=0.8047 time=23.2s
[Epoch 873] loss=0.0610 miou=0.6922 f1=0.8049 time=23.2s
[Epoch 874] loss=0.0660 miou=0.6971 f1=0.8087 time=23.2s
[Epoch 875] loss=0.0618 miou=0.6895 f1=0.8035 time=23.2s
[Epoch 876] loss=0.0652 miou=0.6942 f1=0.8069 time=23.2s
[Epoch 877] loss=0.0625 miou=0.6881 f1=0.8016 time=23.2s
[Epoch 878] loss=0.0640 miou=0.6796 f1=0.7965 time=23.2s
[Epoch 879] loss=0.0671 miou=0.6881 f1=0.8020 time=23.1s
[Epoch 880] loss=0.0689 miou=0.6924 f1=0.8063 time=23.1s
[Epoch 881] loss=0.0896 miou=0.6690 f1=0.7841 time=23.2s
[Epoch 882] loss=0.0816 miou=0.6734 f1=0.7894 time=23.2s
[Epoch 883] loss=0.0631 miou=0.6853 f1=0.7989 time=23.2s
[Epoch 884] loss=0.0555 miou=0.6848 f1=0.7980 time=23.2s
[Epoch 885] loss=0.0571 miou=0.6890 f1=0.8015 time=23.2s
[Epoch 886] loss=0.0610 miou=0.6903 f1=0.8026 time=23.2s
[Epoch 887] loss=0.0585 miou=0.6901 f1=0.8013 time=23.2s
[Epoch 888] loss=0.0595 miou=0.6897 f1=0.8023 time=23.2s
[Epoch 889] loss=0.0569 miou=0.6910 f1=0.8025 time=23.2s
[Epoch 890] loss=0.0542 miou=0.6888 f1=0.8014 time=23.2s
[Epoch 891] loss=0.0572 miou=0.6902 f1=0.8026 time=23.2s
[Epoch 892] loss=0.0571 miou=0.6918 f1=0.8040 time=23.1s
[Epoch 893] loss=0.0557 miou=0.6913 f1=0.8038 time=23.2s
[Epoch 894] loss=0.0582 miou=0.7020 f1=0.8126 time=23.2s
[Epoch 895] loss=0.0544 miou=0.7021 f1=0.8113 time=23.1s
[Epoch 896] loss=0.0583 miou=0.6979 f1=0.8108 time=23.2s
[Epoch 897] loss=0.0604 miou=0.6959 f1=0.8091 time=23.1s
[Epoch 898] loss=0.0554 miou=0.7012 f1=0.8114 time=23.1s
[Epoch 899] loss=0.0578 miou=0.6991 f1=0.8101 time=23.1s
[Epoch 900] loss=0.0547 miou=0.7003 f1=0.8120 time=23.2s
[Epoch 901] loss=0.0571 miou=0.6930 f1=0.8053 time=23.1s
[Epoch 902] loss=0.0538 miou=0.6975 f1=0.8076 time=23.1s
[Epoch 903] loss=0.0555 miou=0.7018 f1=0.8126 time=23.1s
[Epoch 904] loss=0.0542 miou=0.6951 f1=0.8081 time=23.1s
[Epoch 905] loss=0.0592 miou=0.6968 f1=0.8094 time=23.2s
[Epoch 906] loss=0.0618 miou=0.6975 f1=0.8098 time=23.2s
[Epoch 907] loss=0.0545 miou=0.6944 f1=0.8082 time=23.2s
[Epoch 908] loss=0.0553 miou=0.6988 f1=0.8098 time=23.2s
[Epoch 909] loss=0.0646 miou=0.6971 f1=0.8079 time=23.1s
[Epoch 910] loss=0.0626 miou=0.6993 f1=0.8099 time=23.1s
[Epoch 911] loss=0.0583 miou=0.6945 f1=0.8065 time=23.1s
[Epoch 912] loss=0.0575 miou=0.6947 f1=0.8078 time=23.1s
[Epoch 913] loss=0.0640 miou=0.6894 f1=0.8029 time=23.1s
[Epoch 914] loss=0.0642 miou=0.6931 f1=0.8058 time=23.1s
[Epoch 915] loss=0.0637 miou=0.6963 f1=0.8082 time=23.2s
[Epoch 916] loss=0.0624 miou=0.6987 f1=0.8114 time=23.3s
[Epoch 917] loss=0.0593 miou=0.6908 f1=0.8044 time=23.2s
[Epoch 918] loss=0.0637 miou=0.6953 f1=0.8076 time=23.2s
[Epoch 919] loss=0.0597 miou=0.6951 f1=0.8074 time=23.2s
[Epoch 920] loss=0.0596 miou=0.7009 f1=0.8123 time=23.5s
[Epoch 921] loss=0.0639 miou=0.6974 f1=0.8100 time=23.4s
[Epoch 922] loss=0.0600 miou=0.6949 f1=0.8062 time=23.4s
[Epoch 923] loss=0.0632 miou=0.6966 f1=0.8070 time=23.1s
[Epoch 924] loss=0.0612 miou=0.7013 f1=0.8117 time=23.2s
[Epoch 925] loss=0.0645 miou=0.6838 f1=0.7980 time=23.1s
[Epoch 926] loss=0.0587 miou=0.6954 f1=0.8072 time=23.2s
[Epoch 927] loss=0.0630 miou=0.6838 f1=0.7998 time=23.2s
[Epoch 928] loss=0.0677 miou=0.6934 f1=0.8047 time=23.2s
[Epoch 929] loss=0.0605 miou=0.6849 f1=0.8003 time=23.1s
[Epoch 930] loss=0.0625 miou=0.6984 f1=0.8084 time=23.2s
[Epoch 931] loss=0.0672 miou=0.6899 f1=0.8040 time=23.1s
[Epoch 932] loss=0.0650 miou=0.6912 f1=0.8037 time=23.1s
[Epoch 933] loss=0.0581 miou=0.6968 f1=0.8068 time=23.1s
[Epoch 934] loss=0.0581 miou=0.6929 f1=0.8037 time=23.2s
[Epoch 935] loss=0.0583 miou=0.6980 f1=0.8078 time=23.2s
[Epoch 936] loss=0.0604 miou=0.6969 f1=0.8074 time=23.2s
[Epoch 937] loss=0.0612 miou=0.6950 f1=0.8072 time=23.1s
[Epoch 938] loss=0.0648 miou=0.6797 f1=0.7940 time=23.2s
[Epoch 939] loss=0.0624 miou=0.6860 f1=0.8004 time=23.1s
[Epoch 940] loss=0.0637 miou=0.6827 f1=0.7996 time=23.2s
[Epoch 941] loss=0.0695 miou=0.6856 f1=0.8000 time=23.1s
[Epoch 942] loss=0.0633 miou=0.6851 f1=0.8001 time=23.2s
[Epoch 943] loss=0.0609 miou=0.6934 f1=0.8055 time=23.2s
[Epoch 944] loss=0.0643 miou=0.6863 f1=0.8018 time=23.2s
[Epoch 945] loss=0.0589 miou=0.6857 f1=0.7998 time=23.1s
[Epoch 946] loss=0.0646 miou=0.6852 f1=0.8011 time=23.1s
[Epoch 947] loss=0.0646 miou=0.6838 f1=0.8002 time=23.1s
[Epoch 948] loss=0.0707 miou=0.6846 f1=0.7992 time=23.1s
[Epoch 949] loss=0.0684 miou=0.6791 f1=0.7951 time=23.2s
[Epoch 950] loss=0.0632 miou=0.6893 f1=0.8037 time=23.2s
[Epoch 951] loss=0.0590 miou=0.6806 f1=0.7963 time=23.2s
[Epoch 952] loss=0.0623 miou=0.6866 f1=0.8009 time=23.1s
[Epoch 953] loss=0.0642 miou=0.6856 f1=0.7992 time=23.1s
[Epoch 954] loss=0.0619 miou=0.6815 f1=0.7983 time=23.2s
[Epoch 955] loss=0.0583 miou=0.6853 f1=0.8002 time=23.2s
[Epoch 956] loss=0.0602 miou=0.6848 f1=0.8007 time=23.1s
[Epoch 957] loss=0.0621 miou=0.6874 f1=0.8012 time=23.2s
[Epoch 958] loss=0.0604 miou=0.6934 f1=0.8067 time=23.2s
[Epoch 959] loss=0.0579 miou=0.7000 f1=0.8112 time=23.2s
[Epoch 960] loss=0.0630 miou=0.6896 f1=0.8036 time=23.2s
[Epoch 961] loss=0.0657 miou=0.6833 f1=0.7981 time=23.2s
[Epoch 962] loss=0.0685 miou=0.6901 f1=0.8041 time=23.2s
[Epoch 963] loss=0.0624 miou=0.6852 f1=0.7993 time=23.2s
[Epoch 964] loss=0.0625 miou=0.6793 f1=0.7954 time=23.2s
[Epoch 965] loss=0.0692 miou=0.6935 f1=0.8068 time=23.1s
[Epoch 966] loss=0.0633 miou=0.6885 f1=0.8026 time=23.2s
[Epoch 967] loss=0.0618 miou=0.6796 f1=0.7953 time=23.1s
[Epoch 968] loss=0.0620 miou=0.6822 f1=0.7945 time=23.2s
[Epoch 969] loss=0.0599 miou=0.6838 f1=0.7971 time=23.2s
[Epoch 970] loss=0.0625 miou=0.6859 f1=0.7995 time=23.2s
[Epoch 971] loss=0.0609 miou=0.6888 f1=0.8020 time=23.2s
[Epoch 972] loss=0.0614 miou=0.6910 f1=0.8029 time=23.2s
[Epoch 973] loss=0.0636 miou=0.6911 f1=0.8044 time=23.2s
[Epoch 974] loss=0.0583 miou=0.6916 f1=0.8045 time=23.2s
[Epoch 975] loss=0.0582 miou=0.6938 f1=0.8063 time=23.1s
[Epoch 976] loss=0.0634 miou=0.6963 f1=0.8076 time=23.2s
[Epoch 977] loss=0.0598 miou=0.6910 f1=0.8043 time=23.2s
[Epoch 978] loss=0.0630 miou=0.6952 f1=0.8076 time=23.2s
[Epoch 979] loss=0.0604 miou=0.6887 f1=0.8029 time=23.2s
[Epoch 980] loss=0.0597 miou=0.6909 f1=0.8037 time=23.1s
[Epoch 981] loss=0.0626 miou=0.7008 f1=0.8115 time=23.1s
[Epoch 982] loss=0.0576 miou=0.6936 f1=0.8071 time=23.1s
[Epoch 983] loss=0.0667 miou=0.6891 f1=0.8030 time=23.1s
[Epoch 984] loss=0.0585 miou=0.6972 f1=0.8093 time=23.1s
[Epoch 985] loss=0.0606 miou=0.6944 f1=0.8076 time=23.0s
[Epoch 986] loss=0.0540 miou=0.6906 f1=0.8034 time=23.0s
[Epoch 987] loss=0.0599 miou=0.6902 f1=0.8030 time=23.1s
[Epoch 988] loss=0.0574 miou=0.6920 f1=0.8044 time=23.0s
[Epoch 989] loss=0.0612 miou=0.6907 f1=0.8049 time=23.0s
[Epoch 990] loss=0.0581 miou=0.6934 f1=0.8062 time=23.1s
[Epoch 991] loss=0.0552 miou=0.6936 f1=0.8057 time=23.1s
[Epoch 992] loss=0.0623 miou=0.6868 f1=0.8010 time=23.1s
[Epoch 993] loss=0.0604 miou=0.6847 f1=0.7990 time=23.1s
[Epoch 994] loss=0.0569 miou=0.6923 f1=0.8054 time=23.1s
[Epoch 995] loss=0.0557 miou=0.6957 f1=0.8083 time=23.1s
[Epoch 996] loss=0.0613 miou=0.6934 f1=0.8064 time=23.1s
[Epoch 997] loss=0.0640 miou=0.6916 f1=0.8053 time=23.1s
[Epoch 998] loss=0.0644 miou=0.6951 f1=0.8075 time=23.1s
[Epoch 999] loss=0.0628 miou=0.6899 f1=0.8038 time=23.1s
[Epoch 1000] loss=0.0612 miou=0.6871 f1=0.8016 time=23.1s
