nohup: ignoring input
Run directory: ./outputs_sam_sirst_hq/IRSTD-1k_model-vitt_size256_use_HQ_radial_edge_high_bs4_e1000kp1_split-50_50_20250924_104136
[build_efficient_sam_hq] Partially loaded 253 tensors from baseline (278 scanned).
/home/bip/cry/anaconda3/lib/python3.9/site-packages/torch/cuda/__init__.py:611: UserWarning: Can't initialize NVML
  warnings.warn("Can't initialize NVML")
[Epoch 001] loss=0.8446 miou=0.4635 f1=0.6015 thr=0.35 time=32.4s
[Epoch 002] loss=0.4677 miou=0.4710 f1=0.6060 thr=0.40 time=31.1s
[Epoch 003] loss=0.4489 miou=0.4837 f1=0.6172 thr=0.35 time=31.2s
[Epoch 004] loss=0.4253 miou=0.5002 f1=0.6272 thr=0.35 time=31.5s
[Epoch 005] loss=0.4143 miou=0.5302 f1=0.6622 thr=0.35 time=30.5s
[Epoch 006] loss=0.3957 miou=0.5218 f1=0.6550 thr=0.35 time=32.1s
[Epoch 007] loss=0.3903 miou=0.5470 f1=0.6781 thr=0.35 time=31.5s
[Epoch 008] loss=0.3799 miou=0.5466 f1=0.6745 thr=0.35 time=31.6s
[Epoch 009] loss=0.3611 miou=0.5800 f1=0.7029 thr=0.55 time=32.6s
[Epoch 010] loss=0.3624 miou=0.5838 f1=0.7071 thr=0.35 time=32.3s
Unfroze at epoch 10: encoder + all heads.
[Epoch 011] loss=0.4061 miou=0.5571 f1=0.6863 thr=0.35 time=62.8s
[Epoch 012] loss=0.3601 miou=0.5577 f1=0.6829 thr=0.35 time=62.5s
[Epoch 013] loss=0.3520 miou=0.6098 f1=0.7306 thr=0.35 time=62.5s
[Epoch 014] loss=0.3267 miou=0.5925 f1=0.7145 thr=0.35 time=62.6s
[Epoch 015] loss=0.3216 miou=0.5841 f1=0.7031 thr=0.35 time=62.5s
[Epoch 016] loss=0.3266 miou=0.6224 f1=0.7436 thr=0.35 time=62.6s
[Epoch 017] loss=0.3057 miou=0.6356 f1=0.7480 thr=0.35 time=62.7s
[Epoch 018] loss=0.2933 miou=0.6246 f1=0.7412 thr=0.35 time=63.6s
[Epoch 019] loss=0.2950 miou=0.6487 f1=0.7580 thr=0.35 time=62.6s
[Epoch 020] loss=0.3040 miou=0.6448 f1=0.7650 thr=0.35 time=63.6s
[Epoch 021] loss=0.2889 miou=0.6401 f1=0.7563 thr=0.35 time=63.4s
[Epoch 022] loss=0.3004 miou=0.6262 f1=0.7390 thr=0.35 time=63.7s
[Epoch 023] loss=0.2894 miou=0.6313 f1=0.7455 thr=0.35 time=63.6s
[Epoch 024] loss=0.2904 miou=0.6467 f1=0.7594 thr=0.35 time=62.6s
[Epoch 025] loss=0.2815 miou=0.6465 f1=0.7627 thr=0.35 time=63.4s
[Epoch 026] loss=5.9248 miou=0.5763 f1=0.7004 thr=0.35 time=63.3s
[Epoch 027] loss=0.3285 miou=0.6123 f1=0.7359 thr=0.35 time=63.5s
[Epoch 028] loss=0.3046 miou=0.6179 f1=0.7382 thr=0.35 time=63.4s
[Epoch 029] loss=0.3049 miou=0.6296 f1=0.7480 thr=0.35 time=62.6s
[Epoch 030] loss=0.2904 miou=0.6325 f1=0.7511 thr=0.35 time=62.7s
[Epoch 031] loss=0.2758 miou=0.6252 f1=0.7453 thr=0.35 time=62.7s
[Epoch 032] loss=0.2722 miou=0.6402 f1=0.7554 thr=0.35 time=62.8s
[Epoch 033] loss=0.2773 miou=0.6460 f1=0.7607 thr=0.35 time=62.9s
[Epoch 034] loss=0.2657 miou=0.6314 f1=0.7484 thr=0.35 time=62.9s
[Epoch 035] loss=0.2626 miou=0.6562 f1=0.7656 thr=0.35 time=62.7s
[Epoch 036] loss=0.2665 miou=0.6446 f1=0.7615 thr=0.35 time=63.2s
[Epoch 037] loss=0.2623 miou=0.6511 f1=0.7654 thr=0.35 time=63.3s
[Epoch 038] loss=0.2599 miou=0.6272 f1=0.7478 thr=0.35 time=63.5s
[Epoch 039] loss=0.2628 miou=0.6291 f1=0.7465 thr=0.35 time=63.3s
[Epoch 040] loss=0.2609 miou=0.6281 f1=0.7446 thr=0.35 time=63.8s
[Epoch 041] loss=0.2773 miou=0.6252 f1=0.7447 thr=0.35 time=63.2s
[Epoch 042] loss=0.2672 miou=0.6420 f1=0.7558 thr=0.35 time=63.3s
[Epoch 043] loss=0.2688 miou=0.6168 f1=0.7392 thr=0.35 time=63.3s
[Epoch 044] loss=0.2632 miou=0.6528 f1=0.7649 thr=0.35 time=63.3s
[Epoch 045] loss=0.2504 miou=0.6456 f1=0.7624 thr=0.35 time=63.6s
[Epoch 046] loss=0.2580 miou=0.6656 f1=0.7757 thr=0.35 time=63.5s
[Epoch 047] loss=0.2705 miou=0.6230 f1=0.7448 thr=0.35 time=63.1s
[Epoch 048] loss=0.2612 miou=0.6509 f1=0.7636 thr=0.35 time=62.8s
[Epoch 049] loss=0.2579 miou=0.6579 f1=0.7713 thr=0.35 time=62.7s
[Epoch 050] loss=0.2568 miou=0.6598 f1=0.7747 thr=0.35 time=62.8s
[Epoch 051] loss=0.2521 miou=0.6584 f1=0.7707 thr=0.35 time=62.9s
[Epoch 052] loss=0.2578 miou=0.6354 f1=0.7524 thr=0.35 time=62.8s
[Epoch 053] loss=0.2555 miou=0.6614 f1=0.7737 thr=0.35 time=62.9s
[Epoch 054] loss=0.2570 miou=0.6503 f1=0.7652 thr=0.35 time=62.6s
[Epoch 055] loss=0.2575 miou=0.6586 f1=0.7719 thr=0.35 time=62.7s
[Epoch 056] loss=0.2617 miou=0.6263 f1=0.7471 thr=0.35 time=62.8s
[Epoch 057] loss=0.2597 miou=0.6454 f1=0.7611 thr=0.35 time=63.1s
[Epoch 058] loss=0.2553 miou=0.6567 f1=0.7689 thr=0.35 time=62.8s
[Epoch 059] loss=0.2518 miou=0.6580 f1=0.7691 thr=0.35 time=63.1s
[Epoch 060] loss=0.2474 miou=0.6629 f1=0.7745 thr=0.35 time=63.2s
[Epoch 061] loss=0.2527 miou=0.6660 f1=0.7753 thr=0.35 time=62.6s
[Epoch 062] loss=0.2493 miou=0.6576 f1=0.7711 thr=0.35 time=62.6s
[Epoch 063] loss=0.2397 miou=0.6729 f1=0.7765 thr=0.35 time=62.7s
[Epoch 064] loss=0.2472 miou=0.6491 f1=0.7623 thr=0.35 time=62.8s
[Epoch 065] loss=0.2443 miou=0.6578 f1=0.7638 thr=0.35 time=62.7s
[Epoch 066] loss=0.2518 miou=0.6265 f1=0.7390 thr=0.35 time=62.6s
[Epoch 067] loss=0.2456 miou=0.6453 f1=0.7573 thr=0.35 time=62.6s
[Epoch 068] loss=0.2507 miou=0.6483 f1=0.7626 thr=0.35 time=62.6s
[Epoch 069] loss=0.2523 miou=0.6494 f1=0.7578 thr=0.50 time=62.7s
[Epoch 070] loss=0.2425 miou=0.6685 f1=0.7746 thr=0.35 time=62.7s
[Epoch 071] loss=0.2512 miou=0.6575 f1=0.7658 thr=0.35 time=62.8s
[Epoch 072] loss=0.2511 miou=0.6557 f1=0.7644 thr=0.35 time=63.0s
[Epoch 073] loss=0.2605 miou=0.6462 f1=0.7562 thr=0.45 time=63.1s
[Epoch 074] loss=0.2493 miou=0.6508 f1=0.7661 thr=0.35 time=63.3s
[Epoch 075] loss=0.2504 miou=0.6388 f1=0.7574 thr=0.35 time=63.1s
[Epoch 076] loss=0.2465 miou=0.6440 f1=0.7546 thr=0.35 time=63.8s
[Epoch 077] loss=0.2569 miou=0.6498 f1=0.7615 thr=0.35 time=63.4s
[Epoch 078] loss=0.2525 miou=0.6543 f1=0.7617 thr=0.35 time=62.7s
[Epoch 079] loss=0.2358 miou=0.6499 f1=0.7582 thr=0.35 time=62.8s
[Epoch 080] loss=0.2610 miou=0.6500 f1=0.7597 thr=0.35 time=63.0s
[Epoch 081] loss=0.2340 miou=0.6452 f1=0.7565 thr=0.35 time=62.8s
[Epoch 082] loss=0.2394 miou=0.6530 f1=0.7611 thr=0.35 time=63.1s
[Epoch 083] loss=0.2424 miou=0.6403 f1=0.7546 thr=0.35 time=62.8s
[Epoch 084] loss=0.2364 miou=0.6614 f1=0.7739 thr=0.35 time=63.1s
[Epoch 085] loss=0.2432 miou=0.6246 f1=0.7409 thr=0.35 time=64.6s
[Epoch 086] loss=0.2308 miou=0.6796 f1=0.7854 thr=0.35 time=67.4s
[Epoch 087] loss=0.2262 miou=0.6460 f1=0.7603 thr=0.35 time=63.4s
[Epoch 088] loss=0.2416 miou=0.6688 f1=0.7767 thr=0.35 time=63.9s
[Epoch 089] loss=0.2674 miou=0.6691 f1=0.7764 thr=0.35 time=62.7s
[Epoch 090] loss=0.2416 miou=0.6723 f1=0.7779 thr=0.35 time=63.0s
[Epoch 091] loss=0.2330 miou=0.6765 f1=0.7821 thr=0.35 time=63.1s
[Epoch 092] loss=0.2371 miou=0.6553 f1=0.7649 thr=0.35 time=63.1s
[Epoch 093] loss=0.2442 miou=0.6700 f1=0.7743 thr=0.35 time=63.1s
[Epoch 094] loss=0.2293 miou=0.6842 f1=0.7873 thr=0.35 time=62.9s
[Epoch 095] loss=0.2257 miou=0.6811 f1=0.7870 thr=0.35 time=63.0s
[Epoch 096] loss=0.2236 miou=0.6483 f1=0.7612 thr=0.35 time=62.9s
[Epoch 097] loss=0.2337 miou=0.6602 f1=0.7688 thr=0.35 time=62.7s
[Epoch 098] loss=0.2429 miou=0.6215 f1=0.7391 thr=0.45 time=62.9s
[Epoch 099] loss=0.2289 miou=0.6685 f1=0.7756 thr=0.35 time=62.8s
[Epoch 100] loss=0.2196 miou=0.6700 f1=0.7761 thr=0.35 time=63.0s
[Epoch 101] loss=0.2257 miou=0.6614 f1=0.7710 thr=0.35 time=62.9s
[Epoch 102] loss=0.2311 miou=0.6437 f1=0.7561 thr=0.35 time=62.9s
[Epoch 103] loss=0.2382 miou=0.6640 f1=0.7726 thr=0.35 time=63.1s
[Epoch 104] loss=0.2559 miou=0.6481 f1=0.7572 thr=0.35 time=63.0s
[Epoch 105] loss=0.2368 miou=0.6796 f1=0.7812 thr=0.35 time=62.9s
[Epoch 106] loss=0.2240 miou=0.6745 f1=0.7795 thr=0.35 time=63.1s
[Epoch 107] loss=0.2267 miou=0.6833 f1=0.7872 thr=0.35 time=63.1s
[Epoch 108] loss=0.2459 miou=0.6706 f1=0.7816 thr=0.35 time=63.0s
[Epoch 109] loss=0.2233 miou=0.6708 f1=0.7803 thr=0.35 time=62.9s
[Epoch 110] loss=0.2189 miou=0.6791 f1=0.7805 thr=0.35 time=63.0s
[Epoch 111] loss=0.2141 miou=0.6746 f1=0.7812 thr=0.35 time=63.5s
[Epoch 112] loss=0.2168 miou=0.6768 f1=0.7817 thr=0.35 time=63.4s
[Epoch 113] loss=0.2190 miou=0.6649 f1=0.7705 thr=0.35 time=63.2s
[Epoch 114] loss=0.2163 miou=0.6611 f1=0.7688 thr=0.35 time=63.1s
[Epoch 115] loss=0.2198 miou=0.6700 f1=0.7755 thr=0.35 time=63.0s
[Epoch 116] loss=0.2162 miou=0.6746 f1=0.7797 thr=0.35 time=63.2s
[Epoch 117] loss=0.2165 miou=0.6665 f1=0.7706 thr=0.35 time=62.9s
[Epoch 118] loss=0.2250 miou=0.6645 f1=0.7679 thr=0.35 time=63.0s
[Epoch 119] loss=0.2213 miou=0.6677 f1=0.7705 thr=0.35 time=62.8s
[Epoch 120] loss=0.2191 miou=0.6646 f1=0.7702 thr=0.35 time=62.9s
[Epoch 121] loss=0.2152 miou=0.6574 f1=0.7625 thr=0.35 time=62.9s
[Epoch 122] loss=0.2174 miou=0.6580 f1=0.7647 thr=0.35 time=62.9s
[Epoch 123] loss=0.2183 miou=0.6567 f1=0.7653 thr=0.35 time=62.8s
[Epoch 124] loss=0.2196 miou=0.6747 f1=0.7793 thr=0.35 time=62.8s
[Epoch 125] loss=0.2118 miou=0.6750 f1=0.7809 thr=0.35 time=63.0s
[Epoch 126] loss=0.2117 miou=0.6567 f1=0.7635 thr=0.35 time=63.0s
[Epoch 127] loss=0.3097 miou=0.5697 f1=0.6668 thr=0.35 time=63.5s
[Epoch 128] loss=0.4183 miou=0.6739 f1=0.7799 thr=0.35 time=63.1s
[Epoch 129] loss=0.2033 miou=0.6873 f1=0.7891 thr=0.45 time=63.0s
[Epoch 130] loss=0.2021 miou=0.6673 f1=0.7721 thr=0.35 time=63.6s
[Epoch 131] loss=0.2134 miou=0.6812 f1=0.7861 thr=0.35 time=63.3s
[Epoch 132] loss=0.2070 miou=0.6608 f1=0.7673 thr=0.35 time=63.3s
[Epoch 133] loss=0.2252 miou=0.6735 f1=0.7798 thr=0.35 time=63.1s
[Epoch 134] loss=0.2165 miou=0.6706 f1=0.7757 thr=0.35 time=62.9s
[Epoch 135] loss=0.2128 miou=0.6747 f1=0.7789 thr=0.35 time=63.1s
[Epoch 136] loss=0.2175 miou=0.6737 f1=0.7785 thr=0.35 time=63.1s
[Epoch 137] loss=0.2086 miou=0.6707 f1=0.7794 thr=0.35 time=63.1s
[Epoch 138] loss=0.2080 miou=0.6695 f1=0.7758 thr=0.35 time=63.6s
[Epoch 139] loss=0.2156 miou=0.6749 f1=0.7790 thr=0.35 time=63.0s
[Epoch 140] loss=0.2038 miou=0.6551 f1=0.7610 thr=0.35 time=63.3s
[Epoch 141] loss=0.2021 miou=0.6720 f1=0.7751 thr=0.35 time=63.5s
[Epoch 142] loss=0.2057 miou=0.6659 f1=0.7694 thr=0.35 time=63.5s
[Epoch 143] loss=0.2130 miou=0.6708 f1=0.7741 thr=0.35 time=63.3s
[Epoch 144] loss=0.2078 miou=0.6652 f1=0.7710 thr=0.35 time=63.4s
[Epoch 145] loss=4.3897 miou=0.6369 f1=0.7496 thr=0.35 time=63.3s
[Epoch 146] loss=0.2143 miou=0.6616 f1=0.7672 thr=0.35 time=63.2s
[Epoch 147] loss=0.2009 miou=0.6557 f1=0.7601 thr=0.35 time=63.0s
[Epoch 148] loss=0.2041 miou=0.6611 f1=0.7672 thr=0.35 time=63.1s
[Epoch 149] loss=0.2002 miou=0.6630 f1=0.7663 thr=0.35 time=63.2s
[Epoch 150] loss=0.2017 miou=0.6710 f1=0.7747 thr=0.35 time=63.3s
[Epoch 151] loss=0.1949 miou=0.6751 f1=0.7785 thr=0.35 time=62.9s
[Epoch 152] loss=0.1967 miou=0.6653 f1=0.7708 thr=0.35 time=62.9s
[Epoch 153] loss=0.1930 miou=0.6606 f1=0.7678 thr=0.35 time=64.3s
[Epoch 154] loss=0.1984 miou=0.6692 f1=0.7744 thr=0.35 time=63.2s
[Epoch 155] loss=0.2017 miou=0.6459 f1=0.7536 thr=0.35 time=63.3s
[Epoch 156] loss=0.2005 miou=0.6397 f1=0.7526 thr=0.35 time=66.1s
[Epoch 157] loss=0.2014 miou=0.6597 f1=0.7635 thr=0.35 time=65.6s
[Epoch 158] loss=0.1932 miou=0.6675 f1=0.7720 thr=0.35 time=65.6s
[Epoch 159] loss=0.1947 miou=0.6684 f1=0.7745 thr=0.35 time=63.0s
[Epoch 160] loss=0.2006 miou=0.6604 f1=0.7680 thr=0.35 time=63.0s
[Epoch 161] loss=0.2050 miou=0.6540 f1=0.7585 thr=0.35 time=62.9s
[Epoch 162] loss=0.1955 miou=0.6537 f1=0.7611 thr=0.35 time=63.5s
[Epoch 163] loss=0.2016 miou=0.6612 f1=0.7651 thr=0.35 time=63.1s
[Epoch 164] loss=0.1915 miou=0.6601 f1=0.7678 thr=0.35 time=63.8s
[Epoch 165] loss=0.1983 miou=0.6560 f1=0.7628 thr=0.35 time=63.9s
[Epoch 166] loss=0.1996 miou=0.6683 f1=0.7699 thr=0.35 time=63.6s
[Epoch 167] loss=0.1911 miou=0.6734 f1=0.7747 thr=0.35 time=64.3s
[Epoch 168] loss=0.1899 miou=0.6839 f1=0.7857 thr=0.35 time=63.4s
[Epoch 169] loss=0.2060 miou=0.6776 f1=0.7801 thr=0.35 time=62.9s
[Epoch 170] loss=0.1929 miou=0.6652 f1=0.7684 thr=0.35 time=63.1s
[Epoch 171] loss=0.1940 miou=0.6573 f1=0.7605 thr=0.35 time=63.1s
[Epoch 172] loss=0.1870 miou=0.6587 f1=0.7651 thr=0.50 time=63.4s
[Epoch 173] loss=0.1941 miou=0.6591 f1=0.7651 thr=0.35 time=63.3s
[Epoch 174] loss=0.1864 miou=0.6618 f1=0.7680 thr=0.35 time=63.5s
[Epoch 175] loss=0.1803 miou=0.6594 f1=0.7663 thr=0.35 time=63.2s
[Epoch 176] loss=0.1930 miou=0.6598 f1=0.7672 thr=0.35 time=63.1s
[Epoch 177] loss=0.1981 miou=0.6662 f1=0.7703 thr=0.35 time=63.1s
[Epoch 178] loss=0.1891 miou=0.6606 f1=0.7638 thr=0.35 time=63.1s
[Epoch 179] loss=0.1957 miou=0.6628 f1=0.7696 thr=0.35 time=63.2s
[Epoch 180] loss=0.1843 miou=0.6602 f1=0.7676 thr=0.35 time=63.2s
[Epoch 181] loss=0.1922 miou=0.6607 f1=0.7663 thr=0.35 time=63.3s
[Epoch 182] loss=0.1850 miou=0.6585 f1=0.7664 thr=0.35 time=63.1s
[Epoch 183] loss=0.1924 miou=0.6550 f1=0.7641 thr=0.35 time=63.1s
[Epoch 184] loss=0.1982 miou=0.6604 f1=0.7686 thr=0.35 time=63.3s
[Epoch 185] loss=0.1939 miou=0.6556 f1=0.7623 thr=0.35 time=63.0s
[Epoch 186] loss=0.1951 miou=0.6554 f1=0.7602 thr=0.35 time=63.0s
[Epoch 187] loss=0.1889 miou=0.6392 f1=0.7464 thr=0.35 time=63.1s
[Epoch 188] loss=0.1903 miou=0.6596 f1=0.7646 thr=0.35 time=63.0s
[Epoch 189] loss=0.1938 miou=0.6661 f1=0.7718 thr=0.35 time=62.8s
[Epoch 190] loss=0.1824 miou=0.6834 f1=0.7828 thr=0.35 time=63.1s
[Epoch 191] loss=0.1882 miou=0.6466 f1=0.7552 thr=0.35 time=63.5s
[Epoch 192] loss=0.2039 miou=0.6552 f1=0.7642 thr=0.35 time=63.0s
[Epoch 193] loss=0.1806 miou=0.6689 f1=0.7731 thr=0.35 time=62.9s
[Epoch 194] loss=0.1843 miou=0.6634 f1=0.7713 thr=0.35 time=63.0s
[Epoch 195] loss=0.1846 miou=0.6720 f1=0.7774 thr=0.35 time=63.2s
[Epoch 196] loss=0.1856 miou=0.6519 f1=0.7584 thr=0.35 time=63.0s
[Epoch 197] loss=0.1799 miou=0.6568 f1=0.7629 thr=0.35 time=62.9s
[Epoch 198] loss=0.1894 miou=0.6376 f1=0.7470 thr=0.35 time=63.6s
[Epoch 199] loss=0.1871 miou=0.6717 f1=0.7759 thr=0.35 time=62.8s
[Epoch 200] loss=0.1826 miou=0.6611 f1=0.7684 thr=0.35 time=63.3s
[Epoch 201] loss=0.1849 miou=0.6703 f1=0.7754 thr=0.35 time=62.9s
[Epoch 202] loss=0.1864 miou=0.6666 f1=0.7717 thr=0.35 time=62.8s
[Epoch 203] loss=0.1922 miou=0.6710 f1=0.7738 thr=0.35 time=62.9s
[Epoch 204] loss=0.1809 miou=0.6650 f1=0.7698 thr=0.35 time=63.0s
[Epoch 205] loss=0.1727 miou=0.6631 f1=0.7669 thr=0.35 time=63.1s
[Epoch 206] loss=0.1954 miou=0.6584 f1=0.7643 thr=0.35 time=63.4s
[Epoch 207] loss=0.1931 miou=0.6742 f1=0.7781 thr=0.35 time=63.3s
[Epoch 208] loss=0.1875 miou=0.6582 f1=0.7631 thr=0.35 time=62.7s
[Epoch 209] loss=0.1946 miou=0.6626 f1=0.7709 thr=0.35 time=62.8s
[Epoch 210] loss=0.1856 miou=0.6497 f1=0.7592 thr=0.35 time=62.8s
[Epoch 211] loss=0.1921 miou=0.6512 f1=0.7588 thr=0.35 time=62.9s
[Epoch 212] loss=0.1876 miou=0.6550 f1=0.7620 thr=0.35 time=62.9s
[Epoch 213] loss=0.1764 miou=0.6630 f1=0.7665 thr=0.35 time=63.2s
[Epoch 214] loss=2.2011 miou=0.6541 f1=0.7602 thr=0.35 time=63.1s
[Epoch 215] loss=2.9387 miou=0.6652 f1=0.7740 thr=0.35 time=62.9s
[Epoch 216] loss=0.1809 miou=0.6737 f1=0.7787 thr=0.35 time=62.9s
[Epoch 217] loss=0.1721 miou=0.6725 f1=0.7758 thr=0.35 time=63.3s
[Epoch 218] loss=0.1718 miou=0.6598 f1=0.7678 thr=0.35 time=63.0s
[Epoch 219] loss=0.1783 miou=0.6532 f1=0.7628 thr=0.35 time=62.8s
[Epoch 220] loss=0.1666 miou=0.6568 f1=0.7628 thr=0.35 time=63.0s
[Epoch 221] loss=0.1685 miou=0.6688 f1=0.7729 thr=0.35 time=62.8s
[Epoch 222] loss=0.1661 miou=0.6648 f1=0.7722 thr=0.35 time=62.8s
[Epoch 223] loss=0.1638 miou=0.6618 f1=0.7655 thr=0.35 time=62.9s
[Epoch 224] loss=0.1735 miou=0.6398 f1=0.7479 thr=0.35 time=62.6s
[Epoch 225] loss=0.1736 miou=0.6517 f1=0.7603 thr=0.35 time=62.8s
[Epoch 226] loss=0.1688 miou=0.6559 f1=0.7614 thr=0.35 time=62.8s
[Epoch 227] loss=0.1663 miou=0.6500 f1=0.7569 thr=0.35 time=62.8s
[Epoch 228] loss=0.1728 miou=0.6633 f1=0.7708 thr=0.35 time=62.9s
[Epoch 229] loss=0.1698 miou=0.6637 f1=0.7705 thr=0.35 time=63.3s
[Epoch 230] loss=0.1773 miou=0.6543 f1=0.7613 thr=0.35 time=63.1s
[Epoch 231] loss=0.1750 miou=0.6628 f1=0.7681 thr=0.35 time=63.5s
[Epoch 232] loss=0.1743 miou=0.6575 f1=0.7632 thr=0.35 time=63.1s
[Epoch 233] loss=0.1616 miou=0.6658 f1=0.7694 thr=0.35 time=62.8s
[Epoch 234] loss=0.1643 miou=0.6595 f1=0.7665 thr=0.35 time=62.6s
[Epoch 235] loss=0.1724 miou=0.6469 f1=0.7570 thr=0.35 time=62.8s
[Epoch 236] loss=0.1732 miou=0.6597 f1=0.7656 thr=0.35 time=63.3s
[Epoch 237] loss=0.1809 miou=0.6556 f1=0.7629 thr=0.35 time=62.8s
[Epoch 238] loss=0.1624 miou=0.6457 f1=0.7542 thr=0.40 time=62.7s
[Epoch 239] loss=0.1651 miou=0.6570 f1=0.7630 thr=0.35 time=62.7s
[Epoch 240] loss=0.1700 miou=0.6507 f1=0.7607 thr=0.35 time=62.7s
[Epoch 241] loss=0.1687 miou=0.6351 f1=0.7463 thr=0.55 time=62.8s
[Epoch 242] loss=0.1709 miou=0.6484 f1=0.7552 thr=0.35 time=62.8s
[Epoch 243] loss=0.1684 miou=0.6553 f1=0.7623 thr=0.35 time=62.6s
[Epoch 244] loss=0.1682 miou=0.6644 f1=0.7691 thr=0.35 time=62.6s
[Epoch 245] loss=0.1638 miou=0.6565 f1=0.7603 thr=0.35 time=62.6s
[Epoch 246] loss=0.1631 miou=0.6582 f1=0.7653 thr=0.35 time=62.7s
[Epoch 247] loss=0.1673 miou=0.6520 f1=0.7621 thr=0.35 time=62.6s
[Epoch 248] loss=0.2053 miou=0.6563 f1=0.7664 thr=0.35 time=62.8s
[Epoch 249] loss=0.1805 miou=0.6553 f1=0.7620 thr=0.35 time=62.7s
[Epoch 250] loss=0.1765 miou=0.6553 f1=0.7632 thr=0.35 time=62.6s
[Epoch 251] loss=0.1666 miou=0.6647 f1=0.7683 thr=0.35 time=62.7s
[Epoch 252] loss=0.1613 miou=0.6690 f1=0.7744 thr=0.35 time=62.8s
[Epoch 253] loss=0.1600 miou=0.6647 f1=0.7690 thr=0.35 time=62.9s
[Epoch 254] loss=0.1622 miou=0.6575 f1=0.7631 thr=0.35 time=62.8s
[Epoch 255] loss=0.1591 miou=0.6650 f1=0.7684 thr=0.35 time=62.8s
[Epoch 256] loss=0.1584 miou=0.6588 f1=0.7658 thr=0.35 time=62.7s
[Epoch 257] loss=0.1664 miou=0.6627 f1=0.7655 thr=0.35 time=62.7s
[Epoch 258] loss=0.1645 miou=0.6625 f1=0.7681 thr=0.35 time=62.7s
[Epoch 259] loss=0.1617 miou=0.6578 f1=0.7638 thr=0.35 time=62.6s
[Epoch 260] loss=0.1709 miou=0.6560 f1=0.7637 thr=0.35 time=62.7s
[Epoch 261] loss=0.1622 miou=0.6500 f1=0.7570 thr=0.35 time=62.8s
[Epoch 262] loss=0.1665 miou=0.6566 f1=0.7611 thr=0.35 time=62.6s
[Epoch 263] loss=0.1655 miou=0.6475 f1=0.7562 thr=0.35 time=62.9s
[Epoch 264] loss=0.1626 miou=0.6533 f1=0.7603 thr=0.35 time=62.7s
[Epoch 265] loss=0.1616 miou=0.6452 f1=0.7570 thr=0.35 time=62.5s
[Epoch 266] loss=0.1555 miou=0.6625 f1=0.7663 thr=0.40 time=62.6s
[Epoch 267] loss=0.1618 miou=0.6548 f1=0.7638 thr=0.35 time=62.6s
[Epoch 268] loss=0.1648 miou=0.6479 f1=0.7545 thr=0.35 time=62.7s
[Epoch 269] loss=0.1699 miou=0.6512 f1=0.7602 thr=0.35 time=62.7s
[Epoch 270] loss=0.1551 miou=0.6663 f1=0.7687 thr=0.35 time=63.7s
[Epoch 271] loss=0.1557 miou=0.6563 f1=0.7634 thr=0.35 time=63.6s
[Epoch 272] loss=0.1572 miou=0.6611 f1=0.7668 thr=0.35 time=62.9s
[Epoch 273] loss=0.1642 miou=0.6605 f1=0.7692 thr=0.35 time=63.3s
[Epoch 274] loss=0.1629 miou=0.6471 f1=0.7566 thr=0.35 time=62.7s
[Epoch 275] loss=0.1634 miou=0.6277 f1=0.7359 thr=0.35 time=62.9s
[Epoch 276] loss=0.1674 miou=0.6502 f1=0.7582 thr=0.35 time=62.7s
[Epoch 277] loss=0.1631 miou=0.6523 f1=0.7577 thr=0.35 time=62.7s
[Epoch 278] loss=0.1599 miou=0.6476 f1=0.7576 thr=0.35 time=63.5s
[Epoch 279] loss=0.1573 miou=0.6553 f1=0.7601 thr=0.35 time=62.6s
[Epoch 280] loss=0.1610 miou=0.6559 f1=0.7626 thr=0.40 time=63.6s
[Epoch 281] loss=0.1586 miou=0.6520 f1=0.7633 thr=0.35 time=62.7s
[Epoch 282] loss=0.1591 miou=0.6409 f1=0.7513 thr=0.35 time=62.5s
[Epoch 283] loss=0.1546 miou=0.6578 f1=0.7631 thr=0.35 time=62.5s
[Epoch 284] loss=0.1476 miou=0.6572 f1=0.7640 thr=0.35 time=62.5s
[Epoch 285] loss=0.1462 miou=0.6553 f1=0.7640 thr=0.35 time=62.8s
[Epoch 286] loss=0.1846 miou=0.6432 f1=0.7540 thr=0.35 time=63.3s
[Epoch 287] loss=0.1721 miou=0.6587 f1=0.7655 thr=0.35 time=62.8s
[Epoch 288] loss=0.1598 miou=0.6647 f1=0.7686 thr=0.35 time=63.0s
[Epoch 289] loss=0.1560 miou=0.6671 f1=0.7729 thr=0.35 time=62.9s
[Epoch 290] loss=0.1523 miou=0.6448 f1=0.7518 thr=0.35 time=62.9s
[Epoch 291] loss=0.1501 miou=0.6655 f1=0.7703 thr=0.35 time=62.7s
[Epoch 292] loss=0.1462 miou=0.6415 f1=0.7523 thr=0.35 time=62.7s
[Epoch 293] loss=0.1578 miou=0.6507 f1=0.7604 thr=0.35 time=62.6s
[Epoch 294] loss=0.1592 miou=0.6570 f1=0.7643 thr=0.35 time=62.3s
[Epoch 295] loss=0.1554 miou=0.6558 f1=0.7617 thr=0.35 time=62.6s
[Epoch 296] loss=0.1510 miou=0.6660 f1=0.7701 thr=0.35 time=62.7s
[Epoch 297] loss=0.1546 miou=0.6502 f1=0.7584 thr=0.35 time=66.9s
[Epoch 298] loss=0.1527 miou=0.6595 f1=0.7668 thr=0.35 time=63.2s
[Epoch 299] loss=0.1517 miou=0.6449 f1=0.7507 thr=0.55 time=63.3s
[Epoch 300] loss=0.1622 miou=0.6433 f1=0.7537 thr=0.35 time=62.9s
[Epoch 301] loss=0.1570 miou=0.6670 f1=0.7720 thr=0.50 time=62.8s
[Epoch 302] loss=0.1543 miou=0.6528 f1=0.7607 thr=0.40 time=62.8s
[Epoch 303] loss=0.1613 miou=0.6656 f1=0.7721 thr=0.35 time=62.7s
[Epoch 304] loss=0.1567 miou=0.6614 f1=0.7672 thr=0.35 time=62.8s
[Epoch 305] loss=0.1552 miou=0.6594 f1=0.7655 thr=0.35 time=62.7s
[Epoch 306] loss=0.1532 miou=0.6676 f1=0.7739 thr=0.35 time=63.1s
[Epoch 307] loss=0.1476 miou=0.6599 f1=0.7676 thr=0.35 time=62.8s
[Epoch 308] loss=0.1497 miou=0.6706 f1=0.7738 thr=0.35 time=62.9s
[Epoch 309] loss=0.1447 miou=0.6659 f1=0.7719 thr=0.35 time=63.7s
[Epoch 310] loss=0.1501 miou=0.6552 f1=0.7632 thr=0.35 time=63.2s
[Epoch 311] loss=0.1422 miou=0.6571 f1=0.7668 thr=0.35 time=62.8s
[Epoch 312] loss=0.1439 miou=0.6649 f1=0.7706 thr=0.35 time=62.7s
[Epoch 313] loss=0.1490 miou=0.6549 f1=0.7617 thr=0.40 time=62.8s
[Epoch 314] loss=0.1485 miou=0.6506 f1=0.7618 thr=0.35 time=62.7s
[Epoch 315] loss=0.1452 miou=0.6764 f1=0.7815 thr=0.35 time=62.7s
[Epoch 316] loss=0.1522 miou=0.6589 f1=0.7680 thr=0.35 time=62.6s
[Epoch 317] loss=0.1537 miou=0.6492 f1=0.7558 thr=0.35 time=62.7s
[Epoch 318] loss=0.1551 miou=0.6712 f1=0.7737 thr=0.35 time=63.2s
[Epoch 319] loss=0.1559 miou=0.6603 f1=0.7688 thr=0.35 time=62.9s
[Epoch 320] loss=0.1484 miou=0.6704 f1=0.7764 thr=0.35 time=62.7s
[Epoch 321] loss=0.1541 miou=0.6701 f1=0.7741 thr=0.35 time=63.0s
[Epoch 322] loss=0.1482 miou=0.6680 f1=0.7739 thr=0.35 time=63.0s
[Epoch 323] loss=0.1469 miou=0.6711 f1=0.7748 thr=0.35 time=63.3s
[Epoch 324] loss=0.1456 miou=0.6598 f1=0.7648 thr=0.35 time=63.3s
[Epoch 325] loss=0.1464 miou=0.6592 f1=0.7630 thr=0.35 time=63.1s
[Epoch 326] loss=0.1406 miou=0.6564 f1=0.7635 thr=0.35 time=63.6s
[Epoch 327] loss=0.1414 miou=0.6487 f1=0.7570 thr=0.35 time=63.1s
[Epoch 328] loss=0.1428 miou=0.6534 f1=0.7590 thr=0.35 time=62.8s
[Epoch 329] loss=0.1514 miou=0.6560 f1=0.7648 thr=0.35 time=62.8s
[Epoch 330] loss=0.1455 miou=0.6574 f1=0.7637 thr=0.35 time=63.0s
[Epoch 331] loss=0.1389 miou=0.6299 f1=0.7384 thr=0.35 time=63.2s
[Epoch 332] loss=0.1544 miou=0.6415 f1=0.7531 thr=0.35 time=63.1s
[Epoch 333] loss=0.1417 miou=0.6643 f1=0.7705 thr=0.55 time=64.0s
[Epoch 334] loss=0.1485 miou=0.6493 f1=0.7594 thr=0.35 time=63.2s
[Epoch 335] loss=0.1426 miou=0.6533 f1=0.7607 thr=0.35 time=62.9s
[Epoch 336] loss=0.1459 miou=0.6477 f1=0.7553 thr=0.35 time=62.7s
[Epoch 337] loss=0.1461 miou=0.6513 f1=0.7574 thr=0.35 time=62.9s
[Epoch 338] loss=0.1420 miou=0.6545 f1=0.7632 thr=0.35 time=62.9s
[Epoch 339] loss=0.1463 miou=0.6546 f1=0.7593 thr=0.35 time=62.8s
[Epoch 340] loss=0.1413 miou=0.6588 f1=0.7644 thr=0.35 time=62.8s
[Epoch 341] loss=0.1343 miou=0.6660 f1=0.7703 thr=0.35 time=62.9s
[Epoch 342] loss=0.1401 miou=0.6530 f1=0.7622 thr=0.35 time=62.8s
[Epoch 343] loss=0.1430 miou=0.6572 f1=0.7666 thr=0.35 time=63.4s
[Epoch 344] loss=0.1404 miou=0.6685 f1=0.7772 thr=0.35 time=63.3s
[Epoch 345] loss=0.1410 miou=0.6566 f1=0.7680 thr=0.35 time=63.6s
[Epoch 346] loss=0.1394 miou=0.6526 f1=0.7636 thr=0.35 time=62.7s
[Epoch 347] loss=0.1376 miou=0.6568 f1=0.7650 thr=0.35 time=63.0s
[Epoch 348] loss=0.1521 miou=0.6315 f1=0.7425 thr=0.35 time=62.5s
[Epoch 349] loss=0.1413 miou=0.6608 f1=0.7679 thr=0.35 time=62.7s
[Epoch 350] loss=0.1396 miou=0.6491 f1=0.7573 thr=0.35 time=62.9s
[Epoch 351] loss=0.1399 miou=0.6639 f1=0.7693 thr=0.35 time=62.9s
[Epoch 352] loss=0.1328 miou=0.6617 f1=0.7671 thr=0.35 time=62.4s
[Epoch 353] loss=0.1375 miou=0.6443 f1=0.7552 thr=0.50 time=62.6s
[Epoch 354] loss=0.1485 miou=0.6519 f1=0.7585 thr=0.35 time=62.7s
[Epoch 355] loss=0.1425 miou=0.6515 f1=0.7588 thr=0.35 time=62.5s
[Epoch 356] loss=0.1354 miou=0.6438 f1=0.7515 thr=0.35 time=62.3s
[Epoch 357] loss=0.1471 miou=0.6495 f1=0.7571 thr=0.35 time=62.5s
[Epoch 358] loss=0.1394 miou=0.6528 f1=0.7623 thr=0.35 time=62.4s
[Epoch 359] loss=0.1395 miou=0.6480 f1=0.7576 thr=0.35 time=62.7s
[Epoch 360] loss=0.1340 miou=0.6567 f1=0.7626 thr=0.35 time=62.6s
[Epoch 361] loss=0.1328 miou=0.6495 f1=0.7580 thr=0.35 time=62.5s
[Epoch 362] loss=0.1406 miou=0.6634 f1=0.7682 thr=0.35 time=62.6s
[Epoch 363] loss=0.1383 miou=0.6557 f1=0.7629 thr=0.35 time=62.6s
[Epoch 364] loss=0.1399 miou=0.6529 f1=0.7607 thr=0.35 time=62.5s
[Epoch 365] loss=0.1296 miou=0.6574 f1=0.7629 thr=0.35 time=62.5s
[Epoch 366] loss=0.1358 miou=0.6298 f1=0.7405 thr=0.35 time=62.5s
[Epoch 367] loss=0.1484 miou=0.6556 f1=0.7604 thr=0.35 time=62.6s
[Epoch 368] loss=0.1348 miou=0.6562 f1=0.7630 thr=0.50 time=62.4s
[Epoch 369] loss=0.1337 miou=0.6662 f1=0.7714 thr=0.35 time=62.6s
[Epoch 370] loss=0.1355 miou=0.6579 f1=0.7643 thr=0.35 time=62.7s
[Epoch 371] loss=0.1418 miou=0.6357 f1=0.7431 thr=0.35 time=62.7s
[Epoch 372] loss=0.1567 miou=0.6459 f1=0.7572 thr=0.35 time=62.7s
[Epoch 373] loss=0.1425 miou=0.6503 f1=0.7594 thr=0.35 time=62.5s
[Epoch 374] loss=0.1430 miou=0.6282 f1=0.7373 thr=0.35 time=62.8s
[Epoch 375] loss=0.1454 miou=0.6543 f1=0.7631 thr=0.35 time=62.5s
[Epoch 376] loss=0.1318 miou=0.6673 f1=0.7734 thr=0.35 time=62.5s
[Epoch 377] loss=0.1275 miou=0.6523 f1=0.7622 thr=0.35 time=62.6s
[Epoch 378] loss=0.1326 miou=0.6498 f1=0.7583 thr=0.35 time=62.6s
[Epoch 379] loss=0.1328 miou=0.6543 f1=0.7633 thr=0.35 time=62.4s
[Epoch 380] loss=0.1249 miou=0.6564 f1=0.7643 thr=0.35 time=62.7s
[Epoch 381] loss=0.1258 miou=0.6438 f1=0.7541 thr=0.55 time=62.4s
[Epoch 382] loss=0.1417 miou=0.6341 f1=0.7431 thr=0.55 time=62.6s
[Epoch 383] loss=0.1422 miou=0.6484 f1=0.7561 thr=0.35 time=62.7s
[Epoch 384] loss=0.1320 miou=0.6541 f1=0.7646 thr=0.35 time=62.5s
[Epoch 385] loss=0.1310 miou=0.6392 f1=0.7454 thr=0.35 time=62.4s
[Epoch 386] loss=0.1290 miou=0.6520 f1=0.7584 thr=0.35 time=62.6s
[Epoch 387] loss=0.1348 miou=0.6539 f1=0.7583 thr=0.35 time=62.6s
[Epoch 388] loss=0.1291 miou=0.6555 f1=0.7619 thr=0.35 time=62.6s
[Epoch 389] loss=0.1270 miou=0.6609 f1=0.7670 thr=0.35 time=62.7s
[Epoch 390] loss=0.1247 miou=0.6357 f1=0.7469 thr=0.35 time=62.6s
[Epoch 391] loss=0.1297 miou=0.6311 f1=0.7439 thr=0.35 time=62.6s
[Epoch 392] loss=0.1288 miou=0.6410 f1=0.7521 thr=0.35 time=62.9s
[Epoch 393] loss=0.1274 miou=0.6428 f1=0.7532 thr=0.35 time=62.5s
[Epoch 394] loss=0.1230 miou=0.6545 f1=0.7634 thr=0.35 time=62.5s
[Epoch 395] loss=0.1273 miou=0.6459 f1=0.7562 thr=0.35 time=62.7s
[Epoch 396] loss=0.1269 miou=0.6534 f1=0.7611 thr=0.35 time=62.6s
[Epoch 397] loss=0.3880 miou=0.6244 f1=0.7370 thr=0.35 time=62.6s
[Epoch 398] loss=0.1563 miou=0.6509 f1=0.7600 thr=0.35 time=62.5s
[Epoch 399] loss=0.1404 miou=0.6571 f1=0.7699 thr=0.35 time=62.8s
[Epoch 400] loss=0.1540 miou=0.6329 f1=0.7452 thr=0.35 time=62.7s
[Epoch 401] loss=0.1533 miou=0.6576 f1=0.7661 thr=0.35 time=62.6s
[Epoch 402] loss=0.1406 miou=0.6550 f1=0.7631 thr=0.35 time=62.6s
[Epoch 403] loss=0.1427 miou=0.6535 f1=0.7639 thr=0.35 time=62.8s
[Epoch 404] loss=0.1354 miou=0.6530 f1=0.7649 thr=0.35 time=62.8s
[Epoch 405] loss=0.1552 miou=0.6643 f1=0.7693 thr=0.35 time=62.6s
[Epoch 406] loss=0.1410 miou=0.6472 f1=0.7589 thr=0.35 time=62.7s
[Epoch 407] loss=0.1403 miou=0.6557 f1=0.7643 thr=0.35 time=62.7s
[Epoch 408] loss=0.1328 miou=0.6558 f1=0.7680 thr=0.35 time=62.7s
[Epoch 409] loss=0.1307 miou=0.6644 f1=0.7720 thr=0.35 time=62.8s
[Epoch 410] loss=0.1330 miou=0.6532 f1=0.7614 thr=0.35 time=62.7s
[Epoch 411] loss=0.1238 miou=0.6599 f1=0.7683 thr=0.35 time=62.8s
[Epoch 412] loss=0.1389 miou=0.6081 f1=0.7119 thr=0.35 time=62.7s
[Epoch 413] loss=0.1511 miou=0.6575 f1=0.7658 thr=0.35 time=62.7s
[Epoch 414] loss=0.1304 miou=0.6524 f1=0.7639 thr=0.35 time=62.8s
[Epoch 415] loss=0.1256 miou=0.6554 f1=0.7623 thr=0.35 time=62.9s
[Epoch 416] loss=0.1390 miou=0.6439 f1=0.7516 thr=0.35 time=62.6s
[Epoch 417] loss=0.1295 miou=0.6527 f1=0.7656 thr=0.35 time=62.8s
[Epoch 418] loss=0.1296 miou=0.6613 f1=0.7687 thr=0.35 time=62.8s
[Epoch 419] loss=0.1318 miou=0.6580 f1=0.7657 thr=0.35 time=62.7s
[Epoch 420] loss=0.1229 miou=0.6603 f1=0.7674 thr=0.35 time=62.7s
[Epoch 421] loss=0.1286 miou=0.6634 f1=0.7715 thr=0.35 time=62.7s
[Epoch 422] loss=0.1242 miou=0.6667 f1=0.7742 thr=0.35 time=62.5s
[Epoch 423] loss=0.1262 miou=0.6671 f1=0.7740 thr=0.35 time=62.7s
[Epoch 424] loss=0.1191 miou=0.6650 f1=0.7740 thr=0.35 time=62.6s
[Epoch 425] loss=0.1221 miou=0.6703 f1=0.7784 thr=0.35 time=62.6s
[Epoch 426] loss=0.1180 miou=0.6714 f1=0.7780 thr=0.35 time=62.7s
[Epoch 427] loss=0.1235 miou=0.6693 f1=0.7743 thr=0.35 time=62.7s
[Epoch 428] loss=0.1171 miou=0.6692 f1=0.7772 thr=0.35 time=62.6s
[Epoch 429] loss=0.1192 miou=0.6580 f1=0.7704 thr=0.35 time=62.6s
[Epoch 430] loss=0.1249 miou=0.6628 f1=0.7670 thr=0.35 time=62.5s
[Epoch 431] loss=0.1282 miou=0.6461 f1=0.7568 thr=0.35 time=62.7s
[Epoch 432] loss=0.1180 miou=0.6564 f1=0.7642 thr=0.35 time=62.7s
[Epoch 433] loss=0.1154 miou=0.6500 f1=0.7599 thr=0.35 time=62.5s
[Epoch 434] loss=0.1273 miou=0.6577 f1=0.7641 thr=0.35 time=62.5s
[Epoch 435] loss=0.1241 miou=0.6487 f1=0.7592 thr=0.35 time=62.4s
[Epoch 436] loss=0.1392 miou=0.6395 f1=0.7505 thr=0.35 time=62.4s
[Epoch 437] loss=0.1315 miou=0.6438 f1=0.7530 thr=0.35 time=62.6s
[Epoch 438] loss=0.1322 miou=0.6720 f1=0.7753 thr=0.35 time=62.6s
[Epoch 439] loss=0.1283 miou=0.6610 f1=0.7659 thr=0.35 time=62.6s
[Epoch 440] loss=0.1243 miou=0.6577 f1=0.7658 thr=0.35 time=62.8s
[Epoch 441] loss=0.1272 miou=0.6562 f1=0.7624 thr=0.35 time=62.6s
[Epoch 442] loss=0.1222 miou=0.6599 f1=0.7651 thr=0.35 time=62.7s
[Epoch 443] loss=0.1262 miou=0.6558 f1=0.7628 thr=0.35 time=62.6s
[Epoch 444] loss=0.1221 miou=0.6595 f1=0.7656 thr=0.35 time=62.7s
[Epoch 445] loss=0.1208 miou=0.6684 f1=0.7735 thr=0.35 time=62.5s
[Epoch 446] loss=0.1231 miou=0.6538 f1=0.7629 thr=0.35 time=62.4s
[Epoch 447] loss=0.1237 miou=0.6403 f1=0.7510 thr=0.35 time=62.7s
[Epoch 448] loss=0.1295 miou=0.6502 f1=0.7589 thr=0.35 time=62.6s
[Epoch 449] loss=0.1191 miou=0.6611 f1=0.7698 thr=0.35 time=62.6s
[Epoch 450] loss=0.1245 miou=0.6650 f1=0.7679 thr=0.35 time=62.5s
[Epoch 451] loss=0.1215 miou=0.6565 f1=0.7628 thr=0.35 time=62.7s
[Epoch 452] loss=0.1220 miou=0.6555 f1=0.7649 thr=0.35 time=62.6s
[Epoch 453] loss=0.8067 miou=0.6412 f1=0.7524 thr=0.35 time=62.7s
[Epoch 454] loss=4.1555 miou=0.6593 f1=0.7637 thr=0.35 time=62.5s
[Epoch 455] loss=0.1250 miou=0.6748 f1=0.7805 thr=0.35 time=62.5s
[Epoch 456] loss=6.9231 miou=0.6386 f1=0.7481 thr=0.35 time=62.6s
[Epoch 457] loss=0.1680 miou=0.6434 f1=0.7531 thr=0.45 time=62.6s
[Epoch 458] loss=0.1392 miou=0.6325 f1=0.7436 thr=0.35 time=62.6s
[Epoch 459] loss=0.1326 miou=0.6432 f1=0.7502 thr=0.35 time=62.6s
[Epoch 460] loss=0.1255 miou=0.6448 f1=0.7513 thr=0.35 time=62.6s
[Epoch 461] loss=0.1294 miou=0.6505 f1=0.7572 thr=0.35 time=62.6s
[Epoch 462] loss=0.1259 miou=0.6361 f1=0.7466 thr=0.35 time=62.6s
[Epoch 463] loss=0.1286 miou=0.6470 f1=0.7576 thr=0.35 time=62.6s
[Epoch 464] loss=0.1231 miou=0.6490 f1=0.7578 thr=0.35 time=62.7s
[Epoch 465] loss=0.1264 miou=0.6562 f1=0.7660 thr=0.35 time=62.5s
[Epoch 466] loss=0.1287 miou=0.6522 f1=0.7628 thr=0.35 time=62.6s
[Epoch 467] loss=0.1166 miou=0.6519 f1=0.7603 thr=0.35 time=62.7s
[Epoch 468] loss=0.1159 miou=0.6469 f1=0.7549 thr=0.35 time=62.7s
[Epoch 469] loss=0.1189 miou=0.6607 f1=0.7673 thr=0.35 time=62.6s
[Epoch 470] loss=0.1327 miou=0.6467 f1=0.7537 thr=0.35 time=62.8s
[Epoch 471] loss=0.1301 miou=0.6462 f1=0.7547 thr=0.35 time=63.1s
[Epoch 472] loss=0.1212 miou=0.6499 f1=0.7640 thr=0.35 time=62.8s
[Epoch 473] loss=0.1274 miou=0.6641 f1=0.7688 thr=0.35 time=62.7s
[Epoch 474] loss=0.1267 miou=0.6537 f1=0.7626 thr=0.35 time=62.8s
[Epoch 475] loss=0.1238 miou=0.6589 f1=0.7688 thr=0.35 time=62.9s
[Epoch 476] loss=0.1229 miou=0.6573 f1=0.7645 thr=0.35 time=62.5s
[Epoch 477] loss=0.1155 miou=0.6456 f1=0.7558 thr=0.35 time=62.7s
[Epoch 478] loss=0.1146 miou=0.6494 f1=0.7598 thr=0.35 time=62.8s
[Epoch 479] loss=0.1242 miou=0.6398 f1=0.7515 thr=0.35 time=62.8s
[Epoch 480] loss=0.1200 miou=0.6454 f1=0.7557 thr=0.45 time=62.8s
[Epoch 481] loss=0.1214 miou=0.6486 f1=0.7585 thr=0.50 time=62.7s
[Epoch 482] loss=0.1182 miou=0.6407 f1=0.7522 thr=0.35 time=62.7s
[Epoch 483] loss=0.1136 miou=0.6405 f1=0.7501 thr=0.35 time=62.6s
[Epoch 484] loss=0.1211 miou=0.6549 f1=0.7628 thr=0.35 time=62.7s
[Epoch 485] loss=0.1118 miou=0.6639 f1=0.7694 thr=0.35 time=63.2s
[Epoch 486] loss=0.1210 miou=0.6476 f1=0.7605 thr=0.35 time=62.5s
[Epoch 487] loss=0.1213 miou=0.6538 f1=0.7644 thr=0.35 time=62.9s
[Epoch 488] loss=0.1164 miou=0.6412 f1=0.7562 thr=0.35 time=62.9s
[Epoch 489] loss=0.1243 miou=0.6447 f1=0.7565 thr=0.35 time=62.6s
[Epoch 490] loss=0.1232 miou=0.6614 f1=0.7691 thr=0.35 time=62.7s
[Epoch 491] loss=0.1200 miou=0.6552 f1=0.7640 thr=0.35 time=62.8s
[Epoch 492] loss=0.1226 miou=0.6503 f1=0.7617 thr=0.35 time=62.8s
[Epoch 493] loss=0.1175 miou=0.6518 f1=0.7632 thr=0.35 time=62.7s
[Epoch 494] loss=0.1163 miou=0.6556 f1=0.7671 thr=0.35 time=62.7s
[Epoch 495] loss=0.1156 miou=0.6353 f1=0.7469 thr=0.35 time=62.6s
[Epoch 496] loss=0.1471 miou=0.6537 f1=0.7609 thr=0.55 time=62.5s
[Epoch 497] loss=0.1219 miou=0.6500 f1=0.7587 thr=0.35 time=62.5s
[Epoch 498] loss=0.1118 miou=0.6457 f1=0.7562 thr=0.35 time=62.5s
[Epoch 499] loss=0.1204 miou=0.6468 f1=0.7592 thr=0.35 time=62.6s
[Epoch 500] loss=0.1095 miou=0.6473 f1=0.7586 thr=0.35 time=62.6s
[Epoch 501] loss=0.1122 miou=0.6464 f1=0.7555 thr=0.35 time=62.5s
[Epoch 502] loss=0.1114 miou=0.6468 f1=0.7583 thr=0.35 time=62.6s
[Epoch 503] loss=0.1143 miou=0.6500 f1=0.7580 thr=0.35 time=62.6s
[Epoch 504] loss=0.1140 miou=0.6477 f1=0.7593 thr=0.35 time=62.5s
[Epoch 505] loss=0.1165 miou=0.6439 f1=0.7540 thr=0.35 time=62.7s
[Epoch 506] loss=0.1130 miou=0.6550 f1=0.7630 thr=0.35 time=62.5s
[Epoch 507] loss=0.1147 miou=0.6325 f1=0.7455 thr=0.35 time=62.4s
[Epoch 508] loss=0.1128 miou=0.6575 f1=0.7640 thr=0.35 time=62.7s
[Epoch 509] loss=0.1128 miou=0.6571 f1=0.7647 thr=0.35 time=62.6s
[Epoch 510] loss=0.1126 miou=0.6556 f1=0.7631 thr=0.35 time=62.7s
[Epoch 511] loss=0.1052 miou=0.6551 f1=0.7628 thr=0.35 time=62.7s
[Epoch 512] loss=0.1094 miou=0.6610 f1=0.7676 thr=0.35 time=62.7s
[Epoch 513] loss=0.1126 miou=0.6529 f1=0.7592 thr=0.35 time=62.6s
[Epoch 514] loss=0.1067 miou=0.6535 f1=0.7614 thr=0.35 time=62.6s
[Epoch 515] loss=0.1082 miou=0.6518 f1=0.7593 thr=0.35 time=62.6s
[Epoch 516] loss=0.1094 miou=0.6469 f1=0.7578 thr=0.55 time=62.6s
[Epoch 517] loss=0.1116 miou=0.6530 f1=0.7601 thr=0.35 time=62.7s
[Epoch 518] loss=0.1199 miou=0.6516 f1=0.7603 thr=0.35 time=62.7s
[Epoch 519] loss=0.1108 miou=0.6438 f1=0.7565 thr=0.35 time=62.5s
[Epoch 520] loss=0.1113 miou=0.6419 f1=0.7557 thr=0.35 time=62.7s
[Epoch 521] loss=0.1164 miou=0.6227 f1=0.7388 thr=0.35 time=62.7s
[Epoch 522] loss=0.1176 miou=0.6381 f1=0.7474 thr=0.35 time=62.9s
[Epoch 523] loss=0.1291 miou=0.6377 f1=0.7518 thr=0.35 time=63.1s
[Epoch 524] loss=0.1282 miou=0.6253 f1=0.7387 thr=0.35 time=63.7s
[Epoch 525] loss=0.1321 miou=0.6593 f1=0.7677 thr=0.35 time=63.2s
[Epoch 526] loss=0.1216 miou=0.6496 f1=0.7602 thr=0.35 time=62.8s
[Epoch 527] loss=0.1119 miou=0.6576 f1=0.7656 thr=0.35 time=62.8s
[Epoch 528] loss=0.1119 miou=0.6662 f1=0.7740 thr=0.35 time=62.8s
[Epoch 529] loss=0.1070 miou=0.6530 f1=0.7625 thr=0.35 time=62.7s
[Epoch 530] loss=0.1100 miou=0.6648 f1=0.7722 thr=0.35 time=62.6s
[Epoch 531] loss=0.1100 miou=0.6579 f1=0.7689 thr=0.35 time=62.6s
[Epoch 532] loss=0.1073 miou=0.6521 f1=0.7608 thr=0.35 time=62.5s
[Epoch 533] loss=0.1077 miou=0.6528 f1=0.7625 thr=0.35 time=62.7s
[Epoch 534] loss=0.1072 miou=0.6541 f1=0.7636 thr=0.35 time=62.5s
[Epoch 535] loss=0.1053 miou=0.6390 f1=0.7519 thr=0.35 time=62.8s
[Epoch 536] loss=0.1070 miou=0.6558 f1=0.7642 thr=0.35 time=62.5s
[Epoch 537] loss=0.1129 miou=0.6378 f1=0.7496 thr=0.35 time=62.8s
[Epoch 538] loss=0.1127 miou=0.6604 f1=0.7667 thr=0.35 time=62.6s
[Epoch 539] loss=0.1232 miou=0.6391 f1=0.7493 thr=0.35 time=62.6s
[Epoch 540] loss=0.1183 miou=0.6523 f1=0.7582 thr=0.35 time=62.6s
[Epoch 541] loss=0.1134 miou=0.6043 f1=0.7111 thr=0.35 time=62.7s
[Epoch 542] loss=0.1228 miou=0.6464 f1=0.7538 thr=0.35 time=62.7s
[Epoch 543] loss=0.1127 miou=0.6401 f1=0.7531 thr=0.35 time=62.7s
[Epoch 544] loss=0.1153 miou=0.6540 f1=0.7586 thr=0.35 time=62.6s
[Epoch 545] loss=0.1119 miou=0.6436 f1=0.7535 thr=0.35 time=62.7s
[Epoch 546] loss=0.1122 miou=0.6457 f1=0.7554 thr=0.35 time=62.6s
[Epoch 547] loss=0.1234 miou=0.6384 f1=0.7472 thr=0.35 time=62.6s
[Epoch 548] loss=0.1177 miou=0.6447 f1=0.7531 thr=0.35 time=62.6s
[Epoch 549] loss=0.1135 miou=0.6586 f1=0.7653 thr=0.35 time=62.6s
[Epoch 550] loss=0.1167 miou=0.6494 f1=0.7581 thr=0.35 time=62.5s
[Epoch 551] loss=0.1128 miou=0.6334 f1=0.7469 thr=0.35 time=62.6s
[Epoch 552] loss=0.1058 miou=0.6410 f1=0.7519 thr=0.35 time=62.6s
[Epoch 553] loss=0.1082 miou=0.6375 f1=0.7496 thr=0.35 time=62.6s
[Epoch 554] loss=0.1057 miou=0.6443 f1=0.7543 thr=0.35 time=62.6s
[Epoch 555] loss=0.1021 miou=0.6485 f1=0.7593 thr=0.35 time=62.6s
[Epoch 556] loss=0.1023 miou=0.6428 f1=0.7527 thr=0.35 time=62.6s
[Epoch 557] loss=0.1026 miou=0.6453 f1=0.7561 thr=0.35 time=62.6s
[Epoch 558] loss=0.1087 miou=0.6529 f1=0.7630 thr=0.35 time=62.5s
[Epoch 559] loss=0.1071 miou=0.6443 f1=0.7556 thr=0.35 time=62.7s
[Epoch 560] loss=0.1046 miou=0.6534 f1=0.7635 thr=0.40 time=63.2s
[Epoch 561] loss=0.1097 miou=0.6573 f1=0.7654 thr=0.35 time=62.9s
[Epoch 562] loss=0.1049 miou=0.6556 f1=0.7664 thr=0.35 time=62.8s
[Epoch 563] loss=0.1049 miou=0.6531 f1=0.7631 thr=0.35 time=62.8s
[Epoch 564] loss=0.1054 miou=0.6540 f1=0.7628 thr=0.35 time=62.7s
[Epoch 565] loss=0.1089 miou=0.6639 f1=0.7707 thr=0.35 time=63.0s
[Epoch 566] loss=0.1062 miou=0.6558 f1=0.7645 thr=0.55 time=62.8s
[Epoch 567] loss=0.1034 miou=0.6554 f1=0.7657 thr=0.40 time=62.9s
[Epoch 568] loss=0.1139 miou=0.6409 f1=0.7486 thr=0.35 time=63.0s
[Epoch 569] loss=0.1084 miou=0.6478 f1=0.7563 thr=0.35 time=62.8s
[Epoch 570] loss=0.1075 miou=0.6354 f1=0.7472 thr=0.35 time=63.0s
[Epoch 571] loss=0.1173 miou=0.6486 f1=0.7578 thr=0.35 time=62.7s
[Epoch 572] loss=0.1045 miou=0.6564 f1=0.7613 thr=0.35 time=62.9s
[Epoch 573] loss=0.1087 miou=0.6463 f1=0.7531 thr=0.35 time=63.1s
[Epoch 574] loss=0.1065 miou=0.6456 f1=0.7564 thr=0.35 time=62.9s
[Epoch 575] loss=0.1070 miou=0.6533 f1=0.7592 thr=0.35 time=63.0s
[Epoch 576] loss=0.1000 miou=0.6528 f1=0.7624 thr=0.35 time=62.8s
[Epoch 577] loss=0.1015 miou=0.6481 f1=0.7564 thr=0.35 time=62.7s
[Epoch 578] loss=0.1044 miou=0.6532 f1=0.7600 thr=0.35 time=62.4s
[Epoch 579] loss=0.1011 miou=0.6507 f1=0.7587 thr=0.35 time=62.6s
[Epoch 580] loss=0.1215 miou=0.6323 f1=0.7472 thr=0.35 time=62.6s
[Epoch 581] loss=0.1090 miou=0.6467 f1=0.7575 thr=0.35 time=62.7s
[Epoch 582] loss=0.1031 miou=0.6499 f1=0.7569 thr=0.35 time=62.7s
[Epoch 583] loss=0.1034 miou=0.6534 f1=0.7602 thr=0.35 time=62.6s
[Epoch 584] loss=0.1072 miou=0.6370 f1=0.7472 thr=0.35 time=62.7s
[Epoch 585] loss=0.1032 miou=0.6364 f1=0.7488 thr=0.45 time=62.8s
[Epoch 586] loss=0.1044 miou=0.6532 f1=0.7584 thr=0.35 time=62.8s
[Epoch 587] loss=0.1017 miou=0.6530 f1=0.7603 thr=0.35 time=62.9s
[Epoch 588] loss=0.0999 miou=0.6641 f1=0.7705 thr=0.35 time=63.1s
[Epoch 589] loss=0.1012 miou=0.6488 f1=0.7598 thr=0.35 time=62.8s
[Epoch 590] loss=0.1030 miou=0.6356 f1=0.7448 thr=0.35 time=63.3s
[Epoch 591] loss=0.1068 miou=0.6428 f1=0.7536 thr=0.35 time=62.8s
[Epoch 592] loss=0.1053 miou=0.6459 f1=0.7554 thr=0.35 time=62.8s
[Epoch 593] loss=0.1086 miou=0.6406 f1=0.7542 thr=0.35 time=63.0s
[Epoch 594] loss=0.1016 miou=0.6267 f1=0.7405 thr=0.35 time=63.3s
[Epoch 595] loss=0.1099 miou=0.6483 f1=0.7577 thr=0.35 time=62.8s
[Epoch 596] loss=0.1130 miou=0.6474 f1=0.7555 thr=0.35 time=62.5s
[Epoch 597] loss=0.1051 miou=0.6425 f1=0.7524 thr=0.35 time=62.4s
[Epoch 598] loss=0.1054 miou=0.6246 f1=0.7368 thr=0.35 time=62.4s
[Epoch 599] loss=0.1068 miou=0.6368 f1=0.7452 thr=0.35 time=62.5s
[Epoch 600] loss=0.1091 miou=0.6362 f1=0.7477 thr=0.35 time=62.5s
[Epoch 601] loss=0.1028 miou=0.6417 f1=0.7519 thr=0.35 time=62.5s
[Epoch 602] loss=0.1003 miou=0.6416 f1=0.7517 thr=0.35 time=62.5s
[Epoch 603] loss=0.1026 miou=0.6511 f1=0.7604 thr=0.35 time=62.7s
[Epoch 604] loss=0.0998 miou=0.6359 f1=0.7468 thr=0.35 time=62.5s
[Epoch 605] loss=0.1031 miou=0.6369 f1=0.7464 thr=0.35 time=62.6s
[Epoch 606] loss=0.1069 miou=0.6422 f1=0.7497 thr=0.35 time=62.5s
[Epoch 607] loss=0.0989 miou=0.6420 f1=0.7504 thr=0.35 time=62.5s
[Epoch 608] loss=0.1006 miou=0.6498 f1=0.7572 thr=0.35 time=62.4s
[Epoch 609] loss=0.1015 miou=0.6464 f1=0.7564 thr=0.55 time=62.4s
[Epoch 610] loss=0.0994 miou=0.6407 f1=0.7475 thr=0.35 time=62.4s
[Epoch 611] loss=0.1041 miou=0.6502 f1=0.7589 thr=0.35 time=62.3s
[Epoch 612] loss=0.1076 miou=0.6388 f1=0.7508 thr=0.35 time=62.4s
[Epoch 613] loss=0.0995 miou=0.6317 f1=0.7424 thr=0.35 time=62.5s
[Epoch 614] loss=0.0979 miou=0.6433 f1=0.7511 thr=0.35 time=62.4s
[Epoch 615] loss=0.0982 miou=0.6439 f1=0.7523 thr=0.35 time=62.4s
[Epoch 616] loss=0.1022 miou=0.6366 f1=0.7475 thr=0.35 time=62.4s
[Epoch 617] loss=0.1052 miou=0.6373 f1=0.7481 thr=0.35 time=62.5s
[Epoch 618] loss=0.1011 miou=0.6306 f1=0.7450 thr=0.35 time=62.4s
[Epoch 619] loss=0.1041 miou=0.6224 f1=0.7358 thr=0.35 time=62.3s
[Epoch 620] loss=0.1039 miou=0.6456 f1=0.7579 thr=0.35 time=62.4s
[Epoch 621] loss=0.1019 miou=0.6464 f1=0.7587 thr=0.35 time=62.4s
[Epoch 622] loss=0.1010 miou=0.6444 f1=0.7568 thr=0.35 time=62.4s
[Epoch 623] loss=0.1051 miou=0.6479 f1=0.7605 thr=0.35 time=62.5s
[Epoch 624] loss=0.0989 miou=0.6534 f1=0.7620 thr=0.35 time=62.4s
[Epoch 625] loss=0.0973 miou=0.6507 f1=0.7618 thr=0.35 time=62.5s
[Epoch 626] loss=0.1015 miou=0.6457 f1=0.7541 thr=0.35 time=62.4s
[Epoch 627] loss=0.1049 miou=0.6518 f1=0.7612 thr=0.35 time=62.4s
[Epoch 628] loss=0.1039 miou=0.6378 f1=0.7473 thr=0.35 time=62.4s
[Epoch 629] loss=0.1106 miou=0.6377 f1=0.7506 thr=0.35 time=62.4s
[Epoch 630] loss=0.1057 miou=0.6483 f1=0.7564 thr=0.35 time=62.4s
[Epoch 631] loss=0.0991 miou=0.6595 f1=0.7658 thr=0.35 time=62.4s
[Epoch 632] loss=0.1021 miou=0.6567 f1=0.7657 thr=0.35 time=62.4s
[Epoch 633] loss=0.0989 miou=0.6496 f1=0.7573 thr=0.35 time=62.4s
[Epoch 634] loss=0.0984 miou=0.6476 f1=0.7566 thr=0.35 time=62.5s
[Epoch 635] loss=0.0996 miou=0.6504 f1=0.7594 thr=0.35 time=62.5s
[Epoch 636] loss=0.0994 miou=0.6512 f1=0.7595 thr=0.35 time=62.4s
[Epoch 637] loss=0.1013 miou=0.6488 f1=0.7561 thr=0.35 time=62.5s
[Epoch 638] loss=0.0967 miou=0.6530 f1=0.7584 thr=0.35 time=62.4s
[Epoch 639] loss=0.1008 miou=0.6423 f1=0.7492 thr=0.35 time=62.4s
[Epoch 640] loss=0.1058 miou=0.6534 f1=0.7610 thr=0.35 time=62.4s
[Epoch 641] loss=0.1027 miou=0.6445 f1=0.7547 thr=0.35 time=62.4s
[Epoch 642] loss=0.1000 miou=0.6374 f1=0.7466 thr=0.35 time=62.4s
[Epoch 643] loss=0.0950 miou=0.6534 f1=0.7625 thr=0.40 time=62.3s
[Epoch 644] loss=0.0994 miou=0.6422 f1=0.7543 thr=0.35 time=62.4s
[Epoch 645] loss=0.0985 miou=0.6453 f1=0.7545 thr=0.35 time=62.7s
[Epoch 646] loss=0.0960 miou=0.6482 f1=0.7571 thr=0.35 time=62.8s
[Epoch 647] loss=0.0960 miou=0.6429 f1=0.7543 thr=0.35 time=62.6s
[Epoch 648] loss=0.1046 miou=0.6398 f1=0.7502 thr=0.35 time=62.6s
[Epoch 649] loss=0.0994 miou=0.6416 f1=0.7512 thr=0.35 time=62.7s
[Epoch 650] loss=2.4479 miou=0.6360 f1=0.7467 thr=0.35 time=62.6s
[Epoch 651] loss=0.1031 miou=0.6237 f1=0.7383 thr=0.35 time=62.6s
[Epoch 652] loss=0.1116 miou=0.6427 f1=0.7520 thr=0.35 time=63.8s
[Epoch 653] loss=0.1013 miou=0.6372 f1=0.7482 thr=0.35 time=63.2s
[Epoch 654] loss=0.0949 miou=0.6466 f1=0.7595 thr=0.55 time=62.9s
[Epoch 655] loss=0.0950 miou=0.6362 f1=0.7485 thr=0.35 time=63.4s
[Epoch 656] loss=0.0958 miou=0.6369 f1=0.7508 thr=0.35 time=63.1s
[Epoch 657] loss=0.0999 miou=0.6284 f1=0.7398 thr=0.35 time=62.9s
[Epoch 658] loss=0.0998 miou=0.6311 f1=0.7447 thr=0.35 time=63.0s
[Epoch 659] loss=0.0950 miou=0.6356 f1=0.7493 thr=0.35 time=62.7s
[Epoch 660] loss=0.0956 miou=0.6426 f1=0.7519 thr=0.35 time=62.9s
[Epoch 661] loss=0.0981 miou=0.6329 f1=0.7454 thr=0.35 time=62.6s
[Epoch 662] loss=0.0955 miou=0.6452 f1=0.7537 thr=0.35 time=63.0s
[Epoch 663] loss=0.0926 miou=0.6377 f1=0.7471 thr=0.35 time=62.6s
[Epoch 664] loss=0.0943 miou=0.6428 f1=0.7550 thr=0.35 time=62.9s
[Epoch 665] loss=0.0964 miou=0.6437 f1=0.7549 thr=0.35 time=62.5s
[Epoch 666] loss=0.0969 miou=0.6402 f1=0.7507 thr=0.35 time=65.7s
[Epoch 667] loss=0.0993 miou=0.6425 f1=0.7524 thr=0.35 time=62.6s
[Epoch 668] loss=0.0952 miou=0.6525 f1=0.7628 thr=0.35 time=68.3s
[Epoch 669] loss=0.0989 miou=0.6341 f1=0.7460 thr=0.35 time=63.0s
[Epoch 670] loss=0.0987 miou=0.6411 f1=0.7509 thr=0.35 time=62.9s
[Epoch 671] loss=0.0983 miou=0.6248 f1=0.7361 thr=0.35 time=63.0s
[Epoch 672] loss=0.1031 miou=0.6332 f1=0.7458 thr=0.35 time=62.7s
[Epoch 673] loss=0.1010 miou=0.6398 f1=0.7499 thr=0.45 time=63.2s
[Epoch 674] loss=0.1027 miou=0.6433 f1=0.7515 thr=0.35 time=63.0s
[Epoch 675] loss=0.1013 miou=0.6421 f1=0.7524 thr=0.35 time=62.7s
[Epoch 676] loss=0.1036 miou=0.6408 f1=0.7515 thr=0.35 time=63.2s
[Epoch 677] loss=0.0968 miou=0.6413 f1=0.7522 thr=0.35 time=63.0s
[Epoch 678] loss=0.0953 miou=0.6414 f1=0.7531 thr=0.35 time=63.2s
[Epoch 679] loss=0.0984 miou=0.6541 f1=0.7611 thr=0.35 time=63.3s
[Epoch 680] loss=0.0941 miou=0.6500 f1=0.7600 thr=0.35 time=62.9s
[Epoch 681] loss=0.0951 miou=0.6440 f1=0.7537 thr=0.35 time=64.3s
[Epoch 682] loss=0.0958 miou=0.6427 f1=0.7545 thr=0.35 time=62.8s
[Epoch 683] loss=0.1001 miou=0.6540 f1=0.7627 thr=0.35 time=64.1s
[Epoch 684] loss=0.1054 miou=0.6403 f1=0.7499 thr=0.35 time=62.9s
[Epoch 685] loss=0.1049 miou=0.6478 f1=0.7571 thr=0.35 time=63.3s
[Epoch 686] loss=0.0982 miou=0.6537 f1=0.7623 thr=0.35 time=62.9s
[Epoch 687] loss=0.0965 miou=0.6375 f1=0.7479 thr=0.35 time=62.8s
[Epoch 688] loss=0.0940 miou=0.6470 f1=0.7564 thr=0.35 time=63.1s
[Epoch 689] loss=0.0976 miou=0.6362 f1=0.7494 thr=0.40 time=63.2s
[Epoch 690] loss=0.0985 miou=0.6396 f1=0.7507 thr=0.35 time=62.8s
[Epoch 691] loss=0.0934 miou=0.6214 f1=0.7397 thr=0.35 time=62.5s
[Epoch 692] loss=0.1143 miou=0.6069 f1=0.7262 thr=0.35 time=62.7s
[Epoch 693] loss=0.1354 miou=0.6094 f1=0.7264 thr=0.35 time=63.2s
[Epoch 694] loss=0.1090 miou=0.6185 f1=0.7376 thr=0.35 time=62.8s
[Epoch 695] loss=0.1020 miou=0.6461 f1=0.7525 thr=0.35 time=63.0s
[Epoch 696] loss=0.0968 miou=0.6538 f1=0.7608 thr=0.35 time=67.3s
[Epoch 697] loss=0.0940 miou=0.6528 f1=0.7628 thr=0.35 time=62.8s
[Epoch 698] loss=0.0898 miou=0.6599 f1=0.7689 thr=0.35 time=63.0s
[Epoch 699] loss=0.0907 miou=0.6602 f1=0.7684 thr=0.35 time=64.7s
[Epoch 700] loss=0.0911 miou=0.6573 f1=0.7649 thr=0.35 time=63.1s
[Epoch 701] loss=0.0934 miou=0.6450 f1=0.7569 thr=0.35 time=63.2s
[Epoch 702] loss=0.0999 miou=0.6407 f1=0.7491 thr=0.35 time=63.0s
[Epoch 703] loss=0.0967 miou=0.6480 f1=0.7583 thr=0.35 time=62.4s
[Epoch 704] loss=0.1024 miou=0.6441 f1=0.7564 thr=0.35 time=63.0s
[Epoch 705] loss=0.0941 miou=0.6517 f1=0.7616 thr=0.35 time=65.3s
[Epoch 706] loss=0.0933 miou=0.6551 f1=0.7630 thr=0.35 time=62.9s
[Epoch 707] loss=0.0934 miou=0.6447 f1=0.7544 thr=0.35 time=64.4s
[Epoch 708] loss=0.0944 miou=0.6511 f1=0.7582 thr=0.45 time=63.0s
[Epoch 709] loss=0.0987 miou=0.6559 f1=0.7670 thr=0.55 time=63.1s
[Epoch 710] loss=0.1001 miou=0.6367 f1=0.7489 thr=0.35 time=62.8s
[Epoch 711] loss=0.0966 miou=0.6482 f1=0.7572 thr=0.35 time=63.1s
[Epoch 712] loss=0.0994 miou=0.6500 f1=0.7568 thr=0.35 time=62.8s
[Epoch 713] loss=0.0982 miou=0.6528 f1=0.7621 thr=0.35 time=62.9s
[Epoch 714] loss=0.0992 miou=0.6460 f1=0.7546 thr=0.35 time=63.2s
[Epoch 715] loss=0.0975 miou=0.6330 f1=0.7450 thr=0.35 time=64.8s
[Epoch 716] loss=0.0944 miou=0.6338 f1=0.7456 thr=0.35 time=63.4s
[Epoch 717] loss=0.1006 miou=0.6374 f1=0.7496 thr=0.35 time=64.4s
[Epoch 718] loss=0.0980 miou=0.6243 f1=0.7361 thr=0.35 time=63.3s
[Epoch 719] loss=0.0930 miou=0.6430 f1=0.7513 thr=0.35 time=64.1s
[Epoch 720] loss=0.0982 miou=0.6450 f1=0.7539 thr=0.35 time=63.4s
[Epoch 721] loss=0.0927 miou=0.6420 f1=0.7503 thr=0.35 time=63.2s
[Epoch 722] loss=0.0937 miou=0.6408 f1=0.7498 thr=0.35 time=63.0s
[Epoch 723] loss=0.0909 miou=0.6344 f1=0.7460 thr=0.35 time=62.6s
[Epoch 724] loss=0.0927 miou=0.6352 f1=0.7479 thr=0.35 time=62.9s
[Epoch 725] loss=0.0920 miou=0.6385 f1=0.7492 thr=0.35 time=63.0s
[Epoch 726] loss=0.0942 miou=0.6490 f1=0.7589 thr=0.50 time=62.9s
[Epoch 727] loss=0.0947 miou=0.6513 f1=0.7596 thr=0.35 time=63.1s
[Epoch 728] loss=0.0905 miou=0.6405 f1=0.7498 thr=0.35 time=64.4s
[Epoch 729] loss=0.1005 miou=0.6454 f1=0.7534 thr=0.55 time=63.9s
[Epoch 730] loss=0.0953 miou=0.6337 f1=0.7437 thr=0.35 time=62.8s
[Epoch 731] loss=0.0897 miou=0.6497 f1=0.7585 thr=0.35 time=63.5s
[Epoch 732] loss=0.0911 miou=0.6339 f1=0.7460 thr=0.55 time=63.5s
[Epoch 733] loss=0.0996 miou=0.6388 f1=0.7513 thr=0.35 time=62.8s
[Epoch 734] loss=0.0932 miou=0.6454 f1=0.7556 thr=0.35 time=62.8s
[Epoch 735] loss=0.0972 miou=0.6520 f1=0.7590 thr=0.40 time=62.8s
[Epoch 736] loss=0.1001 miou=0.6481 f1=0.7572 thr=0.35 time=63.0s
[Epoch 737] loss=0.0950 miou=0.6317 f1=0.7447 thr=0.35 time=62.7s
[Epoch 738] loss=0.0965 miou=0.6348 f1=0.7468 thr=0.35 time=62.5s
[Epoch 739] loss=0.0957 miou=0.6444 f1=0.7545 thr=0.35 time=63.5s
[Epoch 740] loss=0.0974 miou=0.6477 f1=0.7565 thr=0.35 time=62.4s
[Epoch 741] loss=0.0920 miou=0.6447 f1=0.7534 thr=0.35 time=62.7s
[Epoch 742] loss=0.0976 miou=0.6370 f1=0.7474 thr=0.35 time=62.6s
[Epoch 743] loss=0.0941 miou=0.6397 f1=0.7515 thr=0.35 time=63.1s
[Epoch 744] loss=0.0942 miou=0.6460 f1=0.7551 thr=0.55 time=62.5s
[Epoch 745] loss=0.0941 miou=0.6483 f1=0.7584 thr=0.35 time=63.5s
[Epoch 746] loss=0.0983 miou=0.6484 f1=0.7576 thr=0.35 time=62.8s
[Epoch 747] loss=0.0944 miou=0.6530 f1=0.7612 thr=0.35 time=62.6s
[Epoch 748] loss=0.1013 miou=0.6423 f1=0.7537 thr=0.35 time=62.7s
[Epoch 749] loss=0.4434 miou=0.5827 f1=0.6926 thr=0.35 time=62.7s
[Epoch 750] loss=0.1369 miou=0.6119 f1=0.7307 thr=0.35 time=62.8s
[Epoch 751] loss=0.1090 miou=0.6254 f1=0.7409 thr=0.35 time=63.1s
[Epoch 752] loss=0.1083 miou=0.6209 f1=0.7385 thr=0.35 time=62.5s
[Epoch 753] loss=0.0987 miou=0.6200 f1=0.7358 thr=0.35 time=62.9s
[Epoch 754] loss=0.0986 miou=0.6176 f1=0.7371 thr=0.35 time=62.7s
[Epoch 755] loss=0.1000 miou=0.6083 f1=0.7289 thr=0.35 time=62.7s
[Epoch 756] loss=0.1022 miou=0.5973 f1=0.7171 thr=0.35 time=62.9s
[Epoch 757] loss=0.0995 miou=0.6269 f1=0.7415 thr=0.35 time=63.2s
[Epoch 758] loss=0.0964 miou=0.6276 f1=0.7407 thr=0.35 time=62.6s
[Epoch 759] loss=0.0963 miou=0.6266 f1=0.7420 thr=0.35 time=62.3s
[Epoch 760] loss=0.0978 miou=0.6406 f1=0.7504 thr=0.35 time=62.7s
[Epoch 761] loss=0.2108 miou=0.6413 f1=0.7493 thr=0.35 time=63.3s
[Epoch 762] loss=0.7547 miou=0.6483 f1=0.7565 thr=0.35 time=63.1s
[Epoch 763] loss=0.0923 miou=0.6450 f1=0.7529 thr=0.35 time=62.7s
[Epoch 764] loss=0.0901 miou=0.6375 f1=0.7453 thr=0.35 time=62.6s
[Epoch 765] loss=0.0924 miou=0.6454 f1=0.7548 thr=0.35 time=63.1s
[Epoch 766] loss=0.0953 miou=0.6487 f1=0.7579 thr=0.35 time=62.8s
[Epoch 767] loss=0.0921 miou=0.6473 f1=0.7571 thr=0.45 time=62.6s
[Epoch 768] loss=0.0850 miou=0.6506 f1=0.7600 thr=0.35 time=62.6s
[Epoch 769] loss=0.0905 miou=0.6497 f1=0.7583 thr=0.35 time=62.9s
[Epoch 770] loss=0.0870 miou=0.6544 f1=0.7640 thr=0.35 time=62.9s
[Epoch 771] loss=0.0899 miou=0.6489 f1=0.7582 thr=0.35 time=63.0s
[Epoch 772] loss=0.0875 miou=0.6475 f1=0.7585 thr=0.35 time=62.8s
[Epoch 773] loss=0.0952 miou=0.6501 f1=0.7577 thr=0.35 time=62.6s
[Epoch 774] loss=0.0908 miou=0.6503 f1=0.7564 thr=0.35 time=62.6s
[Epoch 775] loss=0.0896 miou=0.6374 f1=0.7461 thr=0.35 time=62.4s
[Epoch 776] loss=0.0935 miou=0.6509 f1=0.7574 thr=0.35 time=64.7s
[Epoch 777] loss=0.0927 miou=0.6479 f1=0.7556 thr=0.35 time=63.1s
[Epoch 778] loss=0.1039 miou=0.6424 f1=0.7529 thr=0.35 time=62.9s
[Epoch 779] loss=0.0914 miou=0.6306 f1=0.7446 thr=0.35 time=63.2s
[Epoch 780] loss=0.0999 miou=0.6345 f1=0.7442 thr=0.35 time=62.9s
[Epoch 781] loss=0.1035 miou=0.6332 f1=0.7459 thr=0.35 time=62.7s
[Epoch 782] loss=0.1022 miou=0.6452 f1=0.7553 thr=0.35 time=62.8s
[Epoch 783] loss=0.0950 miou=0.6418 f1=0.7523 thr=0.35 time=63.6s
[Epoch 784] loss=0.0943 miou=0.6396 f1=0.7503 thr=0.35 time=62.5s
[Epoch 785] loss=0.0928 miou=0.6398 f1=0.7496 thr=0.35 time=62.7s
[Epoch 786] loss=0.0906 miou=0.6445 f1=0.7555 thr=0.35 time=63.3s
[Epoch 787] loss=0.0928 miou=0.6520 f1=0.7606 thr=0.35 time=63.2s
[Epoch 788] loss=0.0930 miou=0.6461 f1=0.7583 thr=0.35 time=64.4s
[Epoch 789] loss=0.0901 miou=0.6552 f1=0.7632 thr=0.35 time=63.8s
[Epoch 790] loss=0.0876 miou=0.6574 f1=0.7637 thr=0.35 time=62.5s
[Epoch 791] loss=0.0886 miou=0.6593 f1=0.7671 thr=0.45 time=63.7s
[Epoch 792] loss=0.0843 miou=0.6548 f1=0.7650 thr=0.50 time=63.3s
[Epoch 793] loss=0.0897 miou=0.6430 f1=0.7558 thr=0.35 time=62.7s
[Epoch 794] loss=0.0959 miou=0.6450 f1=0.7575 thr=0.35 time=63.3s
[Epoch 795] loss=0.0919 miou=0.6442 f1=0.7540 thr=0.35 time=63.0s
[Epoch 796] loss=0.0923 miou=0.6450 f1=0.7552 thr=0.35 time=62.7s
[Epoch 797] loss=0.0973 miou=0.6488 f1=0.7576 thr=0.35 time=62.8s
[Epoch 798] loss=0.0932 miou=0.6461 f1=0.7540 thr=0.35 time=62.9s
[Epoch 799] loss=0.0946 miou=0.6507 f1=0.7604 thr=0.35 time=62.6s
[Epoch 800] loss=0.0980 miou=0.6402 f1=0.7524 thr=0.35 time=62.9s
[Epoch 801] loss=0.0910 miou=0.6478 f1=0.7557 thr=0.35 time=62.8s
[Epoch 802] loss=0.0892 miou=0.6454 f1=0.7563 thr=0.35 time=63.1s
[Epoch 803] loss=0.0902 miou=0.6426 f1=0.7521 thr=0.35 time=63.4s
[Epoch 804] loss=0.0875 miou=0.6496 f1=0.7574 thr=0.35 time=63.4s
[Epoch 805] loss=0.0880 miou=0.6434 f1=0.7526 thr=0.35 time=63.5s
[Epoch 806] loss=0.0895 miou=0.6470 f1=0.7577 thr=0.35 time=62.7s
[Epoch 807] loss=0.0905 miou=0.6448 f1=0.7559 thr=0.35 time=62.7s
[Epoch 808] loss=0.0916 miou=0.6432 f1=0.7543 thr=0.35 time=63.2s
[Epoch 809] loss=0.0908 miou=0.6384 f1=0.7499 thr=0.35 time=62.8s
[Epoch 810] loss=0.0899 miou=0.6382 f1=0.7487 thr=0.35 time=62.5s
[Epoch 811] loss=0.0848 miou=0.6431 f1=0.7507 thr=0.40 time=62.7s
[Epoch 812] loss=0.0961 miou=0.6382 f1=0.7499 thr=0.35 time=62.6s
[Epoch 813] loss=0.1030 miou=0.6415 f1=0.7523 thr=0.35 time=63.1s
[Epoch 814] loss=0.0955 miou=0.6546 f1=0.7642 thr=0.35 time=62.5s
[Epoch 815] loss=0.0911 miou=0.6573 f1=0.7655 thr=0.35 time=63.1s
[Epoch 816] loss=0.0931 miou=0.6490 f1=0.7577 thr=0.35 time=63.2s
[Epoch 817] loss=0.0895 miou=0.6447 f1=0.7559 thr=0.35 time=62.5s
[Epoch 818] loss=0.0903 miou=0.6516 f1=0.7602 thr=0.35 time=63.4s
[Epoch 819] loss=0.0909 miou=0.6186 f1=0.7342 thr=0.35 time=63.6s
[Epoch 820] loss=0.1052 miou=0.6296 f1=0.7388 thr=0.50 time=63.1s
[Epoch 821] loss=0.0931 miou=0.6416 f1=0.7513 thr=0.35 time=63.0s
[Epoch 822] loss=0.0871 miou=0.6452 f1=0.7566 thr=0.35 time=62.7s
[Epoch 823] loss=0.0881 miou=0.6394 f1=0.7499 thr=0.35 time=64.0s
[Epoch 824] loss=0.0861 miou=0.6569 f1=0.7646 thr=0.55 time=63.7s
[Epoch 825] loss=0.0880 miou=0.6450 f1=0.7533 thr=0.35 time=62.9s
[Epoch 826] loss=0.0924 miou=0.6403 f1=0.7494 thr=0.35 time=62.8s
[Epoch 827] loss=0.0932 miou=0.6445 f1=0.7556 thr=0.35 time=62.3s
[Epoch 828] loss=0.0902 miou=0.6429 f1=0.7538 thr=0.35 time=62.7s
[Epoch 829] loss=0.0856 miou=0.6482 f1=0.7596 thr=0.45 time=62.9s
[Epoch 830] loss=0.0867 miou=0.6463 f1=0.7573 thr=0.35 time=63.0s
[Epoch 831] loss=0.0832 miou=0.6464 f1=0.7562 thr=0.35 time=62.8s
[Epoch 832] loss=0.0909 miou=0.6398 f1=0.7521 thr=0.35 time=62.9s
[Epoch 833] loss=0.0899 miou=0.6500 f1=0.7581 thr=0.35 time=63.6s
[Epoch 834] loss=0.0886 miou=0.6572 f1=0.7643 thr=0.35 time=63.3s
[Epoch 835] loss=0.0882 miou=0.6570 f1=0.7640 thr=0.35 time=62.8s
[Epoch 836] loss=0.0944 miou=0.6318 f1=0.7424 thr=0.35 time=63.3s
[Epoch 837] loss=0.0965 miou=0.6550 f1=0.7613 thr=0.35 time=62.8s
[Epoch 838] loss=0.0891 miou=0.6598 f1=0.7682 thr=0.50 time=63.0s
[Epoch 839] loss=0.0877 miou=0.6405 f1=0.7488 thr=0.35 time=63.1s
[Epoch 840] loss=0.0923 miou=0.6634 f1=0.7690 thr=0.35 time=62.7s
[Epoch 841] loss=0.0892 miou=0.6342 f1=0.7462 thr=0.35 time=63.2s
[Epoch 842] loss=0.0957 miou=0.6444 f1=0.7556 thr=0.35 time=63.8s
[Epoch 843] loss=0.0979 miou=0.6428 f1=0.7523 thr=0.35 time=62.5s
[Epoch 844] loss=0.0926 miou=0.6479 f1=0.7592 thr=0.35 time=64.1s
[Epoch 845] loss=0.0873 miou=0.6510 f1=0.7620 thr=0.35 time=63.7s
[Epoch 846] loss=0.0838 miou=0.6432 f1=0.7539 thr=0.55 time=63.2s
[Epoch 847] loss=0.0854 miou=0.6445 f1=0.7527 thr=0.35 time=63.6s
[Epoch 848] loss=0.0850 miou=0.6491 f1=0.7587 thr=0.35 time=65.2s
[Epoch 849] loss=0.0835 miou=0.6513 f1=0.7591 thr=0.35 time=62.5s
[Epoch 850] loss=0.0850 miou=0.6341 f1=0.7477 thr=0.35 time=65.5s
[Epoch 851] loss=0.0894 miou=0.6514 f1=0.7600 thr=0.35 time=62.8s
[Epoch 852] loss=0.0862 miou=0.6413 f1=0.7516 thr=0.40 time=64.3s
[Epoch 853] loss=0.0870 miou=0.6480 f1=0.7584 thr=0.50 time=64.3s
[Epoch 854] loss=0.0820 miou=0.6417 f1=0.7520 thr=0.35 time=63.4s
[Epoch 855] loss=0.0852 miou=0.6413 f1=0.7516 thr=0.40 time=64.4s
[Epoch 856] loss=0.0853 miou=0.6372 f1=0.7493 thr=0.35 time=63.6s
[Epoch 857] loss=0.0896 miou=0.6314 f1=0.7451 thr=0.35 time=63.2s
[Epoch 858] loss=0.0863 miou=0.6384 f1=0.7506 thr=0.35 time=62.8s
[Epoch 859] loss=0.0840 miou=0.6453 f1=0.7535 thr=0.35 time=63.0s
[Epoch 860] loss=0.0862 miou=0.6356 f1=0.7458 thr=0.35 time=64.5s
[Epoch 861] loss=0.0899 miou=0.6383 f1=0.7518 thr=0.35 time=64.5s
[Epoch 862] loss=0.0825 miou=0.6492 f1=0.7579 thr=0.35 time=63.1s
[Epoch 863] loss=0.0898 miou=0.6435 f1=0.7544 thr=0.35 time=62.8s
[Epoch 864] loss=0.0889 miou=0.6526 f1=0.7626 thr=0.35 time=63.1s
[Epoch 865] loss=0.0897 miou=0.6484 f1=0.7569 thr=0.35 time=63.2s
[Epoch 866] loss=0.0892 miou=0.6534 f1=0.7600 thr=0.40 time=62.7s
[Epoch 867] loss=0.0862 miou=0.6491 f1=0.7566 thr=0.35 time=63.3s
[Epoch 868] loss=0.0867 miou=0.6429 f1=0.7509 thr=0.35 time=62.4s
[Epoch 869] loss=0.0857 miou=0.6447 f1=0.7547 thr=0.35 time=62.5s
[Epoch 870] loss=0.0934 miou=0.6424 f1=0.7508 thr=0.35 time=64.3s
[Epoch 871] loss=0.0937 miou=0.6420 f1=0.7523 thr=0.45 time=62.4s
[Epoch 872] loss=0.0898 miou=0.6440 f1=0.7548 thr=0.35 time=63.1s
[Epoch 873] loss=0.0830 miou=0.6422 f1=0.7501 thr=0.35 time=63.6s
[Epoch 874] loss=0.0846 miou=0.6509 f1=0.7578 thr=0.35 time=63.0s
[Epoch 875] loss=0.0878 miou=0.6417 f1=0.7534 thr=0.35 time=62.3s
[Epoch 876] loss=0.0886 miou=0.6413 f1=0.7527 thr=0.35 time=63.0s
[Epoch 877] loss=0.0872 miou=0.6307 f1=0.7431 thr=0.40 time=65.2s
[Epoch 878] loss=0.0925 miou=0.6407 f1=0.7509 thr=0.35 time=62.7s
[Epoch 879] loss=0.0869 miou=0.6496 f1=0.7566 thr=0.35 time=62.9s
[Epoch 880] loss=0.0874 miou=0.6467 f1=0.7548 thr=0.35 time=63.0s
[Epoch 881] loss=0.0836 miou=0.6497 f1=0.7574 thr=0.35 time=63.6s
[Epoch 882] loss=0.0851 miou=0.6537 f1=0.7603 thr=0.35 time=63.3s
[Epoch 883] loss=0.0865 miou=0.6449 f1=0.7548 thr=0.35 time=63.5s
[Epoch 884] loss=0.0842 miou=0.6422 f1=0.7537 thr=0.35 time=63.7s
[Epoch 885] loss=0.0858 miou=0.6448 f1=0.7558 thr=0.35 time=62.9s
[Epoch 886] loss=0.0849 miou=0.6446 f1=0.7578 thr=0.50 time=65.0s
[Epoch 887] loss=0.0893 miou=0.6411 f1=0.7488 thr=0.35 time=64.6s
[Epoch 888] loss=0.0896 miou=0.6440 f1=0.7545 thr=0.35 time=63.1s
[Epoch 889] loss=0.0937 miou=0.6373 f1=0.7463 thr=0.35 time=62.8s
[Epoch 890] loss=0.0961 miou=0.6422 f1=0.7548 thr=0.35 time=62.6s
[Epoch 891] loss=0.0981 miou=0.6268 f1=0.7395 thr=0.35 time=62.7s
[Epoch 892] loss=0.0969 miou=0.6503 f1=0.7611 thr=0.35 time=64.6s
[Epoch 893] loss=0.0893 miou=0.6588 f1=0.7670 thr=0.35 time=63.8s
[Epoch 894] loss=0.0854 miou=0.6541 f1=0.7631 thr=0.35 time=64.1s
[Epoch 895] loss=0.0848 miou=0.6619 f1=0.7707 thr=0.35 time=63.0s
[Epoch 896] loss=0.0845 miou=0.6555 f1=0.7650 thr=0.35 time=62.9s
[Epoch 897] loss=0.0898 miou=0.6508 f1=0.7603 thr=0.35 time=63.0s
[Epoch 898] loss=0.0867 miou=0.6567 f1=0.7656 thr=0.35 time=62.8s
[Epoch 899] loss=0.0840 miou=0.6430 f1=0.7563 thr=0.35 time=63.1s
[Epoch 900] loss=0.0837 miou=0.6514 f1=0.7623 thr=0.35 time=62.9s
[Epoch 901] loss=0.0842 miou=0.6440 f1=0.7568 thr=0.35 time=62.9s
[Epoch 902] loss=0.0829 miou=0.6547 f1=0.7653 thr=0.35 time=62.9s
[Epoch 903] loss=0.0853 miou=0.6457 f1=0.7558 thr=0.35 time=63.1s
[Epoch 904] loss=0.0801 miou=0.6480 f1=0.7573 thr=0.50 time=62.9s
[Epoch 905] loss=0.0858 miou=0.6420 f1=0.7509 thr=0.35 time=62.6s
[Epoch 906] loss=0.0874 miou=0.6335 f1=0.7440 thr=0.35 time=63.5s
[Epoch 907] loss=0.0879 miou=0.6430 f1=0.7544 thr=0.35 time=62.7s
[Epoch 908] loss=0.0864 miou=0.6439 f1=0.7571 thr=0.35 time=63.0s
[Epoch 909] loss=0.0834 miou=0.6468 f1=0.7605 thr=0.35 time=63.5s
[Epoch 910] loss=0.0849 miou=0.6421 f1=0.7558 thr=0.35 time=63.4s
[Epoch 911] loss=0.0884 miou=0.6317 f1=0.7468 thr=0.35 time=62.6s
[Epoch 912] loss=0.0880 miou=0.6411 f1=0.7550 thr=0.35 time=63.2s
[Epoch 913] loss=0.0869 miou=0.6477 f1=0.7591 thr=0.35 time=63.1s
[Epoch 914] loss=0.0833 miou=0.6559 f1=0.7664 thr=0.35 time=62.7s
[Epoch 915] loss=0.0841 miou=0.6541 f1=0.7624 thr=0.35 time=62.8s
[Epoch 916] loss=0.0847 miou=0.6447 f1=0.7569 thr=0.35 time=64.1s
[Epoch 917] loss=0.0910 miou=0.6445 f1=0.7569 thr=0.35 time=63.7s
[Epoch 918] loss=0.0872 miou=0.6453 f1=0.7542 thr=0.35 time=63.8s
[Epoch 919] loss=0.0837 miou=0.6447 f1=0.7541 thr=0.35 time=62.7s
[Epoch 920] loss=0.0796 miou=0.6378 f1=0.7509 thr=0.40 time=62.6s
[Epoch 921] loss=0.0907 miou=0.6616 f1=0.7690 thr=0.35 time=63.4s
[Epoch 922] loss=0.0910 miou=0.6483 f1=0.7606 thr=0.35 time=62.8s
[Epoch 923] loss=0.0894 miou=0.6498 f1=0.7596 thr=0.35 time=62.4s
[Epoch 924] loss=0.0885 miou=0.6461 f1=0.7568 thr=0.35 time=62.3s
[Epoch 925] loss=0.0864 miou=0.6456 f1=0.7555 thr=0.45 time=62.4s
[Epoch 926] loss=0.0838 miou=0.6374 f1=0.7499 thr=0.35 time=62.7s
[Epoch 927] loss=0.0850 miou=0.6349 f1=0.7475 thr=0.35 time=62.6s
[Epoch 928] loss=0.0821 miou=0.6313 f1=0.7448 thr=0.35 time=62.2s
[Epoch 929] loss=0.0817 miou=0.6439 f1=0.7560 thr=0.35 time=62.1s
[Epoch 930] loss=0.0893 miou=0.6363 f1=0.7501 thr=0.35 time=62.2s
[Epoch 931] loss=0.0849 miou=0.6392 f1=0.7532 thr=0.35 time=62.2s
[Epoch 932] loss=0.0833 miou=0.6408 f1=0.7543 thr=0.55 time=62.2s
[Epoch 933] loss=0.0834 miou=0.6424 f1=0.7541 thr=0.35 time=62.2s
[Epoch 934] loss=0.0880 miou=0.6422 f1=0.7532 thr=0.35 time=62.2s
[Epoch 935] loss=0.0830 miou=0.6387 f1=0.7497 thr=0.35 time=62.2s
[Epoch 936] loss=0.0865 miou=0.6330 f1=0.7447 thr=0.35 time=62.2s
[Epoch 937] loss=0.0856 miou=0.6576 f1=0.7660 thr=0.35 time=62.2s
[Epoch 938] loss=0.0879 miou=0.6273 f1=0.7494 thr=0.35 time=62.2s
[Epoch 939] loss=0.0823 miou=0.6520 f1=0.7628 thr=0.50 time=62.2s
[Epoch 940] loss=0.0862 miou=0.6429 f1=0.7557 thr=0.35 time=62.2s
[Epoch 941] loss=0.0824 miou=0.6408 f1=0.7509 thr=0.35 time=62.2s
[Epoch 942] loss=0.0859 miou=0.6412 f1=0.7548 thr=0.50 time=62.3s
[Epoch 943] loss=0.0861 miou=0.6398 f1=0.7525 thr=0.35 time=62.2s
[Epoch 944] loss=0.0853 miou=0.6315 f1=0.7439 thr=0.35 time=62.2s
[Epoch 945] loss=0.0853 miou=0.6346 f1=0.7470 thr=0.35 time=62.2s
[Epoch 946] loss=0.0853 miou=0.6406 f1=0.7506 thr=0.35 time=62.2s
[Epoch 947] loss=0.0811 miou=0.6436 f1=0.7520 thr=0.35 time=62.2s
[Epoch 948] loss=0.0854 miou=0.6407 f1=0.7496 thr=0.35 time=62.2s
[Epoch 949] loss=0.0838 miou=0.6416 f1=0.7491 thr=0.35 time=62.2s
[Epoch 950] loss=0.0828 miou=0.6443 f1=0.7521 thr=0.35 time=62.2s
[Epoch 951] loss=0.0853 miou=0.6462 f1=0.7550 thr=0.35 time=62.2s
[Epoch 952] loss=0.0829 miou=0.6531 f1=0.7616 thr=0.40 time=62.2s
[Epoch 953] loss=0.0907 miou=0.6251 f1=0.7383 thr=0.40 time=62.2s
[Epoch 954] loss=0.0804 miou=0.6369 f1=0.7478 thr=0.40 time=62.2s
[Epoch 955] loss=0.0802 miou=0.6439 f1=0.7540 thr=0.35 time=62.2s
[Epoch 956] loss=0.0830 miou=0.6353 f1=0.7455 thr=0.35 time=62.2s
[Epoch 957] loss=0.0822 miou=0.6346 f1=0.7453 thr=0.35 time=62.2s
[Epoch 958] loss=0.0851 miou=0.6359 f1=0.7482 thr=0.35 time=62.2s
[Epoch 959] loss=0.0855 miou=0.6391 f1=0.7492 thr=0.35 time=62.2s
[Epoch 960] loss=0.0827 miou=0.6451 f1=0.7543 thr=0.35 time=62.2s
[Epoch 961] loss=0.0805 miou=0.6403 f1=0.7515 thr=0.35 time=62.2s
[Epoch 962] loss=0.0851 miou=0.6355 f1=0.7468 thr=0.35 time=62.4s
[Epoch 963] loss=0.0996 miou=0.6408 f1=0.7529 thr=0.35 time=63.2s
[Epoch 964] loss=0.0950 miou=0.6122 f1=0.7243 thr=0.35 time=63.1s
[Epoch 965] loss=0.0926 miou=0.6351 f1=0.7473 thr=0.35 time=62.2s
[Epoch 966] loss=0.0881 miou=0.6398 f1=0.7520 thr=0.35 time=62.2s
[Epoch 967] loss=0.0810 miou=0.6376 f1=0.7503 thr=0.35 time=62.2s
[Epoch 968] loss=0.0819 miou=0.6363 f1=0.7495 thr=0.35 time=63.2s
[Epoch 969] loss=0.0860 miou=0.6398 f1=0.7505 thr=0.35 time=63.1s
[Epoch 970] loss=0.0858 miou=0.6308 f1=0.7430 thr=0.35 time=63.0s
[Epoch 971] loss=0.0853 miou=0.6305 f1=0.7445 thr=0.35 time=62.2s
[Epoch 972] loss=0.0909 miou=0.6351 f1=0.7468 thr=0.35 time=62.3s
[Epoch 973] loss=0.0846 miou=0.6417 f1=0.7521 thr=0.35 time=62.5s
[Epoch 974] loss=0.0870 miou=0.6522 f1=0.7633 thr=0.35 time=63.0s
[Epoch 975] loss=0.0820 miou=0.6433 f1=0.7538 thr=0.35 time=63.1s
[Epoch 976] loss=0.0809 miou=0.6500 f1=0.7621 thr=0.35 time=63.0s
[Epoch 977] loss=0.0825 miou=0.6470 f1=0.7557 thr=0.35 time=63.2s
[Epoch 978] loss=0.0802 miou=0.6453 f1=0.7573 thr=0.35 time=63.2s
[Epoch 979] loss=0.0805 miou=0.6394 f1=0.7513 thr=0.50 time=63.2s
[Epoch 980] loss=0.0825 miou=0.6513 f1=0.7616 thr=0.35 time=63.2s
[Epoch 981] loss=0.0806 miou=0.6375 f1=0.7483 thr=0.35 time=63.2s
[Epoch 982] loss=0.0818 miou=0.6306 f1=0.7416 thr=0.35 time=63.0s
[Epoch 983] loss=0.0849 miou=0.6394 f1=0.7510 thr=0.35 time=62.2s
[Epoch 984] loss=0.0840 miou=0.6309 f1=0.7496 thr=0.35 time=63.2s
[Epoch 985] loss=0.0854 miou=0.6292 f1=0.7429 thr=0.35 time=63.1s
[Epoch 986] loss=0.0818 miou=0.6321 f1=0.7525 thr=0.35 time=62.3s
[Epoch 987] loss=0.0832 miou=0.6376 f1=0.7552 thr=0.35 time=62.9s
[Epoch 988] loss=0.0863 miou=0.6091 f1=0.7291 thr=0.35 time=62.2s
[Epoch 989] loss=0.0930 miou=0.6299 f1=0.7437 thr=0.35 time=62.2s
[Epoch 990] loss=0.0818 miou=0.6374 f1=0.7491 thr=0.35 time=62.1s
[Epoch 991] loss=0.0834 miou=0.6327 f1=0.7465 thr=0.35 time=62.1s
[Epoch 992] loss=0.0883 miou=0.6105 f1=0.7303 thr=0.35 time=62.2s
[Epoch 993] loss=0.0910 miou=0.6288 f1=0.7418 thr=0.35 time=62.8s
[Epoch 994] loss=0.0877 miou=0.6369 f1=0.7495 thr=0.35 time=63.2s
[Epoch 995] loss=0.0881 miou=0.6324 f1=0.7440 thr=0.35 time=63.1s
[Epoch 996] loss=0.0864 miou=0.6418 f1=0.7498 thr=0.35 time=63.3s
[Epoch 997] loss=0.0812 miou=0.6403 f1=0.7481 thr=0.50 time=63.1s
[Epoch 998] loss=0.0818 miou=0.6337 f1=0.7465 thr=0.35 time=63.1s
[Epoch 999] loss=0.0791 miou=0.6356 f1=0.7469 thr=0.40 time=62.9s
[Epoch 1000] loss=0.0765 miou=0.6364 f1=0.7482 thr=0.50 time=62.4s
