nohup: ignoring input
Run directory: ./outputs_sam_sirst_hq/NUAA-SIRST_model-vitt_size256_use_HQ_radial_decoder_bs4_e500kp1msfx_pixels0_split-50_50_20250921_174728
[build_efficient_sam_hq] Partially loaded 253 tensors from baseline (278 scanned).
/home/bip/cry/anaconda3/lib/python3.9/site-packages/torch/cuda/__init__.py:611: UserWarning: Can't initialize NVML
  warnings.warn("Can't initialize NVML")
[Epoch 001] loss=1.2447 miou=0.0000 f1=0.0000 thr=0.40 time=16.9s
[Epoch 002] loss=0.7248 miou=0.5046 f1=0.6462 thr=0.40 time=15.4s
[Epoch 003] loss=0.3871 miou=0.6067 f1=0.7382 thr=0.40 time=15.6s
[Epoch 004] loss=0.3147 miou=0.6325 f1=0.7589 thr=0.40 time=15.1s
[Epoch 005] loss=0.3009 miou=0.6382 f1=0.7638 thr=0.40 time=15.2s
[Epoch 006] loss=0.2886 miou=0.6403 f1=0.7655 thr=0.40 time=15.2s
[Epoch 007] loss=0.2840 miou=0.6478 f1=0.7718 thr=0.40 time=15.2s
[Epoch 008] loss=0.2819 miou=0.6561 f1=0.7778 thr=0.40 time=15.0s
[Epoch 009] loss=0.2692 miou=0.6445 f1=0.7684 thr=0.40 time=15.0s
[Epoch 010] loss=0.2714 miou=0.6520 f1=0.7738 thr=0.40 time=15.1s
Unfroze at epoch 10: encoder + all heads.
[Epoch 011] loss=0.2913 miou=0.6653 f1=0.7842 thr=0.40 time=23.6s
[Epoch 012] loss=0.2493 miou=0.6657 f1=0.7827 thr=0.40 time=23.5s
[Epoch 013] loss=0.2533 miou=0.6643 f1=0.7799 thr=0.40 time=23.5s
[Epoch 014] loss=0.2393 miou=0.6887 f1=0.7995 thr=0.40 time=23.5s
[Epoch 015] loss=0.2371 miou=0.6839 f1=0.7982 thr=0.40 time=23.8s
[Epoch 016] loss=0.2301 miou=0.6875 f1=0.8001 thr=0.40 time=23.6s
[Epoch 017] loss=0.2284 miou=0.6806 f1=0.7961 thr=0.40 time=23.4s
[Epoch 018] loss=0.2245 miou=0.6553 f1=0.7728 thr=0.40 time=23.5s
[Epoch 019] loss=0.2398 miou=0.6616 f1=0.7815 thr=0.40 time=23.5s
[Epoch 020] loss=0.2214 miou=0.6951 f1=0.8054 thr=0.40 time=23.4s
[Epoch 021] loss=0.2221 miou=0.6687 f1=0.7867 thr=0.40 time=23.6s
[Epoch 022] loss=0.2345 miou=0.6810 f1=0.7954 thr=0.40 time=23.4s
[Epoch 023] loss=0.2136 miou=0.6909 f1=0.8041 thr=0.40 time=23.4s
[Epoch 024] loss=0.1959 miou=0.6961 f1=0.8072 thr=0.50 time=23.5s
[Epoch 025] loss=0.2121 miou=0.6874 f1=0.8016 thr=0.40 time=23.5s
[Epoch 026] loss=0.2010 miou=0.6864 f1=0.7973 thr=0.40 time=23.5s
[Epoch 027] loss=0.2102 miou=0.6913 f1=0.8024 thr=0.40 time=23.6s
[Epoch 028] loss=0.1987 miou=0.7048 f1=0.8139 thr=0.40 time=23.7s
[Epoch 029] loss=0.2083 miou=0.6740 f1=0.7890 thr=0.40 time=23.9s
[Epoch 030] loss=0.1985 miou=0.6933 f1=0.8055 thr=0.40 time=23.7s
[Epoch 031] loss=0.2029 miou=0.7087 f1=0.8165 thr=0.50 time=23.4s
[Epoch 032] loss=0.1886 miou=0.7054 f1=0.8145 thr=0.40 time=23.5s
[Epoch 033] loss=0.1845 miou=0.6969 f1=0.8077 thr=0.40 time=23.5s
[Epoch 034] loss=0.2152 miou=0.7013 f1=0.8130 thr=0.40 time=23.6s
[Epoch 035] loss=0.1998 miou=0.6679 f1=0.7849 thr=0.40 time=23.6s
[Epoch 036] loss=0.1968 miou=0.6913 f1=0.8012 thr=0.40 time=23.5s
[Epoch 037] loss=0.1859 miou=0.6982 f1=0.8074 thr=0.40 time=23.6s
[Epoch 038] loss=0.1845 miou=0.7005 f1=0.8106 thr=0.40 time=23.6s
[Epoch 039] loss=0.2057 miou=0.7084 f1=0.8162 thr=0.40 time=23.7s
[Epoch 040] loss=0.1851 miou=0.7063 f1=0.8154 thr=0.40 time=23.7s
[Epoch 041] loss=0.2018 miou=0.6876 f1=0.8012 thr=0.40 time=23.6s
[Epoch 042] loss=0.1843 miou=0.6984 f1=0.8099 thr=0.40 time=23.7s
[Epoch 043] loss=0.1837 miou=0.7056 f1=0.8140 thr=0.40 time=23.5s
[Epoch 044] loss=0.1849 miou=0.6869 f1=0.8011 thr=0.40 time=23.5s
[Epoch 045] loss=0.1822 miou=0.6975 f1=0.8106 thr=0.40 time=23.4s
[Epoch 046] loss=0.1941 miou=0.7015 f1=0.8126 thr=0.40 time=23.5s
[Epoch 047] loss=0.1712 miou=0.6995 f1=0.8108 thr=0.40 time=23.5s
[Epoch 048] loss=0.1845 miou=0.6876 f1=0.8024 thr=0.40 time=23.8s
[Epoch 049] loss=0.1781 miou=0.6887 f1=0.8015 thr=0.40 time=23.9s
[Epoch 050] loss=0.1812 miou=0.6773 f1=0.7910 thr=0.40 time=23.4s
[Epoch 051] loss=0.1990 miou=0.6842 f1=0.7969 thr=0.40 time=23.9s
[Epoch 052] loss=0.1865 miou=0.6902 f1=0.8025 thr=0.40 time=23.5s
[Epoch 053] loss=0.1820 miou=0.6930 f1=0.8045 thr=0.40 time=23.5s
[Epoch 054] loss=0.1771 miou=0.7030 f1=0.8104 thr=0.40 time=23.5s
[Epoch 055] loss=0.1674 miou=0.6968 f1=0.8081 thr=0.40 time=23.4s
[Epoch 056] loss=0.1683 miou=0.6936 f1=0.8041 thr=0.40 time=23.4s
[Epoch 057] loss=0.1620 miou=0.6958 f1=0.8075 thr=0.50 time=23.5s
[Epoch 058] loss=0.1605 miou=0.7005 f1=0.8120 thr=0.40 time=23.5s
[Epoch 059] loss=0.1679 miou=0.6900 f1=0.8022 thr=0.45 time=23.4s
[Epoch 060] loss=0.1734 miou=0.6906 f1=0.8035 thr=0.55 time=23.4s
[Epoch 061] loss=0.1585 miou=0.7002 f1=0.8108 thr=0.40 time=23.5s
[Epoch 062] loss=0.1564 miou=0.6962 f1=0.8082 thr=0.40 time=23.5s
[Epoch 063] loss=0.1573 miou=0.6978 f1=0.8089 thr=0.50 time=23.4s
[Epoch 064] loss=0.1595 miou=0.6975 f1=0.8095 thr=0.40 time=23.5s
[Epoch 065] loss=0.1651 miou=0.6828 f1=0.7958 thr=0.40 time=23.5s
[Epoch 066] loss=0.1679 miou=0.6957 f1=0.8077 thr=0.40 time=23.5s
[Epoch 067] loss=0.1585 miou=0.6950 f1=0.8072 thr=0.40 time=23.5s
[Epoch 068] loss=0.1585 miou=0.6887 f1=0.8023 thr=0.40 time=23.5s
[Epoch 069] loss=0.1605 miou=0.6891 f1=0.8018 thr=0.55 time=23.5s
[Epoch 070] loss=0.1554 miou=0.6978 f1=0.8081 thr=0.40 time=23.4s
[Epoch 071] loss=0.1553 miou=0.6752 f1=0.7931 thr=0.40 time=23.5s
[Epoch 072] loss=0.1655 miou=0.6944 f1=0.8060 thr=0.40 time=23.5s
[Epoch 073] loss=0.1542 miou=0.6925 f1=0.8047 thr=0.40 time=23.4s
[Epoch 074] loss=0.1495 miou=0.6997 f1=0.8109 thr=0.40 time=23.5s
[Epoch 075] loss=0.1574 miou=0.6809 f1=0.7955 thr=0.40 time=23.5s
[Epoch 076] loss=0.1620 miou=0.6917 f1=0.8044 thr=0.55 time=23.5s
[Epoch 077] loss=0.1576 miou=0.6940 f1=0.8069 thr=0.40 time=23.5s
[Epoch 078] loss=0.1406 miou=0.6892 f1=0.8025 thr=0.40 time=23.5s
[Epoch 079] loss=0.1458 miou=0.6998 f1=0.8107 thr=0.40 time=23.5s
[Epoch 080] loss=0.1381 miou=0.6997 f1=0.8109 thr=0.40 time=23.4s
[Epoch 081] loss=0.1459 miou=0.7017 f1=0.8115 thr=0.40 time=23.5s
[Epoch 082] loss=0.1433 miou=0.6831 f1=0.7973 thr=0.40 time=23.5s
[Epoch 083] loss=0.1767 miou=0.7044 f1=0.8142 thr=0.40 time=23.5s
[Epoch 084] loss=0.1591 miou=0.6927 f1=0.8046 thr=0.40 time=23.4s
[Epoch 085] loss=0.1470 miou=0.6979 f1=0.8092 thr=0.45 time=23.5s
[Epoch 086] loss=0.1442 miou=0.6822 f1=0.7963 thr=0.40 time=23.4s
[Epoch 087] loss=0.1448 miou=0.6929 f1=0.8054 thr=0.45 time=23.4s
[Epoch 088] loss=0.1379 miou=0.6986 f1=0.8101 thr=0.40 time=23.5s
[Epoch 089] loss=0.1337 miou=0.6908 f1=0.8042 thr=0.40 time=23.5s
[Epoch 090] loss=0.1378 miou=0.6897 f1=0.8029 thr=0.40 time=23.4s
[Epoch 091] loss=0.1394 miou=0.6909 f1=0.8035 thr=0.45 time=23.5s
[Epoch 092] loss=0.1364 miou=0.7016 f1=0.8119 thr=0.50 time=23.5s
[Epoch 093] loss=0.1359 miou=0.6901 f1=0.8030 thr=0.45 time=23.4s
[Epoch 094] loss=0.1432 miou=0.6873 f1=0.8008 thr=0.40 time=23.5s
[Epoch 095] loss=0.1319 miou=0.6868 f1=0.7982 thr=0.40 time=23.5s
[Epoch 096] loss=0.1420 miou=0.6898 f1=0.8005 thr=0.45 time=23.9s
[Epoch 097] loss=0.1354 miou=0.6867 f1=0.8008 thr=0.45 time=23.4s
[Epoch 098] loss=0.1405 miou=0.6842 f1=0.7986 thr=0.50 time=23.5s
[Epoch 099] loss=0.1358 miou=0.6926 f1=0.8045 thr=0.40 time=23.5s
[Epoch 100] loss=0.1316 miou=0.6758 f1=0.7921 thr=0.50 time=23.5s
[Epoch 101] loss=0.1302 miou=0.6809 f1=0.7934 thr=0.50 time=23.6s
[Epoch 102] loss=0.1257 miou=0.6839 f1=0.7996 thr=0.45 time=23.5s
[Epoch 103] loss=0.1265 miou=0.6879 f1=0.7997 thr=0.40 time=23.6s
[Epoch 104] loss=0.1504 miou=0.6846 f1=0.7943 thr=0.40 time=23.4s
[Epoch 105] loss=0.1325 miou=0.7018 f1=0.8123 thr=0.40 time=23.5s
[Epoch 106] loss=0.1282 miou=0.6962 f1=0.8081 thr=0.40 time=23.5s
[Epoch 107] loss=0.1311 miou=0.6922 f1=0.8058 thr=0.40 time=23.6s
[Epoch 108] loss=0.1284 miou=0.6863 f1=0.7993 thr=0.40 time=23.5s
[Epoch 109] loss=0.1313 miou=0.6981 f1=0.8083 thr=0.40 time=23.5s
[Epoch 110] loss=0.1273 miou=0.6950 f1=0.8069 thr=0.40 time=23.5s
[Epoch 111] loss=0.1245 miou=0.6906 f1=0.8050 thr=0.40 time=23.4s
[Epoch 112] loss=0.1245 miou=0.6905 f1=0.8045 thr=0.40 time=23.5s
[Epoch 113] loss=0.1184 miou=0.6886 f1=0.8048 thr=0.40 time=23.5s
[Epoch 114] loss=0.1192 miou=0.6971 f1=0.8094 thr=0.40 time=23.5s
[Epoch 115] loss=0.1118 miou=0.7012 f1=0.8128 thr=0.40 time=23.4s
[Epoch 116] loss=0.1177 miou=0.6868 f1=0.8006 thr=0.50 time=23.6s
[Epoch 117] loss=0.1243 miou=0.7007 f1=0.8111 thr=0.40 time=23.5s
[Epoch 118] loss=0.1159 miou=0.6986 f1=0.8098 thr=0.40 time=23.5s
[Epoch 119] loss=0.1170 miou=0.6956 f1=0.8069 thr=0.40 time=23.5s
[Epoch 120] loss=0.1153 miou=0.7022 f1=0.8121 thr=0.40 time=23.5s
[Epoch 121] loss=0.1222 miou=0.6880 f1=0.8021 thr=0.40 time=23.6s
[Epoch 122] loss=0.1351 miou=0.6930 f1=0.8059 thr=0.40 time=23.5s
[Epoch 123] loss=0.1264 miou=0.6802 f1=0.7957 thr=0.55 time=23.6s
[Epoch 124] loss=0.1237 miou=0.6983 f1=0.8109 thr=0.40 time=23.6s
[Epoch 125] loss=0.1240 miou=0.6898 f1=0.8031 thr=0.40 time=23.5s
[Epoch 126] loss=0.1135 miou=0.6909 f1=0.8033 thr=0.45 time=23.5s
[Epoch 127] loss=0.1247 miou=0.6916 f1=0.8036 thr=0.40 time=23.6s
[Epoch 128] loss=0.1155 miou=0.6894 f1=0.8002 thr=0.40 time=23.5s
[Epoch 129] loss=0.1170 miou=0.6919 f1=0.8062 thr=0.40 time=23.5s
[Epoch 130] loss=0.1101 miou=0.6872 f1=0.8023 thr=0.40 time=23.5s
[Epoch 131] loss=0.1128 miou=0.6916 f1=0.8055 thr=0.40 time=23.6s
[Epoch 132] loss=0.1203 miou=0.6892 f1=0.8025 thr=0.40 time=23.6s
[Epoch 133] loss=0.1193 miou=0.6923 f1=0.8051 thr=0.40 time=23.6s
[Epoch 134] loss=0.1169 miou=0.6809 f1=0.7966 thr=0.40 time=23.4s
[Epoch 135] loss=0.1265 miou=0.6795 f1=0.7939 thr=0.40 time=23.5s
[Epoch 136] loss=0.1181 miou=0.6871 f1=0.8001 thr=0.40 time=23.4s
[Epoch 137] loss=0.1125 miou=0.6895 f1=0.8035 thr=0.40 time=23.5s
[Epoch 138] loss=0.1056 miou=0.6904 f1=0.8011 thr=0.40 time=23.5s
[Epoch 139] loss=0.1063 miou=0.6846 f1=0.7974 thr=0.50 time=23.6s
[Epoch 140] loss=0.1188 miou=0.6959 f1=0.8067 thr=0.40 time=23.5s
[Epoch 141] loss=264.7816 miou=0.0000 f1=0.0000 thr=0.40 time=23.6s
[Epoch 142] loss=1.1256 miou=0.0000 f1=0.0000 thr=0.40 time=23.8s
[Epoch 143] loss=1.1315 miou=0.0000 f1=0.0000 thr=0.40 time=23.5s
[Epoch 144] loss=1.1329 miou=0.0000 f1=0.0000 thr=0.40 time=23.5s
[Epoch 145] loss=1.1344 miou=0.0000 f1=0.0000 thr=0.40 time=23.5s
[Epoch 146] loss=1.1389 miou=0.0000 f1=0.0000 thr=0.40 time=23.4s
[Epoch 147] loss=1.1387 miou=0.0000 f1=0.0000 thr=0.40 time=23.5s
[Epoch 148] loss=1.1396 miou=0.0000 f1=0.0000 thr=0.40 time=23.5s
[Epoch 149] loss=1.1399 miou=0.0000 f1=0.0000 thr=0.40 time=23.4s
[Epoch 150] loss=1.1503 miou=0.0000 f1=0.0000 thr=0.40 time=23.4s
[Epoch 151] loss=1.1370 miou=0.0000 f1=0.0000 thr=0.40 time=23.4s
[Epoch 152] loss=1.1440 miou=0.0000 f1=0.0000 thr=0.40 time=23.5s
[Epoch 153] loss=1.1443 miou=0.0000 f1=0.0000 thr=0.40 time=23.4s
[Epoch 154] loss=1.1459 miou=0.0000 f1=0.0000 thr=0.40 time=23.4s
[Epoch 155] loss=1.1419 miou=0.0000 f1=0.0000 thr=0.40 time=23.5s
[Epoch 156] loss=1.1426 miou=0.0000 f1=0.0000 thr=0.40 time=23.4s
[Epoch 157] loss=1.1495 miou=0.0000 f1=0.0000 thr=0.40 time=23.5s
[Epoch 158] loss=1.1451 miou=0.0000 f1=0.0000 thr=0.40 time=23.5s
[Epoch 159] loss=1.1462 miou=0.0000 f1=0.0000 thr=0.40 time=23.5s
[Epoch 160] loss=1.1496 miou=0.0000 f1=0.0000 thr=0.40 time=23.4s
[Epoch 161] loss=1.1421 miou=0.0000 f1=0.0000 thr=0.40 time=23.4s
[Epoch 162] loss=1.1475 miou=0.0000 f1=0.0000 thr=0.40 time=23.4s
[Epoch 163] loss=1.1498 miou=0.0000 f1=0.0000 thr=0.40 time=23.6s
[Epoch 164] loss=1.1443 miou=0.0000 f1=0.0000 thr=0.40 time=23.5s
[Epoch 165] loss=1.1464 miou=0.0000 f1=0.0000 thr=0.40 time=23.5s
[Epoch 166] loss=1.1487 miou=0.0000 f1=0.0000 thr=0.40 time=23.4s
[Epoch 167] loss=1.1522 miou=0.0000 f1=0.0000 thr=0.40 time=23.4s
[Epoch 168] loss=1.1523 miou=0.0000 f1=0.0000 thr=0.40 time=23.4s
[Epoch 169] loss=1.1486 miou=0.0000 f1=0.0000 thr=0.40 time=23.4s
[Epoch 170] loss=1.1458 miou=0.0000 f1=0.0000 thr=0.40 time=23.4s
[Epoch 171] loss=1.1533 miou=0.0000 f1=0.0000 thr=0.40 time=23.4s
[Epoch 172] loss=1.1521 miou=0.0000 f1=0.0000 thr=0.40 time=23.5s
[Epoch 173] loss=1.1501 miou=0.0000 f1=0.0000 thr=0.40 time=23.4s
[Epoch 174] loss=1.1616 miou=0.0000 f1=0.0000 thr=0.40 time=23.4s
[Epoch 175] loss=1.1576 miou=0.0000 f1=0.0000 thr=0.40 time=23.4s
[Epoch 176] loss=1.1610 miou=0.0000 f1=0.0000 thr=0.40 time=23.5s
[Epoch 177] loss=1.1403 miou=0.1312 f1=0.2062 thr=0.50 time=23.5s
[Epoch 178] loss=0.8387 miou=0.4321 f1=0.5439 thr=0.45 time=23.4s
[Epoch 179] loss=0.4386 miou=0.5678 f1=0.6814 thr=0.40 time=23.4s
[Epoch 180] loss=0.3194 miou=0.6446 f1=0.7602 thr=0.40 time=23.4s
[Epoch 181] loss=0.2584 miou=0.6547 f1=0.7707 thr=0.40 time=23.5s
[Epoch 182] loss=0.2194 miou=0.6679 f1=0.7844 thr=0.45 time=23.4s
[Epoch 183] loss=0.2068 miou=0.6687 f1=0.7865 thr=0.40 time=23.5s
[Epoch 184] loss=0.1990 miou=0.6728 f1=0.7890 thr=0.40 time=23.4s
[Epoch 185] loss=0.1835 miou=0.6781 f1=0.7956 thr=0.40 time=23.4s
[Epoch 186] loss=0.1792 miou=0.6918 f1=0.8063 thr=0.40 time=23.5s
[Epoch 187] loss=0.1771 miou=0.6917 f1=0.8050 thr=0.40 time=23.4s
[Epoch 188] loss=0.1811 miou=0.6937 f1=0.8063 thr=0.40 time=23.4s
[Epoch 189] loss=0.1755 miou=0.6827 f1=0.7952 thr=0.40 time=23.5s
[Epoch 190] loss=0.1611 miou=0.6797 f1=0.7963 thr=0.50 time=23.4s
[Epoch 191] loss=0.1483 miou=0.6911 f1=0.8035 thr=0.40 time=23.4s
[Epoch 192] loss=0.1378 miou=0.6889 f1=0.8019 thr=0.40 time=23.4s
[Epoch 193] loss=0.1424 miou=0.6848 f1=0.8007 thr=0.40 time=23.4s
[Epoch 194] loss=0.1387 miou=0.6693 f1=0.7870 thr=0.40 time=23.4s
[Epoch 195] loss=0.1375 miou=0.6902 f1=0.8041 thr=0.40 time=23.5s
[Epoch 196] loss=0.1378 miou=0.6897 f1=0.8033 thr=0.40 time=23.5s
[Epoch 197] loss=0.1361 miou=0.6892 f1=0.8024 thr=0.45 time=23.5s
[Epoch 198] loss=0.1350 miou=0.6895 f1=0.8021 thr=0.50 time=23.5s
[Epoch 199] loss=0.1310 miou=0.6822 f1=0.7967 thr=0.40 time=23.4s
[Epoch 200] loss=0.1253 miou=0.6856 f1=0.8001 thr=0.40 time=23.4s
[Epoch 201] loss=0.1288 miou=0.6856 f1=0.8002 thr=0.40 time=23.4s
[Epoch 202] loss=0.1228 miou=0.6807 f1=0.7987 thr=0.40 time=23.4s
[Epoch 203] loss=0.1203 miou=0.6859 f1=0.8003 thr=0.40 time=23.4s
[Epoch 204] loss=0.1221 miou=0.6855 f1=0.8010 thr=0.40 time=23.4s
[Epoch 205] loss=0.1227 miou=0.6869 f1=0.8034 thr=0.40 time=23.4s
[Epoch 206] loss=0.1173 miou=0.6866 f1=0.8017 thr=0.40 time=23.4s
[Epoch 207] loss=0.1373 miou=0.6835 f1=0.8006 thr=0.40 time=23.4s
[Epoch 208] loss=0.1316 miou=0.6902 f1=0.8034 thr=0.40 time=23.4s
[Epoch 209] loss=0.1313 miou=0.6862 f1=0.8013 thr=0.40 time=23.4s
[Epoch 210] loss=0.1181 miou=0.6889 f1=0.8040 thr=0.40 time=23.6s
[Epoch 211] loss=0.1134 miou=0.6858 f1=0.8016 thr=0.40 time=23.6s
[Epoch 212] loss=0.1195 miou=0.6923 f1=0.8051 thr=0.40 time=23.4s
[Epoch 213] loss=0.1126 miou=0.6913 f1=0.8063 thr=0.40 time=23.5s
[Epoch 214] loss=0.1076 miou=0.6891 f1=0.8042 thr=0.40 time=23.5s
[Epoch 215] loss=0.1168 miou=0.6875 f1=0.8023 thr=0.40 time=23.4s
[Epoch 216] loss=0.1140 miou=0.6981 f1=0.8109 thr=0.40 time=23.4s
[Epoch 217] loss=0.1095 miou=0.6883 f1=0.8033 thr=0.40 time=23.5s
[Epoch 218] loss=0.1142 miou=0.6965 f1=0.8090 thr=0.40 time=23.4s
[Epoch 219] loss=0.1159 miou=0.6974 f1=0.8105 thr=0.40 time=23.5s
[Epoch 220] loss=0.1110 miou=0.6907 f1=0.8061 thr=0.55 time=23.4s
[Epoch 221] loss=0.1156 miou=0.6917 f1=0.8048 thr=0.40 time=23.5s
[Epoch 222] loss=0.1108 miou=0.6917 f1=0.8051 thr=0.40 time=23.4s
[Epoch 223] loss=0.1067 miou=0.6863 f1=0.8012 thr=0.40 time=23.4s
[Epoch 224] loss=0.1085 miou=0.6892 f1=0.8022 thr=0.40 time=23.4s
[Epoch 225] loss=0.1026 miou=0.6849 f1=0.7995 thr=0.40 time=23.4s
[Epoch 226] loss=0.1111 miou=0.6846 f1=0.8004 thr=0.40 time=23.5s
[Epoch 227] loss=0.1155 miou=0.6933 f1=0.8062 thr=0.40 time=23.4s
[Epoch 228] loss=0.1080 miou=0.6863 f1=0.8024 thr=0.40 time=23.5s
[Epoch 229] loss=0.1137 miou=0.6868 f1=0.8011 thr=0.40 time=23.5s
[Epoch 230] loss=0.1122 miou=0.6890 f1=0.8041 thr=0.40 time=23.5s
[Epoch 231] loss=0.1093 miou=0.6781 f1=0.7942 thr=0.40 time=23.5s
[Epoch 232] loss=0.1149 miou=0.6892 f1=0.8040 thr=0.40 time=23.4s
[Epoch 233] loss=0.1112 miou=0.6925 f1=0.8053 thr=0.40 time=23.4s
[Epoch 234] loss=0.1030 miou=0.6951 f1=0.8074 thr=0.50 time=23.4s
[Epoch 235] loss=0.1085 miou=0.6964 f1=0.8115 thr=0.40 time=23.4s
[Epoch 236] loss=0.1079 miou=0.6828 f1=0.7991 thr=0.40 time=23.4s
[Epoch 237] loss=0.1103 miou=0.6923 f1=0.8064 thr=0.40 time=23.4s
[Epoch 238] loss=0.1192 miou=0.6927 f1=0.8080 thr=0.40 time=23.4s
[Epoch 239] loss=0.1098 miou=0.6995 f1=0.8119 thr=0.40 time=23.5s
[Epoch 240] loss=0.1174 miou=0.6933 f1=0.8075 thr=0.45 time=23.5s
[Epoch 241] loss=0.1064 miou=0.6947 f1=0.8086 thr=0.40 time=23.4s
[Epoch 242] loss=0.1081 miou=0.6962 f1=0.8098 thr=0.45 time=23.5s
[Epoch 243] loss=0.1116 miou=0.6906 f1=0.8048 thr=0.45 time=23.5s
[Epoch 244] loss=0.1089 miou=0.6957 f1=0.8095 thr=0.40 time=23.5s
[Epoch 245] loss=0.1090 miou=0.7002 f1=0.8124 thr=0.40 time=23.4s
[Epoch 246] loss=0.1112 miou=0.6762 f1=0.7945 thr=0.50 time=23.5s
[Epoch 247] loss=0.1233 miou=0.6911 f1=0.8050 thr=0.40 time=23.5s
[Epoch 248] loss=0.1142 miou=0.6928 f1=0.8064 thr=0.40 time=23.4s
[Epoch 249] loss=0.1135 miou=0.6883 f1=0.8019 thr=0.40 time=23.4s
[Epoch 250] loss=0.1104 miou=0.6969 f1=0.8099 thr=0.45 time=23.5s
[Epoch 251] loss=0.1029 miou=0.6917 f1=0.8065 thr=0.40 time=23.4s
[Epoch 252] loss=0.1130 miou=0.6881 f1=0.8043 thr=0.40 time=23.5s
[Epoch 253] loss=0.1143 miou=0.6897 f1=0.8051 thr=0.40 time=23.4s
[Epoch 254] loss=0.1121 miou=0.6899 f1=0.8040 thr=0.40 time=23.4s
[Epoch 255] loss=0.1063 miou=0.6947 f1=0.8077 thr=0.40 time=23.4s
[Epoch 256] loss=0.1069 miou=0.6896 f1=0.8041 thr=0.40 time=23.4s
[Epoch 257] loss=0.1041 miou=0.6863 f1=0.8012 thr=0.40 time=23.5s
[Epoch 258] loss=0.1058 miou=0.6841 f1=0.8000 thr=0.55 time=23.5s
[Epoch 259] loss=0.1080 miou=0.6917 f1=0.8052 thr=0.40 time=23.5s
[Epoch 260] loss=0.1047 miou=0.6894 f1=0.8039 thr=0.45 time=23.5s
[Epoch 261] loss=0.1060 miou=0.6963 f1=0.8093 thr=0.55 time=23.4s
[Epoch 262] loss=0.0955 miou=0.6941 f1=0.8070 thr=0.40 time=23.5s
[Epoch 263] loss=0.0965 miou=0.6943 f1=0.8084 thr=0.40 time=23.5s
[Epoch 264] loss=0.1031 miou=0.6916 f1=0.8071 thr=0.40 time=23.5s
[Epoch 265] loss=0.0951 miou=0.6959 f1=0.8091 thr=0.55 time=23.5s
[Epoch 266] loss=0.0972 miou=0.6900 f1=0.8047 thr=0.40 time=23.5s
[Epoch 267] loss=0.1027 miou=0.6803 f1=0.7974 thr=0.40 time=23.5s
[Epoch 268] loss=0.1082 miou=0.6936 f1=0.8071 thr=0.40 time=23.5s
[Epoch 269] loss=0.1060 miou=0.6963 f1=0.8091 thr=0.40 time=23.4s
[Epoch 270] loss=0.0990 miou=0.6906 f1=0.8045 thr=0.40 time=23.5s
[Epoch 271] loss=0.0983 miou=0.6986 f1=0.8097 thr=0.40 time=23.9s
[Epoch 272] loss=0.0981 miou=0.6892 f1=0.8037 thr=0.40 time=23.7s
[Epoch 273] loss=0.1005 miou=0.6909 f1=0.8055 thr=0.45 time=23.7s
[Epoch 274] loss=0.0999 miou=0.6939 f1=0.8058 thr=0.40 time=23.7s
[Epoch 275] loss=0.1048 miou=0.6921 f1=0.8063 thr=0.55 time=23.6s
[Epoch 276] loss=0.1014 miou=0.6961 f1=0.8098 thr=0.45 time=23.6s
[Epoch 277] loss=0.1034 miou=0.6899 f1=0.8053 thr=0.40 time=23.7s
[Epoch 278] loss=0.1072 miou=0.6847 f1=0.8007 thr=0.40 time=23.7s
[Epoch 279] loss=0.1041 miou=0.6866 f1=0.8019 thr=0.40 time=24.0s
[Epoch 280] loss=0.1030 miou=0.6922 f1=0.8054 thr=0.45 time=23.4s
[Epoch 281] loss=0.1085 miou=0.6957 f1=0.8098 thr=0.40 time=23.7s
[Epoch 282] loss=0.1041 miou=0.6910 f1=0.8053 thr=0.55 time=23.8s
[Epoch 283] loss=0.1027 miou=0.6910 f1=0.8053 thr=0.40 time=23.6s
[Epoch 284] loss=0.1042 miou=0.6921 f1=0.8068 thr=0.40 time=23.7s
[Epoch 285] loss=0.0922 miou=0.6912 f1=0.8061 thr=0.45 time=23.5s
[Epoch 286] loss=0.1015 miou=0.7029 f1=0.8152 thr=0.40 time=23.4s
[Epoch 287] loss=0.1038 miou=0.6854 f1=0.8005 thr=0.55 time=23.4s
[Epoch 288] loss=0.1021 miou=0.6862 f1=0.8004 thr=0.40 time=23.4s
[Epoch 289] loss=0.1031 miou=0.6910 f1=0.8055 thr=0.40 time=23.4s
[Epoch 290] loss=0.1027 miou=0.6971 f1=0.8102 thr=0.40 time=23.5s
[Epoch 291] loss=0.0989 miou=0.6966 f1=0.8084 thr=0.40 time=23.4s
[Epoch 292] loss=0.1034 miou=0.6927 f1=0.8053 thr=0.40 time=23.4s
[Epoch 293] loss=0.1015 miou=0.6790 f1=0.7959 thr=0.40 time=23.4s
[Epoch 294] loss=0.1058 miou=0.6899 f1=0.8049 thr=0.40 time=23.4s
[Epoch 295] loss=0.1006 miou=0.6994 f1=0.8119 thr=0.40 time=23.3s
[Epoch 296] loss=0.1041 miou=0.6848 f1=0.8006 thr=0.45 time=23.4s
[Epoch 297] loss=0.1035 miou=0.6895 f1=0.8058 thr=0.45 time=23.4s
[Epoch 298] loss=0.1105 miou=0.6820 f1=0.7983 thr=0.55 time=23.4s
[Epoch 299] loss=0.1086 miou=0.6827 f1=0.7989 thr=0.40 time=23.4s
[Epoch 300] loss=0.1017 miou=0.6887 f1=0.8019 thr=0.40 time=23.5s
[Epoch 301] loss=0.1038 miou=0.6808 f1=0.7972 thr=0.40 time=23.4s
[Epoch 302] loss=0.1019 miou=0.6839 f1=0.7997 thr=0.40 time=23.4s
[Epoch 303] loss=0.1026 miou=0.6548 f1=0.7728 thr=0.40 time=23.5s
[Epoch 304] loss=0.1200 miou=0.6674 f1=0.7858 thr=0.40 time=23.5s
[Epoch 305] loss=0.1171 miou=0.6847 f1=0.7978 thr=0.40 time=23.4s
[Epoch 306] loss=0.1063 miou=0.6911 f1=0.8023 thr=0.40 time=23.5s
[Epoch 307] loss=0.1000 miou=0.6917 f1=0.8068 thr=0.40 time=23.4s
[Epoch 308] loss=0.0968 miou=0.6925 f1=0.8068 thr=0.40 time=23.5s
[Epoch 309] loss=0.0920 miou=0.6895 f1=0.8061 thr=0.40 time=23.4s
[Epoch 310] loss=0.1020 miou=0.6807 f1=0.7986 thr=0.40 time=23.5s
[Epoch 311] loss=0.1069 miou=0.6812 f1=0.7967 thr=0.40 time=23.4s
[Epoch 312] loss=0.1089 miou=0.6755 f1=0.7936 thr=0.40 time=23.4s
[Epoch 313] loss=0.1069 miou=0.6923 f1=0.8058 thr=0.40 time=23.4s
[Epoch 314] loss=0.1011 miou=0.6914 f1=0.8060 thr=0.40 time=23.6s
[Epoch 315] loss=0.1027 miou=0.6880 f1=0.8031 thr=0.40 time=23.5s
[Epoch 316] loss=0.0910 miou=0.6970 f1=0.8089 thr=0.40 time=23.5s
[Epoch 317] loss=0.0970 miou=0.6912 f1=0.8029 thr=0.40 time=23.5s
[Epoch 318] loss=0.1000 miou=0.6872 f1=0.8009 thr=0.50 time=23.4s
[Epoch 319] loss=0.0947 miou=0.6908 f1=0.8024 thr=0.45 time=23.4s
[Epoch 320] loss=0.1006 miou=0.6935 f1=0.8072 thr=0.40 time=23.4s
[Epoch 321] loss=0.0999 miou=0.6898 f1=0.8048 thr=0.40 time=23.4s
[Epoch 322] loss=0.0996 miou=0.6814 f1=0.7959 thr=0.45 time=23.5s
[Epoch 323] loss=0.0942 miou=0.6925 f1=0.8065 thr=0.40 time=23.4s
[Epoch 324] loss=0.1069 miou=0.6736 f1=0.7925 thr=0.40 time=23.4s
[Epoch 325] loss=0.1251 miou=0.6708 f1=0.7919 thr=0.40 time=23.5s
[Epoch 326] loss=0.1211 miou=0.6811 f1=0.7978 thr=0.40 time=23.7s
[Epoch 327] loss=0.1069 miou=0.6952 f1=0.8087 thr=0.40 time=23.7s
[Epoch 328] loss=0.0963 miou=0.6930 f1=0.8058 thr=0.40 time=23.6s
[Epoch 329] loss=0.0959 miou=0.6877 f1=0.8025 thr=0.40 time=23.6s
[Epoch 330] loss=0.0972 miou=0.6866 f1=0.8012 thr=0.40 time=23.4s
[Epoch 331] loss=0.0968 miou=0.6871 f1=0.8015 thr=0.40 time=23.8s
[Epoch 332] loss=0.0921 miou=0.6939 f1=0.8057 thr=0.40 time=23.7s
[Epoch 333] loss=0.0928 miou=0.6903 f1=0.8041 thr=0.40 time=23.7s
[Epoch 334] loss=0.0961 miou=0.6831 f1=0.7977 thr=0.40 time=23.8s
[Epoch 335] loss=0.0903 miou=0.6901 f1=0.8034 thr=0.40 time=23.9s
[Epoch 336] loss=0.0888 miou=0.6889 f1=0.8024 thr=0.40 time=23.6s
[Epoch 337] loss=0.0835 miou=0.6880 f1=0.8008 thr=0.40 time=23.4s
[Epoch 338] loss=0.0906 miou=0.6814 f1=0.7966 thr=0.45 time=23.4s
[Epoch 339] loss=0.0851 miou=0.6875 f1=0.8007 thr=0.40 time=23.4s
[Epoch 340] loss=0.0916 miou=0.6860 f1=0.8007 thr=0.55 time=23.5s
[Epoch 341] loss=0.0928 miou=0.6940 f1=0.8078 thr=0.40 time=23.4s
[Epoch 342] loss=0.0940 miou=0.6923 f1=0.8040 thr=0.50 time=23.5s
[Epoch 343] loss=0.0958 miou=0.6949 f1=0.8075 thr=0.40 time=23.4s
[Epoch 344] loss=0.0919 miou=0.6910 f1=0.8019 thr=0.40 time=23.4s
[Epoch 345] loss=0.0869 miou=0.6930 f1=0.8060 thr=0.40 time=23.4s
[Epoch 346] loss=0.0950 miou=0.6884 f1=0.8041 thr=0.40 time=23.4s
[Epoch 347] loss=0.1011 miou=0.6885 f1=0.8021 thr=0.40 time=23.4s
[Epoch 348] loss=0.1008 miou=0.6965 f1=0.8082 thr=0.40 time=23.4s
[Epoch 349] loss=0.1009 miou=0.6872 f1=0.8002 thr=0.40 time=23.4s
[Epoch 350] loss=0.0861 miou=0.6946 f1=0.8050 thr=0.40 time=23.4s
[Epoch 351] loss=0.0876 miou=0.6892 f1=0.8028 thr=0.40 time=23.4s
[Epoch 352] loss=0.0895 miou=0.6852 f1=0.8002 thr=0.40 time=23.4s
[Epoch 353] loss=0.0843 miou=0.6876 f1=0.8017 thr=0.40 time=23.4s
[Epoch 354] loss=0.0936 miou=0.6823 f1=0.7975 thr=0.40 time=23.4s
[Epoch 355] loss=0.0894 miou=0.6853 f1=0.7993 thr=0.40 time=23.4s
[Epoch 356] loss=0.0915 miou=0.6916 f1=0.8059 thr=0.45 time=23.4s
[Epoch 357] loss=0.0934 miou=0.6846 f1=0.7996 thr=0.45 time=23.4s
[Epoch 358] loss=0.0873 miou=0.6847 f1=0.7996 thr=0.40 time=23.4s
[Epoch 359] loss=0.0918 miou=0.6934 f1=0.8052 thr=0.40 time=23.4s
[Epoch 360] loss=0.0878 miou=0.6875 f1=0.8013 thr=0.40 time=23.4s
[Epoch 361] loss=0.0882 miou=0.6881 f1=0.8018 thr=0.40 time=23.4s
[Epoch 362] loss=0.0939 miou=0.6966 f1=0.8083 thr=0.40 time=23.6s
[Epoch 363] loss=0.0804 miou=0.7016 f1=0.8132 thr=0.40 time=23.5s
[Epoch 364] loss=0.0885 miou=0.6896 f1=0.8052 thr=0.40 time=23.6s
[Epoch 365] loss=0.0920 miou=0.6889 f1=0.8036 thr=0.55 time=23.5s
[Epoch 366] loss=0.0911 miou=0.6827 f1=0.7981 thr=0.55 time=23.5s
[Epoch 367] loss=0.0958 miou=0.6807 f1=0.7938 thr=0.40 time=23.5s
[Epoch 368] loss=0.1009 miou=0.6830 f1=0.7977 thr=0.40 time=23.4s
[Epoch 369] loss=0.0932 miou=0.6836 f1=0.7984 thr=0.40 time=23.5s
[Epoch 370] loss=0.1066 miou=0.6811 f1=0.7976 thr=0.40 time=23.5s
[Epoch 371] loss=0.1048 miou=0.6898 f1=0.8029 thr=0.40 time=23.5s
[Epoch 372] loss=0.0948 miou=0.6859 f1=0.8014 thr=0.40 time=23.5s
[Epoch 373] loss=0.0922 miou=0.6804 f1=0.7960 thr=0.40 time=23.5s
[Epoch 374] loss=0.0932 miou=0.6885 f1=0.8034 thr=0.40 time=23.4s
[Epoch 375] loss=0.0876 miou=0.6897 f1=0.8035 thr=0.40 time=23.5s
[Epoch 376] loss=0.0868 miou=0.6892 f1=0.8045 thr=0.40 time=23.4s
[Epoch 377] loss=0.0854 miou=0.6843 f1=0.8003 thr=0.40 time=23.5s
[Epoch 378] loss=0.0837 miou=0.6874 f1=0.8024 thr=0.40 time=23.6s
[Epoch 379] loss=0.0823 miou=0.6845 f1=0.7994 thr=0.40 time=23.6s
[Epoch 380] loss=0.0830 miou=0.6901 f1=0.8041 thr=0.40 time=23.5s
[Epoch 381] loss=0.0838 miou=0.6908 f1=0.8047 thr=0.40 time=23.9s
[Epoch 382] loss=0.0944 miou=0.6808 f1=0.7981 thr=0.40 time=23.6s
[Epoch 383] loss=0.0889 miou=0.6898 f1=0.8036 thr=0.55 time=23.4s
[Epoch 384] loss=0.0856 miou=0.6942 f1=0.8063 thr=0.40 time=23.5s
[Epoch 385] loss=0.0853 miou=0.6880 f1=0.8029 thr=0.40 time=23.4s
[Epoch 386] loss=0.0901 miou=0.6881 f1=0.8033 thr=0.50 time=23.5s
[Epoch 387] loss=0.0794 miou=0.6947 f1=0.8070 thr=0.40 time=23.5s
[Epoch 388] loss=0.0877 miou=0.6965 f1=0.8096 thr=0.40 time=23.6s
[Epoch 389] loss=0.0866 miou=0.6926 f1=0.8067 thr=0.45 time=23.5s
[Epoch 390] loss=0.0930 miou=0.6881 f1=0.8027 thr=0.40 time=23.5s
[Epoch 391] loss=0.0923 miou=0.6795 f1=0.7961 thr=0.40 time=23.4s
[Epoch 392] loss=0.0885 miou=0.6777 f1=0.7948 thr=0.40 time=23.5s
[Epoch 393] loss=0.0897 miou=0.6851 f1=0.7977 thr=0.50 time=23.5s
[Epoch 394] loss=0.0882 miou=0.6874 f1=0.8005 thr=0.40 time=23.5s
[Epoch 395] loss=0.0865 miou=0.6879 f1=0.8020 thr=0.45 time=23.5s
[Epoch 396] loss=0.0801 miou=0.6891 f1=0.8016 thr=0.40 time=23.4s
[Epoch 397] loss=0.0954 miou=0.6910 f1=0.8057 thr=0.40 time=23.5s
[Epoch 398] loss=0.0867 miou=0.6946 f1=0.8059 thr=0.40 time=23.4s
[Epoch 399] loss=0.0938 miou=0.6798 f1=0.7949 thr=0.40 time=23.5s
[Epoch 400] loss=0.0898 miou=0.6917 f1=0.8049 thr=0.40 time=23.4s
[Epoch 401] loss=0.0972 miou=0.6946 f1=0.8074 thr=0.40 time=23.5s
[Epoch 402] loss=0.0918 miou=0.6863 f1=0.8029 thr=0.40 time=23.5s
[Epoch 403] loss=0.0920 miou=0.6895 f1=0.8029 thr=0.40 time=23.5s
[Epoch 404] loss=0.0914 miou=0.6979 f1=0.8092 thr=0.45 time=23.4s
[Epoch 405] loss=0.0889 miou=0.6945 f1=0.8059 thr=0.40 time=23.4s
[Epoch 406] loss=0.0949 miou=0.6859 f1=0.8001 thr=0.40 time=23.4s
[Epoch 407] loss=0.0922 miou=0.6909 f1=0.8035 thr=0.40 time=23.5s
[Epoch 408] loss=0.0886 miou=0.6922 f1=0.8063 thr=0.40 time=23.5s
[Epoch 409] loss=0.0889 miou=0.6979 f1=0.8103 thr=0.40 time=23.5s
[Epoch 410] loss=0.0858 miou=0.6995 f1=0.8105 thr=0.40 time=23.6s
[Epoch 411] loss=0.0904 miou=0.6976 f1=0.8097 thr=0.40 time=23.6s
[Epoch 412] loss=0.0801 miou=0.6943 f1=0.8073 thr=0.45 time=23.6s
[Epoch 413] loss=0.0793 miou=0.6986 f1=0.8108 thr=0.50 time=23.4s
[Epoch 414] loss=0.0785 miou=0.6917 f1=0.8052 thr=0.40 time=23.6s
[Epoch 415] loss=0.0848 miou=0.6949 f1=0.8077 thr=0.40 time=23.5s
[Epoch 416] loss=0.0899 miou=0.6949 f1=0.8080 thr=0.40 time=23.4s
[Epoch 417] loss=0.0876 miou=0.6883 f1=0.8015 thr=0.40 time=23.4s
[Epoch 418] loss=0.0826 miou=0.6976 f1=0.8095 thr=0.40 time=23.4s
[Epoch 419] loss=0.0832 miou=0.6835 f1=0.7987 thr=0.40 time=23.4s
[Epoch 420] loss=0.0804 miou=0.6863 f1=0.7999 thr=0.40 time=23.4s
[Epoch 421] loss=0.0884 miou=0.6940 f1=0.8066 thr=0.40 time=23.4s
[Epoch 422] loss=0.0845 miou=0.6930 f1=0.8070 thr=0.40 time=23.4s
[Epoch 423] loss=0.0815 miou=0.6926 f1=0.8070 thr=0.40 time=23.4s
[Epoch 424] loss=0.0909 miou=0.6882 f1=0.8044 thr=0.40 time=23.4s
[Epoch 425] loss=0.0833 miou=0.6957 f1=0.8080 thr=0.40 time=23.4s
[Epoch 426] loss=0.0906 miou=0.6886 f1=0.8034 thr=0.40 time=23.4s
[Epoch 427] loss=0.0920 miou=0.6831 f1=0.7978 thr=0.40 time=23.4s
[Epoch 428] loss=0.0889 miou=0.6854 f1=0.7998 thr=0.40 time=23.4s
[Epoch 429] loss=0.0926 miou=0.6811 f1=0.7963 thr=0.50 time=23.4s
[Epoch 430] loss=0.0868 miou=0.6801 f1=0.7961 thr=0.40 time=23.5s
[Epoch 431] loss=0.0868 miou=0.6841 f1=0.7988 thr=0.45 time=23.4s
[Epoch 432] loss=0.0851 miou=0.6809 f1=0.7955 thr=0.40 time=23.5s
[Epoch 433] loss=0.0949 miou=0.6684 f1=0.7860 thr=0.45 time=23.4s
[Epoch 434] loss=0.0994 miou=0.6840 f1=0.7967 thr=0.45 time=23.3s
[Epoch 435] loss=0.0956 miou=0.6864 f1=0.8001 thr=0.40 time=23.5s
[Epoch 436] loss=0.0969 miou=0.6730 f1=0.7890 thr=0.55 time=23.5s
[Epoch 437] loss=0.0952 miou=0.6713 f1=0.7903 thr=0.45 time=23.5s
[Epoch 438] loss=0.0860 miou=0.6816 f1=0.7971 thr=0.40 time=23.5s
[Epoch 439] loss=0.0933 miou=0.6803 f1=0.7965 thr=0.40 time=23.4s
[Epoch 440] loss=0.0888 miou=0.6856 f1=0.7998 thr=0.40 time=23.4s
[Epoch 441] loss=0.0815 miou=0.6929 f1=0.8049 thr=0.40 time=23.4s
[Epoch 442] loss=0.0864 miou=0.6957 f1=0.8066 thr=0.40 time=23.4s
[Epoch 443] loss=0.0938 miou=0.6920 f1=0.8058 thr=0.40 time=23.5s
[Epoch 444] loss=0.0930 miou=0.6942 f1=0.8091 thr=0.55 time=23.4s
[Epoch 445] loss=0.0842 miou=0.6956 f1=0.8086 thr=0.45 time=23.4s
[Epoch 446] loss=0.0835 miou=0.6963 f1=0.8104 thr=0.40 time=23.4s
[Epoch 447] loss=0.0856 miou=0.6931 f1=0.8075 thr=0.40 time=23.4s
[Epoch 448] loss=0.0850 miou=0.6911 f1=0.8065 thr=0.40 time=23.5s
[Epoch 449] loss=0.0829 miou=0.6957 f1=0.8082 thr=0.40 time=23.5s
[Epoch 450] loss=0.0825 miou=0.6920 f1=0.8048 thr=0.40 time=23.8s
[Epoch 451] loss=0.0865 miou=0.6800 f1=0.7960 thr=0.40 time=23.7s
[Epoch 452] loss=0.0859 miou=0.6790 f1=0.7946 thr=0.50 time=23.5s
[Epoch 453] loss=0.0950 miou=0.6754 f1=0.7922 thr=0.40 time=23.4s
[Epoch 454] loss=0.0923 miou=0.6725 f1=0.7910 thr=0.40 time=23.6s
[Epoch 455] loss=0.0867 miou=0.6819 f1=0.7964 thr=0.40 time=23.4s
[Epoch 456] loss=0.0833 miou=0.6907 f1=0.8035 thr=0.40 time=23.4s
[Epoch 457] loss=0.0892 miou=0.6785 f1=0.7953 thr=0.40 time=23.5s
[Epoch 458] loss=0.0765 miou=0.6928 f1=0.8042 thr=0.40 time=23.4s
[Epoch 459] loss=0.0801 miou=0.6947 f1=0.8073 thr=0.40 time=23.4s
[Epoch 460] loss=0.0801 miou=0.6780 f1=0.7939 thr=0.40 time=23.4s
[Epoch 461] loss=0.0798 miou=0.6811 f1=0.7985 thr=0.40 time=23.5s
[Epoch 462] loss=0.0856 miou=0.6785 f1=0.7959 thr=0.40 time=23.5s
[Epoch 463] loss=0.0862 miou=0.6870 f1=0.8017 thr=0.40 time=23.4s
[Epoch 464] loss=0.0844 miou=0.6842 f1=0.7996 thr=0.40 time=23.5s
[Epoch 465] loss=0.0785 miou=0.6814 f1=0.7948 thr=0.40 time=23.5s
[Epoch 466] loss=0.0819 miou=0.6816 f1=0.7959 thr=0.40 time=23.4s
[Epoch 467] loss=0.0868 miou=0.6886 f1=0.8002 thr=0.40 time=23.4s
[Epoch 468] loss=0.0811 miou=0.6855 f1=0.7997 thr=0.40 time=23.4s
[Epoch 469] loss=0.0776 miou=0.6881 f1=0.7989 thr=0.40 time=23.4s
[Epoch 470] loss=0.0754 miou=0.6885 f1=0.8016 thr=0.40 time=23.5s
[Epoch 471] loss=0.0791 miou=0.6814 f1=0.7948 thr=0.40 time=23.4s
[Epoch 472] loss=0.0805 miou=0.6874 f1=0.7998 thr=0.40 time=23.4s
[Epoch 473] loss=0.0763 miou=0.6871 f1=0.8006 thr=0.40 time=23.4s
[Epoch 474] loss=0.0811 miou=0.6907 f1=0.8030 thr=0.40 time=23.4s
[Epoch 475] loss=0.0790 miou=0.6916 f1=0.8042 thr=0.55 time=23.4s
[Epoch 476] loss=0.0784 miou=0.6892 f1=0.8039 thr=0.40 time=23.7s
[Epoch 477] loss=0.0793 miou=0.6867 f1=0.8002 thr=0.40 time=23.5s
[Epoch 478] loss=0.0759 miou=0.6901 f1=0.8039 thr=0.45 time=23.4s
[Epoch 479] loss=0.0807 miou=0.6863 f1=0.8011 thr=0.45 time=23.4s
[Epoch 480] loss=0.0780 miou=0.6899 f1=0.8031 thr=0.40 time=23.4s
[Epoch 481] loss=0.0814 miou=0.6811 f1=0.7953 thr=0.40 time=23.4s
[Epoch 482] loss=0.0784 miou=0.6836 f1=0.7971 thr=0.40 time=23.4s
[Epoch 483] loss=0.0833 miou=0.6864 f1=0.7968 thr=0.45 time=23.4s
[Epoch 484] loss=0.0817 miou=0.6782 f1=0.7927 thr=0.45 time=23.5s
[Epoch 485] loss=0.0851 miou=0.6839 f1=0.7973 thr=0.45 time=23.5s
[Epoch 486] loss=0.0804 miou=0.6917 f1=0.8045 thr=0.40 time=23.5s
[Epoch 487] loss=0.0762 miou=0.6975 f1=0.8086 thr=0.40 time=23.4s
[Epoch 488] loss=0.0838 miou=0.6942 f1=0.8063 thr=0.45 time=23.5s
[Epoch 489] loss=0.0731 miou=0.6919 f1=0.8047 thr=0.40 time=23.5s
[Epoch 490] loss=0.0762 miou=0.6967 f1=0.8080 thr=0.50 time=23.4s
[Epoch 491] loss=0.0763 miou=0.6979 f1=0.8087 thr=0.40 time=23.4s
[Epoch 492] loss=0.0871 miou=0.6994 f1=0.8098 thr=0.40 time=23.7s
[Epoch 493] loss=0.0843 miou=0.6897 f1=0.8039 thr=0.40 time=23.7s
[Epoch 494] loss=0.0905 miou=0.6908 f1=0.8034 thr=0.50 time=23.5s
[Epoch 495] loss=0.0890 miou=0.6868 f1=0.8000 thr=0.40 time=23.5s
[Epoch 496] loss=0.0750 miou=0.6898 f1=0.8021 thr=0.40 time=23.5s
[Epoch 497] loss=0.0924 miou=0.6913 f1=0.8060 thr=0.40 time=23.4s
[Epoch 498] loss=0.0820 miou=0.6902 f1=0.8056 thr=0.40 time=23.4s
[Epoch 499] loss=0.0774 miou=0.6937 f1=0.8072 thr=0.40 time=23.4s
[Epoch 500] loss=0.0791 miou=0.6932 f1=0.8074 thr=0.40 time=23.4s
