nohup: ignoring input
Run directory: ./outputs_sam_sirst_hq/IRSTD-1k_model-vitt_size256_use_HQ_radial_bs4_e1000kp1_split-50_50_20250918_114101
[build_efficient_sam_hq] Partially loaded 253 tensors from baseline (278 scanned).
/home/bip/cry/anaconda3/lib/python3.9/site-packages/torch/cuda/__init__.py:611: UserWarning: Can't initialize NVML
  warnings.warn("Can't initialize NVML")
[Epoch 001] loss=0.8010 miou=0.4426 f1=0.5826 thr=0.35 time=32.3s
[Epoch 002] loss=0.4865 miou=0.4540 f1=0.5963 thr=0.35 time=30.5s
[Epoch 003] loss=0.4487 miou=0.5145 f1=0.6460 thr=0.35 time=30.8s
[Epoch 004] loss=0.4175 miou=0.5176 f1=0.6530 thr=0.35 time=30.7s
[Epoch 005] loss=0.4055 miou=0.5107 f1=0.6346 thr=0.35 time=30.9s
[Epoch 006] loss=0.4079 miou=0.5640 f1=0.6944 thr=0.35 time=30.8s
[Epoch 007] loss=0.3922 miou=0.5356 f1=0.6693 thr=0.35 time=31.1s
[Epoch 008] loss=0.3670 miou=0.5629 f1=0.6906 thr=0.35 time=31.1s
[Epoch 009] loss=0.3691 miou=0.5964 f1=0.7183 thr=0.35 time=30.9s
[Epoch 010] loss=0.3583 miou=0.5940 f1=0.7167 thr=0.35 time=31.0s
Unfroze at epoch 10: encoder + all heads.
[Epoch 011] loss=0.4215 miou=0.5616 f1=0.6850 thr=0.35 time=62.6s
[Epoch 012] loss=0.3789 miou=0.5726 f1=0.6922 thr=0.35 time=62.3s
[Epoch 013] loss=0.3599 miou=0.5730 f1=0.6986 thr=0.35 time=62.5s
[Epoch 014] loss=0.3428 miou=0.5871 f1=0.7114 thr=0.35 time=62.7s
[Epoch 015] loss=0.3276 miou=0.6093 f1=0.7296 thr=0.35 time=62.5s
[Epoch 016] loss=0.3146 miou=0.6170 f1=0.7334 thr=0.35 time=62.3s
[Epoch 017] loss=0.3197 miou=0.6104 f1=0.7273 thr=0.35 time=62.3s
[Epoch 018] loss=0.3086 miou=0.6187 f1=0.7366 thr=0.35 time=63.1s
[Epoch 019] loss=0.2960 miou=0.6367 f1=0.7537 thr=0.35 time=62.8s
[Epoch 020] loss=0.3139 miou=0.6162 f1=0.7366 thr=0.35 time=62.6s
[Epoch 021] loss=0.3810 miou=0.6094 f1=0.7323 thr=0.35 time=62.3s
[Epoch 022] loss=0.3120 miou=0.6241 f1=0.7465 thr=0.35 time=62.4s
[Epoch 023] loss=0.2977 miou=0.6299 f1=0.7499 thr=0.35 time=62.7s
[Epoch 024] loss=0.2942 miou=0.6368 f1=0.7517 thr=0.35 time=62.8s
[Epoch 025] loss=0.2867 miou=0.6221 f1=0.7372 thr=0.35 time=62.4s
[Epoch 026] loss=0.2848 miou=0.6653 f1=0.7749 thr=0.35 time=62.4s
[Epoch 027] loss=0.2720 miou=0.6333 f1=0.7503 thr=0.35 time=62.4s
[Epoch 028] loss=0.2836 miou=0.6418 f1=0.7561 thr=0.35 time=62.8s
[Epoch 029] loss=0.2783 miou=0.6465 f1=0.7611 thr=0.35 time=62.5s
[Epoch 030] loss=0.2732 miou=0.6547 f1=0.7677 thr=0.35 time=62.4s
[Epoch 031] loss=0.2687 miou=0.6453 f1=0.7641 thr=0.35 time=62.3s
[Epoch 032] loss=0.2697 miou=0.6693 f1=0.7745 thr=0.35 time=63.0s
[Epoch 033] loss=0.2672 miou=0.6556 f1=0.7660 thr=0.35 time=63.5s
[Epoch 034] loss=0.2787 miou=0.6529 f1=0.7654 thr=0.35 time=62.9s
[Epoch 035] loss=0.2711 miou=0.6468 f1=0.7619 thr=0.35 time=62.8s
[Epoch 036] loss=0.2604 miou=0.6595 f1=0.7698 thr=0.35 time=62.8s
[Epoch 037] loss=0.2593 miou=0.6495 f1=0.7620 thr=0.35 time=63.2s
[Epoch 038] loss=0.2613 miou=0.6615 f1=0.7687 thr=0.35 time=63.2s
[Epoch 039] loss=0.2612 miou=0.6171 f1=0.7376 thr=0.35 time=62.8s
[Epoch 040] loss=0.2682 miou=0.6193 f1=0.7359 thr=0.35 time=62.9s
[Epoch 041] loss=0.2702 miou=0.6654 f1=0.7745 thr=0.40 time=63.0s
[Epoch 042] loss=0.2667 miou=0.6433 f1=0.7561 thr=0.35 time=63.3s
[Epoch 043] loss=0.2621 miou=0.6549 f1=0.7652 thr=0.35 time=63.1s
[Epoch 044] loss=0.2570 miou=0.6557 f1=0.7658 thr=0.35 time=62.8s
[Epoch 045] loss=0.2614 miou=0.6590 f1=0.7713 thr=0.35 time=62.8s
[Epoch 046] loss=0.2580 miou=0.6601 f1=0.7700 thr=0.35 time=63.1s
[Epoch 047] loss=0.2639 miou=0.6555 f1=0.7660 thr=0.35 time=63.7s
[Epoch 048] loss=0.2590 miou=0.6681 f1=0.7800 thr=0.35 time=63.5s
[Epoch 049] loss=0.2512 miou=0.6383 f1=0.7482 thr=0.35 time=63.2s
[Epoch 050] loss=0.2678 miou=0.6548 f1=0.7632 thr=0.35 time=63.2s
[Epoch 051] loss=0.2576 miou=0.6524 f1=0.7665 thr=0.35 time=63.4s
[Epoch 052] loss=0.2517 miou=0.6499 f1=0.7630 thr=0.35 time=63.1s
[Epoch 053] loss=0.2442 miou=0.6652 f1=0.7747 thr=0.35 time=62.7s
[Epoch 054] loss=0.2430 miou=0.6761 f1=0.7806 thr=0.35 time=62.9s
[Epoch 055] loss=0.4506 miou=0.6376 f1=0.7527 thr=0.35 time=63.1s
[Epoch 056] loss=0.2486 miou=0.6439 f1=0.7549 thr=0.35 time=63.1s
[Epoch 057] loss=0.2368 miou=0.6511 f1=0.7601 thr=0.35 time=62.9s
[Epoch 058] loss=0.2562 miou=0.6501 f1=0.7599 thr=0.35 time=62.8s
[Epoch 059] loss=0.2466 miou=0.6477 f1=0.7564 thr=0.35 time=62.7s
[Epoch 060] loss=0.2508 miou=0.6593 f1=0.7659 thr=0.35 time=63.2s
[Epoch 061] loss=0.2537 miou=0.6598 f1=0.7664 thr=0.35 time=63.2s
[Epoch 062] loss=0.2421 miou=0.6497 f1=0.7590 thr=0.40 time=62.7s
[Epoch 063] loss=0.2407 miou=0.6536 f1=0.7612 thr=0.35 time=62.6s
[Epoch 064] loss=0.2552 miou=0.6571 f1=0.7661 thr=0.35 time=62.8s
[Epoch 065] loss=0.2512 miou=0.6678 f1=0.7735 thr=0.35 time=63.2s
[Epoch 066] loss=0.2379 miou=0.6577 f1=0.7670 thr=0.35 time=63.0s
[Epoch 067] loss=0.2402 miou=0.6556 f1=0.7646 thr=0.35 time=62.8s
[Epoch 068] loss=0.2343 miou=0.6729 f1=0.7768 thr=0.35 time=62.8s
[Epoch 069] loss=0.2316 miou=0.6472 f1=0.7547 thr=0.35 time=63.0s
[Epoch 070] loss=0.2519 miou=0.6414 f1=0.7561 thr=0.45 time=63.3s
[Epoch 071] loss=0.2560 miou=0.6701 f1=0.7759 thr=0.35 time=62.9s
[Epoch 072] loss=0.2415 miou=0.6526 f1=0.7608 thr=0.35 time=62.7s
[Epoch 073] loss=0.2396 miou=0.6397 f1=0.7571 thr=0.45 time=62.7s
[Epoch 074] loss=1.7843 miou=0.6430 f1=0.7576 thr=0.35 time=63.2s
[Epoch 075] loss=0.2318 miou=0.6517 f1=0.7620 thr=0.35 time=63.1s
[Epoch 076] loss=0.2265 miou=0.6605 f1=0.7679 thr=0.35 time=62.9s
[Epoch 077] loss=0.2300 miou=0.6601 f1=0.7683 thr=0.35 time=62.8s
[Epoch 078] loss=0.2303 miou=0.6775 f1=0.7802 thr=0.35 time=62.9s
[Epoch 079] loss=0.2370 miou=0.6710 f1=0.7758 thr=0.35 time=63.3s
[Epoch 080] loss=0.2379 miou=0.6527 f1=0.7623 thr=0.45 time=62.9s
[Epoch 081] loss=0.2261 miou=0.6651 f1=0.7683 thr=0.35 time=62.7s
[Epoch 082] loss=0.2217 miou=0.6634 f1=0.7676 thr=0.35 time=62.8s
[Epoch 083] loss=0.2273 miou=0.6542 f1=0.7642 thr=0.35 time=63.1s
[Epoch 084] loss=0.2211 miou=0.6728 f1=0.7786 thr=0.35 time=63.1s
[Epoch 085] loss=0.2212 miou=0.6552 f1=0.7643 thr=0.35 time=62.8s
[Epoch 086] loss=0.2266 miou=0.6583 f1=0.7667 thr=0.35 time=62.6s
[Epoch 087] loss=0.2202 miou=0.6713 f1=0.7738 thr=0.35 time=62.6s
[Epoch 088] loss=0.2226 miou=0.6540 f1=0.7634 thr=0.35 time=62.5s
[Epoch 089] loss=0.2167 miou=0.6598 f1=0.7656 thr=0.35 time=62.5s
[Epoch 090] loss=0.2281 miou=0.6666 f1=0.7724 thr=0.35 time=62.6s
[Epoch 091] loss=0.2196 miou=0.6835 f1=0.7855 thr=0.35 time=62.5s
[Epoch 092] loss=0.2131 miou=0.6525 f1=0.7605 thr=0.35 time=63.1s
[Epoch 093] loss=0.2306 miou=0.6325 f1=0.7502 thr=0.55 time=63.1s
[Epoch 094] loss=0.2314 miou=0.6641 f1=0.7717 thr=0.35 time=62.2s
[Epoch 095] loss=0.2065 miou=0.6588 f1=0.7685 thr=0.35 time=62.2s
[Epoch 096] loss=0.2187 miou=0.6613 f1=0.7697 thr=0.35 time=62.2s
[Epoch 097] loss=0.2097 miou=0.6569 f1=0.7665 thr=0.40 time=62.2s
[Epoch 098] loss=0.2199 miou=0.6683 f1=0.7745 thr=0.35 time=63.1s
[Epoch 099] loss=0.2175 miou=0.6669 f1=0.7749 thr=0.35 time=62.2s
[Epoch 100] loss=0.2185 miou=0.6586 f1=0.7679 thr=0.35 time=62.3s
[Epoch 101] loss=0.2142 miou=0.6629 f1=0.7709 thr=0.35 time=63.2s
[Epoch 102] loss=0.2170 miou=0.6655 f1=0.7694 thr=0.35 time=62.3s
[Epoch 103] loss=0.2196 miou=0.6580 f1=0.7667 thr=0.35 time=62.4s
[Epoch 104] loss=0.2331 miou=0.6446 f1=0.7569 thr=0.35 time=63.1s
[Epoch 105] loss=0.2133 miou=0.6716 f1=0.7781 thr=0.35 time=63.1s
[Epoch 106] loss=0.2118 miou=0.6780 f1=0.7830 thr=0.35 time=63.0s
[Epoch 107] loss=0.2116 miou=0.6761 f1=0.7825 thr=0.35 time=62.6s
[Epoch 108] loss=0.2065 miou=0.6661 f1=0.7743 thr=0.35 time=63.2s
[Epoch 109] loss=0.2071 miou=0.6487 f1=0.7589 thr=0.35 time=62.2s
[Epoch 110] loss=0.2080 miou=0.6518 f1=0.7614 thr=0.35 time=63.0s
[Epoch 111] loss=0.2239 miou=0.6549 f1=0.7598 thr=0.35 time=63.1s
[Epoch 112] loss=0.2156 miou=0.6486 f1=0.7573 thr=0.35 time=62.2s
[Epoch 113] loss=0.2085 miou=0.6488 f1=0.7590 thr=0.35 time=62.2s
[Epoch 114] loss=0.2188 miou=0.6662 f1=0.7747 thr=0.35 time=62.2s
[Epoch 115] loss=0.2069 miou=0.6669 f1=0.7730 thr=0.35 time=62.2s
[Epoch 116] loss=0.2099 miou=0.6479 f1=0.7552 thr=0.35 time=62.2s
[Epoch 117] loss=0.2058 miou=0.6621 f1=0.7702 thr=0.35 time=63.2s
[Epoch 118] loss=0.2083 miou=0.6720 f1=0.7765 thr=0.35 time=62.3s
[Epoch 119] loss=0.2209 miou=0.6467 f1=0.7593 thr=0.35 time=63.0s
[Epoch 120] loss=0.2162 miou=0.6524 f1=0.7617 thr=0.35 time=62.2s
[Epoch 121] loss=0.2056 miou=0.6712 f1=0.7731 thr=0.35 time=63.2s
[Epoch 122] loss=0.1975 miou=0.6585 f1=0.7671 thr=0.35 time=63.2s
[Epoch 123] loss=0.2026 miou=0.6567 f1=0.7658 thr=0.35 time=63.2s
[Epoch 124] loss=0.2168 miou=0.6585 f1=0.7653 thr=0.35 time=62.4s
[Epoch 125] loss=0.2040 miou=0.6715 f1=0.7771 thr=0.35 time=63.2s
[Epoch 126] loss=0.2020 miou=0.6706 f1=0.7748 thr=0.35 time=63.0s
[Epoch 127] loss=0.2019 miou=0.6606 f1=0.7688 thr=0.35 time=62.3s
[Epoch 128] loss=0.2072 miou=0.6226 f1=0.7412 thr=0.35 time=62.2s
[Epoch 129] loss=0.2045 miou=0.6617 f1=0.7693 thr=0.50 time=62.2s
[Epoch 130] loss=0.2085 miou=0.6554 f1=0.7618 thr=0.35 time=62.3s
[Epoch 131] loss=0.2018 miou=0.6695 f1=0.7711 thr=0.35 time=62.3s
[Epoch 132] loss=0.1926 miou=0.6601 f1=0.7661 thr=0.35 time=62.3s
[Epoch 133] loss=0.2062 miou=0.6468 f1=0.7559 thr=0.35 time=63.0s
[Epoch 134] loss=0.2026 miou=0.6600 f1=0.7653 thr=0.35 time=62.4s
[Epoch 135] loss=0.2017 miou=0.6762 f1=0.7787 thr=0.35 time=63.1s
[Epoch 136] loss=0.1964 miou=0.6626 f1=0.7653 thr=0.35 time=62.3s
[Epoch 137] loss=0.1962 miou=0.6561 f1=0.7630 thr=0.35 time=62.2s
[Epoch 138] loss=0.2160 miou=0.6472 f1=0.7556 thr=0.35 time=62.3s
[Epoch 139] loss=0.2016 miou=0.6607 f1=0.7662 thr=0.35 time=62.3s
[Epoch 140] loss=0.2009 miou=0.6715 f1=0.7747 thr=0.35 time=62.3s
[Epoch 141] loss=0.1942 miou=0.6758 f1=0.7785 thr=0.35 time=62.3s
[Epoch 142] loss=0.1925 miou=0.6825 f1=0.7864 thr=0.35 time=62.2s
[Epoch 143] loss=1.3842 miou=0.6748 f1=0.7771 thr=0.35 time=62.2s
[Epoch 144] loss=0.2009 miou=0.6666 f1=0.7702 thr=0.35 time=62.3s
[Epoch 145] loss=0.1924 miou=0.6856 f1=0.7856 thr=0.35 time=62.3s
[Epoch 146] loss=0.1991 miou=0.6643 f1=0.7722 thr=0.35 time=62.5s
[Epoch 147] loss=0.2035 miou=0.6229 f1=0.7404 thr=0.35 time=62.2s
[Epoch 148] loss=0.2177 miou=0.6572 f1=0.7660 thr=0.35 time=62.3s
[Epoch 149] loss=1.9088 miou=0.6692 f1=0.7750 thr=0.35 time=62.2s
[Epoch 150] loss=0.1975 miou=0.6709 f1=0.7768 thr=0.35 time=62.3s
[Epoch 151] loss=0.3766 miou=0.6686 f1=0.7733 thr=0.35 time=62.2s
[Epoch 152] loss=2.6756 miou=0.6567 f1=0.7646 thr=0.35 time=62.2s
[Epoch 153] loss=0.1934 miou=0.6660 f1=0.7699 thr=0.35 time=62.2s
[Epoch 154] loss=0.1876 miou=0.6676 f1=0.7743 thr=0.35 time=62.2s
[Epoch 155] loss=0.1878 miou=0.6552 f1=0.7620 thr=0.35 time=62.2s
[Epoch 156] loss=0.2213 miou=0.6677 f1=0.7720 thr=0.35 time=62.2s
[Epoch 157] loss=0.1871 miou=0.6694 f1=0.7742 thr=0.35 time=62.2s
[Epoch 158] loss=0.1885 miou=0.6602 f1=0.7672 thr=0.35 time=62.2s
[Epoch 159] loss=0.1904 miou=0.6623 f1=0.7689 thr=0.35 time=62.2s
[Epoch 160] loss=0.1859 miou=0.6695 f1=0.7727 thr=0.35 time=62.2s
[Epoch 161] loss=0.1878 miou=0.6618 f1=0.7681 thr=0.35 time=62.2s
[Epoch 162] loss=0.1854 miou=0.6668 f1=0.7712 thr=0.35 time=62.1s
[Epoch 163] loss=0.1886 miou=0.6730 f1=0.7776 thr=0.35 time=62.2s
[Epoch 164] loss=0.1886 miou=0.6550 f1=0.7614 thr=0.35 time=62.2s
[Epoch 165] loss=0.1907 miou=0.6539 f1=0.7630 thr=0.35 time=62.2s
[Epoch 166] loss=0.1842 miou=0.6555 f1=0.7620 thr=0.35 time=62.2s
[Epoch 167] loss=0.1820 miou=0.6601 f1=0.7694 thr=0.35 time=62.2s
[Epoch 168] loss=0.1872 miou=0.6641 f1=0.7690 thr=0.35 time=62.2s
[Epoch 169] loss=0.1862 miou=0.6467 f1=0.7588 thr=0.35 time=63.2s
[Epoch 170] loss=0.1929 miou=0.6573 f1=0.7645 thr=0.35 time=63.2s
[Epoch 171] loss=0.1851 miou=0.6507 f1=0.7570 thr=0.35 time=63.0s
[Epoch 172] loss=0.1946 miou=0.6569 f1=0.7642 thr=0.35 time=62.4s
[Epoch 173] loss=0.1795 miou=0.6526 f1=0.7605 thr=0.35 time=63.2s
[Epoch 174] loss=0.1911 miou=0.6479 f1=0.7583 thr=0.35 time=63.2s
[Epoch 175] loss=0.1928 miou=0.6592 f1=0.7671 thr=0.35 time=63.2s
[Epoch 176] loss=0.1800 miou=0.6562 f1=0.7656 thr=0.35 time=63.0s
[Epoch 177] loss=0.1841 miou=0.6524 f1=0.7637 thr=0.35 time=62.2s
[Epoch 178] loss=0.1859 miou=0.6539 f1=0.7627 thr=0.35 time=62.8s
[Epoch 179] loss=0.1859 miou=0.6409 f1=0.7514 thr=0.35 time=63.2s
[Epoch 180] loss=0.1758 miou=0.6662 f1=0.7713 thr=0.35 time=63.2s
[Epoch 181] loss=0.1827 miou=0.6624 f1=0.7652 thr=0.55 time=63.0s
[Epoch 182] loss=0.1758 miou=0.6695 f1=0.7754 thr=0.35 time=63.3s
[Epoch 183] loss=0.1922 miou=0.6660 f1=0.7688 thr=0.35 time=63.2s
[Epoch 184] loss=0.1769 miou=0.6618 f1=0.7671 thr=0.35 time=62.2s
[Epoch 185] loss=0.1799 miou=0.6540 f1=0.7627 thr=0.35 time=63.2s
[Epoch 186] loss=0.1803 miou=0.6566 f1=0.7625 thr=0.35 time=63.2s
[Epoch 187] loss=0.1791 miou=0.6539 f1=0.7632 thr=0.35 time=63.2s
[Epoch 188] loss=0.1734 miou=0.6650 f1=0.7702 thr=0.35 time=62.4s
[Epoch 189] loss=0.1704 miou=0.6543 f1=0.7640 thr=0.35 time=63.0s
[Epoch 190] loss=0.1757 miou=0.6438 f1=0.7558 thr=0.35 time=62.2s
[Epoch 191] loss=0.1772 miou=0.6461 f1=0.7554 thr=0.35 time=63.0s
[Epoch 192] loss=0.1747 miou=0.6530 f1=0.7595 thr=0.35 time=63.0s
[Epoch 193] loss=0.1818 miou=0.6527 f1=0.7610 thr=0.35 time=62.5s
[Epoch 194] loss=0.1756 miou=0.6666 f1=0.7686 thr=0.35 time=62.2s
[Epoch 195] loss=0.1849 miou=0.6585 f1=0.7623 thr=0.35 time=62.4s
[Epoch 196] loss=0.1808 miou=0.6692 f1=0.7740 thr=0.35 time=62.2s
[Epoch 197] loss=0.1801 miou=0.6526 f1=0.7601 thr=0.35 time=62.1s
[Epoch 198] loss=0.1750 miou=0.6497 f1=0.7590 thr=0.35 time=62.4s
[Epoch 199] loss=0.1821 miou=0.6679 f1=0.7719 thr=0.50 time=62.3s
[Epoch 200] loss=0.1769 miou=0.6618 f1=0.7672 thr=0.35 time=62.2s
[Epoch 201] loss=0.1715 miou=0.6513 f1=0.7582 thr=0.35 time=62.1s
[Epoch 202] loss=0.1678 miou=0.6489 f1=0.7588 thr=0.35 time=62.2s
[Epoch 203] loss=0.1792 miou=0.6629 f1=0.7685 thr=0.35 time=62.2s
[Epoch 204] loss=0.1727 miou=0.6526 f1=0.7604 thr=0.35 time=62.2s
[Epoch 205] loss=0.1765 miou=0.6618 f1=0.7679 thr=0.35 time=62.2s
[Epoch 206] loss=0.1842 miou=0.6626 f1=0.7683 thr=0.35 time=62.2s
[Epoch 207] loss=0.1802 miou=0.6530 f1=0.7602 thr=0.35 time=62.2s
[Epoch 208] loss=0.1796 miou=0.6652 f1=0.7721 thr=0.35 time=62.2s
[Epoch 209] loss=0.1701 miou=0.6683 f1=0.7726 thr=0.35 time=62.4s
[Epoch 210] loss=0.1696 miou=0.6672 f1=0.7702 thr=0.35 time=62.3s
[Epoch 211] loss=0.1681 miou=0.6760 f1=0.7776 thr=0.35 time=62.2s
[Epoch 212] loss=0.1664 miou=0.6558 f1=0.7612 thr=0.35 time=62.2s
[Epoch 213] loss=0.1674 miou=0.6522 f1=0.7608 thr=0.35 time=62.2s
[Epoch 214] loss=0.1687 miou=0.6612 f1=0.7672 thr=0.35 time=62.2s
[Epoch 215] loss=0.1686 miou=0.6486 f1=0.7571 thr=0.35 time=62.3s
[Epoch 216] loss=0.1745 miou=0.6484 f1=0.7575 thr=0.35 time=62.3s
[Epoch 217] loss=0.1746 miou=0.6569 f1=0.7655 thr=0.35 time=62.2s
[Epoch 218] loss=0.1675 miou=0.6473 f1=0.7561 thr=0.35 time=62.1s
[Epoch 219] loss=0.1785 miou=0.6570 f1=0.7637 thr=0.35 time=62.2s
[Epoch 220] loss=0.1635 miou=0.6709 f1=0.7738 thr=0.35 time=62.2s
[Epoch 221] loss=0.1704 miou=0.6553 f1=0.7629 thr=0.35 time=62.2s
[Epoch 222] loss=0.1610 miou=0.6669 f1=0.7718 thr=0.35 time=62.3s
[Epoch 223] loss=0.1590 miou=0.6623 f1=0.7692 thr=0.35 time=62.2s
[Epoch 224] loss=0.1568 miou=0.6621 f1=0.7687 thr=0.35 time=62.2s
[Epoch 225] loss=0.1659 miou=0.6525 f1=0.7609 thr=0.35 time=62.2s
[Epoch 226] loss=0.1612 miou=0.6580 f1=0.7665 thr=0.35 time=62.2s
[Epoch 227] loss=0.1601 miou=0.6613 f1=0.7677 thr=0.35 time=62.2s
[Epoch 228] loss=0.1602 miou=0.6671 f1=0.7700 thr=0.35 time=62.3s
[Epoch 229] loss=0.1691 miou=0.6651 f1=0.7706 thr=0.35 time=62.2s
[Epoch 230] loss=0.1668 miou=0.6496 f1=0.7591 thr=0.35 time=62.2s
[Epoch 231] loss=0.1753 miou=0.6569 f1=0.7633 thr=0.35 time=62.2s
[Epoch 232] loss=0.1706 miou=0.6459 f1=0.7557 thr=0.35 time=62.3s
[Epoch 233] loss=0.1661 miou=0.6617 f1=0.7684 thr=0.35 time=62.3s
[Epoch 234] loss=0.1641 miou=0.6598 f1=0.7678 thr=0.35 time=62.3s
[Epoch 235] loss=0.1612 miou=0.6483 f1=0.7579 thr=0.35 time=62.2s
[Epoch 236] loss=0.1546 miou=0.6518 f1=0.7583 thr=0.35 time=62.2s
[Epoch 237] loss=0.1481 miou=0.6651 f1=0.7676 thr=0.55 time=62.2s
[Epoch 238] loss=0.1607 miou=0.6741 f1=0.7764 thr=0.35 time=62.3s
[Epoch 239] loss=0.1597 miou=0.6516 f1=0.7583 thr=0.35 time=62.3s
[Epoch 240] loss=0.1624 miou=0.6566 f1=0.7627 thr=0.35 time=62.3s
[Epoch 241] loss=0.1505 miou=0.6582 f1=0.7643 thr=0.35 time=62.2s
[Epoch 242] loss=0.1533 miou=0.6548 f1=0.7591 thr=0.35 time=62.3s
[Epoch 243] loss=0.1564 miou=0.6561 f1=0.7623 thr=0.35 time=62.3s
[Epoch 244] loss=0.1556 miou=0.6472 f1=0.7543 thr=0.35 time=62.2s
[Epoch 245] loss=0.1607 miou=0.6588 f1=0.7640 thr=0.35 time=62.2s
[Epoch 246] loss=0.1560 miou=0.6497 f1=0.7576 thr=0.35 time=62.3s
[Epoch 247] loss=0.1566 miou=0.6651 f1=0.7709 thr=0.35 time=62.5s
[Epoch 248] loss=0.1536 miou=0.6611 f1=0.7645 thr=0.35 time=62.4s
[Epoch 249] loss=0.1552 miou=0.6638 f1=0.7679 thr=0.35 time=62.3s
[Epoch 250] loss=0.1508 miou=0.6435 f1=0.7509 thr=0.35 time=62.3s
[Epoch 251] loss=0.1465 miou=0.6511 f1=0.7582 thr=0.35 time=62.3s
[Epoch 252] loss=0.1596 miou=0.6419 f1=0.7501 thr=0.35 time=62.2s
[Epoch 253] loss=0.1665 miou=0.6445 f1=0.7561 thr=0.35 time=62.3s
[Epoch 254] loss=0.1608 miou=0.6532 f1=0.7577 thr=0.35 time=62.3s
[Epoch 255] loss=0.1543 miou=0.6557 f1=0.7615 thr=0.35 time=62.3s
[Epoch 256] loss=0.1515 miou=0.6526 f1=0.7623 thr=0.35 time=62.2s
[Epoch 257] loss=0.1492 miou=0.6471 f1=0.7586 thr=0.35 time=62.4s
[Epoch 258] loss=0.1536 miou=0.6587 f1=0.7672 thr=0.35 time=62.4s
[Epoch 259] loss=0.1473 miou=0.6331 f1=0.7475 thr=0.35 time=62.3s
[Epoch 260] loss=0.1558 miou=0.6636 f1=0.7698 thr=0.45 time=62.3s
[Epoch 261] loss=0.1553 miou=0.6388 f1=0.7492 thr=0.35 time=62.3s
[Epoch 262] loss=0.1581 miou=0.6551 f1=0.7635 thr=0.35 time=62.4s
[Epoch 263] loss=0.1515 miou=0.6456 f1=0.7560 thr=0.35 time=62.4s
[Epoch 264] loss=0.1438 miou=0.6505 f1=0.7586 thr=0.35 time=62.4s
[Epoch 265] loss=0.1467 miou=0.6559 f1=0.7650 thr=0.35 time=62.4s
[Epoch 266] loss=0.1543 miou=0.6442 f1=0.7545 thr=0.55 time=62.4s
[Epoch 267] loss=0.1467 miou=0.6581 f1=0.7643 thr=0.40 time=62.5s
[Epoch 268] loss=0.1501 miou=0.6540 f1=0.7632 thr=0.35 time=62.4s
[Epoch 269] loss=0.1511 miou=0.6564 f1=0.7637 thr=0.35 time=62.4s
[Epoch 270] loss=0.1557 miou=0.6542 f1=0.7606 thr=0.35 time=62.3s
[Epoch 271] loss=0.1513 miou=0.6508 f1=0.7585 thr=0.35 time=62.4s
[Epoch 272] loss=0.1556 miou=0.6386 f1=0.7467 thr=0.35 time=62.7s
[Epoch 273] loss=0.1515 miou=0.6451 f1=0.7556 thr=0.35 time=62.6s
[Epoch 274] loss=0.1586 miou=0.6551 f1=0.7629 thr=0.35 time=62.6s
[Epoch 275] loss=0.1466 miou=0.6426 f1=0.7526 thr=0.35 time=62.6s
[Epoch 276] loss=0.1455 miou=0.6555 f1=0.7607 thr=0.35 time=62.4s
[Epoch 277] loss=0.1458 miou=0.6451 f1=0.7532 thr=0.50 time=62.3s
[Epoch 278] loss=0.1457 miou=0.6469 f1=0.7572 thr=0.35 time=62.2s
[Epoch 279] loss=0.1450 miou=0.6532 f1=0.7615 thr=0.55 time=62.2s
[Epoch 280] loss=0.1442 miou=0.6450 f1=0.7555 thr=0.35 time=62.3s
[Epoch 281] loss=0.1406 miou=0.6462 f1=0.7548 thr=0.35 time=62.5s
[Epoch 282] loss=0.1376 miou=0.6527 f1=0.7601 thr=0.35 time=62.4s
[Epoch 283] loss=0.1411 miou=0.6620 f1=0.7672 thr=0.35 time=63.1s
[Epoch 284] loss=0.1480 miou=0.6640 f1=0.7695 thr=0.35 time=62.9s
[Epoch 285] loss=0.1465 miou=0.6647 f1=0.7702 thr=0.35 time=62.4s
[Epoch 286] loss=0.1364 miou=0.6423 f1=0.7502 thr=0.35 time=62.3s
[Epoch 287] loss=0.1388 miou=0.6523 f1=0.7604 thr=0.35 time=62.3s
[Epoch 288] loss=0.1389 miou=0.6633 f1=0.7690 thr=0.35 time=62.3s
[Epoch 289] loss=0.1403 miou=0.6719 f1=0.7753 thr=0.35 time=62.3s
[Epoch 290] loss=0.1398 miou=0.6478 f1=0.7552 thr=0.40 time=62.3s
[Epoch 291] loss=0.1410 miou=0.6544 f1=0.7625 thr=0.35 time=62.4s
[Epoch 292] loss=0.1421 miou=0.6745 f1=0.7778 thr=0.35 time=62.3s
[Epoch 293] loss=0.1371 miou=0.6673 f1=0.7721 thr=0.35 time=62.2s
[Epoch 294] loss=0.1413 miou=0.6730 f1=0.7767 thr=0.35 time=62.3s
[Epoch 295] loss=0.1382 miou=0.6629 f1=0.7688 thr=0.35 time=62.3s
[Epoch 296] loss=0.1358 miou=0.6704 f1=0.7734 thr=0.35 time=62.3s
[Epoch 297] loss=0.1331 miou=0.6530 f1=0.7612 thr=0.35 time=62.4s
[Epoch 298] loss=0.1362 miou=0.6721 f1=0.7766 thr=0.35 time=62.3s
[Epoch 299] loss=0.1346 miou=0.6658 f1=0.7727 thr=0.35 time=62.3s
[Epoch 300] loss=0.5010 miou=0.5908 f1=0.7117 thr=0.35 time=62.2s
[Epoch 301] loss=0.2270 miou=0.6382 f1=0.7494 thr=0.35 time=62.4s
[Epoch 302] loss=0.2046 miou=0.6340 f1=0.7485 thr=0.35 time=62.3s
[Epoch 303] loss=0.1713 miou=0.6460 f1=0.7560 thr=0.35 time=62.3s
[Epoch 304] loss=0.1522 miou=0.6501 f1=0.7610 thr=0.35 time=62.3s
[Epoch 305] loss=0.1578 miou=0.6561 f1=0.7642 thr=0.45 time=62.3s
[Epoch 306] loss=0.1536 miou=0.6521 f1=0.7609 thr=0.35 time=62.3s
[Epoch 307] loss=0.1418 miou=0.6502 f1=0.7582 thr=0.35 time=62.3s
[Epoch 308] loss=0.1395 miou=0.6599 f1=0.7676 thr=0.35 time=62.5s
[Epoch 309] loss=0.1529 miou=0.6585 f1=0.7680 thr=0.35 time=62.4s
[Epoch 310] loss=0.1418 miou=0.6628 f1=0.7693 thr=0.35 time=62.3s
[Epoch 311] loss=0.1343 miou=0.6584 f1=0.7644 thr=0.35 time=62.3s
[Epoch 312] loss=0.1404 miou=0.6540 f1=0.7627 thr=0.50 time=62.3s
[Epoch 313] loss=0.1386 miou=0.6461 f1=0.7534 thr=0.35 time=62.4s
[Epoch 314] loss=0.1506 miou=0.6517 f1=0.7590 thr=0.35 time=62.3s
[Epoch 315] loss=0.1716 miou=0.6170 f1=0.7314 thr=0.35 time=62.3s
[Epoch 316] loss=0.1710 miou=0.6100 f1=0.7334 thr=0.35 time=62.3s
[Epoch 317] loss=0.1610 miou=0.6592 f1=0.7672 thr=0.35 time=62.3s
[Epoch 318] loss=0.1462 miou=0.6591 f1=0.7642 thr=0.35 time=62.1s
[Epoch 319] loss=0.1412 miou=0.6595 f1=0.7670 thr=0.35 time=62.3s
[Epoch 320] loss=0.1459 miou=0.6476 f1=0.7577 thr=0.35 time=62.2s
[Epoch 321] loss=0.1395 miou=0.6561 f1=0.7647 thr=0.35 time=63.0s
[Epoch 322] loss=0.1375 miou=0.6536 f1=0.7609 thr=0.35 time=62.4s
[Epoch 323] loss=0.1352 miou=0.6525 f1=0.7585 thr=0.35 time=62.3s
[Epoch 324] loss=0.1437 miou=0.6563 f1=0.7615 thr=0.35 time=62.2s
[Epoch 325] loss=0.1333 miou=0.6545 f1=0.7612 thr=0.35 time=62.2s
[Epoch 326] loss=0.1398 miou=0.6576 f1=0.7626 thr=0.35 time=62.1s
[Epoch 327] loss=0.1384 miou=0.6557 f1=0.7632 thr=0.35 time=62.1s
[Epoch 328] loss=0.1355 miou=0.6626 f1=0.7651 thr=0.35 time=62.1s
[Epoch 329] loss=0.1348 miou=0.6630 f1=0.7686 thr=0.35 time=62.1s
[Epoch 330] loss=0.1300 miou=0.6665 f1=0.7736 thr=0.35 time=62.1s
[Epoch 331] loss=0.1308 miou=0.6583 f1=0.7652 thr=0.35 time=62.2s
[Epoch 332] loss=0.1366 miou=0.6708 f1=0.7760 thr=0.35 time=62.2s
[Epoch 333] loss=1.0393 miou=0.6578 f1=0.7653 thr=0.35 time=62.1s
[Epoch 334] loss=0.1389 miou=0.6482 f1=0.7554 thr=0.35 time=62.4s
[Epoch 335] loss=0.1779 miou=0.6516 f1=0.7593 thr=0.35 time=62.5s
[Epoch 336] loss=0.1444 miou=0.6538 f1=0.7611 thr=0.35 time=62.3s
[Epoch 337] loss=0.1361 miou=0.6558 f1=0.7630 thr=0.35 time=62.2s
[Epoch 338] loss=0.1339 miou=0.6601 f1=0.7674 thr=0.35 time=62.2s
[Epoch 339] loss=2.0160 miou=0.6391 f1=0.7444 thr=0.35 time=62.2s
[Epoch 340] loss=2.7654 miou=0.6587 f1=0.7649 thr=0.35 time=62.2s
[Epoch 341] loss=0.1421 miou=0.6678 f1=0.7722 thr=0.35 time=62.3s
[Epoch 342] loss=0.1292 miou=0.6616 f1=0.7684 thr=0.35 time=62.3s
[Epoch 343] loss=0.1222 miou=0.6645 f1=0.7708 thr=0.45 time=62.2s
[Epoch 344] loss=0.1243 miou=0.6636 f1=0.7693 thr=0.35 time=62.3s
[Epoch 345] loss=0.1259 miou=0.6630 f1=0.7694 thr=0.35 time=62.2s
[Epoch 346] loss=0.1231 miou=0.6610 f1=0.7666 thr=0.35 time=62.2s
[Epoch 347] loss=0.1253 miou=0.6676 f1=0.7731 thr=0.35 time=62.2s
[Epoch 348] loss=0.1227 miou=0.6540 f1=0.7640 thr=0.35 time=62.6s
[Epoch 349] loss=0.1237 miou=0.6526 f1=0.7616 thr=0.35 time=62.2s
[Epoch 350] loss=0.1210 miou=0.6558 f1=0.7650 thr=0.35 time=62.4s
[Epoch 351] loss=0.1218 miou=0.6459 f1=0.7591 thr=0.35 time=63.1s
[Epoch 352] loss=0.1314 miou=0.6477 f1=0.7587 thr=0.35 time=63.5s
[Epoch 353] loss=0.1260 miou=0.6343 f1=0.7481 thr=0.35 time=62.4s
[Epoch 354] loss=0.1319 miou=0.6447 f1=0.7545 thr=0.35 time=62.3s
[Epoch 355] loss=0.1295 miou=0.6511 f1=0.7580 thr=0.35 time=62.3s
[Epoch 356] loss=0.1255 miou=0.6392 f1=0.7500 thr=0.35 time=62.2s
[Epoch 357] loss=0.1253 miou=0.6585 f1=0.7650 thr=0.35 time=62.3s
[Epoch 358] loss=0.1294 miou=0.6638 f1=0.7704 thr=0.35 time=62.3s
[Epoch 359] loss=0.1286 miou=0.6616 f1=0.7688 thr=0.35 time=62.3s
[Epoch 360] loss=0.1264 miou=0.6609 f1=0.7679 thr=0.35 time=62.6s
[Epoch 361] loss=0.1246 miou=0.6534 f1=0.7614 thr=0.35 time=62.6s
[Epoch 362] loss=0.1247 miou=0.6570 f1=0.7622 thr=0.35 time=62.5s
[Epoch 363] loss=0.1252 miou=0.6619 f1=0.7671 thr=0.35 time=62.3s
[Epoch 364] loss=0.1244 miou=0.6419 f1=0.7504 thr=0.35 time=62.3s
[Epoch 365] loss=0.1721 miou=0.6582 f1=0.7657 thr=0.35 time=62.3s
[Epoch 366] loss=0.1363 miou=0.6475 f1=0.7529 thr=0.35 time=62.3s
[Epoch 367] loss=0.1317 miou=0.6569 f1=0.7636 thr=0.35 time=62.3s
[Epoch 368] loss=0.1460 miou=0.6522 f1=0.7627 thr=0.35 time=62.1s
[Epoch 369] loss=0.1355 miou=0.6538 f1=0.7614 thr=0.45 time=62.3s
[Epoch 370] loss=0.1292 miou=0.6664 f1=0.7712 thr=0.35 time=62.7s
[Epoch 371] loss=0.1222 miou=0.6567 f1=0.7633 thr=0.35 time=62.4s
[Epoch 372] loss=0.1213 miou=0.6583 f1=0.7653 thr=0.35 time=63.1s
[Epoch 373] loss=0.1215 miou=0.6612 f1=0.7701 thr=0.35 time=62.3s
[Epoch 374] loss=0.1166 miou=0.6562 f1=0.7621 thr=0.35 time=62.3s
[Epoch 375] loss=0.1181 miou=0.6541 f1=0.7620 thr=0.35 time=62.3s
[Epoch 376] loss=0.1187 miou=0.6625 f1=0.7684 thr=0.35 time=62.2s
[Epoch 377] loss=0.1205 miou=0.6529 f1=0.7579 thr=0.35 time=62.3s
[Epoch 378] loss=0.1197 miou=0.6571 f1=0.7621 thr=0.35 time=62.3s
[Epoch 379] loss=0.1184 miou=0.6558 f1=0.7628 thr=0.35 time=62.3s
[Epoch 380] loss=0.1259 miou=0.6585 f1=0.7657 thr=0.35 time=62.4s
[Epoch 381] loss=0.1241 miou=0.6433 f1=0.7523 thr=0.45 time=62.4s
[Epoch 382] loss=0.1203 miou=0.6571 f1=0.7628 thr=0.35 time=62.3s
[Epoch 383] loss=0.1224 miou=0.6538 f1=0.7615 thr=0.35 time=62.2s
[Epoch 384] loss=0.1226 miou=0.6495 f1=0.7581 thr=0.35 time=62.3s
[Epoch 385] loss=0.1204 miou=0.6530 f1=0.7633 thr=0.40 time=62.3s
[Epoch 386] loss=0.1217 miou=0.6538 f1=0.7610 thr=0.35 time=62.3s
[Epoch 387] loss=0.1235 miou=0.6580 f1=0.7657 thr=0.55 time=63.2s
[Epoch 388] loss=0.1214 miou=0.6568 f1=0.7656 thr=0.35 time=62.2s
[Epoch 389] loss=0.1169 miou=0.6568 f1=0.7655 thr=0.55 time=62.9s
[Epoch 390] loss=0.1217 miou=0.6535 f1=0.7632 thr=0.40 time=62.9s
[Epoch 391] loss=0.1273 miou=0.6484 f1=0.7576 thr=0.35 time=62.6s
[Epoch 392] loss=0.1323 miou=0.6535 f1=0.7616 thr=0.35 time=62.2s
[Epoch 393] loss=0.1219 miou=0.6578 f1=0.7649 thr=0.35 time=62.3s
[Epoch 394] loss=0.1212 miou=0.6566 f1=0.7627 thr=0.35 time=62.3s
[Epoch 395] loss=0.1205 miou=0.6596 f1=0.7670 thr=0.55 time=62.9s
[Epoch 396] loss=0.1209 miou=0.6509 f1=0.7580 thr=0.35 time=63.3s
[Epoch 397] loss=0.1270 miou=0.6367 f1=0.7489 thr=0.35 time=63.6s
[Epoch 398] loss=0.1197 miou=0.6474 f1=0.7569 thr=0.35 time=63.0s
[Epoch 399] loss=0.1447 miou=0.6673 f1=0.7731 thr=0.35 time=63.0s
[Epoch 400] loss=0.1214 miou=0.6550 f1=0.7637 thr=0.35 time=62.2s
[Epoch 401] loss=0.1163 miou=0.6445 f1=0.7538 thr=0.35 time=62.3s
[Epoch 402] loss=0.1130 miou=0.6560 f1=0.7619 thr=0.40 time=62.9s
[Epoch 403] loss=0.1211 miou=0.6388 f1=0.7505 thr=0.35 time=62.4s
[Epoch 404] loss=0.1180 miou=0.6462 f1=0.7551 thr=0.35 time=62.9s
[Epoch 405] loss=0.1290 miou=0.6504 f1=0.7610 thr=0.55 time=62.3s
[Epoch 406] loss=0.1223 miou=0.6608 f1=0.7691 thr=0.40 time=62.5s
[Epoch 407] loss=0.1174 miou=0.6598 f1=0.7652 thr=0.35 time=62.3s
[Epoch 408] loss=0.1202 miou=0.6521 f1=0.7614 thr=0.40 time=62.3s
[Epoch 409] loss=0.1239 miou=0.6577 f1=0.7648 thr=0.35 time=62.4s
[Epoch 410] loss=0.1171 miou=0.6598 f1=0.7667 thr=0.35 time=62.3s
[Epoch 411] loss=0.1150 miou=0.6538 f1=0.7613 thr=0.35 time=62.2s
[Epoch 412] loss=0.1196 miou=0.6432 f1=0.7537 thr=0.40 time=62.3s
[Epoch 413] loss=0.1178 miou=0.6534 f1=0.7578 thr=0.35 time=62.3s
[Epoch 414] loss=0.1196 miou=0.6443 f1=0.7573 thr=0.35 time=62.3s
[Epoch 415] loss=0.1174 miou=0.6539 f1=0.7640 thr=0.35 time=62.3s
[Epoch 416] loss=0.1190 miou=0.6374 f1=0.7496 thr=0.35 time=62.3s
[Epoch 417] loss=0.1179 miou=0.6490 f1=0.7591 thr=0.40 time=62.3s
[Epoch 418] loss=0.1195 miou=0.6517 f1=0.7598 thr=0.35 time=62.3s
[Epoch 419] loss=0.1137 miou=0.6691 f1=0.7723 thr=0.35 time=62.3s
[Epoch 420] loss=0.1208 miou=0.6570 f1=0.7639 thr=0.35 time=62.7s
[Epoch 421] loss=0.1194 miou=0.6570 f1=0.7660 thr=0.35 time=62.7s
[Epoch 422] loss=0.1103 miou=0.6638 f1=0.7696 thr=0.35 time=62.6s
[Epoch 423] loss=0.1135 miou=0.6357 f1=0.7451 thr=0.35 time=62.5s
[Epoch 424] loss=0.1159 miou=0.6476 f1=0.7544 thr=0.35 time=62.6s
[Epoch 425] loss=0.1128 miou=0.6445 f1=0.7534 thr=0.35 time=62.6s
[Epoch 426] loss=0.1171 miou=0.6482 f1=0.7561 thr=0.35 time=62.6s
[Epoch 427] loss=0.1193 miou=0.6665 f1=0.7706 thr=0.35 time=62.6s
[Epoch 428] loss=0.1194 miou=0.6565 f1=0.7598 thr=0.35 time=62.6s
[Epoch 429] loss=0.1202 miou=0.6430 f1=0.7520 thr=0.40 time=62.6s
[Epoch 430] loss=0.1229 miou=0.6678 f1=0.7745 thr=0.35 time=62.6s
[Epoch 431] loss=0.1244 miou=0.6530 f1=0.7632 thr=0.35 time=62.5s
[Epoch 432] loss=0.1182 miou=0.6585 f1=0.7639 thr=0.35 time=62.6s
[Epoch 433] loss=0.1155 miou=0.6438 f1=0.7541 thr=0.35 time=62.6s
[Epoch 434] loss=0.1286 miou=0.6566 f1=0.7653 thr=0.35 time=62.5s
[Epoch 435] loss=0.1285 miou=0.6486 f1=0.7576 thr=0.40 time=62.6s
[Epoch 436] loss=0.1252 miou=0.6491 f1=0.7558 thr=0.35 time=62.6s
[Epoch 437] loss=0.1192 miou=0.6582 f1=0.7650 thr=0.35 time=62.6s
[Epoch 438] loss=0.1153 miou=0.6401 f1=0.7519 thr=0.35 time=62.6s
[Epoch 439] loss=0.1119 miou=0.6480 f1=0.7562 thr=0.35 time=62.6s
[Epoch 440] loss=0.1140 miou=0.6528 f1=0.7612 thr=0.40 time=62.6s
[Epoch 441] loss=0.1179 miou=0.6597 f1=0.7658 thr=0.35 time=62.6s
[Epoch 442] loss=0.1110 miou=0.6589 f1=0.7637 thr=0.35 time=62.6s
[Epoch 443] loss=0.1116 miou=0.6613 f1=0.7647 thr=0.35 time=62.5s
[Epoch 444] loss=0.1231 miou=0.6442 f1=0.7526 thr=0.35 time=62.4s
[Epoch 445] loss=0.1175 miou=0.6565 f1=0.7628 thr=0.35 time=62.4s
[Epoch 446] loss=0.1181 miou=0.6688 f1=0.7723 thr=0.35 time=62.7s
[Epoch 447] loss=0.1208 miou=0.6440 f1=0.7513 thr=0.35 time=63.1s
[Epoch 448] loss=0.1103 miou=0.6502 f1=0.7550 thr=0.35 time=63.0s
[Epoch 449] loss=0.1113 miou=0.6674 f1=0.7689 thr=0.50 time=62.3s
[Epoch 450] loss=0.1189 miou=0.6632 f1=0.7673 thr=0.35 time=62.5s
[Epoch 451] loss=0.1131 miou=0.6523 f1=0.7590 thr=0.35 time=62.2s
[Epoch 452] loss=0.1127 miou=0.6419 f1=0.7532 thr=0.35 time=62.3s
[Epoch 453] loss=0.1101 miou=0.6538 f1=0.7622 thr=0.35 time=63.1s
[Epoch 454] loss=0.1131 miou=0.6436 f1=0.7532 thr=0.45 time=63.2s
[Epoch 455] loss=0.1077 miou=0.6654 f1=0.7696 thr=0.35 time=63.1s
[Epoch 456] loss=0.1089 miou=0.6534 f1=0.7619 thr=0.35 time=63.0s
[Epoch 457] loss=0.1116 miou=0.6756 f1=0.7786 thr=0.55 time=63.1s
[Epoch 458] loss=0.1178 miou=0.6601 f1=0.7675 thr=0.35 time=62.2s
[Epoch 459] loss=0.1176 miou=0.6380 f1=0.7510 thr=0.35 time=62.4s
[Epoch 460] loss=0.1199 miou=0.6394 f1=0.7495 thr=0.35 time=62.1s
[Epoch 461] loss=0.1151 miou=0.6636 f1=0.7680 thr=0.35 time=62.1s
[Epoch 462] loss=0.1082 miou=0.6578 f1=0.7641 thr=0.35 time=62.1s
[Epoch 463] loss=0.1109 miou=0.6541 f1=0.7605 thr=0.35 time=63.2s
[Epoch 464] loss=0.1028 miou=0.6636 f1=0.7685 thr=0.55 time=63.0s
[Epoch 465] loss=0.1051 miou=0.6408 f1=0.7497 thr=0.35 time=62.5s
[Epoch 466] loss=0.1100 miou=0.6448 f1=0.7553 thr=0.35 time=62.2s
[Epoch 467] loss=0.1130 miou=0.6510 f1=0.7593 thr=0.35 time=62.1s
[Epoch 468] loss=0.1098 miou=0.6417 f1=0.7517 thr=0.35 time=62.1s
[Epoch 469] loss=0.1123 miou=0.6415 f1=0.7531 thr=0.35 time=62.1s
[Epoch 470] loss=0.1169 miou=0.6412 f1=0.7536 thr=0.35 time=62.2s
[Epoch 471] loss=0.1086 miou=0.6549 f1=0.7638 thr=0.35 time=62.1s
[Epoch 472] loss=0.1142 miou=0.6493 f1=0.7593 thr=0.35 time=62.3s
[Epoch 473] loss=0.1070 miou=0.6509 f1=0.7603 thr=0.35 time=62.2s
[Epoch 474] loss=0.1043 miou=0.6432 f1=0.7540 thr=0.35 time=62.2s
[Epoch 475] loss=0.1085 miou=0.6508 f1=0.7573 thr=0.35 time=63.2s
[Epoch 476] loss=0.1097 miou=0.6468 f1=0.7558 thr=0.35 time=62.4s
[Epoch 477] loss=0.1045 miou=0.6456 f1=0.7542 thr=0.45 time=62.4s
[Epoch 478] loss=0.1113 miou=0.6366 f1=0.7454 thr=0.35 time=63.1s
[Epoch 479] loss=0.1151 miou=0.6414 f1=0.7501 thr=0.35 time=63.2s
[Epoch 480] loss=0.1102 miou=0.6455 f1=0.7553 thr=0.35 time=63.1s
[Epoch 481] loss=0.1101 miou=0.6486 f1=0.7544 thr=0.35 time=62.2s
[Epoch 482] loss=0.1062 miou=0.6415 f1=0.7492 thr=0.35 time=63.0s
[Epoch 483] loss=0.1093 miou=0.6367 f1=0.7465 thr=0.40 time=62.2s
[Epoch 484] loss=0.1095 miou=0.6377 f1=0.7484 thr=0.35 time=62.3s
[Epoch 485] loss=0.1082 miou=0.6538 f1=0.7624 thr=0.35 time=62.2s
[Epoch 486] loss=0.1071 miou=0.6503 f1=0.7595 thr=0.35 time=62.3s
[Epoch 487] loss=0.1042 miou=0.6573 f1=0.7651 thr=0.35 time=62.2s
[Epoch 488] loss=0.1091 miou=0.6484 f1=0.7592 thr=0.35 time=62.1s
[Epoch 489] loss=0.1052 miou=0.6402 f1=0.7492 thr=0.35 time=62.2s
[Epoch 490] loss=0.1040 miou=0.6493 f1=0.7574 thr=0.35 time=62.2s
[Epoch 491] loss=0.1044 miou=0.6648 f1=0.7704 thr=0.35 time=62.2s
[Epoch 492] loss=0.1038 miou=0.6559 f1=0.7640 thr=0.35 time=62.3s
[Epoch 493] loss=0.1108 miou=0.6494 f1=0.7589 thr=0.35 time=62.4s
[Epoch 494] loss=0.1115 miou=0.6554 f1=0.7614 thr=0.35 time=62.2s
[Epoch 495] loss=0.1100 miou=0.6485 f1=0.7589 thr=0.35 time=62.2s
[Epoch 496] loss=0.1096 miou=0.6375 f1=0.7511 thr=0.35 time=62.5s
[Epoch 497] loss=0.1150 miou=0.6351 f1=0.7484 thr=0.35 time=63.1s
[Epoch 498] loss=0.1104 miou=0.6425 f1=0.7518 thr=0.35 time=63.2s
[Epoch 499] loss=0.1017 miou=0.6523 f1=0.7599 thr=0.35 time=63.1s
[Epoch 500] loss=0.1064 miou=0.6527 f1=0.7593 thr=0.45 time=62.4s
[Epoch 501] loss=0.1069 miou=0.6495 f1=0.7562 thr=0.35 time=63.3s
[Epoch 502] loss=0.1010 miou=0.6486 f1=0.7559 thr=0.35 time=63.2s
[Epoch 503] loss=0.0989 miou=0.6524 f1=0.7604 thr=0.35 time=63.1s
[Epoch 504] loss=0.1020 miou=0.6515 f1=0.7594 thr=0.35 time=63.2s
[Epoch 505] loss=0.1000 miou=0.6561 f1=0.7609 thr=0.35 time=63.2s
[Epoch 506] loss=0.1040 miou=0.6462 f1=0.7547 thr=0.45 time=63.2s
[Epoch 507] loss=0.1054 miou=0.6439 f1=0.7527 thr=0.35 time=63.2s
[Epoch 508] loss=0.1041 miou=0.6554 f1=0.7608 thr=0.45 time=63.1s
[Epoch 509] loss=0.1104 miou=0.6188 f1=0.7357 thr=0.35 time=63.1s
[Epoch 510] loss=225.6236 miou=0.6200 f1=0.7382 thr=0.35 time=63.2s
[Epoch 511] loss=0.1349 miou=0.6364 f1=0.7511 thr=0.35 time=63.1s
[Epoch 512] loss=0.1197 miou=0.6466 f1=0.7597 thr=0.35 time=63.0s
[Epoch 513] loss=0.1121 miou=0.6437 f1=0.7554 thr=0.35 time=63.1s
[Epoch 514] loss=0.1034 miou=0.6404 f1=0.7527 thr=0.35 time=63.0s
[Epoch 515] loss=0.1024 miou=0.6355 f1=0.7500 thr=0.50 time=63.1s
[Epoch 516] loss=0.1048 miou=0.6277 f1=0.7428 thr=0.45 time=62.1s
[Epoch 517] loss=0.1034 miou=0.6392 f1=0.7520 thr=0.35 time=62.9s
[Epoch 518] loss=0.1026 miou=0.6405 f1=0.7568 thr=0.35 time=62.2s
[Epoch 519] loss=0.1016 miou=0.6425 f1=0.7554 thr=0.45 time=62.3s
[Epoch 520] loss=0.1015 miou=0.6511 f1=0.7580 thr=0.35 time=63.1s
[Epoch 521] loss=0.1011 miou=0.6477 f1=0.7557 thr=0.35 time=63.3s
[Epoch 522] loss=0.1043 miou=0.6426 f1=0.7582 thr=0.35 time=63.1s
[Epoch 523] loss=0.1024 miou=0.6411 f1=0.7544 thr=0.35 time=63.1s
[Epoch 524] loss=0.0988 miou=0.6381 f1=0.7499 thr=0.35 time=62.3s
[Epoch 525] loss=0.0991 miou=0.6373 f1=0.7474 thr=0.35 time=63.0s
[Epoch 526] loss=0.1032 miou=0.6478 f1=0.7536 thr=0.35 time=63.0s
[Epoch 527] loss=0.1019 miou=0.6459 f1=0.7535 thr=0.35 time=62.1s
[Epoch 528] loss=0.1050 miou=0.6298 f1=0.7397 thr=0.35 time=63.1s
[Epoch 529] loss=0.1029 miou=0.6417 f1=0.7511 thr=0.35 time=63.0s
[Epoch 530] loss=0.1018 miou=0.6520 f1=0.7550 thr=0.35 time=62.2s
[Epoch 531] loss=0.1039 miou=0.6405 f1=0.7528 thr=0.35 time=62.5s
[Epoch 532] loss=0.0997 miou=0.6240 f1=0.7415 thr=0.35 time=62.9s
[Epoch 533] loss=0.1125 miou=0.6358 f1=0.7481 thr=0.35 time=62.3s
[Epoch 534] loss=0.1058 miou=0.6356 f1=0.7522 thr=0.35 time=63.1s
[Epoch 535] loss=0.1056 miou=0.6350 f1=0.7500 thr=0.35 time=62.1s
[Epoch 536] loss=0.1065 miou=0.6291 f1=0.7451 thr=0.35 time=62.1s
[Epoch 537] loss=0.1055 miou=0.6369 f1=0.7506 thr=0.35 time=63.2s
[Epoch 538] loss=0.1105 miou=0.6306 f1=0.7478 thr=0.35 time=63.1s
[Epoch 539] loss=0.1152 miou=0.6371 f1=0.7510 thr=0.35 time=63.1s
[Epoch 540] loss=0.1078 miou=0.6382 f1=0.7526 thr=0.35 time=63.1s
[Epoch 541] loss=0.1054 miou=0.6500 f1=0.7607 thr=0.35 time=63.1s
[Epoch 542] loss=0.1028 miou=0.6310 f1=0.7465 thr=0.35 time=63.1s
[Epoch 543] loss=0.1048 miou=0.6345 f1=0.7518 thr=0.35 time=62.2s
[Epoch 544] loss=0.1060 miou=0.6358 f1=0.7502 thr=0.35 time=62.2s
[Epoch 545] loss=0.1096 miou=0.6361 f1=0.7513 thr=0.35 time=62.1s
[Epoch 546] loss=0.1046 miou=0.6329 f1=0.7514 thr=0.35 time=62.2s
[Epoch 547] loss=0.1061 miou=0.6443 f1=0.7594 thr=0.55 time=62.1s
[Epoch 548] loss=0.1047 miou=0.6434 f1=0.7574 thr=0.35 time=62.2s
[Epoch 549] loss=0.1043 miou=0.6334 f1=0.7502 thr=0.35 time=62.1s
[Epoch 550] loss=0.1016 miou=0.6503 f1=0.7623 thr=0.35 time=62.1s
[Epoch 551] loss=0.1037 miou=0.6430 f1=0.7585 thr=0.35 time=62.1s
[Epoch 552] loss=0.4734 miou=0.6203 f1=0.7354 thr=0.50 time=62.1s
[Epoch 553] loss=0.1275 miou=0.6287 f1=0.7401 thr=0.35 time=62.2s
[Epoch 554] loss=0.1085 miou=0.6479 f1=0.7584 thr=0.35 time=62.3s
[Epoch 555] loss=0.1068 miou=0.6492 f1=0.7562 thr=0.55 time=62.8s
[Epoch 556] loss=0.1008 miou=0.6369 f1=0.7484 thr=0.35 time=62.8s
[Epoch 557] loss=0.1054 miou=0.6390 f1=0.7520 thr=0.35 time=62.3s
[Epoch 558] loss=0.1006 miou=0.6336 f1=0.7479 thr=0.35 time=62.1s
[Epoch 559] loss=0.1022 miou=0.6418 f1=0.7558 thr=0.35 time=62.1s
[Epoch 560] loss=0.0989 miou=0.6304 f1=0.7485 thr=0.35 time=62.1s
[Epoch 561] loss=0.0980 miou=0.6319 f1=0.7470 thr=0.35 time=63.1s
[Epoch 562] loss=0.0983 miou=0.6344 f1=0.7487 thr=0.35 time=62.4s
[Epoch 563] loss=0.0979 miou=0.6392 f1=0.7500 thr=0.35 time=62.2s
[Epoch 564] loss=0.0985 miou=0.6412 f1=0.7557 thr=0.35 time=62.9s
[Epoch 565] loss=0.0996 miou=0.6449 f1=0.7554 thr=0.45 time=62.1s
[Epoch 566] loss=0.0960 miou=0.6346 f1=0.7491 thr=0.35 time=62.2s
[Epoch 567] loss=0.0995 miou=0.6447 f1=0.7542 thr=0.35 time=62.2s
[Epoch 568] loss=0.0994 miou=0.6408 f1=0.7507 thr=0.35 time=62.2s
[Epoch 569] loss=0.0967 miou=0.6493 f1=0.7582 thr=0.35 time=62.2s
[Epoch 570] loss=0.1010 miou=0.6422 f1=0.7502 thr=0.35 time=62.2s
[Epoch 571] loss=0.0988 miou=0.6370 f1=0.7550 thr=0.35 time=62.1s
[Epoch 572] loss=0.1034 miou=0.6510 f1=0.7653 thr=0.35 time=63.1s
[Epoch 573] loss=0.1027 miou=0.6441 f1=0.7600 thr=0.35 time=63.1s
[Epoch 574] loss=0.1034 miou=0.6447 f1=0.7584 thr=0.35 time=63.0s
[Epoch 575] loss=0.1023 miou=0.6410 f1=0.7551 thr=0.35 time=63.2s
[Epoch 576] loss=0.1002 miou=0.6429 f1=0.7530 thr=0.35 time=62.7s
[Epoch 577] loss=0.1031 miou=0.6487 f1=0.7585 thr=0.35 time=62.6s
[Epoch 578] loss=0.0997 miou=0.6368 f1=0.7533 thr=0.35 time=63.1s
[Epoch 579] loss=0.1162 miou=0.6357 f1=0.7451 thr=0.35 time=62.1s
[Epoch 580] loss=0.1087 miou=0.6375 f1=0.7487 thr=0.35 time=63.1s
[Epoch 581] loss=0.0993 miou=0.6315 f1=0.7460 thr=0.35 time=62.2s
[Epoch 582] loss=0.1048 miou=0.6378 f1=0.7528 thr=0.35 time=63.0s
[Epoch 583] loss=0.0993 miou=0.6469 f1=0.7558 thr=0.35 time=62.3s
[Epoch 584] loss=0.0990 miou=0.6378 f1=0.7501 thr=0.35 time=62.6s
[Epoch 585] loss=0.1094 miou=0.6440 f1=0.7597 thr=0.35 time=63.0s
[Epoch 586] loss=0.1015 miou=0.6602 f1=0.7683 thr=0.35 time=63.1s
[Epoch 587] loss=0.0967 miou=0.6568 f1=0.7660 thr=0.35 time=63.0s
[Epoch 588] loss=0.0945 miou=0.6567 f1=0.7661 thr=0.35 time=63.0s
[Epoch 589] loss=0.1022 miou=0.6449 f1=0.7557 thr=0.35 time=63.1s
[Epoch 590] loss=0.0974 miou=0.6443 f1=0.7540 thr=0.35 time=63.1s
[Epoch 591] loss=0.0951 miou=0.6501 f1=0.7600 thr=0.35 time=63.0s
[Epoch 592] loss=0.0938 miou=0.6324 f1=0.7508 thr=0.35 time=63.1s
[Epoch 593] loss=0.0969 miou=0.6374 f1=0.7522 thr=0.35 time=62.9s
[Epoch 594] loss=0.0977 miou=0.6413 f1=0.7546 thr=0.35 time=62.9s
[Epoch 595] loss=0.0976 miou=0.6434 f1=0.7603 thr=0.35 time=62.4s
[Epoch 596] loss=0.1035 miou=0.6376 f1=0.7543 thr=0.35 time=63.1s
[Epoch 597] loss=0.0947 miou=0.6325 f1=0.7459 thr=0.35 time=62.9s
[Epoch 598] loss=0.0969 miou=0.6295 f1=0.7483 thr=0.35 time=62.5s
[Epoch 599] loss=0.0958 miou=0.6362 f1=0.7524 thr=0.35 time=63.0s
[Epoch 600] loss=0.0952 miou=0.6479 f1=0.7580 thr=0.55 time=63.2s
[Epoch 601] loss=0.0977 miou=0.6312 f1=0.7481 thr=0.35 time=62.7s
[Epoch 602] loss=0.1035 miou=0.6364 f1=0.7515 thr=0.35 time=62.9s
[Epoch 603] loss=0.1043 miou=0.6453 f1=0.7598 thr=0.50 time=62.4s
[Epoch 604] loss=0.1077 miou=0.6449 f1=0.7556 thr=0.35 time=62.2s
[Epoch 605] loss=0.1072 miou=0.6511 f1=0.7610 thr=0.35 time=62.2s
[Epoch 606] loss=0.0995 miou=0.6539 f1=0.7609 thr=0.35 time=62.4s
[Epoch 607] loss=0.1044 miou=0.6462 f1=0.7559 thr=0.35 time=62.4s
[Epoch 608] loss=0.0969 miou=0.6471 f1=0.7564 thr=0.45 time=62.4s
[Epoch 609] loss=0.0975 miou=0.6528 f1=0.7623 thr=0.35 time=62.2s
[Epoch 610] loss=0.1003 miou=0.6416 f1=0.7531 thr=0.35 time=62.1s
[Epoch 611] loss=0.1029 miou=0.6356 f1=0.7497 thr=0.35 time=62.2s
[Epoch 612] loss=0.0982 miou=0.6409 f1=0.7521 thr=0.35 time=62.1s
[Epoch 613] loss=0.1135 miou=0.6377 f1=0.7502 thr=0.35 time=62.2s
[Epoch 614] loss=0.1149 miou=0.6446 f1=0.7551 thr=0.35 time=62.2s
[Epoch 615] loss=0.0986 miou=0.6401 f1=0.7528 thr=0.35 time=62.1s
[Epoch 616] loss=0.0965 miou=0.6501 f1=0.7601 thr=0.35 time=62.1s
[Epoch 617] loss=0.0959 miou=0.6407 f1=0.7524 thr=0.35 time=62.1s
[Epoch 618] loss=0.1026 miou=0.6360 f1=0.7483 thr=0.35 time=62.2s
[Epoch 619] loss=0.0988 miou=0.6407 f1=0.7523 thr=0.35 time=62.2s
[Epoch 620] loss=0.0945 miou=0.6458 f1=0.7560 thr=0.35 time=62.2s
[Epoch 621] loss=0.0971 miou=0.6536 f1=0.7624 thr=0.45 time=62.2s
[Epoch 622] loss=0.0976 miou=0.6487 f1=0.7596 thr=0.35 time=62.4s
[Epoch 623] loss=0.0984 miou=0.6374 f1=0.7510 thr=0.45 time=62.5s
[Epoch 624] loss=0.0971 miou=0.6395 f1=0.7518 thr=0.35 time=62.4s
[Epoch 625] loss=0.0976 miou=0.6372 f1=0.7506 thr=0.35 time=62.5s
[Epoch 626] loss=0.0927 miou=0.6539 f1=0.7627 thr=0.35 time=62.5s
[Epoch 627] loss=0.0958 miou=0.6460 f1=0.7567 thr=0.35 time=62.5s
[Epoch 628] loss=0.0980 miou=0.6453 f1=0.7589 thr=0.35 time=62.5s
[Epoch 629] loss=0.0996 miou=0.6440 f1=0.7527 thr=0.35 time=62.6s
[Epoch 630] loss=0.0959 miou=0.6442 f1=0.7533 thr=0.35 time=62.2s
[Epoch 631] loss=0.0956 miou=0.6528 f1=0.7629 thr=0.35 time=62.2s
[Epoch 632] loss=0.0964 miou=0.6429 f1=0.7561 thr=0.35 time=62.2s
[Epoch 633] loss=0.0974 miou=0.6420 f1=0.7528 thr=0.35 time=62.2s
[Epoch 634] loss=0.0979 miou=0.6555 f1=0.7649 thr=0.35 time=62.2s
[Epoch 635] loss=0.1001 miou=0.6368 f1=0.7494 thr=0.35 time=62.2s
[Epoch 636] loss=0.1008 miou=0.6547 f1=0.7627 thr=0.35 time=62.2s
[Epoch 637] loss=0.0972 miou=0.6509 f1=0.7608 thr=0.35 time=62.2s
[Epoch 638] loss=0.0942 miou=0.6533 f1=0.7630 thr=0.35 time=62.5s
[Epoch 639] loss=0.0951 miou=0.6541 f1=0.7652 thr=0.35 time=62.4s
[Epoch 640] loss=0.0937 miou=0.6537 f1=0.7636 thr=0.35 time=62.5s
[Epoch 641] loss=0.0903 miou=0.6448 f1=0.7573 thr=0.40 time=62.4s
[Epoch 642] loss=0.0951 miou=0.6569 f1=0.7643 thr=0.35 time=62.5s
[Epoch 643] loss=0.0971 miou=0.6417 f1=0.7535 thr=0.35 time=62.2s
[Epoch 644] loss=0.0951 miou=0.6361 f1=0.7498 thr=0.35 time=62.2s
[Epoch 645] loss=0.1015 miou=0.6423 f1=0.7519 thr=0.35 time=62.2s
[Epoch 646] loss=0.1035 miou=0.6507 f1=0.7611 thr=0.35 time=62.3s
[Epoch 647] loss=0.0963 miou=0.6508 f1=0.7596 thr=0.35 time=62.5s
[Epoch 648] loss=0.1040 miou=0.6378 f1=0.7474 thr=0.35 time=62.2s
[Epoch 649] loss=0.1091 miou=0.6459 f1=0.7555 thr=0.35 time=62.2s
[Epoch 650] loss=0.0948 miou=0.6351 f1=0.7510 thr=0.35 time=62.2s
[Epoch 651] loss=0.0974 miou=0.6410 f1=0.7556 thr=0.35 time=62.1s
[Epoch 652] loss=0.0899 miou=0.6476 f1=0.7575 thr=0.35 time=62.1s
[Epoch 653] loss=0.0969 miou=0.6408 f1=0.7515 thr=0.35 time=62.2s
[Epoch 654] loss=0.1000 miou=0.6489 f1=0.7579 thr=0.35 time=62.4s
[Epoch 655] loss=0.0975 miou=0.6378 f1=0.7506 thr=0.35 time=62.2s
[Epoch 656] loss=0.0946 miou=0.6359 f1=0.7497 thr=0.55 time=63.0s
[Epoch 657] loss=0.0946 miou=0.6401 f1=0.7514 thr=0.35 time=63.0s
[Epoch 658] loss=0.0957 miou=0.6287 f1=0.7426 thr=0.35 time=63.2s
[Epoch 659] loss=0.1079 miou=0.6327 f1=0.7463 thr=0.35 time=63.0s
[Epoch 660] loss=0.1011 miou=0.6429 f1=0.7566 thr=0.35 time=62.9s
[Epoch 661] loss=0.0970 miou=0.6368 f1=0.7511 thr=0.35 time=63.1s
[Epoch 662] loss=0.1008 miou=0.6195 f1=0.7364 thr=0.35 time=63.1s
[Epoch 663] loss=0.1072 miou=0.6418 f1=0.7537 thr=0.35 time=63.1s
[Epoch 664] loss=0.0927 miou=0.6470 f1=0.7565 thr=0.35 time=63.1s
[Epoch 665] loss=0.0969 miou=0.6387 f1=0.7513 thr=0.35 time=63.1s
[Epoch 666] loss=0.0914 miou=0.6543 f1=0.7636 thr=0.35 time=63.2s
[Epoch 667] loss=0.0875 miou=0.6441 f1=0.7546 thr=0.35 time=63.1s
[Epoch 668] loss=0.0946 miou=0.6440 f1=0.7531 thr=0.35 time=62.7s
[Epoch 669] loss=0.1018 miou=0.6469 f1=0.7575 thr=0.35 time=62.1s
[Epoch 670] loss=0.0984 miou=0.6402 f1=0.7560 thr=0.35 time=62.1s
[Epoch 671] loss=0.1043 miou=0.6220 f1=0.7417 thr=0.35 time=63.2s
[Epoch 672] loss=0.1023 miou=0.6444 f1=0.7570 thr=0.35 time=63.2s
[Epoch 673] loss=0.0947 miou=0.6406 f1=0.7526 thr=0.35 time=62.8s
[Epoch 674] loss=0.0951 miou=0.6429 f1=0.7544 thr=0.35 time=62.2s
[Epoch 675] loss=0.0945 miou=0.6369 f1=0.7521 thr=0.35 time=62.4s
[Epoch 676] loss=0.0912 miou=0.6515 f1=0.7618 thr=0.35 time=62.1s
[Epoch 677] loss=0.0934 miou=0.6348 f1=0.7468 thr=0.35 time=63.0s
[Epoch 678] loss=0.0950 miou=0.6422 f1=0.7531 thr=0.35 time=63.1s
[Epoch 679] loss=0.0914 miou=0.6424 f1=0.7509 thr=0.35 time=62.1s
[Epoch 680] loss=0.0912 miou=0.6409 f1=0.7518 thr=0.35 time=62.2s
[Epoch 681] loss=0.0911 miou=0.6400 f1=0.7520 thr=0.35 time=62.1s
[Epoch 682] loss=0.0976 miou=0.6213 f1=0.7381 thr=0.35 time=62.2s
[Epoch 683] loss=0.0953 miou=0.6492 f1=0.7605 thr=0.35 time=62.2s
[Epoch 684] loss=0.0952 miou=0.6398 f1=0.7526 thr=0.50 time=62.1s
[Epoch 685] loss=0.0954 miou=0.6530 f1=0.7625 thr=0.40 time=62.2s
[Epoch 686] loss=0.0910 miou=0.6403 f1=0.7528 thr=0.35 time=62.2s
[Epoch 687] loss=0.0916 miou=0.6379 f1=0.7520 thr=0.35 time=62.2s
[Epoch 688] loss=0.0899 miou=0.6517 f1=0.7611 thr=0.35 time=62.2s
[Epoch 689] loss=0.0890 miou=0.6455 f1=0.7558 thr=0.35 time=62.1s
[Epoch 690] loss=0.0969 miou=0.6377 f1=0.7498 thr=0.35 time=62.1s
[Epoch 691] loss=0.1031 miou=0.6543 f1=0.7619 thr=0.35 time=62.2s
[Epoch 692] loss=0.0965 miou=0.6596 f1=0.7668 thr=0.35 time=62.1s
[Epoch 693] loss=0.0918 miou=0.6396 f1=0.7499 thr=0.35 time=62.2s
[Epoch 694] loss=0.0887 miou=0.6506 f1=0.7581 thr=0.35 time=62.2s
[Epoch 695] loss=0.0974 miou=0.6358 f1=0.7527 thr=0.35 time=62.1s
[Epoch 696] loss=0.0926 miou=0.6383 f1=0.7534 thr=0.35 time=62.1s
[Epoch 697] loss=0.0931 miou=0.6470 f1=0.7572 thr=0.35 time=62.2s
[Epoch 698] loss=0.0957 miou=0.6436 f1=0.7583 thr=0.35 time=62.2s
[Epoch 699] loss=0.0911 miou=0.6512 f1=0.7602 thr=0.50 time=62.2s
[Epoch 700] loss=0.0928 miou=0.6536 f1=0.7608 thr=0.35 time=62.1s
[Epoch 701] loss=0.0892 miou=0.6534 f1=0.7604 thr=0.35 time=62.2s
[Epoch 702] loss=0.0876 miou=0.6477 f1=0.7622 thr=0.50 time=62.2s
[Epoch 703] loss=0.0877 miou=0.6424 f1=0.7580 thr=0.35 time=62.2s
[Epoch 704] loss=0.0922 miou=0.6585 f1=0.7670 thr=0.35 time=62.2s
[Epoch 705] loss=0.0937 miou=0.6593 f1=0.7669 thr=0.35 time=62.2s
[Epoch 706] loss=0.0923 miou=0.6504 f1=0.7602 thr=0.35 time=62.2s
[Epoch 707] loss=0.0886 miou=0.6597 f1=0.7679 thr=0.35 time=62.3s
[Epoch 708] loss=0.0875 miou=0.6528 f1=0.7600 thr=0.35 time=62.2s
[Epoch 709] loss=0.0908 miou=0.6508 f1=0.7598 thr=0.35 time=62.2s
[Epoch 710] loss=0.0853 miou=0.6549 f1=0.7638 thr=0.35 time=62.1s
[Epoch 711] loss=0.0869 miou=0.6422 f1=0.7541 thr=0.35 time=62.2s
[Epoch 712] loss=0.0919 miou=0.6577 f1=0.7647 thr=0.35 time=62.2s
[Epoch 713] loss=0.0973 miou=0.6376 f1=0.7498 thr=0.35 time=62.2s
[Epoch 714] loss=0.0920 miou=0.6459 f1=0.7582 thr=0.35 time=62.2s
[Epoch 715] loss=0.0883 miou=0.6492 f1=0.7584 thr=0.35 time=62.2s
[Epoch 716] loss=0.0947 miou=0.6447 f1=0.7534 thr=0.35 time=62.3s
[Epoch 717] loss=0.0954 miou=0.6294 f1=0.7416 thr=0.35 time=62.2s
[Epoch 718] loss=0.0966 miou=0.6410 f1=0.7536 thr=0.35 time=62.2s
[Epoch 719] loss=0.0865 miou=0.6414 f1=0.7536 thr=0.35 time=62.2s
[Epoch 720] loss=0.0890 miou=0.6459 f1=0.7568 thr=0.35 time=62.2s
[Epoch 721] loss=0.0924 miou=0.6346 f1=0.7488 thr=0.35 time=62.2s
[Epoch 722] loss=0.0966 miou=0.6319 f1=0.7464 thr=0.35 time=62.2s
[Epoch 723] loss=0.1003 miou=0.6318 f1=0.7446 thr=0.35 time=63.0s
[Epoch 724] loss=0.1032 miou=0.6500 f1=0.7607 thr=0.35 time=62.2s
[Epoch 725] loss=0.0927 miou=0.6395 f1=0.7515 thr=0.35 time=62.1s
[Epoch 726] loss=0.0888 miou=0.6402 f1=0.7516 thr=0.35 time=62.2s
[Epoch 727] loss=0.0901 miou=0.6324 f1=0.7457 thr=0.35 time=62.1s
[Epoch 728] loss=0.0860 miou=0.6426 f1=0.7537 thr=0.35 time=62.2s
[Epoch 729] loss=0.0896 miou=0.6341 f1=0.7454 thr=0.35 time=62.3s
[Epoch 730] loss=0.0853 miou=0.6461 f1=0.7568 thr=0.55 time=62.6s
[Epoch 731] loss=0.0927 miou=0.6427 f1=0.7534 thr=0.35 time=62.7s
[Epoch 732] loss=0.0931 miou=0.6421 f1=0.7530 thr=0.35 time=62.2s
[Epoch 733] loss=0.0874 miou=0.6503 f1=0.7602 thr=0.35 time=63.1s
[Epoch 734] loss=0.0853 miou=0.6545 f1=0.7615 thr=0.35 time=63.1s
[Epoch 735] loss=0.0841 miou=0.6482 f1=0.7589 thr=0.35 time=63.1s
[Epoch 736] loss=0.0870 miou=0.6525 f1=0.7600 thr=0.55 time=62.3s
[Epoch 737] loss=0.0867 miou=0.6471 f1=0.7569 thr=0.35 time=62.4s
[Epoch 738] loss=0.0909 miou=0.6482 f1=0.7568 thr=0.35 time=63.2s
[Epoch 739] loss=0.0909 miou=0.6438 f1=0.7539 thr=0.35 time=62.4s
[Epoch 740] loss=0.0840 miou=0.6440 f1=0.7534 thr=0.35 time=63.1s
[Epoch 741] loss=0.0834 miou=0.6446 f1=0.7537 thr=0.35 time=62.1s
[Epoch 742] loss=0.0851 miou=0.6410 f1=0.7514 thr=0.35 time=62.3s
[Epoch 743] loss=0.0885 miou=0.6426 f1=0.7521 thr=0.35 time=62.9s
[Epoch 744] loss=0.0873 miou=0.6513 f1=0.7615 thr=0.40 time=62.1s
[Epoch 745] loss=0.0859 miou=0.6472 f1=0.7577 thr=0.35 time=62.3s
[Epoch 746] loss=0.0847 miou=0.6544 f1=0.7618 thr=0.35 time=62.9s
[Epoch 747] loss=0.0849 miou=0.6575 f1=0.7656 thr=0.35 time=62.3s
[Epoch 748] loss=0.0863 miou=0.6473 f1=0.7580 thr=0.35 time=62.2s
[Epoch 749] loss=0.0882 miou=0.6445 f1=0.7566 thr=0.35 time=62.2s
[Epoch 750] loss=0.0872 miou=0.6255 f1=0.7399 thr=0.35 time=62.2s
[Epoch 751] loss=0.0912 miou=0.6437 f1=0.7536 thr=0.35 time=62.1s
[Epoch 752] loss=0.0938 miou=0.6436 f1=0.7562 thr=0.35 time=62.2s
[Epoch 753] loss=0.0884 miou=0.6338 f1=0.7478 thr=0.35 time=62.2s
[Epoch 754] loss=0.0851 miou=0.6426 f1=0.7533 thr=0.35 time=62.2s
[Epoch 755] loss=0.0869 miou=0.6426 f1=0.7549 thr=0.35 time=62.2s
[Epoch 756] loss=0.0885 miou=0.6416 f1=0.7549 thr=0.35 time=62.1s
[Epoch 757] loss=0.0857 miou=0.6512 f1=0.7619 thr=0.35 time=62.1s
[Epoch 758] loss=0.0875 miou=0.6356 f1=0.7483 thr=0.50 time=62.1s
[Epoch 759] loss=0.0885 miou=0.6521 f1=0.7621 thr=0.35 time=62.1s
[Epoch 760] loss=0.0854 miou=0.6373 f1=0.7487 thr=0.50 time=62.1s
[Epoch 761] loss=0.0836 miou=0.6567 f1=0.7667 thr=0.35 time=62.1s
[Epoch 762] loss=0.0824 miou=0.6497 f1=0.7582 thr=0.35 time=62.2s
[Epoch 763] loss=0.0851 miou=0.6478 f1=0.7572 thr=0.35 time=62.2s
[Epoch 764] loss=0.0877 miou=0.6432 f1=0.7543 thr=0.35 time=62.1s
[Epoch 765] loss=0.0881 miou=0.6438 f1=0.7515 thr=0.35 time=62.2s
[Epoch 766] loss=0.0886 miou=0.6552 f1=0.7604 thr=0.35 time=62.2s
[Epoch 767] loss=0.0905 miou=0.6454 f1=0.7570 thr=0.35 time=62.3s
[Epoch 768] loss=0.0864 miou=0.6393 f1=0.7465 thr=0.35 time=62.1s
[Epoch 769] loss=0.0872 miou=0.6322 f1=0.7423 thr=0.35 time=62.2s
[Epoch 770] loss=0.0884 miou=0.6360 f1=0.7468 thr=0.35 time=62.2s
[Epoch 771] loss=0.0874 miou=0.6420 f1=0.7510 thr=0.35 time=62.2s
[Epoch 772] loss=0.0895 miou=0.6344 f1=0.7460 thr=0.35 time=62.1s
[Epoch 773] loss=0.0921 miou=0.6364 f1=0.7478 thr=0.35 time=62.2s
[Epoch 774] loss=0.0948 miou=0.6429 f1=0.7532 thr=0.45 time=62.3s
[Epoch 775] loss=0.0854 miou=0.6531 f1=0.7617 thr=0.35 time=62.2s
[Epoch 776] loss=0.0908 miou=0.6342 f1=0.7443 thr=0.40 time=62.2s
[Epoch 777] loss=0.0863 miou=0.6487 f1=0.7550 thr=0.35 time=62.2s
[Epoch 778] loss=0.0876 miou=0.6493 f1=0.7596 thr=0.35 time=62.2s
[Epoch 779] loss=0.0913 miou=0.6378 f1=0.7470 thr=0.35 time=62.2s
[Epoch 780] loss=0.0887 miou=0.6489 f1=0.7564 thr=0.35 time=62.2s
[Epoch 781] loss=0.0847 miou=0.6493 f1=0.7581 thr=0.35 time=62.1s
[Epoch 782] loss=0.0851 miou=0.6516 f1=0.7593 thr=0.35 time=62.2s
[Epoch 783] loss=0.0844 miou=0.6504 f1=0.7596 thr=0.35 time=62.1s
[Epoch 784] loss=0.0915 miou=0.6581 f1=0.7669 thr=0.35 time=62.2s
[Epoch 785] loss=0.0927 miou=0.6292 f1=0.7417 thr=0.35 time=62.2s
[Epoch 786] loss=0.0973 miou=0.6402 f1=0.7508 thr=0.35 time=62.2s
[Epoch 787] loss=0.0963 miou=0.6462 f1=0.7550 thr=0.35 time=62.2s
[Epoch 788] loss=0.0882 miou=0.6453 f1=0.7543 thr=0.35 time=62.2s
[Epoch 789] loss=0.0849 miou=0.6506 f1=0.7599 thr=0.35 time=62.2s
[Epoch 790] loss=0.0857 miou=0.6428 f1=0.7549 thr=0.35 time=62.2s
[Epoch 791] loss=0.0812 miou=0.6473 f1=0.7571 thr=0.55 time=62.2s
[Epoch 792] loss=0.0839 miou=0.6415 f1=0.7528 thr=0.35 time=62.2s
[Epoch 793] loss=0.0837 miou=0.6417 f1=0.7509 thr=0.35 time=62.1s
[Epoch 794] loss=0.0865 miou=0.6474 f1=0.7553 thr=0.35 time=62.2s
[Epoch 795] loss=0.0822 miou=0.6497 f1=0.7603 thr=0.35 time=63.2s
[Epoch 796] loss=0.0844 miou=0.6451 f1=0.7563 thr=0.35 time=62.2s
[Epoch 797] loss=0.0879 miou=0.6420 f1=0.7531 thr=0.35 time=62.2s
[Epoch 798] loss=0.0876 miou=0.6449 f1=0.7535 thr=0.35 time=62.2s
[Epoch 799] loss=0.0875 miou=0.6333 f1=0.7414 thr=0.35 time=62.2s
[Epoch 800] loss=0.0967 miou=0.6538 f1=0.7615 thr=0.35 time=62.2s
[Epoch 801] loss=0.0944 miou=0.6498 f1=0.7589 thr=0.35 time=62.2s
[Epoch 802] loss=0.0878 miou=0.6464 f1=0.7557 thr=0.35 time=62.1s
[Epoch 803] loss=0.0847 miou=0.6523 f1=0.7610 thr=0.35 time=62.1s
[Epoch 804] loss=0.0838 miou=0.6454 f1=0.7565 thr=0.35 time=62.2s
[Epoch 805] loss=0.0825 miou=0.6323 f1=0.7437 thr=0.35 time=62.1s
[Epoch 806] loss=0.0876 miou=0.6340 f1=0.7451 thr=0.35 time=62.2s
[Epoch 807] loss=0.0865 miou=0.6366 f1=0.7463 thr=0.35 time=62.2s
[Epoch 808] loss=0.0838 miou=0.6423 f1=0.7499 thr=0.35 time=62.2s
[Epoch 809] loss=0.0832 miou=0.6326 f1=0.7443 thr=0.35 time=62.2s
[Epoch 810] loss=0.0814 miou=0.6338 f1=0.7445 thr=0.35 time=62.2s
[Epoch 811] loss=0.0914 miou=0.6299 f1=0.7444 thr=0.35 time=62.2s
[Epoch 812] loss=0.0867 miou=0.6434 f1=0.7530 thr=0.35 time=62.4s
[Epoch 813] loss=0.0846 miou=0.6341 f1=0.7464 thr=0.35 time=63.1s
[Epoch 814] loss=0.0837 miou=0.6322 f1=0.7435 thr=0.35 time=62.9s
[Epoch 815] loss=0.0890 miou=0.6126 f1=0.7254 thr=0.35 time=62.3s
[Epoch 816] loss=0.0890 miou=0.6248 f1=0.7329 thr=0.35 time=63.0s
[Epoch 817] loss=0.0845 miou=0.6249 f1=0.7364 thr=0.35 time=62.1s
[Epoch 818] loss=0.0841 miou=0.6291 f1=0.7441 thr=0.35 time=62.1s
[Epoch 819] loss=0.0850 miou=0.6317 f1=0.7439 thr=0.55 time=63.0s
[Epoch 820] loss=0.0823 miou=0.6264 f1=0.7396 thr=0.35 time=63.2s
[Epoch 821] loss=0.0844 miou=0.6213 f1=0.7377 thr=0.35 time=63.0s
[Epoch 822] loss=0.0816 miou=0.6190 f1=0.7348 thr=0.35 time=62.2s
[Epoch 823] loss=0.0840 miou=0.6206 f1=0.7345 thr=0.35 time=62.2s
[Epoch 824] loss=0.0887 miou=0.6438 f1=0.7532 thr=0.35 time=62.2s
[Epoch 825] loss=0.0861 miou=0.6226 f1=0.7396 thr=0.35 time=62.2s
[Epoch 826] loss=0.0865 miou=0.6373 f1=0.7483 thr=0.45 time=62.2s
[Epoch 827] loss=0.0850 miou=0.6237 f1=0.7394 thr=0.35 time=62.1s
[Epoch 828] loss=0.0856 miou=0.6281 f1=0.7434 thr=0.35 time=62.2s
[Epoch 829] loss=0.0883 miou=0.6382 f1=0.7522 thr=0.35 time=62.2s
[Epoch 830] loss=0.0881 miou=0.6217 f1=0.7367 thr=0.50 time=62.1s
[Epoch 831] loss=0.0869 miou=0.6315 f1=0.7430 thr=0.35 time=62.2s
[Epoch 832] loss=0.0849 miou=0.6302 f1=0.7427 thr=0.35 time=63.3s
[Epoch 833] loss=0.0856 miou=0.6349 f1=0.7478 thr=0.35 time=62.5s
[Epoch 834] loss=0.1015 miou=0.6321 f1=0.7437 thr=0.35 time=63.1s
[Epoch 835] loss=0.0968 miou=0.6337 f1=0.7461 thr=0.35 time=63.2s
[Epoch 836] loss=0.0864 miou=0.6281 f1=0.7412 thr=0.35 time=63.2s
[Epoch 837] loss=0.0885 miou=0.6374 f1=0.7489 thr=0.35 time=63.1s
[Epoch 838] loss=0.0848 miou=0.6317 f1=0.7438 thr=0.35 time=63.0s
[Epoch 839] loss=0.0825 miou=0.6417 f1=0.7528 thr=0.35 time=62.0s
[Epoch 840] loss=0.0846 miou=0.6320 f1=0.7462 thr=0.35 time=62.1s
[Epoch 841] loss=0.0835 miou=0.6318 f1=0.7435 thr=0.35 time=62.1s
[Epoch 842] loss=0.0795 miou=0.6327 f1=0.7437 thr=0.35 time=62.1s
[Epoch 843] loss=0.0807 miou=0.6270 f1=0.7401 thr=0.35 time=63.1s
[Epoch 844] loss=0.0826 miou=0.6349 f1=0.7443 thr=0.35 time=62.5s
[Epoch 845] loss=0.0821 miou=0.6314 f1=0.7436 thr=0.35 time=63.0s
[Epoch 846] loss=0.0858 miou=0.6274 f1=0.7400 thr=0.35 time=62.6s
[Epoch 847] loss=0.0870 miou=0.6258 f1=0.7376 thr=0.35 time=62.0s
[Epoch 848] loss=0.0837 miou=0.6375 f1=0.7483 thr=0.35 time=62.0s
[Epoch 849] loss=0.0819 miou=0.6274 f1=0.7388 thr=0.35 time=62.1s
[Epoch 850] loss=0.0821 miou=0.6317 f1=0.7434 thr=0.35 time=62.1s
[Epoch 851] loss=0.0807 miou=0.6352 f1=0.7451 thr=0.35 time=62.1s
[Epoch 852] loss=0.0836 miou=0.6459 f1=0.7554 thr=0.35 time=62.2s
[Epoch 853] loss=0.0849 miou=0.6300 f1=0.7411 thr=0.35 time=63.3s
[Epoch 854] loss=0.0834 miou=0.6336 f1=0.7436 thr=0.35 time=63.0s
[Epoch 855] loss=0.0824 miou=0.6328 f1=0.7449 thr=0.35 time=62.2s
[Epoch 856] loss=0.0834 miou=0.6420 f1=0.7521 thr=0.55 time=62.2s
[Epoch 857] loss=0.0871 miou=0.6291 f1=0.7411 thr=0.35 time=63.1s
[Epoch 858] loss=0.0815 miou=0.6355 f1=0.7453 thr=0.35 time=63.2s
[Epoch 859] loss=0.0834 miou=0.6395 f1=0.7486 thr=0.35 time=62.2s
[Epoch 860] loss=0.0897 miou=0.6279 f1=0.7438 thr=0.35 time=62.2s
[Epoch 861] loss=0.0907 miou=0.6375 f1=0.7515 thr=0.35 time=62.2s
[Epoch 862] loss=0.0845 miou=0.6398 f1=0.7505 thr=0.35 time=62.3s
[Epoch 863] loss=0.0842 miou=0.6323 f1=0.7464 thr=0.35 time=62.2s
[Epoch 864] loss=0.0812 miou=0.6382 f1=0.7491 thr=0.35 time=62.3s
[Epoch 865] loss=0.0785 miou=0.6433 f1=0.7542 thr=0.35 time=63.0s
[Epoch 866] loss=0.0789 miou=0.6356 f1=0.7470 thr=0.35 time=62.2s
[Epoch 867] loss=0.0798 miou=0.6345 f1=0.7475 thr=0.35 time=62.2s
[Epoch 868] loss=0.0790 miou=0.6322 f1=0.7453 thr=0.35 time=62.3s
[Epoch 869] loss=0.0828 miou=0.6317 f1=0.7434 thr=0.35 time=62.2s
[Epoch 870] loss=0.0858 miou=0.6364 f1=0.7478 thr=0.35 time=62.2s
[Epoch 871] loss=0.0826 miou=0.6355 f1=0.7484 thr=0.35 time=62.2s
[Epoch 872] loss=0.0828 miou=0.6339 f1=0.7478 thr=0.35 time=62.2s
[Epoch 873] loss=0.0860 miou=0.6430 f1=0.7539 thr=0.35 time=62.2s
[Epoch 874] loss=0.0843 miou=0.6403 f1=0.7531 thr=0.35 time=62.2s
[Epoch 875] loss=0.0865 miou=0.6346 f1=0.7455 thr=0.35 time=62.2s
[Epoch 876] loss=0.0833 miou=0.6494 f1=0.7584 thr=0.35 time=62.2s
[Epoch 877] loss=0.0834 miou=0.6401 f1=0.7509 thr=0.35 time=62.2s
[Epoch 878] loss=0.0810 miou=0.6411 f1=0.7514 thr=0.35 time=62.2s
[Epoch 879] loss=0.0810 miou=0.6407 f1=0.7524 thr=0.35 time=62.1s
[Epoch 880] loss=0.0809 miou=0.6431 f1=0.7516 thr=0.35 time=62.2s
[Epoch 881] loss=0.0852 miou=0.6473 f1=0.7557 thr=0.35 time=62.2s
[Epoch 882] loss=0.0836 miou=0.6385 f1=0.7506 thr=0.35 time=62.2s
[Epoch 883] loss=0.0793 miou=0.6425 f1=0.7520 thr=0.35 time=62.1s
[Epoch 884] loss=0.0826 miou=0.6300 f1=0.7432 thr=0.35 time=62.2s
[Epoch 885] loss=0.0936 miou=0.6371 f1=0.7465 thr=0.35 time=62.2s
[Epoch 886] loss=0.1092 miou=0.6402 f1=0.7507 thr=0.35 time=62.2s
[Epoch 887] loss=0.0838 miou=0.6550 f1=0.7608 thr=0.35 time=62.2s
[Epoch 888] loss=0.0828 miou=0.6500 f1=0.7580 thr=0.35 time=62.2s
[Epoch 889] loss=0.0772 miou=0.6507 f1=0.7607 thr=0.35 time=62.1s
[Epoch 890] loss=0.0807 miou=0.6476 f1=0.7576 thr=0.35 time=62.2s
[Epoch 891] loss=0.0793 miou=0.6535 f1=0.7613 thr=0.35 time=62.2s
[Epoch 892] loss=0.0801 miou=0.6543 f1=0.7620 thr=0.35 time=62.1s
[Epoch 893] loss=0.0753 miou=0.6420 f1=0.7526 thr=0.55 time=62.2s
[Epoch 894] loss=0.0782 miou=0.6562 f1=0.7647 thr=0.35 time=62.1s
[Epoch 895] loss=0.0784 miou=0.6451 f1=0.7525 thr=0.35 time=62.3s
[Epoch 896] loss=0.0762 miou=0.6461 f1=0.7532 thr=0.35 time=62.3s
[Epoch 897] loss=0.0790 miou=0.6590 f1=0.7659 thr=0.35 time=62.2s
[Epoch 898] loss=0.0800 miou=0.6523 f1=0.7591 thr=0.35 time=62.2s
[Epoch 899] loss=0.0827 miou=0.6499 f1=0.7578 thr=0.35 time=62.1s
[Epoch 900] loss=0.0818 miou=0.6505 f1=0.7570 thr=0.35 time=62.2s
[Epoch 901] loss=0.0794 miou=0.6512 f1=0.7575 thr=0.35 time=62.2s
[Epoch 902] loss=0.0751 miou=0.6478 f1=0.7565 thr=0.35 time=62.2s
[Epoch 903] loss=0.0772 miou=0.6540 f1=0.7629 thr=0.35 time=62.2s
[Epoch 904] loss=0.0826 miou=0.6398 f1=0.7519 thr=0.35 time=62.2s
[Epoch 905] loss=0.0810 miou=0.6367 f1=0.7489 thr=0.35 time=62.2s
[Epoch 906] loss=0.0862 miou=0.6438 f1=0.7544 thr=0.35 time=62.1s
[Epoch 907] loss=0.0807 miou=0.6540 f1=0.7626 thr=0.35 time=62.2s
[Epoch 908] loss=0.0801 miou=0.6451 f1=0.7572 thr=0.35 time=62.2s
[Epoch 909] loss=0.0791 miou=0.6406 f1=0.7534 thr=0.35 time=62.2s
[Epoch 910] loss=0.0749 miou=0.6486 f1=0.7600 thr=0.35 time=62.2s
[Epoch 911] loss=0.0806 miou=0.6292 f1=0.7434 thr=0.35 time=62.1s
[Epoch 912] loss=0.0813 miou=0.6494 f1=0.7590 thr=0.35 time=62.2s
[Epoch 913] loss=0.0793 miou=0.6391 f1=0.7512 thr=0.35 time=62.1s
[Epoch 914] loss=0.0802 miou=0.6402 f1=0.7529 thr=0.35 time=62.1s
[Epoch 915] loss=0.0811 miou=0.6337 f1=0.7476 thr=0.35 time=62.1s
[Epoch 916] loss=0.0864 miou=0.6242 f1=0.7400 thr=0.35 time=62.2s
[Epoch 917] loss=0.0826 miou=0.6367 f1=0.7487 thr=0.35 time=62.1s
[Epoch 918] loss=0.0843 miou=0.6279 f1=0.7405 thr=0.35 time=62.1s
[Epoch 919] loss=0.0849 miou=0.6379 f1=0.7491 thr=0.35 time=62.2s
[Epoch 920] loss=0.0862 miou=0.6391 f1=0.7463 thr=0.35 time=62.2s
[Epoch 921] loss=0.0883 miou=0.6436 f1=0.7528 thr=0.35 time=62.1s
[Epoch 922] loss=0.0826 miou=0.6393 f1=0.7477 thr=0.35 time=62.1s
[Epoch 923] loss=0.0822 miou=0.6326 f1=0.7421 thr=0.35 time=62.1s
[Epoch 924] loss=0.0798 miou=0.6432 f1=0.7514 thr=0.35 time=62.2s
[Epoch 925] loss=0.0796 miou=0.6432 f1=0.7514 thr=0.35 time=62.2s
[Epoch 926] loss=0.0765 miou=0.6458 f1=0.7558 thr=0.35 time=62.1s
[Epoch 927] loss=0.0753 miou=0.6461 f1=0.7557 thr=0.35 time=62.2s
[Epoch 928] loss=0.0817 miou=0.6419 f1=0.7530 thr=0.35 time=62.2s
[Epoch 929] loss=0.0800 miou=0.6486 f1=0.7581 thr=0.45 time=62.2s
[Epoch 930] loss=0.0787 miou=0.6417 f1=0.7506 thr=0.40 time=62.2s
[Epoch 931] loss=0.0799 miou=0.6405 f1=0.7520 thr=0.35 time=62.2s
[Epoch 932] loss=0.0764 miou=0.6445 f1=0.7552 thr=0.35 time=62.2s
[Epoch 933] loss=0.0775 miou=0.6464 f1=0.7556 thr=0.35 time=62.2s
[Epoch 934] loss=0.0796 miou=0.6413 f1=0.7521 thr=0.35 time=62.2s
[Epoch 935] loss=0.0782 miou=0.6561 f1=0.7621 thr=0.35 time=62.2s
[Epoch 936] loss=0.0834 miou=0.6374 f1=0.7483 thr=0.35 time=62.2s
[Epoch 937] loss=0.0792 miou=0.6455 f1=0.7551 thr=0.35 time=62.4s
[Epoch 938] loss=0.0824 miou=0.6547 f1=0.7631 thr=0.35 time=62.9s
[Epoch 939] loss=0.0798 miou=0.6466 f1=0.7555 thr=0.35 time=63.1s
[Epoch 940] loss=0.0823 miou=0.6528 f1=0.7628 thr=0.35 time=63.1s
[Epoch 941] loss=0.0807 miou=0.6513 f1=0.7600 thr=0.35 time=62.9s
[Epoch 942] loss=0.0829 miou=0.6424 f1=0.7543 thr=0.35 time=62.2s
[Epoch 943] loss=0.0791 miou=0.6557 f1=0.7632 thr=0.35 time=62.4s
[Epoch 944] loss=0.0787 miou=0.6396 f1=0.7502 thr=0.35 time=63.1s
[Epoch 945] loss=0.0817 miou=0.6242 f1=0.7397 thr=0.35 time=63.0s
[Epoch 946] loss=0.0850 miou=0.6436 f1=0.7555 thr=0.35 time=62.3s
[Epoch 947] loss=0.0814 miou=0.6370 f1=0.7472 thr=0.35 time=63.1s
[Epoch 948] loss=0.0808 miou=0.6484 f1=0.7587 thr=0.35 time=62.2s
[Epoch 949] loss=0.0767 miou=0.6297 f1=0.7426 thr=0.35 time=62.1s
[Epoch 950] loss=0.0758 miou=0.6362 f1=0.7487 thr=0.35 time=62.2s
[Epoch 951] loss=0.0783 miou=0.6485 f1=0.7583 thr=0.35 time=62.2s
[Epoch 952] loss=0.0758 miou=0.6430 f1=0.7551 thr=0.35 time=63.1s
[Epoch 953] loss=0.0780 miou=0.6364 f1=0.7457 thr=0.35 time=63.1s
[Epoch 954] loss=0.0780 miou=0.6294 f1=0.7437 thr=0.35 time=63.0s
[Epoch 955] loss=0.0879 miou=0.6367 f1=0.7479 thr=0.35 time=62.3s
[Epoch 956] loss=0.0915 miou=0.6313 f1=0.7457 thr=0.35 time=63.1s
[Epoch 957] loss=0.0857 miou=0.6389 f1=0.7470 thr=0.35 time=63.1s
[Epoch 958] loss=0.0810 miou=0.6312 f1=0.7421 thr=0.35 time=62.4s
[Epoch 959] loss=0.0860 miou=0.6345 f1=0.7445 thr=0.35 time=62.2s
[Epoch 960] loss=0.0771 miou=0.6398 f1=0.7498 thr=0.35 time=62.1s
[Epoch 961] loss=0.0792 miou=0.6366 f1=0.7467 thr=0.35 time=63.0s
[Epoch 962] loss=0.0779 miou=0.6371 f1=0.7487 thr=0.55 time=62.3s
[Epoch 963] loss=0.0759 miou=0.6335 f1=0.7466 thr=0.35 time=63.2s
[Epoch 964] loss=0.0763 miou=0.6324 f1=0.7459 thr=0.35 time=63.0s
[Epoch 965] loss=0.0759 miou=0.6337 f1=0.7462 thr=0.35 time=63.0s
[Epoch 966] loss=0.0771 miou=0.6460 f1=0.7569 thr=0.35 time=63.2s
[Epoch 967] loss=0.0749 miou=0.6444 f1=0.7536 thr=0.35 time=63.1s
[Epoch 968] loss=0.0797 miou=0.6400 f1=0.7475 thr=0.35 time=63.0s
[Epoch 969] loss=0.0757 miou=0.6399 f1=0.7486 thr=0.35 time=62.4s
[Epoch 970] loss=0.0759 miou=0.6350 f1=0.7465 thr=0.35 time=63.1s
[Epoch 971] loss=0.0795 miou=0.6389 f1=0.7501 thr=0.35 time=63.2s
[Epoch 972] loss=0.0783 miou=0.6445 f1=0.7546 thr=0.35 time=62.2s
[Epoch 973] loss=0.0783 miou=0.6393 f1=0.7508 thr=0.35 time=62.2s
[Epoch 974] loss=0.0764 miou=0.6398 f1=0.7504 thr=0.35 time=62.1s
[Epoch 975] loss=0.0820 miou=0.6425 f1=0.7519 thr=0.35 time=62.3s
[Epoch 976] loss=0.0791 miou=0.6450 f1=0.7539 thr=0.35 time=63.0s
[Epoch 977] loss=0.0844 miou=0.6346 f1=0.7456 thr=0.35 time=63.0s
[Epoch 978] loss=0.0792 miou=0.6186 f1=0.7369 thr=0.35 time=63.0s
[Epoch 979] loss=0.0815 miou=0.6439 f1=0.7533 thr=0.35 time=62.1s
[Epoch 980] loss=0.0783 miou=0.6453 f1=0.7562 thr=0.35 time=62.2s
[Epoch 981] loss=0.0783 miou=0.6459 f1=0.7563 thr=0.35 time=62.4s
[Epoch 982] loss=0.0789 miou=0.6489 f1=0.7589 thr=0.35 time=63.2s
[Epoch 983] loss=0.0786 miou=0.6569 f1=0.7653 thr=0.35 time=62.4s
[Epoch 984] loss=0.0794 miou=0.6413 f1=0.7517 thr=0.35 time=62.1s
[Epoch 985] loss=0.0821 miou=0.6427 f1=0.7535 thr=0.35 time=63.0s
[Epoch 986] loss=0.0785 miou=0.6501 f1=0.7585 thr=0.35 time=63.1s
[Epoch 987] loss=0.0784 miou=0.6494 f1=0.7581 thr=0.35 time=62.2s
[Epoch 988] loss=0.0774 miou=0.6420 f1=0.7531 thr=0.35 time=62.1s
[Epoch 989] loss=0.0760 miou=0.6491 f1=0.7568 thr=0.35 time=62.1s
[Epoch 990] loss=0.0784 miou=0.6441 f1=0.7518 thr=0.35 time=62.1s
[Epoch 991] loss=0.0754 miou=0.6483 f1=0.7570 thr=0.35 time=62.1s
[Epoch 992] loss=0.0772 miou=0.6369 f1=0.7499 thr=0.35 time=62.2s
[Epoch 993] loss=0.0783 miou=0.6446 f1=0.7572 thr=0.35 time=62.1s
[Epoch 994] loss=0.0818 miou=0.6452 f1=0.7554 thr=0.35 time=62.1s
[Epoch 995] loss=0.0788 miou=0.6559 f1=0.7619 thr=0.35 time=62.2s
[Epoch 996] loss=0.0791 miou=0.6438 f1=0.7536 thr=0.35 time=62.1s
[Epoch 997] loss=0.0773 miou=0.6411 f1=0.7526 thr=0.35 time=62.2s
[Epoch 998] loss=0.0766 miou=0.6381 f1=0.7516 thr=0.35 time=62.2s
[Epoch 999] loss=0.0787 miou=0.6382 f1=0.7507 thr=0.35 time=62.1s
[Epoch 1000] loss=0.0765 miou=0.6184 f1=0.7312 thr=0.35 time=62.1s
