nohup: ignoring input
Run directory: ./outputs_sam_sirst_hq/NUAA-SIRST_model-vitt_size256_use_HQ_bs4_e1000kp1msfx_pixels0_split-50_50_20250916_183247
[build_efficient_sam_hq] Partially loaded 253 tensors from baseline (278 scanned).
/home/bip/cry/anaconda3/lib/python3.9/site-packages/torch/cuda/__init__.py:611: UserWarning: Can't initialize NVML
  warnings.warn("Can't initialize NVML")
[Epoch 001] loss=1.1195 miou=0.0000 f1=0.0000 time=15.7s
[Epoch 002] loss=0.9467 miou=0.0000 f1=0.0000 time=14.2s
[Epoch 003] loss=0.9453 miou=0.0000 f1=0.0000 time=14.2s
[Epoch 004] loss=0.8787 miou=0.2688 f1=0.3899 time=14.3s
[Epoch 005] loss=0.4335 miou=0.5605 f1=0.6950 time=14.4s
[Epoch 006] loss=0.2721 miou=0.6054 f1=0.7367 time=14.3s
[Epoch 007] loss=0.2414 miou=0.6154 f1=0.7453 time=14.4s
[Epoch 008] loss=0.2274 miou=0.6115 f1=0.7420 time=14.4s
[Epoch 009] loss=0.2160 miou=0.6402 f1=0.7639 time=14.3s
[Epoch 010] loss=0.2082 miou=0.6555 f1=0.7766 time=14.3s
[Epoch 011] loss=0.1993 miou=0.6479 f1=0.7698 time=14.4s
[Epoch 012] loss=0.2005 miou=0.6482 f1=0.7710 time=14.3s
[Epoch 013] loss=0.1965 miou=0.6546 f1=0.7761 time=14.4s
[Epoch 014] loss=0.1965 miou=0.6581 f1=0.7788 time=14.3s
[Epoch 015] loss=0.1934 miou=0.6538 f1=0.7745 time=14.4s
[Epoch 016] loss=0.1874 miou=0.6578 f1=0.7788 time=14.3s
[Epoch 017] loss=0.2018 miou=0.6689 f1=0.7877 time=14.3s
[Epoch 018] loss=0.1863 miou=0.6607 f1=0.7810 time=14.4s
[Epoch 019] loss=0.1820 miou=0.6637 f1=0.7834 time=14.3s
[Epoch 020] loss=0.1814 miou=0.6660 f1=0.7847 time=14.4s
[Epoch 021] loss=0.1779 miou=0.6585 f1=0.7790 time=14.4s
[Epoch 022] loss=0.1723 miou=0.6648 f1=0.7833 time=14.3s
[Epoch 023] loss=0.1733 miou=0.6534 f1=0.7750 time=14.4s
[Epoch 024] loss=0.1744 miou=0.6689 f1=0.7864 time=14.4s
[Epoch 025] loss=0.1697 miou=0.6695 f1=0.7861 time=14.4s
[Epoch 026] loss=0.1707 miou=0.6601 f1=0.7798 time=14.3s
[Epoch 027] loss=0.1727 miou=0.6667 f1=0.7835 time=14.5s
[Epoch 028] loss=0.1644 miou=0.6723 f1=0.7900 time=14.4s
[Epoch 029] loss=0.1680 miou=0.6625 f1=0.7799 time=14.5s
[Epoch 030] loss=0.1613 miou=0.6773 f1=0.7923 time=14.4s
[Epoch 031] loss=0.1669 miou=0.6617 f1=0.7815 time=14.4s
[Epoch 032] loss=0.1608 miou=0.6723 f1=0.7893 time=14.4s
[Epoch 033] loss=0.1591 miou=0.6811 f1=0.7962 time=14.4s
[Epoch 034] loss=0.1646 miou=0.6828 f1=0.7973 time=14.4s
[Epoch 035] loss=0.1505 miou=0.6695 f1=0.7861 time=14.5s
[Epoch 036] loss=0.1602 miou=0.6806 f1=0.7949 time=14.4s
[Epoch 037] loss=0.1539 miou=0.6777 f1=0.7937 time=14.4s
[Epoch 038] loss=0.1538 miou=0.6777 f1=0.7936 time=14.3s
[Epoch 039] loss=0.1496 miou=0.6810 f1=0.7962 time=14.4s
[Epoch 040] loss=0.1504 miou=0.6775 f1=0.7943 time=14.3s
[Epoch 041] loss=0.1480 miou=0.6824 f1=0.7972 time=14.4s
[Epoch 042] loss=0.1420 miou=0.6794 f1=0.7958 time=14.4s
[Epoch 043] loss=0.1494 miou=0.6805 f1=0.7963 time=14.4s
[Epoch 044] loss=0.1456 miou=0.6814 f1=0.7966 time=14.3s
[Epoch 045] loss=0.1480 miou=0.6773 f1=0.7937 time=14.4s
[Epoch 046] loss=0.1478 miou=0.6770 f1=0.7936 time=14.4s
[Epoch 047] loss=0.1423 miou=0.6781 f1=0.7945 time=14.4s
[Epoch 048] loss=0.1470 miou=0.6787 f1=0.7950 time=14.4s
[Epoch 049] loss=0.1366 miou=0.6725 f1=0.7902 time=14.4s
[Epoch 050] loss=0.1422 miou=0.6720 f1=0.7898 time=14.4s
[Epoch 051] loss=0.1509 miou=0.6638 f1=0.7832 time=14.4s
[Epoch 052] loss=0.1537 miou=0.6721 f1=0.7902 time=14.4s
[Epoch 053] loss=0.1492 miou=0.6762 f1=0.7913 time=14.4s
[Epoch 054] loss=0.1501 miou=0.6700 f1=0.7878 time=14.4s
[Epoch 055] loss=0.1462 miou=0.6626 f1=0.7829 time=14.4s
[Epoch 056] loss=0.1439 miou=0.6845 f1=0.7995 time=14.4s
[Epoch 057] loss=0.1391 miou=0.6793 f1=0.7955 time=14.4s
[Epoch 058] loss=0.1381 miou=0.6821 f1=0.7978 time=14.4s
[Epoch 059] loss=0.1388 miou=0.6772 f1=0.7932 time=14.4s
[Epoch 060] loss=0.1328 miou=0.6816 f1=0.7977 time=14.4s
[Epoch 061] loss=0.1376 miou=0.6812 f1=0.7970 time=14.4s
[Epoch 062] loss=0.1314 miou=0.6804 f1=0.7962 time=14.4s
[Epoch 063] loss=0.1361 miou=0.6822 f1=0.7979 time=14.4s
[Epoch 064] loss=0.1288 miou=0.6785 f1=0.7941 time=14.4s
[Epoch 065] loss=0.1401 miou=0.6812 f1=0.7966 time=14.4s
[Epoch 066] loss=0.1364 miou=0.6869 f1=0.8010 time=14.4s
[Epoch 067] loss=0.1360 miou=0.6816 f1=0.7971 time=14.5s
[Epoch 068] loss=0.1306 miou=0.6810 f1=0.7975 time=14.4s
[Epoch 069] loss=0.1345 miou=0.6779 f1=0.7945 time=14.2s
[Epoch 070] loss=0.1304 miou=0.6668 f1=0.7837 time=14.2s
[Epoch 071] loss=0.1403 miou=0.6722 f1=0.7895 time=14.2s
[Epoch 072] loss=0.1346 miou=0.6768 f1=0.7938 time=14.3s
[Epoch 073] loss=0.1280 miou=0.6791 f1=0.7956 time=14.4s
[Epoch 074] loss=0.1280 miou=0.6798 f1=0.7957 time=14.2s
[Epoch 075] loss=0.1283 miou=0.6731 f1=0.7905 time=14.2s
[Epoch 076] loss=0.1281 miou=0.6797 f1=0.7955 time=14.2s
[Epoch 077] loss=0.1328 miou=0.6790 f1=0.7951 time=14.2s
[Epoch 078] loss=0.1223 miou=0.6809 f1=0.7968 time=14.2s
[Epoch 079] loss=0.1278 miou=0.6831 f1=0.7992 time=14.2s
[Epoch 080] loss=0.1234 miou=0.6754 f1=0.7926 time=14.4s
[Epoch 081] loss=0.1318 miou=0.6709 f1=0.7889 time=14.4s
[Epoch 082] loss=0.1250 miou=0.6767 f1=0.7940 time=14.4s
[Epoch 083] loss=0.1176 miou=0.6845 f1=0.7998 time=14.3s
[Epoch 084] loss=0.1244 miou=0.6628 f1=0.7823 time=14.4s
[Epoch 085] loss=0.1241 miou=0.6811 f1=0.7965 time=14.3s
[Epoch 086] loss=0.1227 miou=0.6833 f1=0.7976 time=14.2s
[Epoch 087] loss=0.1188 miou=0.6832 f1=0.7985 time=14.2s
[Epoch 088] loss=0.1241 miou=0.6815 f1=0.7974 time=14.2s
[Epoch 089] loss=0.1218 miou=0.6830 f1=0.7981 time=14.2s
[Epoch 090] loss=0.1206 miou=0.6755 f1=0.7914 time=14.2s
[Epoch 091] loss=0.1189 miou=0.6820 f1=0.7975 time=14.2s
[Epoch 092] loss=0.1221 miou=0.6784 f1=0.7940 time=14.2s
[Epoch 093] loss=0.1154 miou=0.6824 f1=0.7976 time=14.2s
[Epoch 094] loss=0.1153 miou=0.6812 f1=0.7968 time=14.4s
[Epoch 095] loss=0.1108 miou=0.6807 f1=0.7960 time=14.3s
[Epoch 096] loss=0.1156 miou=0.6798 f1=0.7957 time=14.4s
[Epoch 097] loss=0.1142 miou=0.6794 f1=0.7952 time=14.4s
[Epoch 098] loss=0.1170 miou=0.6777 f1=0.7939 time=14.4s
[Epoch 099] loss=0.1165 miou=0.6836 f1=0.7994 time=14.4s
[Epoch 100] loss=0.1126 miou=0.6768 f1=0.7926 time=14.3s
[Epoch 101] loss=0.1171 miou=0.6803 f1=0.7966 time=14.3s
[Epoch 102] loss=0.1216 miou=0.6786 f1=0.7943 time=14.2s
[Epoch 103] loss=0.1208 miou=0.6667 f1=0.7851 time=14.3s
[Epoch 104] loss=0.1175 miou=0.6755 f1=0.7920 time=14.4s
[Epoch 105] loss=0.1088 miou=0.6819 f1=0.7969 time=14.4s
[Epoch 106] loss=0.1190 miou=0.6713 f1=0.7896 time=14.4s
[Epoch 107] loss=0.1159 miou=0.6705 f1=0.7886 time=14.4s
[Epoch 108] loss=0.1120 miou=0.6783 f1=0.7942 time=14.4s
[Epoch 109] loss=0.1066 miou=0.6809 f1=0.7969 time=14.3s
[Epoch 110] loss=0.1138 miou=0.6767 f1=0.7931 time=14.4s
[Epoch 111] loss=0.1165 miou=0.6800 f1=0.7962 time=14.4s
[Epoch 112] loss=0.1120 miou=0.6803 f1=0.7963 time=14.4s
[Epoch 113] loss=0.1082 miou=0.6743 f1=0.7912 time=14.4s
[Epoch 114] loss=0.1105 miou=0.6781 f1=0.7933 time=14.4s
[Epoch 115] loss=0.1174 miou=0.6684 f1=0.7854 time=14.4s
[Epoch 116] loss=0.1129 miou=0.6783 f1=0.7942 time=14.3s
[Epoch 117] loss=0.1077 miou=0.6856 f1=0.8000 time=14.3s
[Epoch 118] loss=0.1107 miou=0.6784 f1=0.7947 time=14.4s
[Epoch 119] loss=0.1059 miou=0.6767 f1=0.7927 time=14.3s
[Epoch 120] loss=0.1096 miou=0.6757 f1=0.7923 time=14.4s
[Epoch 121] loss=0.1118 miou=0.6787 f1=0.7953 time=14.4s
[Epoch 122] loss=0.1087 miou=0.6763 f1=0.7927 time=14.4s
[Epoch 123] loss=0.1070 miou=0.6839 f1=0.7987 time=14.4s
[Epoch 124] loss=0.1078 miou=0.6824 f1=0.7970 time=14.4s
[Epoch 125] loss=0.1087 miou=0.6746 f1=0.7904 time=14.4s
[Epoch 126] loss=0.1000 miou=0.6835 f1=0.7985 time=14.4s
[Epoch 127] loss=0.1057 miou=0.6785 f1=0.7946 time=14.4s
[Epoch 128] loss=0.1026 miou=0.6813 f1=0.7960 time=14.4s
[Epoch 129] loss=0.1069 miou=0.6741 f1=0.7908 time=14.4s
[Epoch 130] loss=0.1040 miou=0.6853 f1=0.8006 time=14.4s
[Epoch 131] loss=0.1018 miou=0.6838 f1=0.7991 time=14.4s
[Epoch 132] loss=0.1021 miou=0.6835 f1=0.7981 time=14.4s
[Epoch 133] loss=0.1015 miou=0.6800 f1=0.7946 time=14.4s
[Epoch 134] loss=0.1082 miou=0.6791 f1=0.7955 time=14.4s
[Epoch 135] loss=0.1060 miou=0.6847 f1=0.7996 time=14.4s
[Epoch 136] loss=0.0995 miou=0.6811 f1=0.7962 time=14.4s
[Epoch 137] loss=0.1004 miou=0.6829 f1=0.7971 time=14.4s
[Epoch 138] loss=0.0948 miou=0.6877 f1=0.8018 time=14.4s
[Epoch 139] loss=0.1032 miou=0.6820 f1=0.7974 time=14.4s
[Epoch 140] loss=0.1007 miou=0.6886 f1=0.8024 time=14.4s
[Epoch 141] loss=0.0967 miou=0.6684 f1=0.7859 time=14.4s
[Epoch 142] loss=0.0962 miou=0.6766 f1=0.7940 time=14.4s
[Epoch 143] loss=0.0997 miou=0.6744 f1=0.7909 time=14.4s
[Epoch 144] loss=0.1021 miou=0.6778 f1=0.7931 time=14.4s
[Epoch 145] loss=0.0940 miou=0.6787 f1=0.7949 time=14.4s
[Epoch 146] loss=0.1005 miou=0.6803 f1=0.7961 time=14.4s
[Epoch 147] loss=0.1009 miou=0.6772 f1=0.7938 time=14.3s
[Epoch 148] loss=0.0969 miou=0.6808 f1=0.7966 time=14.4s
[Epoch 149] loss=0.0982 miou=0.6821 f1=0.7957 time=14.4s
[Epoch 150] loss=0.0998 miou=0.6761 f1=0.7912 time=14.4s
[Epoch 151] loss=0.0957 miou=0.6796 f1=0.7953 time=14.4s
[Epoch 152] loss=0.0980 miou=0.6811 f1=0.7964 time=14.4s
[Epoch 153] loss=0.0943 miou=0.6802 f1=0.7956 time=14.4s
[Epoch 154] loss=0.0926 miou=0.6848 f1=0.7996 time=14.4s
[Epoch 155] loss=0.0924 miou=0.6820 f1=0.7971 time=14.4s
[Epoch 156] loss=0.0942 miou=0.6781 f1=0.7933 time=14.4s
[Epoch 157] loss=0.0984 miou=0.6783 f1=0.7940 time=14.4s
[Epoch 158] loss=0.0931 miou=0.6757 f1=0.7925 time=14.4s
[Epoch 159] loss=0.0953 miou=0.6809 f1=0.7960 time=14.4s
[Epoch 160] loss=0.0984 miou=0.6810 f1=0.7949 time=14.4s
[Epoch 161] loss=0.0977 miou=0.6839 f1=0.7977 time=14.4s
[Epoch 162] loss=0.0925 miou=0.6833 f1=0.7977 time=14.4s
[Epoch 163] loss=0.0914 miou=0.6852 f1=0.7999 time=14.4s
[Epoch 164] loss=0.0901 miou=0.6851 f1=0.7990 time=14.4s
[Epoch 165] loss=0.0910 miou=0.6817 f1=0.7960 time=14.5s
[Epoch 166] loss=0.0948 miou=0.6805 f1=0.7966 time=14.3s
[Epoch 167] loss=0.0922 miou=0.6826 f1=0.7970 time=14.4s
[Epoch 168] loss=0.0932 miou=0.6771 f1=0.7935 time=14.4s
[Epoch 169] loss=0.0920 miou=0.6797 f1=0.7956 time=14.4s
[Epoch 170] loss=0.0933 miou=0.6794 f1=0.7963 time=14.4s
[Epoch 171] loss=0.0937 miou=0.6813 f1=0.7973 time=14.3s
[Epoch 172] loss=0.0904 miou=0.6816 f1=0.7974 time=14.4s
[Epoch 173] loss=0.0863 miou=0.6850 f1=0.7993 time=14.4s
[Epoch 174] loss=0.0878 miou=0.6827 f1=0.7983 time=14.4s
[Epoch 175] loss=0.0884 miou=0.6835 f1=0.7986 time=14.4s
[Epoch 176] loss=0.0903 miou=0.6881 f1=0.8021 time=14.4s
[Epoch 177] loss=0.0895 miou=0.6807 f1=0.7971 time=14.3s
[Epoch 178] loss=0.0888 miou=0.6779 f1=0.7945 time=14.4s
[Epoch 179] loss=0.0930 miou=0.6765 f1=0.7931 time=14.4s
[Epoch 180] loss=0.0890 miou=0.6816 f1=0.7972 time=14.4s
[Epoch 181] loss=0.0889 miou=0.6784 f1=0.7943 time=14.4s
[Epoch 182] loss=0.0905 miou=0.6807 f1=0.7974 time=14.4s
[Epoch 183] loss=0.0897 miou=0.6732 f1=0.7917 time=14.4s
[Epoch 184] loss=0.0899 miou=0.6763 f1=0.7924 time=14.3s
[Epoch 185] loss=0.0858 miou=0.6830 f1=0.7986 time=14.3s
[Epoch 186] loss=0.0852 miou=0.6829 f1=0.7987 time=14.4s
[Epoch 187] loss=0.0930 miou=0.6811 f1=0.7978 time=14.4s
[Epoch 188] loss=0.0890 miou=0.6853 f1=0.8006 time=14.4s
[Epoch 189] loss=0.0858 miou=0.6809 f1=0.7967 time=14.4s
[Epoch 190] loss=0.0899 miou=0.6806 f1=0.7964 time=14.4s
[Epoch 191] loss=0.0847 miou=0.6819 f1=0.7981 time=14.4s
[Epoch 192] loss=0.0845 miou=0.6846 f1=0.8002 time=14.4s
[Epoch 193] loss=0.0817 miou=0.6841 f1=0.7986 time=14.3s
[Epoch 194] loss=0.0896 miou=0.6762 f1=0.7934 time=14.4s
[Epoch 195] loss=0.0873 miou=0.6737 f1=0.7915 time=14.4s
[Epoch 196] loss=0.0888 miou=0.6820 f1=0.7976 time=14.4s
[Epoch 197] loss=0.0878 miou=0.6808 f1=0.7970 time=14.4s
[Epoch 198] loss=0.0875 miou=0.6818 f1=0.7979 time=14.4s
[Epoch 199] loss=0.0851 miou=0.6785 f1=0.7947 time=14.4s
[Epoch 200] loss=0.0831 miou=0.6866 f1=0.8006 time=14.4s
[Epoch 201] loss=0.0846 miou=0.6787 f1=0.7951 time=14.4s
[Epoch 202] loss=0.0794 miou=0.6779 f1=0.7946 time=14.5s
[Epoch 203] loss=0.0822 miou=0.6842 f1=0.7996 time=14.4s
[Epoch 204] loss=0.0852 miou=0.6823 f1=0.7977 time=14.4s
[Epoch 205] loss=0.0891 miou=0.6824 f1=0.7972 time=14.4s
[Epoch 206] loss=0.0829 miou=0.6838 f1=0.7985 time=14.4s
[Epoch 207] loss=0.0851 miou=0.6757 f1=0.7931 time=14.4s
[Epoch 208] loss=0.0850 miou=0.6825 f1=0.7977 time=14.4s
[Epoch 209] loss=0.0848 miou=0.6856 f1=0.8001 time=14.4s
[Epoch 210] loss=0.0854 miou=0.6838 f1=0.7988 time=14.4s
[Epoch 211] loss=0.0777 miou=0.6837 f1=0.7984 time=14.4s
[Epoch 212] loss=0.0779 miou=0.6827 f1=0.7985 time=14.4s
[Epoch 213] loss=0.0811 miou=0.6854 f1=0.7998 time=14.4s
[Epoch 214] loss=0.0836 miou=0.6806 f1=0.7963 time=14.4s
[Epoch 215] loss=0.0807 miou=0.6783 f1=0.7947 time=14.4s
[Epoch 216] loss=0.0858 miou=0.6770 f1=0.7936 time=14.4s
[Epoch 217] loss=0.0849 miou=0.6691 f1=0.7882 time=14.3s
[Epoch 218] loss=0.0806 miou=0.6788 f1=0.7952 time=14.5s
[Epoch 219] loss=0.0803 miou=0.6789 f1=0.7954 time=14.4s
[Epoch 220] loss=0.0773 miou=0.6792 f1=0.7953 time=14.4s
[Epoch 221] loss=0.0806 miou=0.6770 f1=0.7939 time=14.4s
[Epoch 222] loss=0.0837 miou=0.6771 f1=0.7938 time=14.4s
[Epoch 223] loss=0.0781 miou=0.6814 f1=0.7970 time=14.4s
[Epoch 224] loss=0.0803 miou=0.6812 f1=0.7965 time=14.4s
[Epoch 225] loss=0.0808 miou=0.6813 f1=0.7977 time=14.4s
[Epoch 226] loss=0.0728 miou=0.6769 f1=0.7938 time=14.4s
[Epoch 227] loss=0.0813 miou=0.6858 f1=0.8009 time=14.4s
[Epoch 228] loss=0.0794 miou=0.6848 f1=0.7992 time=14.4s
[Epoch 229] loss=0.0768 miou=0.6832 f1=0.7984 time=14.4s
[Epoch 230] loss=0.0763 miou=0.6834 f1=0.7985 time=14.4s
[Epoch 231] loss=0.0802 miou=0.6785 f1=0.7939 time=14.4s
[Epoch 232] loss=0.0790 miou=0.6827 f1=0.7988 time=14.3s
[Epoch 233] loss=0.0866 miou=0.6781 f1=0.7957 time=14.4s
[Epoch 234] loss=0.0829 miou=0.6764 f1=0.7932 time=14.4s
[Epoch 235] loss=0.0809 miou=0.6769 f1=0.7938 time=14.4s
[Epoch 236] loss=0.0761 miou=0.6833 f1=0.7984 time=14.4s
[Epoch 237] loss=0.0838 miou=0.6737 f1=0.7911 time=14.4s
[Epoch 238] loss=0.0749 miou=0.6836 f1=0.7983 time=14.4s
[Epoch 239] loss=0.0712 miou=0.6751 f1=0.7922 time=14.4s
[Epoch 240] loss=0.0777 miou=0.6802 f1=0.7956 time=14.4s
[Epoch 241] loss=0.0714 miou=0.6761 f1=0.7932 time=14.4s
[Epoch 242] loss=0.0759 miou=0.6798 f1=0.7964 time=14.4s
[Epoch 243] loss=0.0777 miou=0.6779 f1=0.7945 time=14.4s
[Epoch 244] loss=0.0739 miou=0.6847 f1=0.7989 time=14.4s
[Epoch 245] loss=0.0745 miou=0.6833 f1=0.7986 time=14.4s
[Epoch 246] loss=0.0760 miou=0.6818 f1=0.7973 time=14.4s
[Epoch 247] loss=0.0762 miou=0.6756 f1=0.7928 time=14.4s
[Epoch 248] loss=0.0733 miou=0.6757 f1=0.7924 time=14.4s
[Epoch 249] loss=0.0706 miou=0.6826 f1=0.7983 time=14.4s
[Epoch 250] loss=0.0736 miou=0.6795 f1=0.7960 time=14.4s
Unfroze at epoch 250: encoder + all heads.
[Epoch 251] loss=0.1263 miou=0.6566 f1=0.7728 time=22.9s
[Epoch 252] loss=0.1277 miou=0.6697 f1=0.7870 time=22.7s
[Epoch 253] loss=0.1123 miou=0.6823 f1=0.7973 time=22.8s
[Epoch 254] loss=0.1326 miou=0.6836 f1=0.7976 time=22.7s
[Epoch 255] loss=0.1066 miou=0.6669 f1=0.7836 time=22.7s
[Epoch 256] loss=0.0971 miou=0.6913 f1=0.8033 time=22.7s
[Epoch 257] loss=0.1135 miou=0.6703 f1=0.7880 time=22.8s
[Epoch 258] loss=0.1017 miou=0.6888 f1=0.8011 time=22.7s
[Epoch 259] loss=0.0989 miou=0.6805 f1=0.7950 time=22.7s
[Epoch 260] loss=0.1075 miou=0.6849 f1=0.7994 time=22.7s
[Epoch 261] loss=0.1015 miou=0.6723 f1=0.7884 time=22.7s
[Epoch 262] loss=0.1067 miou=0.6779 f1=0.7920 time=22.8s
[Epoch 263] loss=0.1027 miou=0.6832 f1=0.7995 time=22.8s
[Epoch 264] loss=0.1019 miou=0.6733 f1=0.7909 time=22.8s
[Epoch 265] loss=0.1040 miou=0.6753 f1=0.7934 time=22.7s
[Epoch 266] loss=0.1021 miou=0.6815 f1=0.7970 time=22.7s
[Epoch 267] loss=0.1015 miou=0.6856 f1=0.7985 time=22.7s
[Epoch 268] loss=0.1057 miou=0.6868 f1=0.7992 time=22.7s
[Epoch 269] loss=0.1019 miou=0.6737 f1=0.7916 time=22.7s
[Epoch 270] loss=0.1014 miou=0.6326 f1=0.7565 time=22.7s
[Epoch 271] loss=0.1131 miou=0.6775 f1=0.7916 time=22.7s
[Epoch 272] loss=0.1057 miou=0.6814 f1=0.7958 time=22.7s
[Epoch 273] loss=0.1048 miou=0.6865 f1=0.7969 time=22.8s
[Epoch 274] loss=0.1143 miou=0.6644 f1=0.7839 time=22.8s
[Epoch 275] loss=0.1057 miou=0.6827 f1=0.7978 time=22.7s
[Epoch 276] loss=0.1095 miou=0.6841 f1=0.7983 time=22.8s
[Epoch 277] loss=0.0964 miou=0.6860 f1=0.7993 time=22.7s
[Epoch 278] loss=0.0894 miou=0.6860 f1=0.8018 time=22.8s
[Epoch 279] loss=0.0935 miou=0.6856 f1=0.7995 time=22.7s
[Epoch 280] loss=0.0900 miou=0.6822 f1=0.7968 time=22.8s
[Epoch 281] loss=0.0921 miou=0.6847 f1=0.8000 time=22.7s
[Epoch 282] loss=0.0872 miou=0.6913 f1=0.8045 time=22.7s
[Epoch 283] loss=0.0920 miou=0.6829 f1=0.7997 time=22.8s
[Epoch 284] loss=0.0984 miou=0.6850 f1=0.7996 time=22.7s
[Epoch 285] loss=0.0920 miou=0.6845 f1=0.7995 time=22.7s
[Epoch 286] loss=0.0891 miou=0.6744 f1=0.7935 time=22.7s
[Epoch 287] loss=0.0917 miou=0.6889 f1=0.8014 time=22.8s
[Epoch 288] loss=0.0875 miou=0.6885 f1=0.8028 time=22.7s
[Epoch 289] loss=0.0925 miou=0.6884 f1=0.8024 time=22.7s
[Epoch 290] loss=0.0933 miou=0.6781 f1=0.7928 time=22.7s
[Epoch 291] loss=0.0919 miou=0.6821 f1=0.7977 time=22.8s
[Epoch 292] loss=0.0886 miou=0.6763 f1=0.7928 time=22.7s
[Epoch 293] loss=0.0924 miou=0.6668 f1=0.7834 time=22.7s
[Epoch 294] loss=0.1083 miou=0.6796 f1=0.7945 time=22.7s
[Epoch 295] loss=0.0904 miou=0.6821 f1=0.7975 time=22.7s
[Epoch 296] loss=0.1008 miou=0.6806 f1=0.7963 time=22.7s
[Epoch 297] loss=0.0936 miou=0.6823 f1=0.7978 time=22.7s
[Epoch 298] loss=0.0897 miou=0.6875 f1=0.8018 time=22.7s
[Epoch 299] loss=0.0847 miou=0.6778 f1=0.7959 time=22.7s
[Epoch 300] loss=0.0904 miou=0.6665 f1=0.7808 time=22.7s
[Epoch 301] loss=0.0926 miou=0.6818 f1=0.7953 time=22.7s
[Epoch 302] loss=0.0882 miou=0.6792 f1=0.7955 time=22.7s
[Epoch 303] loss=0.0845 miou=0.6912 f1=0.8045 time=22.7s
[Epoch 304] loss=0.0914 miou=0.6775 f1=0.7936 time=22.7s
[Epoch 305] loss=0.0973 miou=0.6843 f1=0.7989 time=22.7s
[Epoch 306] loss=0.0915 miou=0.6920 f1=0.8055 time=22.7s
[Epoch 307] loss=0.0806 miou=0.6869 f1=0.8002 time=22.7s
[Epoch 308] loss=0.0756 miou=0.6906 f1=0.8033 time=22.7s
[Epoch 309] loss=0.0810 miou=0.6927 f1=0.8046 time=22.6s
[Epoch 310] loss=0.0908 miou=0.6824 f1=0.7968 time=22.8s
[Epoch 311] loss=0.0870 miou=0.6904 f1=0.8032 time=22.7s
[Epoch 312] loss=0.0820 miou=0.6941 f1=0.8054 time=22.7s
[Epoch 313] loss=0.0789 miou=0.6885 f1=0.8022 time=22.8s
[Epoch 314] loss=0.0756 miou=0.6935 f1=0.8060 time=22.7s
[Epoch 315] loss=0.0745 miou=0.6935 f1=0.8051 time=22.7s
[Epoch 316] loss=0.0757 miou=0.6814 f1=0.7956 time=22.7s
[Epoch 317] loss=0.0731 miou=0.6770 f1=0.7933 time=22.7s
[Epoch 318] loss=0.0746 miou=0.6938 f1=0.8058 time=22.7s
[Epoch 319] loss=0.0701 miou=0.6834 f1=0.7981 time=22.7s
[Epoch 320] loss=0.0747 miou=0.6801 f1=0.7955 time=22.7s
[Epoch 321] loss=0.0734 miou=0.6774 f1=0.7938 time=22.7s
[Epoch 322] loss=0.0770 miou=0.6864 f1=0.7986 time=22.7s
[Epoch 323] loss=0.0771 miou=0.6880 f1=0.8029 time=22.8s
[Epoch 324] loss=0.0837 miou=0.6752 f1=0.7922 time=22.7s
[Epoch 325] loss=0.0756 miou=0.6828 f1=0.7963 time=22.7s
[Epoch 326] loss=0.0725 miou=0.6818 f1=0.7952 time=22.7s
[Epoch 327] loss=0.0708 miou=0.6910 f1=0.8034 time=22.7s
[Epoch 328] loss=0.0686 miou=0.6848 f1=0.7972 time=22.7s
[Epoch 329] loss=0.0704 miou=0.6812 f1=0.7959 time=22.7s
[Epoch 330] loss=0.0674 miou=0.6847 f1=0.7984 time=22.7s
[Epoch 331] loss=0.0758 miou=0.6745 f1=0.7919 time=22.7s
[Epoch 332] loss=0.0798 miou=0.6882 f1=0.8023 time=22.7s
[Epoch 333] loss=0.0733 miou=0.6945 f1=0.8065 time=22.7s
[Epoch 334] loss=0.0669 miou=0.6896 f1=0.8027 time=22.7s
[Epoch 335] loss=0.0719 miou=0.6622 f1=0.7825 time=22.7s
[Epoch 336] loss=0.1003 miou=0.6773 f1=0.7936 time=22.7s
[Epoch 337] loss=0.0816 miou=0.6788 f1=0.7950 time=22.7s
[Epoch 338] loss=0.0719 miou=0.6701 f1=0.7888 time=22.7s
[Epoch 339] loss=0.0706 miou=0.6882 f1=0.8011 time=22.7s
[Epoch 340] loss=0.0638 miou=0.6930 f1=0.8054 time=22.7s
[Epoch 341] loss=0.0611 miou=0.6871 f1=0.8006 time=22.7s
[Epoch 342] loss=0.0660 miou=0.6822 f1=0.7984 time=22.7s
[Epoch 343] loss=0.0688 miou=0.6753 f1=0.7916 time=22.7s
[Epoch 344] loss=0.0692 miou=0.6874 f1=0.8012 time=22.7s
[Epoch 345] loss=0.0645 miou=0.6894 f1=0.8016 time=22.7s
[Epoch 346] loss=0.0615 miou=0.6879 f1=0.8015 time=22.7s
[Epoch 347] loss=0.0604 miou=0.6866 f1=0.8013 time=22.7s
[Epoch 348] loss=0.0653 miou=0.6739 f1=0.7900 time=22.7s
[Epoch 349] loss=0.0589 miou=0.6886 f1=0.8015 time=22.7s
[Epoch 350] loss=0.0551 miou=0.6750 f1=0.7907 time=22.7s
[Epoch 351] loss=0.0586 miou=0.6864 f1=0.8003 time=22.7s
[Epoch 352] loss=0.0583 miou=0.6845 f1=0.7979 time=22.7s
[Epoch 353] loss=0.0643 miou=0.6923 f1=0.8041 time=22.7s
[Epoch 354] loss=0.0590 miou=0.6869 f1=0.8010 time=22.7s
[Epoch 355] loss=0.0633 miou=0.6818 f1=0.7963 time=22.7s
[Epoch 356] loss=0.0623 miou=0.6978 f1=0.8087 time=22.8s
[Epoch 357] loss=0.0609 miou=0.6892 f1=0.8035 time=22.8s
[Epoch 358] loss=0.0658 miou=0.6799 f1=0.7944 time=22.7s
[Epoch 359] loss=0.0647 miou=0.6945 f1=0.8056 time=22.7s
[Epoch 360] loss=0.0617 miou=0.6932 f1=0.8056 time=22.7s
[Epoch 361] loss=0.0572 miou=0.6845 f1=0.7999 time=22.7s
[Epoch 362] loss=0.0541 miou=0.6834 f1=0.7993 time=22.7s
[Epoch 363] loss=0.0568 miou=0.6940 f1=0.8065 time=22.7s
[Epoch 364] loss=0.0561 miou=0.6863 f1=0.8009 time=22.7s
[Epoch 365] loss=0.0546 miou=0.6982 f1=0.8093 time=22.7s
[Epoch 366] loss=0.0585 miou=0.6951 f1=0.8062 time=22.8s
[Epoch 367] loss=0.0598 miou=0.6788 f1=0.7944 time=22.7s
[Epoch 368] loss=0.0772 miou=0.6833 f1=0.7985 time=22.6s
[Epoch 369] loss=0.0753 miou=0.6962 f1=0.8073 time=22.7s
[Epoch 370] loss=0.0613 miou=0.6874 f1=0.8021 time=22.7s
[Epoch 371] loss=0.0544 miou=0.6852 f1=0.7991 time=22.7s
[Epoch 372] loss=0.0614 miou=0.6923 f1=0.8053 time=22.7s
[Epoch 373] loss=0.0632 miou=0.6864 f1=0.7990 time=22.7s
[Epoch 374] loss=0.0592 miou=0.6857 f1=0.7989 time=22.7s
[Epoch 375] loss=0.0544 miou=0.6787 f1=0.7943 time=22.7s
[Epoch 376] loss=0.0633 miou=0.6741 f1=0.7894 time=22.8s
[Epoch 377] loss=0.0651 miou=0.6882 f1=0.8022 time=22.8s
[Epoch 378] loss=0.0674 miou=0.6877 f1=0.8016 time=22.8s
[Epoch 379] loss=0.0553 miou=0.6898 f1=0.8031 time=22.8s
[Epoch 380] loss=0.0530 miou=0.6917 f1=0.8044 time=22.8s
[Epoch 381] loss=0.0555 miou=0.6869 f1=0.7996 time=22.8s
[Epoch 382] loss=0.0529 miou=0.6863 f1=0.8011 time=22.7s
[Epoch 383] loss=0.0737 miou=0.6697 f1=0.7881 time=22.7s
[Epoch 384] loss=0.0619 miou=0.6918 f1=0.8048 time=22.7s
[Epoch 385] loss=0.0603 miou=0.6915 f1=0.8037 time=22.8s
[Epoch 386] loss=0.0517 miou=0.6952 f1=0.8056 time=22.7s
[Epoch 387] loss=0.0508 miou=0.6941 f1=0.8065 time=22.8s
[Epoch 388] loss=0.0537 miou=0.6899 f1=0.8031 time=22.8s
[Epoch 389] loss=0.0512 miou=0.6880 f1=0.8021 time=22.8s
[Epoch 390] loss=0.0455 miou=0.6969 f1=0.8078 time=22.7s
[Epoch 391] loss=0.0469 miou=0.6960 f1=0.8081 time=22.8s
[Epoch 392] loss=0.0529 miou=0.6850 f1=0.8009 time=22.8s
[Epoch 393] loss=0.0577 miou=0.6789 f1=0.7950 time=22.8s
[Epoch 394] loss=0.0576 miou=0.6899 f1=0.8048 time=22.8s
[Epoch 395] loss=0.0533 miou=0.6861 f1=0.8011 time=22.8s
[Epoch 396] loss=0.0516 miou=0.6864 f1=0.8012 time=22.8s
[Epoch 397] loss=0.0512 miou=0.6770 f1=0.7933 time=22.8s
[Epoch 398] loss=0.0554 miou=0.6823 f1=0.7971 time=23.0s
[Epoch 399] loss=0.0501 miou=0.6827 f1=0.7966 time=23.1s
[Epoch 400] loss=0.0486 miou=0.6973 f1=0.8088 time=22.8s
[Epoch 401] loss=0.0479 miou=0.6955 f1=0.8074 time=22.8s
[Epoch 402] loss=0.0500 miou=0.6817 f1=0.7978 time=22.8s
[Epoch 403] loss=0.0523 miou=0.6903 f1=0.8037 time=22.8s
[Epoch 404] loss=0.0527 miou=0.6835 f1=0.7985 time=22.8s
[Epoch 405] loss=0.0472 miou=0.6765 f1=0.7923 time=22.8s
[Epoch 406] loss=0.0489 miou=0.6830 f1=0.7980 time=22.8s
[Epoch 407] loss=0.0503 miou=0.6888 f1=0.8035 time=22.8s
[Epoch 408] loss=0.0520 miou=0.6872 f1=0.8015 time=22.8s
[Epoch 409] loss=0.0509 miou=0.6979 f1=0.8103 time=22.8s
[Epoch 410] loss=0.0528 miou=0.6894 f1=0.8042 time=22.7s
[Epoch 411] loss=0.0492 miou=0.6832 f1=0.7989 time=22.7s
[Epoch 412] loss=0.0462 miou=0.6925 f1=0.8044 time=22.7s
[Epoch 413] loss=0.0449 miou=0.6822 f1=0.7972 time=22.7s
[Epoch 414] loss=0.0459 miou=0.6916 f1=0.8055 time=22.7s
[Epoch 415] loss=0.0412 miou=0.6895 f1=0.8031 time=22.7s
[Epoch 416] loss=0.0449 miou=0.6909 f1=0.8032 time=22.7s
[Epoch 417] loss=0.0406 miou=0.6871 f1=0.7991 time=22.6s
[Epoch 418] loss=0.0415 miou=0.6937 f1=0.8055 time=22.7s
[Epoch 419] loss=0.0419 miou=0.6880 f1=0.8013 time=22.7s
[Epoch 420] loss=0.0421 miou=0.6840 f1=0.7988 time=22.7s
[Epoch 421] loss=0.0459 miou=0.6814 f1=0.7948 time=22.7s
[Epoch 422] loss=0.0407 miou=0.6876 f1=0.8011 time=22.8s
[Epoch 423] loss=0.0413 miou=0.6915 f1=0.8040 time=22.8s
[Epoch 424] loss=0.0380 miou=0.6837 f1=0.7981 time=22.7s
[Epoch 425] loss=0.0406 miou=0.6797 f1=0.7971 time=22.7s
[Epoch 426] loss=0.0427 miou=0.6827 f1=0.7981 time=22.7s
[Epoch 427] loss=0.0465 miou=0.6855 f1=0.8014 time=22.7s
[Epoch 428] loss=0.0470 miou=0.6902 f1=0.8039 time=22.8s
[Epoch 429] loss=0.0419 miou=0.6876 f1=0.8023 time=22.7s
[Epoch 430] loss=0.0462 miou=0.6858 f1=0.7991 time=22.8s
[Epoch 431] loss=0.0469 miou=0.6872 f1=0.8013 time=22.8s
[Epoch 432] loss=0.0438 miou=0.6897 f1=0.8029 time=22.8s
[Epoch 433] loss=0.0439 miou=0.6938 f1=0.8051 time=22.8s
[Epoch 434] loss=0.0454 miou=0.6850 f1=0.8002 time=22.8s
[Epoch 435] loss=0.0423 miou=0.6848 f1=0.7992 time=22.7s
[Epoch 436] loss=0.0393 miou=0.6873 f1=0.8006 time=22.7s
[Epoch 437] loss=0.0392 miou=0.6828 f1=0.7975 time=22.8s
[Epoch 438] loss=0.0386 miou=0.6838 f1=0.7993 time=22.7s
[Epoch 439] loss=0.0372 miou=0.6858 f1=0.7997 time=22.7s
[Epoch 440] loss=0.0382 miou=0.6893 f1=0.8024 time=22.8s
[Epoch 441] loss=0.0387 miou=0.6825 f1=0.7976 time=22.8s
[Epoch 442] loss=0.0398 miou=0.6926 f1=0.8052 time=22.8s
[Epoch 443] loss=0.0396 miou=0.6766 f1=0.7923 time=22.8s
[Epoch 444] loss=0.0470 miou=0.6876 f1=0.8004 time=22.7s
[Epoch 445] loss=0.0421 miou=0.6864 f1=0.7987 time=22.8s
[Epoch 446] loss=0.0436 miou=0.6796 f1=0.7953 time=22.8s
[Epoch 447] loss=0.0425 miou=0.6889 f1=0.8023 time=22.7s
[Epoch 448] loss=0.0492 miou=0.6832 f1=0.7979 time=22.8s
[Epoch 449] loss=0.0564 miou=0.6899 f1=0.8049 time=22.8s
[Epoch 450] loss=0.0502 miou=0.6878 f1=0.8015 time=22.8s
[Epoch 451] loss=0.0466 miou=0.6874 f1=0.7997 time=22.7s
[Epoch 452] loss=0.0709 miou=0.6745 f1=0.7934 time=22.7s
[Epoch 453] loss=0.0786 miou=0.6870 f1=0.8007 time=22.8s
[Epoch 454] loss=0.0506 miou=0.6806 f1=0.7958 time=22.7s
[Epoch 455] loss=0.0478 miou=0.6880 f1=0.8024 time=22.8s
[Epoch 456] loss=0.0452 miou=0.6849 f1=0.8005 time=22.7s
[Epoch 457] loss=0.0410 miou=0.6847 f1=0.7996 time=22.7s
[Epoch 458] loss=0.0383 miou=0.6875 f1=0.8014 time=22.7s
[Epoch 459] loss=0.0389 miou=0.6942 f1=0.8070 time=22.7s
[Epoch 460] loss=0.0359 miou=0.6864 f1=0.8016 time=22.7s
[Epoch 461] loss=0.0387 miou=0.6956 f1=0.8083 time=23.1s
[Epoch 462] loss=0.0344 miou=0.6967 f1=0.8095 time=23.1s
[Epoch 463] loss=0.0411 miou=0.6939 f1=0.8071 time=22.9s
[Epoch 464] loss=0.0319 miou=0.6877 f1=0.8021 time=22.9s
[Epoch 465] loss=0.0348 miou=0.7042 f1=0.8148 time=23.3s
[Epoch 466] loss=0.0369 miou=0.6899 f1=0.8053 time=22.9s
[Epoch 467] loss=0.0378 miou=0.6916 f1=0.8061 time=22.9s
[Epoch 468] loss=0.0360 miou=0.6996 f1=0.8111 time=23.0s
[Epoch 469] loss=0.0359 miou=0.6989 f1=0.8108 time=22.9s
[Epoch 470] loss=0.0350 miou=0.6896 f1=0.8035 time=22.9s
[Epoch 471] loss=0.0312 miou=0.6972 f1=0.8102 time=22.9s
[Epoch 472] loss=0.0295 miou=0.6824 f1=0.7967 time=22.8s
[Epoch 473] loss=0.0322 miou=0.6784 f1=0.7951 time=22.9s
[Epoch 474] loss=0.0367 miou=0.6999 f1=0.8109 time=23.0s
[Epoch 475] loss=0.0317 miou=0.6866 f1=0.8005 time=22.8s
[Epoch 476] loss=0.0309 miou=0.6951 f1=0.8078 time=22.8s
[Epoch 477] loss=0.0333 miou=0.6963 f1=0.8090 time=22.9s
[Epoch 478] loss=0.0400 miou=0.6809 f1=0.7944 time=22.9s
[Epoch 479] loss=0.0354 miou=0.6855 f1=0.8011 time=22.9s
[Epoch 480] loss=0.0341 miou=0.6887 f1=0.8030 time=22.9s
[Epoch 481] loss=0.0366 miou=0.6935 f1=0.8063 time=22.9s
[Epoch 482] loss=0.0332 miou=0.6844 f1=0.7996 time=22.9s
[Epoch 483] loss=0.0337 miou=0.6967 f1=0.8088 time=22.9s
[Epoch 484] loss=0.0323 miou=0.6853 f1=0.8013 time=22.9s
[Epoch 485] loss=0.0331 miou=0.6819 f1=0.7980 time=22.9s
[Epoch 486] loss=0.0410 miou=0.6825 f1=0.7995 time=23.0s
[Epoch 487] loss=0.0329 miou=0.6935 f1=0.8063 time=22.9s
[Epoch 488] loss=0.0350 miou=0.6854 f1=0.7998 time=22.9s
[Epoch 489] loss=0.0318 miou=0.6896 f1=0.8034 time=22.9s
[Epoch 490] loss=0.0330 miou=0.6906 f1=0.8047 time=22.9s
[Epoch 491] loss=0.0345 miou=0.6829 f1=0.7983 time=22.9s
[Epoch 492] loss=0.0371 miou=0.6920 f1=0.8050 time=22.9s
[Epoch 493] loss=0.0360 miou=0.6913 f1=0.8052 time=22.9s
[Epoch 494] loss=0.0418 miou=0.6926 f1=0.8057 time=22.9s
[Epoch 495] loss=0.0379 miou=0.6883 f1=0.8024 time=22.9s
[Epoch 496] loss=0.0367 miou=0.6970 f1=0.8099 time=22.9s
[Epoch 497] loss=0.0351 miou=0.6943 f1=0.8072 time=22.9s
[Epoch 498] loss=0.0369 miou=0.6885 f1=0.8044 time=22.9s
[Epoch 499] loss=0.0365 miou=0.6832 f1=0.7990 time=23.0s
[Epoch 500] loss=0.0440 miou=0.6922 f1=0.8067 time=22.9s
[Epoch 501] loss=0.0364 miou=0.6852 f1=0.8004 time=23.1s
[Epoch 502] loss=0.0375 miou=0.6911 f1=0.8056 time=23.2s
[Epoch 503] loss=0.0389 miou=0.6860 f1=0.8008 time=22.9s
[Epoch 504] loss=0.0317 miou=0.6942 f1=0.8064 time=23.0s
[Epoch 505] loss=0.0281 miou=0.6911 f1=0.8043 time=22.9s
[Epoch 506] loss=0.0360 miou=0.6833 f1=0.7999 time=22.9s
[Epoch 507] loss=0.0379 miou=0.6866 f1=0.7997 time=22.9s
[Epoch 508] loss=0.0393 miou=0.6923 f1=0.8054 time=22.9s
[Epoch 509] loss=0.0363 miou=0.6855 f1=0.7998 time=22.9s
[Epoch 510] loss=0.0325 miou=0.6828 f1=0.7976 time=22.9s
[Epoch 511] loss=0.0346 miou=0.6896 f1=0.8017 time=22.9s
[Epoch 512] loss=0.0310 miou=0.6865 f1=0.7988 time=22.9s
[Epoch 513] loss=0.0268 miou=0.6932 f1=0.8062 time=22.9s
[Epoch 514] loss=0.0294 miou=0.6907 f1=0.8053 time=22.9s
[Epoch 515] loss=0.0284 miou=0.6915 f1=0.8036 time=22.8s
[Epoch 516] loss=0.0316 miou=0.6883 f1=0.8024 time=22.9s
[Epoch 517] loss=0.0353 miou=0.6955 f1=0.8063 time=22.8s
[Epoch 518] loss=0.0273 miou=0.6911 f1=0.8026 time=22.8s
[Epoch 519] loss=0.0291 miou=0.6953 f1=0.8064 time=22.8s
[Epoch 520] loss=0.0275 miou=0.6948 f1=0.8073 time=22.9s
[Epoch 521] loss=0.0277 miou=0.6940 f1=0.8075 time=22.9s
[Epoch 522] loss=0.0303 miou=0.7013 f1=0.8123 time=22.9s
[Epoch 523] loss=0.0409 miou=0.6833 f1=0.7989 time=22.9s
[Epoch 524] loss=0.0417 miou=0.6860 f1=0.8022 time=22.9s
[Epoch 525] loss=0.0380 miou=0.6847 f1=0.7977 time=23.1s
[Epoch 526] loss=0.0399 miou=0.6560 f1=0.7722 time=23.3s
[Epoch 527] loss=0.0511 miou=0.6879 f1=0.8020 time=23.1s
[Epoch 528] loss=0.0398 miou=0.6891 f1=0.8017 time=22.9s
[Epoch 529] loss=0.0358 miou=0.6929 f1=0.8047 time=23.0s
[Epoch 530] loss=0.0327 miou=0.6867 f1=0.7999 time=23.1s
[Epoch 531] loss=0.0343 miou=0.6903 f1=0.8040 time=23.0s
[Epoch 532] loss=0.0289 miou=0.6887 f1=0.8014 time=23.0s
[Epoch 533] loss=0.0297 miou=0.6946 f1=0.8070 time=23.2s
[Epoch 534] loss=0.0332 miou=0.6904 f1=0.8024 time=22.9s
[Epoch 535] loss=0.0288 miou=0.6875 f1=0.8009 time=23.2s
[Epoch 536] loss=0.0320 miou=0.6936 f1=0.8064 time=23.1s
[Epoch 537] loss=0.0290 miou=0.6891 f1=0.8015 time=23.2s
[Epoch 538] loss=0.0276 miou=0.6866 f1=0.8001 time=23.1s
[Epoch 539] loss=0.0271 miou=0.6874 f1=0.7993 time=23.1s
[Epoch 540] loss=0.0291 miou=0.6877 f1=0.7988 time=23.0s
[Epoch 541] loss=0.0289 miou=0.6889 f1=0.8008 time=23.1s
[Epoch 542] loss=0.0287 miou=0.6906 f1=0.8014 time=23.2s
[Epoch 543] loss=0.0354 miou=0.6841 f1=0.7982 time=22.8s
[Epoch 544] loss=0.0370 miou=0.6942 f1=0.8061 time=22.8s
[Epoch 545] loss=0.0278 miou=0.6976 f1=0.8094 time=22.8s
[Epoch 546] loss=0.0285 miou=0.6950 f1=0.8066 time=22.8s
[Epoch 547] loss=0.0317 miou=0.7002 f1=0.8102 time=23.0s
[Epoch 548] loss=0.0273 miou=0.6918 f1=0.8057 time=22.8s
[Epoch 549] loss=0.0273 miou=0.6967 f1=0.8082 time=22.9s
[Epoch 550] loss=0.0255 miou=0.6937 f1=0.8065 time=22.8s
[Epoch 551] loss=0.0352 miou=0.6961 f1=0.8075 time=23.1s
[Epoch 552] loss=0.0342 miou=0.6943 f1=0.8075 time=23.1s
[Epoch 553] loss=0.0303 miou=0.7028 f1=0.8136 time=23.0s
[Epoch 554] loss=0.0286 miou=0.6972 f1=0.8086 time=23.0s
[Epoch 555] loss=0.0369 miou=0.6815 f1=0.7979 time=23.1s
[Epoch 556] loss=0.0332 miou=0.6919 f1=0.8058 time=22.8s
[Epoch 557] loss=0.0310 miou=0.6927 f1=0.8049 time=22.8s
[Epoch 558] loss=0.0284 miou=0.6861 f1=0.7992 time=22.8s
[Epoch 559] loss=0.0287 miou=0.6879 f1=0.8015 time=22.7s
[Epoch 560] loss=0.0303 miou=0.6863 f1=0.8003 time=22.8s
[Epoch 561] loss=0.0265 miou=0.6895 f1=0.8016 time=22.8s
[Epoch 562] loss=0.0295 miou=0.6907 f1=0.8027 time=22.8s
[Epoch 563] loss=0.0277 miou=0.6946 f1=0.8066 time=22.8s
[Epoch 564] loss=0.0259 miou=0.6828 f1=0.7962 time=22.9s
[Epoch 565] loss=0.0241 miou=0.6867 f1=0.7991 time=22.8s
[Epoch 566] loss=0.0282 miou=0.6865 f1=0.8000 time=22.9s
[Epoch 567] loss=0.0309 miou=0.6829 f1=0.7965 time=22.9s
[Epoch 568] loss=0.0296 miou=0.6882 f1=0.8026 time=22.9s
[Epoch 569] loss=0.0326 miou=0.6777 f1=0.7933 time=22.9s
[Epoch 570] loss=0.0352 miou=0.6839 f1=0.7988 time=22.9s
[Epoch 571] loss=0.0390 miou=0.6863 f1=0.8005 time=22.9s
[Epoch 572] loss=0.0406 miou=0.6927 f1=0.8049 time=22.9s
[Epoch 573] loss=0.0334 miou=0.6859 f1=0.7989 time=22.9s
[Epoch 574] loss=0.0323 miou=0.6908 f1=0.8032 time=22.9s
[Epoch 575] loss=0.0291 miou=0.6872 f1=0.8008 time=22.9s
[Epoch 576] loss=0.0303 miou=0.6930 f1=0.8044 time=22.9s
[Epoch 577] loss=0.0287 miou=0.6862 f1=0.8007 time=22.9s
[Epoch 578] loss=0.0291 miou=0.7026 f1=0.8124 time=22.8s
[Epoch 579] loss=0.0254 miou=0.6961 f1=0.8068 time=22.9s
[Epoch 580] loss=0.0300 miou=0.6803 f1=0.7954 time=23.0s
[Epoch 581] loss=0.0328 miou=0.6864 f1=0.7993 time=22.9s
[Epoch 582] loss=0.0307 miou=0.6949 f1=0.8061 time=22.8s
[Epoch 583] loss=0.0258 miou=0.6873 f1=0.7991 time=22.8s
[Epoch 584] loss=0.0265 miou=0.6897 f1=0.8004 time=22.8s
[Epoch 585] loss=0.0263 miou=0.6955 f1=0.8081 time=22.8s
[Epoch 586] loss=0.0263 miou=0.6890 f1=0.8018 time=22.9s
[Epoch 587] loss=0.0350 miou=0.6976 f1=0.8090 time=22.9s
[Epoch 588] loss=0.0277 miou=0.7021 f1=0.8124 time=22.8s
[Epoch 589] loss=0.0279 miou=0.6973 f1=0.8085 time=22.9s
[Epoch 590] loss=0.0252 miou=0.6929 f1=0.8058 time=23.0s
[Epoch 591] loss=0.0283 miou=0.6959 f1=0.8074 time=22.9s
[Epoch 592] loss=0.0281 miou=0.6881 f1=0.8011 time=22.9s
[Epoch 593] loss=0.0309 miou=0.6921 f1=0.8038 time=22.9s
[Epoch 594] loss=0.0289 miou=0.6794 f1=0.7949 time=22.9s
[Epoch 595] loss=0.0276 miou=0.6945 f1=0.8057 time=22.9s
[Epoch 596] loss=0.0269 miou=0.6872 f1=0.8003 time=22.9s
[Epoch 597] loss=0.0298 miou=0.6886 f1=0.8014 time=22.8s
[Epoch 598] loss=0.0226 miou=0.6807 f1=0.7959 time=22.8s
[Epoch 599] loss=0.0243 miou=0.6803 f1=0.7955 time=22.8s
[Epoch 600] loss=0.0268 miou=0.6877 f1=0.8014 time=22.8s
[Epoch 601] loss=0.0246 miou=0.6911 f1=0.8033 time=22.8s
[Epoch 602] loss=0.0235 miou=0.6940 f1=0.8058 time=22.8s
[Epoch 603] loss=0.0228 miou=0.6957 f1=0.8076 time=22.8s
[Epoch 604] loss=0.0203 miou=0.6923 f1=0.8047 time=22.8s
[Epoch 605] loss=0.0226 miou=0.6813 f1=0.7958 time=22.8s
[Epoch 606] loss=0.0252 miou=0.6908 f1=0.8033 time=22.7s
[Epoch 607] loss=0.0233 miou=0.6930 f1=0.8054 time=22.7s
[Epoch 608] loss=0.0224 miou=0.6912 f1=0.8045 time=22.8s
[Epoch 609] loss=0.0237 miou=0.6918 f1=0.8059 time=22.7s
[Epoch 610] loss=0.0216 miou=0.6933 f1=0.8075 time=22.8s
[Epoch 611] loss=0.0237 miou=0.6859 f1=0.8000 time=22.8s
[Epoch 612] loss=0.0218 miou=0.6897 f1=0.8032 time=22.7s
[Epoch 613] loss=0.0219 miou=0.6865 f1=0.8015 time=22.8s
[Epoch 614] loss=0.0256 miou=0.6936 f1=0.8071 time=22.7s
[Epoch 615] loss=0.0240 miou=0.6885 f1=0.8029 time=22.8s
[Epoch 616] loss=0.0226 miou=0.6975 f1=0.8091 time=22.8s
[Epoch 617] loss=0.0195 miou=0.6948 f1=0.8073 time=22.7s
[Epoch 618] loss=0.0232 miou=0.6854 f1=0.8008 time=22.8s
[Epoch 619] loss=0.0272 miou=0.6868 f1=0.8029 time=22.8s
[Epoch 620] loss=0.0264 miou=0.6932 f1=0.8062 time=22.7s
[Epoch 621] loss=0.0225 miou=0.6933 f1=0.8062 time=22.8s
[Epoch 622] loss=0.0273 miou=0.6929 f1=0.8065 time=22.8s
[Epoch 623] loss=0.0252 miou=0.6980 f1=0.8095 time=22.8s
[Epoch 624] loss=0.0218 miou=0.6966 f1=0.8083 time=22.8s
[Epoch 625] loss=0.0218 miou=0.6854 f1=0.8010 time=22.8s
[Epoch 626] loss=0.0239 miou=0.6945 f1=0.8062 time=22.8s
[Epoch 627] loss=0.0238 miou=0.6941 f1=0.8057 time=22.8s
[Epoch 628] loss=0.0274 miou=0.6831 f1=0.7978 time=22.8s
[Epoch 629] loss=0.0275 miou=0.6851 f1=0.7980 time=22.8s
[Epoch 630] loss=0.0259 miou=0.6862 f1=0.8010 time=22.8s
[Epoch 631] loss=0.0271 miou=0.6869 f1=0.8007 time=22.8s
[Epoch 632] loss=0.0295 miou=0.6865 f1=0.8014 time=22.8s
[Epoch 633] loss=0.0304 miou=0.6878 f1=0.8018 time=22.8s
[Epoch 634] loss=0.0262 miou=0.6908 f1=0.8034 time=22.8s
[Epoch 635] loss=0.0280 miou=0.6863 f1=0.8003 time=22.8s
[Epoch 636] loss=0.0273 miou=0.6871 f1=0.8007 time=22.8s
[Epoch 637] loss=0.0306 miou=0.6829 f1=0.7954 time=22.8s
[Epoch 638] loss=0.0241 miou=0.6823 f1=0.7961 time=22.8s
[Epoch 639] loss=0.0254 miou=0.6846 f1=0.7980 time=22.7s
[Epoch 640] loss=0.0249 miou=0.6900 f1=0.8031 time=22.8s
[Epoch 641] loss=0.0219 miou=0.6888 f1=0.7997 time=22.8s
[Epoch 642] loss=0.0241 miou=0.6947 f1=0.8061 time=22.8s
[Epoch 643] loss=0.0211 miou=0.6984 f1=0.8088 time=22.8s
[Epoch 644] loss=0.0233 miou=0.6963 f1=0.8074 time=22.7s
[Epoch 645] loss=0.0222 miou=0.6891 f1=0.8030 time=22.8s
[Epoch 646] loss=0.0198 miou=0.6932 f1=0.8049 time=22.8s
[Epoch 647] loss=0.0202 miou=0.6892 f1=0.8015 time=22.8s
[Epoch 648] loss=0.0223 miou=0.6899 f1=0.8026 time=22.8s
[Epoch 649] loss=0.0191 miou=0.6927 f1=0.8056 time=22.8s
[Epoch 650] loss=0.0188 miou=0.6941 f1=0.8061 time=22.8s
[Epoch 651] loss=0.0176 miou=0.6987 f1=0.8095 time=22.8s
[Epoch 652] loss=0.0200 miou=0.6980 f1=0.8091 time=22.7s
[Epoch 653] loss=0.0190 miou=0.6973 f1=0.8075 time=22.7s
[Epoch 654] loss=0.0199 miou=0.6959 f1=0.8089 time=22.8s
[Epoch 655] loss=0.0216 miou=0.6808 f1=0.7964 time=22.7s
[Epoch 656] loss=0.0272 miou=0.6950 f1=0.8076 time=22.8s
[Epoch 657] loss=0.0196 miou=0.6930 f1=0.8041 time=22.8s
[Epoch 658] loss=0.0209 miou=0.6865 f1=0.7979 time=22.8s
[Epoch 659] loss=0.0187 miou=0.6870 f1=0.7982 time=22.8s
[Epoch 660] loss=0.0183 miou=0.6918 f1=0.8035 time=22.8s
[Epoch 661] loss=0.0180 miou=0.6922 f1=0.8044 time=22.7s
[Epoch 662] loss=0.0188 miou=0.6907 f1=0.8035 time=22.8s
[Epoch 663] loss=0.0168 miou=0.6855 f1=0.7984 time=22.8s
[Epoch 664] loss=0.0200 miou=0.6951 f1=0.8054 time=22.8s
[Epoch 665] loss=0.0176 miou=0.6934 f1=0.8047 time=22.8s
[Epoch 666] loss=0.0215 miou=0.6918 f1=0.8036 time=22.8s
[Epoch 667] loss=0.0217 miou=0.6947 f1=0.8082 time=22.8s
[Epoch 668] loss=0.0233 miou=0.6925 f1=0.8064 time=22.8s
[Epoch 669] loss=0.0230 miou=0.6915 f1=0.8037 time=22.8s
[Epoch 670] loss=0.0251 miou=0.6930 f1=0.8069 time=22.8s
[Epoch 671] loss=0.0190 miou=0.6977 f1=0.8099 time=22.8s
[Epoch 672] loss=0.0209 miou=0.6983 f1=0.8084 time=22.8s
[Epoch 673] loss=0.0190 miou=0.6885 f1=0.8024 time=22.8s
[Epoch 674] loss=0.0199 miou=0.6896 f1=0.8043 time=22.8s
[Epoch 675] loss=0.0275 miou=0.6899 f1=0.8030 time=22.8s
[Epoch 676] loss=0.0239 miou=0.6936 f1=0.8050 time=22.8s
[Epoch 677] loss=0.0310 miou=0.6899 f1=0.8030 time=22.8s
[Epoch 678] loss=0.0316 miou=0.6839 f1=0.7977 time=22.8s
[Epoch 679] loss=0.0275 miou=0.6941 f1=0.8076 time=22.8s
[Epoch 680] loss=0.0270 miou=0.6891 f1=0.8035 time=22.8s
[Epoch 681] loss=0.0275 miou=0.6768 f1=0.7938 time=22.7s
[Epoch 682] loss=0.0298 miou=0.6816 f1=0.7946 time=22.8s
[Epoch 683] loss=0.0273 miou=0.6855 f1=0.7982 time=22.8s
[Epoch 684] loss=0.0295 miou=0.6864 f1=0.7994 time=22.8s
[Epoch 685] loss=0.0283 miou=0.6870 f1=0.8007 time=22.8s
[Epoch 686] loss=0.0260 miou=0.6857 f1=0.8003 time=22.8s
[Epoch 687] loss=0.0308 miou=0.6845 f1=0.7988 time=22.8s
[Epoch 688] loss=0.0289 miou=0.6857 f1=0.8003 time=22.7s
[Epoch 689] loss=0.0315 miou=0.6810 f1=0.7973 time=22.7s
[Epoch 690] loss=0.0298 miou=0.6764 f1=0.7919 time=22.8s
[Epoch 691] loss=0.0305 miou=0.6851 f1=0.8027 time=22.8s
[Epoch 692] loss=0.0274 miou=0.6834 f1=0.7995 time=22.8s
[Epoch 693] loss=0.0293 miou=0.6913 f1=0.8042 time=22.8s
[Epoch 694] loss=0.0289 miou=0.6792 f1=0.7945 time=22.8s
[Epoch 695] loss=0.0262 miou=0.6826 f1=0.7955 time=22.8s
[Epoch 696] loss=0.0228 miou=0.6807 f1=0.7947 time=22.7s
[Epoch 697] loss=0.0477 miou=0.6718 f1=0.7870 time=22.7s
[Epoch 698] loss=0.0312 miou=0.6898 f1=0.8014 time=22.8s
[Epoch 699] loss=0.0263 miou=0.6919 f1=0.8047 time=22.9s
[Epoch 700] loss=0.0210 miou=0.6891 f1=0.8021 time=22.7s
[Epoch 701] loss=0.0212 miou=0.6864 f1=0.7997 time=22.8s
[Epoch 702] loss=0.0177 miou=0.6877 f1=0.8005 time=22.8s
[Epoch 703] loss=0.0203 miou=0.6843 f1=0.7980 time=22.7s
[Epoch 704] loss=0.0210 miou=0.6836 f1=0.7965 time=22.8s
[Epoch 705] loss=0.0195 miou=0.6848 f1=0.7989 time=22.7s
[Epoch 706] loss=0.0201 miou=0.6892 f1=0.8004 time=22.8s
[Epoch 707] loss=0.0280 miou=0.6775 f1=0.7905 time=22.7s
[Epoch 708] loss=0.0353 miou=0.6854 f1=0.7988 time=22.8s
[Epoch 709] loss=0.0297 miou=0.6885 f1=0.7994 time=22.7s
[Epoch 710] loss=0.0268 miou=0.6917 f1=0.8024 time=22.8s
[Epoch 711] loss=0.0227 miou=0.6858 f1=0.7994 time=22.8s
[Epoch 712] loss=0.0220 miou=0.6892 f1=0.8016 time=22.8s
[Epoch 713] loss=0.0228 miou=0.6821 f1=0.7963 time=22.7s
[Epoch 714] loss=0.0214 miou=0.6829 f1=0.7976 time=22.8s
[Epoch 715] loss=0.0184 miou=0.6802 f1=0.7947 time=22.7s
[Epoch 716] loss=0.0181 miou=0.6829 f1=0.7972 time=22.7s
[Epoch 717] loss=0.0166 miou=0.6785 f1=0.7922 time=22.8s
[Epoch 718] loss=0.0184 miou=0.6880 f1=0.8004 time=22.8s
[Epoch 719] loss=0.0160 miou=0.6819 f1=0.7966 time=22.8s
[Epoch 720] loss=0.0169 miou=0.6866 f1=0.7998 time=22.9s
[Epoch 721] loss=0.0165 miou=0.6879 f1=0.8008 time=22.8s
[Epoch 722] loss=0.0139 miou=0.6865 f1=0.7991 time=22.8s
[Epoch 723] loss=0.0156 miou=0.6817 f1=0.7947 time=22.7s
[Epoch 724] loss=0.0152 miou=0.6807 f1=0.7940 time=22.7s
[Epoch 725] loss=0.0152 miou=0.6903 f1=0.8013 time=22.8s
[Epoch 726] loss=0.0171 miou=0.6897 f1=0.8005 time=22.8s
[Epoch 727] loss=0.0154 miou=0.6922 f1=0.8045 time=22.8s
[Epoch 728] loss=0.0155 miou=0.6905 f1=0.8028 time=22.7s
[Epoch 729] loss=0.0167 miou=0.6862 f1=0.7994 time=22.7s
[Epoch 730] loss=0.0232 miou=0.6865 f1=0.7990 time=22.7s
[Epoch 731] loss=0.0195 miou=0.6827 f1=0.7952 time=22.6s
[Epoch 732] loss=0.0211 miou=0.6883 f1=0.7995 time=22.7s
[Epoch 733] loss=0.0171 miou=0.6894 f1=0.8018 time=22.7s
[Epoch 734] loss=0.0171 miou=0.6868 f1=0.8013 time=22.7s
[Epoch 735] loss=0.0174 miou=0.6936 f1=0.8059 time=22.7s
[Epoch 736] loss=0.0164 miou=0.6953 f1=0.8073 time=22.7s
[Epoch 737] loss=0.0189 miou=0.6923 f1=0.8068 time=22.7s
[Epoch 738] loss=0.0230 miou=0.6859 f1=0.8009 time=22.7s
[Epoch 739] loss=0.0232 miou=0.6807 f1=0.7958 time=22.7s
[Epoch 740] loss=0.0185 miou=0.6841 f1=0.7978 time=22.7s
[Epoch 741] loss=0.0185 miou=0.6935 f1=0.8062 time=22.6s
[Epoch 742] loss=0.0158 miou=0.6863 f1=0.7998 time=22.7s
[Epoch 743] loss=0.0168 miou=0.6886 f1=0.8011 time=22.7s
[Epoch 744] loss=0.0143 miou=0.6872 f1=0.7999 time=22.7s
[Epoch 745] loss=0.0159 miou=0.6840 f1=0.7973 time=22.7s
[Epoch 746] loss=0.0142 miou=0.6816 f1=0.7967 time=22.7s
[Epoch 747] loss=0.0169 miou=0.6825 f1=0.7968 time=22.7s
[Epoch 748] loss=0.0190 miou=0.6779 f1=0.7919 time=22.7s
[Epoch 749] loss=0.0184 miou=0.6919 f1=0.8050 time=22.8s
[Epoch 750] loss=0.0194 miou=0.6851 f1=0.7990 time=22.7s
[Epoch 751] loss=0.0212 miou=0.6835 f1=0.7957 time=22.7s
[Epoch 752] loss=0.0255 miou=0.6851 f1=0.7970 time=22.7s
[Epoch 753] loss=0.0232 miou=0.6795 f1=0.7891 time=22.6s
[Epoch 754] loss=0.0194 miou=0.6804 f1=0.7920 time=22.6s
[Epoch 755] loss=0.0179 miou=0.6815 f1=0.7952 time=22.7s
[Epoch 756] loss=0.0209 miou=0.6848 f1=0.7989 time=22.7s
[Epoch 757] loss=0.0218 miou=0.6841 f1=0.7979 time=22.7s
[Epoch 758] loss=0.0173 miou=0.6854 f1=0.8000 time=22.7s
[Epoch 759] loss=0.0165 miou=0.6868 f1=0.8007 time=22.6s
[Epoch 760] loss=0.0178 miou=0.6790 f1=0.7939 time=22.6s
[Epoch 761] loss=0.0204 miou=0.6897 f1=0.8039 time=22.7s
[Epoch 762] loss=0.0204 miou=0.6891 f1=0.8023 time=22.7s
[Epoch 763] loss=0.0220 miou=0.6852 f1=0.7989 time=22.6s
[Epoch 764] loss=0.0194 miou=0.6850 f1=0.8003 time=22.7s
[Epoch 765] loss=0.0188 miou=0.6920 f1=0.8040 time=22.6s
[Epoch 766] loss=0.0183 miou=0.6846 f1=0.7983 time=22.6s
[Epoch 767] loss=0.0187 miou=0.6855 f1=0.7998 time=22.7s
[Epoch 768] loss=0.0153 miou=0.6828 f1=0.7971 time=22.6s
[Epoch 769] loss=0.0172 miou=0.6865 f1=0.8002 time=22.7s
[Epoch 770] loss=0.0168 miou=0.6866 f1=0.8003 time=22.7s
[Epoch 771] loss=0.0184 miou=0.6842 f1=0.7979 time=22.7s
[Epoch 772] loss=0.0159 miou=0.6889 f1=0.8017 time=22.6s
[Epoch 773] loss=0.0188 miou=0.6826 f1=0.7957 time=22.6s
[Epoch 774] loss=0.0183 miou=0.6860 f1=0.7996 time=22.7s
[Epoch 775] loss=0.0157 miou=0.6783 f1=0.7928 time=22.7s
[Epoch 776] loss=0.0162 miou=0.6867 f1=0.8007 time=22.7s
[Epoch 777] loss=0.0186 miou=0.6884 f1=0.8029 time=22.7s
[Epoch 778] loss=0.0194 miou=0.6906 f1=0.8044 time=22.8s
[Epoch 779] loss=0.0162 miou=0.6894 f1=0.8031 time=22.7s
[Epoch 780] loss=0.0207 miou=0.6827 f1=0.7963 time=22.7s
[Epoch 781] loss=0.0198 miou=0.6800 f1=0.7938 time=22.6s
[Epoch 782] loss=0.0195 miou=0.6877 f1=0.8008 time=22.7s
[Epoch 783] loss=0.0203 miou=0.6795 f1=0.7955 time=22.7s
[Epoch 784] loss=0.0193 miou=0.6893 f1=0.8029 time=22.7s
[Epoch 785] loss=0.0211 miou=0.6847 f1=0.7996 time=22.7s
[Epoch 786] loss=0.0224 miou=0.6813 f1=0.7960 time=22.7s
[Epoch 787] loss=0.0190 miou=0.6911 f1=0.8040 time=22.7s
[Epoch 788] loss=0.0190 miou=0.6901 f1=0.8031 time=22.7s
[Epoch 789] loss=0.0195 miou=0.6832 f1=0.7994 time=22.7s
[Epoch 790] loss=0.0167 miou=0.6861 f1=0.8008 time=22.7s
[Epoch 791] loss=0.0155 miou=0.6901 f1=0.8035 time=22.7s
[Epoch 792] loss=0.0170 miou=0.6893 f1=0.8021 time=22.7s
[Epoch 793] loss=0.0164 miou=0.6816 f1=0.7976 time=22.7s
[Epoch 794] loss=0.0155 miou=0.6919 f1=0.8049 time=22.8s
[Epoch 795] loss=0.0142 miou=0.6885 f1=0.8020 time=22.7s
[Epoch 796] loss=0.0143 miou=0.6929 f1=0.8061 time=22.8s
[Epoch 797] loss=0.0179 miou=0.6815 f1=0.7954 time=22.7s
[Epoch 798] loss=0.0275 miou=0.6854 f1=0.7998 time=22.8s
[Epoch 799] loss=0.0247 miou=0.6817 f1=0.7971 time=22.8s
[Epoch 800] loss=0.0215 miou=0.6837 f1=0.7991 time=22.7s
[Epoch 801] loss=0.0245 miou=0.6899 f1=0.8038 time=22.7s
[Epoch 802] loss=0.0239 miou=0.6940 f1=0.8075 time=22.8s
[Epoch 803] loss=0.0206 miou=0.6959 f1=0.8079 time=22.7s
[Epoch 804] loss=0.0201 miou=0.6852 f1=0.8004 time=22.8s
[Epoch 805] loss=0.0181 miou=0.6857 f1=0.8003 time=22.8s
[Epoch 806] loss=0.0170 miou=0.6922 f1=0.8054 time=22.8s
[Epoch 807] loss=0.0194 miou=0.6849 f1=0.7983 time=22.8s
[Epoch 808] loss=0.0212 miou=0.6905 f1=0.8030 time=22.7s
[Epoch 809] loss=0.0184 miou=0.6928 f1=0.8062 time=22.8s
[Epoch 810] loss=0.0171 miou=0.6931 f1=0.8061 time=22.8s
[Epoch 811] loss=0.0140 miou=0.6851 f1=0.8000 time=22.8s
[Epoch 812] loss=0.0160 miou=0.6878 f1=0.8022 time=22.8s
[Epoch 813] loss=0.0165 miou=0.6874 f1=0.8019 time=22.7s
[Epoch 814] loss=0.0144 miou=0.6935 f1=0.8062 time=22.7s
[Epoch 815] loss=0.0178 miou=0.6877 f1=0.8012 time=22.7s
[Epoch 816] loss=0.0189 miou=0.6876 f1=0.8023 time=22.7s
[Epoch 817] loss=0.0162 miou=0.6928 f1=0.8062 time=22.7s
[Epoch 818] loss=0.0171 miou=0.6847 f1=0.7999 time=22.7s
[Epoch 819] loss=0.0200 miou=0.6879 f1=0.8033 time=22.8s
[Epoch 820] loss=0.0237 miou=0.6881 f1=0.8027 time=22.8s
[Epoch 821] loss=0.0196 miou=0.6854 f1=0.7993 time=22.8s
[Epoch 822] loss=0.0167 miou=0.6890 f1=0.8031 time=22.7s
[Epoch 823] loss=0.0229 miou=0.6876 f1=0.8022 time=22.8s
[Epoch 824] loss=0.0158 miou=0.6922 f1=0.8053 time=22.7s
[Epoch 825] loss=0.0162 miou=0.6891 f1=0.8037 time=22.7s
[Epoch 826] loss=0.0147 miou=0.6927 f1=0.8058 time=22.8s
[Epoch 827] loss=0.0148 miou=0.6959 f1=0.8087 time=22.7s
[Epoch 828] loss=0.0164 miou=0.6890 f1=0.8028 time=22.8s
[Epoch 829] loss=0.0154 miou=0.6906 f1=0.8035 time=22.7s
[Epoch 830] loss=0.0145 miou=0.6893 f1=0.8024 time=22.8s
[Epoch 831] loss=0.0129 miou=0.6832 f1=0.7985 time=22.8s
[Epoch 832] loss=0.0163 miou=0.6871 f1=0.8005 time=22.8s
[Epoch 833] loss=0.0133 miou=0.6861 f1=0.7999 time=22.8s
[Epoch 834] loss=0.0175 miou=0.6858 f1=0.7995 time=22.8s
[Epoch 835] loss=0.0151 miou=0.6880 f1=0.8003 time=22.8s
[Epoch 836] loss=0.0146 miou=0.6883 f1=0.8006 time=22.7s
[Epoch 837] loss=0.0141 miou=0.6894 f1=0.8015 time=22.8s
[Epoch 838] loss=0.0134 miou=0.6872 f1=0.8002 time=22.8s
[Epoch 839] loss=0.0137 miou=0.6792 f1=0.7949 time=22.8s
[Epoch 840] loss=0.0139 miou=0.6884 f1=0.8011 time=22.7s
[Epoch 841] loss=0.0136 miou=0.6848 f1=0.7987 time=22.7s
[Epoch 842] loss=0.0126 miou=0.6878 f1=0.8004 time=22.7s
[Epoch 843] loss=0.0134 miou=0.6873 f1=0.8015 time=22.6s
[Epoch 844] loss=0.0111 miou=0.6901 f1=0.8027 time=22.7s
[Epoch 845] loss=0.0120 miou=0.6865 f1=0.8006 time=22.7s
[Epoch 846] loss=0.0125 miou=0.6889 f1=0.8019 time=22.6s
[Epoch 847] loss=0.0120 miou=0.6929 f1=0.8051 time=22.8s
[Epoch 848] loss=0.0125 miou=0.6897 f1=0.8022 time=22.8s
[Epoch 849] loss=0.0146 miou=0.6924 f1=0.8049 time=22.7s
[Epoch 850] loss=0.0112 miou=0.6909 f1=0.8027 time=22.8s
[Epoch 851] loss=0.0106 miou=0.6892 f1=0.8024 time=22.8s
[Epoch 852] loss=0.0101 miou=0.6892 f1=0.8020 time=22.8s
[Epoch 853] loss=0.0102 miou=0.6910 f1=0.8030 time=22.7s
[Epoch 854] loss=0.0122 miou=0.6899 f1=0.8025 time=22.7s
[Epoch 855] loss=0.0112 miou=0.6913 f1=0.8043 time=22.7s
[Epoch 856] loss=0.0116 miou=0.6912 f1=0.8040 time=22.8s
[Epoch 857] loss=0.0109 miou=0.6908 f1=0.8037 time=22.8s
[Epoch 858] loss=0.0113 miou=0.6903 f1=0.8038 time=22.8s
[Epoch 859] loss=0.0133 miou=0.6830 f1=0.7978 time=22.7s
[Epoch 860] loss=0.0170 miou=0.6913 f1=0.8051 time=22.7s
[Epoch 861] loss=0.0150 miou=0.6873 f1=0.8021 time=22.8s
[Epoch 862] loss=0.0213 miou=0.6864 f1=0.8016 time=22.8s
[Epoch 863] loss=0.0220 miou=0.6792 f1=0.7946 time=22.8s
[Epoch 864] loss=0.0225 miou=0.6776 f1=0.7948 time=22.7s
[Epoch 865] loss=0.0165 miou=0.6798 f1=0.7956 time=22.7s
[Epoch 866] loss=0.0185 miou=0.6843 f1=0.7997 time=22.8s
[Epoch 867] loss=0.0223 miou=0.6825 f1=0.7972 time=22.8s
[Epoch 868] loss=0.0245 miou=0.6658 f1=0.7835 time=23.1s
[Epoch 869] loss=0.0259 miou=0.6593 f1=0.7799 time=23.1s
[Epoch 870] loss=0.0210 miou=0.6802 f1=0.7940 time=22.8s
[Epoch 871] loss=0.0268 miou=0.6808 f1=0.7960 time=22.8s
[Epoch 872] loss=0.0187 miou=0.6861 f1=0.7971 time=22.8s
[Epoch 873] loss=0.0196 miou=0.6762 f1=0.7925 time=22.8s
[Epoch 874] loss=0.0182 miou=0.6814 f1=0.7964 time=22.8s
[Epoch 875] loss=0.0168 miou=0.6809 f1=0.7957 time=22.8s
[Epoch 876] loss=0.0158 miou=0.6852 f1=0.7999 time=22.8s
[Epoch 877] loss=0.0178 miou=0.6870 f1=0.8006 time=22.8s
[Epoch 878] loss=0.0203 miou=0.6854 f1=0.7995 time=22.8s
[Epoch 879] loss=0.0159 miou=0.6876 f1=0.8004 time=22.7s
[Epoch 880] loss=0.0171 miou=0.6770 f1=0.7948 time=22.8s
[Epoch 881] loss=0.0163 miou=0.6845 f1=0.7989 time=22.7s
[Epoch 882] loss=0.0147 miou=0.6898 f1=0.8023 time=22.7s
[Epoch 883] loss=0.0173 miou=0.6869 f1=0.8003 time=22.7s
[Epoch 884] loss=0.0142 miou=0.6824 f1=0.7975 time=22.7s
[Epoch 885] loss=0.0158 miou=0.6760 f1=0.7920 time=22.7s
[Epoch 886] loss=0.0143 miou=0.6861 f1=0.7989 time=22.7s
[Epoch 887] loss=0.0174 miou=0.6803 f1=0.7946 time=22.8s
[Epoch 888] loss=0.0191 miou=0.6722 f1=0.7888 time=22.7s
[Epoch 889] loss=0.0171 miou=0.6835 f1=0.7985 time=22.7s
[Epoch 890] loss=0.0214 miou=0.6807 f1=0.7977 time=22.7s
[Epoch 891] loss=0.0197 miou=0.6784 f1=0.7963 time=22.7s
[Epoch 892] loss=0.0176 miou=0.6872 f1=0.8021 time=22.7s
[Epoch 893] loss=0.0182 miou=0.6813 f1=0.7965 time=22.7s
[Epoch 894] loss=0.0148 miou=0.6859 f1=0.7986 time=22.7s
[Epoch 895] loss=0.0195 miou=0.6827 f1=0.7969 time=22.7s
[Epoch 896] loss=0.0126 miou=0.6830 f1=0.7985 time=22.7s
[Epoch 897] loss=0.0142 miou=0.6816 f1=0.7956 time=22.7s
[Epoch 898] loss=0.0157 miou=0.6894 f1=0.8014 time=22.8s
[Epoch 899] loss=0.0175 miou=0.6836 f1=0.7999 time=22.7s
[Epoch 900] loss=0.0167 miou=0.6939 f1=0.8066 time=22.8s
[Epoch 901] loss=0.0164 miou=0.6938 f1=0.8061 time=22.7s
[Epoch 902] loss=0.0158 miou=0.6887 f1=0.8021 time=22.7s
[Epoch 903] loss=0.0166 miou=0.6918 f1=0.8047 time=22.7s
[Epoch 904] loss=0.0135 miou=0.6854 f1=0.7997 time=22.8s
[Epoch 905] loss=0.0145 miou=0.6836 f1=0.7992 time=22.7s
[Epoch 906] loss=0.0161 miou=0.6899 f1=0.8027 time=22.7s
[Epoch 907] loss=0.0129 miou=0.6932 f1=0.8056 time=22.7s
[Epoch 908] loss=0.0122 miou=0.6934 f1=0.8056 time=22.7s
[Epoch 909] loss=0.0119 miou=0.6929 f1=0.8050 time=22.7s
[Epoch 910] loss=0.0127 miou=0.6946 f1=0.8071 time=22.7s
[Epoch 911] loss=0.0118 miou=0.6973 f1=0.8085 time=22.7s
[Epoch 912] loss=0.0107 miou=0.6919 f1=0.8048 time=22.8s
[Epoch 913] loss=0.0111 miou=0.6952 f1=0.8077 time=22.8s
[Epoch 914] loss=0.0108 miou=0.6898 f1=0.8030 time=22.8s
[Epoch 915] loss=0.0110 miou=0.6888 f1=0.8029 time=22.8s
[Epoch 916] loss=0.0082 miou=0.6881 f1=0.8021 time=22.7s
[Epoch 917] loss=0.0091 miou=0.6907 f1=0.8041 time=22.7s
[Epoch 918] loss=0.0104 miou=0.6848 f1=0.7995 time=22.7s
[Epoch 919] loss=0.0109 miou=0.6868 f1=0.8011 time=22.8s
[Epoch 920] loss=0.0118 miou=0.6867 f1=0.8002 time=22.7s
[Epoch 921] loss=0.0091 miou=0.6906 f1=0.8041 time=22.8s
[Epoch 922] loss=0.0097 miou=0.6934 f1=0.8052 time=22.8s
[Epoch 923] loss=0.0099 miou=0.6891 f1=0.8025 time=22.7s
[Epoch 924] loss=0.0123 miou=0.6898 f1=0.8028 time=22.8s
[Epoch 925] loss=0.0115 miou=0.6804 f1=0.7948 time=22.7s
[Epoch 926] loss=0.0149 miou=0.6873 f1=0.8004 time=22.7s
[Epoch 927] loss=0.0120 miou=0.6873 f1=0.8009 time=22.8s
[Epoch 928] loss=0.0115 miou=0.6897 f1=0.8029 time=22.8s
[Epoch 929] loss=0.0169 miou=0.6877 f1=0.8018 time=22.8s
[Epoch 930] loss=0.0170 miou=0.6938 f1=0.8064 time=22.7s
[Epoch 931] loss=0.0139 miou=0.6851 f1=0.7994 time=22.7s
[Epoch 932] loss=0.0114 miou=0.6806 f1=0.7955 time=22.7s
[Epoch 933] loss=0.0129 miou=0.6753 f1=0.7922 time=22.7s
[Epoch 934] loss=0.0281 miou=0.6799 f1=0.7936 time=22.8s
[Epoch 935] loss=0.0303 miou=0.6785 f1=0.7928 time=22.8s
[Epoch 936] loss=0.0212 miou=0.6841 f1=0.7970 time=22.7s
[Epoch 937] loss=0.0200 miou=0.6793 f1=0.7918 time=22.7s
[Epoch 938] loss=0.0160 miou=0.6786 f1=0.7915 time=22.8s
[Epoch 939] loss=0.0162 miou=0.6884 f1=0.7999 time=22.8s
[Epoch 940] loss=0.0188 miou=0.6896 f1=0.8016 time=22.7s
[Epoch 941] loss=0.0172 miou=0.6865 f1=0.7997 time=22.7s
[Epoch 942] loss=0.0184 miou=0.6849 f1=0.8002 time=22.7s
[Epoch 943] loss=0.0146 miou=0.6866 f1=0.7984 time=22.7s
[Epoch 944] loss=0.0157 miou=0.6865 f1=0.7988 time=22.8s
[Epoch 945] loss=0.0143 miou=0.6844 f1=0.7986 time=22.7s
[Epoch 946] loss=0.0132 miou=0.6863 f1=0.7990 time=22.7s
[Epoch 947] loss=0.0108 miou=0.6892 f1=0.8015 time=22.7s
[Epoch 948] loss=0.0121 miou=0.6845 f1=0.7980 time=22.7s
[Epoch 949] loss=0.0119 miou=0.6840 f1=0.7977 time=22.7s
[Epoch 950] loss=0.0108 miou=0.6791 f1=0.7916 time=22.7s
[Epoch 951] loss=0.0100 miou=0.6848 f1=0.7964 time=22.7s
[Epoch 952] loss=0.0121 miou=0.6838 f1=0.7950 time=22.7s
[Epoch 953] loss=0.0080 miou=0.6838 f1=0.7952 time=22.7s
[Epoch 954] loss=0.0095 miou=0.6828 f1=0.7974 time=22.7s
[Epoch 955] loss=0.0109 miou=0.6833 f1=0.7971 time=22.7s
[Epoch 956] loss=0.0106 miou=0.6872 f1=0.7994 time=22.7s
[Epoch 957] loss=0.0088 miou=0.6891 f1=0.8017 time=22.7s
[Epoch 958] loss=0.0083 miou=0.6842 f1=0.7987 time=22.7s
[Epoch 959] loss=0.0097 miou=0.6849 f1=0.7995 time=22.7s
[Epoch 960] loss=0.0090 miou=0.6894 f1=0.8028 time=22.6s
[Epoch 961] loss=0.0097 miou=0.6902 f1=0.8031 time=22.7s
[Epoch 962] loss=0.0087 miou=0.6853 f1=0.7978 time=22.8s
[Epoch 963] loss=0.0081 miou=0.6886 f1=0.7996 time=22.7s
[Epoch 964] loss=0.0077 miou=0.6830 f1=0.7956 time=22.8s
[Epoch 965] loss=0.0080 miou=0.6910 f1=0.8014 time=22.7s
[Epoch 966] loss=0.0099 miou=0.6824 f1=0.7949 time=22.7s
[Epoch 967] loss=0.0085 miou=0.6801 f1=0.7941 time=22.7s
[Epoch 968] loss=0.0074 miou=0.6799 f1=0.7944 time=22.8s
[Epoch 969] loss=0.0101 miou=0.6841 f1=0.7973 time=22.8s
[Epoch 970] loss=0.0084 miou=0.6866 f1=0.7993 time=22.7s
[Epoch 971] loss=0.0095 miou=0.6831 f1=0.7958 time=22.8s
[Epoch 972] loss=0.0119 miou=0.6813 f1=0.7938 time=22.7s
[Epoch 973] loss=0.0090 miou=0.6855 f1=0.7984 time=22.8s
[Epoch 974] loss=0.0117 miou=0.6835 f1=0.7968 time=22.7s
[Epoch 975] loss=0.0114 miou=0.6857 f1=0.7992 time=22.7s
[Epoch 976] loss=0.0180 miou=0.6784 f1=0.7931 time=22.8s
[Epoch 977] loss=0.0269 miou=0.6612 f1=0.7810 time=22.6s
[Epoch 978] loss=0.0212 miou=0.6815 f1=0.7968 time=22.8s
[Epoch 979] loss=0.0157 miou=0.6860 f1=0.7997 time=22.7s
[Epoch 980] loss=0.0175 miou=0.6810 f1=0.7955 time=22.8s
[Epoch 981] loss=0.0187 miou=0.6824 f1=0.7957 time=22.7s
[Epoch 982] loss=0.0130 miou=0.6743 f1=0.7899 time=22.7s
[Epoch 983] loss=0.0193 miou=0.6856 f1=0.7994 time=22.7s
[Epoch 984] loss=0.0154 miou=0.6829 f1=0.7971 time=22.7s
[Epoch 985] loss=0.0166 miou=0.6864 f1=0.8003 time=22.7s
[Epoch 986] loss=0.0182 miou=0.6858 f1=0.7981 time=22.8s
[Epoch 987] loss=0.0206 miou=0.6849 f1=0.7996 time=22.8s
[Epoch 988] loss=0.0206 miou=0.6749 f1=0.7930 time=22.8s
[Epoch 989] loss=0.0216 miou=0.6846 f1=0.7997 time=22.9s
[Epoch 990] loss=0.0216 miou=0.6760 f1=0.7912 time=22.8s
[Epoch 991] loss=0.0189 miou=0.6812 f1=0.7960 time=22.8s
[Epoch 992] loss=0.0175 miou=0.6736 f1=0.7872 time=22.8s
[Epoch 993] loss=0.0197 miou=0.6828 f1=0.7966 time=22.7s
[Epoch 994] loss=0.0198 miou=0.6835 f1=0.7987 time=22.7s
[Epoch 995] loss=0.0196 miou=0.6667 f1=0.7863 time=22.7s
[Epoch 996] loss=0.0225 miou=0.6717 f1=0.7881 time=22.7s
[Epoch 997] loss=0.0248 miou=0.6853 f1=0.7994 time=22.6s
[Epoch 998] loss=0.0202 miou=0.6766 f1=0.7908 time=22.6s
[Epoch 999] loss=0.0160 miou=0.6725 f1=0.7892 time=22.8s
[Epoch 1000] loss=0.0163 miou=0.6800 f1=0.7950 time=22.7s
