nohup: ignoring input
Run directory: ./outputs_sam_sirst/irstd1k_size256_bs4_e1500_kp1_g5_20250905_232523
[Epoch 001] loss=0.9229 miou=0.4728 f1=0.6099 time=30.9s
[Epoch 002] loss=0.3059 miou=0.5824 f1=0.7069 time=29.7s
[Epoch 003] loss=0.2733 miou=0.5921 f1=0.7141 time=29.8s
[Epoch 004] loss=0.2625 miou=0.6000 f1=0.7262 time=29.6s
[Epoch 005] loss=0.2498 miou=0.5981 f1=0.7215 time=29.6s
[Epoch 006] loss=0.2476 miou=0.5848 f1=0.7134 time=29.5s
[Epoch 007] loss=0.2462 miou=0.6222 f1=0.7404 time=29.4s
[Epoch 008] loss=0.2419 miou=0.5951 f1=0.7204 time=29.4s
[Epoch 009] loss=0.2333 miou=0.6156 f1=0.7390 time=29.4s
[Epoch 010] loss=0.2292 miou=0.6100 f1=0.7334 time=29.4s
[Epoch 011] loss=0.2321 miou=0.6042 f1=0.7275 time=29.4s
[Epoch 012] loss=0.2361 miou=0.6146 f1=0.7353 time=29.9s
[Epoch 013] loss=0.2317 miou=0.6140 f1=0.7367 time=29.9s
[Epoch 014] loss=0.2271 miou=0.6137 f1=0.7355 time=30.0s
[Epoch 015] loss=0.2226 miou=0.6302 f1=0.7508 time=30.0s
[Epoch 016] loss=0.2208 miou=0.6090 f1=0.7333 time=30.0s
[Epoch 017] loss=0.2213 miou=0.6288 f1=0.7485 time=30.5s
[Epoch 018] loss=0.2133 miou=0.6188 f1=0.7402 time=31.0s
[Epoch 019] loss=0.2219 miou=0.6302 f1=0.7500 time=29.9s
[Epoch 020] loss=0.2229 miou=0.6227 f1=0.7434 time=30.9s
[Epoch 021] loss=0.2221 miou=0.6198 f1=0.7413 time=30.5s
[Epoch 022] loss=0.2225 miou=0.5986 f1=0.7259 time=30.1s
[Epoch 023] loss=0.2290 miou=0.6342 f1=0.7516 time=30.4s
[Epoch 024] loss=0.2237 miou=0.6255 f1=0.7473 time=26.4s
[Epoch 025] loss=0.2153 miou=0.6329 f1=0.7486 time=26.3s
[Epoch 026] loss=0.2123 miou=0.6133 f1=0.7378 time=26.3s
[Epoch 027] loss=0.2130 miou=0.6428 f1=0.7599 time=26.5s
[Epoch 028] loss=0.2164 miou=0.6388 f1=0.7567 time=26.3s
[Epoch 029] loss=0.2115 miou=0.6209 f1=0.7450 time=30.4s
[Epoch 030] loss=0.2052 miou=0.6298 f1=0.7495 time=26.3s
[Epoch 031] loss=0.2137 miou=0.6311 f1=0.7510 time=26.3s
[Epoch 032] loss=0.2113 miou=0.6348 f1=0.7521 time=26.3s
[Epoch 033] loss=0.2096 miou=0.6298 f1=0.7521 time=26.4s
[Epoch 034] loss=0.2113 miou=0.6252 f1=0.7450 time=30.1s
[Epoch 035] loss=0.2092 miou=0.6268 f1=0.7477 time=30.1s
[Epoch 036] loss=0.2100 miou=0.6292 f1=0.7486 time=30.1s
[Epoch 037] loss=0.2125 miou=0.6221 f1=0.7426 time=29.7s
[Epoch 038] loss=0.2139 miou=0.6352 f1=0.7516 time=29.6s
[Epoch 039] loss=0.2149 miou=0.6381 f1=0.7551 time=30.0s
[Epoch 040] loss=0.2109 miou=0.6405 f1=0.7548 time=30.3s
[Epoch 041] loss=0.2091 miou=0.6327 f1=0.7512 time=30.3s
[Epoch 042] loss=0.2015 miou=0.6269 f1=0.7458 time=30.1s
[Epoch 043] loss=0.2020 miou=0.6419 f1=0.7615 time=30.9s
[Epoch 044] loss=0.2068 miou=0.6279 f1=0.7414 time=30.6s
[Epoch 045] loss=0.2045 miou=0.6216 f1=0.7431 time=30.4s
[Epoch 046] loss=0.2061 miou=0.6309 f1=0.7492 time=29.7s
[Epoch 047] loss=0.2038 miou=0.6379 f1=0.7554 time=30.6s
[Epoch 048] loss=0.2004 miou=0.6462 f1=0.7630 time=30.1s
[Epoch 049] loss=0.1956 miou=0.6340 f1=0.7518 time=29.6s
[Epoch 050] loss=0.1887 miou=0.6281 f1=0.7507 time=29.7s
[Epoch 051] loss=0.2009 miou=0.6350 f1=0.7527 time=30.9s
[Epoch 052] loss=0.1948 miou=0.6215 f1=0.7409 time=30.4s
[Epoch 053] loss=0.1962 miou=0.6354 f1=0.7542 time=29.5s
[Epoch 054] loss=0.2024 miou=0.6292 f1=0.7483 time=29.5s
[Epoch 055] loss=0.2029 miou=0.6361 f1=0.7542 time=29.6s
[Epoch 056] loss=0.2017 miou=0.6266 f1=0.7473 time=30.1s
[Epoch 057] loss=0.1944 miou=0.6251 f1=0.7435 time=29.6s
[Epoch 058] loss=0.1968 miou=0.6282 f1=0.7483 time=29.7s
[Epoch 059] loss=0.1973 miou=0.6335 f1=0.7529 time=29.6s
[Epoch 060] loss=0.1914 miou=0.6456 f1=0.7611 time=30.0s
[Epoch 061] loss=0.1931 miou=0.6272 f1=0.7455 time=30.1s
[Epoch 062] loss=0.1944 miou=0.6481 f1=0.7648 time=30.1s
[Epoch 063] loss=0.1926 miou=0.6205 f1=0.7392 time=30.1s
[Epoch 064] loss=0.1899 miou=0.6279 f1=0.7454 time=30.1s
[Epoch 065] loss=0.1922 miou=0.6285 f1=0.7482 time=30.1s
[Epoch 066] loss=0.1892 miou=0.6310 f1=0.7502 time=30.1s
[Epoch 067] loss=0.2008 miou=0.6312 f1=0.7502 time=30.1s
[Epoch 068] loss=0.1909 miou=0.6214 f1=0.7369 time=30.0s
[Epoch 069] loss=0.1901 miou=0.6326 f1=0.7496 time=29.6s
[Epoch 070] loss=0.1835 miou=0.6233 f1=0.7414 time=30.1s
[Epoch 071] loss=0.1918 miou=0.6290 f1=0.7498 time=30.0s
[Epoch 072] loss=0.1904 miou=0.6388 f1=0.7549 time=30.1s
[Epoch 073] loss=0.1857 miou=0.6329 f1=0.7525 time=29.5s
[Epoch 074] loss=0.1813 miou=0.6288 f1=0.7455 time=30.0s
[Epoch 075] loss=0.1817 miou=0.6359 f1=0.7543 time=29.8s
[Epoch 076] loss=0.1824 miou=0.6437 f1=0.7605 time=30.0s
[Epoch 077] loss=0.1801 miou=0.6352 f1=0.7520 time=29.7s
[Epoch 078] loss=0.1834 miou=0.6245 f1=0.7446 time=30.0s
[Epoch 079] loss=0.1867 miou=0.6254 f1=0.7447 time=30.0s
[Epoch 080] loss=0.1798 miou=0.6445 f1=0.7599 time=29.6s
[Epoch 081] loss=0.1807 miou=0.6311 f1=0.7495 time=29.6s
[Epoch 082] loss=0.1856 miou=0.6264 f1=0.7465 time=29.5s
[Epoch 083] loss=0.1844 miou=0.6456 f1=0.7632 time=30.1s
[Epoch 084] loss=0.1824 miou=0.6285 f1=0.7482 time=29.6s
[Epoch 085] loss=0.1767 miou=0.6425 f1=0.7591 time=29.6s
[Epoch 086] loss=0.1811 miou=0.6393 f1=0.7578 time=30.1s
[Epoch 087] loss=0.1829 miou=0.6292 f1=0.7473 time=29.6s
[Epoch 088] loss=0.1854 miou=0.6330 f1=0.7515 time=29.6s
[Epoch 089] loss=0.1831 miou=0.6409 f1=0.7572 time=29.4s
[Epoch 090] loss=0.1810 miou=0.6330 f1=0.7519 time=29.5s
[Epoch 091] loss=0.1818 miou=0.6355 f1=0.7522 time=29.6s
[Epoch 092] loss=0.1769 miou=0.6355 f1=0.7534 time=29.7s
[Epoch 093] loss=0.1802 miou=0.6432 f1=0.7593 time=30.0s
[Epoch 094] loss=0.1753 miou=0.6330 f1=0.7510 time=30.1s
[Epoch 095] loss=0.1768 miou=0.6313 f1=0.7495 time=30.1s
[Epoch 096] loss=0.1736 miou=0.6429 f1=0.7605 time=29.5s
[Epoch 097] loss=0.1747 miou=0.6305 f1=0.7500 time=29.6s
[Epoch 098] loss=0.1769 miou=0.6293 f1=0.7473 time=29.5s
[Epoch 099] loss=0.1765 miou=0.6356 f1=0.7544 time=30.1s
[Epoch 100] loss=0.1788 miou=0.6287 f1=0.7473 time=29.6s
[Epoch 101] loss=0.1717 miou=0.6236 f1=0.7462 time=29.9s
[Epoch 102] loss=0.1733 miou=0.6315 f1=0.7513 time=30.0s
[Epoch 103] loss=0.1755 miou=0.6301 f1=0.7478 time=30.1s
[Epoch 104] loss=0.1697 miou=0.6280 f1=0.7458 time=30.1s
[Epoch 105] loss=0.1829 miou=0.6089 f1=0.7325 time=29.8s
[Epoch 106] loss=0.1686 miou=0.6377 f1=0.7543 time=30.2s
[Epoch 107] loss=0.1647 miou=0.6335 f1=0.7508 time=30.1s
[Epoch 108] loss=0.1665 miou=0.6335 f1=0.7484 time=29.8s
[Epoch 109] loss=0.1726 miou=0.6229 f1=0.7443 time=29.9s
[Epoch 110] loss=0.1800 miou=0.6429 f1=0.7585 time=29.5s
[Epoch 111] loss=0.1661 miou=0.6493 f1=0.7626 time=29.8s
[Epoch 112] loss=0.1758 miou=0.6486 f1=0.7622 time=31.0s
[Epoch 113] loss=0.1694 miou=0.6412 f1=0.7570 time=29.9s
[Epoch 114] loss=0.1697 miou=0.6390 f1=0.7571 time=29.6s
[Epoch 115] loss=0.1672 miou=0.6409 f1=0.7579 time=30.2s
[Epoch 116] loss=0.1710 miou=0.6349 f1=0.7520 time=30.2s
[Epoch 117] loss=0.1688 miou=0.6364 f1=0.7516 time=29.6s
[Epoch 118] loss=0.1668 miou=0.6421 f1=0.7595 time=30.0s
[Epoch 119] loss=0.1667 miou=0.6277 f1=0.7456 time=30.0s
[Epoch 120] loss=0.1656 miou=0.6376 f1=0.7547 time=30.1s
[Epoch 121] loss=0.1787 miou=0.6423 f1=0.7593 time=29.6s
[Epoch 122] loss=0.1647 miou=0.6355 f1=0.7520 time=30.0s
[Epoch 123] loss=0.1706 miou=0.6382 f1=0.7571 time=30.0s
[Epoch 124] loss=0.1795 miou=0.6138 f1=0.7401 time=29.5s
[Epoch 125] loss=0.1715 miou=0.6293 f1=0.7473 time=30.0s
[Epoch 126] loss=0.1657 miou=0.6388 f1=0.7555 time=30.0s
[Epoch 127] loss=0.1672 miou=0.6375 f1=0.7534 time=30.1s
[Epoch 128] loss=0.1620 miou=0.6359 f1=0.7534 time=30.0s
[Epoch 129] loss=0.1600 miou=0.6341 f1=0.7509 time=30.0s
[Epoch 130] loss=0.1596 miou=0.6457 f1=0.7620 time=30.0s
[Epoch 131] loss=0.1623 miou=0.6383 f1=0.7566 time=30.0s
[Epoch 132] loss=0.1661 miou=0.6436 f1=0.7587 time=29.6s
[Epoch 133] loss=0.1603 miou=0.6429 f1=0.7593 time=30.1s
[Epoch 134] loss=0.1612 miou=0.6223 f1=0.7410 time=29.3s
[Epoch 135] loss=0.1682 miou=0.6430 f1=0.7601 time=30.3s
[Epoch 136] loss=0.1710 miou=0.6308 f1=0.7489 time=30.2s
[Epoch 137] loss=0.1621 miou=0.6398 f1=0.7590 time=29.7s
[Epoch 138] loss=0.1607 miou=0.6474 f1=0.7631 time=30.1s
[Epoch 139] loss=0.1623 miou=0.6386 f1=0.7564 time=29.7s
[Epoch 140] loss=0.1630 miou=0.6411 f1=0.7590 time=29.8s
[Epoch 141] loss=0.1612 miou=0.6393 f1=0.7566 time=30.0s
[Epoch 142] loss=0.1609 miou=0.6351 f1=0.7504 time=30.0s
[Epoch 143] loss=0.1612 miou=0.6483 f1=0.7630 time=30.0s
[Epoch 144] loss=0.1598 miou=0.6396 f1=0.7553 time=30.1s
[Epoch 145] loss=0.1514 miou=0.6469 f1=0.7608 time=30.2s
[Epoch 146] loss=0.1630 miou=0.6408 f1=0.7557 time=30.1s
[Epoch 147] loss=0.1573 miou=0.6387 f1=0.7549 time=29.5s
[Epoch 148] loss=0.1585 miou=0.6141 f1=0.7316 time=28.0s
[Epoch 149] loss=0.1616 miou=0.6425 f1=0.7581 time=27.5s
[Epoch 150] loss=0.1565 miou=0.6592 f1=0.7733 time=29.4s
[Epoch 151] loss=0.1530 miou=0.6451 f1=0.7607 time=29.5s
[Epoch 152] loss=0.1500 miou=0.6550 f1=0.7682 time=30.1s
[Epoch 153] loss=0.1544 miou=0.6523 f1=0.7650 time=30.0s
[Epoch 154] loss=0.1482 miou=0.6329 f1=0.7501 time=30.1s
[Epoch 155] loss=0.1495 miou=0.6396 f1=0.7562 time=29.6s
[Epoch 156] loss=0.1626 miou=0.6352 f1=0.7512 time=28.6s
[Epoch 157] loss=0.1488 miou=0.6449 f1=0.7602 time=28.5s
[Epoch 158] loss=0.1546 miou=0.6408 f1=0.7567 time=30.0s
[Epoch 159] loss=0.1597 miou=0.6392 f1=0.7546 time=29.9s
[Epoch 160] loss=0.1564 miou=0.6363 f1=0.7525 time=30.1s
[Epoch 161] loss=0.1595 miou=0.6387 f1=0.7549 time=30.0s
[Epoch 162] loss=0.1569 miou=0.6482 f1=0.7608 time=30.1s
[Epoch 163] loss=0.1550 miou=0.6516 f1=0.7654 time=29.6s
[Epoch 164] loss=0.1450 miou=0.6359 f1=0.7531 time=30.0s
[Epoch 165] loss=0.1494 miou=0.6343 f1=0.7528 time=30.8s
[Epoch 166] loss=0.1530 miou=0.6459 f1=0.7585 time=29.5s
[Epoch 167] loss=0.1455 miou=0.6379 f1=0.7538 time=30.8s
[Epoch 168] loss=0.1528 miou=0.6253 f1=0.7454 time=30.1s
[Epoch 169] loss=0.1474 miou=0.6314 f1=0.7467 time=29.5s
[Epoch 170] loss=0.1398 miou=0.6364 f1=0.7521 time=30.0s
[Epoch 171] loss=0.1540 miou=0.6448 f1=0.7576 time=30.1s
[Epoch 172] loss=0.1546 miou=0.6211 f1=0.7428 time=30.0s
[Epoch 173] loss=0.1593 miou=0.6286 f1=0.7480 time=27.4s
[Epoch 174] loss=0.1540 miou=0.6421 f1=0.7582 time=28.2s
[Epoch 175] loss=0.1536 miou=0.6366 f1=0.7523 time=27.0s
[Epoch 176] loss=0.1523 miou=0.6298 f1=0.7490 time=28.5s
[Epoch 177] loss=0.1584 miou=0.6395 f1=0.7561 time=27.7s
[Epoch 178] loss=0.1535 miou=0.6480 f1=0.7625 time=27.7s
[Epoch 179] loss=0.1551 miou=0.6397 f1=0.7573 time=27.9s
[Epoch 180] loss=0.1486 miou=0.6438 f1=0.7589 time=27.6s
[Epoch 181] loss=0.1502 miou=0.6275 f1=0.7447 time=27.5s
[Epoch 182] loss=0.1519 miou=0.6169 f1=0.7388 time=27.6s
[Epoch 183] loss=0.1551 miou=0.6355 f1=0.7521 time=28.0s
[Epoch 184] loss=0.1465 miou=0.6316 f1=0.7483 time=28.0s
[Epoch 185] loss=0.1561 miou=0.6412 f1=0.7592 time=27.5s
[Epoch 186] loss=0.1655 miou=0.6226 f1=0.7392 time=27.7s
[Epoch 187] loss=0.1577 miou=0.6529 f1=0.7654 time=27.9s
[Epoch 188] loss=0.1467 miou=0.6497 f1=0.7635 time=27.6s
[Epoch 189] loss=0.1487 miou=0.6497 f1=0.7634 time=29.6s
[Epoch 190] loss=0.1437 miou=0.6455 f1=0.7587 time=30.1s
[Epoch 191] loss=0.1432 miou=0.6515 f1=0.7651 time=30.0s
[Epoch 192] loss=0.1521 miou=0.6512 f1=0.7641 time=30.0s
[Epoch 193] loss=0.1510 miou=0.6360 f1=0.7536 time=29.7s
[Epoch 194] loss=0.1403 miou=0.6392 f1=0.7548 time=30.0s
[Epoch 195] loss=0.1488 miou=0.6354 f1=0.7537 time=29.8s
[Epoch 196] loss=0.1480 miou=0.6406 f1=0.7566 time=29.6s
[Epoch 197] loss=0.1516 miou=0.6429 f1=0.7581 time=28.1s
[Epoch 198] loss=0.1451 miou=0.6360 f1=0.7531 time=30.0s
[Epoch 199] loss=0.1454 miou=0.6388 f1=0.7537 time=30.0s
[Epoch 200] loss=0.1352 miou=0.6410 f1=0.7560 time=30.1s
[Epoch 201] loss=0.1458 miou=0.6347 f1=0.7510 time=30.0s
[Epoch 202] loss=0.1471 miou=0.6396 f1=0.7552 time=30.0s
[Epoch 203] loss=0.1469 miou=0.6322 f1=0.7494 time=30.0s
[Epoch 204] loss=0.1436 miou=0.6505 f1=0.7650 time=30.0s
[Epoch 205] loss=0.1398 miou=0.6495 f1=0.7636 time=30.0s
[Epoch 206] loss=0.1479 miou=0.6345 f1=0.7508 time=30.0s
[Epoch 207] loss=0.1444 miou=0.6371 f1=0.7553 time=29.9s
[Epoch 208] loss=0.1479 miou=0.6399 f1=0.7570 time=30.0s
[Epoch 209] loss=0.1452 miou=0.6427 f1=0.7578 time=30.0s
[Epoch 210] loss=0.1487 miou=0.6274 f1=0.7442 time=30.0s
[Epoch 211] loss=0.1488 miou=0.6293 f1=0.7481 time=30.3s
[Epoch 212] loss=0.1484 miou=0.6254 f1=0.7431 time=30.0s
[Epoch 213] loss=0.1467 miou=0.6377 f1=0.7541 time=30.0s
[Epoch 214] loss=0.1423 miou=0.6374 f1=0.7540 time=30.0s
[Epoch 215] loss=0.1364 miou=0.6366 f1=0.7532 time=29.6s
[Epoch 216] loss=0.1436 miou=0.6312 f1=0.7510 time=30.7s
[Epoch 217] loss=0.1467 miou=0.6248 f1=0.7451 time=30.7s
[Epoch 218] loss=0.1405 miou=0.6409 f1=0.7586 time=30.1s
[Epoch 219] loss=0.1400 miou=0.6343 f1=0.7536 time=30.8s
[Epoch 220] loss=0.1379 miou=0.6291 f1=0.7482 time=30.8s
[Epoch 221] loss=0.1400 miou=0.6400 f1=0.7558 time=30.8s
[Epoch 222] loss=0.1354 miou=0.6487 f1=0.7644 time=28.2s
[Epoch 223] loss=0.1328 miou=0.6399 f1=0.7556 time=27.6s
[Epoch 224] loss=0.1326 miou=0.6481 f1=0.7629 time=27.7s
[Epoch 225] loss=0.1383 miou=0.6388 f1=0.7551 time=28.1s
[Epoch 226] loss=0.1408 miou=0.6347 f1=0.7519 time=27.6s
[Epoch 227] loss=0.1363 miou=0.6440 f1=0.7574 time=27.7s
[Epoch 228] loss=0.1380 miou=0.6403 f1=0.7575 time=27.6s
[Epoch 229] loss=0.1370 miou=0.6453 f1=0.7595 time=27.7s
[Epoch 230] loss=0.1409 miou=0.6416 f1=0.7594 time=27.6s
[Epoch 231] loss=0.1370 miou=0.6466 f1=0.7603 time=27.6s
[Epoch 232] loss=0.1364 miou=0.6389 f1=0.7568 time=29.9s
[Epoch 233] loss=0.1402 miou=0.6464 f1=0.7606 time=29.9s
[Epoch 234] loss=0.1324 miou=0.6357 f1=0.7531 time=30.0s
[Epoch 235] loss=0.1439 miou=0.6435 f1=0.7572 time=30.0s
[Epoch 236] loss=0.1320 miou=0.6534 f1=0.7654 time=30.1s
[Epoch 237] loss=0.1421 miou=0.6418 f1=0.7563 time=30.0s
[Epoch 238] loss=0.1387 miou=0.6426 f1=0.7563 time=30.0s
[Epoch 239] loss=0.1401 miou=0.6471 f1=0.7602 time=29.9s
[Epoch 240] loss=0.1366 miou=0.6356 f1=0.7520 time=30.0s
[Epoch 241] loss=0.1343 miou=0.6471 f1=0.7639 time=30.0s
[Epoch 242] loss=0.1328 miou=0.6442 f1=0.7583 time=30.0s
[Epoch 243] loss=0.1427 miou=0.6292 f1=0.7453 time=30.1s
[Epoch 244] loss=0.1342 miou=0.6477 f1=0.7636 time=27.5s
[Epoch 245] loss=0.1398 miou=0.6289 f1=0.7470 time=27.5s
[Epoch 246] loss=0.1427 miou=0.6230 f1=0.7417 time=27.6s
[Epoch 247] loss=0.1338 miou=0.6410 f1=0.7561 time=27.6s
[Epoch 248] loss=0.1323 miou=0.6322 f1=0.7501 time=27.6s
[Epoch 249] loss=0.1337 miou=0.6443 f1=0.7577 time=27.7s
[Epoch 250] loss=0.1391 miou=0.6436 f1=0.7576 time=27.6s
[Epoch 251] loss=0.1340 miou=0.6332 f1=0.7489 time=27.5s
[Epoch 252] loss=0.1399 miou=0.6465 f1=0.7603 time=27.7s
[Epoch 253] loss=0.1349 miou=0.6413 f1=0.7559 time=27.7s
[Epoch 254] loss=0.1353 miou=0.6317 f1=0.7488 time=27.6s
[Epoch 255] loss=0.1323 miou=0.6431 f1=0.7597 time=27.5s
[Epoch 256] loss=0.1289 miou=0.6383 f1=0.7550 time=27.9s
[Epoch 257] loss=0.1345 miou=0.6366 f1=0.7523 time=27.6s
[Epoch 258] loss=0.1357 miou=0.6291 f1=0.7460 time=28.6s
[Epoch 259] loss=0.1298 miou=0.6390 f1=0.7553 time=27.7s
[Epoch 260] loss=0.1313 miou=0.6390 f1=0.7532 time=27.6s
[Epoch 261] loss=0.1308 miou=0.6425 f1=0.7580 time=27.6s
[Epoch 262] loss=0.1344 miou=0.6395 f1=0.7546 time=30.1s
[Epoch 263] loss=0.1297 miou=0.6345 f1=0.7506 time=30.8s
[Epoch 264] loss=0.1299 miou=0.6231 f1=0.7421 time=30.3s
[Epoch 265] loss=0.1387 miou=0.6452 f1=0.7606 time=30.2s
[Epoch 266] loss=0.1326 miou=0.6393 f1=0.7557 time=30.7s
[Epoch 267] loss=0.1318 miou=0.6385 f1=0.7560 time=30.0s
[Epoch 268] loss=0.1333 miou=0.6349 f1=0.7503 time=30.0s
[Epoch 269] loss=0.1271 miou=0.6409 f1=0.7558 time=29.7s
[Epoch 270] loss=0.1338 miou=0.6512 f1=0.7634 time=29.1s
[Epoch 271] loss=0.1287 miou=0.6401 f1=0.7539 time=27.6s
[Epoch 272] loss=0.1264 miou=0.6448 f1=0.7581 time=27.6s
[Epoch 273] loss=0.1284 miou=0.6387 f1=0.7535 time=27.7s
[Epoch 274] loss=0.1264 miou=0.6474 f1=0.7620 time=30.3s
[Epoch 275] loss=0.1277 miou=0.6301 f1=0.7470 time=30.0s
[Epoch 276] loss=0.1279 miou=0.6370 f1=0.7521 time=30.1s
[Epoch 277] loss=0.1292 miou=0.6457 f1=0.7587 time=30.8s
[Epoch 278] loss=0.1279 miou=0.6357 f1=0.7522 time=30.1s
[Epoch 279] loss=0.1251 miou=0.6383 f1=0.7538 time=30.8s
[Epoch 280] loss=0.1235 miou=0.6385 f1=0.7526 time=30.8s
[Epoch 281] loss=0.1248 miou=0.6234 f1=0.7405 time=30.0s
[Epoch 282] loss=0.1252 miou=0.6244 f1=0.7421 time=30.0s
[Epoch 283] loss=0.1260 miou=0.6368 f1=0.7518 time=30.0s
[Epoch 284] loss=0.1276 miou=0.6400 f1=0.7540 time=30.0s
[Epoch 285] loss=0.1304 miou=0.6442 f1=0.7587 time=30.0s
[Epoch 286] loss=0.1267 miou=0.6445 f1=0.7590 time=30.0s
[Epoch 287] loss=0.1214 miou=0.6405 f1=0.7553 time=30.8s
[Epoch 288] loss=0.1341 miou=0.6296 f1=0.7485 time=30.5s
[Epoch 289] loss=0.1331 miou=0.6290 f1=0.7453 time=30.0s
[Epoch 290] loss=0.1264 miou=0.6407 f1=0.7566 time=29.2s
[Epoch 291] loss=0.1334 miou=0.6288 f1=0.7475 time=29.5s
[Epoch 292] loss=0.1286 miou=0.6389 f1=0.7556 time=30.0s
[Epoch 293] loss=0.1244 miou=0.6278 f1=0.7468 time=26.3s
[Epoch 294] loss=0.1280 miou=0.6460 f1=0.7596 time=27.0s
[Epoch 295] loss=0.1336 miou=0.6327 f1=0.7499 time=30.0s
[Epoch 296] loss=0.1370 miou=0.6269 f1=0.7453 time=27.9s
[Epoch 297] loss=0.1319 miou=0.6471 f1=0.7608 time=28.6s
[Epoch 298] loss=0.1261 miou=0.6515 f1=0.7655 time=29.5s
[Epoch 299] loss=0.1274 miou=0.6452 f1=0.7587 time=29.4s
[Epoch 300] loss=0.1263 miou=0.6444 f1=0.7588 time=29.9s
[Epoch 301] loss=0.1247 miou=0.6460 f1=0.7620 time=29.8s
[Epoch 302] loss=0.1205 miou=0.6351 f1=0.7505 time=29.5s
[Epoch 303] loss=0.1221 miou=0.6355 f1=0.7533 time=29.5s
[Epoch 304] loss=0.1234 miou=0.6304 f1=0.7454 time=30.0s
[Epoch 305] loss=0.1225 miou=0.6363 f1=0.7532 time=30.0s
[Epoch 306] loss=0.1242 miou=0.6413 f1=0.7568 time=30.0s
[Epoch 307] loss=0.1325 miou=0.6441 f1=0.7605 time=29.3s
[Epoch 308] loss=0.1231 miou=0.6357 f1=0.7512 time=29.4s
[Epoch 309] loss=0.1219 miou=0.6376 f1=0.7531 time=29.9s
[Epoch 310] loss=0.1170 miou=0.6496 f1=0.7626 time=29.5s
[Epoch 311] loss=0.1203 miou=0.6304 f1=0.7487 time=29.4s
[Epoch 312] loss=0.1183 miou=0.6288 f1=0.7470 time=29.9s
[Epoch 313] loss=0.1187 miou=0.6331 f1=0.7504 time=30.4s
[Epoch 314] loss=0.1214 miou=0.6270 f1=0.7434 time=30.2s
[Epoch 315] loss=0.1227 miou=0.6286 f1=0.7456 time=27.8s
[Epoch 316] loss=0.1267 miou=0.6313 f1=0.7477 time=27.9s
[Epoch 317] loss=0.1252 miou=0.6318 f1=0.7478 time=28.0s
[Epoch 318] loss=0.1246 miou=0.6406 f1=0.7561 time=27.7s
[Epoch 319] loss=0.1254 miou=0.6343 f1=0.7523 time=27.7s
[Epoch 320] loss=0.1264 miou=0.6260 f1=0.7434 time=27.7s
[Epoch 321] loss=0.1194 miou=0.6393 f1=0.7565 time=27.6s
[Epoch 322] loss=0.1205 miou=0.6351 f1=0.7518 time=27.6s
[Epoch 323] loss=0.1203 miou=0.6480 f1=0.7609 time=27.6s
[Epoch 324] loss=0.1214 miou=0.6434 f1=0.7573 time=27.9s
[Epoch 325] loss=0.1159 miou=0.6355 f1=0.7503 time=27.5s
[Epoch 326] loss=0.1144 miou=0.6348 f1=0.7496 time=27.6s
[Epoch 327] loss=0.1188 miou=0.6218 f1=0.7409 time=28.1s
[Epoch 328] loss=0.1239 miou=0.6212 f1=0.7404 time=30.3s
[Epoch 329] loss=0.1200 miou=0.6368 f1=0.7531 time=29.9s
[Epoch 330] loss=0.1191 miou=0.6371 f1=0.7517 time=30.3s
[Epoch 331] loss=0.1155 miou=0.6397 f1=0.7555 time=30.2s
[Epoch 332] loss=0.1176 miou=0.6241 f1=0.7431 time=30.8s
[Epoch 333] loss=0.1227 miou=0.6310 f1=0.7482 time=30.3s
[Epoch 334] loss=0.1126 miou=0.6319 f1=0.7496 time=29.2s
[Epoch 335] loss=0.1141 miou=0.6314 f1=0.7501 time=27.7s
[Epoch 336] loss=0.1136 miou=0.6328 f1=0.7512 time=27.7s
[Epoch 337] loss=0.1202 miou=0.6371 f1=0.7529 time=29.6s
[Epoch 338] loss=0.1190 miou=0.6214 f1=0.7400 time=29.6s
[Epoch 339] loss=0.1187 miou=0.6343 f1=0.7481 time=29.0s
[Epoch 340] loss=0.1176 miou=0.6267 f1=0.7458 time=30.2s
[Epoch 341] loss=0.1150 miou=0.6355 f1=0.7525 time=30.2s
[Epoch 342] loss=0.1151 miou=0.6378 f1=0.7540 time=27.8s
[Epoch 343] loss=0.1177 miou=0.6369 f1=0.7537 time=30.6s
[Epoch 344] loss=0.1190 miou=0.6341 f1=0.7508 time=29.5s
[Epoch 345] loss=0.1101 miou=0.6295 f1=0.7475 time=30.3s
[Epoch 346] loss=0.1140 miou=0.6292 f1=0.7456 time=29.8s
[Epoch 347] loss=0.1125 miou=0.6273 f1=0.7427 time=30.0s
[Epoch 348] loss=0.1240 miou=0.6228 f1=0.7416 time=29.6s
[Epoch 349] loss=0.1148 miou=0.6240 f1=0.7429 time=29.5s
[Epoch 350] loss=0.1090 miou=0.6289 f1=0.7486 time=30.0s
[Epoch 351] loss=0.1105 miou=0.6302 f1=0.7493 time=30.0s
[Epoch 352] loss=0.1095 miou=0.6356 f1=0.7526 time=30.0s
[Epoch 353] loss=0.1111 miou=0.6357 f1=0.7504 time=30.0s
[Epoch 354] loss=0.1130 miou=0.6266 f1=0.7448 time=30.0s
[Epoch 355] loss=0.1133 miou=0.6208 f1=0.7389 time=29.4s
[Epoch 356] loss=0.1146 miou=0.6260 f1=0.7461 time=30.0s
[Epoch 357] loss=0.1213 miou=0.6186 f1=0.7394 time=30.0s
[Epoch 358] loss=0.1209 miou=0.6303 f1=0.7491 time=29.4s
[Epoch 359] loss=0.1167 miou=0.6201 f1=0.7390 time=29.4s
[Epoch 360] loss=0.1167 miou=0.6240 f1=0.7427 time=29.9s
[Epoch 361] loss=0.1135 miou=0.6207 f1=0.7425 time=29.8s
[Epoch 362] loss=0.1154 miou=0.6230 f1=0.7415 time=29.5s
[Epoch 363] loss=0.1133 miou=0.6248 f1=0.7442 time=29.7s
[Epoch 364] loss=0.1139 miou=0.6238 f1=0.7456 time=29.6s
[Epoch 365] loss=0.1195 miou=0.6346 f1=0.7513 time=29.6s
[Epoch 366] loss=0.1204 miou=0.6180 f1=0.7380 time=29.9s
[Epoch 367] loss=0.1133 miou=0.6155 f1=0.7353 time=29.8s
[Epoch 368] loss=0.1114 miou=0.6135 f1=0.7351 time=29.6s
[Epoch 369] loss=0.1157 miou=0.6274 f1=0.7474 time=29.5s
[Epoch 370] loss=0.1131 miou=0.6374 f1=0.7520 time=29.4s
[Epoch 371] loss=0.1140 miou=0.6371 f1=0.7530 time=29.9s
[Epoch 372] loss=0.1102 miou=0.6330 f1=0.7488 time=29.4s
[Epoch 373] loss=0.1140 miou=0.6276 f1=0.7459 time=30.3s
[Epoch 374] loss=0.1083 miou=0.6313 f1=0.7484 time=30.3s
[Epoch 375] loss=0.1064 miou=0.6362 f1=0.7529 time=30.3s
Unfroze image encoder for joint fine-tuning.
[Epoch 376] loss=0.1134 miou=0.6212 f1=0.7380 time=58.9s
[Epoch 377] loss=0.1089 miou=0.6312 f1=0.7479 time=59.1s
[Epoch 378] loss=0.1052 miou=0.6281 f1=0.7462 time=59.0s
[Epoch 379] loss=0.1122 miou=0.6221 f1=0.7405 time=58.1s
[Epoch 380] loss=0.1103 miou=0.6238 f1=0.7485 time=58.3s
[Epoch 381] loss=0.1154 miou=0.6304 f1=0.7499 time=58.3s
[Epoch 382] loss=0.1084 miou=0.6371 f1=0.7540 time=58.3s
[Epoch 383] loss=0.1160 miou=0.6333 f1=0.7508 time=58.2s
[Epoch 384] loss=0.1105 miou=0.6343 f1=0.7499 time=58.4s
[Epoch 385] loss=0.1101 miou=0.6380 f1=0.7535 time=58.4s
[Epoch 386] loss=0.1080 miou=0.6313 f1=0.7475 time=58.4s
[Epoch 387] loss=0.1088 miou=0.6340 f1=0.7492 time=58.4s
[Epoch 388] loss=0.1064 miou=0.6367 f1=0.7523 time=57.9s
[Epoch 389] loss=0.1116 miou=0.6414 f1=0.7551 time=57.9s
[Epoch 390] loss=0.1110 miou=0.6303 f1=0.7465 time=58.3s
[Epoch 391] loss=0.1078 miou=0.6311 f1=0.7472 time=59.1s
[Epoch 392] loss=0.1041 miou=0.6433 f1=0.7602 time=58.2s
[Epoch 393] loss=0.1088 miou=0.6345 f1=0.7526 time=58.4s
[Epoch 394] loss=0.1096 miou=0.6410 f1=0.7568 time=58.5s
[Epoch 395] loss=0.1033 miou=0.6351 f1=0.7511 time=58.5s
[Epoch 396] loss=0.1069 miou=0.6277 f1=0.7466 time=59.2s
[Epoch 397] loss=0.1084 miou=0.6219 f1=0.7431 time=58.4s
[Epoch 398] loss=0.1067 miou=0.6351 f1=0.7502 time=58.8s
[Epoch 399] loss=0.1066 miou=0.6252 f1=0.7448 time=58.3s
[Epoch 400] loss=0.1090 miou=0.6295 f1=0.7479 time=58.5s
[Epoch 401] loss=0.1074 miou=0.6267 f1=0.7455 time=58.5s
[Epoch 402] loss=0.1081 miou=0.6262 f1=0.7466 time=58.9s
[Epoch 403] loss=0.1073 miou=0.6313 f1=0.7518 time=58.0s
[Epoch 404] loss=0.1083 miou=0.6190 f1=0.7401 time=57.8s
[Epoch 405] loss=0.1064 miou=0.6311 f1=0.7502 time=58.4s
[Epoch 406] loss=0.1071 miou=0.6342 f1=0.7517 time=58.1s
[Epoch 407] loss=0.1101 miou=0.6311 f1=0.7475 time=58.3s
[Epoch 408] loss=0.1048 miou=0.6207 f1=0.7420 time=58.3s
[Epoch 409] loss=0.1103 miou=0.6272 f1=0.7473 time=58.1s
[Epoch 410] loss=0.1077 miou=0.6204 f1=0.7413 time=58.1s
[Epoch 411] loss=0.1075 miou=0.6223 f1=0.7425 time=58.1s
[Epoch 412] loss=0.1039 miou=0.6193 f1=0.7400 time=58.3s
[Epoch 413] loss=0.1030 miou=0.6174 f1=0.7352 time=58.5s
[Epoch 414] loss=0.1067 miou=0.6167 f1=0.7379 time=58.8s
[Epoch 415] loss=0.1092 miou=0.6232 f1=0.7426 time=58.4s
[Epoch 416] loss=0.1036 miou=0.5991 f1=0.7226 time=58.3s
[Epoch 417] loss=0.1068 miou=0.6225 f1=0.7421 time=58.3s
[Epoch 418] loss=0.1011 miou=0.6279 f1=0.7473 time=59.2s
[Epoch 419] loss=0.1090 miou=0.6252 f1=0.7442 time=58.1s
[Epoch 420] loss=0.1066 miou=0.6249 f1=0.7454 time=58.2s
[Epoch 421] loss=0.1015 miou=0.6188 f1=0.7401 time=58.9s
[Epoch 422] loss=0.1106 miou=0.6276 f1=0.7472 time=59.1s
[Epoch 423] loss=0.1074 miou=0.6321 f1=0.7514 time=58.9s
[Epoch 424] loss=0.1072 miou=0.6270 f1=0.7452 time=58.6s
[Epoch 425] loss=0.0994 miou=0.6296 f1=0.7465 time=58.1s
[Epoch 426] loss=0.1012 miou=0.6274 f1=0.7462 time=58.5s
[Epoch 427] loss=0.1048 miou=0.6184 f1=0.7382 time=59.0s
[Epoch 428] loss=0.1007 miou=0.6230 f1=0.7427 time=58.4s
[Epoch 429] loss=0.1000 miou=0.6237 f1=0.7426 time=58.1s
[Epoch 430] loss=0.0946 miou=0.6167 f1=0.7367 time=58.3s
[Epoch 431] loss=0.0985 miou=0.6159 f1=0.7363 time=58.9s
[Epoch 432] loss=0.1038 miou=0.6174 f1=0.7396 time=58.3s
[Epoch 433] loss=0.1050 miou=0.6189 f1=0.7370 time=58.3s
[Epoch 434] loss=0.1097 miou=0.6252 f1=0.7435 time=59.1s
[Epoch 435] loss=0.1002 miou=0.6234 f1=0.7416 time=58.5s
[Epoch 436] loss=0.0997 miou=0.6175 f1=0.7351 time=58.1s
[Epoch 437] loss=0.1005 miou=0.6244 f1=0.7444 time=58.3s
[Epoch 438] loss=0.1011 miou=0.6163 f1=0.7377 time=58.2s
[Epoch 439] loss=0.1037 miou=0.6225 f1=0.7414 time=58.3s
[Epoch 440] loss=0.1037 miou=0.6201 f1=0.7389 time=58.1s
[Epoch 441] loss=0.1044 miou=0.6225 f1=0.7422 time=58.2s
[Epoch 442] loss=0.1012 miou=0.6168 f1=0.7374 time=58.3s
[Epoch 443] loss=0.1010 miou=0.6240 f1=0.7444 time=58.2s
[Epoch 444] loss=0.1012 miou=0.6214 f1=0.7398 time=58.3s
[Epoch 445] loss=0.1075 miou=0.6208 f1=0.7403 time=58.1s
[Epoch 446] loss=0.1063 miou=0.6219 f1=0.7421 time=58.5s
[Epoch 447] loss=0.1014 miou=0.6220 f1=0.7396 time=58.9s
[Epoch 448] loss=0.1046 miou=0.6297 f1=0.7473 time=58.2s
[Epoch 449] loss=0.1049 miou=0.6186 f1=0.7366 time=58.2s
[Epoch 450] loss=0.0969 miou=0.6189 f1=0.7374 time=58.4s
[Epoch 451] loss=0.1045 miou=0.6201 f1=0.7399 time=58.1s
[Epoch 452] loss=0.1071 miou=0.6222 f1=0.7395 time=58.2s
[Epoch 453] loss=0.1017 miou=0.6146 f1=0.7333 time=57.5s
[Epoch 454] loss=0.1054 miou=0.6139 f1=0.7351 time=58.0s
[Epoch 455] loss=0.1007 miou=0.6109 f1=0.7326 time=58.3s
[Epoch 456] loss=0.1001 miou=0.6113 f1=0.7304 time=58.3s
[Epoch 457] loss=0.1018 miou=0.6218 f1=0.7424 time=58.3s
[Epoch 458] loss=0.1025 miou=0.6294 f1=0.7481 time=58.3s
[Epoch 459] loss=0.1018 miou=0.6147 f1=0.7348 time=58.3s
[Epoch 460] loss=0.1003 miou=0.6148 f1=0.7345 time=58.7s
[Epoch 461] loss=0.0985 miou=0.6179 f1=0.7395 time=58.6s
[Epoch 462] loss=0.0985 miou=0.6266 f1=0.7440 time=58.6s
[Epoch 463] loss=0.1027 miou=0.6193 f1=0.7386 time=58.7s
[Epoch 464] loss=0.0995 miou=0.6252 f1=0.7446 time=58.7s
[Epoch 465] loss=0.1016 miou=0.6239 f1=0.7440 time=58.1s
[Epoch 466] loss=0.1001 miou=0.6168 f1=0.7378 time=58.3s
[Epoch 467] loss=0.0943 miou=0.6183 f1=0.7382 time=58.5s
[Epoch 468] loss=0.0958 miou=0.6250 f1=0.7435 time=58.5s
[Epoch 469] loss=0.0967 miou=0.6278 f1=0.7452 time=58.6s
[Epoch 470] loss=0.0966 miou=0.6294 f1=0.7451 time=58.5s
[Epoch 471] loss=0.0987 miou=0.6294 f1=0.7467 time=58.6s
[Epoch 472] loss=0.0911 miou=0.6247 f1=0.7420 time=58.5s
[Epoch 473] loss=0.0939 miou=0.6367 f1=0.7534 time=58.6s
[Epoch 474] loss=0.0947 miou=0.6232 f1=0.7414 time=58.6s
[Epoch 475] loss=0.0968 miou=0.6155 f1=0.7357 time=58.5s
[Epoch 476] loss=0.0972 miou=0.6259 f1=0.7430 time=58.7s
[Epoch 477] loss=0.0962 miou=0.6246 f1=0.7435 time=58.6s
[Epoch 478] loss=0.1083 miou=0.6265 f1=0.7435 time=58.7s
[Epoch 479] loss=0.1009 miou=0.6288 f1=0.7459 time=58.7s
[Epoch 480] loss=0.0980 miou=0.6291 f1=0.7451 time=58.7s
[Epoch 481] loss=0.0966 miou=0.6195 f1=0.7379 time=58.6s
[Epoch 482] loss=0.0974 miou=0.6275 f1=0.7440 time=58.6s
[Epoch 483] loss=0.0961 miou=0.6178 f1=0.7378 time=58.5s
[Epoch 484] loss=0.0925 miou=0.6250 f1=0.7427 time=58.6s
[Epoch 485] loss=0.0995 miou=0.6239 f1=0.7424 time=58.5s
[Epoch 486] loss=0.0943 miou=0.6227 f1=0.7416 time=58.6s
[Epoch 487] loss=0.0924 miou=0.6117 f1=0.7327 time=58.6s
[Epoch 488] loss=0.0875 miou=0.6205 f1=0.7351 time=58.6s
[Epoch 489] loss=0.0963 miou=0.6266 f1=0.7427 time=58.6s
[Epoch 490] loss=0.0933 miou=0.6163 f1=0.7355 time=58.6s
[Epoch 491] loss=0.0937 miou=0.6194 f1=0.7389 time=58.6s
[Epoch 492] loss=0.0949 miou=0.6101 f1=0.7310 time=58.5s
[Epoch 493] loss=0.0996 miou=0.6200 f1=0.7396 time=58.6s
[Epoch 494] loss=0.0978 miou=0.6149 f1=0.7357 time=58.6s
[Epoch 495] loss=0.0941 miou=0.6270 f1=0.7458 time=58.5s
[Epoch 496] loss=0.0920 miou=0.6211 f1=0.7399 time=58.5s
[Epoch 497] loss=0.0927 miou=0.6293 f1=0.7462 time=58.6s
[Epoch 498] loss=0.0938 miou=0.6255 f1=0.7432 time=58.5s
[Epoch 499] loss=0.0952 miou=0.6116 f1=0.7325 time=58.6s
[Epoch 500] loss=0.0957 miou=0.6125 f1=0.7335 time=58.6s
[Epoch 501] loss=0.0987 miou=0.6114 f1=0.7308 time=58.6s
[Epoch 502] loss=0.0920 miou=0.6166 f1=0.7357 time=58.6s
[Epoch 503] loss=0.0952 miou=0.6328 f1=0.7477 time=58.6s
[Epoch 504] loss=0.0872 miou=0.6266 f1=0.7441 time=58.6s
[Epoch 505] loss=0.0921 miou=0.6168 f1=0.7373 time=58.6s
[Epoch 506] loss=0.0954 miou=0.6153 f1=0.7358 time=58.6s
[Epoch 507] loss=0.0944 miou=0.6252 f1=0.7406 time=58.6s
[Epoch 508] loss=0.0919 miou=0.6242 f1=0.7424 time=58.5s
[Epoch 509] loss=0.0948 miou=0.6075 f1=0.7271 time=58.6s
[Epoch 510] loss=0.0919 miou=0.6063 f1=0.7265 time=58.5s
[Epoch 511] loss=0.0934 miou=0.6124 f1=0.7328 time=58.5s
[Epoch 512] loss=0.0936 miou=0.6066 f1=0.7292 time=58.6s
[Epoch 513] loss=0.0963 miou=0.6123 f1=0.7326 time=58.6s
[Epoch 514] loss=0.0962 miou=0.6125 f1=0.7319 time=58.6s
[Epoch 515] loss=0.0878 miou=0.6155 f1=0.7357 time=58.6s
[Epoch 516] loss=0.0929 miou=0.6171 f1=0.7354 time=58.6s
[Epoch 517] loss=0.0918 miou=0.6204 f1=0.7404 time=58.6s
[Epoch 518] loss=0.0927 miou=0.6197 f1=0.7392 time=58.5s
[Epoch 519] loss=0.0919 miou=0.6208 f1=0.7381 time=58.5s
[Epoch 520] loss=0.0918 miou=0.6104 f1=0.7330 time=58.5s
[Epoch 521] loss=0.0946 miou=0.6248 f1=0.7435 time=58.6s
[Epoch 522] loss=0.0918 miou=0.6153 f1=0.7363 time=58.6s
[Epoch 523] loss=0.0933 miou=0.6250 f1=0.7427 time=58.5s
[Epoch 524] loss=0.0945 miou=0.6155 f1=0.7360 time=58.6s
[Epoch 525] loss=0.0931 miou=0.6255 f1=0.7441 time=58.5s
[Epoch 526] loss=0.0916 miou=0.6140 f1=0.7342 time=58.6s
[Epoch 527] loss=0.0897 miou=0.6245 f1=0.7435 time=58.6s
[Epoch 528] loss=0.0936 miou=0.6130 f1=0.7332 time=58.6s
[Epoch 529] loss=0.0891 miou=0.6208 f1=0.7402 time=58.6s
[Epoch 530] loss=0.0893 miou=0.6203 f1=0.7401 time=58.5s
[Epoch 531] loss=0.0871 miou=0.6274 f1=0.7456 time=58.6s
[Epoch 532] loss=0.0902 miou=0.6244 f1=0.7423 time=58.6s
[Epoch 533] loss=0.0902 miou=0.6241 f1=0.7424 time=58.5s
[Epoch 534] loss=0.0863 miou=0.6227 f1=0.7406 time=58.6s
[Epoch 535] loss=0.0893 miou=0.6204 f1=0.7390 time=58.6s
[Epoch 536] loss=0.0920 miou=0.6184 f1=0.7382 time=58.5s
[Epoch 537] loss=0.0903 miou=0.6210 f1=0.7407 time=58.5s
[Epoch 538] loss=0.0877 miou=0.6171 f1=0.7390 time=58.5s
[Epoch 539] loss=0.0902 miou=0.6246 f1=0.7444 time=58.6s
[Epoch 540] loss=0.0909 miou=0.6101 f1=0.7318 time=58.5s
[Epoch 541] loss=0.0910 miou=0.6178 f1=0.7366 time=58.5s
[Epoch 542] loss=0.0948 miou=0.6150 f1=0.7353 time=58.5s
[Epoch 543] loss=0.0940 miou=0.6208 f1=0.7407 time=58.6s
[Epoch 544] loss=0.0912 miou=0.6205 f1=0.7400 time=58.6s
[Epoch 545] loss=0.0911 miou=0.6237 f1=0.7420 time=58.5s
[Epoch 546] loss=0.0871 miou=0.6272 f1=0.7447 time=58.5s
[Epoch 547] loss=0.0925 miou=0.6216 f1=0.7389 time=58.5s
[Epoch 548] loss=0.0882 miou=0.6153 f1=0.7363 time=58.5s
[Epoch 549] loss=0.0870 miou=0.6190 f1=0.7388 time=58.5s
[Epoch 550] loss=0.0825 miou=0.6285 f1=0.7453 time=58.7s
[Epoch 551] loss=0.0894 miou=0.6241 f1=0.7434 time=58.7s
[Epoch 552] loss=0.0891 miou=0.6231 f1=0.7419 time=58.4s
[Epoch 553] loss=0.0911 miou=0.6298 f1=0.7464 time=58.4s
[Epoch 554] loss=0.0921 miou=0.6281 f1=0.7476 time=58.6s
[Epoch 555] loss=0.0850 miou=0.6254 f1=0.7446 time=58.5s
[Epoch 556] loss=0.0932 miou=0.6264 f1=0.7452 time=58.7s
[Epoch 557] loss=0.0815 miou=0.6289 f1=0.7472 time=58.6s
[Epoch 558] loss=0.0872 miou=0.6313 f1=0.7501 time=58.5s
[Epoch 559] loss=0.0853 miou=0.6342 f1=0.7501 time=58.5s
[Epoch 560] loss=0.0867 miou=0.6232 f1=0.7418 time=58.3s
[Epoch 561] loss=0.0834 miou=0.6245 f1=0.7444 time=58.2s
[Epoch 562] loss=0.0837 miou=0.6254 f1=0.7419 time=58.3s
[Epoch 563] loss=0.0841 miou=0.6335 f1=0.7493 time=58.5s
[Epoch 564] loss=0.0848 miou=0.6158 f1=0.7353 time=58.5s
[Epoch 565] loss=0.0858 miou=0.6251 f1=0.7440 time=58.5s
[Epoch 566] loss=0.0885 miou=0.6257 f1=0.7431 time=58.5s
[Epoch 567] loss=0.0871 miou=0.6133 f1=0.7332 time=58.5s
[Epoch 568] loss=0.0862 miou=0.6162 f1=0.7331 time=58.5s
[Epoch 569] loss=0.0885 miou=0.6167 f1=0.7355 time=58.5s
[Epoch 570] loss=0.0872 miou=0.6233 f1=0.7408 time=58.5s
[Epoch 571] loss=0.0850 miou=0.6217 f1=0.7394 time=58.4s
[Epoch 572] loss=0.0870 miou=0.6211 f1=0.7382 time=58.5s
[Epoch 573] loss=0.0855 miou=0.6121 f1=0.7303 time=58.5s
[Epoch 574] loss=0.0901 miou=0.6143 f1=0.7368 time=58.4s
[Epoch 575] loss=0.0858 miou=0.6251 f1=0.7447 time=58.5s
[Epoch 576] loss=0.0865 miou=0.6224 f1=0.7405 time=58.5s
[Epoch 577] loss=0.0876 miou=0.6155 f1=0.7351 time=58.6s
[Epoch 578] loss=0.0870 miou=0.6257 f1=0.7447 time=58.6s
[Epoch 579] loss=0.0864 miou=0.6164 f1=0.7352 time=58.5s
[Epoch 580] loss=0.0870 miou=0.6205 f1=0.7403 time=58.6s
[Epoch 581] loss=0.0821 miou=0.6274 f1=0.7457 time=58.5s
[Epoch 582] loss=0.0824 miou=0.6229 f1=0.7406 time=58.5s
[Epoch 583] loss=0.0820 miou=0.6330 f1=0.7477 time=58.6s
[Epoch 584] loss=0.0843 miou=0.6219 f1=0.7399 time=58.5s
[Epoch 585] loss=0.0868 miou=0.6309 f1=0.7473 time=58.7s
[Epoch 586] loss=0.0854 miou=0.6324 f1=0.7497 time=58.6s
[Epoch 587] loss=0.0884 miou=0.6189 f1=0.7373 time=58.6s
[Epoch 588] loss=0.0844 miou=0.6273 f1=0.7446 time=58.6s
[Epoch 589] loss=0.0869 miou=0.6152 f1=0.7369 time=58.6s
[Epoch 590] loss=0.0954 miou=0.6236 f1=0.7427 time=58.6s
[Epoch 591] loss=0.0869 miou=0.6265 f1=0.7444 time=58.5s
[Epoch 592] loss=0.0873 miou=0.6221 f1=0.7409 time=58.6s
[Epoch 593] loss=0.0845 miou=0.6363 f1=0.7520 time=58.7s
[Epoch 594] loss=0.0819 miou=0.6244 f1=0.7410 time=58.6s
[Epoch 595] loss=0.0820 miou=0.6314 f1=0.7506 time=58.6s
[Epoch 596] loss=0.0813 miou=0.6186 f1=0.7403 time=58.6s
[Epoch 597] loss=0.0857 miou=0.6300 f1=0.7495 time=58.5s
[Epoch 598] loss=0.0943 miou=0.6241 f1=0.7446 time=58.5s
[Epoch 599] loss=0.0893 miou=0.6085 f1=0.7302 time=58.5s
[Epoch 600] loss=0.0902 miou=0.6313 f1=0.7526 time=58.5s
[Epoch 601] loss=0.0872 miou=0.6277 f1=0.7482 time=58.6s
[Epoch 602] loss=0.0840 miou=0.6167 f1=0.7395 time=58.4s
[Epoch 603] loss=0.0832 miou=0.6261 f1=0.7439 time=58.5s
[Epoch 604] loss=0.0803 miou=0.6237 f1=0.7417 time=58.5s
[Epoch 605] loss=0.0840 miou=0.6227 f1=0.7420 time=58.4s
[Epoch 606] loss=0.0822 miou=0.6256 f1=0.7446 time=58.1s
[Epoch 607] loss=0.0831 miou=0.6227 f1=0.7415 time=57.9s
[Epoch 608] loss=0.0809 miou=0.6232 f1=0.7441 time=58.4s
[Epoch 609] loss=0.0820 miou=0.6220 f1=0.7429 time=58.6s
[Epoch 610] loss=0.0800 miou=0.6196 f1=0.7400 time=58.4s
[Epoch 611] loss=0.0826 miou=0.6210 f1=0.7424 time=58.5s
[Epoch 612] loss=0.0826 miou=0.6172 f1=0.7382 time=58.5s
[Epoch 613] loss=0.0823 miou=0.6191 f1=0.7403 time=58.6s
[Epoch 614] loss=0.0830 miou=0.6148 f1=0.7353 time=58.6s
[Epoch 615] loss=0.0884 miou=0.6170 f1=0.7393 time=58.6s
[Epoch 616] loss=0.0838 miou=0.6127 f1=0.7340 time=58.6s
[Epoch 617] loss=0.0837 miou=0.6161 f1=0.7358 time=58.5s
[Epoch 618] loss=0.0832 miou=0.6211 f1=0.7414 time=58.5s
[Epoch 619] loss=0.0875 miou=0.6174 f1=0.7366 time=58.5s
[Epoch 620] loss=0.0876 miou=0.6070 f1=0.7255 time=58.5s
[Epoch 621] loss=0.0859 miou=0.6204 f1=0.7399 time=58.6s
[Epoch 622] loss=0.0925 miou=0.6221 f1=0.7397 time=58.5s
[Epoch 623] loss=0.0849 miou=0.6260 f1=0.7455 time=58.6s
[Epoch 624] loss=0.0831 miou=0.6167 f1=0.7358 time=58.6s
[Epoch 625] loss=0.0787 miou=0.6186 f1=0.7375 time=58.5s
[Epoch 626] loss=0.0912 miou=0.6194 f1=0.7394 time=58.5s
[Epoch 627] loss=0.0858 miou=0.6197 f1=0.7396 time=58.6s
[Epoch 628] loss=0.0876 miou=0.6143 f1=0.7323 time=58.6s
[Epoch 629] loss=0.0826 miou=0.6244 f1=0.7421 time=58.6s
[Epoch 630] loss=0.0817 miou=0.6208 f1=0.7386 time=58.6s
[Epoch 631] loss=0.0826 miou=0.6271 f1=0.7456 time=58.5s
[Epoch 632] loss=0.0775 miou=0.6261 f1=0.7442 time=58.5s
[Epoch 633] loss=0.0792 miou=0.6228 f1=0.7420 time=58.5s
[Epoch 634] loss=0.0816 miou=0.6167 f1=0.7375 time=58.5s
[Epoch 635] loss=0.0812 miou=0.6177 f1=0.7382 time=58.5s
[Epoch 636] loss=0.0803 miou=0.6181 f1=0.7381 time=58.5s
[Epoch 637] loss=0.0800 miou=0.6145 f1=0.7336 time=58.6s
[Epoch 638] loss=0.0776 miou=0.6152 f1=0.7342 time=58.6s
[Epoch 639] loss=0.0803 miou=0.6138 f1=0.7338 time=58.6s
[Epoch 640] loss=0.0845 miou=0.6205 f1=0.7400 time=58.6s
[Epoch 641] loss=0.0841 miou=0.6285 f1=0.7475 time=58.6s
[Epoch 642] loss=0.0810 miou=0.6069 f1=0.7266 time=58.5s
[Epoch 643] loss=0.0858 miou=0.6154 f1=0.7362 time=58.6s
[Epoch 644] loss=0.0791 miou=0.6180 f1=0.7392 time=58.5s
[Epoch 645] loss=0.0817 miou=0.6084 f1=0.7294 time=58.5s
[Epoch 646] loss=0.0797 miou=0.6194 f1=0.7399 time=58.5s
[Epoch 647] loss=0.0815 miou=0.6295 f1=0.7463 time=58.6s
[Epoch 648] loss=0.0768 miou=0.6137 f1=0.7351 time=58.6s
[Epoch 649] loss=0.0816 miou=0.6131 f1=0.7342 time=58.5s
[Epoch 650] loss=0.0792 miou=0.6135 f1=0.7329 time=58.5s
[Epoch 651] loss=0.0781 miou=0.6167 f1=0.7373 time=58.6s
[Epoch 652] loss=0.0797 miou=0.6186 f1=0.7385 time=58.5s
[Epoch 653] loss=0.0855 miou=0.6213 f1=0.7402 time=58.7s
[Epoch 654] loss=0.0847 miou=0.6265 f1=0.7441 time=58.5s
[Epoch 655] loss=0.0831 miou=0.6168 f1=0.7353 time=58.6s
[Epoch 656] loss=0.0814 miou=0.6182 f1=0.7364 time=58.5s
[Epoch 657] loss=0.0854 miou=0.6176 f1=0.7381 time=58.5s
[Epoch 658] loss=0.0799 miou=0.6325 f1=0.7481 time=58.6s
[Epoch 659] loss=0.0789 miou=0.6241 f1=0.7413 time=58.6s
[Epoch 660] loss=0.0782 miou=0.6188 f1=0.7389 time=58.6s
[Epoch 661] loss=0.0791 miou=0.6179 f1=0.7370 time=58.6s
[Epoch 662] loss=0.0749 miou=0.6104 f1=0.7302 time=58.5s
[Epoch 663] loss=0.0807 miou=0.6292 f1=0.7438 time=58.6s
[Epoch 664] loss=0.0800 miou=0.6222 f1=0.7402 time=58.6s
[Epoch 665] loss=0.0798 miou=0.6212 f1=0.7397 time=58.6s
[Epoch 666] loss=0.0792 miou=0.6170 f1=0.7336 time=58.5s
[Epoch 667] loss=0.0772 miou=0.6182 f1=0.7375 time=58.5s
[Epoch 668] loss=0.0840 miou=0.6220 f1=0.7401 time=58.5s
[Epoch 669] loss=0.0799 miou=0.6269 f1=0.7452 time=58.6s
[Epoch 670] loss=0.0789 miou=0.6296 f1=0.7473 time=58.5s
[Epoch 671] loss=0.0762 miou=0.6266 f1=0.7461 time=58.6s
[Epoch 672] loss=0.0777 miou=0.6218 f1=0.7409 time=58.6s
[Epoch 673] loss=0.0762 miou=0.6215 f1=0.7390 time=58.5s
[Epoch 674] loss=0.0825 miou=0.6206 f1=0.7400 time=58.5s
[Epoch 675] loss=0.0851 miou=0.6221 f1=0.7425 time=58.6s
[Epoch 676] loss=0.0823 miou=0.6144 f1=0.7347 time=58.5s
[Epoch 677] loss=0.0837 miou=0.6253 f1=0.7433 time=58.5s
[Epoch 678] loss=0.0846 miou=0.6295 f1=0.7482 time=58.4s
[Epoch 679] loss=0.0789 miou=0.6277 f1=0.7471 time=58.5s
[Epoch 680] loss=0.0763 miou=0.6320 f1=0.7506 time=58.5s
[Epoch 681] loss=0.0772 miou=0.6217 f1=0.7417 time=58.5s
[Epoch 682] loss=0.0771 miou=0.6229 f1=0.7423 time=58.6s
[Epoch 683] loss=0.0757 miou=0.6318 f1=0.7498 time=58.6s
[Epoch 684] loss=0.0778 miou=0.6360 f1=0.7519 time=58.6s
[Epoch 685] loss=0.0785 miou=0.6239 f1=0.7428 time=58.5s
[Epoch 686] loss=0.0796 miou=0.6141 f1=0.7328 time=58.6s
[Epoch 687] loss=0.0805 miou=0.6314 f1=0.7491 time=58.6s
[Epoch 688] loss=0.0766 miou=0.6217 f1=0.7419 time=58.6s
[Epoch 689] loss=0.0805 miou=0.6184 f1=0.7375 time=58.5s
[Epoch 690] loss=0.0754 miou=0.6212 f1=0.7406 time=58.5s
[Epoch 691] loss=0.0783 miou=0.6300 f1=0.7486 time=58.6s
[Epoch 692] loss=0.0789 miou=0.6276 f1=0.7461 time=58.5s
[Epoch 693] loss=0.0751 miou=0.6177 f1=0.7378 time=58.5s
[Epoch 694] loss=0.0814 miou=0.6037 f1=0.7248 time=58.6s
[Epoch 695] loss=0.0760 miou=0.6237 f1=0.7429 time=58.6s
[Epoch 696] loss=0.0702 miou=0.6246 f1=0.7431 time=58.6s
[Epoch 697] loss=0.0757 miou=0.6276 f1=0.7432 time=58.6s
[Epoch 698] loss=0.0743 miou=0.6265 f1=0.7440 time=58.6s
[Epoch 699] loss=0.0754 miou=0.6211 f1=0.7416 time=58.6s
[Epoch 700] loss=0.0770 miou=0.6199 f1=0.7383 time=58.6s
[Epoch 701] loss=0.0772 miou=0.6231 f1=0.7412 time=58.6s
[Epoch 702] loss=0.0812 miou=0.6222 f1=0.7404 time=58.5s
[Epoch 703] loss=0.0835 miou=0.6306 f1=0.7468 time=58.6s
[Epoch 704] loss=0.0799 miou=0.6180 f1=0.7357 time=58.6s
[Epoch 705] loss=0.0823 miou=0.6243 f1=0.7433 time=58.5s
[Epoch 706] loss=0.0761 miou=0.6312 f1=0.7490 time=58.6s
[Epoch 707] loss=0.0791 miou=0.6152 f1=0.7350 time=58.5s
[Epoch 708] loss=0.0903 miou=0.6181 f1=0.7370 time=58.5s
[Epoch 709] loss=0.0751 miou=0.6210 f1=0.7406 time=58.6s
[Epoch 710] loss=0.0779 miou=0.6288 f1=0.7451 time=58.5s
[Epoch 711] loss=0.0733 miou=0.6215 f1=0.7406 time=58.5s
[Epoch 712] loss=0.0766 miou=0.6222 f1=0.7417 time=58.5s
[Epoch 713] loss=0.0806 miou=0.6275 f1=0.7439 time=58.6s
[Epoch 714] loss=0.0732 miou=0.6218 f1=0.7398 time=58.6s
[Epoch 715] loss=0.0746 miou=0.6268 f1=0.7443 time=58.6s
[Epoch 716] loss=0.0725 miou=0.6258 f1=0.7441 time=58.5s
[Epoch 717] loss=0.0686 miou=0.6309 f1=0.7478 time=58.6s
[Epoch 718] loss=0.0791 miou=0.6239 f1=0.7409 time=58.7s
[Epoch 719] loss=0.0817 miou=0.6241 f1=0.7431 time=58.6s
[Epoch 720] loss=0.0753 miou=0.6266 f1=0.7438 time=58.6s
[Epoch 721] loss=0.0771 miou=0.6266 f1=0.7450 time=58.5s
[Epoch 722] loss=0.0799 miou=0.6184 f1=0.7383 time=58.5s
[Epoch 723] loss=0.0818 miou=0.6186 f1=0.7380 time=58.6s
[Epoch 724] loss=0.0806 miou=0.6233 f1=0.7412 time=58.6s
[Epoch 725] loss=0.0804 miou=0.6171 f1=0.7374 time=58.6s
[Epoch 726] loss=0.0767 miou=0.6136 f1=0.7332 time=58.6s
[Epoch 727] loss=0.0723 miou=0.6243 f1=0.7415 time=58.6s
[Epoch 728] loss=0.0720 miou=0.6217 f1=0.7403 time=58.6s
[Epoch 729] loss=0.0767 miou=0.6251 f1=0.7440 time=58.7s
[Epoch 730] loss=0.0728 miou=0.6223 f1=0.7416 time=58.6s
[Epoch 731] loss=0.0707 miou=0.6131 f1=0.7327 time=58.7s
[Epoch 732] loss=0.0713 miou=0.6184 f1=0.7377 time=58.5s
[Epoch 733] loss=0.0717 miou=0.6227 f1=0.7420 time=58.6s
[Epoch 734] loss=0.0783 miou=0.6225 f1=0.7416 time=58.6s
[Epoch 735] loss=0.0767 miou=0.6169 f1=0.7366 time=58.6s
[Epoch 736] loss=0.0743 miou=0.6183 f1=0.7354 time=58.6s
[Epoch 737] loss=0.0728 miou=0.6225 f1=0.7411 time=58.7s
[Epoch 738] loss=0.0710 miou=0.6244 f1=0.7440 time=58.6s
[Epoch 739] loss=0.0695 miou=0.6152 f1=0.7351 time=58.5s
[Epoch 740] loss=0.0722 miou=0.6324 f1=0.7499 time=58.5s
[Epoch 741] loss=0.0696 miou=0.6239 f1=0.7411 time=58.5s
[Epoch 742] loss=0.0738 miou=0.6233 f1=0.7408 time=58.6s
[Epoch 743] loss=0.0737 miou=0.6177 f1=0.7358 time=58.6s
[Epoch 744] loss=0.0751 miou=0.6285 f1=0.7459 time=58.5s
[Epoch 745] loss=0.0745 miou=0.6177 f1=0.7333 time=58.6s
[Epoch 746] loss=0.0722 miou=0.6195 f1=0.7368 time=58.8s
[Epoch 747] loss=0.0725 miou=0.6168 f1=0.7377 time=58.4s
[Epoch 748] loss=0.0728 miou=0.6202 f1=0.7384 time=58.2s
[Epoch 749] loss=0.0771 miou=0.6279 f1=0.7458 time=58.9s
[Epoch 750] loss=0.0824 miou=0.6146 f1=0.7342 time=58.2s
[Epoch 751] loss=0.0708 miou=0.6144 f1=0.7357 time=58.2s
[Epoch 752] loss=0.0759 miou=0.6206 f1=0.7393 time=58.1s
[Epoch 753] loss=0.0773 miou=0.6156 f1=0.7352 time=58.0s
[Epoch 754] loss=0.0727 miou=0.6216 f1=0.7410 time=58.1s
[Epoch 755] loss=0.0764 miou=0.6200 f1=0.7395 time=58.0s
[Epoch 756] loss=0.0754 miou=0.6096 f1=0.7305 time=57.9s
[Epoch 757] loss=0.0783 miou=0.6235 f1=0.7425 time=58.1s
[Epoch 758] loss=0.0684 miou=0.6146 f1=0.7352 time=58.1s
[Epoch 759] loss=0.0730 miou=0.6115 f1=0.7316 time=57.9s
[Epoch 760] loss=0.0747 miou=0.6132 f1=0.7338 time=58.1s
[Epoch 761] loss=0.0777 miou=0.6317 f1=0.7485 time=57.9s
[Epoch 762] loss=0.0747 miou=0.6056 f1=0.7260 time=58.2s
[Epoch 763] loss=0.0740 miou=0.6078 f1=0.7284 time=58.1s
[Epoch 764] loss=0.0772 miou=0.6139 f1=0.7324 time=58.1s
[Epoch 765] loss=0.0723 miou=0.6224 f1=0.7397 time=58.0s
[Epoch 766] loss=0.0700 miou=0.6222 f1=0.7409 time=58.1s
[Epoch 767] loss=0.0713 miou=0.6236 f1=0.7420 time=58.1s
[Epoch 768] loss=0.0718 miou=0.6214 f1=0.7409 time=58.0s
[Epoch 769] loss=0.0704 miou=0.6062 f1=0.7280 time=57.9s
[Epoch 770] loss=0.0788 miou=0.6248 f1=0.7418 time=58.1s
[Epoch 771] loss=0.0681 miou=0.6054 f1=0.7257 time=58.1s
[Epoch 772] loss=0.0710 miou=0.6159 f1=0.7353 time=58.1s
[Epoch 773] loss=0.0720 miou=0.6124 f1=0.7343 time=58.2s
[Epoch 774] loss=0.0741 miou=0.6068 f1=0.7280 time=57.9s
[Epoch 775] loss=0.0718 miou=0.6131 f1=0.7328 time=58.1s
[Epoch 776] loss=0.0743 miou=0.6246 f1=0.7413 time=58.2s
[Epoch 777] loss=0.0753 miou=0.6130 f1=0.7339 time=58.7s
[Epoch 778] loss=0.0765 miou=0.6095 f1=0.7298 time=58.1s
[Epoch 779] loss=0.0754 miou=0.6089 f1=0.7293 time=58.1s
[Epoch 780] loss=0.0705 miou=0.6197 f1=0.7386 time=58.2s
[Epoch 781] loss=0.0713 miou=0.6145 f1=0.7334 time=58.1s
[Epoch 782] loss=0.0713 miou=0.6133 f1=0.7343 time=58.0s
[Epoch 783] loss=0.0733 miou=0.6118 f1=0.7322 time=58.8s
[Epoch 784] loss=0.0731 miou=0.6194 f1=0.7377 time=58.7s
[Epoch 785] loss=0.0721 miou=0.6193 f1=0.7388 time=58.7s
[Epoch 786] loss=0.0710 miou=0.6107 f1=0.7316 time=58.1s
[Epoch 787] loss=0.0726 miou=0.6147 f1=0.7351 time=58.6s
[Epoch 788] loss=0.0719 miou=0.6175 f1=0.7384 time=58.8s
[Epoch 789] loss=0.0759 miou=0.6182 f1=0.7377 time=58.8s
[Epoch 790] loss=0.0749 miou=0.6261 f1=0.7448 time=58.1s
[Epoch 791] loss=0.0713 miou=0.6166 f1=0.7369 time=58.0s
[Epoch 792] loss=0.0707 miou=0.6211 f1=0.7394 time=58.1s
[Epoch 793] loss=0.0707 miou=0.6183 f1=0.7376 time=58.7s
[Epoch 794] loss=0.0686 miou=0.6171 f1=0.7362 time=58.8s
[Epoch 795] loss=0.0738 miou=0.6268 f1=0.7436 time=58.9s
[Epoch 796] loss=0.0683 miou=0.6351 f1=0.7520 time=58.6s
[Epoch 797] loss=0.0697 miou=0.6160 f1=0.7353 time=58.2s
[Epoch 798] loss=0.0725 miou=0.6030 f1=0.7247 time=58.0s
[Epoch 799] loss=0.0692 miou=0.6255 f1=0.7447 time=58.0s
[Epoch 800] loss=0.0711 miou=0.6186 f1=0.7389 time=58.0s
[Epoch 801] loss=0.0717 miou=0.6197 f1=0.7399 time=58.0s
[Epoch 802] loss=0.0693 miou=0.6218 f1=0.7413 time=58.1s
[Epoch 803] loss=0.0748 miou=0.6117 f1=0.7328 time=58.1s
[Epoch 804] loss=0.0712 miou=0.6107 f1=0.7333 time=58.4s
[Epoch 805] loss=0.0712 miou=0.6168 f1=0.7369 time=58.4s
[Epoch 806] loss=0.0715 miou=0.6151 f1=0.7364 time=59.0s
[Epoch 807] loss=0.0661 miou=0.6254 f1=0.7446 time=58.8s
[Epoch 808] loss=0.0710 miou=0.6152 f1=0.7347 time=58.0s
[Epoch 809] loss=0.0737 miou=0.6191 f1=0.7388 time=58.0s
[Epoch 810] loss=0.0704 miou=0.6202 f1=0.7398 time=58.2s
[Epoch 811] loss=0.0680 miou=0.6200 f1=0.7411 time=58.1s
[Epoch 812] loss=0.0700 miou=0.6290 f1=0.7463 time=58.0s
[Epoch 813] loss=0.0706 miou=0.6083 f1=0.7313 time=58.1s
[Epoch 814] loss=0.0742 miou=0.6279 f1=0.7456 time=58.0s
[Epoch 815] loss=0.0707 miou=0.6177 f1=0.7387 time=58.1s
[Epoch 816] loss=0.0670 miou=0.6166 f1=0.7372 time=58.1s
[Epoch 817] loss=0.0664 miou=0.6268 f1=0.7447 time=58.1s
[Epoch 818] loss=0.0736 miou=0.6209 f1=0.7389 time=58.2s
[Epoch 819] loss=0.0703 miou=0.6211 f1=0.7397 time=57.9s
[Epoch 820] loss=0.0728 miou=0.6181 f1=0.7390 time=58.1s
[Epoch 821] loss=0.0748 miou=0.6208 f1=0.7405 time=57.8s
[Epoch 822] loss=0.0699 miou=0.6240 f1=0.7427 time=58.1s
[Epoch 823] loss=0.0694 miou=0.6143 f1=0.7357 time=58.1s
[Epoch 824] loss=0.0692 miou=0.6198 f1=0.7406 time=57.9s
[Epoch 825] loss=0.0726 miou=0.6180 f1=0.7394 time=58.1s
[Epoch 826] loss=0.0751 miou=0.6260 f1=0.7448 time=58.1s
[Epoch 827] loss=0.0768 miou=0.6178 f1=0.7376 time=69.0s
[Epoch 828] loss=0.0667 miou=0.6138 f1=0.7353 time=70.7s
[Epoch 829] loss=0.0677 miou=0.6087 f1=0.7271 time=58.0s
[Epoch 830] loss=0.0741 miou=0.6156 f1=0.7349 time=58.2s
[Epoch 831] loss=0.0713 miou=0.6248 f1=0.7437 time=58.0s
[Epoch 832] loss=0.0684 miou=0.6213 f1=0.7380 time=57.9s
[Epoch 833] loss=0.0653 miou=0.6193 f1=0.7386 time=58.1s
[Epoch 834] loss=0.0640 miou=0.6170 f1=0.7363 time=58.0s
[Epoch 835] loss=0.0693 miou=0.6208 f1=0.7378 time=58.0s
[Epoch 836] loss=0.0691 miou=0.6277 f1=0.7441 time=57.9s
[Epoch 837] loss=0.0662 miou=0.6213 f1=0.7394 time=57.3s
[Epoch 838] loss=0.0747 miou=0.6182 f1=0.7370 time=58.1s
[Epoch 839] loss=0.0681 miou=0.6160 f1=0.7330 time=58.2s
[Epoch 840] loss=0.0676 miou=0.6111 f1=0.7316 time=58.2s
[Epoch 841] loss=0.0692 miou=0.6202 f1=0.7383 time=56.4s
[Epoch 842] loss=0.0659 miou=0.6201 f1=0.7389 time=57.9s
[Epoch 843] loss=0.0668 miou=0.6205 f1=0.7391 time=58.2s
[Epoch 844] loss=0.0671 miou=0.6169 f1=0.7350 time=57.9s
[Epoch 845] loss=0.0674 miou=0.6185 f1=0.7391 time=57.9s
[Epoch 846] loss=0.0692 miou=0.6177 f1=0.7385 time=58.2s
[Epoch 847] loss=0.0657 miou=0.6141 f1=0.7336 time=58.0s
[Epoch 848] loss=0.0653 miou=0.6211 f1=0.7415 time=58.0s
[Epoch 849] loss=0.0655 miou=0.6114 f1=0.7337 time=58.0s
[Epoch 850] loss=0.0645 miou=0.6215 f1=0.7400 time=58.0s
[Epoch 851] loss=0.0694 miou=0.6177 f1=0.7354 time=58.0s
[Epoch 852] loss=0.0696 miou=0.6217 f1=0.7399 time=57.9s
[Epoch 853] loss=0.0650 miou=0.6128 f1=0.7315 time=57.9s
[Epoch 854] loss=0.0691 miou=0.6112 f1=0.7291 time=57.9s
[Epoch 855] loss=0.0680 miou=0.6215 f1=0.7412 time=58.1s
[Epoch 856] loss=0.0710 miou=0.6144 f1=0.7353 time=58.1s
[Epoch 857] loss=0.0723 miou=0.6114 f1=0.7319 time=57.9s
[Epoch 858] loss=0.0681 miou=0.6009 f1=0.7223 time=58.2s
[Epoch 859] loss=0.0732 miou=0.6165 f1=0.7349 time=58.1s
[Epoch 860] loss=0.0670 miou=0.6211 f1=0.7411 time=58.1s
[Epoch 861] loss=0.0676 miou=0.6123 f1=0.7333 time=58.2s
[Epoch 862] loss=0.0704 miou=0.6124 f1=0.7329 time=58.1s
[Epoch 863] loss=0.0685 miou=0.6161 f1=0.7372 time=58.2s
[Epoch 864] loss=0.0686 miou=0.6214 f1=0.7397 time=58.2s
[Epoch 865] loss=0.0655 miou=0.6077 f1=0.7280 time=58.1s
[Epoch 866] loss=0.0681 miou=0.6183 f1=0.7402 time=58.2s
[Epoch 867] loss=0.0651 miou=0.6133 f1=0.7349 time=58.2s
[Epoch 868] loss=0.0662 miou=0.6181 f1=0.7370 time=58.6s
[Epoch 869] loss=0.0700 miou=0.6218 f1=0.7404 time=58.8s
[Epoch 870] loss=0.0660 miou=0.6193 f1=0.7390 time=58.0s
[Epoch 871] loss=0.0673 miou=0.6231 f1=0.7427 time=58.1s
[Epoch 872] loss=0.0651 miou=0.6137 f1=0.7344 time=58.8s
[Epoch 873] loss=0.0645 miou=0.6210 f1=0.7406 time=58.0s
[Epoch 874] loss=0.0688 miou=0.6174 f1=0.7360 time=58.7s
[Epoch 875] loss=0.0722 miou=0.6111 f1=0.7319 time=58.6s
[Epoch 876] loss=0.0759 miou=0.6077 f1=0.7297 time=58.0s
[Epoch 877] loss=0.0702 miou=0.6221 f1=0.7428 time=58.0s
[Epoch 878] loss=0.0659 miou=0.6125 f1=0.7307 time=58.0s
[Epoch 879] loss=0.0669 miou=0.6167 f1=0.7353 time=58.0s
[Epoch 880] loss=0.0648 miou=0.6224 f1=0.7406 time=57.9s
[Epoch 881] loss=0.0725 miou=0.6246 f1=0.7441 time=58.2s
[Epoch 882] loss=0.0673 miou=0.6124 f1=0.7332 time=58.6s
[Epoch 883] loss=0.0662 miou=0.6197 f1=0.7377 time=57.9s
[Epoch 884] loss=0.0664 miou=0.6242 f1=0.7431 time=58.5s
[Epoch 885] loss=0.0684 miou=0.6142 f1=0.7359 time=58.0s
[Epoch 886] loss=0.0663 miou=0.6332 f1=0.7497 time=58.1s
[Epoch 887] loss=0.0632 miou=0.6319 f1=0.7489 time=58.1s
[Epoch 888] loss=0.0650 miou=0.6231 f1=0.7428 time=59.1s
[Epoch 889] loss=0.0620 miou=0.6296 f1=0.7481 time=58.0s
[Epoch 890] loss=0.0680 miou=0.6227 f1=0.7420 time=58.1s
[Epoch 891] loss=0.0662 miou=0.6242 f1=0.7438 time=58.6s
[Epoch 892] loss=0.0635 miou=0.6186 f1=0.7388 time=66.2s
[Epoch 893] loss=0.0639 miou=0.6211 f1=0.7430 time=70.7s
[Epoch 894] loss=0.0721 miou=0.6150 f1=0.7368 time=71.0s
[Epoch 895] loss=0.0651 miou=0.6169 f1=0.7366 time=58.1s
[Epoch 896] loss=0.0690 miou=0.6186 f1=0.7387 time=58.0s
[Epoch 897] loss=0.0647 miou=0.6113 f1=0.7339 time=58.2s
[Epoch 898] loss=0.0687 miou=0.6050 f1=0.7282 time=58.1s
[Epoch 899] loss=0.0618 miou=0.6246 f1=0.7401 time=58.1s
[Epoch 900] loss=0.0690 miou=0.6179 f1=0.7358 time=58.0s
[Epoch 901] loss=0.0658 miou=0.6235 f1=0.7450 time=58.1s
[Epoch 902] loss=0.0642 miou=0.6248 f1=0.7450 time=58.0s
[Epoch 903] loss=0.0683 miou=0.6242 f1=0.7433 time=58.1s
[Epoch 904] loss=0.0649 miou=0.6314 f1=0.7500 time=57.8s
[Epoch 905] loss=0.0639 miou=0.6247 f1=0.7427 time=58.0s
[Epoch 906] loss=0.0652 miou=0.6276 f1=0.7462 time=58.1s
[Epoch 907] loss=0.0615 miou=0.6271 f1=0.7455 time=58.1s
[Epoch 908] loss=0.0650 miou=0.6161 f1=0.7344 time=58.1s
[Epoch 909] loss=0.0656 miou=0.6151 f1=0.7377 time=57.9s
[Epoch 910] loss=0.0672 miou=0.6141 f1=0.7348 time=58.0s
[Epoch 911] loss=0.0658 miou=0.6229 f1=0.7425 time=58.1s
[Epoch 912] loss=0.0693 miou=0.6131 f1=0.7355 time=58.0s
[Epoch 913] loss=0.0715 miou=0.6151 f1=0.7373 time=58.0s
[Epoch 914] loss=0.0651 miou=0.6194 f1=0.7396 time=58.1s
[Epoch 915] loss=0.0718 miou=0.6187 f1=0.7389 time=58.0s
[Epoch 916] loss=0.0635 miou=0.6209 f1=0.7420 time=58.0s
[Epoch 917] loss=0.0625 miou=0.6197 f1=0.7389 time=58.2s
[Epoch 918] loss=0.0654 miou=0.6139 f1=0.7364 time=58.1s
[Epoch 919] loss=0.0641 miou=0.6122 f1=0.7334 time=71.3s
[Epoch 920] loss=0.0687 miou=0.6270 f1=0.7456 time=70.4s
[Epoch 921] loss=0.0696 miou=0.6139 f1=0.7341 time=58.5s
[Epoch 922] loss=0.0645 miou=0.6080 f1=0.7280 time=57.8s
[Epoch 923] loss=0.0634 miou=0.6128 f1=0.7333 time=57.6s
[Epoch 924] loss=0.0631 miou=0.6147 f1=0.7332 time=57.5s
[Epoch 925] loss=0.0668 miou=0.6159 f1=0.7332 time=59.0s
[Epoch 926] loss=0.0620 miou=0.6238 f1=0.7433 time=66.1s
[Epoch 927] loss=0.0618 miou=0.6156 f1=0.7364 time=72.3s
[Epoch 928] loss=0.0638 miou=0.6076 f1=0.7302 time=69.5s
[Epoch 929] loss=0.0644 miou=0.6053 f1=0.7280 time=66.9s
[Epoch 930] loss=0.0679 miou=0.6236 f1=0.7441 time=74.3s
[Epoch 931] loss=0.0667 miou=0.6135 f1=0.7334 time=66.2s
[Epoch 932] loss=0.0631 miou=0.6181 f1=0.7377 time=58.5s
[Epoch 933] loss=0.0617 miou=0.6065 f1=0.7263 time=59.0s
[Epoch 934] loss=0.0649 miou=0.6145 f1=0.7345 time=58.7s
[Epoch 935] loss=0.0669 miou=0.6150 f1=0.7345 time=60.7s
[Epoch 936] loss=0.0616 miou=0.6132 f1=0.7348 time=61.3s
[Epoch 937] loss=0.0625 miou=0.6151 f1=0.7362 time=60.5s
[Epoch 938] loss=0.0636 miou=0.6038 f1=0.7274 time=60.5s
[Epoch 939] loss=0.0652 miou=0.6099 f1=0.7324 time=59.7s
[Epoch 940] loss=0.0609 miou=0.6142 f1=0.7343 time=59.3s
[Epoch 941] loss=0.0650 miou=0.6053 f1=0.7267 time=59.5s
[Epoch 942] loss=0.0654 miou=0.6119 f1=0.7285 time=60.1s
[Epoch 943] loss=0.0664 miou=0.6114 f1=0.7334 time=61.1s
[Epoch 944] loss=0.0640 miou=0.6158 f1=0.7361 time=60.0s
[Epoch 945] loss=0.0632 miou=0.6151 f1=0.7344 time=60.7s
[Epoch 946] loss=0.0611 miou=0.6128 f1=0.7323 time=59.8s
[Epoch 947] loss=0.0644 miou=0.6250 f1=0.7424 time=58.5s
[Epoch 948] loss=0.0642 miou=0.6201 f1=0.7389 time=66.5s
[Epoch 949] loss=0.0613 miou=0.6160 f1=0.7365 time=72.7s
[Epoch 950] loss=0.0623 miou=0.6171 f1=0.7365 time=74.9s
[Epoch 951] loss=0.0638 miou=0.6104 f1=0.7318 time=69.8s
[Epoch 952] loss=0.0614 miou=0.6070 f1=0.7269 time=74.6s
[Epoch 953] loss=0.0627 miou=0.6160 f1=0.7348 time=64.4s
[Epoch 954] loss=0.0581 miou=0.6176 f1=0.7353 time=60.2s
[Epoch 955] loss=0.0640 miou=0.6078 f1=0.7278 time=59.6s
[Epoch 956] loss=0.0692 miou=0.6173 f1=0.7363 time=59.8s
[Epoch 957] loss=0.0660 miou=0.6203 f1=0.7405 time=60.0s
[Epoch 958] loss=0.0661 miou=0.6155 f1=0.7371 time=60.5s
[Epoch 959] loss=0.0606 miou=0.6150 f1=0.7339 time=60.9s
[Epoch 960] loss=0.0637 miou=0.6119 f1=0.7317 time=60.3s
[Epoch 961] loss=0.0644 miou=0.6153 f1=0.7360 time=60.9s
[Epoch 962] loss=0.0634 miou=0.6212 f1=0.7409 time=60.7s
[Epoch 963] loss=0.0650 miou=0.6148 f1=0.7353 time=60.7s
[Epoch 964] loss=0.0628 miou=0.6108 f1=0.7326 time=60.6s
[Epoch 965] loss=0.0629 miou=0.6127 f1=0.7328 time=60.3s
[Epoch 966] loss=0.0650 miou=0.6173 f1=0.7389 time=59.9s
[Epoch 967] loss=0.0651 miou=0.6186 f1=0.7397 time=59.9s
[Epoch 968] loss=0.0634 miou=0.6111 f1=0.7325 time=60.2s
[Epoch 969] loss=0.0622 miou=0.6149 f1=0.7332 time=60.0s
[Epoch 970] loss=0.0603 miou=0.6044 f1=0.7249 time=61.2s
[Epoch 971] loss=0.0626 miou=0.6169 f1=0.7363 time=60.6s
[Epoch 972] loss=0.0615 miou=0.6238 f1=0.7426 time=60.7s
[Epoch 973] loss=0.0614 miou=0.6169 f1=0.7367 time=60.1s
[Epoch 974] loss=0.0608 miou=0.6180 f1=0.7379 time=59.9s
[Epoch 975] loss=0.0616 miou=0.6285 f1=0.7455 time=60.1s
[Epoch 976] loss=0.0604 miou=0.6162 f1=0.7354 time=60.5s
[Epoch 977] loss=0.0709 miou=0.6204 f1=0.7390 time=60.0s
[Epoch 978] loss=0.0691 miou=0.6080 f1=0.7269 time=60.7s
[Epoch 979] loss=0.0664 miou=0.6149 f1=0.7346 time=60.2s
[Epoch 980] loss=0.0643 miou=0.6201 f1=0.7390 time=60.7s
[Epoch 981] loss=0.0642 miou=0.6203 f1=0.7406 time=60.8s
[Epoch 982] loss=0.0682 miou=0.6121 f1=0.7332 time=60.5s
[Epoch 983] loss=0.0655 miou=0.6056 f1=0.7259 time=60.3s
[Epoch 984] loss=0.0663 miou=0.6090 f1=0.7308 time=60.9s
[Epoch 985] loss=0.0665 miou=0.6134 f1=0.7332 time=60.6s
[Epoch 986] loss=0.0587 miou=0.6221 f1=0.7407 time=59.5s
[Epoch 987] loss=0.0647 miou=0.6171 f1=0.7382 time=58.5s
[Epoch 988] loss=0.0630 miou=0.6156 f1=0.7362 time=58.6s
[Epoch 989] loss=0.0633 miou=0.6173 f1=0.7373 time=58.5s
[Epoch 990] loss=0.0603 miou=0.6164 f1=0.7359 time=58.5s
[Epoch 991] loss=0.0591 miou=0.6076 f1=0.7300 time=58.5s
[Epoch 992] loss=0.0621 miou=0.6197 f1=0.7390 time=58.5s
[Epoch 993] loss=0.0600 miou=0.6199 f1=0.7390 time=58.5s
[Epoch 994] loss=0.0577 miou=0.6230 f1=0.7416 time=58.8s
[Epoch 995] loss=0.0584 miou=0.6166 f1=0.7357 time=58.5s
[Epoch 996] loss=0.0566 miou=0.6180 f1=0.7350 time=58.5s
[Epoch 997] loss=0.0614 miou=0.6121 f1=0.7321 time=58.4s
[Epoch 998] loss=0.0606 miou=0.6099 f1=0.7306 time=58.4s
[Epoch 999] loss=0.0629 miou=0.6180 f1=0.7387 time=58.6s
[Epoch 1000] loss=0.0649 miou=0.6120 f1=0.7338 time=58.3s
[Epoch 1001] loss=0.0648 miou=0.6209 f1=0.7420 time=58.4s
[Epoch 1002] loss=0.0594 miou=0.6202 f1=0.7413 time=58.8s
[Epoch 1003] loss=0.0641 miou=0.6039 f1=0.7267 time=58.6s
[Epoch 1004] loss=0.0615 miou=0.6000 f1=0.7238 time=58.5s
[Epoch 1005] loss=0.0613 miou=0.6156 f1=0.7347 time=58.5s
[Epoch 1006] loss=0.0592 miou=0.6049 f1=0.7272 time=58.4s
[Epoch 1007] loss=0.0612 miou=0.6032 f1=0.7255 time=58.4s
[Epoch 1008] loss=0.0648 miou=0.6196 f1=0.7400 time=58.4s
[Epoch 1009] loss=0.0654 miou=0.6252 f1=0.7448 time=58.5s
[Epoch 1010] loss=0.0637 miou=0.6215 f1=0.7414 time=58.3s
[Epoch 1011] loss=0.0643 miou=0.6156 f1=0.7354 time=58.4s
[Epoch 1012] loss=0.0618 miou=0.6253 f1=0.7433 time=58.5s
[Epoch 1013] loss=0.0638 miou=0.6221 f1=0.7422 time=58.5s
[Epoch 1014] loss=0.0615 miou=0.6140 f1=0.7338 time=58.5s
[Epoch 1015] loss=0.0583 miou=0.6158 f1=0.7354 time=58.6s
[Epoch 1016] loss=0.0603 miou=0.6170 f1=0.7365 time=58.4s
[Epoch 1017] loss=0.0636 miou=0.6171 f1=0.7343 time=58.5s
[Epoch 1018] loss=0.0610 miou=0.6193 f1=0.7402 time=58.4s
[Epoch 1019] loss=0.0619 miou=0.6124 f1=0.7327 time=58.4s
[Epoch 1020] loss=0.0644 miou=0.6138 f1=0.7379 time=58.5s
[Epoch 1021] loss=0.0676 miou=0.6251 f1=0.7464 time=58.6s
[Epoch 1022] loss=0.0676 miou=0.6238 f1=0.7440 time=58.4s
[Epoch 1023] loss=0.0650 miou=0.6124 f1=0.7348 time=58.5s
[Epoch 1024] loss=0.0654 miou=0.6116 f1=0.7351 time=58.3s
[Epoch 1025] loss=0.0603 miou=0.6157 f1=0.7383 time=58.5s
[Epoch 1026] loss=0.0607 miou=0.6119 f1=0.7339 time=58.5s
[Epoch 1027] loss=0.0632 miou=0.6236 f1=0.7447 time=58.4s
[Epoch 1028] loss=0.0584 miou=0.6158 f1=0.7380 time=58.5s
[Epoch 1029] loss=0.0606 miou=0.6038 f1=0.7270 time=58.5s
[Epoch 1030] loss=0.0606 miou=0.6145 f1=0.7360 time=58.2s
[Epoch 1031] loss=0.0565 miou=0.6212 f1=0.7424 time=58.5s
[Epoch 1032] loss=0.0588 miou=0.6100 f1=0.7306 time=58.5s
[Epoch 1033] loss=0.0610 miou=0.6055 f1=0.7288 time=58.5s
[Epoch 1034] loss=0.0562 miou=0.6121 f1=0.7337 time=58.5s
[Epoch 1035] loss=0.0599 miou=0.6142 f1=0.7348 time=58.3s
[Epoch 1036] loss=0.0607 miou=0.6071 f1=0.7297 time=58.3s
[Epoch 1037] loss=0.0543 miou=0.6158 f1=0.7372 time=58.5s
[Epoch 1038] loss=0.0599 miou=0.6131 f1=0.7345 time=58.5s
[Epoch 1039] loss=0.0613 miou=0.6094 f1=0.7309 time=58.5s
[Epoch 1040] loss=0.0619 miou=0.6113 f1=0.7330 time=58.5s
[Epoch 1041] loss=0.0600 miou=0.6210 f1=0.7395 time=58.7s
[Epoch 1042] loss=0.0637 miou=0.6058 f1=0.7275 time=58.5s
[Epoch 1043] loss=0.0586 miou=0.6154 f1=0.7349 time=58.6s
[Epoch 1044] loss=0.0626 miou=0.6108 f1=0.7298 time=58.5s
[Epoch 1045] loss=0.0566 miou=0.6106 f1=0.7295 time=58.5s
[Epoch 1046] loss=0.0590 miou=0.6142 f1=0.7320 time=58.2s
[Epoch 1047] loss=0.0604 miou=0.6056 f1=0.7253 time=58.1s
[Epoch 1048] loss=0.0613 miou=0.6151 f1=0.7339 time=57.7s
[Epoch 1049] loss=0.0604 miou=0.6196 f1=0.7381 time=58.3s
[Epoch 1050] loss=0.0631 miou=0.6101 f1=0.7318 time=58.4s
[Epoch 1051] loss=0.0609 miou=0.6041 f1=0.7276 time=58.3s
[Epoch 1052] loss=0.0573 miou=0.6100 f1=0.7303 time=58.3s
[Epoch 1053] loss=0.0595 miou=0.6136 f1=0.7345 time=58.4s
[Epoch 1054] loss=0.0553 miou=0.6107 f1=0.7321 time=58.5s
[Epoch 1055] loss=0.0567 miou=0.6093 f1=0.7300 time=58.5s
[Epoch 1056] loss=0.0594 miou=0.6061 f1=0.7289 time=58.4s
[Epoch 1057] loss=0.0601 miou=0.6189 f1=0.7379 time=58.3s
[Epoch 1058] loss=0.0598 miou=0.6130 f1=0.7332 time=58.5s
[Epoch 1059] loss=0.0582 miou=0.6189 f1=0.7354 time=58.5s
[Epoch 1060] loss=0.0567 miou=0.6165 f1=0.7357 time=58.5s
[Epoch 1061] loss=0.0604 miou=0.6088 f1=0.7297 time=58.3s
[Epoch 1062] loss=0.0627 miou=0.6030 f1=0.7241 time=58.4s
[Epoch 1063] loss=0.0585 miou=0.6139 f1=0.7350 time=58.4s
[Epoch 1064] loss=0.0598 miou=0.6135 f1=0.7314 time=58.5s
[Epoch 1065] loss=0.0583 miou=0.6157 f1=0.7364 time=58.5s
[Epoch 1066] loss=0.0591 miou=0.6097 f1=0.7298 time=58.0s
[Epoch 1067] loss=0.0594 miou=0.6082 f1=0.7290 time=58.3s
[Epoch 1068] loss=0.0578 miou=0.6051 f1=0.7254 time=57.7s
[Epoch 1069] loss=0.0579 miou=0.6193 f1=0.7377 time=58.2s
[Epoch 1070] loss=0.0580 miou=0.6199 f1=0.7390 time=58.5s
[Epoch 1071] loss=0.0586 miou=0.6094 f1=0.7282 time=58.5s
[Epoch 1072] loss=0.0554 miou=0.6022 f1=0.7251 time=58.4s
[Epoch 1073] loss=0.0569 miou=0.6081 f1=0.7287 time=58.5s
[Epoch 1074] loss=0.0571 miou=0.6170 f1=0.7371 time=58.2s
[Epoch 1075] loss=0.0582 miou=0.6026 f1=0.7230 time=58.2s
[Epoch 1076] loss=0.0590 miou=0.6164 f1=0.7357 time=58.5s
[Epoch 1077] loss=0.0571 miou=0.6157 f1=0.7347 time=58.5s
[Epoch 1078] loss=0.0588 miou=0.6028 f1=0.7255 time=58.4s
[Epoch 1079] loss=0.0584 miou=0.6131 f1=0.7322 time=58.5s
[Epoch 1080] loss=0.0597 miou=0.6155 f1=0.7349 time=58.4s
[Epoch 1081] loss=0.0564 miou=0.6171 f1=0.7362 time=58.5s
[Epoch 1082] loss=0.0599 miou=0.6066 f1=0.7284 time=58.5s
[Epoch 1083] loss=0.0553 miou=0.6139 f1=0.7321 time=58.5s
[Epoch 1084] loss=0.0573 miou=0.6161 f1=0.7357 time=58.3s
[Epoch 1085] loss=0.0587 miou=0.6129 f1=0.7343 time=58.4s
[Epoch 1086] loss=0.0555 miou=0.6210 f1=0.7393 time=58.4s
[Epoch 1087] loss=0.0607 miou=0.6201 f1=0.7395 time=58.5s
[Epoch 1088] loss=0.0585 miou=0.6109 f1=0.7317 time=58.5s
[Epoch 1089] loss=0.0625 miou=0.6215 f1=0.7422 time=58.5s
[Epoch 1090] loss=0.0604 miou=0.6200 f1=0.7397 time=58.6s
[Epoch 1091] loss=0.0599 miou=0.6242 f1=0.7435 time=58.5s
[Epoch 1092] loss=0.0593 miou=0.6196 f1=0.7389 time=57.7s
[Epoch 1093] loss=0.0632 miou=0.6222 f1=0.7430 time=58.3s
[Epoch 1094] loss=0.0640 miou=0.6169 f1=0.7375 time=58.5s
[Epoch 1095] loss=0.0625 miou=0.6239 f1=0.7425 time=58.5s
[Epoch 1096] loss=0.0595 miou=0.6099 f1=0.7309 time=58.6s
[Epoch 1097] loss=0.0578 miou=0.6148 f1=0.7336 time=58.5s
[Epoch 1098] loss=0.0583 miou=0.6072 f1=0.7277 time=58.4s
[Epoch 1099] loss=0.0592 miou=0.6207 f1=0.7416 time=58.3s
[Epoch 1100] loss=0.0589 miou=0.6250 f1=0.7439 time=58.2s
[Epoch 1101] loss=0.0575 miou=0.6241 f1=0.7425 time=58.4s
[Epoch 1102] loss=0.0589 miou=0.6193 f1=0.7388 time=58.5s
[Epoch 1103] loss=0.0605 miou=0.6255 f1=0.7436 time=58.5s
[Epoch 1104] loss=0.0593 miou=0.6203 f1=0.7396 time=58.5s
[Epoch 1105] loss=0.0582 miou=0.6077 f1=0.7284 time=58.5s
[Epoch 1106] loss=0.0570 miou=0.6091 f1=0.7276 time=58.5s
[Epoch 1107] loss=0.0600 miou=0.6174 f1=0.7385 time=58.4s
[Epoch 1108] loss=0.0613 miou=0.6186 f1=0.7382 time=58.6s
[Epoch 1109] loss=0.0570 miou=0.6185 f1=0.7353 time=58.6s
[Epoch 1110] loss=0.0539 miou=0.6099 f1=0.7278 time=58.7s
[Epoch 1111] loss=0.0554 miou=0.6168 f1=0.7368 time=58.6s
[Epoch 1112] loss=0.0550 miou=0.6211 f1=0.7408 time=58.6s
[Epoch 1113] loss=0.0558 miou=0.6176 f1=0.7373 time=58.4s
[Epoch 1114] loss=0.0525 miou=0.6092 f1=0.7299 time=58.5s
[Epoch 1115] loss=0.0580 miou=0.6271 f1=0.7457 time=58.5s
[Epoch 1116] loss=0.0561 miou=0.6145 f1=0.7347 time=58.5s
[Epoch 1117] loss=0.0608 miou=0.6256 f1=0.7442 time=58.5s
[Epoch 1118] loss=0.0565 miou=0.6261 f1=0.7457 time=58.5s
[Epoch 1119] loss=0.0572 miou=0.6265 f1=0.7458 time=58.3s
[Epoch 1120] loss=0.0576 miou=0.6139 f1=0.7353 time=58.5s
[Epoch 1121] loss=0.0596 miou=0.6102 f1=0.7325 time=58.5s
[Epoch 1122] loss=0.0563 miou=0.6167 f1=0.7379 time=58.5s
[Epoch 1123] loss=0.0545 miou=0.6057 f1=0.7290 time=58.6s
[Epoch 1124] loss=0.0590 miou=0.6056 f1=0.7273 time=58.5s
[Epoch 1125] loss=0.0588 miou=0.6119 f1=0.7347 time=58.5s
[Epoch 1126] loss=0.0587 miou=0.6075 f1=0.7301 time=58.4s
[Epoch 1127] loss=0.0545 miou=0.6019 f1=0.7250 time=58.4s
[Epoch 1128] loss=0.0552 miou=0.6084 f1=0.7303 time=58.4s
[Epoch 1129] loss=0.0596 miou=0.6123 f1=0.7320 time=58.4s
[Epoch 1130] loss=0.0583 miou=0.6086 f1=0.7298 time=58.6s
[Epoch 1131] loss=0.0614 miou=0.6098 f1=0.7325 time=58.4s
[Epoch 1132] loss=0.0606 miou=0.6083 f1=0.7304 time=58.5s
[Epoch 1133] loss=0.0594 miou=0.6148 f1=0.7373 time=58.5s
[Epoch 1134] loss=0.0587 miou=0.6096 f1=0.7313 time=58.5s
[Epoch 1135] loss=0.0590 miou=0.6068 f1=0.7280 time=58.5s
[Epoch 1136] loss=0.0612 miou=0.6140 f1=0.7356 time=58.5s
[Epoch 1137] loss=0.0603 miou=0.6115 f1=0.7327 time=58.6s
[Epoch 1138] loss=0.0580 miou=0.6169 f1=0.7362 time=58.5s
[Epoch 1139] loss=0.0558 miou=0.6208 f1=0.7404 time=58.4s
[Epoch 1140] loss=0.0546 miou=0.6117 f1=0.7328 time=58.5s
[Epoch 1141] loss=0.0562 miou=0.6182 f1=0.7380 time=58.3s
[Epoch 1142] loss=0.0579 miou=0.6035 f1=0.7247 time=58.2s
[Epoch 1143] loss=0.0562 miou=0.6059 f1=0.7281 time=58.5s
[Epoch 1144] loss=0.0568 miou=0.6062 f1=0.7292 time=58.5s
[Epoch 1145] loss=0.0542 miou=0.6133 f1=0.7319 time=58.3s
[Epoch 1146] loss=0.0537 miou=0.6042 f1=0.7265 time=57.0s
[Epoch 1147] loss=0.0585 miou=0.6168 f1=0.7354 time=58.6s
[Epoch 1148] loss=0.0520 miou=0.6146 f1=0.7341 time=58.7s
[Epoch 1149] loss=0.0547 miou=0.6182 f1=0.7374 time=58.3s
[Epoch 1150] loss=0.0536 miou=0.6200 f1=0.7408 time=58.5s
[Epoch 1151] loss=0.0578 miou=0.6028 f1=0.7246 time=58.5s
[Epoch 1152] loss=0.0544 miou=0.5993 f1=0.7221 time=58.6s
[Epoch 1153] loss=0.0521 miou=0.6120 f1=0.7337 time=58.3s
[Epoch 1154] loss=0.0592 miou=0.6131 f1=0.7345 time=58.6s
[Epoch 1155] loss=0.0611 miou=0.6170 f1=0.7361 time=58.6s
[Epoch 1156] loss=0.0577 miou=0.6101 f1=0.7311 time=58.4s
[Epoch 1157] loss=0.0590 miou=0.6081 f1=0.7264 time=58.6s
[Epoch 1158] loss=0.0557 miou=0.6040 f1=0.7246 time=58.4s
[Epoch 1159] loss=0.0593 miou=0.6125 f1=0.7330 time=58.6s
[Epoch 1160] loss=0.0582 miou=0.6111 f1=0.7323 time=58.5s
[Epoch 1161] loss=0.0538 miou=0.6169 f1=0.7376 time=58.5s
[Epoch 1162] loss=0.0510 miou=0.6158 f1=0.7339 time=58.5s
[Epoch 1163] loss=0.0563 miou=0.6128 f1=0.7323 time=58.5s
[Epoch 1164] loss=0.0586 miou=0.6217 f1=0.7435 time=58.5s
[Epoch 1165] loss=0.0577 miou=0.6141 f1=0.7328 time=58.5s
[Epoch 1166] loss=0.0549 miou=0.6097 f1=0.7313 time=58.4s
[Epoch 1167] loss=0.0562 miou=0.5998 f1=0.7232 time=58.4s
[Epoch 1168] loss=0.0553 miou=0.6049 f1=0.7265 time=58.5s
[Epoch 1169] loss=0.0576 miou=0.6046 f1=0.7239 time=58.4s
[Epoch 1170] loss=0.0544 miou=0.6050 f1=0.7261 time=58.4s
[Epoch 1171] loss=0.0568 miou=0.6124 f1=0.7325 time=58.3s
[Epoch 1172] loss=0.0511 miou=0.5991 f1=0.7217 time=58.5s
[Epoch 1173] loss=0.0496 miou=0.6096 f1=0.7294 time=58.6s
[Epoch 1174] loss=0.0552 miou=0.5997 f1=0.7220 time=58.4s
[Epoch 1175] loss=0.0567 miou=0.6113 f1=0.7324 time=64.1s
[Epoch 1176] loss=0.0617 miou=0.6122 f1=0.7347 time=69.4s
[Epoch 1177] loss=0.0606 miou=0.6083 f1=0.7266 time=72.0s
[Epoch 1178] loss=0.0577 miou=0.6197 f1=0.7383 time=61.0s
[Epoch 1179] loss=0.0566 miou=0.6182 f1=0.7373 time=70.8s
[Epoch 1180] loss=0.0521 miou=0.6204 f1=0.7388 time=71.3s
[Epoch 1181] loss=0.0568 miou=0.6085 f1=0.7313 time=59.7s
[Epoch 1182] loss=0.0525 miou=0.6113 f1=0.7329 time=58.7s
[Epoch 1183] loss=0.0554 miou=0.6108 f1=0.7306 time=58.1s
[Epoch 1184] loss=0.0556 miou=0.6040 f1=0.7260 time=58.4s
[Epoch 1185] loss=0.0578 miou=0.6091 f1=0.7298 time=58.0s
[Epoch 1186] loss=0.0557 miou=0.6116 f1=0.7335 time=58.5s
[Epoch 1187] loss=0.0534 miou=0.6094 f1=0.7280 time=58.4s
[Epoch 1188] loss=0.0544 miou=0.6077 f1=0.7288 time=58.6s
[Epoch 1189] loss=0.0537 miou=0.6055 f1=0.7267 time=57.4s
[Epoch 1190] loss=0.0559 miou=0.6082 f1=0.7298 time=58.4s
[Epoch 1191] loss=0.0601 miou=0.6121 f1=0.7317 time=65.1s
[Epoch 1192] loss=0.0546 miou=0.6164 f1=0.7357 time=71.7s
[Epoch 1193] loss=0.0569 miou=0.6084 f1=0.7286 time=71.4s
[Epoch 1194] loss=0.0562 miou=0.6190 f1=0.7384 time=71.9s
[Epoch 1195] loss=0.0523 miou=0.6155 f1=0.7346 time=73.3s
[Epoch 1196] loss=0.0540 miou=0.6146 f1=0.7347 time=61.0s
[Epoch 1197] loss=0.0588 miou=0.6169 f1=0.7365 time=58.5s
[Epoch 1198] loss=0.0581 miou=0.6184 f1=0.7381 time=58.5s
[Epoch 1199] loss=0.0604 miou=0.6107 f1=0.7333 time=58.3s
[Epoch 1200] loss=0.0578 miou=0.6143 f1=0.7358 time=58.5s
[Epoch 1201] loss=0.0601 miou=0.6012 f1=0.7243 time=58.5s
[Epoch 1202] loss=0.0564 miou=0.6076 f1=0.7266 time=58.4s
[Epoch 1203] loss=0.0554 miou=0.6078 f1=0.7276 time=65.0s
[Epoch 1204] loss=0.0539 miou=0.5997 f1=0.7207 time=70.2s
[Epoch 1205] loss=0.0557 miou=0.6031 f1=0.7234 time=72.2s
[Epoch 1206] loss=0.0578 miou=0.6091 f1=0.7293 time=68.9s
[Epoch 1207] loss=0.0541 miou=0.6101 f1=0.7329 time=71.7s
[Epoch 1208] loss=0.0518 miou=0.6139 f1=0.7364 time=64.5s
[Epoch 1209] loss=0.0545 miou=0.6038 f1=0.7282 time=58.7s
[Epoch 1210] loss=0.0558 miou=0.6051 f1=0.7283 time=58.3s
[Epoch 1211] loss=0.0530 miou=0.6087 f1=0.7310 time=61.7s
[Epoch 1212] loss=0.0536 miou=0.6180 f1=0.7385 time=68.0s
[Epoch 1213] loss=0.0539 miou=0.6151 f1=0.7369 time=71.3s
[Epoch 1214] loss=0.0532 miou=0.6111 f1=0.7337 time=65.8s
[Epoch 1215] loss=0.0520 miou=0.6076 f1=0.7309 time=58.5s
[Epoch 1216] loss=0.0536 miou=0.6188 f1=0.7407 time=59.4s
[Epoch 1217] loss=0.0557 miou=0.6138 f1=0.7351 time=71.0s
[Epoch 1218] loss=0.0513 miou=0.6139 f1=0.7347 time=70.8s
[Epoch 1219] loss=0.0558 miou=0.6148 f1=0.7368 time=58.8s
[Epoch 1220] loss=0.0537 miou=0.6277 f1=0.7460 time=58.3s
[Epoch 1221] loss=0.0541 miou=0.6233 f1=0.7419 time=58.0s
[Epoch 1222] loss=0.0557 miou=0.6252 f1=0.7451 time=57.4s
[Epoch 1223] loss=0.0542 miou=0.6284 f1=0.7454 time=58.5s
[Epoch 1224] loss=0.0577 miou=0.6234 f1=0.7416 time=58.6s
[Epoch 1225] loss=0.0565 miou=0.6351 f1=0.7513 time=58.6s
[Epoch 1226] loss=0.0546 miou=0.6276 f1=0.7458 time=58.3s
[Epoch 1227] loss=0.0518 miou=0.6293 f1=0.7469 time=58.5s
[Epoch 1228] loss=0.0505 miou=0.6169 f1=0.7356 time=58.5s
[Epoch 1229] loss=0.0548 miou=0.6234 f1=0.7423 time=59.6s
[Epoch 1230] loss=0.0552 miou=0.6262 f1=0.7412 time=72.9s
[Epoch 1231] loss=0.0512 miou=0.6117 f1=0.7315 time=62.4s
[Epoch 1232] loss=0.0580 miou=0.6045 f1=0.7256 time=58.4s
[Epoch 1233] loss=0.0543 miou=0.6076 f1=0.7294 time=58.4s
[Epoch 1234] loss=0.0527 miou=0.6053 f1=0.7256 time=58.4s
[Epoch 1235] loss=0.0557 miou=0.6115 f1=0.7347 time=58.5s
[Epoch 1236] loss=0.0513 miou=0.6124 f1=0.7321 time=66.1s
[Epoch 1237] loss=0.0544 miou=0.6051 f1=0.7251 time=70.8s
[Epoch 1238] loss=0.0489 miou=0.6050 f1=0.7276 time=58.5s
[Epoch 1239] loss=0.0563 miou=0.6130 f1=0.7324 time=58.5s
[Epoch 1240] loss=0.0537 miou=0.6072 f1=0.7271 time=57.0s
[Epoch 1241] loss=0.0527 miou=0.6067 f1=0.7286 time=64.0s
[Epoch 1242] loss=0.0564 miou=0.6146 f1=0.7296 time=72.1s
[Epoch 1243] loss=0.0567 miou=0.6072 f1=0.7292 time=65.2s
[Epoch 1244] loss=0.0552 miou=0.6148 f1=0.7349 time=57.2s
[Epoch 1245] loss=0.0539 miou=0.6106 f1=0.7294 time=57.2s
[Epoch 1246] loss=0.0545 miou=0.6080 f1=0.7282 time=58.3s
[Epoch 1247] loss=0.0555 miou=0.6056 f1=0.7249 time=58.5s
[Epoch 1248] loss=0.0547 miou=0.6056 f1=0.7262 time=58.5s
[Epoch 1249] loss=0.0546 miou=0.6078 f1=0.7266 time=58.5s
[Epoch 1250] loss=0.0524 miou=0.6025 f1=0.7239 time=58.4s
[Epoch 1251] loss=0.0572 miou=0.6135 f1=0.7333 time=58.6s
[Epoch 1252] loss=0.0540 miou=0.6080 f1=0.7284 time=58.5s
[Epoch 1253] loss=0.0518 miou=0.6091 f1=0.7296 time=58.5s
[Epoch 1254] loss=0.0575 miou=0.6046 f1=0.7269 time=58.4s
[Epoch 1255] loss=0.0553 miou=0.6078 f1=0.7277 time=58.6s
[Epoch 1256] loss=0.0566 miou=0.6079 f1=0.7269 time=58.6s
[Epoch 1257] loss=0.0529 miou=0.6071 f1=0.7285 time=58.4s
[Epoch 1258] loss=0.0580 miou=0.6072 f1=0.7293 time=58.3s
[Epoch 1259] loss=0.0520 miou=0.6045 f1=0.7272 time=58.5s
[Epoch 1260] loss=0.0514 miou=0.6137 f1=0.7346 time=58.0s
[Epoch 1261] loss=0.0516 miou=0.6110 f1=0.7312 time=57.9s
[Epoch 1262] loss=0.0484 miou=0.6185 f1=0.7384 time=58.1s
[Epoch 1263] loss=0.0510 miou=0.6097 f1=0.7315 time=58.6s
[Epoch 1264] loss=0.0512 miou=0.6135 f1=0.7328 time=58.4s
[Epoch 1265] loss=0.0539 miou=0.6126 f1=0.7339 time=57.9s
[Epoch 1266] loss=0.0502 miou=0.6101 f1=0.7314 time=58.5s
[Epoch 1267] loss=0.0541 miou=0.6133 f1=0.7325 time=58.6s
[Epoch 1268] loss=0.0523 miou=0.6090 f1=0.7292 time=58.3s
[Epoch 1269] loss=0.0516 miou=0.6119 f1=0.7315 time=58.4s
[Epoch 1270] loss=0.0522 miou=0.6170 f1=0.7349 time=58.4s
[Epoch 1271] loss=0.0550 miou=0.6122 f1=0.7330 time=58.4s
[Epoch 1272] loss=0.0515 miou=0.6038 f1=0.7252 time=58.6s
[Epoch 1273] loss=0.0515 miou=0.6227 f1=0.7414 time=58.2s
[Epoch 1274] loss=0.0556 miou=0.6169 f1=0.7383 time=58.2s
[Epoch 1275] loss=0.0574 miou=0.6166 f1=0.7344 time=58.5s
[Epoch 1276] loss=0.0531 miou=0.6151 f1=0.7340 time=58.4s
[Epoch 1277] loss=0.0521 miou=0.5977 f1=0.7211 time=58.4s
[Epoch 1278] loss=0.0502 miou=0.6091 f1=0.7302 time=58.5s
[Epoch 1279] loss=0.0533 miou=0.5983 f1=0.7199 time=58.3s
[Epoch 1280] loss=0.0546 miou=0.6137 f1=0.7331 time=58.4s
[Epoch 1281] loss=0.0537 miou=0.6107 f1=0.7302 time=58.5s
[Epoch 1282] loss=0.0557 miou=0.6069 f1=0.7266 time=58.3s
[Epoch 1283] loss=0.0520 miou=0.6101 f1=0.7297 time=58.4s
[Epoch 1284] loss=0.0582 miou=0.6029 f1=0.7248 time=58.4s
[Epoch 1285] loss=0.0513 miou=0.6090 f1=0.7277 time=58.4s
[Epoch 1286] loss=0.0540 miou=0.6046 f1=0.7238 time=58.5s
[Epoch 1287] loss=0.0544 miou=0.6073 f1=0.7275 time=58.2s
[Epoch 1288] loss=0.0503 miou=0.6077 f1=0.7290 time=58.4s
[Epoch 1289] loss=0.0539 miou=0.6027 f1=0.7249 time=58.4s
[Epoch 1290] loss=0.0498 miou=0.6085 f1=0.7273 time=58.4s
[Epoch 1291] loss=0.0511 miou=0.6163 f1=0.7360 time=58.5s
[Epoch 1292] loss=0.0507 miou=0.6078 f1=0.7293 time=58.4s
[Epoch 1293] loss=0.0528 miou=0.5989 f1=0.7206 time=58.5s
[Epoch 1294] loss=0.0525 miou=0.6138 f1=0.7355 time=58.5s
[Epoch 1295] loss=0.0534 miou=0.6061 f1=0.7299 time=58.6s
[Epoch 1296] loss=0.0530 miou=0.6132 f1=0.7335 time=58.6s
[Epoch 1297] loss=0.0506 miou=0.6118 f1=0.7326 time=58.4s
[Epoch 1298] loss=0.0505 miou=0.6091 f1=0.7317 time=58.4s
[Epoch 1299] loss=0.0535 miou=0.6156 f1=0.7375 time=58.4s
[Epoch 1300] loss=0.0511 miou=0.6149 f1=0.7346 time=58.4s
[Epoch 1301] loss=0.0512 miou=0.6148 f1=0.7347 time=58.4s
[Epoch 1302] loss=0.0486 miou=0.6167 f1=0.7383 time=58.4s
[Epoch 1303] loss=0.0502 miou=0.6091 f1=0.7310 time=58.3s
[Epoch 1304] loss=0.0530 miou=0.6148 f1=0.7368 time=58.3s
[Epoch 1305] loss=0.0561 miou=0.5995 f1=0.7247 time=58.3s
[Epoch 1306] loss=0.0539 miou=0.5986 f1=0.7218 time=58.4s
[Epoch 1307] loss=0.0478 miou=0.6008 f1=0.7242 time=58.3s
[Epoch 1308] loss=0.0505 miou=0.6096 f1=0.7306 time=58.2s
[Epoch 1309] loss=0.0513 miou=0.6059 f1=0.7292 time=58.3s
[Epoch 1310] loss=0.0512 miou=0.6129 f1=0.7348 time=58.3s
[Epoch 1311] loss=0.0506 miou=0.6131 f1=0.7342 time=58.2s
[Epoch 1312] loss=0.0532 miou=0.6143 f1=0.7352 time=58.4s
[Epoch 1313] loss=0.0565 miou=0.6144 f1=0.7344 time=58.4s
[Epoch 1314] loss=0.0576 miou=0.6099 f1=0.7306 time=58.5s
[Epoch 1315] loss=0.0572 miou=0.6045 f1=0.7261 time=58.3s
[Epoch 1316] loss=0.0578 miou=0.6068 f1=0.7271 time=58.4s
[Epoch 1317] loss=0.0560 miou=0.6135 f1=0.7349 time=58.4s
[Epoch 1318] loss=0.0495 miou=0.6168 f1=0.7369 time=58.2s
[Epoch 1319] loss=0.0501 miou=0.6124 f1=0.7316 time=58.3s
[Epoch 1320] loss=0.0581 miou=0.6137 f1=0.7328 time=58.3s
[Epoch 1321] loss=0.0538 miou=0.6149 f1=0.7351 time=58.2s
[Epoch 1322] loss=0.0529 miou=0.6148 f1=0.7349 time=58.4s
[Epoch 1323] loss=0.0516 miou=0.6177 f1=0.7367 time=58.4s
[Epoch 1324] loss=0.0523 miou=0.6118 f1=0.7320 time=58.3s
[Epoch 1325] loss=0.0505 miou=0.6145 f1=0.7371 time=58.3s
[Epoch 1326] loss=0.0483 miou=0.6126 f1=0.7343 time=58.5s
[Epoch 1327] loss=0.0500 miou=0.6118 f1=0.7330 time=58.4s
[Epoch 1328] loss=0.0497 miou=0.6182 f1=0.7387 time=58.4s
[Epoch 1329] loss=0.0465 miou=0.6079 f1=0.7276 time=58.5s
[Epoch 1330] loss=0.0482 miou=0.6139 f1=0.7327 time=58.4s
[Epoch 1331] loss=0.0498 miou=0.6039 f1=0.7269 time=58.5s
[Epoch 1332] loss=0.0524 miou=0.6105 f1=0.7309 time=58.5s
[Epoch 1333] loss=0.0542 miou=0.6111 f1=0.7339 time=58.4s
[Epoch 1334] loss=0.0521 miou=0.6046 f1=0.7273 time=58.5s
[Epoch 1335] loss=0.0502 miou=0.6091 f1=0.7305 time=58.5s
[Epoch 1336] loss=0.0500 miou=0.6090 f1=0.7302 time=58.4s
[Epoch 1337] loss=0.0475 miou=0.6171 f1=0.7360 time=58.5s
[Epoch 1338] loss=0.0482 miou=0.6152 f1=0.7342 time=58.5s
[Epoch 1339] loss=0.0483 miou=0.6140 f1=0.7336 time=58.4s
[Epoch 1340] loss=0.0524 miou=0.6063 f1=0.7267 time=58.4s
[Epoch 1341] loss=0.0487 miou=0.6022 f1=0.7244 time=58.5s
[Epoch 1342] loss=0.0526 miou=0.6061 f1=0.7282 time=58.3s
[Epoch 1343] loss=0.0526 miou=0.6086 f1=0.7306 time=58.5s
[Epoch 1344] loss=0.0515 miou=0.6016 f1=0.7253 time=58.2s
[Epoch 1345] loss=0.0514 miou=0.6033 f1=0.7254 time=58.4s
[Epoch 1346] loss=0.0497 miou=0.6092 f1=0.7302 time=58.2s
[Epoch 1347] loss=0.0520 miou=0.6129 f1=0.7313 time=58.4s
[Epoch 1348] loss=0.0507 miou=0.6139 f1=0.7340 time=58.4s
[Epoch 1349] loss=0.0534 miou=0.6013 f1=0.7220 time=58.4s
[Epoch 1350] loss=0.0514 miou=0.5957 f1=0.7159 time=58.5s
[Epoch 1351] loss=0.0494 miou=0.6099 f1=0.7311 time=58.4s
[Epoch 1352] loss=0.0488 miou=0.6012 f1=0.7238 time=58.4s
[Epoch 1353] loss=0.0509 miou=0.6048 f1=0.7253 time=58.3s
[Epoch 1354] loss=0.0492 miou=0.5985 f1=0.7209 time=58.3s
[Epoch 1355] loss=0.0472 miou=0.6029 f1=0.7255 time=58.2s
[Epoch 1356] loss=0.0491 miou=0.5971 f1=0.7220 time=58.3s
[Epoch 1357] loss=0.0491 miou=0.5980 f1=0.7190 time=58.1s
[Epoch 1358] loss=0.0457 miou=0.5961 f1=0.7190 time=58.4s
[Epoch 1359] loss=0.0484 miou=0.5997 f1=0.7223 time=58.0s
[Epoch 1360] loss=0.0492 miou=0.6045 f1=0.7259 time=57.3s
[Epoch 1361] loss=0.0511 miou=0.6012 f1=0.7226 time=58.4s
[Epoch 1362] loss=0.0466 miou=0.6094 f1=0.7312 time=58.4s
[Epoch 1363] loss=0.0508 miou=0.6019 f1=0.7258 time=58.5s
[Epoch 1364] loss=0.0524 miou=0.6079 f1=0.7295 time=58.4s
[Epoch 1365] loss=0.0503 miou=0.6033 f1=0.7257 time=58.4s
[Epoch 1366] loss=0.0467 miou=0.6129 f1=0.7341 time=58.3s
[Epoch 1367] loss=0.0470 miou=0.6023 f1=0.7246 time=58.3s
[Epoch 1368] loss=0.0476 miou=0.6002 f1=0.7205 time=58.4s
[Epoch 1369] loss=0.0465 miou=0.6080 f1=0.7286 time=58.4s
[Epoch 1370] loss=0.0552 miou=0.6028 f1=0.7238 time=58.4s
[Epoch 1371] loss=0.0534 miou=0.6030 f1=0.7252 time=58.4s
[Epoch 1372] loss=0.0513 miou=0.6012 f1=0.7251 time=58.4s
[Epoch 1373] loss=0.0521 miou=0.6037 f1=0.7256 time=58.3s
[Epoch 1374] loss=0.0514 miou=0.6020 f1=0.7267 time=58.4s
[Epoch 1375] loss=0.0487 miou=0.6020 f1=0.7237 time=58.4s
[Epoch 1376] loss=0.0502 miou=0.6101 f1=0.7296 time=58.2s
[Epoch 1377] loss=0.0499 miou=0.6097 f1=0.7317 time=58.2s
[Epoch 1378] loss=0.0486 miou=0.6048 f1=0.7268 time=58.2s
[Epoch 1379] loss=0.0520 miou=0.6174 f1=0.7363 time=58.3s
[Epoch 1380] loss=0.0480 miou=0.6090 f1=0.7299 time=58.4s
[Epoch 1381] loss=0.0564 miou=0.6079 f1=0.7283 time=58.3s
[Epoch 1382] loss=0.0527 miou=0.6143 f1=0.7347 time=58.5s
[Epoch 1383] loss=0.0563 miou=0.5984 f1=0.7211 time=58.4s
[Epoch 1384] loss=0.0532 miou=0.5978 f1=0.7184 time=58.5s
[Epoch 1385] loss=0.0489 miou=0.6077 f1=0.7292 time=58.3s
[Epoch 1386] loss=0.0544 miou=0.5999 f1=0.7215 time=58.4s
[Epoch 1387] loss=0.0521 miou=0.6146 f1=0.7335 time=58.3s
[Epoch 1388] loss=0.0494 miou=0.6108 f1=0.7291 time=58.1s
[Epoch 1389] loss=0.0463 miou=0.6084 f1=0.7265 time=58.4s
[Epoch 1390] loss=0.0462 miou=0.6082 f1=0.7286 time=58.3s
[Epoch 1391] loss=0.0452 miou=0.6119 f1=0.7297 time=58.2s
[Epoch 1392] loss=0.0472 miou=0.6061 f1=0.7257 time=58.4s
[Epoch 1393] loss=0.0494 miou=0.6140 f1=0.7337 time=58.3s
[Epoch 1394] loss=0.0466 miou=0.5976 f1=0.7182 time=58.2s
[Epoch 1395] loss=0.0485 miou=0.6051 f1=0.7249 time=58.2s
[Epoch 1396] loss=0.0556 miou=0.5981 f1=0.7189 time=58.4s
[Epoch 1397] loss=0.0499 miou=0.6038 f1=0.7253 time=58.2s
[Epoch 1398] loss=0.0501 miou=0.6050 f1=0.7230 time=58.2s
[Epoch 1399] loss=0.0510 miou=0.5970 f1=0.7165 time=58.4s
[Epoch 1400] loss=0.0509 miou=0.6088 f1=0.7270 time=58.3s
[Epoch 1401] loss=0.0491 miou=0.6025 f1=0.7226 time=58.3s
[Epoch 1402] loss=0.0482 miou=0.6066 f1=0.7271 time=58.4s
[Epoch 1403] loss=0.0478 miou=0.6053 f1=0.7261 time=58.5s
[Epoch 1404] loss=0.0478 miou=0.6021 f1=0.7229 time=58.4s
[Epoch 1405] loss=0.0463 miou=0.6010 f1=0.7211 time=58.5s
[Epoch 1406] loss=0.0489 miou=0.6055 f1=0.7264 time=58.3s
[Epoch 1407] loss=0.0481 miou=0.6033 f1=0.7244 time=58.4s
[Epoch 1408] loss=0.0486 miou=0.5935 f1=0.7176 time=58.4s
[Epoch 1409] loss=0.0477 miou=0.6013 f1=0.7244 time=58.2s
[Epoch 1410] loss=0.0486 miou=0.6034 f1=0.7270 time=58.3s
[Epoch 1411] loss=0.0487 miou=0.5971 f1=0.7199 time=58.4s
[Epoch 1412] loss=0.0490 miou=0.6087 f1=0.7284 time=58.4s
[Epoch 1413] loss=0.0487 miou=0.6094 f1=0.7286 time=58.5s
[Epoch 1414] loss=0.0496 miou=0.5964 f1=0.7199 time=58.5s
[Epoch 1415] loss=0.0565 miou=0.5963 f1=0.7196 time=58.3s
[Epoch 1416] loss=0.0562 miou=0.6000 f1=0.7213 time=58.3s
[Epoch 1417] loss=0.0529 miou=0.6070 f1=0.7264 time=58.3s
[Epoch 1418] loss=0.0499 miou=0.5977 f1=0.7185 time=57.5s
[Epoch 1419] loss=0.0493 miou=0.5913 f1=0.7145 time=57.4s
[Epoch 1420] loss=0.0491 miou=0.5934 f1=0.7157 time=58.1s
[Epoch 1421] loss=0.0507 miou=0.6096 f1=0.7314 time=58.2s
[Epoch 1422] loss=0.0518 miou=0.6115 f1=0.7333 time=58.2s
[Epoch 1423] loss=0.0533 miou=0.6022 f1=0.7263 time=58.1s
[Epoch 1424] loss=0.0475 miou=0.6108 f1=0.7334 time=58.1s
[Epoch 1425] loss=0.0505 miou=0.5989 f1=0.7233 time=58.2s
[Epoch 1426] loss=0.0500 miou=0.6059 f1=0.7272 time=58.1s
[Epoch 1427] loss=0.0434 miou=0.6118 f1=0.7314 time=58.2s
[Epoch 1428] loss=0.0474 miou=0.6062 f1=0.7281 time=58.1s
[Epoch 1429] loss=0.0463 miou=0.6020 f1=0.7234 time=58.1s
[Epoch 1430] loss=0.0466 miou=0.6191 f1=0.7370 time=58.2s
[Epoch 1431] loss=0.0490 miou=0.6124 f1=0.7334 time=58.2s
[Epoch 1432] loss=0.0499 miou=0.6085 f1=0.7292 time=58.2s
[Epoch 1433] loss=0.0478 miou=0.6042 f1=0.7264 time=58.2s
[Epoch 1434] loss=0.0461 miou=0.6031 f1=0.7250 time=58.2s
[Epoch 1435] loss=0.0474 miou=0.6123 f1=0.7309 time=58.2s
[Epoch 1436] loss=0.0477 miou=0.6108 f1=0.7308 time=58.2s
[Epoch 1437] loss=0.0448 miou=0.6015 f1=0.7244 time=58.1s
[Epoch 1438] loss=0.0478 miou=0.6079 f1=0.7290 time=58.2s
[Epoch 1439] loss=0.0478 miou=0.6102 f1=0.7303 time=58.0s
[Epoch 1440] loss=0.0485 miou=0.6062 f1=0.7265 time=58.0s
[Epoch 1441] loss=0.0465 miou=0.6046 f1=0.7266 time=58.3s
[Epoch 1442] loss=0.0477 miou=0.6047 f1=0.7263 time=58.1s
[Epoch 1443] loss=0.0485 miou=0.6108 f1=0.7312 time=58.0s
[Epoch 1444] loss=0.0514 miou=0.6165 f1=0.7359 time=57.8s
[Epoch 1445] loss=0.0507 miou=0.6150 f1=0.7333 time=57.9s
[Epoch 1446] loss=0.0473 miou=0.6036 f1=0.7249 time=58.2s
[Epoch 1447] loss=0.0466 miou=0.6055 f1=0.7266 time=57.9s
[Epoch 1448] loss=0.0469 miou=0.6091 f1=0.7284 time=57.8s
[Epoch 1449] loss=0.0453 miou=0.6034 f1=0.7256 time=58.2s
[Epoch 1450] loss=0.0444 miou=0.6102 f1=0.7316 time=58.2s
[Epoch 1451] loss=0.0457 miou=0.6017 f1=0.7241 time=58.2s
[Epoch 1452] loss=0.0436 miou=0.6143 f1=0.7340 time=58.2s
[Epoch 1453] loss=0.0481 miou=0.6081 f1=0.7286 time=58.2s
[Epoch 1454] loss=0.0470 miou=0.6102 f1=0.7294 time=58.1s
[Epoch 1455] loss=0.0482 miou=0.6080 f1=0.7290 time=58.2s
[Epoch 1456] loss=0.0474 miou=0.6111 f1=0.7321 time=58.2s
[Epoch 1457] loss=0.0517 miou=0.6126 f1=0.7349 time=58.1s
[Epoch 1458] loss=0.0480 miou=0.6195 f1=0.7391 time=58.3s
[Epoch 1459] loss=0.0454 miou=0.6148 f1=0.7361 time=58.2s
[Epoch 1460] loss=0.0482 miou=0.6161 f1=0.7379 time=58.2s
[Epoch 1461] loss=0.0452 miou=0.6112 f1=0.7313 time=58.2s
[Epoch 1462] loss=0.0463 miou=0.6123 f1=0.7329 time=58.0s
[Epoch 1463] loss=0.0457 miou=0.6027 f1=0.7250 time=58.2s
[Epoch 1464] loss=0.0459 miou=0.6126 f1=0.7339 time=58.2s
[Epoch 1465] loss=0.0445 miou=0.6171 f1=0.7376 time=58.0s
[Epoch 1466] loss=0.0473 miou=0.6119 f1=0.7331 time=58.2s
[Epoch 1467] loss=0.0441 miou=0.6134 f1=0.7322 time=58.2s
[Epoch 1468] loss=0.0479 miou=0.6111 f1=0.7317 time=58.2s
[Epoch 1469] loss=0.0519 miou=0.6211 f1=0.7398 time=58.2s
[Epoch 1470] loss=0.0460 miou=0.6127 f1=0.7336 time=58.1s
[Epoch 1471] loss=0.0460 miou=0.6105 f1=0.7309 time=58.1s
[Epoch 1472] loss=0.0461 miou=0.6193 f1=0.7410 time=58.2s
[Epoch 1473] loss=0.0440 miou=0.6200 f1=0.7403 time=58.3s
[Epoch 1474] loss=0.0485 miou=0.6026 f1=0.7253 time=58.1s
[Epoch 1475] loss=0.0502 miou=0.6044 f1=0.7251 time=58.2s
[Epoch 1476] loss=0.0506 miou=0.6140 f1=0.7332 time=58.2s
[Epoch 1477] loss=0.0483 miou=0.6144 f1=0.7361 time=58.1s
[Epoch 1478] loss=0.0531 miou=0.6129 f1=0.7328 time=58.2s
[Epoch 1479] loss=0.0549 miou=0.6057 f1=0.7266 time=58.2s
[Epoch 1480] loss=0.0501 miou=0.6087 f1=0.7307 time=58.2s
[Epoch 1481] loss=0.0469 miou=0.6085 f1=0.7309 time=58.3s
[Epoch 1482] loss=0.0504 miou=0.6242 f1=0.7434 time=58.2s
[Epoch 1483] loss=0.0540 miou=0.6140 f1=0.7352 time=58.2s
[Epoch 1484] loss=0.0497 miou=0.6206 f1=0.7408 time=58.2s
[Epoch 1485] loss=0.0518 miou=0.6132 f1=0.7310 time=58.1s
[Epoch 1486] loss=0.0475 miou=0.6089 f1=0.7302 time=58.1s
[Epoch 1487] loss=0.0513 miou=0.6240 f1=0.7416 time=58.1s
[Epoch 1488] loss=0.0468 miou=0.6205 f1=0.7402 time=58.1s
[Epoch 1489] loss=0.0470 miou=0.6221 f1=0.7417 time=58.3s
[Epoch 1490] loss=0.0507 miou=0.6220 f1=0.7389 time=58.3s
[Epoch 1491] loss=0.0482 miou=0.6219 f1=0.7424 time=58.4s
[Epoch 1492] loss=0.0494 miou=0.6226 f1=0.7397 time=58.1s
[Epoch 1493] loss=0.0521 miou=0.6156 f1=0.7357 time=58.1s
[Epoch 1494] loss=0.0498 miou=0.6086 f1=0.7316 time=58.2s
[Epoch 1495] loss=0.0474 miou=0.6152 f1=0.7361 time=58.0s
[Epoch 1496] loss=0.0429 miou=0.6178 f1=0.7373 time=58.1s
[Epoch 1497] loss=0.0448 miou=0.6198 f1=0.7394 time=58.1s
[Epoch 1498] loss=0.0448 miou=0.6106 f1=0.7321 time=58.1s
[Epoch 1499] loss=0.0461 miou=0.6131 f1=0.7336 time=58.1s
[Epoch 1500] loss=0.0429 miou=0.6120 f1=0.7353 time=58.1s
