nohup: ignoring input
Run directory: ./outputs_sam_sirst_hq/IRSTD-1k_model-vitt_size256_use_HQ_radial_encoder_bs4_e1000kp1_split-50_50_20250921_175044
[build_efficient_sam_hq] Partially loaded 253 tensors from baseline (278 scanned).
/home/bip/cry/anaconda3/lib/python3.9/site-packages/torch/cuda/__init__.py:611: UserWarning: Can't initialize NVML
  warnings.warn("Can't initialize NVML")
[Epoch 001] loss=0.8445 miou=0.4472 f1=0.5787 thr=0.35 time=32.1s
[Epoch 002] loss=0.4868 miou=0.4546 f1=0.5906 thr=0.35 time=30.7s
[Epoch 003] loss=0.4457 miou=0.5174 f1=0.6444 thr=0.35 time=30.6s
[Epoch 004] loss=0.4216 miou=0.5211 f1=0.6544 thr=0.35 time=30.7s
[Epoch 005] loss=0.4154 miou=0.5130 f1=0.6491 thr=0.35 time=30.6s
[Epoch 006] loss=0.4104 miou=0.5228 f1=0.6539 thr=0.35 time=30.7s
[Epoch 007] loss=0.4035 miou=0.5446 f1=0.6708 thr=0.35 time=30.8s
[Epoch 008] loss=0.3945 miou=0.5348 f1=0.6691 thr=0.35 time=30.8s
[Epoch 009] loss=0.3895 miou=0.5643 f1=0.6861 thr=0.35 time=31.0s
[Epoch 010] loss=0.3924 miou=0.5057 f1=0.6399 thr=0.35 time=30.6s
Unfroze at epoch 10: encoder + all heads.
[Epoch 011] loss=0.4006 miou=0.5729 f1=0.6986 thr=0.35 time=62.1s
[Epoch 012] loss=0.3676 miou=0.5957 f1=0.7213 thr=0.35 time=62.0s
[Epoch 013] loss=0.3310 miou=0.6068 f1=0.7265 thr=0.35 time=62.0s
[Epoch 014] loss=0.3357 miou=0.5474 f1=0.6734 thr=0.45 time=62.1s
[Epoch 015] loss=0.3343 miou=0.5914 f1=0.7122 thr=0.35 time=62.0s
[Epoch 016] loss=0.3120 miou=0.5875 f1=0.7123 thr=0.35 time=61.9s
[Epoch 017] loss=0.3130 miou=0.6146 f1=0.7389 thr=0.35 time=61.8s
[Epoch 018] loss=0.3071 miou=0.6035 f1=0.7289 thr=0.35 time=61.9s
[Epoch 019] loss=0.3074 miou=0.6458 f1=0.7560 thr=0.35 time=62.0s
[Epoch 020] loss=0.2912 miou=0.6137 f1=0.7370 thr=0.35 time=62.0s
[Epoch 021] loss=0.2982 miou=0.6155 f1=0.7348 thr=0.35 time=61.9s
[Epoch 022] loss=0.2855 miou=0.6622 f1=0.7720 thr=0.35 time=62.1s
[Epoch 023] loss=0.2819 miou=0.6294 f1=0.7476 thr=0.35 time=62.1s
[Epoch 024] loss=0.2743 miou=0.6322 f1=0.7458 thr=0.35 time=61.9s
[Epoch 025] loss=0.2778 miou=0.6542 f1=0.7662 thr=0.35 time=61.9s
[Epoch 026] loss=0.2886 miou=0.6555 f1=0.7671 thr=0.35 time=62.0s
[Epoch 027] loss=0.2783 miou=0.6498 f1=0.7625 thr=0.35 time=61.8s
[Epoch 028] loss=0.2724 miou=0.6521 f1=0.7663 thr=0.35 time=62.1s
[Epoch 029] loss=0.2664 miou=0.6378 f1=0.7552 thr=0.35 time=61.9s
[Epoch 030] loss=0.2621 miou=0.6626 f1=0.7722 thr=0.35 time=62.0s
[Epoch 031] loss=0.2602 miou=0.6228 f1=0.7424 thr=0.35 time=61.7s
[Epoch 032] loss=0.2622 miou=0.6500 f1=0.7649 thr=0.35 time=62.0s
[Epoch 033] loss=0.2740 miou=0.6339 f1=0.7515 thr=0.35 time=62.1s
[Epoch 034] loss=0.2745 miou=0.6487 f1=0.7611 thr=0.35 time=61.9s
[Epoch 035] loss=0.2563 miou=0.6604 f1=0.7697 thr=0.35 time=62.0s
[Epoch 036] loss=0.2589 miou=0.6598 f1=0.7677 thr=0.35 time=61.9s
[Epoch 037] loss=0.2544 miou=0.6444 f1=0.7583 thr=0.35 time=62.0s
[Epoch 038] loss=0.2549 miou=0.6448 f1=0.7575 thr=0.35 time=62.0s
[Epoch 039] loss=0.2601 miou=0.6546 f1=0.7624 thr=0.35 time=62.0s
[Epoch 040] loss=0.2640 miou=0.6647 f1=0.7727 thr=0.35 time=62.0s
[Epoch 041] loss=0.2560 miou=0.6594 f1=0.7648 thr=0.35 time=62.0s
[Epoch 042] loss=0.2770 miou=0.6200 f1=0.7345 thr=0.35 time=62.0s
[Epoch 043] loss=12.7061 miou=0.5969 f1=0.7108 thr=0.35 time=61.8s
[Epoch 044] loss=27.2343 miou=0.6087 f1=0.7203 thr=0.35 time=62.1s
[Epoch 045] loss=0.2860 miou=0.6456 f1=0.7619 thr=0.35 time=61.8s
[Epoch 046] loss=0.2736 miou=0.6199 f1=0.7327 thr=0.35 time=62.1s
[Epoch 047] loss=0.2664 miou=0.6480 f1=0.7646 thr=0.35 time=62.0s
[Epoch 048] loss=0.2642 miou=0.6429 f1=0.7540 thr=0.35 time=61.8s
[Epoch 049] loss=0.2545 miou=0.6489 f1=0.7633 thr=0.35 time=62.0s
[Epoch 050] loss=0.2509 miou=0.6413 f1=0.7595 thr=0.35 time=61.9s
[Epoch 051] loss=0.2541 miou=0.6414 f1=0.7565 thr=0.35 time=61.9s
[Epoch 052] loss=0.2535 miou=0.6554 f1=0.7650 thr=0.35 time=62.0s
[Epoch 053] loss=0.2473 miou=0.6720 f1=0.7791 thr=0.35 time=61.9s
[Epoch 054] loss=0.2348 miou=0.6564 f1=0.7689 thr=0.35 time=62.1s
[Epoch 055] loss=0.2436 miou=0.6643 f1=0.7736 thr=0.35 time=62.0s
[Epoch 056] loss=0.2392 miou=0.6492 f1=0.7663 thr=0.35 time=62.0s
[Epoch 057] loss=0.2450 miou=0.6624 f1=0.7710 thr=0.35 time=61.9s
[Epoch 058] loss=0.2383 miou=0.6678 f1=0.7753 thr=0.35 time=61.7s
[Epoch 059] loss=0.2313 miou=0.6430 f1=0.7610 thr=0.35 time=62.0s
[Epoch 060] loss=0.2315 miou=0.6501 f1=0.7627 thr=0.35 time=61.6s
[Epoch 061] loss=0.2405 miou=0.6620 f1=0.7721 thr=0.35 time=61.6s
[Epoch 062] loss=0.2397 miou=0.6596 f1=0.7674 thr=0.35 time=61.9s
[Epoch 063] loss=0.2337 miou=0.6633 f1=0.7741 thr=0.35 time=62.0s
[Epoch 064] loss=0.2356 miou=0.6548 f1=0.7647 thr=0.35 time=61.9s
[Epoch 065] loss=0.2346 miou=0.6533 f1=0.7626 thr=0.35 time=61.8s
[Epoch 066] loss=0.2356 miou=0.6732 f1=0.7793 thr=0.35 time=62.0s
[Epoch 067] loss=0.2344 miou=0.6618 f1=0.7754 thr=0.35 time=61.9s
[Epoch 068] loss=0.2316 miou=0.6623 f1=0.7705 thr=0.35 time=61.9s
[Epoch 069] loss=0.2280 miou=0.6499 f1=0.7640 thr=0.35 time=61.7s
[Epoch 070] loss=0.2343 miou=0.6431 f1=0.7580 thr=0.35 time=61.8s
[Epoch 071] loss=0.2322 miou=0.6590 f1=0.7713 thr=0.35 time=61.9s
[Epoch 072] loss=0.2289 miou=0.6535 f1=0.7659 thr=0.35 time=61.8s
[Epoch 073] loss=0.2244 miou=0.6651 f1=0.7726 thr=0.35 time=61.8s
[Epoch 074] loss=0.2236 miou=0.6631 f1=0.7725 thr=0.35 time=61.7s
[Epoch 075] loss=0.2279 miou=0.6435 f1=0.7624 thr=0.35 time=61.7s
[Epoch 076] loss=0.2188 miou=0.6808 f1=0.7871 thr=0.35 time=61.7s
[Epoch 077] loss=0.2359 miou=0.6646 f1=0.7741 thr=0.35 time=62.2s
[Epoch 078] loss=0.2231 miou=0.6531 f1=0.7698 thr=0.35 time=62.0s
[Epoch 079] loss=0.2387 miou=0.6701 f1=0.7805 thr=0.55 time=61.9s
[Epoch 080] loss=0.2180 miou=0.6647 f1=0.7753 thr=0.35 time=62.2s
[Epoch 081] loss=0.2278 miou=0.6798 f1=0.7853 thr=0.35 time=62.2s
[Epoch 082] loss=0.2319 miou=0.6646 f1=0.7766 thr=0.35 time=61.9s
[Epoch 083] loss=0.2277 miou=0.6433 f1=0.7586 thr=0.35 time=62.1s
[Epoch 084] loss=0.2240 miou=0.6666 f1=0.7770 thr=0.35 time=62.1s
[Epoch 085] loss=0.2215 miou=0.6555 f1=0.7674 thr=0.35 time=62.3s
[Epoch 086] loss=0.2292 miou=0.6647 f1=0.7727 thr=0.35 time=62.0s
[Epoch 087] loss=0.2211 miou=0.6678 f1=0.7762 thr=0.35 time=62.2s
[Epoch 088] loss=0.2222 miou=0.6593 f1=0.7705 thr=0.35 time=62.0s
[Epoch 089] loss=0.2292 miou=0.6595 f1=0.7690 thr=0.35 time=62.2s
[Epoch 090] loss=0.2223 miou=0.6629 f1=0.7733 thr=0.35 time=62.1s
[Epoch 091] loss=0.2129 miou=0.6637 f1=0.7727 thr=0.35 time=62.1s
[Epoch 092] loss=0.2117 miou=0.6583 f1=0.7692 thr=0.35 time=62.3s
[Epoch 093] loss=0.2107 miou=0.6784 f1=0.7837 thr=0.35 time=62.3s
[Epoch 094] loss=0.2110 miou=0.6583 f1=0.7666 thr=0.35 time=62.2s
[Epoch 095] loss=0.2151 miou=0.6733 f1=0.7780 thr=0.35 time=62.3s
[Epoch 096] loss=0.2147 miou=0.6516 f1=0.7599 thr=0.35 time=62.2s
[Epoch 097] loss=0.2223 miou=0.6588 f1=0.7655 thr=0.35 time=62.4s
[Epoch 098] loss=0.2090 miou=0.6762 f1=0.7796 thr=0.35 time=62.3s
[Epoch 099] loss=0.2140 miou=0.6753 f1=0.7811 thr=0.35 time=62.3s
[Epoch 100] loss=0.2111 miou=0.6619 f1=0.7734 thr=0.35 time=62.2s
[Epoch 101] loss=0.2127 miou=0.6708 f1=0.7757 thr=0.35 time=62.1s
[Epoch 102] loss=0.2166 miou=0.6652 f1=0.7733 thr=0.35 time=62.1s
[Epoch 103] loss=0.2191 miou=0.6612 f1=0.7717 thr=0.35 time=62.3s
[Epoch 104] loss=0.2250 miou=0.6325 f1=0.7469 thr=0.35 time=62.2s
[Epoch 105] loss=0.2120 miou=0.6594 f1=0.7684 thr=0.35 time=62.5s
[Epoch 106] loss=0.2080 miou=0.6595 f1=0.7685 thr=0.35 time=62.7s
[Epoch 107] loss=0.2079 miou=0.6582 f1=0.7669 thr=0.35 time=62.3s
[Epoch 108] loss=0.2069 miou=0.6671 f1=0.7723 thr=0.35 time=62.3s
[Epoch 109] loss=0.2099 miou=0.6614 f1=0.7687 thr=0.35 time=62.0s
[Epoch 110] loss=0.2088 miou=0.6708 f1=0.7773 thr=0.35 time=62.1s
[Epoch 111] loss=0.2027 miou=0.6694 f1=0.7719 thr=0.35 time=61.9s
[Epoch 112] loss=0.2036 miou=0.6704 f1=0.7807 thr=0.35 time=62.1s
[Epoch 113] loss=0.2044 miou=0.6601 f1=0.7692 thr=0.35 time=62.0s
[Epoch 114] loss=0.2086 miou=0.6650 f1=0.7707 thr=0.35 time=62.0s
[Epoch 115] loss=0.2084 miou=0.6794 f1=0.7824 thr=0.35 time=61.9s
[Epoch 116] loss=0.2095 miou=0.6490 f1=0.7610 thr=0.35 time=61.9s
[Epoch 117] loss=0.2097 miou=0.6688 f1=0.7779 thr=0.35 time=62.1s
[Epoch 118] loss=0.2090 miou=0.6596 f1=0.7681 thr=0.35 time=62.1s
[Epoch 119] loss=0.2050 miou=0.6616 f1=0.7728 thr=0.35 time=62.1s
[Epoch 120] loss=0.2172 miou=0.6436 f1=0.7584 thr=0.35 time=62.0s
[Epoch 121] loss=0.2141 miou=0.6446 f1=0.7567 thr=0.35 time=61.9s
[Epoch 122] loss=0.2110 miou=0.6684 f1=0.7772 thr=0.35 time=62.0s
[Epoch 123] loss=0.1949 miou=0.6513 f1=0.7625 thr=0.35 time=62.2s
[Epoch 124] loss=0.1983 miou=0.6625 f1=0.7724 thr=0.35 time=62.1s
[Epoch 125] loss=0.1967 miou=0.6751 f1=0.7819 thr=0.35 time=62.1s
[Epoch 126] loss=0.1996 miou=0.6611 f1=0.7714 thr=0.35 time=62.1s
[Epoch 127] loss=0.1934 miou=0.6660 f1=0.7720 thr=0.35 time=62.1s
[Epoch 128] loss=0.1933 miou=0.6640 f1=0.7730 thr=0.35 time=61.8s
[Epoch 129] loss=0.1944 miou=0.6528 f1=0.7650 thr=0.35 time=62.0s
[Epoch 130] loss=0.1934 miou=0.6621 f1=0.7690 thr=0.35 time=62.0s
[Epoch 131] loss=0.2101 miou=0.6553 f1=0.7643 thr=0.35 time=61.9s
[Epoch 132] loss=0.2009 miou=0.6657 f1=0.7742 thr=0.35 time=61.9s
[Epoch 133] loss=0.1905 miou=0.6643 f1=0.7732 thr=0.35 time=61.9s
[Epoch 134] loss=0.1934 miou=0.6663 f1=0.7735 thr=0.35 time=61.8s
[Epoch 135] loss=0.1942 miou=0.6711 f1=0.7755 thr=0.35 time=61.8s
[Epoch 136] loss=0.1968 miou=0.6627 f1=0.7681 thr=0.35 time=62.1s
[Epoch 137] loss=0.1934 miou=0.6701 f1=0.7759 thr=0.35 time=61.9s
[Epoch 138] loss=0.1954 miou=0.6647 f1=0.7716 thr=0.35 time=61.8s
[Epoch 139] loss=0.2008 miou=0.6523 f1=0.7620 thr=0.35 time=61.8s
[Epoch 140] loss=0.2082 miou=0.6473 f1=0.7570 thr=0.35 time=61.9s
[Epoch 141] loss=0.1976 miou=0.6475 f1=0.7571 thr=0.35 time=61.8s
[Epoch 142] loss=0.1952 miou=0.6535 f1=0.7606 thr=0.35 time=62.0s
[Epoch 143] loss=0.2062 miou=0.6510 f1=0.7612 thr=0.35 time=61.7s
[Epoch 144] loss=0.1968 miou=0.6667 f1=0.7732 thr=0.35 time=61.8s
[Epoch 145] loss=0.1928 miou=0.6542 f1=0.7657 thr=0.35 time=61.9s
[Epoch 146] loss=0.1922 miou=0.6609 f1=0.7694 thr=0.35 time=62.1s
[Epoch 147] loss=0.2078 miou=0.6595 f1=0.7644 thr=0.55 time=62.0s
[Epoch 148] loss=0.2006 miou=0.6662 f1=0.7755 thr=0.35 time=62.1s
[Epoch 149] loss=0.1949 miou=0.6713 f1=0.7782 thr=0.35 time=62.1s
[Epoch 150] loss=0.1868 miou=0.6517 f1=0.7607 thr=0.35 time=62.1s
[Epoch 151] loss=0.1936 miou=0.6628 f1=0.7700 thr=0.35 time=61.9s
[Epoch 152] loss=0.1860 miou=0.6568 f1=0.7678 thr=0.50 time=61.7s
[Epoch 153] loss=0.1890 miou=0.6738 f1=0.7803 thr=0.35 time=61.7s
[Epoch 154] loss=0.1811 miou=0.6457 f1=0.7565 thr=0.35 time=61.6s
[Epoch 155] loss=0.1918 miou=0.6365 f1=0.7496 thr=0.35 time=61.6s
[Epoch 156] loss=0.1947 miou=0.6515 f1=0.7584 thr=0.35 time=61.9s
[Epoch 157] loss=0.1832 miou=0.6447 f1=0.7583 thr=0.35 time=61.8s
[Epoch 158] loss=0.1889 miou=0.6501 f1=0.7570 thr=0.35 time=62.1s
[Epoch 159] loss=0.1938 miou=0.6444 f1=0.7568 thr=0.35 time=62.0s
[Epoch 160] loss=0.1881 miou=0.6522 f1=0.7588 thr=0.35 time=62.3s
[Epoch 161] loss=0.1842 miou=0.6477 f1=0.7585 thr=0.35 time=61.8s
[Epoch 162] loss=0.1896 miou=0.6710 f1=0.7742 thr=0.35 time=62.1s
[Epoch 163] loss=0.1906 miou=0.6372 f1=0.7500 thr=0.35 time=62.0s
[Epoch 164] loss=0.1938 miou=0.6486 f1=0.7610 thr=0.35 time=62.0s
[Epoch 165] loss=0.1956 miou=0.6542 f1=0.7661 thr=0.35 time=61.8s
[Epoch 166] loss=0.1935 miou=0.6515 f1=0.7572 thr=0.35 time=61.9s
[Epoch 167] loss=0.1901 miou=0.6714 f1=0.7762 thr=0.35 time=61.8s
[Epoch 168] loss=0.1754 miou=0.6647 f1=0.7681 thr=0.35 time=61.9s
[Epoch 169] loss=0.1688 miou=0.6679 f1=0.7730 thr=0.35 time=61.9s
[Epoch 170] loss=0.1701 miou=0.6646 f1=0.7708 thr=0.35 time=62.0s
[Epoch 171] loss=0.1792 miou=0.6546 f1=0.7609 thr=0.35 time=61.9s
[Epoch 172] loss=0.1917 miou=0.6701 f1=0.7717 thr=0.40 time=61.9s
[Epoch 173] loss=0.1783 miou=0.6626 f1=0.7703 thr=0.35 time=62.1s
[Epoch 174] loss=0.1832 miou=0.6589 f1=0.7649 thr=0.45 time=62.0s
[Epoch 175] loss=0.1789 miou=0.6541 f1=0.7624 thr=0.35 time=62.0s
[Epoch 176] loss=0.1814 miou=0.6601 f1=0.7678 thr=0.40 time=61.9s
[Epoch 177] loss=0.1867 miou=0.6584 f1=0.7675 thr=0.35 time=61.9s
[Epoch 178] loss=0.1821 miou=0.6636 f1=0.7713 thr=0.35 time=62.0s
[Epoch 179] loss=0.1760 miou=0.6635 f1=0.7713 thr=0.35 time=61.9s
[Epoch 180] loss=0.1756 miou=0.6600 f1=0.7676 thr=0.35 time=62.1s
[Epoch 181] loss=0.1775 miou=0.6474 f1=0.7578 thr=0.35 time=62.0s
[Epoch 182] loss=0.1791 miou=0.6517 f1=0.7591 thr=0.35 time=61.9s
[Epoch 183] loss=0.1768 miou=0.6576 f1=0.7686 thr=0.35 time=62.0s
[Epoch 184] loss=0.1744 miou=0.6562 f1=0.7631 thr=0.35 time=62.1s
[Epoch 185] loss=0.1746 miou=0.6676 f1=0.7758 thr=0.35 time=62.0s
[Epoch 186] loss=0.1755 miou=0.6577 f1=0.7653 thr=0.35 time=62.0s
[Epoch 187] loss=0.1687 miou=0.6583 f1=0.7662 thr=0.35 time=61.9s
[Epoch 188] loss=0.1625 miou=0.6659 f1=0.7695 thr=0.50 time=62.3s
[Epoch 189] loss=0.1740 miou=0.6736 f1=0.7785 thr=0.35 time=62.1s
[Epoch 190] loss=0.1666 miou=0.6572 f1=0.7647 thr=0.45 time=62.0s
[Epoch 191] loss=0.1695 miou=0.6643 f1=0.7681 thr=0.35 time=62.1s
[Epoch 192] loss=0.1748 miou=0.6528 f1=0.7579 thr=0.35 time=61.9s
[Epoch 193] loss=0.1707 miou=0.6552 f1=0.7649 thr=0.35 time=62.0s
[Epoch 194] loss=0.1727 miou=0.6604 f1=0.7676 thr=0.35 time=61.8s
[Epoch 195] loss=0.1797 miou=0.6545 f1=0.7657 thr=0.35 time=62.0s
[Epoch 196] loss=0.1757 miou=0.6404 f1=0.7472 thr=0.35 time=62.0s
[Epoch 197] loss=0.1774 miou=0.6501 f1=0.7594 thr=0.35 time=62.0s
[Epoch 198] loss=0.1814 miou=0.6596 f1=0.7665 thr=0.35 time=61.9s
[Epoch 199] loss=0.1806 miou=0.6470 f1=0.7567 thr=0.35 time=61.9s
[Epoch 200] loss=0.1662 miou=0.6588 f1=0.7674 thr=0.35 time=61.9s
[Epoch 201] loss=0.1706 miou=0.6552 f1=0.7615 thr=0.35 time=61.8s
[Epoch 202] loss=0.1697 miou=0.6487 f1=0.7556 thr=0.35 time=61.9s
[Epoch 203] loss=0.1747 miou=0.6323 f1=0.7459 thr=0.35 time=61.8s
[Epoch 204] loss=0.1700 miou=0.6484 f1=0.7605 thr=0.35 time=62.0s
[Epoch 205] loss=0.1618 miou=0.6526 f1=0.7635 thr=0.35 time=61.7s
[Epoch 206] loss=0.1687 miou=0.6512 f1=0.7593 thr=0.35 time=62.0s
[Epoch 207] loss=37.3181 miou=0.4958 f1=0.6149 thr=0.55 time=61.8s
[Epoch 208] loss=0.3042 miou=0.6187 f1=0.7351 thr=0.35 time=61.8s
[Epoch 209] loss=0.2290 miou=0.6353 f1=0.7505 thr=0.35 time=61.8s
[Epoch 210] loss=0.2110 miou=0.6398 f1=0.7526 thr=0.35 time=61.8s
[Epoch 211] loss=0.1865 miou=0.6624 f1=0.7690 thr=0.35 time=61.7s
[Epoch 212] loss=0.1786 miou=0.6551 f1=0.7641 thr=0.55 time=61.8s
[Epoch 213] loss=0.1760 miou=0.6543 f1=0.7636 thr=0.35 time=61.6s
[Epoch 214] loss=0.1639 miou=0.6586 f1=0.7670 thr=0.35 time=61.8s
[Epoch 215] loss=0.1616 miou=0.6601 f1=0.7679 thr=0.35 time=61.7s
[Epoch 216] loss=0.1584 miou=0.6532 f1=0.7629 thr=0.35 time=61.8s
[Epoch 217] loss=0.1556 miou=0.6612 f1=0.7707 thr=0.35 time=61.8s
[Epoch 218] loss=0.1522 miou=0.6669 f1=0.7733 thr=0.35 time=61.8s
[Epoch 219] loss=0.1549 miou=0.6659 f1=0.7723 thr=0.35 time=61.9s
[Epoch 220] loss=0.1484 miou=0.6572 f1=0.7670 thr=0.35 time=61.7s
[Epoch 221] loss=0.1496 miou=0.6538 f1=0.7622 thr=0.40 time=61.8s
[Epoch 222] loss=0.1532 miou=0.6533 f1=0.7639 thr=0.55 time=61.9s
[Epoch 223] loss=0.1464 miou=0.6653 f1=0.7713 thr=0.35 time=62.0s
[Epoch 224] loss=0.1491 miou=0.6563 f1=0.7667 thr=0.35 time=61.7s
[Epoch 225] loss=0.1434 miou=0.6530 f1=0.7608 thr=0.35 time=62.1s
[Epoch 226] loss=0.1549 miou=0.6619 f1=0.7657 thr=0.35 time=61.8s
[Epoch 227] loss=0.1514 miou=0.6422 f1=0.7507 thr=0.35 time=61.7s
[Epoch 228] loss=0.1508 miou=0.6595 f1=0.7636 thr=0.35 time=61.7s
[Epoch 229] loss=0.1435 miou=0.6555 f1=0.7630 thr=0.35 time=61.7s
[Epoch 230] loss=0.1520 miou=0.6594 f1=0.7646 thr=0.35 time=61.7s
[Epoch 231] loss=0.1415 miou=0.6639 f1=0.7694 thr=0.35 time=62.1s
[Epoch 232] loss=0.1505 miou=0.6641 f1=0.7711 thr=0.35 time=62.0s
[Epoch 233] loss=0.1435 miou=0.6662 f1=0.7744 thr=0.35 time=61.9s
[Epoch 234] loss=0.1565 miou=0.6609 f1=0.7698 thr=0.35 time=61.9s
[Epoch 235] loss=0.1613 miou=0.6580 f1=0.7691 thr=0.35 time=61.8s
[Epoch 236] loss=0.1591 miou=0.6601 f1=0.7691 thr=0.35 time=61.7s
[Epoch 237] loss=0.1474 miou=0.6597 f1=0.7687 thr=0.35 time=61.9s
[Epoch 238] loss=0.1512 miou=0.6600 f1=0.7676 thr=0.35 time=61.9s
[Epoch 239] loss=0.1546 miou=0.6551 f1=0.7660 thr=0.45 time=62.0s
[Epoch 240] loss=0.1612 miou=0.6593 f1=0.7677 thr=0.35 time=61.8s
[Epoch 241] loss=0.1532 miou=0.6430 f1=0.7569 thr=0.35 time=61.9s
[Epoch 242] loss=0.1496 miou=0.6633 f1=0.7717 thr=0.35 time=61.8s
[Epoch 243] loss=0.1503 miou=0.6592 f1=0.7679 thr=0.35 time=61.8s
[Epoch 244] loss=0.1525 miou=0.6620 f1=0.7690 thr=0.35 time=62.0s
[Epoch 245] loss=0.1519 miou=0.6514 f1=0.7607 thr=0.35 time=61.8s
[Epoch 246] loss=0.1533 miou=0.6586 f1=0.7632 thr=0.35 time=61.9s
[Epoch 247] loss=0.1554 miou=0.6553 f1=0.7649 thr=0.35 time=61.8s
[Epoch 248] loss=0.1493 miou=0.6603 f1=0.7688 thr=0.55 time=61.9s
[Epoch 249] loss=0.1414 miou=0.6635 f1=0.7699 thr=0.35 time=61.9s
[Epoch 250] loss=0.1464 miou=0.6631 f1=0.7689 thr=0.35 time=61.8s
[Epoch 251] loss=0.1529 miou=0.6508 f1=0.7614 thr=0.40 time=61.9s
[Epoch 252] loss=0.1548 miou=0.6560 f1=0.7659 thr=0.35 time=61.9s
[Epoch 253] loss=0.1457 miou=0.6600 f1=0.7651 thr=0.35 time=62.0s
[Epoch 254] loss=0.1565 miou=0.6515 f1=0.7639 thr=0.35 time=61.8s
[Epoch 255] loss=0.1599 miou=0.6465 f1=0.7588 thr=0.35 time=61.9s
[Epoch 256] loss=0.1616 miou=0.6499 f1=0.7583 thr=0.35 time=62.0s
[Epoch 257] loss=0.1526 miou=0.6551 f1=0.7638 thr=0.35 time=61.9s
[Epoch 258] loss=0.1587 miou=0.6443 f1=0.7526 thr=0.35 time=61.9s
[Epoch 259] loss=0.1553 miou=0.6556 f1=0.7628 thr=0.45 time=62.0s
[Epoch 260] loss=0.1488 miou=0.6540 f1=0.7610 thr=0.35 time=61.9s
[Epoch 261] loss=0.1478 miou=0.6573 f1=0.7623 thr=0.35 time=61.9s
[Epoch 262] loss=0.1493 miou=0.6569 f1=0.7632 thr=0.35 time=61.9s
[Epoch 263] loss=0.1657 miou=0.6542 f1=0.7623 thr=0.35 time=61.8s
[Epoch 264] loss=0.1644 miou=0.6429 f1=0.7522 thr=0.35 time=61.9s
[Epoch 265] loss=0.1496 miou=0.6562 f1=0.7614 thr=0.35 time=61.9s
[Epoch 266] loss=0.1495 miou=0.6535 f1=0.7602 thr=0.35 time=61.9s
[Epoch 267] loss=0.1558 miou=0.6587 f1=0.7672 thr=0.35 time=62.0s
[Epoch 268] loss=0.1552 miou=0.6449 f1=0.7546 thr=0.35 time=61.8s
[Epoch 269] loss=0.1463 miou=0.6533 f1=0.7589 thr=0.35 time=62.4s
[Epoch 270] loss=0.1459 miou=0.6607 f1=0.7670 thr=0.35 time=62.2s
[Epoch 271] loss=0.1440 miou=0.6748 f1=0.7792 thr=0.35 time=62.3s
[Epoch 272] loss=0.1506 miou=0.6665 f1=0.7714 thr=0.35 time=61.8s
[Epoch 273] loss=0.1521 miou=0.6601 f1=0.7686 thr=0.35 time=61.9s
[Epoch 274] loss=0.1508 miou=0.6562 f1=0.7635 thr=0.35 time=61.9s
[Epoch 275] loss=0.1456 miou=0.6421 f1=0.7520 thr=0.55 time=61.7s
[Epoch 276] loss=0.1557 miou=0.6585 f1=0.7641 thr=0.35 time=61.8s
[Epoch 277] loss=0.1547 miou=0.6649 f1=0.7708 thr=0.35 time=61.6s
[Epoch 278] loss=0.1490 miou=0.6688 f1=0.7736 thr=0.35 time=61.6s
[Epoch 279] loss=0.1477 miou=0.6609 f1=0.7699 thr=0.35 time=62.1s
[Epoch 280] loss=0.1510 miou=0.6515 f1=0.7615 thr=0.35 time=61.9s
[Epoch 281] loss=0.1574 miou=0.6429 f1=0.7536 thr=0.35 time=61.9s
[Epoch 282] loss=0.1478 miou=0.6639 f1=0.7697 thr=0.35 time=62.0s
[Epoch 283] loss=0.1531 miou=0.6564 f1=0.7651 thr=0.35 time=61.9s
[Epoch 284] loss=0.1427 miou=0.6689 f1=0.7733 thr=0.35 time=61.8s
[Epoch 285] loss=0.1458 miou=0.6564 f1=0.7675 thr=0.35 time=62.1s
[Epoch 286] loss=0.1389 miou=0.6422 f1=0.7547 thr=0.35 time=61.8s
[Epoch 287] loss=0.1490 miou=0.6669 f1=0.7738 thr=0.35 time=62.0s
[Epoch 288] loss=0.1448 miou=0.6590 f1=0.7677 thr=0.35 time=61.9s
[Epoch 289] loss=0.1438 miou=0.6650 f1=0.7727 thr=0.35 time=61.8s
[Epoch 290] loss=0.1489 miou=0.6427 f1=0.7525 thr=0.35 time=61.7s
[Epoch 291] loss=0.1468 miou=0.6709 f1=0.7780 thr=0.50 time=61.8s
[Epoch 292] loss=0.1431 miou=0.6511 f1=0.7613 thr=0.35 time=61.8s
[Epoch 293] loss=0.1522 miou=0.6617 f1=0.7672 thr=0.35 time=61.7s
[Epoch 294] loss=0.1416 miou=0.6699 f1=0.7735 thr=0.35 time=61.7s
[Epoch 295] loss=0.1398 miou=0.6750 f1=0.7798 thr=0.35 time=61.8s
[Epoch 296] loss=0.1366 miou=0.6670 f1=0.7735 thr=0.50 time=61.7s
[Epoch 297] loss=0.1425 miou=0.6597 f1=0.7655 thr=0.45 time=61.8s
[Epoch 298] loss=0.1520 miou=0.6570 f1=0.7656 thr=0.35 time=61.8s
[Epoch 299] loss=0.1386 miou=0.6612 f1=0.7680 thr=0.35 time=61.8s
[Epoch 300] loss=0.1327 miou=0.6596 f1=0.7657 thr=0.50 time=61.7s
[Epoch 301] loss=0.1392 miou=0.6498 f1=0.7609 thr=0.35 time=61.8s
[Epoch 302] loss=0.1484 miou=0.6565 f1=0.7626 thr=0.35 time=61.9s
[Epoch 303] loss=0.1463 miou=0.6670 f1=0.7711 thr=0.35 time=61.9s
[Epoch 304] loss=0.1380 miou=0.6480 f1=0.7571 thr=0.35 time=61.9s
[Epoch 305] loss=0.1366 miou=0.6625 f1=0.7699 thr=0.35 time=62.0s
[Epoch 306] loss=0.1378 miou=0.6483 f1=0.7559 thr=0.35 time=61.7s
[Epoch 307] loss=0.1771 miou=0.6286 f1=0.7446 thr=0.35 time=61.7s
[Epoch 308] loss=0.1712 miou=0.6438 f1=0.7534 thr=0.35 time=61.6s
[Epoch 309] loss=0.1476 miou=0.6442 f1=0.7522 thr=0.35 time=61.6s
[Epoch 310] loss=0.1368 miou=0.6539 f1=0.7602 thr=0.35 time=61.7s
[Epoch 311] loss=0.1363 miou=0.6548 f1=0.7597 thr=0.35 time=61.8s
[Epoch 312] loss=0.1445 miou=0.6581 f1=0.7646 thr=0.35 time=61.7s
[Epoch 313] loss=0.1355 miou=0.6293 f1=0.7419 thr=0.35 time=61.9s
[Epoch 314] loss=0.1384 miou=0.6467 f1=0.7538 thr=0.45 time=62.0s
[Epoch 315] loss=0.1401 miou=0.6585 f1=0.7655 thr=0.35 time=61.9s
[Epoch 316] loss=0.1319 miou=0.6636 f1=0.7677 thr=0.35 time=61.7s
[Epoch 317] loss=0.1517 miou=0.6283 f1=0.7413 thr=0.35 time=61.9s
[Epoch 318] loss=0.1555 miou=0.6469 f1=0.7573 thr=0.35 time=61.7s
[Epoch 319] loss=0.1439 miou=0.6341 f1=0.7434 thr=0.35 time=61.8s
[Epoch 320] loss=4.7965 miou=0.6145 f1=0.7310 thr=0.35 time=61.7s
[Epoch 321] loss=0.1917 miou=0.6395 f1=0.7497 thr=0.35 time=61.9s
[Epoch 322] loss=0.1708 miou=0.6343 f1=0.7466 thr=0.35 time=61.7s
[Epoch 323] loss=0.1632 miou=0.6419 f1=0.7490 thr=0.35 time=61.7s
[Epoch 324] loss=0.1633 miou=0.6407 f1=0.7486 thr=0.35 time=61.8s
[Epoch 325] loss=0.1638 miou=0.6441 f1=0.7552 thr=0.35 time=61.9s
[Epoch 326] loss=0.1547 miou=0.6318 f1=0.7532 thr=0.35 time=61.8s
[Epoch 327] loss=0.1581 miou=0.6446 f1=0.7553 thr=0.35 time=61.7s
[Epoch 328] loss=0.1568 miou=0.6393 f1=0.7504 thr=0.35 time=61.7s
[Epoch 329] loss=0.1483 miou=0.6338 f1=0.7484 thr=0.35 time=61.7s
[Epoch 330] loss=0.1498 miou=0.6510 f1=0.7617 thr=0.35 time=61.7s
[Epoch 331] loss=0.1402 miou=0.6459 f1=0.7546 thr=0.45 time=61.8s
[Epoch 332] loss=0.1378 miou=0.6544 f1=0.7625 thr=0.35 time=61.8s
[Epoch 333] loss=0.1394 miou=0.6550 f1=0.7644 thr=0.35 time=61.9s
[Epoch 334] loss=0.1313 miou=0.6442 f1=0.7547 thr=0.35 time=61.8s
[Epoch 335] loss=0.1283 miou=0.6501 f1=0.7607 thr=0.35 time=61.8s
[Epoch 336] loss=0.1342 miou=0.6599 f1=0.7668 thr=0.35 time=61.8s
[Epoch 337] loss=0.1277 miou=0.6472 f1=0.7542 thr=0.55 time=61.9s
[Epoch 338] loss=0.1275 miou=0.6445 f1=0.7552 thr=0.55 time=61.7s
[Epoch 339] loss=0.1286 miou=0.6499 f1=0.7577 thr=0.35 time=61.9s
[Epoch 340] loss=0.1293 miou=0.6485 f1=0.7613 thr=0.35 time=61.9s
[Epoch 341] loss=0.1272 miou=0.6470 f1=0.7539 thr=0.35 time=61.9s
[Epoch 342] loss=0.1289 miou=0.6630 f1=0.7705 thr=0.35 time=61.9s
[Epoch 343] loss=0.1210 miou=0.6670 f1=0.7745 thr=0.35 time=61.8s
[Epoch 344] loss=0.1260 miou=0.6553 f1=0.7640 thr=0.35 time=61.9s
[Epoch 345] loss=0.1271 miou=0.6616 f1=0.7697 thr=0.35 time=61.9s
[Epoch 346] loss=0.1274 miou=0.6512 f1=0.7652 thr=0.35 time=61.9s
[Epoch 347] loss=0.1256 miou=0.6617 f1=0.7693 thr=0.35 time=62.0s
[Epoch 348] loss=0.1294 miou=0.6495 f1=0.7610 thr=0.35 time=61.9s
[Epoch 349] loss=0.1279 miou=0.6636 f1=0.7703 thr=0.35 time=61.8s
[Epoch 350] loss=0.1258 miou=0.6572 f1=0.7655 thr=0.35 time=61.8s
[Epoch 351] loss=0.1277 miou=0.6649 f1=0.7729 thr=0.35 time=62.1s
[Epoch 352] loss=0.1352 miou=0.6430 f1=0.7550 thr=0.45 time=61.9s
[Epoch 353] loss=0.1304 miou=0.6443 f1=0.7552 thr=0.35 time=61.9s
[Epoch 354] loss=0.1333 miou=0.6480 f1=0.7569 thr=0.35 time=61.8s
[Epoch 355] loss=0.1314 miou=0.6529 f1=0.7602 thr=0.35 time=61.8s
[Epoch 356] loss=0.1284 miou=0.6527 f1=0.7623 thr=0.35 time=61.9s
[Epoch 357] loss=0.1240 miou=0.6530 f1=0.7618 thr=0.35 time=61.9s
[Epoch 358] loss=0.1250 miou=0.6345 f1=0.7479 thr=0.35 time=61.7s
[Epoch 359] loss=0.1263 miou=0.6462 f1=0.7591 thr=0.35 time=61.7s
[Epoch 360] loss=0.1246 miou=0.6503 f1=0.7602 thr=0.35 time=61.8s
[Epoch 361] loss=0.1212 miou=0.6664 f1=0.7745 thr=0.35 time=61.8s
[Epoch 362] loss=0.1218 miou=0.6755 f1=0.7801 thr=0.35 time=62.0s
[Epoch 363] loss=0.1237 miou=0.6591 f1=0.7668 thr=0.40 time=61.8s
[Epoch 364] loss=0.1367 miou=0.6569 f1=0.7664 thr=0.35 time=61.7s
[Epoch 365] loss=0.1287 miou=0.6601 f1=0.7682 thr=0.35 time=61.9s
[Epoch 366] loss=0.1255 miou=0.6752 f1=0.7800 thr=0.50 time=61.7s
[Epoch 367] loss=0.1291 miou=0.6647 f1=0.7710 thr=0.35 time=61.8s
[Epoch 368] loss=0.1251 miou=0.6528 f1=0.7632 thr=0.35 time=62.0s
[Epoch 369] loss=0.1253 miou=0.6430 f1=0.7560 thr=0.45 time=61.5s
[Epoch 370] loss=0.1258 miou=0.6415 f1=0.7579 thr=0.35 time=61.5s
[Epoch 371] loss=0.1252 miou=0.6495 f1=0.7600 thr=0.35 time=61.7s
[Epoch 372] loss=0.1230 miou=0.6623 f1=0.7675 thr=0.35 time=61.9s
[Epoch 373] loss=0.1235 miou=0.6643 f1=0.7714 thr=0.35 time=61.7s
[Epoch 374] loss=0.1199 miou=0.6644 f1=0.7723 thr=0.35 time=61.7s
[Epoch 375] loss=0.1177 miou=0.6525 f1=0.7651 thr=0.35 time=61.8s
[Epoch 376] loss=0.1176 miou=0.6580 f1=0.7638 thr=0.35 time=61.7s
[Epoch 377] loss=0.1250 miou=0.6403 f1=0.7502 thr=0.35 time=61.7s
[Epoch 378] loss=0.1231 miou=0.6543 f1=0.7599 thr=0.35 time=61.8s
[Epoch 379] loss=0.1213 miou=0.6506 f1=0.7565 thr=0.35 time=61.7s
[Epoch 380] loss=0.1190 miou=0.6488 f1=0.7568 thr=0.35 time=61.7s
[Epoch 381] loss=0.1218 miou=0.6423 f1=0.7513 thr=0.35 time=62.0s
[Epoch 382] loss=0.1296 miou=0.6493 f1=0.7564 thr=0.35 time=61.8s
[Epoch 383] loss=0.1238 miou=0.6555 f1=0.7608 thr=0.35 time=62.3s
[Epoch 384] loss=0.1199 miou=0.6575 f1=0.7630 thr=0.35 time=61.9s
[Epoch 385] loss=0.1194 miou=0.6389 f1=0.7510 thr=0.35 time=62.3s
[Epoch 386] loss=0.1254 miou=0.6563 f1=0.7637 thr=0.35 time=61.9s
[Epoch 387] loss=0.1239 miou=0.6553 f1=0.7640 thr=0.35 time=61.9s
[Epoch 388] loss=0.1234 miou=0.6465 f1=0.7557 thr=0.35 time=62.2s
[Epoch 389] loss=0.1263 miou=0.6275 f1=0.7393 thr=0.35 time=61.8s
[Epoch 390] loss=0.1281 miou=0.6523 f1=0.7592 thr=0.35 time=62.0s
[Epoch 391] loss=0.1196 miou=0.6505 f1=0.7570 thr=0.35 time=61.8s
[Epoch 392] loss=0.1221 miou=0.6392 f1=0.7507 thr=0.40 time=61.9s
[Epoch 393] loss=0.1282 miou=0.6484 f1=0.7550 thr=0.35 time=61.8s
[Epoch 394] loss=0.1203 miou=0.6476 f1=0.7567 thr=0.35 time=61.8s
[Epoch 395] loss=0.1161 miou=0.6624 f1=0.7682 thr=0.35 time=61.8s
[Epoch 396] loss=0.1222 miou=0.6313 f1=0.7433 thr=0.35 time=61.8s
[Epoch 397] loss=0.1202 miou=0.6299 f1=0.7433 thr=0.35 time=61.8s
[Epoch 398] loss=0.1282 miou=0.6464 f1=0.7553 thr=0.35 time=62.0s
[Epoch 399] loss=0.1322 miou=0.6442 f1=0.7548 thr=0.35 time=61.8s
[Epoch 400] loss=0.1207 miou=0.6435 f1=0.7531 thr=0.35 time=61.8s
[Epoch 401] loss=0.1129 miou=0.6493 f1=0.7584 thr=0.35 time=62.0s
[Epoch 402] loss=0.1202 miou=0.6446 f1=0.7546 thr=0.35 time=61.8s
[Epoch 403] loss=0.1172 miou=0.6405 f1=0.7507 thr=0.45 time=61.9s
[Epoch 404] loss=0.1162 miou=0.6538 f1=0.7609 thr=0.35 time=61.9s
[Epoch 405] loss=0.1166 miou=0.6534 f1=0.7614 thr=0.35 time=62.0s
[Epoch 406] loss=0.1127 miou=0.6621 f1=0.7667 thr=0.35 time=61.8s
[Epoch 407] loss=0.1110 miou=0.6434 f1=0.7528 thr=0.50 time=61.8s
[Epoch 408] loss=0.1148 miou=0.6391 f1=0.7505 thr=0.35 time=61.7s
[Epoch 409] loss=0.1199 miou=0.6479 f1=0.7557 thr=0.45 time=61.7s
[Epoch 410] loss=0.1155 miou=0.6499 f1=0.7581 thr=0.35 time=62.0s
[Epoch 411] loss=0.1102 miou=0.6495 f1=0.7598 thr=0.35 time=61.8s
[Epoch 412] loss=0.1166 miou=0.6467 f1=0.7566 thr=0.35 time=61.8s
[Epoch 413] loss=0.1126 miou=0.6476 f1=0.7563 thr=0.35 time=61.9s
[Epoch 414] loss=0.1093 miou=0.6440 f1=0.7525 thr=0.35 time=62.0s
[Epoch 415] loss=0.1205 miou=0.6398 f1=0.7479 thr=0.35 time=62.0s
[Epoch 416] loss=0.1237 miou=0.6401 f1=0.7500 thr=0.35 time=62.0s
[Epoch 417] loss=0.1186 miou=0.6542 f1=0.7607 thr=0.35 time=61.6s
[Epoch 418] loss=0.1183 miou=0.6547 f1=0.7605 thr=0.35 time=61.6s
[Epoch 419] loss=0.1093 miou=0.6550 f1=0.7628 thr=0.35 time=61.7s
[Epoch 420] loss=0.1079 miou=0.6450 f1=0.7557 thr=0.35 time=61.6s
[Epoch 421] loss=0.1109 miou=0.6511 f1=0.7591 thr=0.40 time=61.8s
[Epoch 422] loss=0.1095 miou=0.6476 f1=0.7572 thr=0.35 time=61.8s
[Epoch 423] loss=0.1134 miou=0.6545 f1=0.7613 thr=0.35 time=61.7s
[Epoch 424] loss=0.1125 miou=0.6519 f1=0.7611 thr=0.35 time=61.9s
[Epoch 425] loss=0.1146 miou=0.6587 f1=0.7655 thr=0.35 time=61.6s
[Epoch 426] loss=0.1132 miou=0.6500 f1=0.7587 thr=0.40 time=61.6s
[Epoch 427] loss=0.1168 miou=0.6643 f1=0.7719 thr=0.35 time=61.8s
[Epoch 428] loss=0.1135 miou=0.6502 f1=0.7611 thr=0.35 time=61.8s
[Epoch 429] loss=0.1156 miou=0.6397 f1=0.7520 thr=0.35 time=61.8s
[Epoch 430] loss=0.1101 miou=0.6403 f1=0.7515 thr=0.35 time=61.7s
[Epoch 431] loss=0.1065 miou=0.6527 f1=0.7609 thr=0.35 time=61.8s
[Epoch 432] loss=0.1111 miou=0.6565 f1=0.7629 thr=0.35 time=62.2s
[Epoch 433] loss=0.1108 miou=0.6577 f1=0.7655 thr=0.35 time=61.8s
[Epoch 434] loss=0.1151 miou=0.6512 f1=0.7581 thr=0.50 time=61.9s
[Epoch 435] loss=0.1149 miou=0.6377 f1=0.7465 thr=0.35 time=61.9s
[Epoch 436] loss=0.1178 miou=0.6530 f1=0.7624 thr=0.35 time=62.0s
[Epoch 437] loss=0.1150 miou=0.6641 f1=0.7706 thr=0.35 time=61.9s
[Epoch 438] loss=0.1115 miou=0.6527 f1=0.7610 thr=0.35 time=61.8s
[Epoch 439] loss=0.1086 miou=0.6569 f1=0.7634 thr=0.35 time=61.9s
[Epoch 440] loss=0.1048 miou=0.6577 f1=0.7634 thr=0.35 time=61.8s
[Epoch 441] loss=0.1071 miou=0.6202 f1=0.7337 thr=0.35 time=62.0s
[Epoch 442] loss=0.1217 miou=0.6554 f1=0.7622 thr=0.35 time=62.0s
[Epoch 443] loss=0.1149 miou=0.6583 f1=0.7656 thr=0.35 time=62.1s
[Epoch 444] loss=0.1065 miou=0.6566 f1=0.7621 thr=0.35 time=61.8s
[Epoch 445] loss=0.1065 miou=0.6347 f1=0.7466 thr=0.35 time=61.9s
[Epoch 446] loss=0.1094 miou=0.6624 f1=0.7703 thr=0.35 time=62.0s
[Epoch 447] loss=0.1080 miou=0.6498 f1=0.7587 thr=0.35 time=62.0s
[Epoch 448] loss=0.1013 miou=0.6661 f1=0.7716 thr=0.40 time=61.8s
[Epoch 449] loss=0.1006 miou=0.6583 f1=0.7631 thr=0.35 time=62.1s
[Epoch 450] loss=0.1046 miou=0.6558 f1=0.7646 thr=0.45 time=61.9s
[Epoch 451] loss=0.1107 miou=0.6492 f1=0.7573 thr=0.35 time=62.1s
[Epoch 452] loss=0.1226 miou=0.6498 f1=0.7580 thr=0.45 time=61.9s
[Epoch 453] loss=0.1167 miou=0.6544 f1=0.7634 thr=0.35 time=62.0s
[Epoch 454] loss=0.1140 miou=0.6496 f1=0.7577 thr=0.35 time=61.9s
[Epoch 455] loss=0.1128 miou=0.6473 f1=0.7564 thr=0.35 time=62.8s
[Epoch 456] loss=0.1073 miou=0.6685 f1=0.7719 thr=0.35 time=62.6s
[Epoch 457] loss=0.1079 miou=0.6554 f1=0.7629 thr=0.35 time=63.5s
[Epoch 458] loss=0.1069 miou=0.6646 f1=0.7699 thr=0.35 time=63.5s
[Epoch 459] loss=0.1091 miou=0.6385 f1=0.7502 thr=0.35 time=62.5s
[Epoch 460] loss=0.1096 miou=0.6494 f1=0.7594 thr=0.35 time=62.7s
[Epoch 461] loss=0.1101 miou=0.6486 f1=0.7582 thr=0.35 time=62.4s
[Epoch 462] loss=0.1076 miou=0.6472 f1=0.7580 thr=0.35 time=63.4s
[Epoch 463] loss=0.1088 miou=0.6567 f1=0.7649 thr=0.45 time=63.1s
[Epoch 464] loss=0.1058 miou=0.6572 f1=0.7623 thr=0.40 time=62.4s
[Epoch 465] loss=0.1073 miou=0.6625 f1=0.7677 thr=0.35 time=63.3s
[Epoch 466] loss=0.1058 miou=0.6460 f1=0.7566 thr=0.35 time=62.3s
[Epoch 467] loss=0.1049 miou=0.6444 f1=0.7538 thr=0.35 time=62.3s
[Epoch 468] loss=0.1107 miou=0.6578 f1=0.7647 thr=0.35 time=62.2s
[Epoch 469] loss=0.1032 miou=0.6429 f1=0.7546 thr=0.35 time=62.3s
[Epoch 470] loss=0.1069 miou=0.6642 f1=0.7716 thr=0.35 time=62.3s
[Epoch 471] loss=0.1035 miou=0.6531 f1=0.7611 thr=0.35 time=62.4s
[Epoch 472] loss=0.1041 miou=0.6497 f1=0.7592 thr=0.35 time=62.4s
[Epoch 473] loss=0.1043 miou=0.6435 f1=0.7527 thr=0.45 time=62.4s
[Epoch 474] loss=0.1042 miou=0.6491 f1=0.7558 thr=0.35 time=62.0s
[Epoch 475] loss=0.1007 miou=0.6415 f1=0.7521 thr=0.35 time=62.1s
[Epoch 476] loss=0.1114 miou=0.6419 f1=0.7533 thr=0.50 time=62.1s
[Epoch 477] loss=0.1106 miou=0.6491 f1=0.7602 thr=0.35 time=61.8s
[Epoch 478] loss=0.1036 miou=0.6569 f1=0.7643 thr=0.45 time=62.2s
[Epoch 479] loss=0.1024 miou=0.6535 f1=0.7623 thr=0.35 time=62.2s
[Epoch 480] loss=0.1055 miou=0.6556 f1=0.7654 thr=0.35 time=61.9s
[Epoch 481] loss=0.1056 miou=0.6466 f1=0.7566 thr=0.35 time=62.2s
[Epoch 482] loss=0.1069 miou=0.6401 f1=0.7535 thr=0.35 time=62.0s
[Epoch 483] loss=0.1111 miou=0.6407 f1=0.7525 thr=0.35 time=61.9s
[Epoch 484] loss=0.1230 miou=0.6273 f1=0.7405 thr=0.35 time=62.3s
[Epoch 485] loss=0.1086 miou=0.6535 f1=0.7630 thr=0.35 time=62.3s
[Epoch 486] loss=0.1019 miou=0.6486 f1=0.7603 thr=0.35 time=62.1s
[Epoch 487] loss=0.1034 miou=0.6530 f1=0.7613 thr=0.35 time=61.9s
[Epoch 488] loss=0.1023 miou=0.6464 f1=0.7574 thr=0.35 time=62.0s
[Epoch 489] loss=0.1184 miou=0.6482 f1=0.7601 thr=0.35 time=62.3s
[Epoch 490] loss=0.1083 miou=0.6640 f1=0.7695 thr=0.35 time=62.4s
[Epoch 491] loss=0.1120 miou=0.6482 f1=0.7575 thr=0.35 time=61.9s
[Epoch 492] loss=0.1090 miou=0.6487 f1=0.7576 thr=0.35 time=62.2s
[Epoch 493] loss=0.1012 miou=0.6522 f1=0.7602 thr=0.35 time=61.9s
[Epoch 494] loss=0.0995 miou=0.6462 f1=0.7547 thr=0.35 time=62.2s
[Epoch 495] loss=0.0991 miou=0.6533 f1=0.7608 thr=0.50 time=61.7s
[Epoch 496] loss=0.0991 miou=0.6484 f1=0.7576 thr=0.35 time=61.7s
[Epoch 497] loss=0.1007 miou=0.6435 f1=0.7540 thr=0.35 time=62.0s
[Epoch 498] loss=0.1031 miou=0.6598 f1=0.7667 thr=0.35 time=62.0s
[Epoch 499] loss=0.0938 miou=0.6635 f1=0.7701 thr=0.35 time=62.1s
[Epoch 500] loss=0.1000 miou=0.6496 f1=0.7580 thr=0.35 time=61.9s
[Epoch 501] loss=0.0988 miou=0.6462 f1=0.7562 thr=0.50 time=61.7s
[Epoch 502] loss=0.0973 miou=0.6577 f1=0.7661 thr=0.45 time=62.0s
[Epoch 503] loss=0.1001 miou=0.6467 f1=0.7594 thr=0.35 time=62.0s
[Epoch 504] loss=0.0971 miou=0.6474 f1=0.7568 thr=0.35 time=62.2s
[Epoch 505] loss=0.1022 miou=0.6602 f1=0.7673 thr=0.35 time=62.2s
[Epoch 506] loss=0.0978 miou=0.6602 f1=0.7682 thr=0.35 time=61.9s
[Epoch 507] loss=0.0980 miou=0.6545 f1=0.7657 thr=0.35 time=62.1s
[Epoch 508] loss=0.0976 miou=0.6525 f1=0.7630 thr=0.35 time=62.1s
[Epoch 509] loss=0.8517 miou=0.6453 f1=0.7570 thr=0.35 time=62.0s
[Epoch 510] loss=0.1024 miou=0.6533 f1=0.7610 thr=0.40 time=62.1s
[Epoch 511] loss=0.1059 miou=0.6476 f1=0.7627 thr=0.35 time=62.1s
[Epoch 512] loss=0.1012 miou=0.6567 f1=0.7643 thr=0.35 time=62.1s
[Epoch 513] loss=0.1109 miou=0.6354 f1=0.7453 thr=0.35 time=62.1s
[Epoch 514] loss=0.1082 miou=0.6398 f1=0.7520 thr=0.45 time=62.1s
[Epoch 515] loss=0.1046 miou=0.6407 f1=0.7518 thr=0.35 time=62.5s
[Epoch 516] loss=0.1007 miou=0.6634 f1=0.7703 thr=0.35 time=62.1s
[Epoch 517] loss=0.1025 miou=0.6496 f1=0.7605 thr=0.50 time=62.1s
[Epoch 518] loss=0.1001 miou=0.6535 f1=0.7632 thr=0.35 time=62.2s
[Epoch 519] loss=0.0964 miou=0.6589 f1=0.7685 thr=0.35 time=62.0s
[Epoch 520] loss=0.0963 miou=0.6541 f1=0.7644 thr=0.35 time=62.0s
[Epoch 521] loss=0.1019 miou=0.6528 f1=0.7612 thr=0.50 time=62.0s
[Epoch 522] loss=0.0998 miou=0.6621 f1=0.7693 thr=0.35 time=62.2s
[Epoch 523] loss=0.0980 miou=0.6479 f1=0.7596 thr=0.35 time=62.0s
[Epoch 524] loss=0.0962 miou=0.6570 f1=0.7639 thr=0.35 time=62.1s
[Epoch 525] loss=0.0975 miou=0.6485 f1=0.7550 thr=0.35 time=62.1s
[Epoch 526] loss=0.0957 miou=0.6439 f1=0.7547 thr=0.35 time=62.1s
[Epoch 527] loss=0.1014 miou=0.6498 f1=0.7583 thr=0.35 time=62.2s
[Epoch 528] loss=0.1029 miou=0.6567 f1=0.7643 thr=0.35 time=62.1s
[Epoch 529] loss=0.1021 miou=0.6497 f1=0.7586 thr=0.35 time=62.2s
[Epoch 530] loss=0.1023 miou=0.6517 f1=0.7615 thr=0.35 time=62.2s
[Epoch 531] loss=0.0955 miou=0.6530 f1=0.7629 thr=0.35 time=62.1s
[Epoch 532] loss=0.0957 miou=0.6406 f1=0.7540 thr=0.35 time=61.9s
[Epoch 533] loss=0.0996 miou=0.6572 f1=0.7651 thr=0.40 time=62.2s
[Epoch 534] loss=0.1003 miou=0.6558 f1=0.7622 thr=0.35 time=62.2s
[Epoch 535] loss=0.1002 miou=0.6658 f1=0.7733 thr=0.35 time=62.2s
[Epoch 536] loss=0.1080 miou=0.6493 f1=0.7604 thr=0.35 time=62.0s
[Epoch 537] loss=0.1020 miou=0.6504 f1=0.7601 thr=0.35 time=62.3s
[Epoch 538] loss=0.1042 miou=0.6523 f1=0.7640 thr=0.35 time=62.2s
[Epoch 539] loss=0.0967 miou=0.6657 f1=0.7700 thr=0.35 time=62.2s
[Epoch 540] loss=0.1027 miou=0.6517 f1=0.7583 thr=0.55 time=62.6s
[Epoch 541] loss=0.1058 miou=0.6477 f1=0.7583 thr=0.35 time=62.3s
[Epoch 542] loss=0.0957 miou=0.6498 f1=0.7592 thr=0.35 time=62.8s
[Epoch 543] loss=0.0968 miou=0.6491 f1=0.7595 thr=0.35 time=63.3s
[Epoch 544] loss=0.0974 miou=0.6554 f1=0.7637 thr=0.35 time=63.2s
[Epoch 545] loss=0.0987 miou=0.6456 f1=0.7552 thr=0.35 time=62.2s
[Epoch 546] loss=0.0936 miou=0.6579 f1=0.7656 thr=0.35 time=62.2s
[Epoch 547] loss=0.0989 miou=0.6681 f1=0.7756 thr=0.35 time=63.2s
[Epoch 548] loss=0.0942 miou=0.6560 f1=0.7638 thr=0.35 time=63.3s
[Epoch 549] loss=0.0956 miou=0.6739 f1=0.7793 thr=0.35 time=62.5s
[Epoch 550] loss=0.0938 miou=0.6679 f1=0.7732 thr=0.35 time=62.4s
[Epoch 551] loss=0.0971 miou=0.6569 f1=0.7661 thr=0.35 time=62.3s
[Epoch 552] loss=0.0940 miou=0.6475 f1=0.7588 thr=0.35 time=62.4s
[Epoch 553] loss=0.0976 miou=0.6466 f1=0.7559 thr=0.35 time=63.1s
[Epoch 554] loss=0.0950 miou=0.6513 f1=0.7613 thr=0.40 time=63.1s
[Epoch 555] loss=0.0985 miou=0.6452 f1=0.7576 thr=0.40 time=63.1s
[Epoch 556] loss=0.0939 miou=0.6570 f1=0.7676 thr=0.35 time=62.3s
[Epoch 557] loss=0.0943 miou=0.6584 f1=0.7682 thr=0.35 time=62.1s
[Epoch 558] loss=0.0954 miou=0.6572 f1=0.7641 thr=0.35 time=62.2s
[Epoch 559] loss=0.0983 miou=0.6416 f1=0.7553 thr=0.35 time=62.1s
[Epoch 560] loss=0.1052 miou=0.6491 f1=0.7617 thr=0.35 time=62.4s
[Epoch 561] loss=0.0979 miou=0.6465 f1=0.7583 thr=0.50 time=62.3s
[Epoch 562] loss=0.1001 miou=0.6563 f1=0.7654 thr=0.50 time=61.7s
[Epoch 563] loss=0.0929 miou=0.6537 f1=0.7627 thr=0.35 time=61.7s
[Epoch 564] loss=0.0920 miou=0.6552 f1=0.7622 thr=0.35 time=61.7s
[Epoch 565] loss=0.0913 miou=0.6504 f1=0.7595 thr=0.35 time=62.1s
[Epoch 566] loss=0.0878 miou=0.6575 f1=0.7652 thr=0.35 time=62.0s
[Epoch 567] loss=0.0897 miou=0.6539 f1=0.7633 thr=0.35 time=62.0s
[Epoch 568] loss=0.0908 miou=0.6526 f1=0.7621 thr=0.35 time=62.0s
[Epoch 569] loss=0.1009 miou=0.6550 f1=0.7668 thr=0.35 time=62.1s
[Epoch 570] loss=0.0931 miou=0.6462 f1=0.7579 thr=0.35 time=62.1s
[Epoch 571] loss=0.0950 miou=0.6334 f1=0.7475 thr=0.35 time=62.2s
[Epoch 572] loss=0.0924 miou=0.6461 f1=0.7559 thr=0.55 time=62.1s
[Epoch 573] loss=0.0954 miou=0.6593 f1=0.7676 thr=0.35 time=62.2s
[Epoch 574] loss=0.0918 miou=0.6550 f1=0.7642 thr=0.35 time=62.2s
[Epoch 575] loss=0.0948 miou=0.6523 f1=0.7614 thr=0.35 time=62.2s
[Epoch 576] loss=0.0952 miou=0.6537 f1=0.7625 thr=0.35 time=62.6s
[Epoch 577] loss=0.0879 miou=0.6477 f1=0.7594 thr=0.35 time=62.4s
[Epoch 578] loss=0.0897 miou=0.6384 f1=0.7533 thr=0.35 time=62.2s
[Epoch 579] loss=0.1022 miou=0.6475 f1=0.7554 thr=0.35 time=62.1s
[Epoch 580] loss=0.0990 miou=0.6486 f1=0.7581 thr=0.40 time=62.2s
[Epoch 581] loss=0.0971 miou=0.6387 f1=0.7522 thr=0.35 time=62.4s
[Epoch 582] loss=0.0971 miou=0.6491 f1=0.7613 thr=0.35 time=62.0s
[Epoch 583] loss=0.0980 miou=0.6461 f1=0.7542 thr=0.35 time=62.1s
[Epoch 584] loss=0.0907 miou=0.6482 f1=0.7559 thr=0.35 time=62.2s
[Epoch 585] loss=0.0951 miou=0.6529 f1=0.7609 thr=0.35 time=62.2s
[Epoch 586] loss=0.0932 miou=0.6538 f1=0.7620 thr=0.35 time=62.3s
[Epoch 587] loss=0.0900 miou=0.6576 f1=0.7641 thr=0.35 time=62.2s
[Epoch 588] loss=0.0941 miou=0.6416 f1=0.7529 thr=0.50 time=62.0s
[Epoch 589] loss=0.0983 miou=0.6563 f1=0.7642 thr=0.35 time=62.1s
[Epoch 590] loss=0.0965 miou=0.6348 f1=0.7477 thr=0.35 time=62.1s
[Epoch 591] loss=0.0945 miou=0.6390 f1=0.7521 thr=0.35 time=62.0s
[Epoch 592] loss=0.0893 miou=0.6493 f1=0.7588 thr=0.35 time=62.0s
[Epoch 593] loss=0.0908 miou=0.6405 f1=0.7529 thr=0.45 time=62.1s
[Epoch 594] loss=0.0920 miou=0.6450 f1=0.7551 thr=0.35 time=62.0s
[Epoch 595] loss=0.0850 miou=0.6480 f1=0.7570 thr=0.35 time=62.2s
[Epoch 596] loss=0.0857 miou=0.6426 f1=0.7536 thr=0.50 time=62.1s
[Epoch 597] loss=0.0898 miou=0.6485 f1=0.7587 thr=0.35 time=62.0s
[Epoch 598] loss=0.0944 miou=0.6454 f1=0.7541 thr=0.35 time=61.8s
[Epoch 599] loss=0.0944 miou=0.6412 f1=0.7518 thr=0.35 time=62.1s
[Epoch 600] loss=0.5464 miou=0.6388 f1=0.7492 thr=0.35 time=61.8s
[Epoch 601] loss=0.0960 miou=0.6440 f1=0.7537 thr=0.35 time=62.2s
[Epoch 602] loss=0.0992 miou=0.6518 f1=0.7606 thr=0.35 time=61.9s
[Epoch 603] loss=0.0958 miou=0.6506 f1=0.7593 thr=0.35 time=61.9s
[Epoch 604] loss=0.0895 miou=0.6456 f1=0.7567 thr=0.45 time=62.1s
[Epoch 605] loss=0.0968 miou=0.6397 f1=0.7505 thr=0.35 time=62.1s
[Epoch 606] loss=0.0964 miou=0.6462 f1=0.7580 thr=0.35 time=62.0s
[Epoch 607] loss=0.0973 miou=0.6369 f1=0.7489 thr=0.35 time=61.9s
[Epoch 608] loss=0.0901 miou=0.6539 f1=0.7619 thr=0.35 time=62.1s
[Epoch 609] loss=0.0882 miou=0.6535 f1=0.7613 thr=0.35 time=62.1s
[Epoch 610] loss=0.0891 miou=0.6304 f1=0.7421 thr=0.35 time=62.1s
[Epoch 611] loss=0.0912 miou=0.6512 f1=0.7598 thr=0.35 time=62.1s
[Epoch 612] loss=0.0873 miou=0.6469 f1=0.7550 thr=0.50 time=62.0s
[Epoch 613] loss=0.0897 miou=0.6391 f1=0.7522 thr=0.55 time=62.1s
[Epoch 614] loss=0.0967 miou=0.6371 f1=0.7495 thr=0.35 time=62.0s
[Epoch 615] loss=0.0928 miou=0.6306 f1=0.7434 thr=0.35 time=62.1s
[Epoch 616] loss=0.0915 miou=0.6382 f1=0.7491 thr=0.35 time=62.0s
[Epoch 617] loss=0.0863 miou=0.6400 f1=0.7489 thr=0.35 time=62.1s
[Epoch 618] loss=0.0872 miou=0.6370 f1=0.7476 thr=0.55 time=62.2s
[Epoch 619] loss=0.0892 miou=0.6363 f1=0.7443 thr=0.35 time=62.0s
[Epoch 620] loss=0.0942 miou=0.6459 f1=0.7534 thr=0.35 time=62.1s
[Epoch 621] loss=0.0867 miou=0.6416 f1=0.7507 thr=0.35 time=62.1s
[Epoch 622] loss=0.0904 miou=0.6417 f1=0.7517 thr=0.35 time=61.9s
[Epoch 623] loss=0.0871 miou=0.6407 f1=0.7512 thr=0.35 time=62.1s
[Epoch 624] loss=0.0852 miou=0.6481 f1=0.7571 thr=0.35 time=62.0s
[Epoch 625] loss=3.4704 miou=0.6450 f1=0.7554 thr=0.35 time=62.0s
[Epoch 626] loss=0.0873 miou=0.6401 f1=0.7515 thr=0.35 time=61.9s
[Epoch 627] loss=0.0862 miou=0.6391 f1=0.7504 thr=0.35 time=62.1s
[Epoch 628] loss=0.0952 miou=0.6294 f1=0.7427 thr=0.35 time=62.1s
[Epoch 629] loss=0.0902 miou=0.6386 f1=0.7490 thr=0.35 time=62.1s
[Epoch 630] loss=0.0963 miou=0.6399 f1=0.7511 thr=0.35 time=62.1s
[Epoch 631] loss=0.0902 miou=0.6442 f1=0.7559 thr=0.35 time=62.0s
[Epoch 632] loss=0.0855 miou=0.6295 f1=0.7434 thr=0.35 time=61.9s
[Epoch 633] loss=0.0980 miou=0.6321 f1=0.7435 thr=0.35 time=62.0s
[Epoch 634] loss=0.0860 miou=0.6448 f1=0.7540 thr=0.35 time=61.9s
[Epoch 635] loss=0.0871 miou=0.6453 f1=0.7523 thr=0.35 time=61.9s
[Epoch 636] loss=0.0848 miou=0.6481 f1=0.7550 thr=0.35 time=62.2s
[Epoch 637] loss=0.0944 miou=0.6510 f1=0.7605 thr=0.35 time=62.1s
[Epoch 638] loss=0.0911 miou=0.6288 f1=0.7404 thr=0.35 time=62.2s
[Epoch 639] loss=0.0976 miou=0.6284 f1=0.7405 thr=0.35 time=62.2s
[Epoch 640] loss=0.0896 miou=0.6393 f1=0.7496 thr=0.35 time=62.1s
[Epoch 641] loss=0.0836 miou=0.6434 f1=0.7535 thr=0.35 time=61.9s
[Epoch 642] loss=0.0844 miou=0.6445 f1=0.7533 thr=0.35 time=61.9s
[Epoch 643] loss=0.0913 miou=0.6341 f1=0.7449 thr=0.35 time=62.1s
[Epoch 644] loss=0.0856 miou=0.6259 f1=0.7399 thr=0.35 time=62.0s
[Epoch 645] loss=0.0850 miou=0.6213 f1=0.7361 thr=0.35 time=62.1s
[Epoch 646] loss=0.0868 miou=0.6350 f1=0.7462 thr=0.35 time=62.1s
[Epoch 647] loss=0.0930 miou=0.6230 f1=0.7377 thr=0.35 time=61.7s
[Epoch 648] loss=0.0894 miou=0.6289 f1=0.7408 thr=0.35 time=61.7s
[Epoch 649] loss=0.0919 miou=0.6336 f1=0.7453 thr=0.35 time=62.2s
[Epoch 650] loss=0.0931 miou=0.6345 f1=0.7489 thr=0.35 time=62.1s
[Epoch 651] loss=0.0957 miou=0.6441 f1=0.7553 thr=0.35 time=61.6s
[Epoch 652] loss=0.0981 miou=0.6318 f1=0.7434 thr=0.35 time=61.6s
[Epoch 653] loss=0.0891 miou=0.6346 f1=0.7449 thr=0.35 time=61.6s
[Epoch 654] loss=0.0901 miou=0.6384 f1=0.7505 thr=0.35 time=62.0s
[Epoch 655] loss=0.0902 miou=0.6496 f1=0.7578 thr=0.35 time=62.0s
[Epoch 656] loss=0.0897 miou=0.6092 f1=0.7269 thr=0.35 time=62.0s
[Epoch 657] loss=0.0928 miou=0.6370 f1=0.7477 thr=0.35 time=62.1s
[Epoch 658] loss=0.0846 miou=0.6449 f1=0.7541 thr=0.35 time=62.2s
[Epoch 659] loss=0.0845 miou=0.6400 f1=0.7510 thr=0.35 time=61.7s
[Epoch 660] loss=0.0825 miou=0.6355 f1=0.7457 thr=0.35 time=62.3s
[Epoch 661] loss=0.0830 miou=0.6341 f1=0.7447 thr=0.35 time=61.9s
[Epoch 662] loss=0.0830 miou=0.6414 f1=0.7499 thr=0.35 time=61.6s
[Epoch 663] loss=0.0836 miou=0.6366 f1=0.7475 thr=0.35 time=61.9s
[Epoch 664] loss=0.0927 miou=0.6374 f1=0.7493 thr=0.35 time=61.9s
[Epoch 665] loss=0.0862 miou=0.6399 f1=0.7511 thr=0.35 time=61.6s
[Epoch 666] loss=0.0851 miou=0.6320 f1=0.7417 thr=0.35 time=61.6s
[Epoch 667] loss=0.0822 miou=0.6328 f1=0.7421 thr=0.35 time=62.0s
[Epoch 668] loss=0.0859 miou=0.6407 f1=0.7493 thr=0.35 time=61.7s
[Epoch 669] loss=0.0878 miou=0.6468 f1=0.7552 thr=0.35 time=62.1s
[Epoch 670] loss=0.0894 miou=0.6305 f1=0.7462 thr=0.35 time=62.2s
[Epoch 671] loss=0.0867 miou=0.6194 f1=0.7336 thr=0.35 time=62.1s
[Epoch 672] loss=0.0870 miou=0.6425 f1=0.7542 thr=0.35 time=62.2s
[Epoch 673] loss=0.0848 miou=0.6360 f1=0.7485 thr=0.35 time=62.2s
[Epoch 674] loss=0.0840 miou=0.6499 f1=0.7592 thr=0.50 time=62.1s
[Epoch 675] loss=0.7224 miou=0.6470 f1=0.7567 thr=0.35 time=62.1s
[Epoch 676] loss=0.0941 miou=0.6370 f1=0.7481 thr=0.40 time=62.2s
[Epoch 677] loss=0.0914 miou=0.6325 f1=0.7469 thr=0.35 time=62.6s
[Epoch 678] loss=0.0930 miou=0.6299 f1=0.7416 thr=0.35 time=62.6s
[Epoch 679] loss=0.0910 miou=0.6367 f1=0.7508 thr=0.35 time=62.5s
[Epoch 680] loss=0.0917 miou=0.6422 f1=0.7544 thr=0.35 time=62.4s
[Epoch 681] loss=0.0848 miou=0.6420 f1=0.7508 thr=0.35 time=61.9s
[Epoch 682] loss=0.0871 miou=0.6398 f1=0.7519 thr=0.35 time=61.9s
[Epoch 683] loss=0.0822 miou=0.6526 f1=0.7612 thr=0.35 time=61.9s
[Epoch 684] loss=78.5545 miou=0.5486 f1=0.6691 thr=0.35 time=61.8s
[Epoch 685] loss=0.2329 miou=0.6339 f1=0.7465 thr=0.35 time=61.9s
[Epoch 686] loss=0.1454 miou=0.6285 f1=0.7426 thr=0.35 time=61.8s
[Epoch 687] loss=0.1214 miou=0.6373 f1=0.7495 thr=0.35 time=61.9s
[Epoch 688] loss=0.1080 miou=0.6263 f1=0.7398 thr=0.50 time=61.9s
[Epoch 689] loss=0.1014 miou=0.6323 f1=0.7439 thr=0.35 time=61.8s
[Epoch 690] loss=0.0982 miou=0.6413 f1=0.7530 thr=0.35 time=61.8s
[Epoch 691] loss=0.0895 miou=0.6362 f1=0.7491 thr=0.35 time=61.7s
[Epoch 692] loss=0.0919 miou=0.6350 f1=0.7468 thr=0.35 time=61.9s
[Epoch 693] loss=0.0885 miou=0.6374 f1=0.7477 thr=0.35 time=61.8s
[Epoch 694] loss=0.0900 miou=0.6416 f1=0.7516 thr=0.40 time=62.0s
[Epoch 695] loss=0.0867 miou=0.6390 f1=0.7504 thr=0.35 time=61.8s
[Epoch 696] loss=0.0855 miou=0.6436 f1=0.7522 thr=0.55 time=61.7s
[Epoch 697] loss=0.0857 miou=0.6511 f1=0.7588 thr=0.35 time=61.9s
[Epoch 698] loss=0.0864 miou=0.6462 f1=0.7560 thr=0.35 time=62.2s
[Epoch 699] loss=0.0815 miou=0.6414 f1=0.7515 thr=0.35 time=62.1s
[Epoch 700] loss=0.0854 miou=0.6299 f1=0.7399 thr=0.35 time=62.0s
[Epoch 701] loss=0.0874 miou=0.6499 f1=0.7587 thr=0.35 time=61.7s
[Epoch 702] loss=0.0862 miou=0.6452 f1=0.7539 thr=0.35 time=61.9s
[Epoch 703] loss=0.0842 miou=0.6436 f1=0.7533 thr=0.35 time=61.9s
[Epoch 704] loss=0.0877 miou=0.6488 f1=0.7566 thr=0.35 time=62.2s
[Epoch 705] loss=0.0852 miou=0.6453 f1=0.7539 thr=0.35 time=61.7s
[Epoch 706] loss=0.0891 miou=0.6456 f1=0.7536 thr=0.55 time=62.1s
[Epoch 707] loss=0.0866 miou=0.6453 f1=0.7543 thr=0.35 time=61.9s
[Epoch 708] loss=0.0881 miou=0.6441 f1=0.7528 thr=0.35 time=61.7s
[Epoch 709] loss=0.0909 miou=0.6366 f1=0.7456 thr=0.35 time=61.8s
[Epoch 710] loss=0.0938 miou=0.6457 f1=0.7523 thr=0.35 time=61.8s
[Epoch 711] loss=0.0836 miou=0.6357 f1=0.7456 thr=0.35 time=61.7s
[Epoch 712] loss=0.0934 miou=0.6317 f1=0.7428 thr=0.50 time=61.7s
[Epoch 713] loss=0.0837 miou=0.6470 f1=0.7537 thr=0.35 time=62.4s
[Epoch 714] loss=0.0911 miou=0.6482 f1=0.7570 thr=0.40 time=61.8s
[Epoch 715] loss=0.0856 miou=0.6427 f1=0.7513 thr=0.35 time=61.7s
[Epoch 716] loss=0.0864 miou=0.6344 f1=0.7433 thr=0.35 time=61.8s
[Epoch 717] loss=0.0860 miou=0.6475 f1=0.7552 thr=0.40 time=61.8s
[Epoch 718] loss=0.0860 miou=0.6499 f1=0.7574 thr=0.35 time=61.8s
[Epoch 719] loss=0.0855 miou=0.6468 f1=0.7555 thr=0.35 time=62.0s
[Epoch 720] loss=0.0867 miou=0.6494 f1=0.7573 thr=0.35 time=61.8s
[Epoch 721] loss=0.0876 miou=0.6498 f1=0.7560 thr=0.35 time=61.7s
[Epoch 722] loss=0.0863 miou=0.6430 f1=0.7500 thr=0.35 time=61.7s
[Epoch 723] loss=0.0878 miou=0.6475 f1=0.7536 thr=0.35 time=61.8s
[Epoch 724] loss=0.0905 miou=0.6432 f1=0.7546 thr=0.50 time=61.6s
[Epoch 725] loss=0.0864 miou=0.6512 f1=0.7579 thr=0.55 time=61.7s
[Epoch 726] loss=0.1015 miou=0.6439 f1=0.7547 thr=0.35 time=61.9s
[Epoch 727] loss=0.0923 miou=0.6436 f1=0.7521 thr=0.35 time=61.9s
[Epoch 728] loss=0.0913 miou=0.6371 f1=0.7461 thr=0.35 time=61.8s
[Epoch 729] loss=0.0907 miou=0.6580 f1=0.7658 thr=0.45 time=61.9s
[Epoch 730] loss=0.0833 miou=0.6464 f1=0.7571 thr=0.45 time=61.9s
[Epoch 731] loss=0.0887 miou=0.6404 f1=0.7536 thr=0.35 time=61.8s
[Epoch 732] loss=0.0906 miou=0.6399 f1=0.7535 thr=0.35 time=61.7s
[Epoch 733] loss=0.0893 miou=0.6424 f1=0.7512 thr=0.35 time=61.8s
[Epoch 734] loss=0.0821 miou=0.6425 f1=0.7513 thr=0.35 time=61.8s
[Epoch 735] loss=0.0816 miou=0.6403 f1=0.7505 thr=0.35 time=61.7s
[Epoch 736] loss=0.0829 miou=0.6364 f1=0.7501 thr=0.35 time=61.8s
[Epoch 737] loss=0.0812 miou=0.6507 f1=0.7595 thr=0.35 time=62.0s
[Epoch 738] loss=0.0816 miou=0.6470 f1=0.7551 thr=0.35 time=61.8s
[Epoch 739] loss=0.0826 miou=0.6576 f1=0.7651 thr=0.35 time=61.8s
[Epoch 740] loss=0.0835 miou=0.6509 f1=0.7601 thr=0.55 time=61.7s
[Epoch 741] loss=0.0839 miou=0.6387 f1=0.7458 thr=0.35 time=61.8s
[Epoch 742] loss=0.0881 miou=0.6558 f1=0.7626 thr=0.35 time=61.7s
[Epoch 743] loss=0.0850 miou=0.6451 f1=0.7556 thr=0.35 time=61.8s
[Epoch 744] loss=0.0809 miou=0.6359 f1=0.7473 thr=0.50 time=61.7s
[Epoch 745] loss=0.0822 miou=0.6468 f1=0.7559 thr=0.35 time=61.8s
[Epoch 746] loss=0.0852 miou=0.6441 f1=0.7547 thr=0.35 time=61.7s
[Epoch 747] loss=0.0855 miou=0.6375 f1=0.7475 thr=0.35 time=61.8s
[Epoch 748] loss=0.0877 miou=0.6480 f1=0.7580 thr=0.35 time=61.8s
[Epoch 749] loss=0.0837 miou=0.6495 f1=0.7569 thr=0.35 time=61.8s
[Epoch 750] loss=0.0816 miou=0.6514 f1=0.7612 thr=0.55 time=61.9s
[Epoch 751] loss=0.0807 miou=0.6438 f1=0.7515 thr=0.35 time=61.6s
[Epoch 752] loss=0.0843 miou=0.6538 f1=0.7610 thr=0.35 time=62.0s
[Epoch 753] loss=0.0818 miou=0.6437 f1=0.7529 thr=0.35 time=62.0s
[Epoch 754] loss=0.0854 miou=0.6499 f1=0.7591 thr=0.35 time=61.8s
[Epoch 755] loss=0.0875 miou=0.6412 f1=0.7533 thr=0.35 time=61.6s
[Epoch 756] loss=0.0854 miou=0.6475 f1=0.7556 thr=0.35 time=61.6s
[Epoch 757] loss=0.0850 miou=0.6452 f1=0.7550 thr=0.40 time=61.9s
[Epoch 758] loss=0.0835 miou=0.6351 f1=0.7453 thr=0.35 time=62.1s
[Epoch 759] loss=0.0853 miou=0.6364 f1=0.7493 thr=0.35 time=62.0s
[Epoch 760] loss=0.0803 miou=0.6405 f1=0.7514 thr=0.35 time=62.0s
[Epoch 761] loss=0.0799 miou=0.6529 f1=0.7609 thr=0.35 time=61.9s
[Epoch 762] loss=0.0839 miou=0.6406 f1=0.7495 thr=0.40 time=61.7s
[Epoch 763] loss=0.0868 miou=0.6296 f1=0.7422 thr=0.35 time=62.0s
[Epoch 764] loss=0.0861 miou=0.6372 f1=0.7472 thr=0.35 time=61.9s
[Epoch 765] loss=0.0860 miou=0.6374 f1=0.7489 thr=0.35 time=61.9s
[Epoch 766] loss=0.0845 miou=0.6372 f1=0.7483 thr=0.35 time=61.9s
[Epoch 767] loss=0.0861 miou=0.6413 f1=0.7528 thr=0.35 time=61.9s
[Epoch 768] loss=0.0850 miou=0.6412 f1=0.7523 thr=0.50 time=61.8s
[Epoch 769] loss=0.0797 miou=0.6404 f1=0.7501 thr=0.35 time=61.7s
[Epoch 770] loss=0.0782 miou=0.6585 f1=0.7662 thr=0.55 time=61.7s
[Epoch 771] loss=0.0887 miou=0.6472 f1=0.7586 thr=0.35 time=61.7s
[Epoch 772] loss=0.0845 miou=0.6417 f1=0.7525 thr=0.35 time=61.8s
[Epoch 773] loss=0.0834 miou=0.6419 f1=0.7524 thr=0.35 time=61.8s
[Epoch 774] loss=0.0774 miou=0.6465 f1=0.7574 thr=0.35 time=61.8s
[Epoch 775] loss=0.0840 miou=0.6432 f1=0.7548 thr=0.35 time=61.8s
[Epoch 776] loss=0.0898 miou=0.6231 f1=0.7431 thr=0.35 time=62.0s
[Epoch 777] loss=0.0898 miou=0.6262 f1=0.7379 thr=0.55 time=61.8s
[Epoch 778] loss=0.0866 miou=0.6322 f1=0.7432 thr=0.35 time=61.9s
[Epoch 779] loss=0.0829 miou=0.6294 f1=0.7413 thr=0.35 time=62.5s
[Epoch 780] loss=0.0939 miou=0.6469 f1=0.7583 thr=0.35 time=62.3s
[Epoch 781] loss=0.0865 miou=0.6416 f1=0.7519 thr=0.35 time=62.3s
[Epoch 782] loss=0.0839 miou=0.6362 f1=0.7457 thr=0.35 time=62.3s
[Epoch 783] loss=0.0812 miou=0.6456 f1=0.7553 thr=0.35 time=62.3s
[Epoch 784] loss=0.0796 miou=0.6412 f1=0.7523 thr=0.35 time=63.4s
[Epoch 785] loss=0.0849 miou=0.6466 f1=0.7582 thr=0.35 time=62.3s
[Epoch 786] loss=0.0830 miou=0.6502 f1=0.7579 thr=0.50 time=62.7s
[Epoch 787] loss=0.0834 miou=0.6332 f1=0.7449 thr=0.35 time=61.8s
[Epoch 788] loss=0.0913 miou=0.6444 f1=0.7526 thr=0.35 time=62.1s
[Epoch 789] loss=0.0833 miou=0.6423 f1=0.7533 thr=0.35 time=62.2s
[Epoch 790] loss=0.0868 miou=0.6459 f1=0.7557 thr=0.35 time=62.4s
[Epoch 791] loss=0.0804 miou=0.6361 f1=0.7494 thr=0.40 time=62.2s
[Epoch 792] loss=0.0845 miou=0.6339 f1=0.7469 thr=0.35 time=62.2s
[Epoch 793] loss=0.0811 miou=0.6479 f1=0.7553 thr=0.35 time=62.1s
[Epoch 794] loss=0.0782 miou=0.6362 f1=0.7475 thr=0.35 time=62.0s
[Epoch 795] loss=0.0800 miou=0.6478 f1=0.7575 thr=0.35 time=61.8s
[Epoch 796] loss=0.0844 miou=0.6378 f1=0.7477 thr=0.35 time=62.0s
[Epoch 797] loss=0.0829 miou=0.6429 f1=0.7527 thr=0.35 time=62.2s
[Epoch 798] loss=0.0818 miou=0.6341 f1=0.7470 thr=0.35 time=62.2s
[Epoch 799] loss=0.0869 miou=0.6451 f1=0.7560 thr=0.35 time=62.3s
[Epoch 800] loss=0.0844 miou=0.6295 f1=0.7405 thr=0.35 time=62.1s
[Epoch 801] loss=0.0798 miou=0.6449 f1=0.7517 thr=0.35 time=62.1s
[Epoch 802] loss=0.0803 miou=0.6432 f1=0.7538 thr=0.35 time=62.0s
[Epoch 803] loss=0.0776 miou=0.6411 f1=0.7501 thr=0.35 time=62.0s
[Epoch 804] loss=0.0803 miou=0.6436 f1=0.7515 thr=0.35 time=62.1s
[Epoch 805] loss=0.0787 miou=0.6455 f1=0.7537 thr=0.35 time=61.7s
[Epoch 806] loss=0.0821 miou=0.6426 f1=0.7502 thr=0.35 time=62.1s
[Epoch 807] loss=0.0820 miou=0.6323 f1=0.7425 thr=0.35 time=62.2s
[Epoch 808] loss=0.0797 miou=0.6466 f1=0.7536 thr=0.35 time=62.2s
[Epoch 809] loss=0.0854 miou=0.6291 f1=0.7389 thr=0.35 time=62.2s
[Epoch 810] loss=0.0811 miou=0.6308 f1=0.7427 thr=0.35 time=62.3s
[Epoch 811] loss=0.0837 miou=0.6433 f1=0.7520 thr=0.35 time=62.2s
[Epoch 812] loss=0.0862 miou=0.6460 f1=0.7528 thr=0.35 time=62.3s
[Epoch 813] loss=0.0822 miou=0.6499 f1=0.7571 thr=0.35 time=62.2s
[Epoch 814] loss=0.0894 miou=0.6285 f1=0.7381 thr=0.35 time=62.2s
[Epoch 815] loss=0.0892 miou=0.6336 f1=0.7454 thr=0.35 time=62.1s
[Epoch 816] loss=0.0898 miou=0.6063 f1=0.7193 thr=0.35 time=61.9s
[Epoch 817] loss=0.0901 miou=0.6327 f1=0.7481 thr=0.35 time=63.4s
[Epoch 818] loss=0.0827 miou=0.6443 f1=0.7556 thr=0.35 time=62.9s
[Epoch 819] loss=0.0836 miou=0.6405 f1=0.7507 thr=0.35 time=62.1s
[Epoch 820] loss=0.0815 miou=0.6412 f1=0.7518 thr=0.35 time=62.3s
[Epoch 821] loss=0.0770 miou=0.6338 f1=0.7464 thr=0.35 time=63.0s
[Epoch 822] loss=0.0818 miou=0.6421 f1=0.7547 thr=0.35 time=62.9s
[Epoch 823] loss=0.0811 miou=0.6267 f1=0.7385 thr=0.35 time=62.9s
[Epoch 824] loss=0.0824 miou=0.6408 f1=0.7538 thr=0.55 time=62.2s
[Epoch 825] loss=0.0805 miou=0.6379 f1=0.7501 thr=0.35 time=63.0s
[Epoch 826] loss=0.0787 miou=0.6422 f1=0.7522 thr=0.55 time=62.6s
[Epoch 827] loss=0.0796 miou=0.6431 f1=0.7550 thr=0.35 time=63.3s
[Epoch 828] loss=0.0843 miou=0.6369 f1=0.7511 thr=0.55 time=62.1s
[Epoch 829] loss=0.0864 miou=0.6358 f1=0.7474 thr=0.35 time=62.2s
[Epoch 830] loss=0.0779 miou=0.6460 f1=0.7569 thr=0.35 time=62.0s
[Epoch 831] loss=0.0718 miou=0.6469 f1=0.7553 thr=0.35 time=62.2s
[Epoch 832] loss=0.0815 miou=0.6362 f1=0.7491 thr=0.35 time=62.0s
[Epoch 833] loss=0.0813 miou=0.6360 f1=0.7476 thr=0.35 time=62.0s
[Epoch 834] loss=0.0807 miou=0.6514 f1=0.7624 thr=0.35 time=62.3s
[Epoch 835] loss=0.0743 miou=0.6501 f1=0.7585 thr=0.35 time=62.5s
[Epoch 836] loss=0.0755 miou=0.6535 f1=0.7614 thr=0.35 time=62.6s
[Epoch 837] loss=0.0746 miou=0.6504 f1=0.7577 thr=0.55 time=62.6s
[Epoch 838] loss=0.0788 miou=0.6438 f1=0.7541 thr=0.35 time=62.6s
[Epoch 839] loss=0.0809 miou=0.6468 f1=0.7558 thr=0.35 time=62.0s
[Epoch 840] loss=0.0871 miou=0.6231 f1=0.7348 thr=0.35 time=62.7s
[Epoch 841] loss=0.0831 miou=0.6337 f1=0.7506 thr=0.35 time=62.3s
[Epoch 842] loss=0.0830 miou=0.6335 f1=0.7417 thr=0.35 time=62.0s
[Epoch 843] loss=0.0786 miou=0.6448 f1=0.7520 thr=0.35 time=62.1s
[Epoch 844] loss=0.0849 miou=0.6218 f1=0.7418 thr=0.35 time=62.3s
[Epoch 845] loss=0.0887 miou=0.6422 f1=0.7537 thr=0.35 time=62.1s
[Epoch 846] loss=0.0838 miou=0.6242 f1=0.7360 thr=0.35 time=61.9s
[Epoch 847] loss=0.0903 miou=0.6225 f1=0.7336 thr=0.35 time=62.0s
[Epoch 848] loss=0.0848 miou=0.6272 f1=0.7374 thr=0.35 time=62.2s
[Epoch 849] loss=0.0798 miou=0.6378 f1=0.7485 thr=0.35 time=62.0s
[Epoch 850] loss=0.0780 miou=0.6461 f1=0.7534 thr=0.35 time=62.1s
[Epoch 851] loss=0.0747 miou=0.6361 f1=0.7442 thr=0.35 time=62.2s
[Epoch 852] loss=0.0781 miou=0.6317 f1=0.7434 thr=0.35 time=62.1s
[Epoch 853] loss=0.0806 miou=0.6382 f1=0.7517 thr=0.35 time=62.0s
[Epoch 854] loss=0.0788 miou=0.6389 f1=0.7473 thr=0.35 time=61.7s
[Epoch 855] loss=0.0762 miou=0.6426 f1=0.7499 thr=0.40 time=62.0s
[Epoch 856] loss=0.0749 miou=0.6403 f1=0.7476 thr=0.45 time=62.1s
[Epoch 857] loss=23.0473 miou=0.3281 f1=0.4434 thr=0.35 time=62.1s
[Epoch 858] loss=0.2473 miou=0.6411 f1=0.7502 thr=0.45 time=62.1s
[Epoch 859] loss=0.1242 miou=0.6393 f1=0.7453 thr=0.35 time=62.1s
[Epoch 860] loss=0.1030 miou=0.6371 f1=0.7465 thr=0.35 time=61.9s
[Epoch 861] loss=0.0935 miou=0.6433 f1=0.7512 thr=0.35 time=61.9s
[Epoch 862] loss=0.0897 miou=0.6426 f1=0.7496 thr=0.35 time=62.0s
[Epoch 863] loss=0.0890 miou=0.6529 f1=0.7574 thr=0.35 time=62.3s
[Epoch 864] loss=0.0818 miou=0.6540 f1=0.7589 thr=0.35 time=62.1s
[Epoch 865] loss=0.0844 miou=0.6529 f1=0.7581 thr=0.35 time=62.2s
[Epoch 866] loss=0.0837 miou=0.6569 f1=0.7623 thr=0.35 time=61.9s
[Epoch 867] loss=0.0800 miou=0.6544 f1=0.7599 thr=0.40 time=61.6s
[Epoch 868] loss=0.0788 miou=0.6515 f1=0.7555 thr=0.35 time=61.5s
[Epoch 869] loss=0.0783 miou=0.6496 f1=0.7553 thr=0.35 time=61.5s
[Epoch 870] loss=0.0794 miou=0.6404 f1=0.7487 thr=0.35 time=61.7s
[Epoch 871] loss=0.0772 miou=0.6433 f1=0.7513 thr=0.35 time=63.0s
[Epoch 872] loss=0.0770 miou=0.6493 f1=0.7580 thr=0.55 time=63.0s
[Epoch 873] loss=0.0746 miou=0.6421 f1=0.7516 thr=0.35 time=62.9s
[Epoch 874] loss=0.0778 miou=0.6579 f1=0.7629 thr=0.35 time=62.4s
[Epoch 875] loss=0.0722 miou=0.6473 f1=0.7561 thr=0.40 time=62.4s
[Epoch 876] loss=0.0768 miou=0.6504 f1=0.7587 thr=0.35 time=62.1s
[Epoch 877] loss=0.0760 miou=0.6526 f1=0.7611 thr=0.35 time=62.0s
[Epoch 878] loss=0.0766 miou=0.6470 f1=0.7565 thr=0.35 time=63.0s
[Epoch 879] loss=0.0780 miou=0.6468 f1=0.7563 thr=0.35 time=62.0s
[Epoch 880] loss=0.0742 miou=0.6495 f1=0.7600 thr=0.40 time=62.0s
[Epoch 881] loss=0.0780 miou=0.6436 f1=0.7529 thr=0.35 time=61.8s
[Epoch 882] loss=0.0792 miou=0.6329 f1=0.7445 thr=0.35 time=62.0s
[Epoch 883] loss=0.0745 miou=0.6470 f1=0.7548 thr=0.35 time=61.9s
[Epoch 884] loss=0.0763 miou=0.6510 f1=0.7579 thr=0.35 time=62.0s
[Epoch 885] loss=0.0772 miou=0.6476 f1=0.7546 thr=0.35 time=61.8s
[Epoch 886] loss=0.0771 miou=0.6497 f1=0.7568 thr=0.45 time=62.1s
[Epoch 887] loss=0.0805 miou=0.6357 f1=0.7474 thr=0.35 time=62.3s
[Epoch 888] loss=0.0761 miou=0.6379 f1=0.7479 thr=0.35 time=62.4s
[Epoch 889] loss=0.0829 miou=0.6484 f1=0.7561 thr=0.55 time=62.3s
[Epoch 890] loss=0.0880 miou=0.6496 f1=0.7542 thr=0.35 time=62.4s
[Epoch 891] loss=0.0807 miou=0.6365 f1=0.7504 thr=0.35 time=62.2s
[Epoch 892] loss=0.0838 miou=0.6337 f1=0.7451 thr=0.35 time=62.1s
[Epoch 893] loss=0.0835 miou=0.6443 f1=0.7526 thr=0.35 time=62.2s
[Epoch 894] loss=0.0789 miou=0.6451 f1=0.7559 thr=0.35 time=62.1s
[Epoch 895] loss=0.0821 miou=0.6417 f1=0.7516 thr=0.35 time=62.7s
[Epoch 896] loss=0.0761 miou=0.6430 f1=0.7525 thr=0.35 time=62.5s
[Epoch 897] loss=0.0750 miou=0.6376 f1=0.7502 thr=0.35 time=62.2s
[Epoch 898] loss=0.0774 miou=0.6385 f1=0.7486 thr=0.35 time=62.1s
[Epoch 899] loss=0.0769 miou=0.6484 f1=0.7569 thr=0.35 time=62.0s
[Epoch 900] loss=0.0746 miou=0.6428 f1=0.7525 thr=0.35 time=62.1s
[Epoch 901] loss=0.0777 miou=0.6497 f1=0.7577 thr=0.40 time=62.0s
[Epoch 902] loss=0.0863 miou=0.6311 f1=0.7420 thr=0.35 time=61.7s
[Epoch 903] loss=0.0841 miou=0.6474 f1=0.7543 thr=0.35 time=61.8s
[Epoch 904] loss=0.0828 miou=0.6494 f1=0.7587 thr=0.35 time=61.9s
[Epoch 905] loss=0.0807 miou=0.6392 f1=0.7505 thr=0.35 time=62.1s
[Epoch 906] loss=0.0817 miou=0.6428 f1=0.7530 thr=0.35 time=62.1s
[Epoch 907] loss=0.0783 miou=0.6370 f1=0.7486 thr=0.35 time=62.3s
[Epoch 908] loss=0.0750 miou=0.6477 f1=0.7559 thr=0.35 time=62.1s
[Epoch 909] loss=0.0774 miou=0.6403 f1=0.7501 thr=0.35 time=62.2s
[Epoch 910] loss=0.0777 miou=0.6513 f1=0.7597 thr=0.35 time=63.2s
[Epoch 911] loss=0.0773 miou=0.6378 f1=0.7489 thr=0.35 time=62.8s
[Epoch 912] loss=0.0774 miou=0.6391 f1=0.7502 thr=0.35 time=62.6s
[Epoch 913] loss=0.0810 miou=0.6373 f1=0.7488 thr=0.35 time=62.3s
[Epoch 914] loss=0.0854 miou=0.6422 f1=0.7549 thr=0.35 time=62.3s
[Epoch 915] loss=0.0895 miou=0.6481 f1=0.7560 thr=0.35 time=62.1s
[Epoch 916] loss=0.0842 miou=0.6316 f1=0.7429 thr=0.40 time=62.8s
[Epoch 917] loss=0.0790 miou=0.6355 f1=0.7505 thr=0.35 time=62.1s
[Epoch 918] loss=0.0796 miou=0.6359 f1=0.7491 thr=0.35 time=62.1s
[Epoch 919] loss=0.0793 miou=0.6487 f1=0.7587 thr=0.35 time=62.1s
[Epoch 920] loss=0.0791 miou=0.6399 f1=0.7522 thr=0.35 time=62.1s
[Epoch 921] loss=0.0795 miou=0.6435 f1=0.7568 thr=0.35 time=62.2s
[Epoch 922] loss=0.0824 miou=0.6448 f1=0.7565 thr=0.35 time=62.9s
[Epoch 923] loss=0.0824 miou=0.6407 f1=0.7522 thr=0.35 time=63.2s
[Epoch 924] loss=0.0865 miou=0.6361 f1=0.7518 thr=0.35 time=62.0s
[Epoch 925] loss=0.0851 miou=0.6442 f1=0.7524 thr=0.35 time=62.2s
[Epoch 926] loss=0.0797 miou=0.6420 f1=0.7522 thr=0.35 time=62.1s
[Epoch 927] loss=0.0786 miou=0.6393 f1=0.7501 thr=0.35 time=62.1s
[Epoch 928] loss=0.0771 miou=0.6395 f1=0.7497 thr=0.35 time=62.1s
[Epoch 929] loss=0.1475 miou=0.6290 f1=0.7415 thr=0.35 time=62.1s
[Epoch 930] loss=0.0892 miou=0.6485 f1=0.7584 thr=0.35 time=62.1s
[Epoch 931] loss=0.0784 miou=0.6535 f1=0.7608 thr=0.35 time=62.1s
[Epoch 932] loss=0.0797 miou=0.6398 f1=0.7491 thr=0.35 time=62.0s
[Epoch 933] loss=0.0752 miou=0.6316 f1=0.7442 thr=0.35 time=62.0s
[Epoch 934] loss=0.0747 miou=0.6457 f1=0.7555 thr=0.35 time=62.1s
[Epoch 935] loss=0.0753 miou=0.6364 f1=0.7474 thr=0.35 time=62.1s
[Epoch 936] loss=0.0752 miou=0.6209 f1=0.7331 thr=0.35 time=62.1s
[Epoch 937] loss=0.0746 miou=0.6332 f1=0.7450 thr=0.35 time=62.0s
[Epoch 938] loss=0.0723 miou=0.6351 f1=0.7457 thr=0.35 time=62.1s
[Epoch 939] loss=0.0772 miou=0.6448 f1=0.7535 thr=0.35 time=62.1s
[Epoch 940] loss=0.0756 miou=0.6410 f1=0.7521 thr=0.35 time=62.0s
[Epoch 941] loss=0.0761 miou=0.6463 f1=0.7532 thr=0.35 time=62.0s
[Epoch 942] loss=0.0723 miou=0.6359 f1=0.7468 thr=0.35 time=62.0s
[Epoch 943] loss=0.0757 miou=0.6513 f1=0.7602 thr=0.35 time=62.1s
[Epoch 944] loss=0.0726 miou=0.6475 f1=0.7576 thr=0.35 time=62.0s
[Epoch 945] loss=0.0821 miou=0.6347 f1=0.7470 thr=0.35 time=62.1s
[Epoch 946] loss=0.0804 miou=0.6321 f1=0.7446 thr=0.35 time=62.2s
[Epoch 947] loss=0.0846 miou=0.6492 f1=0.7608 thr=0.35 time=62.8s
[Epoch 948] loss=0.0789 miou=0.6458 f1=0.7557 thr=0.50 time=62.0s
[Epoch 949] loss=0.0782 miou=0.6462 f1=0.7566 thr=0.35 time=62.0s
[Epoch 950] loss=0.0895 miou=0.6475 f1=0.7563 thr=0.35 time=62.0s
[Epoch 951] loss=0.0778 miou=0.6485 f1=0.7564 thr=0.35 time=62.1s
[Epoch 952] loss=0.0822 miou=0.6465 f1=0.7567 thr=0.35 time=62.5s
[Epoch 953] loss=0.0836 miou=0.6334 f1=0.7457 thr=0.55 time=62.4s
[Epoch 954] loss=0.0775 miou=0.6400 f1=0.7515 thr=0.35 time=62.0s
[Epoch 955] loss=0.0735 miou=0.6458 f1=0.7539 thr=0.35 time=62.0s
[Epoch 956] loss=0.0745 miou=0.6431 f1=0.7524 thr=0.35 time=62.0s
[Epoch 957] loss=0.0773 miou=0.6510 f1=0.7589 thr=0.35 time=62.1s
[Epoch 958] loss=0.0745 miou=0.6532 f1=0.7605 thr=0.35 time=62.0s
[Epoch 959] loss=0.0726 miou=0.6421 f1=0.7510 thr=0.35 time=62.1s
[Epoch 960] loss=0.0713 miou=0.6424 f1=0.7516 thr=0.35 time=62.5s
[Epoch 961] loss=0.0738 miou=0.6448 f1=0.7553 thr=0.35 time=62.5s
[Epoch 962] loss=0.0726 miou=0.6396 f1=0.7499 thr=0.35 time=62.4s
[Epoch 963] loss=0.0733 miou=0.6399 f1=0.7493 thr=0.35 time=62.9s
[Epoch 964] loss=0.0729 miou=0.6485 f1=0.7586 thr=0.35 time=63.2s
[Epoch 965] loss=0.0715 miou=0.6494 f1=0.7578 thr=0.35 time=63.2s
[Epoch 966] loss=0.0691 miou=0.6518 f1=0.7607 thr=0.35 time=61.9s
[Epoch 967] loss=0.0702 miou=0.6483 f1=0.7556 thr=0.45 time=62.8s
[Epoch 968] loss=0.0746 miou=0.6401 f1=0.7506 thr=0.35 time=62.2s
[Epoch 969] loss=0.0722 miou=0.6403 f1=0.7506 thr=0.50 time=62.0s
[Epoch 970] loss=0.0697 miou=0.6478 f1=0.7558 thr=0.35 time=61.9s
[Epoch 971] loss=0.0721 miou=0.6464 f1=0.7546 thr=0.35 time=62.0s
[Epoch 972] loss=0.0773 miou=0.6571 f1=0.7631 thr=0.35 time=62.0s
[Epoch 973] loss=0.0788 miou=0.6528 f1=0.7600 thr=0.35 time=62.1s
[Epoch 974] loss=0.0782 miou=0.6413 f1=0.7526 thr=0.35 time=62.1s
[Epoch 975] loss=0.0798 miou=0.6245 f1=0.7381 thr=0.35 time=62.0s
[Epoch 976] loss=0.0893 miou=0.6437 f1=0.7550 thr=0.35 time=62.0s
[Epoch 977] loss=0.0863 miou=0.6359 f1=0.7479 thr=0.35 time=63.4s
[Epoch 978] loss=0.0813 miou=0.6352 f1=0.7496 thr=0.35 time=62.0s
[Epoch 979] loss=0.0786 miou=0.6455 f1=0.7572 thr=0.35 time=63.2s
[Epoch 980] loss=0.0758 miou=0.6392 f1=0.7511 thr=0.35 time=62.2s
[Epoch 981] loss=0.0744 miou=0.6531 f1=0.7613 thr=0.45 time=62.0s
[Epoch 982] loss=0.0756 miou=0.6505 f1=0.7588 thr=0.35 time=62.0s
[Epoch 983] loss=0.0761 miou=0.6511 f1=0.7585 thr=0.35 time=62.3s
[Epoch 984] loss=0.0774 miou=0.6389 f1=0.7531 thr=0.35 time=62.1s
[Epoch 985] loss=0.0788 miou=0.6521 f1=0.7594 thr=0.35 time=62.0s
[Epoch 986] loss=0.0749 miou=0.6501 f1=0.7583 thr=0.35 time=63.1s
[Epoch 987] loss=0.0820 miou=0.6426 f1=0.7541 thr=0.35 time=62.1s
[Epoch 988] loss=0.0790 miou=0.6505 f1=0.7577 thr=0.35 time=62.5s
[Epoch 989] loss=0.0760 miou=0.6391 f1=0.7492 thr=0.35 time=62.1s
[Epoch 990] loss=0.0759 miou=0.6380 f1=0.7471 thr=0.35 time=63.2s
[Epoch 991] loss=0.0774 miou=0.6472 f1=0.7560 thr=0.35 time=63.0s
[Epoch 992] loss=0.0765 miou=0.6511 f1=0.7589 thr=0.35 time=63.0s
[Epoch 993] loss=0.0754 miou=0.6397 f1=0.7507 thr=0.35 time=63.0s
[Epoch 994] loss=0.0733 miou=0.6543 f1=0.7612 thr=0.35 time=62.2s
[Epoch 995] loss=0.0722 miou=0.6450 f1=0.7537 thr=0.35 time=62.2s
[Epoch 996] loss=0.0737 miou=0.6465 f1=0.7558 thr=0.35 time=63.0s
[Epoch 997] loss=0.0709 miou=0.6372 f1=0.7475 thr=0.35 time=63.1s
[Epoch 998] loss=0.0804 miou=0.6459 f1=0.7567 thr=0.35 time=61.8s
[Epoch 999] loss=0.0798 miou=0.6389 f1=0.7519 thr=0.35 time=61.9s
[Epoch 1000] loss=0.0876 miou=0.6293 f1=0.7428 thr=0.35 time=61.9s
