nohup: ignoring input
Run directory: ./outputs_sam_sirst_hq/IRSTD-1k_model-vitt_size256_use_HQ_bs4_e1000kp1_split-50_50_20250915_232421
/home/bip/cry/anaconda3/lib/python3.9/site-packages/torch/cuda/__init__.py:611: UserWarning: Can't initialize NVML
  warnings.warn("Can't initialize NVML")
[Epoch 001] loss=0.9530 miou=0.0050 f1=0.0000 time=30.4s
[Epoch 002] loss=0.8936 miou=0.0050 f1=0.0000 time=29.2s
[Epoch 003] loss=0.8714 miou=0.0904 f1=0.1346 time=29.6s
[Epoch 004] loss=0.7020 miou=0.1889 f1=0.2646 time=29.4s
[Epoch 005] loss=0.6352 miou=0.2039 f1=0.2793 time=29.4s
[Epoch 006] loss=0.6062 miou=0.2243 f1=0.3108 time=29.4s
[Epoch 007] loss=0.6003 miou=0.2302 f1=0.3142 time=29.1s
[Epoch 008] loss=0.5769 miou=0.2611 f1=0.3492 time=29.3s
[Epoch 009] loss=0.5639 miou=0.2576 f1=0.3504 time=30.1s
[Epoch 010] loss=0.5545 miou=0.2912 f1=0.3905 time=29.9s
[Epoch 011] loss=0.5424 miou=0.2666 f1=0.3561 time=29.6s
[Epoch 012] loss=0.5373 miou=0.3029 f1=0.4032 time=29.4s
[Epoch 013] loss=0.5254 miou=0.3187 f1=0.4119 time=29.9s
[Epoch 014] loss=0.5258 miou=0.2768 f1=0.3673 time=29.2s
[Epoch 015] loss=0.5172 miou=0.3012 f1=0.4041 time=29.2s
[Epoch 016] loss=0.5139 miou=0.3132 f1=0.4148 time=29.2s
[Epoch 017] loss=0.5241 miou=0.2746 f1=0.3693 time=29.5s
[Epoch 018] loss=0.5163 miou=0.3007 f1=0.4028 time=29.3s
[Epoch 019] loss=0.5241 miou=0.3110 f1=0.4131 time=29.1s
[Epoch 020] loss=0.5071 miou=0.3097 f1=0.4179 time=29.0s
[Epoch 021] loss=0.5033 miou=0.3064 f1=0.4027 time=29.2s
[Epoch 022] loss=0.5050 miou=0.3067 f1=0.4087 time=29.3s
[Epoch 023] loss=0.4924 miou=0.3292 f1=0.4342 time=29.2s
[Epoch 024] loss=0.4948 miou=0.3355 f1=0.4426 time=29.5s
[Epoch 025] loss=0.4887 miou=0.3404 f1=0.4513 time=29.4s
[Epoch 026] loss=0.4865 miou=0.3235 f1=0.4269 time=29.4s
[Epoch 027] loss=0.4819 miou=0.3530 f1=0.4549 time=29.3s
[Epoch 028] loss=0.4817 miou=0.3440 f1=0.4465 time=29.4s
[Epoch 029] loss=0.4839 miou=0.3475 f1=0.4471 time=29.1s
[Epoch 030] loss=0.4795 miou=0.3380 f1=0.4363 time=29.1s
[Epoch 031] loss=0.4911 miou=0.3196 f1=0.4213 time=29.1s
[Epoch 032] loss=0.4761 miou=0.3510 f1=0.4492 time=29.3s
[Epoch 033] loss=0.4768 miou=0.3258 f1=0.4308 time=29.3s
[Epoch 034] loss=0.4739 miou=0.3428 f1=0.4486 time=29.5s
[Epoch 035] loss=0.4686 miou=0.3408 f1=0.4493 time=29.3s
[Epoch 036] loss=0.4695 miou=0.3341 f1=0.4467 time=29.3s
[Epoch 037] loss=0.4811 miou=0.3438 f1=0.4495 time=29.3s
[Epoch 038] loss=0.4702 miou=0.3623 f1=0.4698 time=29.2s
[Epoch 039] loss=0.4704 miou=0.3477 f1=0.4514 time=29.1s
[Epoch 040] loss=0.4636 miou=0.3555 f1=0.4577 time=28.6s
[Epoch 041] loss=0.4589 miou=0.3400 f1=0.4454 time=28.6s
[Epoch 042] loss=0.4641 miou=0.3368 f1=0.4447 time=29.2s
[Epoch 043] loss=0.4716 miou=0.3399 f1=0.4447 time=29.1s
[Epoch 044] loss=0.4596 miou=0.3536 f1=0.4630 time=29.2s
[Epoch 045] loss=0.4539 miou=0.3571 f1=0.4633 time=29.1s
[Epoch 046] loss=0.4590 miou=0.3551 f1=0.4568 time=29.3s
[Epoch 047] loss=0.4556 miou=0.3646 f1=0.4745 time=29.3s
[Epoch 048] loss=0.4626 miou=0.3379 f1=0.4467 time=29.4s
[Epoch 049] loss=0.4529 miou=0.3572 f1=0.4629 time=29.3s
[Epoch 050] loss=0.4536 miou=0.3600 f1=0.4692 time=30.2s
[Epoch 051] loss=0.4563 miou=0.3669 f1=0.4694 time=29.8s
[Epoch 052] loss=0.4502 miou=0.3620 f1=0.4694 time=30.2s
[Epoch 053] loss=0.4689 miou=0.3515 f1=0.4593 time=30.0s
[Epoch 054] loss=0.4527 miou=0.3295 f1=0.4398 time=29.4s
[Epoch 055] loss=0.4540 miou=0.3579 f1=0.4674 time=29.7s
[Epoch 056] loss=0.4397 miou=0.3534 f1=0.4642 time=29.2s
[Epoch 057] loss=0.4455 miou=0.3386 f1=0.4447 time=29.6s
[Epoch 058] loss=0.4438 miou=0.3655 f1=0.4757 time=29.4s
[Epoch 059] loss=0.4506 miou=0.3448 f1=0.4485 time=29.3s
[Epoch 060] loss=0.4438 miou=0.3479 f1=0.4506 time=29.7s
[Epoch 061] loss=0.4394 miou=0.3506 f1=0.4555 time=29.2s
[Epoch 062] loss=0.4477 miou=0.3571 f1=0.4612 time=29.3s
[Epoch 063] loss=0.4571 miou=0.3576 f1=0.4750 time=29.2s
[Epoch 064] loss=0.4416 miou=0.3611 f1=0.4588 time=29.3s
[Epoch 065] loss=0.4386 miou=0.3647 f1=0.4805 time=29.3s
[Epoch 066] loss=0.4340 miou=0.3562 f1=0.4580 time=29.4s
[Epoch 067] loss=0.4360 miou=0.3740 f1=0.4873 time=29.3s
[Epoch 068] loss=0.4439 miou=0.3635 f1=0.4731 time=29.9s
[Epoch 069] loss=0.4336 miou=0.3534 f1=0.4611 time=29.3s
[Epoch 070] loss=0.4314 miou=0.3566 f1=0.4627 time=29.3s
[Epoch 071] loss=0.4369 miou=0.3735 f1=0.4761 time=29.2s
[Epoch 072] loss=0.4268 miou=0.3662 f1=0.4705 time=29.9s
[Epoch 073] loss=0.4307 miou=0.3739 f1=0.4821 time=29.2s
[Epoch 074] loss=0.4253 miou=0.3801 f1=0.4853 time=29.8s
[Epoch 075] loss=0.4340 miou=0.3624 f1=0.4658 time=29.2s
[Epoch 076] loss=0.4281 miou=0.3781 f1=0.4829 time=29.9s
[Epoch 077] loss=0.4280 miou=0.3680 f1=0.4779 time=29.6s
[Epoch 078] loss=0.4287 miou=0.3749 f1=0.4865 time=30.0s
[Epoch 079] loss=0.4472 miou=0.3578 f1=0.4572 time=30.3s
[Epoch 080] loss=0.4428 miou=0.3647 f1=0.4663 time=29.8s
[Epoch 081] loss=0.4276 miou=0.3666 f1=0.4756 time=29.3s
[Epoch 082] loss=0.4286 miou=0.3727 f1=0.4873 time=29.4s
[Epoch 083] loss=0.4324 miou=0.3502 f1=0.4433 time=29.9s
[Epoch 084] loss=0.4233 miou=0.3696 f1=0.4781 time=29.3s
[Epoch 085] loss=0.4237 miou=0.3713 f1=0.4732 time=29.2s
[Epoch 086] loss=0.4247 miou=0.3599 f1=0.4533 time=29.4s
[Epoch 087] loss=0.4236 miou=0.3701 f1=0.4683 time=29.1s
[Epoch 088] loss=0.4165 miou=0.3937 f1=0.5075 time=29.5s
[Epoch 089] loss=0.4201 miou=0.3802 f1=0.4815 time=29.3s
[Epoch 090] loss=0.4310 miou=0.3543 f1=0.4540 time=29.1s
[Epoch 091] loss=0.4281 miou=0.3785 f1=0.4924 time=29.4s
[Epoch 092] loss=0.4217 miou=0.3859 f1=0.4964 time=29.5s
[Epoch 093] loss=0.4151 miou=0.3798 f1=0.4828 time=29.8s
[Epoch 094] loss=0.4175 miou=0.3756 f1=0.4781 time=29.9s
[Epoch 095] loss=0.4416 miou=0.3413 f1=0.4494 time=30.0s
[Epoch 096] loss=0.4251 miou=0.3673 f1=0.4770 time=29.1s
[Epoch 097] loss=0.4176 miou=0.3653 f1=0.4783 time=29.4s
[Epoch 098] loss=0.4250 miou=0.3726 f1=0.4800 time=29.5s
[Epoch 099] loss=0.4169 miou=0.3816 f1=0.4851 time=29.3s
[Epoch 100] loss=0.4172 miou=0.3760 f1=0.4736 time=29.1s
[Epoch 101] loss=0.4142 miou=0.3853 f1=0.4917 time=28.6s
[Epoch 102] loss=0.4104 miou=0.3771 f1=0.4902 time=28.5s
[Epoch 103] loss=0.4142 miou=0.3770 f1=0.4826 time=28.6s
[Epoch 104] loss=0.4108 miou=0.3875 f1=0.4936 time=29.5s
[Epoch 105] loss=0.4135 miou=0.3768 f1=0.4831 time=29.5s
[Epoch 106] loss=0.4193 miou=0.3817 f1=0.4890 time=29.3s
[Epoch 107] loss=0.4116 miou=0.3921 f1=0.5018 time=29.9s
[Epoch 108] loss=0.4125 miou=0.3967 f1=0.5012 time=29.7s
[Epoch 109] loss=0.4069 miou=0.3798 f1=0.5004 time=29.5s
[Epoch 110] loss=0.4113 miou=0.3781 f1=0.4869 time=29.8s
[Epoch 111] loss=0.4163 miou=0.3747 f1=0.4816 time=29.1s
[Epoch 112] loss=0.4104 miou=0.3823 f1=0.4909 time=30.1s
[Epoch 113] loss=0.4101 miou=0.3942 f1=0.5058 time=29.8s
[Epoch 114] loss=0.3994 miou=0.4027 f1=0.5115 time=29.8s
[Epoch 115] loss=0.4026 miou=0.3953 f1=0.4994 time=29.3s
[Epoch 116] loss=0.4146 miou=0.3683 f1=0.4684 time=29.6s
[Epoch 117] loss=0.4131 miou=0.3625 f1=0.4614 time=29.5s
[Epoch 118] loss=0.4013 miou=0.3882 f1=0.4971 time=30.0s
[Epoch 119] loss=0.4062 miou=0.3855 f1=0.4896 time=29.5s
[Epoch 120] loss=0.3940 miou=0.3766 f1=0.4867 time=29.7s
[Epoch 121] loss=0.3963 miou=0.4073 f1=0.5209 time=29.3s
[Epoch 122] loss=0.3969 miou=0.3930 f1=0.4986 time=29.6s
[Epoch 123] loss=0.3990 miou=0.4004 f1=0.5041 time=30.1s
[Epoch 124] loss=0.4009 miou=0.3876 f1=0.4963 time=29.5s
[Epoch 125] loss=0.4017 miou=0.3860 f1=0.4876 time=29.6s
[Epoch 126] loss=0.4008 miou=0.3973 f1=0.4981 time=29.4s
[Epoch 127] loss=0.3943 miou=0.4015 f1=0.5130 time=29.3s
[Epoch 128] loss=0.3924 miou=0.4112 f1=0.5212 time=29.5s
[Epoch 129] loss=0.3964 miou=0.4030 f1=0.5096 time=29.9s
[Epoch 130] loss=0.3897 miou=0.3987 f1=0.5033 time=29.6s
[Epoch 131] loss=0.3987 miou=0.4093 f1=0.5247 time=30.1s
[Epoch 132] loss=0.3883 miou=0.4204 f1=0.5319 time=29.5s
[Epoch 133] loss=0.3894 miou=0.3892 f1=0.5017 time=29.3s
[Epoch 134] loss=0.3969 miou=0.4123 f1=0.5213 time=29.3s
[Epoch 135] loss=0.3920 miou=0.4015 f1=0.5079 time=29.1s
[Epoch 136] loss=0.3933 miou=0.3969 f1=0.5004 time=28.7s
[Epoch 137] loss=0.3907 miou=0.3929 f1=0.4998 time=28.9s
[Epoch 138] loss=0.3892 miou=0.4019 f1=0.5076 time=29.3s
[Epoch 139] loss=0.3870 miou=0.4086 f1=0.5187 time=29.2s
[Epoch 140] loss=0.3948 miou=0.3982 f1=0.5046 time=28.7s
[Epoch 141] loss=0.3887 miou=0.4203 f1=0.5320 time=28.7s
[Epoch 142] loss=0.3886 miou=0.4080 f1=0.5181 time=28.9s
[Epoch 143] loss=0.3889 miou=0.4021 f1=0.5029 time=28.9s
[Epoch 144] loss=0.3829 miou=0.4119 f1=0.5214 time=29.2s
[Epoch 145] loss=0.3746 miou=0.4225 f1=0.5324 time=28.9s
[Epoch 146] loss=0.3896 miou=0.4241 f1=0.5284 time=28.8s
[Epoch 147] loss=0.3797 miou=0.4233 f1=0.5286 time=28.6s
[Epoch 148] loss=0.3870 miou=0.4099 f1=0.5198 time=28.6s
[Epoch 149] loss=0.3875 miou=0.4026 f1=0.5192 time=28.6s
[Epoch 150] loss=0.3958 miou=0.4083 f1=0.5150 time=28.6s
[Epoch 151] loss=0.3787 miou=0.4254 f1=0.5342 time=29.1s
[Epoch 152] loss=0.3866 miou=0.4194 f1=0.5307 time=29.2s
[Epoch 153] loss=0.3754 miou=0.4078 f1=0.5167 time=28.6s
[Epoch 154] loss=0.3815 miou=0.3954 f1=0.5060 time=28.6s
[Epoch 155] loss=0.3877 miou=0.4078 f1=0.5282 time=28.6s
[Epoch 156] loss=0.3795 miou=0.4210 f1=0.5405 time=28.6s
[Epoch 157] loss=0.3820 miou=0.4214 f1=0.5347 time=29.3s
[Epoch 158] loss=0.3807 miou=0.4011 f1=0.5057 time=28.7s
[Epoch 159] loss=0.3814 miou=0.4190 f1=0.5249 time=29.5s
[Epoch 160] loss=0.3781 miou=0.4147 f1=0.5296 time=29.1s
[Epoch 161] loss=0.3800 miou=0.4094 f1=0.5226 time=29.1s
[Epoch 162] loss=0.3776 miou=0.4219 f1=0.5257 time=29.3s
[Epoch 163] loss=0.3705 miou=0.4354 f1=0.5426 time=29.1s
[Epoch 164] loss=0.3679 miou=0.4205 f1=0.5298 time=29.3s
[Epoch 165] loss=0.3814 miou=0.3884 f1=0.4977 time=29.2s
[Epoch 166] loss=0.3812 miou=0.4177 f1=0.5254 time=29.3s
[Epoch 167] loss=0.3861 miou=0.4316 f1=0.5395 time=29.3s
[Epoch 168] loss=0.3754 miou=0.4207 f1=0.5359 time=29.3s
[Epoch 169] loss=0.3789 miou=0.4241 f1=0.5327 time=29.3s
[Epoch 170] loss=0.3702 miou=0.4255 f1=0.5423 time=29.0s
[Epoch 171] loss=0.3841 miou=0.3698 f1=0.4719 time=29.1s
[Epoch 172] loss=0.3872 miou=0.4174 f1=0.5320 time=29.4s
[Epoch 173] loss=0.3737 miou=0.4200 f1=0.5295 time=29.4s
[Epoch 174] loss=0.3664 miou=0.4227 f1=0.5377 time=29.5s
[Epoch 175] loss=0.3617 miou=0.4196 f1=0.5254 time=29.6s
[Epoch 176] loss=0.3719 miou=0.4026 f1=0.5163 time=29.7s
[Epoch 177] loss=0.3724 miou=0.4084 f1=0.5210 time=29.3s
[Epoch 178] loss=0.3729 miou=0.4151 f1=0.5254 time=29.4s
[Epoch 179] loss=0.3585 miou=0.4188 f1=0.5287 time=29.3s
[Epoch 180] loss=0.3722 miou=0.4110 f1=0.5234 time=29.3s
[Epoch 181] loss=0.3711 miou=0.4257 f1=0.5297 time=29.4s
[Epoch 182] loss=0.3652 miou=0.4134 f1=0.5310 time=29.4s
[Epoch 183] loss=0.3679 miou=0.4343 f1=0.5460 time=28.9s
[Epoch 184] loss=0.3596 miou=0.4238 f1=0.5374 time=29.0s
[Epoch 185] loss=0.3738 miou=0.3837 f1=0.4935 time=29.4s
[Epoch 186] loss=0.3657 miou=0.4057 f1=0.5182 time=28.8s
[Epoch 187] loss=0.3669 miou=0.4205 f1=0.5353 time=28.7s
[Epoch 188] loss=0.3630 miou=0.4164 f1=0.5302 time=29.5s
[Epoch 189] loss=0.3617 miou=0.4168 f1=0.5342 time=29.6s
[Epoch 190] loss=0.3769 miou=0.4281 f1=0.5397 time=29.5s
[Epoch 191] loss=0.3664 miou=0.4223 f1=0.5436 time=29.2s
[Epoch 192] loss=0.3596 miou=0.4031 f1=0.5243 time=29.4s
[Epoch 193] loss=0.3737 miou=0.4273 f1=0.5477 time=29.3s
[Epoch 194] loss=0.3616 miou=0.4229 f1=0.5416 time=29.4s
[Epoch 195] loss=0.3669 miou=0.4169 f1=0.5253 time=29.4s
[Epoch 196] loss=0.3625 miou=0.4286 f1=0.5392 time=29.4s
[Epoch 197] loss=0.3667 miou=0.4339 f1=0.5467 time=29.6s
[Epoch 198] loss=0.3605 miou=0.3872 f1=0.4850 time=29.3s
[Epoch 199] loss=0.3672 miou=0.4239 f1=0.5341 time=29.4s
[Epoch 200] loss=0.3578 miou=0.4161 f1=0.5220 time=29.4s
[Epoch 201] loss=0.3527 miou=0.4299 f1=0.5416 time=29.5s
[Epoch 202] loss=0.3563 miou=0.4292 f1=0.5314 time=29.4s
[Epoch 203] loss=0.3551 miou=0.4383 f1=0.5481 time=29.6s
[Epoch 204] loss=0.3606 miou=0.3983 f1=0.5127 time=28.7s
[Epoch 205] loss=0.3557 miou=0.4342 f1=0.5488 time=29.4s
[Epoch 206] loss=0.3740 miou=0.4242 f1=0.5339 time=29.5s
[Epoch 207] loss=0.3645 miou=0.4282 f1=0.5364 time=29.4s
[Epoch 208] loss=0.3515 miou=0.4267 f1=0.5353 time=29.2s
[Epoch 209] loss=0.3516 miou=0.4181 f1=0.5319 time=29.4s
[Epoch 210] loss=0.3621 miou=0.4320 f1=0.5448 time=29.4s
[Epoch 211] loss=0.3559 miou=0.4146 f1=0.5293 time=29.4s
[Epoch 212] loss=0.3632 miou=0.4293 f1=0.5365 time=29.3s
[Epoch 213] loss=0.3552 miou=0.4338 f1=0.5474 time=29.0s
[Epoch 214] loss=0.3616 miou=0.4398 f1=0.5486 time=29.1s
[Epoch 215] loss=0.3528 miou=0.4368 f1=0.5491 time=29.4s
[Epoch 216] loss=0.3525 miou=0.4303 f1=0.5427 time=29.6s
[Epoch 217] loss=0.3480 miou=0.4264 f1=0.5449 time=29.5s
[Epoch 218] loss=0.3645 miou=0.4151 f1=0.5246 time=29.4s
[Epoch 219] loss=0.3441 miou=0.4446 f1=0.5553 time=29.5s
[Epoch 220] loss=0.3411 miou=0.4145 f1=0.5232 time=29.6s
[Epoch 221] loss=0.3505 miou=0.4321 f1=0.5349 time=29.5s
[Epoch 222] loss=0.3506 miou=0.4434 f1=0.5545 time=29.3s
[Epoch 223] loss=0.3563 miou=0.4149 f1=0.5238 time=29.3s
[Epoch 224] loss=0.3642 miou=0.4447 f1=0.5574 time=29.5s
[Epoch 225] loss=0.3564 miou=0.4026 f1=0.5198 time=29.4s
[Epoch 226] loss=0.3487 miou=0.4156 f1=0.5206 time=29.7s
[Epoch 227] loss=0.3611 miou=0.4305 f1=0.5419 time=29.6s
[Epoch 228] loss=0.3422 miou=0.4413 f1=0.5495 time=29.5s
[Epoch 229] loss=0.3437 miou=0.4296 f1=0.5396 time=29.5s
[Epoch 230] loss=0.3437 miou=0.4343 f1=0.5446 time=29.4s
[Epoch 231] loss=0.3558 miou=0.4387 f1=0.5524 time=29.4s
[Epoch 232] loss=0.3477 miou=0.4334 f1=0.5441 time=29.4s
[Epoch 233] loss=0.3465 miou=0.4246 f1=0.5464 time=29.5s
[Epoch 234] loss=0.3559 miou=0.4242 f1=0.5437 time=29.3s
[Epoch 235] loss=0.3472 miou=0.4386 f1=0.5510 time=29.4s
[Epoch 236] loss=0.3508 miou=0.4393 f1=0.5529 time=29.4s
[Epoch 237] loss=0.3487 miou=0.4304 f1=0.5365 time=29.4s
[Epoch 238] loss=0.3402 miou=0.4495 f1=0.5567 time=29.4s
[Epoch 239] loss=0.3541 miou=0.4330 f1=0.5450 time=29.5s
[Epoch 240] loss=0.3386 miou=0.4510 f1=0.5626 time=29.0s
[Epoch 241] loss=0.3350 miou=0.4408 f1=0.5489 time=29.1s
[Epoch 242] loss=0.3481 miou=0.4368 f1=0.5456 time=29.2s
[Epoch 243] loss=0.3513 miou=0.4317 f1=0.5477 time=29.1s
[Epoch 244] loss=0.3509 miou=0.4270 f1=0.5437 time=29.5s
[Epoch 245] loss=0.3525 miou=0.4348 f1=0.5456 time=29.5s
[Epoch 246] loss=0.3562 miou=0.4358 f1=0.5463 time=29.4s
[Epoch 247] loss=0.3362 miou=0.4543 f1=0.5662 time=29.2s
[Epoch 248] loss=0.3338 miou=0.4608 f1=0.5711 time=29.2s
[Epoch 249] loss=0.3412 miou=0.4350 f1=0.5447 time=29.6s
[Epoch 250] loss=0.3494 miou=0.4312 f1=0.5433 time=29.6s
Unfroze at epoch 250: encoder + all heads.
[Epoch 251] loss=0.4976 miou=0.3414 f1=0.4402 time=61.1s
[Epoch 252] loss=0.4499 miou=0.3646 f1=0.4758 time=60.5s
[Epoch 253] loss=0.4399 miou=0.3996 f1=0.5156 time=60.5s
[Epoch 254] loss=0.4301 miou=0.4200 f1=0.5308 time=60.8s
[Epoch 255] loss=0.3984 miou=0.4203 f1=0.5504 time=60.9s
[Epoch 256] loss=0.3871 miou=0.4406 f1=0.5531 time=60.8s
[Epoch 257] loss=0.3826 miou=0.4645 f1=0.5867 time=60.6s
[Epoch 258] loss=0.3447 miou=0.4734 f1=0.5912 time=60.9s
[Epoch 259] loss=0.3444 miou=0.4804 f1=0.5927 time=60.9s
[Epoch 260] loss=0.3490 miou=0.4845 f1=0.6046 time=60.7s
[Epoch 261] loss=0.3408 miou=0.4695 f1=0.5816 time=60.9s
[Epoch 262] loss=0.3451 miou=0.4682 f1=0.5958 time=60.8s
[Epoch 263] loss=0.3341 miou=0.4709 f1=0.5976 time=60.9s
[Epoch 264] loss=0.3259 miou=0.4975 f1=0.6256 time=60.6s
[Epoch 265] loss=0.3248 miou=0.5046 f1=0.6252 time=60.9s
[Epoch 266] loss=0.3162 miou=0.4767 f1=0.5931 time=60.9s
[Epoch 267] loss=0.3218 miou=0.4927 f1=0.6109 time=60.6s
[Epoch 268] loss=0.3140 miou=0.5033 f1=0.6224 time=60.8s
[Epoch 269] loss=0.3078 miou=0.5195 f1=0.6437 time=60.8s
[Epoch 270] loss=0.3013 miou=0.4983 f1=0.6197 time=60.7s
[Epoch 271] loss=0.3064 miou=0.5096 f1=0.6332 time=60.8s
[Epoch 272] loss=0.3062 miou=0.5197 f1=0.6409 time=60.8s
[Epoch 273] loss=0.3101 miou=0.5141 f1=0.6366 time=60.6s
[Epoch 274] loss=0.3114 miou=0.5083 f1=0.6253 time=60.6s
[Epoch 275] loss=0.3091 miou=0.5211 f1=0.6480 time=60.7s
[Epoch 276] loss=0.3056 miou=0.4804 f1=0.5976 time=60.7s
[Epoch 277] loss=0.2911 miou=0.5202 f1=0.6450 time=60.9s
[Epoch 278] loss=0.2935 miou=0.5517 f1=0.6720 time=60.7s
[Epoch 279] loss=0.2961 miou=0.5419 f1=0.6672 time=60.8s
[Epoch 280] loss=0.2907 miou=0.5613 f1=0.6858 time=60.8s
[Epoch 281] loss=0.2725 miou=0.5338 f1=0.6560 time=60.7s
[Epoch 282] loss=0.2802 miou=0.5581 f1=0.6785 time=60.9s
[Epoch 283] loss=0.2758 miou=0.5213 f1=0.6489 time=60.8s
[Epoch 284] loss=0.2944 miou=0.5627 f1=0.6864 time=60.8s
[Epoch 285] loss=0.2916 miou=0.5427 f1=0.6630 time=60.8s
[Epoch 286] loss=0.2919 miou=0.5632 f1=0.6916 time=60.8s
[Epoch 287] loss=0.2783 miou=0.5649 f1=0.6886 time=60.9s
[Epoch 288] loss=0.2760 miou=0.5679 f1=0.6921 time=60.7s
[Epoch 289] loss=0.2732 miou=0.5691 f1=0.6895 time=60.9s
[Epoch 290] loss=0.2899 miou=0.5252 f1=0.6482 time=60.8s
[Epoch 291] loss=0.2793 miou=0.5372 f1=0.6542 time=60.9s
[Epoch 292] loss=0.2729 miou=0.5285 f1=0.6579 time=60.9s
[Epoch 293] loss=0.2852 miou=0.5637 f1=0.6968 time=60.9s
[Epoch 294] loss=0.2717 miou=0.5573 f1=0.6816 time=60.5s
[Epoch 295] loss=0.2867 miou=0.5717 f1=0.6953 time=60.8s
[Epoch 296] loss=0.2727 miou=0.5642 f1=0.6851 time=60.5s
[Epoch 297] loss=0.2580 miou=0.5808 f1=0.7016 time=60.3s
[Epoch 298] loss=0.2697 miou=0.5646 f1=0.6928 time=60.4s
[Epoch 299] loss=0.2767 miou=0.5430 f1=0.6752 time=60.3s
[Epoch 300] loss=0.2580 miou=0.5709 f1=0.6964 time=60.3s
[Epoch 301] loss=0.2562 miou=0.5572 f1=0.6816 time=60.9s
[Epoch 302] loss=0.2568 miou=0.5702 f1=0.6978 time=60.5s
[Epoch 303] loss=0.2687 miou=0.5574 f1=0.6830 time=60.8s
[Epoch 304] loss=0.2640 miou=0.5688 f1=0.6938 time=60.6s
[Epoch 305] loss=0.2566 miou=0.5696 f1=0.6973 time=60.7s
[Epoch 306] loss=0.2479 miou=0.5705 f1=0.6971 time=60.8s
[Epoch 307] loss=0.2491 miou=0.5852 f1=0.7067 time=60.6s
[Epoch 308] loss=0.2602 miou=0.5496 f1=0.6740 time=60.6s
[Epoch 309] loss=0.2585 miou=0.5377 f1=0.6694 time=60.7s
[Epoch 310] loss=0.2540 miou=0.5670 f1=0.6894 time=60.6s
[Epoch 311] loss=0.2553 miou=0.5755 f1=0.7053 time=60.6s
[Epoch 312] loss=0.2558 miou=0.5664 f1=0.6982 time=60.7s
[Epoch 313] loss=0.2550 miou=0.4393 f1=0.5587 time=60.6s
[Epoch 314] loss=0.2653 miou=0.5559 f1=0.6808 time=60.8s
[Epoch 315] loss=0.2471 miou=0.5822 f1=0.7079 time=60.7s
[Epoch 316] loss=0.2437 miou=0.5770 f1=0.7005 time=60.7s
[Epoch 317] loss=0.2589 miou=0.5809 f1=0.7047 time=60.6s
[Epoch 318] loss=0.2534 miou=0.5873 f1=0.7111 time=60.7s
[Epoch 319] loss=0.2414 miou=0.5746 f1=0.6945 time=60.7s
[Epoch 320] loss=0.2510 miou=0.5832 f1=0.7079 time=60.7s
[Epoch 321] loss=0.2485 miou=0.5556 f1=0.6840 time=60.6s
[Epoch 322] loss=0.2562 miou=0.5820 f1=0.7091 time=60.7s
[Epoch 323] loss=0.2446 miou=0.5189 f1=0.6379 time=60.6s
[Epoch 324] loss=0.2508 miou=0.5639 f1=0.6889 time=60.5s
[Epoch 325] loss=0.2442 miou=0.5775 f1=0.7045 time=60.6s
[Epoch 326] loss=0.2351 miou=0.5780 f1=0.7022 time=60.7s
[Epoch 327] loss=0.2370 miou=0.5866 f1=0.7128 time=60.8s
[Epoch 328] loss=0.2412 miou=0.5911 f1=0.7146 time=60.5s
[Epoch 329] loss=0.2516 miou=0.5589 f1=0.6836 time=60.6s
[Epoch 330] loss=0.2396 miou=0.5827 f1=0.7058 time=60.6s
[Epoch 331] loss=0.2540 miou=0.5704 f1=0.6954 time=60.5s
[Epoch 332] loss=0.2493 miou=0.5664 f1=0.6908 time=60.7s
[Epoch 333] loss=0.2434 miou=0.5741 f1=0.6972 time=60.7s
[Epoch 334] loss=0.2337 miou=0.5908 f1=0.7120 time=60.6s
[Epoch 335] loss=0.2342 miou=0.5521 f1=0.6745 time=60.7s
[Epoch 336] loss=0.2407 miou=0.5944 f1=0.7174 time=60.7s
[Epoch 337] loss=0.2337 miou=0.5890 f1=0.7118 time=61.0s
[Epoch 338] loss=0.2435 miou=0.5692 f1=0.6942 time=60.7s
[Epoch 339] loss=0.2545 miou=0.5740 f1=0.6949 time=60.7s
[Epoch 340] loss=0.2512 miou=0.5817 f1=0.7047 time=60.8s
[Epoch 341] loss=0.2400 miou=0.5679 f1=0.6940 time=60.8s
[Epoch 342] loss=0.2305 miou=0.5909 f1=0.7139 time=60.6s
[Epoch 343] loss=0.2453 miou=0.5756 f1=0.7037 time=60.6s
[Epoch 344] loss=0.2378 miou=0.6011 f1=0.7235 time=60.6s
[Epoch 345] loss=0.2297 miou=0.5863 f1=0.7099 time=60.6s
[Epoch 346] loss=0.2351 miou=0.5877 f1=0.7123 time=60.5s
[Epoch 347] loss=0.2277 miou=0.5896 f1=0.7123 time=60.7s
[Epoch 348] loss=0.2368 miou=0.5875 f1=0.7114 time=60.7s
[Epoch 349] loss=0.2354 miou=0.5775 f1=0.7019 time=60.7s
[Epoch 350] loss=0.2317 miou=0.6019 f1=0.7208 time=60.5s
[Epoch 351] loss=0.2334 miou=0.5843 f1=0.7108 time=60.7s
[Epoch 352] loss=0.2308 miou=0.5960 f1=0.7167 time=60.7s
[Epoch 353] loss=0.2314 miou=0.5825 f1=0.7041 time=60.5s
[Epoch 354] loss=0.2289 miou=0.5814 f1=0.7049 time=60.6s
[Epoch 355] loss=0.2290 miou=0.5957 f1=0.7182 time=60.8s
[Epoch 356] loss=0.2219 miou=0.5931 f1=0.7159 time=60.8s
[Epoch 357] loss=0.2446 miou=0.5733 f1=0.6988 time=60.7s
[Epoch 358] loss=0.2304 miou=0.5790 f1=0.7018 time=60.8s
[Epoch 359] loss=0.2260 miou=0.5898 f1=0.7129 time=60.5s
[Epoch 360] loss=0.2285 miou=0.5960 f1=0.7171 time=60.6s
[Epoch 361] loss=0.2298 miou=0.5789 f1=0.7042 time=60.8s
[Epoch 362] loss=0.2286 miou=0.5772 f1=0.7036 time=60.8s
[Epoch 363] loss=0.2334 miou=0.5827 f1=0.7102 time=60.7s
[Epoch 364] loss=0.2299 miou=0.5909 f1=0.7128 time=60.6s
[Epoch 365] loss=0.2195 miou=0.5878 f1=0.7115 time=60.6s
[Epoch 366] loss=0.2215 miou=0.5820 f1=0.7068 time=60.5s
[Epoch 367] loss=0.2327 miou=0.5796 f1=0.7115 time=60.7s
[Epoch 368] loss=0.2246 miou=0.5933 f1=0.7130 time=60.5s
[Epoch 369] loss=0.2196 miou=0.5928 f1=0.7135 time=60.4s
[Epoch 370] loss=0.2315 miou=0.6078 f1=0.7267 time=60.9s
[Epoch 371] loss=0.2191 miou=0.6186 f1=0.7360 time=60.7s
[Epoch 372] loss=0.2174 miou=0.5985 f1=0.7182 time=60.6s
[Epoch 373] loss=0.2172 miou=0.5733 f1=0.7005 time=60.5s
[Epoch 374] loss=0.2381 miou=0.5865 f1=0.7111 time=60.6s
[Epoch 375] loss=0.2227 miou=0.6026 f1=0.7224 time=60.7s
[Epoch 376] loss=0.2186 miou=0.5876 f1=0.7090 time=60.7s
[Epoch 377] loss=0.2218 miou=0.5874 f1=0.7087 time=60.5s
[Epoch 378] loss=0.2155 miou=0.5845 f1=0.7062 time=60.7s
[Epoch 379] loss=0.2199 miou=0.5880 f1=0.7086 time=60.8s
[Epoch 380] loss=0.2206 miou=0.5958 f1=0.7149 time=60.6s
[Epoch 381] loss=0.2238 miou=0.6127 f1=0.7326 time=60.7s
[Epoch 382] loss=0.2156 miou=0.6050 f1=0.7250 time=60.5s
[Epoch 383] loss=0.2181 miou=0.6035 f1=0.7251 time=60.6s
[Epoch 384] loss=0.2144 miou=0.5955 f1=0.7180 time=60.9s
[Epoch 385] loss=0.2242 miou=0.5756 f1=0.7021 time=60.6s
[Epoch 386] loss=0.2194 miou=0.6026 f1=0.7234 time=60.6s
[Epoch 387] loss=0.2142 miou=0.6153 f1=0.7325 time=60.5s
[Epoch 388] loss=0.2266 miou=0.5913 f1=0.7143 time=60.8s
[Epoch 389] loss=0.2207 miou=0.6019 f1=0.7227 time=60.6s
[Epoch 390] loss=0.2277 miou=0.6006 f1=0.7267 time=60.6s
[Epoch 391] loss=0.2194 miou=0.6049 f1=0.7248 time=60.5s
[Epoch 392] loss=0.2087 miou=0.6032 f1=0.7252 time=60.8s
[Epoch 393] loss=0.2142 miou=0.6119 f1=0.7309 time=60.4s
[Epoch 394] loss=0.2180 miou=0.6056 f1=0.7251 time=60.6s
[Epoch 395] loss=0.2137 miou=0.5992 f1=0.7216 time=60.7s
[Epoch 396] loss=0.2208 miou=0.5925 f1=0.7123 time=60.8s
[Epoch 397] loss=0.2196 miou=0.5987 f1=0.7200 time=60.7s
[Epoch 398] loss=0.2089 miou=0.6169 f1=0.7345 time=60.7s
[Epoch 399] loss=0.2285 miou=0.6049 f1=0.7272 time=60.8s
[Epoch 400] loss=0.2152 miou=0.6172 f1=0.7360 time=60.8s
[Epoch 401] loss=0.2152 miou=0.5957 f1=0.7166 time=60.7s
[Epoch 402] loss=0.2131 miou=0.6021 f1=0.7240 time=60.7s
[Epoch 403] loss=0.2119 miou=0.5941 f1=0.7165 time=60.7s
[Epoch 404] loss=0.2158 miou=0.6001 f1=0.7226 time=60.8s
[Epoch 405] loss=0.2134 miou=0.5872 f1=0.7098 time=60.6s
[Epoch 406] loss=0.2177 miou=0.5826 f1=0.7025 time=60.7s
[Epoch 407] loss=0.2164 miou=0.5690 f1=0.6971 time=60.5s
[Epoch 408] loss=0.2160 miou=0.6019 f1=0.7253 time=60.7s
[Epoch 409] loss=0.2044 miou=0.6019 f1=0.7226 time=60.6s
[Epoch 410] loss=0.2162 miou=0.5809 f1=0.7066 time=60.8s
[Epoch 411] loss=0.2279 miou=0.5631 f1=0.6901 time=60.8s
[Epoch 412] loss=0.2171 miou=0.5865 f1=0.7110 time=60.7s
[Epoch 413] loss=0.2234 miou=0.5955 f1=0.7169 time=60.9s
[Epoch 414] loss=0.2151 miou=0.5967 f1=0.7158 time=60.8s
[Epoch 415] loss=0.2130 miou=0.6086 f1=0.7306 time=60.9s
[Epoch 416] loss=0.2081 miou=0.5878 f1=0.7124 time=60.9s
[Epoch 417] loss=0.2291 miou=0.6046 f1=0.7263 time=60.7s
[Epoch 418] loss=0.2169 miou=0.5870 f1=0.7122 time=60.8s
[Epoch 419] loss=0.2082 miou=0.5946 f1=0.7156 time=60.6s
[Epoch 420] loss=0.2101 miou=0.5980 f1=0.7219 time=60.5s
[Epoch 421] loss=0.2225 miou=0.6064 f1=0.7287 time=60.8s
[Epoch 422] loss=0.2098 miou=0.6043 f1=0.7257 time=60.6s
[Epoch 423] loss=0.2094 miou=0.5892 f1=0.7125 time=60.5s
[Epoch 424] loss=0.2020 miou=0.6109 f1=0.7316 time=60.4s
[Epoch 425] loss=0.2004 miou=0.5883 f1=0.7071 time=60.4s
[Epoch 426] loss=0.2020 miou=0.6300 f1=0.7424 time=60.5s
[Epoch 427] loss=0.2030 miou=0.5874 f1=0.7144 time=60.5s
[Epoch 428] loss=0.2094 miou=0.6026 f1=0.7242 time=60.5s
[Epoch 429] loss=0.2065 miou=0.5599 f1=0.6848 time=60.6s
[Epoch 430] loss=0.2235 miou=0.6165 f1=0.7347 time=60.4s
[Epoch 431] loss=0.2160 miou=0.5961 f1=0.7158 time=60.4s
[Epoch 432] loss=0.2016 miou=0.5988 f1=0.7205 time=60.5s
[Epoch 433] loss=0.2046 miou=0.5985 f1=0.7194 time=60.5s
[Epoch 434] loss=0.1957 miou=0.5724 f1=0.6982 time=60.4s
[Epoch 435] loss=0.2125 miou=0.6154 f1=0.7353 time=60.4s
[Epoch 436] loss=0.2036 miou=0.6019 f1=0.7275 time=60.6s
[Epoch 437] loss=0.2132 miou=0.6009 f1=0.7219 time=60.7s
[Epoch 438] loss=0.1981 miou=0.6037 f1=0.7247 time=60.8s
[Epoch 439] loss=0.2095 miou=0.5916 f1=0.7132 time=60.8s
[Epoch 440] loss=0.2183 miou=0.5998 f1=0.7215 time=60.6s
[Epoch 441] loss=0.2071 miou=0.5962 f1=0.7178 time=60.5s
[Epoch 442] loss=0.2060 miou=0.6068 f1=0.7210 time=60.7s
[Epoch 443] loss=0.2084 miou=0.5783 f1=0.7022 time=60.4s
[Epoch 444] loss=0.2133 miou=0.5807 f1=0.7011 time=60.3s
[Epoch 445] loss=0.2128 miou=0.6065 f1=0.7286 time=60.4s
[Epoch 446] loss=0.2095 miou=0.6140 f1=0.7380 time=60.3s
[Epoch 447] loss=0.2091 miou=0.6192 f1=0.7370 time=60.4s
[Epoch 448] loss=0.2029 miou=0.6182 f1=0.7376 time=60.5s
[Epoch 449] loss=0.1979 miou=0.6301 f1=0.7484 time=60.4s
[Epoch 450] loss=0.1971 miou=0.6058 f1=0.7273 time=60.5s
[Epoch 451] loss=0.2064 miou=0.6154 f1=0.7348 time=60.4s
[Epoch 452] loss=0.2022 miou=0.6184 f1=0.7367 time=60.5s
[Epoch 453] loss=0.1922 miou=0.6171 f1=0.7350 time=60.5s
[Epoch 454] loss=0.1927 miou=0.6132 f1=0.7317 time=60.5s
[Epoch 455] loss=0.1891 miou=0.6173 f1=0.7357 time=60.9s
[Epoch 456] loss=0.1919 miou=0.6023 f1=0.7216 time=60.9s
[Epoch 457] loss=0.1988 miou=0.6139 f1=0.7349 time=60.7s
[Epoch 458] loss=0.1916 miou=0.6033 f1=0.7267 time=60.5s
[Epoch 459] loss=0.2043 miou=0.6005 f1=0.7215 time=60.6s
[Epoch 460] loss=0.1938 miou=0.6138 f1=0.7340 time=60.7s
[Epoch 461] loss=0.1957 miou=0.5979 f1=0.7198 time=60.7s
[Epoch 462] loss=0.1942 miou=0.6065 f1=0.7257 time=60.5s
[Epoch 463] loss=0.1987 miou=0.6175 f1=0.7353 time=60.9s
[Epoch 464] loss=0.1890 miou=0.6020 f1=0.7240 time=60.9s
[Epoch 465] loss=0.1953 miou=0.6033 f1=0.7258 time=60.8s
[Epoch 466] loss=0.1990 miou=0.6127 f1=0.7318 time=60.8s
[Epoch 467] loss=0.2012 miou=0.5654 f1=0.6877 time=60.8s
[Epoch 468] loss=0.2074 miou=0.6086 f1=0.7281 time=60.6s
[Epoch 469] loss=0.1922 miou=0.6006 f1=0.7174 time=60.7s
[Epoch 470] loss=0.1882 miou=0.6133 f1=0.7298 time=60.5s
[Epoch 471] loss=0.1963 miou=0.6019 f1=0.7213 time=60.7s
[Epoch 472] loss=0.1817 miou=0.6040 f1=0.7262 time=60.7s
[Epoch 473] loss=0.1916 miou=0.6077 f1=0.7287 time=60.7s
[Epoch 474] loss=0.1866 miou=0.5955 f1=0.7184 time=60.8s
[Epoch 475] loss=0.1966 miou=0.6116 f1=0.7301 time=60.5s
[Epoch 476] loss=0.1978 miou=0.6108 f1=0.7321 time=60.5s
[Epoch 477] loss=0.2018 miou=0.6015 f1=0.7243 time=60.7s
[Epoch 478] loss=0.1897 miou=0.5963 f1=0.7181 time=60.5s
[Epoch 479] loss=0.1951 miou=0.5963 f1=0.7207 time=60.6s
[Epoch 480] loss=0.1938 miou=0.6137 f1=0.7317 time=60.7s
[Epoch 481] loss=0.1894 miou=0.6012 f1=0.7226 time=60.7s
[Epoch 482] loss=0.2054 miou=0.6041 f1=0.7263 time=60.5s
[Epoch 483] loss=0.1875 miou=0.5987 f1=0.7212 time=60.5s
[Epoch 484] loss=0.1916 miou=0.6043 f1=0.7274 time=60.5s
[Epoch 485] loss=0.1982 miou=0.5982 f1=0.7201 time=60.7s
[Epoch 486] loss=0.1941 miou=0.6109 f1=0.7288 time=60.7s
[Epoch 487] loss=0.2014 miou=0.6144 f1=0.7352 time=60.7s
[Epoch 488] loss=0.1836 miou=0.6349 f1=0.7469 time=60.6s
[Epoch 489] loss=0.1835 miou=0.6268 f1=0.7445 time=60.5s
[Epoch 490] loss=0.1816 miou=0.6039 f1=0.7246 time=60.7s
[Epoch 491] loss=0.1950 miou=0.6117 f1=0.7335 time=60.6s
[Epoch 492] loss=0.1831 miou=0.6081 f1=0.7280 time=60.6s
[Epoch 493] loss=0.1868 miou=0.6166 f1=0.7367 time=60.7s
[Epoch 494] loss=0.1952 miou=0.6096 f1=0.7284 time=60.6s
[Epoch 495] loss=0.1805 miou=0.6028 f1=0.7253 time=60.7s
[Epoch 496] loss=0.1883 miou=0.6125 f1=0.7315 time=60.6s
[Epoch 497] loss=0.1806 miou=0.6265 f1=0.7443 time=60.5s
[Epoch 498] loss=0.1815 miou=0.6119 f1=0.7317 time=60.7s
[Epoch 499] loss=0.1803 miou=0.6068 f1=0.7272 time=60.7s
[Epoch 500] loss=0.1803 miou=0.6270 f1=0.7437 time=60.5s
[Epoch 501] loss=0.1839 miou=0.6036 f1=0.7255 time=60.5s
[Epoch 502] loss=0.1842 miou=0.6216 f1=0.7389 time=60.4s
[Epoch 503] loss=0.1837 miou=0.6216 f1=0.7390 time=60.6s
[Epoch 504] loss=0.1940 miou=0.6156 f1=0.7350 time=60.5s
[Epoch 505] loss=0.1862 miou=0.6153 f1=0.7359 time=60.5s
[Epoch 506] loss=0.1844 miou=0.6072 f1=0.7299 time=60.5s
[Epoch 507] loss=0.1862 miou=0.6014 f1=0.7244 time=60.4s
[Epoch 508] loss=0.1800 miou=0.6030 f1=0.7218 time=60.7s
[Epoch 509] loss=0.1765 miou=0.6144 f1=0.7361 time=60.5s
[Epoch 510] loss=0.1775 miou=0.6102 f1=0.7306 time=60.7s
[Epoch 511] loss=0.1760 miou=0.6214 f1=0.7401 time=60.6s
[Epoch 512] loss=0.1792 miou=0.6052 f1=0.7243 time=60.5s
[Epoch 513] loss=0.1791 miou=0.6105 f1=0.7319 time=60.4s
[Epoch 514] loss=0.1801 miou=0.6130 f1=0.7326 time=60.5s
[Epoch 515] loss=0.1885 miou=0.5998 f1=0.7207 time=60.5s
[Epoch 516] loss=0.1756 miou=0.6246 f1=0.7416 time=60.7s
[Epoch 517] loss=0.1786 miou=0.6209 f1=0.7421 time=60.4s
[Epoch 518] loss=0.1849 miou=0.6108 f1=0.7294 time=60.5s
[Epoch 519] loss=0.1805 miou=0.6242 f1=0.7404 time=60.8s
[Epoch 520] loss=0.1848 miou=0.6156 f1=0.7285 time=60.6s
[Epoch 521] loss=0.1923 miou=0.6013 f1=0.7208 time=60.6s
[Epoch 522] loss=0.1970 miou=0.5964 f1=0.7198 time=60.7s
[Epoch 523] loss=0.1854 miou=0.6130 f1=0.7303 time=60.5s
[Epoch 524] loss=0.1799 miou=0.6167 f1=0.7334 time=60.5s
[Epoch 525] loss=0.1724 miou=0.6063 f1=0.7246 time=60.6s
[Epoch 526] loss=0.1775 miou=0.6175 f1=0.7359 time=60.8s
[Epoch 527] loss=0.1822 miou=0.6060 f1=0.7268 time=60.8s
[Epoch 528] loss=0.1943 miou=0.5976 f1=0.7205 time=60.7s
[Epoch 529] loss=0.1838 miou=0.5901 f1=0.7130 time=60.7s
[Epoch 530] loss=0.1954 miou=0.6064 f1=0.7276 time=60.7s
[Epoch 531] loss=0.1757 miou=0.6158 f1=0.7352 time=60.8s
[Epoch 532] loss=0.1780 miou=0.6010 f1=0.7216 time=60.8s
[Epoch 533] loss=0.1818 miou=0.6216 f1=0.7393 time=61.0s
[Epoch 534] loss=0.1805 miou=0.6166 f1=0.7356 time=60.8s
[Epoch 535] loss=0.1702 miou=0.6133 f1=0.7336 time=60.6s
[Epoch 536] loss=0.1710 miou=0.6073 f1=0.7295 time=60.5s
[Epoch 537] loss=0.1751 miou=0.6112 f1=0.7294 time=60.6s
[Epoch 538] loss=0.1742 miou=0.6127 f1=0.7328 time=60.4s
[Epoch 539] loss=0.1702 miou=0.6396 f1=0.7546 time=60.5s
[Epoch 540] loss=0.1702 miou=0.6217 f1=0.7412 time=60.7s
[Epoch 541] loss=0.1885 miou=0.5947 f1=0.7186 time=60.6s
[Epoch 542] loss=0.1756 miou=0.6094 f1=0.7258 time=60.7s
[Epoch 543] loss=0.1842 miou=0.6091 f1=0.7299 time=60.7s
[Epoch 544] loss=0.1785 miou=0.5995 f1=0.7161 time=60.5s
[Epoch 545] loss=0.1715 miou=0.6126 f1=0.7336 time=60.7s
[Epoch 546] loss=0.1677 miou=0.6112 f1=0.7277 time=60.7s
[Epoch 547] loss=0.1763 miou=0.6008 f1=0.7234 time=60.7s
[Epoch 548] loss=0.1715 miou=0.6196 f1=0.7372 time=60.7s
[Epoch 549] loss=0.1614 miou=0.6181 f1=0.7386 time=60.8s
[Epoch 550] loss=0.1738 miou=0.6062 f1=0.7297 time=60.7s
[Epoch 551] loss=0.1774 miou=0.6117 f1=0.7323 time=60.7s
[Epoch 552] loss=0.1701 miou=0.6181 f1=0.7336 time=60.7s
[Epoch 553] loss=0.1783 miou=0.5867 f1=0.7086 time=60.7s
[Epoch 554] loss=0.1786 miou=0.6027 f1=0.7213 time=60.7s
[Epoch 555] loss=0.1750 miou=0.6143 f1=0.7339 time=60.6s
[Epoch 556] loss=0.1881 miou=0.5907 f1=0.7151 time=60.6s
[Epoch 557] loss=0.1797 miou=0.6087 f1=0.7291 time=60.6s
[Epoch 558] loss=0.1746 miou=0.6068 f1=0.7308 time=60.7s
[Epoch 559] loss=0.1757 miou=0.6098 f1=0.7294 time=60.7s
[Epoch 560] loss=0.1701 miou=0.5938 f1=0.7162 time=60.7s
[Epoch 561] loss=0.1755 miou=0.6280 f1=0.7461 time=60.7s
[Epoch 562] loss=0.1695 miou=0.6248 f1=0.7428 time=60.6s
[Epoch 563] loss=0.1683 miou=0.6024 f1=0.7241 time=60.7s
[Epoch 564] loss=0.1652 miou=0.6175 f1=0.7374 time=60.7s
[Epoch 565] loss=0.1625 miou=0.6205 f1=0.7380 time=60.7s
[Epoch 566] loss=0.1705 miou=0.6195 f1=0.7393 time=60.7s
[Epoch 567] loss=0.1752 miou=0.6129 f1=0.7325 time=60.6s
[Epoch 568] loss=0.1666 miou=0.6161 f1=0.7359 time=60.7s
[Epoch 569] loss=0.1635 miou=0.6141 f1=0.7337 time=60.7s
[Epoch 570] loss=0.1577 miou=0.6206 f1=0.7407 time=60.7s
[Epoch 571] loss=0.1605 miou=0.6108 f1=0.7322 time=60.7s
[Epoch 572] loss=0.1635 miou=0.6053 f1=0.7230 time=60.7s
[Epoch 573] loss=0.1669 miou=0.6118 f1=0.7332 time=60.6s
[Epoch 574] loss=0.1697 miou=0.6004 f1=0.7200 time=60.6s
[Epoch 575] loss=0.1708 miou=0.6104 f1=0.7311 time=60.6s
[Epoch 576] loss=0.1643 miou=0.5941 f1=0.7161 time=60.5s
[Epoch 577] loss=0.1614 miou=0.6170 f1=0.7351 time=60.4s
[Epoch 578] loss=0.1606 miou=0.6185 f1=0.7383 time=60.6s
[Epoch 579] loss=0.1719 miou=0.6013 f1=0.7205 time=60.4s
[Epoch 580] loss=0.1657 miou=0.6117 f1=0.7317 time=60.5s
[Epoch 581] loss=0.1657 miou=0.5872 f1=0.7112 time=60.6s
[Epoch 582] loss=0.1680 miou=0.6098 f1=0.7271 time=60.4s
[Epoch 583] loss=0.1628 miou=0.6054 f1=0.7264 time=60.7s
[Epoch 584] loss=0.1657 miou=0.6064 f1=0.7276 time=60.6s
[Epoch 585] loss=0.1617 miou=0.6091 f1=0.7301 time=60.7s
[Epoch 586] loss=0.1613 miou=0.6286 f1=0.7462 time=60.8s
[Epoch 587] loss=0.1652 miou=0.6202 f1=0.7384 time=61.0s
[Epoch 588] loss=0.1629 miou=0.6044 f1=0.7249 time=60.9s
[Epoch 589] loss=0.1659 miou=0.6173 f1=0.7370 time=61.1s
[Epoch 590] loss=0.1624 miou=0.6231 f1=0.7405 time=61.0s
[Epoch 591] loss=0.1655 miou=0.6147 f1=0.7334 time=61.4s
[Epoch 592] loss=0.1676 miou=0.6073 f1=0.7276 time=61.1s
[Epoch 593] loss=0.1617 miou=0.6227 f1=0.7421 time=60.6s
[Epoch 594] loss=0.1687 miou=0.6217 f1=0.7406 time=60.6s
[Epoch 595] loss=0.1611 miou=0.6280 f1=0.7463 time=60.7s
[Epoch 596] loss=0.1603 miou=0.6088 f1=0.7289 time=60.6s
[Epoch 597] loss=0.1591 miou=0.5943 f1=0.7161 time=60.3s
[Epoch 598] loss=0.1656 miou=0.6224 f1=0.7389 time=61.0s
[Epoch 599] loss=0.1695 miou=0.5894 f1=0.7130 time=60.6s
[Epoch 600] loss=0.1785 miou=0.6278 f1=0.7456 time=60.8s
[Epoch 601] loss=0.1618 miou=0.6062 f1=0.7263 time=60.8s
[Epoch 602] loss=0.1557 miou=0.6142 f1=0.7318 time=60.8s
[Epoch 603] loss=0.1654 miou=0.6220 f1=0.7409 time=60.8s
[Epoch 604] loss=0.1760 miou=0.6120 f1=0.7324 time=60.8s
[Epoch 605] loss=0.1582 miou=0.6212 f1=0.7379 time=60.6s
[Epoch 606] loss=0.1553 miou=0.6295 f1=0.7459 time=60.2s
[Epoch 607] loss=0.1600 miou=0.6212 f1=0.7406 time=60.6s
[Epoch 608] loss=0.1552 miou=0.6235 f1=0.7426 time=60.5s
[Epoch 609] loss=0.1591 miou=0.6113 f1=0.7325 time=60.8s
[Epoch 610] loss=0.1601 miou=0.6079 f1=0.7248 time=60.7s
[Epoch 611] loss=0.1567 miou=0.5970 f1=0.7174 time=60.6s
[Epoch 612] loss=0.1631 miou=0.6225 f1=0.7400 time=61.2s
[Epoch 613] loss=0.1637 miou=0.6059 f1=0.7271 time=60.8s
[Epoch 614] loss=0.1624 miou=0.6107 f1=0.7307 time=61.3s
[Epoch 615] loss=0.1524 miou=0.6249 f1=0.7447 time=60.5s
[Epoch 616] loss=0.1532 miou=0.6218 f1=0.7424 time=60.8s
[Epoch 617] loss=0.1519 miou=0.6233 f1=0.7404 time=60.6s
[Epoch 618] loss=0.1498 miou=0.6193 f1=0.7367 time=60.7s
[Epoch 619] loss=0.1532 miou=0.6150 f1=0.7336 time=60.6s
[Epoch 620] loss=0.1550 miou=0.6229 f1=0.7374 time=60.6s
[Epoch 621] loss=0.1598 miou=0.6130 f1=0.7311 time=61.0s
[Epoch 622] loss=0.1590 miou=0.6167 f1=0.7377 time=60.8s
[Epoch 623] loss=0.1585 miou=0.6068 f1=0.7274 time=60.8s
[Epoch 624] loss=0.1611 miou=0.6006 f1=0.7225 time=61.0s
[Epoch 625] loss=0.1552 miou=0.6112 f1=0.7318 time=60.9s
[Epoch 626] loss=0.1602 miou=0.6074 f1=0.7237 time=60.9s
[Epoch 627] loss=0.1584 miou=0.6150 f1=0.7342 time=60.8s
[Epoch 628] loss=0.1591 miou=0.6093 f1=0.7291 time=60.8s
[Epoch 629] loss=0.1571 miou=0.6228 f1=0.7401 time=60.9s
[Epoch 630] loss=0.1569 miou=0.6085 f1=0.7280 time=60.8s
[Epoch 631] loss=0.1564 miou=0.6212 f1=0.7403 time=60.8s
[Epoch 632] loss=0.1500 miou=0.6163 f1=0.7361 time=60.8s
[Epoch 633] loss=0.1444 miou=0.6281 f1=0.7446 time=60.8s
[Epoch 634] loss=0.1483 miou=0.6068 f1=0.7267 time=60.7s
[Epoch 635] loss=0.1531 miou=0.6229 f1=0.7408 time=60.8s
[Epoch 636] loss=0.1669 miou=0.6080 f1=0.7255 time=60.8s
[Epoch 637] loss=0.1503 miou=0.6094 f1=0.7295 time=61.2s
[Epoch 638] loss=0.1587 miou=0.5988 f1=0.7209 time=61.0s
[Epoch 639] loss=0.1618 miou=0.6203 f1=0.7379 time=60.8s
[Epoch 640] loss=0.1540 miou=0.6064 f1=0.7251 time=60.9s
[Epoch 641] loss=0.1561 miou=0.6134 f1=0.7315 time=60.5s
[Epoch 642] loss=0.1562 miou=0.6184 f1=0.7342 time=60.6s
[Epoch 643] loss=0.1520 miou=0.6151 f1=0.7306 time=60.8s
[Epoch 644] loss=0.1492 miou=0.6068 f1=0.7271 time=60.4s
[Epoch 645] loss=0.1549 miou=0.6187 f1=0.7322 time=60.8s
[Epoch 646] loss=0.1506 miou=0.6099 f1=0.7308 time=60.6s
[Epoch 647] loss=0.1536 miou=0.6266 f1=0.7412 time=60.6s
[Epoch 648] loss=0.1663 miou=0.5899 f1=0.7113 time=60.7s
[Epoch 649] loss=0.1638 miou=0.6284 f1=0.7452 time=60.7s
[Epoch 650] loss=0.1543 miou=0.6089 f1=0.7282 time=60.7s
[Epoch 651] loss=0.1577 miou=0.6278 f1=0.7453 time=60.7s
[Epoch 652] loss=0.1707 miou=0.6113 f1=0.7320 time=60.9s
[Epoch 653] loss=0.1510 miou=0.6226 f1=0.7405 time=61.0s
[Epoch 654] loss=0.1489 miou=0.6203 f1=0.7375 time=60.8s
[Epoch 655] loss=0.1454 miou=0.6242 f1=0.7410 time=60.8s
[Epoch 656] loss=0.1510 miou=0.5936 f1=0.7167 time=60.8s
[Epoch 657] loss=0.1570 miou=0.6192 f1=0.7367 time=60.8s
[Epoch 658] loss=0.1475 miou=0.6067 f1=0.7256 time=60.6s
[Epoch 659] loss=0.1486 miou=0.6101 f1=0.7299 time=60.5s
[Epoch 660] loss=0.1441 miou=0.6064 f1=0.7259 time=60.9s
[Epoch 661] loss=0.1517 miou=0.5941 f1=0.7139 time=60.8s
[Epoch 662] loss=0.1579 miou=0.6142 f1=0.7348 time=60.8s
[Epoch 663] loss=0.1492 miou=0.6184 f1=0.7364 time=60.5s
[Epoch 664] loss=0.1464 miou=0.6137 f1=0.7341 time=60.8s
[Epoch 665] loss=0.1469 miou=0.6084 f1=0.7258 time=60.6s
[Epoch 666] loss=0.1521 miou=0.6103 f1=0.7272 time=60.8s
[Epoch 667] loss=0.1502 miou=0.6240 f1=0.7431 time=61.0s
[Epoch 668] loss=0.1463 miou=0.6243 f1=0.7442 time=61.5s
[Epoch 669] loss=0.1514 miou=0.6037 f1=0.7258 time=60.9s
[Epoch 670] loss=0.1560 miou=0.5838 f1=0.7074 time=60.7s
[Epoch 671] loss=0.1555 miou=0.6391 f1=0.7547 time=60.6s
[Epoch 672] loss=0.1546 miou=0.6009 f1=0.7241 time=60.8s
[Epoch 673] loss=0.1548 miou=0.6024 f1=0.7242 time=61.0s
[Epoch 674] loss=0.1438 miou=0.6146 f1=0.7342 time=61.0s
[Epoch 675] loss=0.1433 miou=0.6040 f1=0.7262 time=60.9s
[Epoch 676] loss=0.1460 miou=0.5998 f1=0.7224 time=60.8s
[Epoch 677] loss=0.1444 miou=0.6122 f1=0.7315 time=61.2s
[Epoch 678] loss=0.1476 miou=0.5824 f1=0.7024 time=60.8s
[Epoch 679] loss=0.1535 miou=0.6105 f1=0.7312 time=60.7s
[Epoch 680] loss=0.1502 miou=0.6173 f1=0.7368 time=60.8s
[Epoch 681] loss=0.1513 miou=0.6061 f1=0.7283 time=60.8s
[Epoch 682] loss=0.1467 miou=0.6209 f1=0.7425 time=60.8s
[Epoch 683] loss=0.1368 miou=0.6170 f1=0.7344 time=60.6s
[Epoch 684] loss=0.1427 miou=0.6129 f1=0.7326 time=60.6s
[Epoch 685] loss=0.1405 miou=0.6125 f1=0.7317 time=61.0s
[Epoch 686] loss=0.1524 miou=0.5911 f1=0.7127 time=60.7s
[Epoch 687] loss=0.1450 miou=0.6033 f1=0.7217 time=60.9s
[Epoch 688] loss=0.1466 miou=0.6047 f1=0.7276 time=60.5s
[Epoch 689] loss=0.1377 miou=0.6167 f1=0.7341 time=60.8s
[Epoch 690] loss=0.1412 miou=0.6036 f1=0.7201 time=60.7s
[Epoch 691] loss=0.1400 miou=0.6197 f1=0.7360 time=60.7s
[Epoch 692] loss=0.1414 miou=0.6148 f1=0.7354 time=60.7s
[Epoch 693] loss=0.1363 miou=0.6163 f1=0.7336 time=60.8s
[Epoch 694] loss=0.1411 miou=0.6113 f1=0.7322 time=60.7s
[Epoch 695] loss=0.1280 miou=0.6105 f1=0.7295 time=60.7s
[Epoch 696] loss=0.1293 miou=0.6234 f1=0.7410 time=60.5s
[Epoch 697] loss=0.1375 miou=0.6243 f1=0.7417 time=60.8s
[Epoch 698] loss=0.1482 miou=0.6195 f1=0.7390 time=60.7s
[Epoch 699] loss=0.1508 miou=0.6110 f1=0.7311 time=60.6s
[Epoch 700] loss=0.1469 miou=0.6287 f1=0.7471 time=60.9s
[Epoch 701] loss=0.1374 miou=0.6173 f1=0.7363 time=60.8s
[Epoch 702] loss=0.1468 miou=0.6153 f1=0.7360 time=60.7s
[Epoch 703] loss=0.1418 miou=0.6175 f1=0.7378 time=60.6s
[Epoch 704] loss=0.1463 miou=0.6148 f1=0.7353 time=60.7s
[Epoch 705] loss=0.1459 miou=0.6076 f1=0.7305 time=60.8s
[Epoch 706] loss=0.1391 miou=0.6193 f1=0.7379 time=60.7s
[Epoch 707] loss=0.1415 miou=0.6043 f1=0.7265 time=60.8s
[Epoch 708] loss=0.1447 miou=0.6197 f1=0.7402 time=60.8s
[Epoch 709] loss=0.1357 miou=0.6057 f1=0.7256 time=60.6s
[Epoch 710] loss=0.1344 miou=0.6128 f1=0.7337 time=60.3s
[Epoch 711] loss=0.1365 miou=0.6243 f1=0.7426 time=60.7s
[Epoch 712] loss=0.1401 miou=0.6055 f1=0.7249 time=60.7s
[Epoch 713] loss=0.1391 miou=0.5862 f1=0.7095 time=60.7s
[Epoch 714] loss=0.1415 miou=0.6130 f1=0.7312 time=60.8s
[Epoch 715] loss=0.1347 miou=0.6233 f1=0.7414 time=60.8s
[Epoch 716] loss=0.1396 miou=0.6158 f1=0.7354 time=61.0s
[Epoch 717] loss=0.1401 miou=0.6017 f1=0.7227 time=60.8s
[Epoch 718] loss=0.1517 miou=0.6024 f1=0.7244 time=60.8s
[Epoch 719] loss=0.1413 miou=0.6279 f1=0.7448 time=60.9s
[Epoch 720] loss=0.1411 miou=0.6138 f1=0.7343 time=60.8s
[Epoch 721] loss=0.1390 miou=0.6207 f1=0.7389 time=60.5s
[Epoch 722] loss=0.1367 miou=0.6103 f1=0.7302 time=60.4s
[Epoch 723] loss=0.1329 miou=0.6156 f1=0.7359 time=60.4s
[Epoch 724] loss=0.1287 miou=0.6199 f1=0.7375 time=60.4s
[Epoch 725] loss=0.1361 miou=0.6308 f1=0.7483 time=60.5s
[Epoch 726] loss=0.1450 miou=0.6298 f1=0.7453 time=60.6s
[Epoch 727] loss=0.1303 miou=0.6108 f1=0.7300 time=60.7s
[Epoch 728] loss=0.1331 miou=0.6184 f1=0.7361 time=60.6s
[Epoch 729] loss=0.1309 miou=0.6180 f1=0.7376 time=60.5s
[Epoch 730] loss=0.1353 miou=0.6132 f1=0.7338 time=60.8s
[Epoch 731] loss=0.1479 miou=0.6065 f1=0.7295 time=60.8s
[Epoch 732] loss=0.1350 miou=0.6122 f1=0.7314 time=60.6s
[Epoch 733] loss=0.1363 miou=0.6143 f1=0.7357 time=60.9s
[Epoch 734] loss=0.1317 miou=0.6169 f1=0.7376 time=60.9s
[Epoch 735] loss=0.1304 miou=0.6012 f1=0.7228 time=60.8s
[Epoch 736] loss=0.1336 miou=0.6087 f1=0.7254 time=60.6s
[Epoch 737] loss=0.1269 miou=0.6178 f1=0.7371 time=60.8s
[Epoch 738] loss=0.1317 miou=0.6067 f1=0.7279 time=60.6s
[Epoch 739] loss=0.1322 miou=0.6147 f1=0.7355 time=60.6s
[Epoch 740] loss=0.1324 miou=0.6045 f1=0.7247 time=60.7s
[Epoch 741] loss=0.1372 miou=0.5986 f1=0.7180 time=60.5s
[Epoch 742] loss=0.1370 miou=0.5996 f1=0.7183 time=60.7s
[Epoch 743] loss=0.1291 miou=0.6072 f1=0.7261 time=60.8s
[Epoch 744] loss=0.1333 miou=0.6058 f1=0.7239 time=60.7s
[Epoch 745] loss=0.1435 miou=0.6056 f1=0.7197 time=60.8s
[Epoch 746] loss=0.1401 miou=0.5962 f1=0.7167 time=60.7s
[Epoch 747] loss=0.1330 miou=0.6079 f1=0.7265 time=60.9s
[Epoch 748] loss=0.1323 miou=0.6227 f1=0.7374 time=60.6s
[Epoch 749] loss=0.1231 miou=0.6203 f1=0.7351 time=60.6s
[Epoch 750] loss=0.1276 miou=0.6191 f1=0.7364 time=60.6s
[Epoch 751] loss=0.1293 miou=0.5977 f1=0.7189 time=60.7s
[Epoch 752] loss=0.1307 miou=0.6123 f1=0.7318 time=60.7s
[Epoch 753] loss=0.1291 miou=0.6158 f1=0.7326 time=60.7s
[Epoch 754] loss=0.1283 miou=0.6142 f1=0.7324 time=60.9s
[Epoch 755] loss=0.1352 miou=0.6109 f1=0.7255 time=60.7s
[Epoch 756] loss=0.1400 miou=0.6040 f1=0.7235 time=60.6s
[Epoch 757] loss=0.1359 miou=0.6132 f1=0.7317 time=60.6s
[Epoch 758] loss=0.1235 miou=0.6175 f1=0.7342 time=60.6s
[Epoch 759] loss=0.1327 miou=0.5975 f1=0.7266 time=60.4s
[Epoch 760] loss=0.1376 miou=0.6117 f1=0.7311 time=60.3s
[Epoch 761] loss=0.1353 miou=0.6163 f1=0.7334 time=60.3s
[Epoch 762] loss=0.1280 miou=0.5993 f1=0.7164 time=60.6s
[Epoch 763] loss=0.1275 miou=0.6148 f1=0.7298 time=60.6s
[Epoch 764] loss=0.1325 miou=0.6201 f1=0.7385 time=60.5s
[Epoch 765] loss=0.1346 miou=0.6070 f1=0.7235 time=60.5s
[Epoch 766] loss=0.1224 miou=0.6173 f1=0.7360 time=60.6s
[Epoch 767] loss=0.1209 miou=0.5973 f1=0.7181 time=60.4s
[Epoch 768] loss=0.1268 miou=0.5951 f1=0.7160 time=60.6s
[Epoch 769] loss=0.1433 miou=0.5989 f1=0.7193 time=60.4s
[Epoch 770] loss=0.1229 miou=0.6046 f1=0.7260 time=60.5s
[Epoch 771] loss=0.1265 miou=0.6116 f1=0.7304 time=60.5s
[Epoch 772] loss=0.1205 miou=0.6086 f1=0.7287 time=60.5s
[Epoch 773] loss=0.1219 miou=0.6014 f1=0.7221 time=60.1s
[Epoch 774] loss=0.1304 miou=0.6142 f1=0.7337 time=60.7s
[Epoch 775] loss=0.1202 miou=0.6211 f1=0.7407 time=60.6s
[Epoch 776] loss=0.1256 miou=0.6049 f1=0.7327 time=60.6s
[Epoch 777] loss=0.1237 miou=0.6222 f1=0.7419 time=60.6s
[Epoch 778] loss=0.1218 miou=0.6293 f1=0.7426 time=60.6s
[Epoch 779] loss=0.1276 miou=0.6183 f1=0.7344 time=60.9s
[Epoch 780] loss=0.1231 miou=0.6083 f1=0.7282 time=60.4s
[Epoch 781] loss=0.1381 miou=0.6182 f1=0.7372 time=60.4s
[Epoch 782] loss=0.1328 miou=0.6056 f1=0.7241 time=60.5s
[Epoch 783] loss=0.1254 miou=0.6191 f1=0.7396 time=60.5s
[Epoch 784] loss=0.1249 miou=0.6013 f1=0.7226 time=60.5s
[Epoch 785] loss=0.1379 miou=0.6040 f1=0.7279 time=60.5s
[Epoch 786] loss=0.1293 miou=0.6140 f1=0.7354 time=60.6s
[Epoch 787] loss=0.1227 miou=0.6132 f1=0.7324 time=60.4s
[Epoch 788] loss=0.1285 miou=0.6160 f1=0.7365 time=60.6s
[Epoch 789] loss=0.1297 miou=0.6138 f1=0.7336 time=60.3s
[Epoch 790] loss=0.1263 miou=0.6261 f1=0.7454 time=60.5s
[Epoch 791] loss=0.1231 miou=0.6178 f1=0.7364 time=60.3s
[Epoch 792] loss=0.1296 miou=0.5996 f1=0.7214 time=60.6s
[Epoch 793] loss=0.1212 miou=0.6308 f1=0.7474 time=60.7s
[Epoch 794] loss=0.1225 miou=0.6147 f1=0.7348 time=60.6s
[Epoch 795] loss=0.1159 miou=0.6188 f1=0.7382 time=60.6s
[Epoch 796] loss=0.1252 miou=0.6141 f1=0.7349 time=60.5s
[Epoch 797] loss=0.1274 miou=0.6188 f1=0.7384 time=60.4s
[Epoch 798] loss=0.1189 miou=0.6252 f1=0.7446 time=60.5s
[Epoch 799] loss=0.1187 miou=0.6260 f1=0.7467 time=60.6s
[Epoch 800] loss=0.1190 miou=0.6244 f1=0.7451 time=60.4s
[Epoch 801] loss=0.1208 miou=0.6137 f1=0.7339 time=60.6s
[Epoch 802] loss=0.1147 miou=0.6182 f1=0.7397 time=60.3s
[Epoch 803] loss=0.1160 miou=0.6058 f1=0.7275 time=60.5s
[Epoch 804] loss=0.1163 miou=0.6170 f1=0.7375 time=60.5s
[Epoch 805] loss=0.1131 miou=0.6176 f1=0.7367 time=60.5s
[Epoch 806] loss=0.1235 miou=0.6073 f1=0.7295 time=60.5s
[Epoch 807] loss=0.1139 miou=0.6144 f1=0.7331 time=60.7s
[Epoch 808] loss=0.1125 miou=0.6112 f1=0.7289 time=60.6s
[Epoch 809] loss=0.1166 miou=0.6151 f1=0.7329 time=60.5s
[Epoch 810] loss=0.1124 miou=0.6089 f1=0.7318 time=60.4s
[Epoch 811] loss=0.1181 miou=0.6034 f1=0.7250 time=60.6s
[Epoch 812] loss=0.1174 miou=0.6235 f1=0.7438 time=60.2s
[Epoch 813] loss=0.1196 miou=0.6045 f1=0.7244 time=60.1s
[Epoch 814] loss=0.1160 miou=0.6002 f1=0.7220 time=60.5s
[Epoch 815] loss=0.1172 miou=0.6034 f1=0.7264 time=60.2s
[Epoch 816] loss=0.1102 miou=0.6053 f1=0.7270 time=60.5s
[Epoch 817] loss=0.1186 miou=0.6222 f1=0.7390 time=60.5s
[Epoch 818] loss=0.1166 miou=0.6125 f1=0.7327 time=60.5s
[Epoch 819] loss=0.1126 miou=0.6121 f1=0.7323 time=60.4s
[Epoch 820] loss=0.1223 miou=0.6063 f1=0.7263 time=60.4s
[Epoch 821] loss=0.1151 miou=0.6262 f1=0.7433 time=60.5s
[Epoch 822] loss=0.1121 miou=0.6125 f1=0.7319 time=60.5s
[Epoch 823] loss=0.1164 miou=0.6031 f1=0.7252 time=60.3s
[Epoch 824] loss=0.1145 miou=0.6123 f1=0.7332 time=60.5s
[Epoch 825] loss=0.1125 miou=0.6017 f1=0.7214 time=60.4s
[Epoch 826] loss=0.1248 miou=0.6121 f1=0.7332 time=60.4s
[Epoch 827] loss=0.1206 miou=0.6142 f1=0.7297 time=60.4s
[Epoch 828] loss=0.1462 miou=0.6020 f1=0.7188 time=60.4s
[Epoch 829] loss=0.1286 miou=0.6230 f1=0.7437 time=60.6s
[Epoch 830] loss=1.2833 miou=0.5682 f1=0.6926 time=60.5s
[Epoch 831] loss=0.1537 miou=0.6021 f1=0.7242 time=60.6s
[Epoch 832] loss=0.1294 miou=0.6089 f1=0.7288 time=60.5s
[Epoch 833] loss=0.1208 miou=0.6132 f1=0.7316 time=60.4s
[Epoch 834] loss=0.1168 miou=0.6155 f1=0.7340 time=60.4s
[Epoch 835] loss=0.1138 miou=0.6188 f1=0.7367 time=60.5s
[Epoch 836] loss=0.1165 miou=0.6169 f1=0.7365 time=60.5s
[Epoch 837] loss=0.1079 miou=0.5976 f1=0.7201 time=60.5s
[Epoch 838] loss=0.1137 miou=0.5977 f1=0.7199 time=60.5s
[Epoch 839] loss=0.1170 miou=0.6099 f1=0.7308 time=60.5s
[Epoch 840] loss=0.1140 miou=0.6152 f1=0.7366 time=60.4s
[Epoch 841] loss=0.1137 miou=0.6029 f1=0.7257 time=60.4s
[Epoch 842] loss=0.1059 miou=0.6098 f1=0.7311 time=60.6s
[Epoch 843] loss=0.1039 miou=0.6170 f1=0.7363 time=60.7s
[Epoch 844] loss=0.1055 miou=0.6128 f1=0.7325 time=60.6s
[Epoch 845] loss=0.1022 miou=0.6159 f1=0.7347 time=60.7s
[Epoch 846] loss=0.1041 miou=0.6162 f1=0.7373 time=60.6s
[Epoch 847] loss=0.1073 miou=0.6153 f1=0.7353 time=60.4s
[Epoch 848] loss=0.1032 miou=0.6055 f1=0.7251 time=60.7s
[Epoch 849] loss=0.1198 miou=0.6121 f1=0.7314 time=60.6s
[Epoch 850] loss=0.1097 miou=0.6064 f1=0.7246 time=60.7s
[Epoch 851] loss=0.1137 miou=0.6283 f1=0.7481 time=60.7s
[Epoch 852] loss=0.1105 miou=0.6145 f1=0.7333 time=60.9s
[Epoch 853] loss=0.1058 miou=0.6077 f1=0.7268 time=60.3s
[Epoch 854] loss=0.1063 miou=0.6130 f1=0.7328 time=60.4s
[Epoch 855] loss=0.0999 miou=0.6220 f1=0.7420 time=60.4s
[Epoch 856] loss=0.1032 miou=0.6113 f1=0.7315 time=60.4s
[Epoch 857] loss=0.1049 miou=0.6145 f1=0.7339 time=60.4s
[Epoch 858] loss=0.1024 miou=0.6150 f1=0.7377 time=60.4s
[Epoch 859] loss=0.1065 miou=0.6111 f1=0.7309 time=60.5s
[Epoch 860] loss=0.1086 miou=0.6148 f1=0.7338 time=60.4s
[Epoch 861] loss=0.1062 miou=0.6089 f1=0.7274 time=60.5s
[Epoch 862] loss=0.1081 miou=0.6230 f1=0.7412 time=60.5s
[Epoch 863] loss=0.1054 miou=0.6145 f1=0.7340 time=60.5s
[Epoch 864] loss=0.1092 miou=0.6248 f1=0.7435 time=60.5s
[Epoch 865] loss=0.1077 miou=0.6175 f1=0.7374 time=60.5s
[Epoch 866] loss=0.1110 miou=0.6137 f1=0.7347 time=60.4s
[Epoch 867] loss=0.1103 miou=0.6121 f1=0.7343 time=60.3s
[Epoch 868] loss=0.1088 miou=0.6215 f1=0.7392 time=60.4s
[Epoch 869] loss=0.1063 miou=0.6057 f1=0.7289 time=60.2s
[Epoch 870] loss=0.1084 miou=0.6089 f1=0.7307 time=60.4s
[Epoch 871] loss=0.1052 miou=0.6054 f1=0.7293 time=60.4s
[Epoch 872] loss=0.1083 miou=0.6011 f1=0.7232 time=60.5s
[Epoch 873] loss=0.1075 miou=0.6015 f1=0.7236 time=60.5s
[Epoch 874] loss=0.1110 miou=0.6032 f1=0.7243 time=60.5s
[Epoch 875] loss=0.1082 miou=0.6118 f1=0.7335 time=60.3s
[Epoch 876] loss=0.1038 miou=0.6162 f1=0.7381 time=60.2s
[Epoch 877] loss=0.1035 miou=0.5980 f1=0.7218 time=60.4s
[Epoch 878] loss=0.1084 miou=0.5951 f1=0.7176 time=60.4s
[Epoch 879] loss=0.1006 miou=0.6100 f1=0.7338 time=60.3s
[Epoch 880] loss=0.1033 miou=0.6081 f1=0.7312 time=60.5s
[Epoch 881] loss=0.1082 miou=0.5956 f1=0.7194 time=60.5s
[Epoch 882] loss=0.1095 miou=0.5951 f1=0.7189 time=60.5s
[Epoch 883] loss=0.1091 miou=0.5995 f1=0.7198 time=60.4s
[Epoch 884] loss=0.1190 miou=0.6132 f1=0.7331 time=60.4s
[Epoch 885] loss=0.1166 miou=0.5961 f1=0.7211 time=60.4s
[Epoch 886] loss=0.1081 miou=0.6085 f1=0.7310 time=60.4s
[Epoch 887] loss=0.1080 miou=0.6093 f1=0.7309 time=60.4s
[Epoch 888] loss=0.1063 miou=0.6075 f1=0.7288 time=60.5s
[Epoch 889] loss=0.1070 miou=0.6005 f1=0.7212 time=60.5s
[Epoch 890] loss=0.1108 miou=0.6040 f1=0.7245 time=60.4s
[Epoch 891] loss=0.1051 miou=0.6216 f1=0.7405 time=60.4s
[Epoch 892] loss=0.1099 miou=0.6100 f1=0.7296 time=60.5s
[Epoch 893] loss=0.1044 miou=0.6158 f1=0.7367 time=60.5s
[Epoch 894] loss=0.1103 miou=0.6037 f1=0.7225 time=60.5s
[Epoch 895] loss=0.1064 miou=0.6068 f1=0.7279 time=60.5s
[Epoch 896] loss=0.1096 miou=0.6043 f1=0.7275 time=60.4s
[Epoch 897] loss=0.1155 miou=0.6201 f1=0.7362 time=60.4s
[Epoch 898] loss=0.1087 miou=0.6103 f1=0.7306 time=60.5s
[Epoch 899] loss=0.1037 miou=0.5956 f1=0.7199 time=60.5s
[Epoch 900] loss=0.1070 miou=0.6130 f1=0.7335 time=60.4s
[Epoch 901] loss=0.1022 miou=0.6034 f1=0.7260 time=60.5s
[Epoch 902] loss=0.0980 miou=0.6023 f1=0.7257 time=60.5s
[Epoch 903] loss=0.1034 miou=0.6102 f1=0.7318 time=60.5s
[Epoch 904] loss=0.1050 miou=0.6139 f1=0.7341 time=60.4s
[Epoch 905] loss=0.1040 miou=0.6032 f1=0.7263 time=60.5s
[Epoch 906] loss=0.1063 miou=0.6095 f1=0.7320 time=60.7s
[Epoch 907] loss=0.1086 miou=0.6177 f1=0.7372 time=60.6s
[Epoch 908] loss=0.1118 miou=0.6175 f1=0.7383 time=60.6s
[Epoch 909] loss=0.1045 miou=0.6115 f1=0.7302 time=60.7s
[Epoch 910] loss=0.1133 miou=0.6194 f1=0.7389 time=60.7s
[Epoch 911] loss=0.1116 miou=0.6050 f1=0.7240 time=60.7s
[Epoch 912] loss=0.1120 miou=0.6119 f1=0.7339 time=60.6s
[Epoch 913] loss=0.1086 miou=0.6075 f1=0.7291 time=60.6s
[Epoch 914] loss=0.1051 miou=0.6043 f1=0.7244 time=60.6s
[Epoch 915] loss=0.1003 miou=0.6174 f1=0.7364 time=60.6s
[Epoch 916] loss=0.0968 miou=0.6252 f1=0.7451 time=60.6s
[Epoch 917] loss=0.1009 miou=0.6090 f1=0.7304 time=60.6s
[Epoch 918] loss=0.1091 miou=0.6025 f1=0.7249 time=60.5s
[Epoch 919] loss=0.1068 miou=0.6002 f1=0.7232 time=60.6s
[Epoch 920] loss=0.1036 miou=0.6086 f1=0.7311 time=60.5s
[Epoch 921] loss=0.1061 miou=0.6050 f1=0.7279 time=60.6s
[Epoch 922] loss=0.1018 miou=0.6108 f1=0.7328 time=60.3s
[Epoch 923] loss=0.1166 miou=0.6041 f1=0.7287 time=60.3s
[Epoch 924] loss=0.1072 miou=0.6187 f1=0.7404 time=60.5s
[Epoch 925] loss=0.1111 miou=0.6115 f1=0.7323 time=60.7s
[Epoch 926] loss=0.1082 miou=0.6106 f1=0.7357 time=60.7s
[Epoch 927] loss=0.1034 miou=0.6175 f1=0.7401 time=60.5s
[Epoch 928] loss=0.1048 miou=0.6036 f1=0.7291 time=60.5s
[Epoch 929] loss=0.1046 miou=0.6032 f1=0.7268 time=60.4s
[Epoch 930] loss=0.1085 miou=0.6192 f1=0.7407 time=60.6s
[Epoch 931] loss=0.0966 miou=0.6103 f1=0.7320 time=60.6s
[Epoch 932] loss=0.1065 miou=0.6096 f1=0.7320 time=60.6s
[Epoch 933] loss=0.1050 miou=0.6153 f1=0.7393 time=60.7s
[Epoch 934] loss=0.0989 miou=0.6140 f1=0.7353 time=60.7s
[Epoch 935] loss=0.1029 miou=0.6179 f1=0.7376 time=60.6s
[Epoch 936] loss=0.0976 miou=0.6156 f1=0.7376 time=60.4s
[Epoch 937] loss=0.0980 miou=0.6097 f1=0.7336 time=60.4s
[Epoch 938] loss=0.0992 miou=0.6021 f1=0.7239 time=60.5s
[Epoch 939] loss=0.1033 miou=0.5959 f1=0.7211 time=60.4s
[Epoch 940] loss=0.1172 miou=0.6101 f1=0.7319 time=60.2s
[Epoch 941] loss=0.1026 miou=0.6229 f1=0.7430 time=60.2s
[Epoch 942] loss=0.0989 miou=0.6026 f1=0.7254 time=60.2s
[Epoch 943] loss=0.1121 miou=0.5996 f1=0.7179 time=60.2s
[Epoch 944] loss=0.1016 miou=0.6148 f1=0.7342 time=60.3s
[Epoch 945] loss=0.1038 miou=0.6068 f1=0.7279 time=60.3s
[Epoch 946] loss=0.0947 miou=0.6084 f1=0.7314 time=60.3s
[Epoch 947] loss=0.0991 miou=0.6105 f1=0.7308 time=60.3s
[Epoch 948] loss=0.1030 miou=0.5935 f1=0.7191 time=60.3s
[Epoch 949] loss=0.1072 miou=0.5991 f1=0.7233 time=60.4s
[Epoch 950] loss=0.1016 miou=0.5962 f1=0.7200 time=60.3s
[Epoch 951] loss=0.0964 miou=0.6135 f1=0.7355 time=60.3s
[Epoch 952] loss=0.1044 miou=0.5981 f1=0.7225 time=60.3s
[Epoch 953] loss=0.0997 miou=0.5901 f1=0.7166 time=60.1s
[Epoch 954] loss=0.1012 miou=0.5990 f1=0.7253 time=60.2s
[Epoch 955] loss=0.0963 miou=0.5999 f1=0.7227 time=60.2s
[Epoch 956] loss=0.0981 miou=0.6037 f1=0.7269 time=60.3s
[Epoch 957] loss=0.0955 miou=0.6158 f1=0.7368 time=60.3s
[Epoch 958] loss=0.0979 miou=0.6018 f1=0.7251 time=60.1s
[Epoch 959] loss=0.0918 miou=0.5999 f1=0.7223 time=60.3s
[Epoch 960] loss=0.0940 miou=0.6036 f1=0.7260 time=60.3s
[Epoch 961] loss=0.0969 miou=0.6069 f1=0.7273 time=60.3s
[Epoch 962] loss=0.1004 miou=0.6110 f1=0.7321 time=60.3s
[Epoch 963] loss=0.0912 miou=0.6000 f1=0.7236 time=60.3s
[Epoch 964] loss=0.0998 miou=0.5919 f1=0.7137 time=60.3s
[Epoch 965] loss=0.1012 miou=0.6085 f1=0.7298 time=60.3s
[Epoch 966] loss=0.0947 miou=0.6081 f1=0.7306 time=60.3s
[Epoch 967] loss=0.0961 miou=0.6114 f1=0.7324 time=60.1s
[Epoch 968] loss=0.0932 miou=0.6135 f1=0.7335 time=60.2s
[Epoch 969] loss=0.1022 miou=0.6016 f1=0.7241 time=60.4s
[Epoch 970] loss=0.1031 miou=0.6060 f1=0.7277 time=60.3s
[Epoch 971] loss=0.0915 miou=0.6173 f1=0.7375 time=60.2s
[Epoch 972] loss=0.0949 miou=0.6123 f1=0.7323 time=60.3s
[Epoch 973] loss=0.1076 miou=0.6013 f1=0.7225 time=60.3s
[Epoch 974] loss=0.0948 miou=0.5980 f1=0.7240 time=60.4s
[Epoch 975] loss=0.1036 miou=0.6053 f1=0.7259 time=60.4s
[Epoch 976] loss=0.1025 miou=0.6045 f1=0.7263 time=60.3s
[Epoch 977] loss=0.0971 miou=0.6022 f1=0.7225 time=60.3s
[Epoch 978] loss=0.0955 miou=0.6056 f1=0.7291 time=60.2s
[Epoch 979] loss=0.0885 miou=0.5955 f1=0.7200 time=60.3s
[Epoch 980] loss=0.0889 miou=0.6128 f1=0.7347 time=60.2s
[Epoch 981] loss=0.0886 miou=0.6043 f1=0.7270 time=60.3s
[Epoch 982] loss=0.0942 miou=0.6136 f1=0.7341 time=60.3s
[Epoch 983] loss=0.0964 miou=0.6173 f1=0.7384 time=60.3s
[Epoch 984] loss=0.1001 miou=0.6059 f1=0.7265 time=60.3s
[Epoch 985] loss=0.0971 miou=0.6168 f1=0.7353 time=60.3s
[Epoch 986] loss=0.0917 miou=0.6214 f1=0.7400 time=60.3s
[Epoch 987] loss=0.0904 miou=0.6170 f1=0.7380 time=60.4s
[Epoch 988] loss=0.0955 miou=0.6033 f1=0.7253 time=60.4s
[Epoch 989] loss=0.0926 miou=0.6162 f1=0.7385 time=60.4s
[Epoch 990] loss=0.0875 miou=0.6156 f1=0.7369 time=60.4s
[Epoch 991] loss=0.0874 miou=0.5985 f1=0.7223 time=60.3s
[Epoch 992] loss=0.0950 miou=0.6053 f1=0.7280 time=60.3s
[Epoch 993] loss=0.0894 miou=0.6031 f1=0.7269 time=60.3s
[Epoch 994] loss=0.0916 miou=0.5938 f1=0.7180 time=60.3s
[Epoch 995] loss=0.0953 miou=0.6001 f1=0.7237 time=60.4s
[Epoch 996] loss=0.1009 miou=0.6005 f1=0.7235 time=60.3s
[Epoch 997] loss=0.1025 miou=0.6035 f1=0.7248 time=60.3s
[Epoch 998] loss=0.1024 miou=0.6104 f1=0.7327 time=60.4s
[Epoch 999] loss=0.0997 miou=0.5892 f1=0.7094 time=60.4s
[Epoch 1000] loss=0.1007 miou=0.6029 f1=0.7253 time=60.5s
