nohup: ignoring input
Run directory: ./outputs_sam_sirst_hq/IRSTD-1k_model-vitt_size256_use_HQ_bs4_e1000kp1_split-50_50_20250916_183135
[build_efficient_sam_hq] Partially loaded 253 tensors from baseline (278 scanned).
/home/bip/cry/anaconda3/lib/python3.9/site-packages/torch/cuda/__init__.py:611: UserWarning: Can't initialize NVML
  warnings.warn("Can't initialize NVML")
[Epoch 001] loss=0.9409 miou=0.0110 f1=0.0109 time=31.4s
[Epoch 002] loss=0.5157 miou=0.4323 f1=0.5717 time=29.1s
[Epoch 003] loss=0.3641 miou=0.4880 f1=0.6254 time=29.4s
[Epoch 004] loss=0.3373 miou=0.5025 f1=0.6375 time=29.3s
[Epoch 005] loss=0.3326 miou=0.5037 f1=0.6378 time=29.1s
[Epoch 006] loss=0.3144 miou=0.5187 f1=0.6532 time=29.3s
[Epoch 007] loss=0.3067 miou=0.5236 f1=0.6589 time=29.5s
[Epoch 008] loss=0.3018 miou=0.5282 f1=0.6631 time=29.2s
[Epoch 009] loss=0.3048 miou=0.5263 f1=0.6575 time=29.4s
[Epoch 010] loss=0.3017 miou=0.5469 f1=0.6779 time=29.1s
[Epoch 011] loss=0.2826 miou=0.5531 f1=0.6824 time=29.5s
[Epoch 012] loss=0.2785 miou=0.5505 f1=0.6805 time=29.5s
[Epoch 013] loss=0.2810 miou=0.5679 f1=0.6972 time=29.5s
[Epoch 014] loss=0.2808 miou=0.5597 f1=0.6877 time=29.5s
[Epoch 015] loss=0.2788 miou=0.5797 f1=0.7067 time=29.6s
[Epoch 016] loss=0.2657 miou=0.5734 f1=0.7031 time=28.7s
[Epoch 017] loss=0.2630 miou=0.5652 f1=0.6935 time=28.7s
[Epoch 018] loss=0.2699 miou=0.5840 f1=0.7116 time=29.5s
[Epoch 019] loss=0.2709 miou=0.5974 f1=0.7183 time=28.9s
[Epoch 020] loss=0.2672 miou=0.5766 f1=0.7045 time=29.1s
[Epoch 021] loss=0.2621 miou=0.5701 f1=0.6977 time=29.5s
[Epoch 022] loss=0.2609 miou=0.5799 f1=0.7061 time=29.5s
[Epoch 023] loss=0.2566 miou=0.5891 f1=0.7139 time=29.2s
[Epoch 024] loss=0.2510 miou=0.5675 f1=0.6914 time=29.3s
[Epoch 025] loss=0.2531 miou=0.5960 f1=0.7204 time=29.5s
[Epoch 026] loss=0.2478 miou=0.5865 f1=0.7130 time=29.4s
[Epoch 027] loss=0.2543 miou=0.5801 f1=0.7074 time=29.2s
[Epoch 028] loss=0.2467 miou=0.5786 f1=0.7041 time=29.4s
[Epoch 029] loss=0.2397 miou=0.5827 f1=0.7055 time=29.2s
[Epoch 030] loss=0.2420 miou=0.5787 f1=0.6984 time=29.3s
[Epoch 031] loss=0.2411 miou=0.5914 f1=0.7167 time=29.3s
[Epoch 032] loss=0.2386 miou=0.5756 f1=0.6952 time=29.3s
[Epoch 033] loss=0.2443 miou=0.5802 f1=0.7068 time=29.5s
[Epoch 034] loss=0.2361 miou=0.5946 f1=0.7159 time=29.4s
[Epoch 035] loss=0.2422 miou=0.5750 f1=0.7055 time=29.3s
[Epoch 036] loss=0.2410 miou=0.5996 f1=0.7229 time=29.2s
[Epoch 037] loss=0.2349 miou=0.5847 f1=0.7124 time=29.2s
[Epoch 038] loss=0.2360 miou=0.6106 f1=0.7295 time=28.7s
[Epoch 039] loss=0.2289 miou=0.6024 f1=0.7258 time=28.8s
[Epoch 040] loss=0.2307 miou=0.5958 f1=0.7173 time=28.7s
[Epoch 041] loss=0.2282 miou=0.6064 f1=0.7306 time=28.7s
[Epoch 042] loss=0.2322 miou=0.5865 f1=0.7103 time=28.7s
[Epoch 043] loss=0.2316 miou=0.5964 f1=0.7225 time=28.7s
[Epoch 044] loss=0.2282 miou=0.6004 f1=0.7223 time=28.6s
[Epoch 045] loss=0.2261 miou=0.6058 f1=0.7266 time=28.7s
[Epoch 046] loss=0.2208 miou=0.5753 f1=0.7003 time=28.7s
[Epoch 047] loss=0.2282 miou=0.5632 f1=0.6947 time=28.7s
[Epoch 048] loss=0.2204 miou=0.6051 f1=0.7289 time=28.7s
[Epoch 049] loss=0.2243 miou=0.6124 f1=0.7342 time=28.7s
[Epoch 050] loss=0.2156 miou=0.6135 f1=0.7325 time=28.7s
[Epoch 051] loss=0.2216 miou=0.6083 f1=0.7264 time=28.8s
[Epoch 052] loss=0.2098 miou=0.6214 f1=0.7387 time=29.2s
[Epoch 053] loss=0.2190 miou=0.6156 f1=0.7359 time=29.5s
[Epoch 054] loss=0.2216 miou=0.5941 f1=0.7164 time=29.5s
[Epoch 055] loss=0.2186 miou=0.6027 f1=0.7240 time=29.4s
[Epoch 056] loss=0.2215 miou=0.6046 f1=0.7247 time=29.4s
[Epoch 057] loss=0.2044 miou=0.6189 f1=0.7410 time=29.5s
[Epoch 058] loss=0.2197 miou=0.6036 f1=0.7267 time=29.0s
[Epoch 059] loss=0.2146 miou=0.5927 f1=0.7174 time=28.7s
[Epoch 060] loss=0.2111 miou=0.6042 f1=0.7300 time=28.8s
[Epoch 061] loss=0.2072 miou=0.6005 f1=0.7238 time=28.7s
[Epoch 062] loss=0.2085 miou=0.5919 f1=0.7187 time=28.7s
[Epoch 063] loss=0.2116 miou=0.6025 f1=0.7247 time=28.7s
[Epoch 064] loss=0.2119 miou=0.6001 f1=0.7263 time=28.7s
[Epoch 065] loss=0.2132 miou=0.5871 f1=0.7120 time=28.7s
[Epoch 066] loss=0.2115 miou=0.6186 f1=0.7389 time=28.6s
[Epoch 067] loss=0.2066 miou=0.6125 f1=0.7358 time=28.7s
[Epoch 068] loss=0.2023 miou=0.6066 f1=0.7268 time=28.7s
[Epoch 069] loss=0.2020 miou=0.6065 f1=0.7311 time=28.7s
[Epoch 070] loss=0.1984 miou=0.6140 f1=0.7355 time=28.7s
[Epoch 071] loss=0.2031 miou=0.6172 f1=0.7361 time=28.7s
[Epoch 072] loss=0.2052 miou=0.6125 f1=0.7343 time=28.8s
[Epoch 073] loss=0.2064 miou=0.6109 f1=0.7303 time=28.7s
[Epoch 074] loss=0.2000 miou=0.6173 f1=0.7355 time=28.7s
[Epoch 075] loss=0.2000 miou=0.6165 f1=0.7363 time=28.7s
[Epoch 076] loss=0.2052 miou=0.6262 f1=0.7426 time=28.7s
[Epoch 077] loss=0.1980 miou=0.6169 f1=0.7356 time=28.7s
[Epoch 078] loss=0.2003 miou=0.6150 f1=0.7368 time=28.7s
[Epoch 079] loss=0.1980 miou=0.6226 f1=0.7417 time=29.0s
[Epoch 080] loss=0.1996 miou=0.6265 f1=0.7443 time=28.9s
[Epoch 081] loss=0.2019 miou=0.5933 f1=0.7118 time=28.8s
[Epoch 082] loss=0.2024 miou=0.6147 f1=0.7361 time=28.6s
[Epoch 083] loss=0.1948 miou=0.6184 f1=0.7383 time=28.8s
[Epoch 084] loss=0.1902 miou=0.6231 f1=0.7423 time=28.6s
[Epoch 085] loss=0.1970 miou=0.6010 f1=0.7249 time=28.7s
[Epoch 086] loss=0.1924 miou=0.6194 f1=0.7367 time=28.7s
[Epoch 087] loss=0.1968 miou=0.6172 f1=0.7339 time=28.7s
[Epoch 088] loss=0.1944 miou=0.6040 f1=0.7253 time=28.7s
[Epoch 089] loss=0.1917 miou=0.6172 f1=0.7341 time=29.3s
[Epoch 090] loss=0.1966 miou=0.6128 f1=0.7335 time=28.8s
[Epoch 091] loss=0.1945 miou=0.6098 f1=0.7285 time=29.3s
[Epoch 092] loss=0.1906 miou=0.6136 f1=0.7353 time=28.7s
[Epoch 093] loss=0.1840 miou=0.6074 f1=0.7286 time=28.7s
[Epoch 094] loss=0.1892 miou=0.6049 f1=0.7288 time=28.8s
[Epoch 095] loss=0.1859 miou=0.6338 f1=0.7493 time=29.4s
[Epoch 096] loss=0.1902 miou=0.6386 f1=0.7537 time=29.3s
[Epoch 097] loss=0.1879 miou=0.6113 f1=0.7299 time=29.3s
[Epoch 098] loss=0.1851 miou=0.6159 f1=0.7327 time=29.2s
[Epoch 099] loss=0.1907 miou=0.6117 f1=0.7333 time=29.2s
[Epoch 100] loss=0.1892 miou=0.6196 f1=0.7327 time=29.3s
[Epoch 101] loss=0.1845 miou=0.6266 f1=0.7432 time=29.2s
[Epoch 102] loss=0.1847 miou=0.6084 f1=0.7290 time=29.3s
[Epoch 103] loss=0.1844 miou=0.6138 f1=0.7326 time=29.3s
[Epoch 104] loss=0.1797 miou=0.6143 f1=0.7307 time=29.3s
[Epoch 105] loss=0.1841 miou=0.6121 f1=0.7304 time=29.4s
[Epoch 106] loss=0.1808 miou=0.6151 f1=0.7360 time=28.7s
[Epoch 107] loss=0.1817 miou=0.6194 f1=0.7393 time=29.1s
[Epoch 108] loss=0.1861 miou=0.6018 f1=0.7221 time=29.2s
[Epoch 109] loss=0.1828 miou=0.6153 f1=0.7367 time=29.4s
[Epoch 110] loss=0.1778 miou=0.6223 f1=0.7419 time=28.7s
[Epoch 111] loss=0.1755 miou=0.6198 f1=0.7408 time=28.7s
[Epoch 112] loss=0.1791 miou=0.6228 f1=0.7417 time=29.3s
[Epoch 113] loss=0.1769 miou=0.6042 f1=0.7241 time=29.2s
[Epoch 114] loss=0.1834 miou=0.6124 f1=0.7355 time=29.5s
[Epoch 115] loss=0.1760 miou=0.6237 f1=0.7414 time=29.4s
[Epoch 116] loss=0.1764 miou=0.6333 f1=0.7492 time=29.4s
[Epoch 117] loss=0.1757 miou=0.6220 f1=0.7415 time=28.7s
[Epoch 118] loss=0.1774 miou=0.6230 f1=0.7422 time=28.7s
[Epoch 119] loss=0.1693 miou=0.6286 f1=0.7486 time=28.9s
[Epoch 120] loss=0.1693 miou=0.6262 f1=0.7448 time=29.4s
[Epoch 121] loss=0.1811 miou=0.6220 f1=0.7397 time=29.5s
[Epoch 122] loss=0.1727 miou=0.6165 f1=0.7350 time=29.4s
[Epoch 123] loss=0.1752 miou=0.6141 f1=0.7347 time=29.4s
[Epoch 124] loss=0.1742 miou=0.6178 f1=0.7373 time=29.4s
[Epoch 125] loss=0.1708 miou=0.6264 f1=0.7445 time=29.4s
[Epoch 126] loss=0.1665 miou=0.6260 f1=0.7461 time=29.5s
[Epoch 127] loss=0.1731 miou=0.6215 f1=0.7428 time=29.2s
[Epoch 128] loss=0.1699 miou=0.6299 f1=0.7474 time=29.4s
[Epoch 129] loss=0.1736 miou=0.6276 f1=0.7446 time=29.4s
[Epoch 130] loss=0.1642 miou=0.6200 f1=0.7371 time=29.4s
[Epoch 131] loss=0.1696 miou=0.6248 f1=0.7438 time=29.3s
[Epoch 132] loss=0.1697 miou=0.6269 f1=0.7406 time=29.3s
[Epoch 133] loss=0.1633 miou=0.6296 f1=0.7401 time=29.5s
[Epoch 134] loss=0.1781 miou=0.6148 f1=0.7364 time=29.4s
[Epoch 135] loss=0.1703 miou=0.6236 f1=0.7428 time=29.4s
[Epoch 136] loss=0.1669 miou=0.6095 f1=0.7309 time=29.4s
[Epoch 137] loss=0.1661 miou=0.6171 f1=0.7345 time=29.5s
[Epoch 138] loss=0.1711 miou=0.6116 f1=0.7302 time=29.5s
[Epoch 139] loss=0.1659 miou=0.6129 f1=0.7310 time=29.4s
[Epoch 140] loss=0.1666 miou=0.6233 f1=0.7424 time=29.0s
[Epoch 141] loss=0.1642 miou=0.6293 f1=0.7413 time=29.4s
[Epoch 142] loss=0.1664 miou=0.6312 f1=0.7449 time=29.2s
[Epoch 143] loss=0.1574 miou=0.6364 f1=0.7495 time=29.2s
[Epoch 144] loss=0.1637 miou=0.6222 f1=0.7383 time=28.8s
[Epoch 145] loss=0.1610 miou=0.6291 f1=0.7470 time=28.6s
[Epoch 146] loss=0.1626 miou=0.6233 f1=0.7421 time=29.0s
[Epoch 147] loss=0.1684 miou=0.6104 f1=0.7338 time=29.4s
[Epoch 148] loss=0.1617 miou=0.6114 f1=0.7321 time=29.3s
[Epoch 149] loss=0.1609 miou=0.6343 f1=0.7477 time=29.3s
[Epoch 150] loss=0.1589 miou=0.6334 f1=0.7478 time=29.3s
[Epoch 151] loss=0.1657 miou=0.6212 f1=0.7396 time=29.4s
[Epoch 152] loss=0.1601 miou=0.6151 f1=0.7324 time=29.4s
[Epoch 153] loss=0.1640 miou=0.6166 f1=0.7323 time=29.3s
[Epoch 154] loss=0.1646 miou=0.6335 f1=0.7467 time=29.4s
[Epoch 155] loss=0.1618 miou=0.6304 f1=0.7448 time=29.4s
[Epoch 156] loss=0.1661 miou=0.6227 f1=0.7410 time=29.7s
[Epoch 157] loss=0.1601 miou=0.6253 f1=0.7456 time=29.3s
[Epoch 158] loss=0.1593 miou=0.6235 f1=0.7407 time=29.4s
[Epoch 159] loss=0.1579 miou=0.6312 f1=0.7428 time=29.2s
[Epoch 160] loss=0.1601 miou=0.6318 f1=0.7505 time=29.3s
[Epoch 161] loss=0.1572 miou=0.6266 f1=0.7479 time=29.4s
[Epoch 162] loss=0.1579 miou=0.6308 f1=0.7473 time=29.3s
[Epoch 163] loss=0.1568 miou=0.6347 f1=0.7502 time=29.5s
[Epoch 164] loss=0.1640 miou=0.6298 f1=0.7462 time=29.5s
[Epoch 165] loss=0.1615 miou=0.6272 f1=0.7440 time=29.4s
[Epoch 166] loss=0.1511 miou=0.6351 f1=0.7455 time=29.3s
[Epoch 167] loss=0.1485 miou=0.6277 f1=0.7468 time=29.4s
[Epoch 168] loss=0.1585 miou=0.6215 f1=0.7414 time=29.5s
[Epoch 169] loss=0.1523 miou=0.6318 f1=0.7456 time=29.4s
[Epoch 170] loss=0.1625 miou=0.6247 f1=0.7443 time=29.4s
[Epoch 171] loss=0.1592 miou=0.6341 f1=0.7452 time=29.6s
[Epoch 172] loss=0.1500 miou=0.6265 f1=0.7417 time=29.3s
[Epoch 173] loss=0.1519 miou=0.6285 f1=0.7430 time=29.2s
[Epoch 174] loss=0.1579 miou=0.6309 f1=0.7415 time=29.5s
[Epoch 175] loss=0.1561 miou=0.6354 f1=0.7540 time=29.2s
[Epoch 176] loss=0.1523 miou=0.6393 f1=0.7567 time=29.3s
[Epoch 177] loss=0.1509 miou=0.6298 f1=0.7432 time=29.2s
[Epoch 178] loss=0.1499 miou=0.6350 f1=0.7468 time=29.1s
[Epoch 179] loss=0.1495 miou=0.6190 f1=0.7364 time=29.4s
[Epoch 180] loss=0.1476 miou=0.6281 f1=0.7458 time=29.3s
[Epoch 181] loss=0.1548 miou=0.6112 f1=0.7299 time=29.4s
[Epoch 182] loss=0.1526 miou=0.6318 f1=0.7478 time=28.9s
[Epoch 183] loss=0.1523 miou=0.6149 f1=0.7372 time=29.4s
[Epoch 184] loss=0.1494 miou=0.6188 f1=0.7312 time=29.4s
[Epoch 185] loss=0.1416 miou=0.6277 f1=0.7419 time=29.2s
[Epoch 186] loss=0.1483 miou=0.6207 f1=0.7374 time=29.3s
[Epoch 187] loss=0.1459 miou=0.6284 f1=0.7401 time=28.6s
[Epoch 188] loss=0.1438 miou=0.6238 f1=0.7379 time=29.4s
[Epoch 189] loss=0.1463 miou=0.6282 f1=0.7445 time=29.3s
[Epoch 190] loss=0.1495 miou=0.6246 f1=0.7427 time=29.8s
[Epoch 191] loss=0.1518 miou=0.6269 f1=0.7467 time=29.4s
[Epoch 192] loss=0.1480 miou=0.6040 f1=0.7230 time=29.4s
[Epoch 193] loss=0.1448 miou=0.6272 f1=0.7412 time=29.3s
[Epoch 194] loss=0.1478 miou=0.6284 f1=0.7425 time=29.5s
[Epoch 195] loss=0.1491 miou=0.6272 f1=0.7472 time=29.5s
[Epoch 196] loss=0.1477 miou=0.6388 f1=0.7529 time=29.4s
[Epoch 197] loss=0.1440 miou=0.6229 f1=0.7399 time=29.4s
[Epoch 198] loss=0.1439 miou=0.6291 f1=0.7464 time=29.4s
[Epoch 199] loss=0.1403 miou=0.6317 f1=0.7483 time=29.4s
[Epoch 200] loss=0.1396 miou=0.6343 f1=0.7469 time=29.4s
[Epoch 201] loss=0.1460 miou=0.6274 f1=0.7455 time=29.3s
[Epoch 202] loss=0.1445 miou=0.6307 f1=0.7449 time=29.3s
[Epoch 203] loss=0.1414 miou=0.6309 f1=0.7430 time=29.2s
[Epoch 204] loss=0.1431 miou=0.6227 f1=0.7377 time=29.4s
[Epoch 205] loss=0.1416 miou=0.6247 f1=0.7402 time=29.4s
[Epoch 206] loss=0.1443 miou=0.6270 f1=0.7417 time=29.1s
[Epoch 207] loss=0.1470 miou=0.6104 f1=0.7232 time=29.5s
[Epoch 208] loss=0.1429 miou=0.6245 f1=0.7372 time=29.2s
[Epoch 209] loss=0.1394 miou=0.6130 f1=0.7348 time=29.3s
[Epoch 210] loss=0.1441 miou=0.6239 f1=0.7387 time=29.2s
[Epoch 211] loss=0.1404 miou=0.6165 f1=0.7384 time=29.2s
[Epoch 212] loss=0.1455 miou=0.6226 f1=0.7405 time=29.4s
[Epoch 213] loss=0.1374 miou=0.6211 f1=0.7372 time=29.2s
[Epoch 214] loss=0.1416 miou=0.6380 f1=0.7482 time=29.4s
[Epoch 215] loss=0.1408 miou=0.6184 f1=0.7383 time=29.1s
[Epoch 216] loss=0.1426 miou=0.6199 f1=0.7377 time=29.3s
[Epoch 217] loss=0.1477 miou=0.6340 f1=0.7459 time=29.4s
[Epoch 218] loss=0.1442 miou=0.6246 f1=0.7412 time=29.5s
[Epoch 219] loss=0.1416 miou=0.6312 f1=0.7485 time=29.3s
[Epoch 220] loss=0.1361 miou=0.6274 f1=0.7451 time=29.3s
[Epoch 221] loss=0.1413 miou=0.6159 f1=0.7370 time=29.4s
[Epoch 222] loss=0.1393 miou=0.6283 f1=0.7431 time=29.2s
[Epoch 223] loss=0.1389 miou=0.6281 f1=0.7381 time=29.3s
[Epoch 224] loss=0.1439 miou=0.6253 f1=0.7351 time=29.4s
[Epoch 225] loss=0.1413 miou=0.6203 f1=0.7388 time=29.4s
[Epoch 226] loss=0.1369 miou=0.6194 f1=0.7392 time=29.3s
[Epoch 227] loss=0.1390 miou=0.6276 f1=0.7432 time=29.4s
[Epoch 228] loss=0.1361 miou=0.6266 f1=0.7403 time=29.4s
[Epoch 229] loss=0.1345 miou=0.6377 f1=0.7493 time=29.3s
[Epoch 230] loss=0.1377 miou=0.6339 f1=0.7479 time=29.3s
[Epoch 231] loss=0.1337 miou=0.6224 f1=0.7411 time=28.7s
[Epoch 232] loss=0.1408 miou=0.6266 f1=0.7427 time=28.6s
[Epoch 233] loss=0.1291 miou=0.6274 f1=0.7439 time=28.9s
[Epoch 234] loss=0.1341 miou=0.6231 f1=0.7419 time=28.9s
[Epoch 235] loss=0.1356 miou=0.6394 f1=0.7503 time=28.7s
[Epoch 236] loss=0.1362 miou=0.6319 f1=0.7519 time=28.8s
[Epoch 237] loss=0.1352 miou=0.6248 f1=0.7426 time=28.7s
[Epoch 238] loss=0.1367 miou=0.6380 f1=0.7516 time=28.8s
[Epoch 239] loss=0.1379 miou=0.6245 f1=0.7382 time=28.7s
[Epoch 240] loss=0.1313 miou=0.6344 f1=0.7495 time=28.8s
[Epoch 241] loss=0.1314 miou=0.6246 f1=0.7402 time=28.7s
[Epoch 242] loss=0.1336 miou=0.6272 f1=0.7439 time=28.8s
[Epoch 243] loss=0.1349 miou=0.6361 f1=0.7506 time=29.4s
[Epoch 244] loss=0.1325 miou=0.6310 f1=0.7494 time=29.3s
[Epoch 245] loss=0.1358 miou=0.6305 f1=0.7442 time=29.3s
[Epoch 246] loss=0.1377 miou=0.6332 f1=0.7489 time=29.1s
[Epoch 247] loss=0.1293 miou=0.6286 f1=0.7416 time=29.3s
[Epoch 248] loss=0.1388 miou=0.6244 f1=0.7388 time=29.4s
[Epoch 249] loss=0.1320 miou=0.6301 f1=0.7458 time=29.2s
[Epoch 250] loss=0.1345 miou=0.6247 f1=0.7360 time=29.0s
Unfroze at epoch 250: encoder + all heads.
[Epoch 251] loss=0.1975 miou=0.6149 f1=0.7384 time=60.4s
[Epoch 252] loss=0.1951 miou=0.6116 f1=0.7363 time=60.3s
[Epoch 253] loss=0.2058 miou=0.5880 f1=0.7171 time=60.2s
[Epoch 254] loss=0.1893 miou=0.6152 f1=0.7382 time=60.5s
[Epoch 255] loss=0.1870 miou=0.6106 f1=0.7298 time=60.3s
[Epoch 256] loss=0.1890 miou=0.6150 f1=0.7324 time=60.4s
[Epoch 257] loss=0.1853 miou=0.5870 f1=0.7166 time=60.3s
[Epoch 258] loss=0.1924 miou=0.6259 f1=0.7444 time=60.2s
[Epoch 259] loss=0.1752 miou=0.6366 f1=0.7507 time=60.3s
[Epoch 260] loss=0.1768 miou=0.6188 f1=0.7398 time=60.4s
[Epoch 261] loss=0.1743 miou=0.6267 f1=0.7441 time=60.4s
[Epoch 262] loss=0.1742 miou=0.6226 f1=0.7398 time=60.2s
[Epoch 263] loss=0.1864 miou=0.6219 f1=0.7422 time=60.1s
[Epoch 264] loss=0.1685 miou=0.6431 f1=0.7550 time=60.1s
[Epoch 265] loss=0.1764 miou=0.6268 f1=0.7443 time=60.2s
[Epoch 266] loss=0.1718 miou=0.6231 f1=0.7353 time=60.3s
[Epoch 267] loss=0.1693 miou=0.6047 f1=0.7185 time=60.2s
[Epoch 268] loss=0.1696 miou=0.6411 f1=0.7527 time=60.2s
[Epoch 269] loss=0.1739 miou=0.6426 f1=0.7531 time=60.2s
[Epoch 270] loss=0.1646 miou=0.6370 f1=0.7520 time=60.1s
[Epoch 271] loss=0.1788 miou=0.6298 f1=0.7457 time=60.0s
[Epoch 272] loss=0.1761 miou=0.6105 f1=0.7315 time=60.0s
[Epoch 273] loss=0.1736 miou=0.6311 f1=0.7488 time=60.0s
[Epoch 274] loss=0.1598 miou=0.6400 f1=0.7549 time=60.0s
[Epoch 275] loss=0.1628 miou=0.6373 f1=0.7518 time=60.0s
[Epoch 276] loss=0.1685 miou=0.6359 f1=0.7498 time=60.0s
[Epoch 277] loss=0.1667 miou=0.6234 f1=0.7406 time=60.0s
[Epoch 278] loss=0.1563 miou=0.6356 f1=0.7519 time=60.0s
[Epoch 279] loss=0.1726 miou=0.6250 f1=0.7438 time=60.1s
[Epoch 280] loss=0.1650 miou=0.6244 f1=0.7345 time=60.1s
[Epoch 281] loss=0.1690 miou=0.6052 f1=0.7331 time=60.2s
[Epoch 282] loss=0.1787 miou=0.6239 f1=0.7436 time=60.1s
[Epoch 283] loss=0.1665 miou=0.6299 f1=0.7454 time=60.0s
[Epoch 284] loss=0.1561 miou=0.6274 f1=0.7386 time=60.1s
[Epoch 285] loss=0.1631 miou=0.6278 f1=0.7377 time=60.1s
[Epoch 286] loss=0.1617 miou=0.6427 f1=0.7572 time=60.0s
[Epoch 287] loss=0.1567 miou=0.6459 f1=0.7618 time=60.1s
[Epoch 288] loss=0.1527 miou=0.6470 f1=0.7612 time=60.2s
[Epoch 289] loss=0.1523 miou=0.6498 f1=0.7574 time=60.0s
[Epoch 290] loss=0.1606 miou=0.6430 f1=0.7546 time=60.1s
[Epoch 291] loss=0.1647 miou=0.6278 f1=0.7441 time=60.1s
[Epoch 292] loss=0.1570 miou=0.6558 f1=0.7662 time=60.1s
[Epoch 293] loss=0.1583 miou=0.6306 f1=0.7473 time=60.1s
[Epoch 294] loss=0.1575 miou=0.6379 f1=0.7513 time=60.1s
[Epoch 295] loss=0.1559 miou=0.6274 f1=0.7412 time=60.2s
[Epoch 296] loss=0.1553 miou=0.6033 f1=0.7275 time=60.1s
[Epoch 297] loss=0.1545 miou=0.6326 f1=0.7464 time=60.4s
[Epoch 298] loss=0.1602 miou=0.6299 f1=0.7435 time=60.4s
[Epoch 299] loss=0.1490 miou=0.6377 f1=0.7494 time=60.1s
[Epoch 300] loss=0.1479 miou=0.6387 f1=0.7492 time=60.4s
[Epoch 301] loss=0.1501 miou=0.6367 f1=0.7480 time=60.4s
[Epoch 302] loss=0.1559 miou=0.6522 f1=0.7635 time=60.4s
[Epoch 303] loss=0.1562 miou=0.6366 f1=0.7494 time=60.4s
[Epoch 304] loss=0.1607 miou=0.6471 f1=0.7567 time=60.5s
[Epoch 305] loss=0.1502 miou=0.6470 f1=0.7557 time=60.3s
[Epoch 306] loss=0.1434 miou=0.6397 f1=0.7536 time=60.4s
[Epoch 307] loss=0.1414 miou=0.6553 f1=0.7634 time=60.4s
[Epoch 308] loss=0.1432 miou=0.6518 f1=0.7590 time=60.5s
[Epoch 309] loss=0.1408 miou=0.6562 f1=0.7659 time=60.5s
[Epoch 310] loss=0.1503 miou=0.6394 f1=0.7529 time=60.3s
[Epoch 311] loss=0.1563 miou=0.6374 f1=0.7523 time=60.3s
[Epoch 312] loss=0.1626 miou=0.6396 f1=0.7514 time=60.4s
[Epoch 313] loss=0.1461 miou=0.6301 f1=0.7450 time=60.4s
[Epoch 314] loss=0.1436 miou=0.6239 f1=0.7379 time=60.3s
[Epoch 315] loss=0.1434 miou=0.6328 f1=0.7451 time=60.5s
[Epoch 316] loss=0.1415 miou=0.6362 f1=0.7497 time=60.5s
[Epoch 317] loss=0.1401 miou=0.6388 f1=0.7507 time=60.4s
[Epoch 318] loss=0.1356 miou=0.6402 f1=0.7525 time=60.4s
[Epoch 319] loss=0.1437 miou=0.6408 f1=0.7489 time=60.3s
[Epoch 320] loss=0.1461 miou=0.6435 f1=0.7539 time=60.3s
[Epoch 321] loss=0.1497 miou=0.6334 f1=0.7473 time=60.4s
[Epoch 322] loss=0.1444 miou=0.6312 f1=0.7428 time=60.3s
[Epoch 323] loss=0.1401 miou=0.6459 f1=0.7557 time=60.4s
[Epoch 324] loss=0.1369 miou=0.6557 f1=0.7664 time=60.6s
[Epoch 325] loss=0.1346 miou=0.6542 f1=0.7640 time=60.5s
[Epoch 326] loss=0.1366 miou=0.6447 f1=0.7561 time=60.6s
[Epoch 327] loss=0.1374 miou=0.6380 f1=0.7476 time=60.5s
[Epoch 328] loss=0.1331 miou=0.6508 f1=0.7593 time=60.3s
[Epoch 329] loss=0.1349 miou=0.6290 f1=0.7398 time=60.5s
[Epoch 330] loss=0.1417 miou=0.6470 f1=0.7583 time=60.5s
[Epoch 331] loss=0.1375 miou=0.6271 f1=0.7387 time=60.5s
[Epoch 332] loss=0.1400 miou=0.6281 f1=0.7425 time=60.5s
[Epoch 333] loss=0.1346 miou=0.6399 f1=0.7529 time=60.4s
[Epoch 334] loss=0.1462 miou=0.6463 f1=0.7606 time=60.6s
[Epoch 335] loss=0.1411 miou=0.6526 f1=0.7603 time=60.6s
[Epoch 336] loss=0.1310 miou=0.6341 f1=0.7460 time=60.4s
[Epoch 337] loss=0.1312 miou=0.6396 f1=0.7519 time=60.5s
[Epoch 338] loss=0.1407 miou=0.6386 f1=0.7514 time=60.7s
[Epoch 339] loss=0.1347 miou=0.6194 f1=0.7349 time=60.3s
[Epoch 340] loss=0.1432 miou=0.6347 f1=0.7467 time=60.4s
[Epoch 341] loss=0.1346 miou=0.6343 f1=0.7486 time=60.7s
[Epoch 342] loss=0.1318 miou=0.6339 f1=0.7460 time=60.5s
[Epoch 343] loss=0.1251 miou=0.6390 f1=0.7519 time=60.6s
[Epoch 344] loss=0.1303 miou=0.6286 f1=0.7440 time=60.6s
[Epoch 345] loss=0.1415 miou=0.6538 f1=0.7643 time=60.3s
[Epoch 346] loss=0.1241 miou=0.6623 f1=0.7704 time=60.4s
[Epoch 347] loss=0.1393 miou=0.6245 f1=0.7367 time=60.6s
[Epoch 348] loss=0.1395 miou=0.6371 f1=0.7505 time=60.6s
[Epoch 349] loss=0.1290 miou=0.6418 f1=0.7527 time=60.5s
[Epoch 350] loss=0.1440 miou=0.6392 f1=0.7512 time=60.5s
[Epoch 351] loss=0.1332 miou=0.6580 f1=0.7645 time=60.6s
[Epoch 352] loss=0.1479 miou=0.6236 f1=0.7371 time=60.4s
[Epoch 353] loss=0.1455 miou=0.6527 f1=0.7629 time=60.5s
[Epoch 354] loss=0.1380 miou=0.6448 f1=0.7607 time=60.6s
[Epoch 355] loss=0.1397 miou=0.6367 f1=0.7500 time=60.6s
[Epoch 356] loss=0.1338 miou=0.6499 f1=0.7603 time=60.5s
[Epoch 357] loss=0.1275 miou=0.6543 f1=0.7632 time=60.6s
[Epoch 358] loss=0.1284 miou=0.6474 f1=0.7591 time=60.5s
[Epoch 359] loss=0.1280 miou=0.6447 f1=0.7536 time=60.6s
[Epoch 360] loss=0.1227 miou=0.6474 f1=0.7599 time=60.6s
[Epoch 361] loss=0.1217 miou=0.6476 f1=0.7597 time=60.3s
[Epoch 362] loss=0.1193 miou=0.6577 f1=0.7642 time=60.3s
[Epoch 363] loss=0.1202 miou=0.6559 f1=0.7661 time=60.4s
[Epoch 364] loss=0.1271 miou=0.6665 f1=0.7748 time=60.6s
[Epoch 365] loss=0.1243 miou=0.6536 f1=0.7661 time=60.6s
[Epoch 366] loss=0.1294 miou=0.6438 f1=0.7533 time=60.6s
[Epoch 367] loss=5.0533 miou=0.6268 f1=0.7398 time=60.5s
[Epoch 368] loss=0.1302 miou=0.6324 f1=0.7485 time=60.3s
[Epoch 369] loss=0.1281 miou=0.6447 f1=0.7543 time=60.5s
[Epoch 370] loss=0.1185 miou=0.6499 f1=0.7597 time=60.2s
[Epoch 371] loss=0.1238 miou=0.6488 f1=0.7554 time=60.3s
[Epoch 372] loss=0.1192 miou=0.6515 f1=0.7621 time=60.2s
[Epoch 373] loss=0.1138 miou=0.6497 f1=0.7586 time=60.1s
[Epoch 374] loss=0.1207 miou=0.6498 f1=0.7620 time=60.1s
[Epoch 375] loss=0.1171 miou=0.6340 f1=0.7460 time=60.1s
[Epoch 376] loss=0.1170 miou=0.6328 f1=0.7448 time=60.3s
[Epoch 377] loss=0.1156 miou=0.6483 f1=0.7607 time=60.4s
[Epoch 378] loss=0.1266 miou=0.6510 f1=0.7601 time=60.3s
[Epoch 379] loss=0.1168 miou=0.6535 f1=0.7629 time=60.6s
[Epoch 380] loss=0.1079 miou=0.6252 f1=0.7389 time=60.4s
[Epoch 381] loss=0.1161 miou=0.6420 f1=0.7543 time=60.3s
[Epoch 382] loss=0.1079 miou=0.6418 f1=0.7564 time=60.3s
[Epoch 383] loss=0.1077 miou=0.6451 f1=0.7564 time=60.3s
[Epoch 384] loss=0.1185 miou=0.6464 f1=0.7547 time=60.4s
[Epoch 385] loss=0.1192 miou=0.6403 f1=0.7516 time=60.3s
[Epoch 386] loss=0.1212 miou=0.6378 f1=0.7516 time=60.6s
[Epoch 387] loss=0.1186 miou=0.6353 f1=0.7475 time=60.6s
[Epoch 388] loss=0.1148 miou=0.6456 f1=0.7572 time=60.5s
[Epoch 389] loss=0.1155 miou=0.6352 f1=0.7482 time=60.4s
[Epoch 390] loss=0.1071 miou=0.6384 f1=0.7510 time=60.5s
[Epoch 391] loss=0.1112 miou=0.6536 f1=0.7627 time=60.5s
[Epoch 392] loss=0.1209 miou=0.6510 f1=0.7621 time=60.5s
[Epoch 393] loss=0.1061 miou=0.6518 f1=0.7634 time=60.5s
[Epoch 394] loss=0.1123 miou=0.6538 f1=0.7606 time=60.5s
[Epoch 395] loss=0.1107 miou=0.6593 f1=0.7658 time=60.6s
[Epoch 396] loss=0.1060 miou=0.6601 f1=0.7676 time=60.5s
[Epoch 397] loss=0.1055 miou=0.6637 f1=0.7688 time=60.5s
[Epoch 398] loss=0.1108 miou=0.6373 f1=0.7482 time=60.6s
[Epoch 399] loss=0.1119 miou=0.6424 f1=0.7504 time=60.6s
[Epoch 400] loss=0.1113 miou=0.6478 f1=0.7554 time=60.5s
[Epoch 401] loss=0.1053 miou=0.6366 f1=0.7458 time=60.5s
[Epoch 402] loss=0.1079 miou=0.6484 f1=0.7592 time=60.5s
[Epoch 403] loss=0.1104 miou=0.6486 f1=0.7576 time=60.6s
[Epoch 404] loss=0.1121 miou=0.6453 f1=0.7553 time=60.5s
[Epoch 405] loss=0.1086 miou=0.6529 f1=0.7634 time=60.6s
[Epoch 406] loss=0.1054 miou=0.6414 f1=0.7521 time=60.4s
[Epoch 407] loss=0.1178 miou=0.6426 f1=0.7552 time=60.5s
[Epoch 408] loss=0.1011 miou=0.6463 f1=0.7548 time=60.5s
[Epoch 409] loss=0.1072 miou=0.6169 f1=0.7362 time=60.5s
[Epoch 410] loss=0.1063 miou=0.6430 f1=0.7534 time=60.6s
[Epoch 411] loss=0.1082 miou=0.6342 f1=0.7455 time=60.6s
[Epoch 412] loss=0.1161 miou=0.6258 f1=0.7388 time=60.5s
[Epoch 413] loss=0.1130 miou=0.6475 f1=0.7581 time=60.6s
[Epoch 414] loss=0.1079 miou=0.6431 f1=0.7537 time=60.6s
[Epoch 415] loss=0.1137 miou=0.6194 f1=0.7337 time=60.5s
[Epoch 416] loss=0.1084 miou=0.6395 f1=0.7521 time=60.6s
[Epoch 417] loss=0.1118 miou=0.6217 f1=0.7350 time=60.5s
[Epoch 418] loss=0.1038 miou=0.6309 f1=0.7431 time=60.7s
[Epoch 419] loss=0.1010 miou=0.6375 f1=0.7486 time=60.5s
[Epoch 420] loss=0.1105 miou=0.6240 f1=0.7375 time=60.6s
[Epoch 421] loss=0.1074 miou=0.6450 f1=0.7540 time=60.5s
[Epoch 422] loss=0.1039 miou=0.6405 f1=0.7499 time=60.6s
[Epoch 423] loss=0.0973 miou=0.6247 f1=0.7386 time=60.7s
[Epoch 424] loss=0.1051 miou=0.6460 f1=0.7543 time=60.6s
[Epoch 425] loss=0.1146 miou=0.6368 f1=0.7464 time=60.6s
[Epoch 426] loss=0.1138 miou=0.6348 f1=0.7476 time=60.7s
[Epoch 427] loss=0.1163 miou=0.6120 f1=0.7254 time=60.5s
[Epoch 428] loss=0.1103 miou=0.6355 f1=0.7458 time=60.5s
[Epoch 429] loss=0.1083 miou=0.6339 f1=0.7467 time=60.5s
[Epoch 430] loss=0.1030 miou=0.6429 f1=0.7526 time=60.4s
[Epoch 431] loss=0.1002 miou=0.6520 f1=0.7621 time=60.5s
[Epoch 432] loss=0.0978 miou=0.6472 f1=0.7557 time=60.4s
[Epoch 433] loss=0.0994 miou=0.6360 f1=0.7471 time=60.4s
[Epoch 434] loss=0.1011 miou=0.6241 f1=0.7356 time=60.7s
[Epoch 435] loss=0.1121 miou=0.6409 f1=0.7514 time=60.5s
[Epoch 436] loss=0.1034 miou=0.6325 f1=0.7446 time=60.0s
[Epoch 437] loss=0.0998 miou=0.6401 f1=0.7519 time=60.5s
[Epoch 438] loss=0.0999 miou=0.6262 f1=0.7418 time=60.4s
[Epoch 439] loss=0.1009 miou=0.6426 f1=0.7516 time=60.6s
[Epoch 440] loss=0.1000 miou=0.6221 f1=0.7360 time=60.5s
[Epoch 441] loss=0.1029 miou=0.6406 f1=0.7490 time=60.5s
[Epoch 442] loss=0.1045 miou=0.6353 f1=0.7459 time=60.5s
[Epoch 443] loss=0.1015 miou=0.6235 f1=0.7356 time=60.6s
[Epoch 444] loss=0.1114 miou=0.6335 f1=0.7460 time=60.5s
[Epoch 445] loss=0.1091 miou=0.6309 f1=0.7422 time=60.5s
[Epoch 446] loss=0.0963 miou=0.6516 f1=0.7549 time=60.4s
[Epoch 447] loss=0.0989 miou=0.6454 f1=0.7541 time=60.3s
[Epoch 448] loss=0.0998 miou=0.6468 f1=0.7524 time=60.5s
[Epoch 449] loss=0.0982 miou=0.6291 f1=0.7428 time=60.5s
[Epoch 450] loss=0.0944 miou=0.6308 f1=0.7435 time=60.6s
[Epoch 451] loss=0.1080 miou=0.6518 f1=0.7587 time=60.6s
[Epoch 452] loss=0.1009 miou=0.6360 f1=0.7467 time=60.6s
[Epoch 453] loss=0.1055 miou=0.6387 f1=0.7482 time=60.6s
[Epoch 454] loss=0.1009 miou=0.6369 f1=0.7478 time=60.6s
[Epoch 455] loss=0.1024 miou=0.6270 f1=0.7395 time=60.6s
[Epoch 456] loss=0.1000 miou=0.6250 f1=0.7431 time=60.6s
[Epoch 457] loss=0.0992 miou=0.6293 f1=0.7353 time=60.7s
[Epoch 458] loss=0.0959 miou=0.6411 f1=0.7507 time=60.3s
[Epoch 459] loss=0.0911 miou=0.6486 f1=0.7563 time=60.3s
[Epoch 460] loss=0.0937 miou=0.6515 f1=0.7602 time=60.4s
[Epoch 461] loss=0.0950 miou=0.6477 f1=0.7566 time=60.6s
[Epoch 462] loss=0.1026 miou=0.6549 f1=0.7638 time=60.3s
[Epoch 463] loss=0.0928 miou=0.6449 f1=0.7512 time=60.5s
[Epoch 464] loss=0.0957 miou=0.6389 f1=0.7483 time=60.3s
[Epoch 465] loss=0.0904 miou=0.6432 f1=0.7521 time=60.5s
[Epoch 466] loss=0.0897 miou=0.6281 f1=0.7370 time=60.5s
[Epoch 467] loss=0.0910 miou=0.6468 f1=0.7532 time=60.5s
[Epoch 468] loss=0.0886 miou=0.6499 f1=0.7548 time=60.7s
[Epoch 469] loss=0.0977 miou=0.6448 f1=0.7495 time=60.9s
[Epoch 470] loss=0.0937 miou=0.6338 f1=0.7462 time=60.7s
[Epoch 471] loss=0.0897 miou=0.6371 f1=0.7468 time=60.5s
[Epoch 472] loss=0.0875 miou=0.6513 f1=0.7576 time=60.3s
[Epoch 473] loss=0.0871 miou=0.6395 f1=0.7482 time=60.4s
[Epoch 474] loss=0.0912 miou=0.6493 f1=0.7583 time=61.3s
[Epoch 475] loss=0.0980 miou=0.6356 f1=0.7432 time=61.4s
[Epoch 476] loss=0.1123 miou=0.6423 f1=0.7514 time=61.2s
[Epoch 477] loss=0.0949 miou=0.6425 f1=0.7507 time=61.3s
[Epoch 478] loss=0.0887 miou=0.6573 f1=0.7622 time=61.3s
[Epoch 479] loss=0.0946 miou=0.6252 f1=0.7412 time=61.3s
[Epoch 480] loss=0.0912 miou=0.6546 f1=0.7625 time=61.4s
[Epoch 481] loss=0.1063 miou=0.6414 f1=0.7541 time=61.3s
[Epoch 482] loss=0.0917 miou=0.6334 f1=0.7430 time=60.5s
[Epoch 483] loss=0.0885 miou=0.6349 f1=0.7435 time=60.4s
[Epoch 484] loss=0.0850 miou=0.6592 f1=0.7652 time=60.4s
[Epoch 485] loss=0.0848 miou=0.6519 f1=0.7600 time=60.5s
[Epoch 486] loss=0.0910 miou=0.6519 f1=0.7563 time=60.5s
[Epoch 487] loss=0.0907 miou=0.6354 f1=0.7445 time=61.3s
[Epoch 488] loss=0.0938 miou=0.6296 f1=0.7397 time=60.5s
[Epoch 489] loss=0.0883 miou=0.6396 f1=0.7443 time=60.5s
[Epoch 490] loss=0.0834 miou=0.6241 f1=0.7332 time=60.5s
[Epoch 491] loss=0.0901 miou=0.6350 f1=0.7431 time=60.4s
[Epoch 492] loss=0.0950 miou=0.6390 f1=0.7468 time=60.6s
[Epoch 493] loss=0.0918 miou=0.6301 f1=0.7411 time=61.3s
[Epoch 494] loss=0.0927 miou=0.6424 f1=0.7515 time=61.4s
[Epoch 495] loss=0.0951 miou=0.6316 f1=0.7430 time=61.4s
[Epoch 496] loss=0.0840 miou=0.6527 f1=0.7586 time=61.3s
[Epoch 497] loss=0.0795 miou=0.6457 f1=0.7527 time=61.4s
[Epoch 498] loss=0.0844 miou=0.6371 f1=0.7462 time=60.7s
[Epoch 499] loss=0.0839 miou=0.6452 f1=0.7535 time=60.5s
[Epoch 500] loss=0.0864 miou=0.6454 f1=0.7567 time=60.5s
[Epoch 501] loss=0.0866 miou=0.6384 f1=0.7461 time=60.5s
[Epoch 502] loss=0.0903 miou=0.6330 f1=0.7434 time=60.5s
[Epoch 503] loss=0.0883 miou=0.6544 f1=0.7604 time=61.3s
[Epoch 504] loss=0.0829 miou=0.6390 f1=0.7484 time=61.4s
[Epoch 505] loss=0.0901 miou=0.6271 f1=0.7407 time=61.5s
[Epoch 506] loss=0.0908 miou=0.6311 f1=0.7379 time=60.6s
[Epoch 507] loss=0.0858 miou=0.6158 f1=0.7258 time=60.6s
[Epoch 508] loss=0.0854 miou=0.6451 f1=0.7524 time=60.4s
[Epoch 509] loss=0.0845 miou=0.6443 f1=0.7510 time=60.5s
[Epoch 510] loss=0.0828 miou=0.6355 f1=0.7465 time=60.5s
[Epoch 511] loss=0.0927 miou=0.6424 f1=0.7523 time=60.5s
[Epoch 512] loss=0.0871 miou=0.6369 f1=0.7473 time=60.5s
[Epoch 513] loss=0.0851 miou=0.6434 f1=0.7507 time=60.5s
[Epoch 514] loss=0.0774 miou=0.6252 f1=0.7356 time=60.6s
[Epoch 515] loss=0.0803 miou=0.6249 f1=0.7334 time=61.4s
[Epoch 516] loss=0.0828 miou=0.6361 f1=0.7411 time=61.4s
[Epoch 517] loss=0.0774 miou=0.6467 f1=0.7555 time=60.5s
[Epoch 518] loss=0.0783 miou=0.6391 f1=0.7496 time=60.5s
[Epoch 519] loss=0.0795 miou=0.6380 f1=0.7460 time=60.5s
[Epoch 520] loss=0.0827 miou=0.6247 f1=0.7330 time=60.7s
[Epoch 521] loss=0.0877 miou=0.6292 f1=0.7358 time=60.4s
[Epoch 522] loss=0.0778 miou=0.6368 f1=0.7467 time=60.5s
[Epoch 523] loss=0.0829 miou=0.6292 f1=0.7383 time=61.4s
[Epoch 524] loss=0.0920 miou=0.6462 f1=0.7527 time=61.3s
[Epoch 525] loss=0.0887 miou=0.6323 f1=0.7450 time=61.3s
[Epoch 526] loss=0.0828 miou=0.6362 f1=0.7453 time=61.4s
[Epoch 527] loss=0.0792 miou=0.6408 f1=0.7515 time=61.4s
[Epoch 528] loss=0.0771 miou=0.6565 f1=0.7608 time=61.3s
[Epoch 529] loss=0.0766 miou=0.6322 f1=0.7432 time=61.4s
[Epoch 530] loss=0.0811 miou=0.6166 f1=0.7283 time=61.3s
[Epoch 531] loss=0.0881 miou=0.6372 f1=0.7504 time=61.3s
[Epoch 532] loss=0.0862 miou=0.6327 f1=0.7428 time=61.4s
[Epoch 533] loss=0.0824 miou=0.6414 f1=0.7497 time=61.3s
[Epoch 534] loss=0.0897 miou=0.6346 f1=0.7454 time=60.5s
[Epoch 535] loss=0.0922 miou=0.6255 f1=0.7371 time=60.6s
[Epoch 536] loss=0.0847 miou=0.6368 f1=0.7497 time=61.4s
[Epoch 537] loss=0.0769 miou=0.6428 f1=0.7501 time=61.4s
[Epoch 538] loss=0.0731 miou=0.6435 f1=0.7547 time=61.4s
[Epoch 539] loss=0.0829 miou=0.6335 f1=0.7449 time=60.5s
[Epoch 540] loss=0.0782 miou=0.6570 f1=0.7636 time=60.9s
[Epoch 541] loss=0.0735 miou=0.6517 f1=0.7593 time=60.5s
[Epoch 542] loss=0.0776 miou=0.6364 f1=0.7444 time=60.4s
[Epoch 543] loss=0.0732 miou=0.6418 f1=0.7501 time=60.5s
[Epoch 544] loss=0.0700 miou=0.6438 f1=0.7535 time=60.6s
[Epoch 545] loss=0.0756 miou=0.6413 f1=0.7516 time=60.6s
[Epoch 546] loss=0.0685 miou=0.6566 f1=0.7619 time=61.0s
[Epoch 547] loss=0.0914 miou=0.6211 f1=0.7367 time=61.4s
[Epoch 548] loss=0.0865 miou=0.6409 f1=0.7519 time=61.4s
[Epoch 549] loss=0.0854 miou=0.6319 f1=0.7456 time=61.2s
[Epoch 550] loss=0.0821 miou=0.6416 f1=0.7512 time=61.3s
[Epoch 551] loss=0.0736 miou=0.6396 f1=0.7503 time=61.3s
[Epoch 552] loss=0.0682 miou=0.6438 f1=0.7534 time=61.3s
[Epoch 553] loss=0.0687 miou=0.6462 f1=0.7570 time=60.5s
[Epoch 554] loss=0.0674 miou=0.6530 f1=0.7611 time=61.4s
[Epoch 555] loss=0.0755 miou=0.6482 f1=0.7579 time=61.3s
[Epoch 556] loss=0.0775 miou=0.6537 f1=0.7611 time=60.6s
[Epoch 557] loss=0.0730 miou=0.6396 f1=0.7446 time=61.3s
[Epoch 558] loss=0.0847 miou=0.6267 f1=0.7373 time=61.4s
[Epoch 559] loss=0.0910 miou=0.6340 f1=0.7427 time=61.4s
[Epoch 560] loss=0.0789 miou=0.6483 f1=0.7567 time=61.3s
[Epoch 561] loss=0.0737 miou=0.6438 f1=0.7534 time=61.4s
[Epoch 562] loss=0.0687 miou=0.6416 f1=0.7493 time=60.6s
[Epoch 563] loss=0.0691 miou=0.6450 f1=0.7544 time=60.7s
[Epoch 564] loss=0.0634 miou=0.6513 f1=0.7596 time=60.5s
[Epoch 565] loss=0.0747 miou=0.6249 f1=0.7389 time=60.6s
[Epoch 566] loss=0.0919 miou=0.6316 f1=0.7470 time=60.5s
[Epoch 567] loss=0.0724 miou=0.6382 f1=0.7476 time=60.6s
[Epoch 568] loss=0.0775 miou=0.6276 f1=0.7435 time=60.6s
[Epoch 569] loss=0.0812 miou=0.6410 f1=0.7506 time=60.6s
[Epoch 570] loss=0.0764 miou=0.6500 f1=0.7590 time=60.5s
[Epoch 571] loss=0.0714 miou=0.6443 f1=0.7525 time=60.6s
[Epoch 572] loss=0.0678 miou=0.6422 f1=0.7516 time=60.6s
[Epoch 573] loss=0.0721 miou=0.6253 f1=0.7366 time=60.6s
[Epoch 574] loss=0.0706 miou=0.6394 f1=0.7479 time=60.6s
[Epoch 575] loss=0.0706 miou=0.6349 f1=0.7452 time=60.5s
[Epoch 576] loss=0.0707 miou=0.6488 f1=0.7535 time=60.5s
[Epoch 577] loss=0.0682 miou=0.6474 f1=0.7568 time=60.6s
[Epoch 578] loss=0.0702 miou=0.6418 f1=0.7523 time=60.6s
[Epoch 579] loss=0.0771 miou=0.6307 f1=0.7411 time=60.4s
[Epoch 580] loss=0.0742 miou=0.6522 f1=0.7621 time=60.5s
[Epoch 581] loss=0.0883 miou=0.6239 f1=0.7367 time=60.3s
[Epoch 582] loss=0.0809 miou=0.6327 f1=0.7410 time=60.3s
[Epoch 583] loss=0.0796 miou=0.6408 f1=0.7501 time=60.1s
[Epoch 584] loss=0.0791 miou=0.6526 f1=0.7613 time=60.5s
[Epoch 585] loss=0.0745 miou=0.6403 f1=0.7504 time=61.0s
[Epoch 586] loss=0.0710 miou=0.6440 f1=0.7546 time=60.4s
[Epoch 587] loss=0.0706 miou=0.6428 f1=0.7528 time=60.5s
[Epoch 588] loss=0.0809 miou=0.6395 f1=0.7476 time=60.6s
[Epoch 589] loss=0.0741 miou=0.6385 f1=0.7463 time=61.4s
[Epoch 590] loss=0.0666 miou=0.6613 f1=0.7677 time=61.1s
[Epoch 591] loss=0.0677 miou=0.6408 f1=0.7493 time=60.8s
[Epoch 592] loss=0.0654 miou=0.6262 f1=0.7379 time=61.1s
[Epoch 593] loss=0.0640 miou=0.6294 f1=0.7391 time=61.3s
[Epoch 594] loss=0.0669 miou=0.6505 f1=0.7558 time=61.4s
[Epoch 595] loss=0.0643 miou=0.6370 f1=0.7489 time=61.4s
[Epoch 596] loss=0.0656 miou=0.6436 f1=0.7536 time=61.3s
[Epoch 597] loss=0.0717 miou=0.6317 f1=0.7463 time=61.4s
[Epoch 598] loss=0.0666 miou=0.6373 f1=0.7472 time=61.4s
[Epoch 599] loss=0.0736 miou=0.6375 f1=0.7489 time=60.5s
[Epoch 600] loss=0.0804 miou=0.6241 f1=0.7415 time=60.5s
[Epoch 601] loss=0.0798 miou=0.6321 f1=0.7503 time=60.5s
[Epoch 602] loss=0.0696 miou=0.6406 f1=0.7534 time=60.5s
[Epoch 603] loss=0.0702 miou=0.6331 f1=0.7473 time=60.4s
[Epoch 604] loss=0.0717 miou=0.6419 f1=0.7539 time=60.5s
[Epoch 605] loss=0.0684 miou=0.6304 f1=0.7379 time=60.5s
[Epoch 606] loss=0.0727 miou=0.6169 f1=0.7295 time=60.5s
[Epoch 607] loss=0.0714 miou=0.6361 f1=0.7453 time=60.4s
[Epoch 608] loss=0.0646 miou=0.6400 f1=0.7503 time=60.4s
[Epoch 609] loss=0.0691 miou=0.6316 f1=0.7385 time=60.4s
[Epoch 610] loss=0.0700 miou=0.6286 f1=0.7436 time=60.5s
[Epoch 611] loss=0.0687 miou=0.6289 f1=0.7422 time=60.4s
[Epoch 612] loss=0.0708 miou=0.6252 f1=0.7405 time=60.4s
[Epoch 613] loss=0.0698 miou=0.6479 f1=0.7586 time=60.4s
[Epoch 614] loss=0.0670 miou=0.6435 f1=0.7490 time=60.4s
[Epoch 615] loss=0.0678 miou=0.6482 f1=0.7568 time=60.5s
[Epoch 616] loss=0.0617 miou=0.6394 f1=0.7511 time=60.5s
[Epoch 617] loss=0.0621 miou=0.6570 f1=0.7643 time=60.5s
[Epoch 618] loss=0.0659 miou=0.6267 f1=0.7391 time=60.4s
[Epoch 619] loss=0.0681 miou=0.6422 f1=0.7517 time=60.5s
[Epoch 620] loss=0.0717 miou=0.6504 f1=0.7554 time=60.6s
[Epoch 621] loss=0.0674 miou=0.6483 f1=0.7556 time=60.5s
[Epoch 622] loss=0.0637 miou=0.6405 f1=0.7528 time=60.6s
[Epoch 623] loss=0.0623 miou=0.6492 f1=0.7570 time=60.3s
[Epoch 624] loss=0.0685 miou=0.6342 f1=0.7435 time=60.6s
[Epoch 625] loss=0.0659 miou=0.6234 f1=0.7343 time=60.8s
[Epoch 626] loss=0.0655 miou=0.6469 f1=0.7537 time=60.5s
[Epoch 627] loss=0.0618 miou=0.6354 f1=0.7416 time=60.5s
[Epoch 628] loss=0.0597 miou=0.6442 f1=0.7494 time=60.5s
[Epoch 629] loss=0.0771 miou=0.6162 f1=0.7327 time=60.5s
[Epoch 630] loss=0.0932 miou=0.6228 f1=0.7356 time=60.6s
[Epoch 631] loss=0.0804 miou=0.6058 f1=0.7198 time=60.4s
[Epoch 632] loss=0.0841 miou=0.6156 f1=0.7249 time=61.0s
[Epoch 633] loss=0.0685 miou=0.6388 f1=0.7441 time=61.2s
[Epoch 634] loss=0.0710 miou=0.6273 f1=0.7373 time=60.9s
[Epoch 635] loss=0.0627 miou=0.6320 f1=0.7419 time=60.6s
[Epoch 636] loss=0.0614 miou=0.6394 f1=0.7483 time=60.4s
[Epoch 637] loss=0.0720 miou=0.6370 f1=0.7435 time=60.4s
[Epoch 638] loss=0.0590 miou=0.6383 f1=0.7454 time=61.3s
[Epoch 639] loss=0.0585 miou=0.6472 f1=0.7543 time=61.3s
[Epoch 640] loss=0.0592 miou=0.6321 f1=0.7395 time=61.3s
[Epoch 641] loss=0.0599 miou=0.6365 f1=0.7465 time=60.9s
[Epoch 642] loss=0.0586 miou=0.6385 f1=0.7473 time=60.3s
[Epoch 643] loss=0.0588 miou=0.6425 f1=0.7502 time=60.3s
[Epoch 644] loss=0.0614 miou=0.6476 f1=0.7540 time=61.2s
[Epoch 645] loss=0.0688 miou=0.6472 f1=0.7556 time=60.3s
[Epoch 646] loss=0.0651 miou=0.6488 f1=0.7556 time=60.1s
[Epoch 647] loss=0.0650 miou=0.6424 f1=0.7489 time=60.3s
[Epoch 648] loss=0.0744 miou=0.6309 f1=0.7456 time=60.3s
[Epoch 649] loss=0.0687 miou=0.6422 f1=0.7517 time=60.2s
[Epoch 650] loss=0.0630 miou=0.6383 f1=0.7489 time=60.1s
[Epoch 651] loss=0.0583 miou=0.6417 f1=0.7512 time=60.3s
[Epoch 652] loss=0.0662 miou=0.6400 f1=0.7480 time=60.1s
[Epoch 653] loss=0.0628 miou=0.6460 f1=0.7558 time=60.1s
[Epoch 654] loss=0.0607 miou=0.6467 f1=0.7557 time=60.1s
[Epoch 655] loss=0.0598 miou=0.6436 f1=0.7546 time=60.2s
[Epoch 656] loss=0.0568 miou=0.6373 f1=0.7438 time=60.1s
[Epoch 657] loss=0.0626 miou=0.6417 f1=0.7505 time=60.2s
[Epoch 658] loss=0.0591 miou=0.6451 f1=0.7507 time=60.1s
[Epoch 659] loss=0.0633 miou=0.6251 f1=0.7384 time=60.1s
[Epoch 660] loss=0.0586 miou=0.6239 f1=0.7349 time=60.1s
[Epoch 661] loss=0.0660 miou=0.6398 f1=0.7500 time=60.1s
[Epoch 662] loss=0.0780 miou=0.6257 f1=0.7406 time=60.1s
[Epoch 663] loss=0.0672 miou=0.6331 f1=0.7457 time=60.0s
[Epoch 664] loss=0.0660 miou=0.6329 f1=0.7418 time=60.1s
[Epoch 665] loss=0.0588 miou=0.6355 f1=0.7456 time=60.1s
[Epoch 666] loss=0.0571 miou=0.6318 f1=0.7405 time=60.3s
[Epoch 667] loss=0.0565 miou=0.6253 f1=0.7374 time=60.0s
[Epoch 668] loss=0.0552 miou=0.6297 f1=0.7416 time=60.0s
[Epoch 669] loss=0.0548 miou=0.6370 f1=0.7447 time=60.1s
[Epoch 670] loss=0.0601 miou=0.6375 f1=0.7486 time=60.0s
[Epoch 671] loss=0.0613 miou=0.6188 f1=0.7319 time=60.0s
[Epoch 672] loss=0.0739 miou=0.6209 f1=0.7339 time=60.1s
[Epoch 673] loss=0.0740 miou=0.6260 f1=0.7391 time=60.0s
[Epoch 674] loss=0.0703 miou=0.6325 f1=0.7433 time=60.1s
[Epoch 675] loss=0.0615 miou=0.6271 f1=0.7388 time=60.1s
[Epoch 676] loss=0.0590 miou=0.6195 f1=0.7310 time=60.1s
[Epoch 677] loss=0.0583 miou=0.6224 f1=0.7378 time=60.1s
[Epoch 678] loss=0.0537 miou=0.6377 f1=0.7488 time=60.3s
[Epoch 679] loss=0.0551 miou=0.6225 f1=0.7315 time=60.2s
[Epoch 680] loss=0.0628 miou=0.6402 f1=0.7519 time=60.1s
[Epoch 681] loss=0.0583 miou=0.6425 f1=0.7547 time=60.3s
[Epoch 682] loss=0.0593 miou=0.6377 f1=0.7468 time=60.0s
[Epoch 683] loss=0.0599 miou=0.6395 f1=0.7504 time=60.0s
[Epoch 684] loss=0.0619 miou=0.6054 f1=0.7188 time=60.3s
[Epoch 685] loss=0.0720 miou=0.6248 f1=0.7388 time=60.1s
[Epoch 686] loss=0.0627 miou=0.6320 f1=0.7409 time=60.1s
[Epoch 687] loss=0.0613 miou=0.6302 f1=0.7417 time=60.1s
[Epoch 688] loss=0.0581 miou=0.6286 f1=0.7379 time=60.2s
[Epoch 689] loss=0.0648 miou=0.6368 f1=0.7432 time=60.1s
[Epoch 690] loss=0.0691 miou=0.6124 f1=0.7262 time=60.1s
[Epoch 691] loss=0.0629 miou=0.6333 f1=0.7426 time=60.0s
[Epoch 692] loss=0.0644 miou=0.6237 f1=0.7360 time=60.1s
[Epoch 693] loss=0.0615 miou=0.6336 f1=0.7395 time=60.0s
[Epoch 694] loss=0.0554 miou=0.6131 f1=0.7251 time=60.1s
[Epoch 695] loss=0.0609 miou=0.6300 f1=0.7388 time=60.1s
[Epoch 696] loss=0.0563 miou=0.6250 f1=0.7379 time=60.3s
[Epoch 697] loss=0.0598 miou=0.6356 f1=0.7441 time=60.3s
[Epoch 698] loss=0.0613 miou=0.6222 f1=0.7340 time=60.0s
[Epoch 699] loss=0.0731 miou=0.6337 f1=0.7455 time=60.1s
[Epoch 700] loss=0.0607 miou=0.6275 f1=0.7386 time=60.3s
[Epoch 701] loss=0.0564 miou=0.6134 f1=0.7262 time=60.1s
[Epoch 702] loss=0.0548 miou=0.6384 f1=0.7451 time=61.2s
[Epoch 703] loss=0.0509 miou=0.6385 f1=0.7475 time=61.2s
[Epoch 704] loss=0.0564 miou=0.6226 f1=0.7333 time=61.1s
[Epoch 705] loss=0.0589 miou=0.6271 f1=0.7385 time=61.2s
[Epoch 706] loss=0.0654 miou=0.6314 f1=0.7395 time=61.1s
[Epoch 707] loss=0.0619 miou=0.6033 f1=0.7163 time=60.1s
[Epoch 708] loss=0.0652 miou=0.6390 f1=0.7422 time=60.3s
[Epoch 709] loss=0.0810 miou=0.6181 f1=0.7324 time=60.4s
[Epoch 710] loss=0.0744 miou=0.6285 f1=0.7393 time=61.0s
[Epoch 711] loss=0.0628 miou=0.6297 f1=0.7408 time=60.3s
[Epoch 712] loss=0.0607 miou=0.6256 f1=0.7358 time=60.2s
[Epoch 713] loss=0.0711 miou=0.6389 f1=0.7484 time=60.3s
[Epoch 714] loss=0.0715 miou=0.6297 f1=0.7415 time=61.2s
[Epoch 715] loss=0.0618 miou=0.6354 f1=0.7455 time=60.9s
[Epoch 716] loss=0.0566 miou=0.6365 f1=0.7461 time=60.7s
[Epoch 717] loss=0.0558 miou=0.6333 f1=0.7451 time=60.2s
[Epoch 718] loss=0.0560 miou=0.6371 f1=0.7496 time=60.3s
[Epoch 719] loss=0.0552 miou=0.6367 f1=0.7486 time=61.1s
[Epoch 720] loss=0.0545 miou=0.6350 f1=0.7466 time=60.0s
[Epoch 721] loss=0.0517 miou=0.6319 f1=0.7431 time=60.3s
[Epoch 722] loss=0.0493 miou=0.6322 f1=0.7446 time=60.3s
[Epoch 723] loss=0.0491 miou=0.6369 f1=0.7490 time=60.3s
[Epoch 724] loss=0.0476 miou=0.6327 f1=0.7430 time=60.1s
[Epoch 725] loss=0.0510 miou=0.6387 f1=0.7470 time=61.0s
[Epoch 726] loss=8.9486 miou=0.6031 f1=0.7084 time=61.0s
[Epoch 727] loss=0.7341 miou=0.6298 f1=0.7432 time=61.0s
[Epoch 728] loss=0.0806 miou=0.6342 f1=0.7433 time=61.0s
[Epoch 729] loss=0.0641 miou=0.6350 f1=0.7444 time=61.0s
[Epoch 730] loss=0.0584 miou=0.6317 f1=0.7420 time=61.1s
[Epoch 731] loss=0.0555 miou=0.6369 f1=0.7463 time=61.0s
[Epoch 732] loss=0.0551 miou=0.6321 f1=0.7419 time=60.2s
[Epoch 733] loss=0.0511 miou=0.6324 f1=0.7418 time=60.2s
[Epoch 734] loss=0.0477 miou=0.6282 f1=0.7395 time=60.3s
[Epoch 735] loss=0.0520 miou=0.6121 f1=0.7253 time=60.3s
[Epoch 736] loss=0.0527 miou=0.6254 f1=0.7343 time=60.2s
[Epoch 737] loss=0.0506 miou=0.6246 f1=0.7369 time=60.3s
[Epoch 738] loss=0.0505 miou=0.6214 f1=0.7326 time=60.2s
[Epoch 739] loss=0.0508 miou=0.6281 f1=0.7380 time=60.2s
[Epoch 740] loss=0.0462 miou=0.6242 f1=0.7364 time=60.2s
[Epoch 741] loss=0.0493 miou=0.6283 f1=0.7442 time=60.3s
[Epoch 742] loss=0.0890 miou=0.6210 f1=0.7325 time=60.3s
[Epoch 743] loss=0.0728 miou=0.6259 f1=0.7369 time=60.4s
[Epoch 744] loss=0.0603 miou=0.6328 f1=0.7412 time=60.3s
[Epoch 745] loss=0.0506 miou=0.6375 f1=0.7465 time=60.3s
[Epoch 746] loss=0.0567 miou=0.6404 f1=0.7464 time=60.3s
[Epoch 747] loss=0.0682 miou=0.6243 f1=0.7374 time=60.3s
[Epoch 748] loss=0.0571 miou=0.6330 f1=0.7435 time=60.3s
[Epoch 749] loss=0.0510 miou=0.6375 f1=0.7464 time=60.2s
[Epoch 750] loss=0.0509 miou=0.6405 f1=0.7494 time=60.3s
[Epoch 751] loss=0.0484 miou=0.6383 f1=0.7475 time=60.4s
[Epoch 752] loss=0.0518 miou=0.6324 f1=0.7438 time=60.4s
[Epoch 753] loss=0.0551 miou=0.6351 f1=0.7451 time=60.5s
[Epoch 754] loss=0.0499 miou=0.6305 f1=0.7424 time=60.6s
[Epoch 755] loss=0.0470 miou=0.6345 f1=0.7450 time=60.3s
[Epoch 756] loss=0.0463 miou=0.6317 f1=0.7455 time=60.5s
[Epoch 757] loss=0.0495 miou=0.6114 f1=0.7268 time=60.2s
[Epoch 758] loss=0.0675 miou=0.6332 f1=0.7452 time=60.3s
[Epoch 759] loss=0.0567 miou=0.6238 f1=0.7369 time=60.3s
[Epoch 760] loss=0.0554 miou=0.6329 f1=0.7436 time=60.3s
[Epoch 761] loss=0.0579 miou=0.6245 f1=0.7349 time=60.3s
[Epoch 762] loss=0.0533 miou=0.6296 f1=0.7387 time=60.3s
[Epoch 763] loss=0.0539 miou=0.6333 f1=0.7456 time=60.3s
[Epoch 764] loss=0.0604 miou=0.6382 f1=0.7468 time=60.3s
[Epoch 765] loss=0.0552 miou=0.6346 f1=0.7471 time=60.5s
[Epoch 766] loss=0.0520 miou=0.6342 f1=0.7437 time=60.3s
[Epoch 767] loss=0.0588 miou=0.6201 f1=0.7345 time=60.6s
[Epoch 768] loss=0.0639 miou=0.6277 f1=0.7394 time=60.4s
[Epoch 769] loss=0.0532 miou=0.6328 f1=0.7422 time=60.6s
[Epoch 770] loss=0.0542 miou=0.6374 f1=0.7482 time=60.5s
[Epoch 771] loss=0.0526 miou=0.6375 f1=0.7476 time=60.6s
[Epoch 772] loss=0.0544 miou=0.6358 f1=0.7477 time=60.3s
[Epoch 773] loss=0.0560 miou=0.6140 f1=0.7311 time=60.3s
[Epoch 774] loss=0.0606 miou=0.6142 f1=0.7296 time=60.6s
[Epoch 775] loss=0.0611 miou=0.6277 f1=0.7389 time=60.4s
[Epoch 776] loss=0.0637 miou=0.6159 f1=0.7279 time=60.5s
[Epoch 777] loss=0.0580 miou=0.6279 f1=0.7421 time=60.3s
[Epoch 778] loss=0.0564 miou=0.6253 f1=0.7341 time=60.3s
[Epoch 779] loss=0.0527 miou=0.6148 f1=0.7261 time=60.3s
[Epoch 780] loss=0.0565 miou=0.6038 f1=0.7219 time=60.5s
[Epoch 781] loss=0.0727 miou=0.6126 f1=0.7274 time=60.3s
[Epoch 782] loss=0.0619 miou=0.6356 f1=0.7448 time=60.7s
[Epoch 783] loss=0.0538 miou=0.6295 f1=0.7417 time=60.6s
[Epoch 784] loss=0.0583 miou=0.6310 f1=0.7431 time=60.5s
[Epoch 785] loss=0.0471 miou=0.6301 f1=0.7410 time=60.3s
[Epoch 786] loss=0.0452 miou=0.6374 f1=0.7467 time=60.4s
[Epoch 787] loss=0.0654 miou=0.6293 f1=0.7424 time=60.5s
[Epoch 788] loss=0.0493 miou=0.6327 f1=0.7448 time=60.3s
[Epoch 789] loss=0.0491 miou=0.6278 f1=0.7405 time=60.4s
[Epoch 790] loss=0.0563 miou=0.6285 f1=0.7428 time=60.4s
[Epoch 791] loss=0.0586 miou=0.6347 f1=0.7480 time=60.5s
[Epoch 792] loss=0.0577 miou=0.6258 f1=0.7401 time=60.5s
[Epoch 793] loss=0.0652 miou=0.6317 f1=0.7428 time=60.5s
[Epoch 794] loss=0.0648 miou=0.6087 f1=0.7251 time=60.6s
[Epoch 795] loss=0.0584 miou=0.6139 f1=0.7262 time=60.6s
[Epoch 796] loss=0.0493 miou=0.6297 f1=0.7395 time=60.5s
[Epoch 797] loss=0.0503 miou=0.6251 f1=0.7354 time=60.6s
[Epoch 798] loss=0.0537 miou=0.6113 f1=0.7252 time=60.5s
[Epoch 799] loss=0.0518 miou=0.6314 f1=0.7422 time=60.2s
[Epoch 800] loss=0.0522 miou=0.6230 f1=0.7359 time=60.5s
[Epoch 801] loss=0.0502 miou=0.6276 f1=0.7408 time=60.5s
[Epoch 802] loss=0.0516 miou=0.6222 f1=0.7372 time=60.3s
[Epoch 803] loss=0.0532 miou=0.6070 f1=0.7223 time=60.6s
[Epoch 804] loss=0.0492 miou=0.6244 f1=0.7391 time=60.5s
[Epoch 805] loss=0.0490 miou=0.6253 f1=0.7378 time=60.5s
[Epoch 806] loss=0.0494 miou=0.6408 f1=0.7521 time=60.5s
[Epoch 807] loss=0.0524 miou=0.6264 f1=0.7376 time=60.6s
[Epoch 808] loss=0.0486 miou=0.6361 f1=0.7469 time=60.5s
[Epoch 809] loss=0.0454 miou=0.6294 f1=0.7417 time=60.5s
[Epoch 810] loss=0.0484 miou=0.6311 f1=0.7414 time=60.4s
[Epoch 811] loss=0.0516 miou=0.6091 f1=0.7250 time=60.2s
[Epoch 812] loss=0.0599 miou=0.6318 f1=0.7446 time=60.2s
[Epoch 813] loss=0.0520 miou=0.6315 f1=0.7437 time=60.3s
[Epoch 814] loss=0.0486 miou=0.6421 f1=0.7529 time=60.5s
[Epoch 815] loss=0.0453 miou=0.6279 f1=0.7405 time=60.6s
[Epoch 816] loss=0.0448 miou=0.6398 f1=0.7480 time=60.3s
[Epoch 817] loss=0.0459 miou=0.6317 f1=0.7430 time=60.4s
[Epoch 818] loss=0.0466 miou=0.6166 f1=0.7290 time=60.5s
[Epoch 819] loss=0.0473 miou=0.6336 f1=0.7458 time=60.5s
[Epoch 820] loss=0.0485 miou=0.6249 f1=0.7415 time=60.5s
[Epoch 821] loss=0.0523 miou=0.6282 f1=0.7411 time=60.5s
[Epoch 822] loss=0.0502 miou=0.6271 f1=0.7432 time=60.4s
[Epoch 823] loss=0.0513 miou=0.6288 f1=0.7443 time=60.4s
[Epoch 824] loss=0.0481 miou=0.6409 f1=0.7522 time=60.5s
[Epoch 825] loss=0.0505 miou=0.6237 f1=0.7366 time=60.4s
[Epoch 826] loss=0.0478 miou=0.6400 f1=0.7490 time=60.4s
[Epoch 827] loss=0.0477 miou=0.6214 f1=0.7375 time=60.4s
[Epoch 828] loss=0.0456 miou=0.6276 f1=0.7399 time=60.4s
[Epoch 829] loss=0.0475 miou=0.6225 f1=0.7355 time=60.4s
[Epoch 830] loss=0.0502 miou=0.6251 f1=0.7397 time=60.5s
[Epoch 831] loss=0.0469 miou=0.6359 f1=0.7480 time=60.6s
[Epoch 832] loss=0.0435 miou=0.6344 f1=0.7470 time=60.6s
[Epoch 833] loss=0.0555 miou=0.6186 f1=0.7332 time=60.4s
[Epoch 834] loss=0.0491 miou=0.6289 f1=0.7394 time=60.5s
[Epoch 835] loss=0.0440 miou=0.6301 f1=0.7417 time=60.5s
[Epoch 836] loss=0.0481 miou=0.6269 f1=0.7382 time=60.5s
[Epoch 837] loss=0.0548 miou=0.6402 f1=0.7494 time=60.3s
[Epoch 838] loss=0.0557 miou=0.6271 f1=0.7405 time=60.5s
[Epoch 839] loss=0.0526 miou=0.6266 f1=0.7393 time=60.2s
[Epoch 840] loss=0.0593 miou=0.6023 f1=0.7184 time=60.7s
[Epoch 841] loss=0.0613 miou=0.6340 f1=0.7440 time=60.5s
[Epoch 842] loss=0.0609 miou=0.6175 f1=0.7329 time=60.6s
[Epoch 843] loss=0.0636 miou=0.6213 f1=0.7336 time=60.5s
[Epoch 844] loss=0.0514 miou=0.6365 f1=0.7488 time=60.5s
[Epoch 845] loss=0.0473 miou=0.6328 f1=0.7430 time=60.4s
[Epoch 846] loss=0.0439 miou=0.6338 f1=0.7449 time=60.5s
[Epoch 847] loss=0.0450 miou=0.6224 f1=0.7353 time=60.2s
[Epoch 848] loss=0.0520 miou=0.6254 f1=0.7373 time=60.5s
[Epoch 849] loss=0.0450 miou=0.6215 f1=0.7331 time=60.4s
[Epoch 850] loss=0.0446 miou=0.6181 f1=0.7313 time=60.3s
[Epoch 851] loss=0.0436 miou=0.6220 f1=0.7324 time=60.4s
[Epoch 852] loss=0.0436 miou=0.6264 f1=0.7369 time=60.3s
[Epoch 853] loss=0.0400 miou=0.6281 f1=0.7401 time=60.5s
[Epoch 854] loss=0.0457 miou=0.6252 f1=0.7369 time=60.3s
[Epoch 855] loss=0.0431 miou=0.6259 f1=0.7391 time=60.2s
[Epoch 856] loss=0.0475 miou=0.6341 f1=0.7456 time=60.2s
[Epoch 857] loss=0.0501 miou=0.6263 f1=0.7408 time=60.2s
[Epoch 858] loss=0.0481 miou=0.6288 f1=0.7449 time=60.0s
[Epoch 859] loss=0.0511 miou=0.6295 f1=0.7444 time=60.5s
[Epoch 860] loss=0.0465 miou=0.6376 f1=0.7511 time=60.1s
[Epoch 861] loss=0.0430 miou=0.6278 f1=0.7406 time=60.5s
[Epoch 862] loss=0.0436 miou=0.6323 f1=0.7450 time=60.4s
[Epoch 863] loss=0.0474 miou=0.6323 f1=0.7456 time=60.5s
[Epoch 864] loss=0.0515 miou=0.6386 f1=0.7496 time=60.4s
[Epoch 865] loss=0.0500 miou=0.6267 f1=0.7397 time=60.5s
[Epoch 866] loss=0.0480 miou=0.6395 f1=0.7511 time=60.6s
[Epoch 867] loss=0.0460 miou=0.6476 f1=0.7568 time=60.5s
[Epoch 868] loss=2.3466 miou=0.5864 f1=0.7048 time=60.3s
[Epoch 869] loss=0.0839 miou=0.6180 f1=0.7319 time=60.5s
[Epoch 870] loss=0.0564 miou=0.6301 f1=0.7421 time=60.4s
[Epoch 871] loss=0.0496 miou=0.6317 f1=0.7424 time=60.5s
[Epoch 872] loss=0.0446 miou=0.6319 f1=0.7421 time=60.4s
[Epoch 873] loss=0.0416 miou=0.6317 f1=0.7451 time=60.5s
[Epoch 874] loss=0.0407 miou=0.6309 f1=0.7418 time=60.3s
[Epoch 875] loss=0.0431 miou=0.6279 f1=0.7410 time=60.5s
[Epoch 876] loss=0.0390 miou=0.6270 f1=0.7386 time=60.5s
[Epoch 877] loss=0.0428 miou=0.6299 f1=0.7392 time=60.5s
[Epoch 878] loss=0.0399 miou=0.6212 f1=0.7331 time=60.6s
[Epoch 879] loss=0.0400 miou=0.6293 f1=0.7402 time=60.5s
[Epoch 880] loss=0.0407 miou=0.6222 f1=0.7334 time=60.5s
[Epoch 881] loss=0.0417 miou=0.6313 f1=0.7429 time=60.5s
[Epoch 882] loss=0.0430 miou=0.6282 f1=0.7377 time=60.5s
[Epoch 883] loss=0.0409 miou=0.6273 f1=0.7392 time=60.5s
[Epoch 884] loss=0.0417 miou=0.6327 f1=0.7443 time=60.5s
[Epoch 885] loss=0.0409 miou=0.6234 f1=0.7354 time=60.3s
[Epoch 886] loss=0.0395 miou=0.6399 f1=0.7474 time=60.3s
[Epoch 887] loss=0.0417 miou=0.6336 f1=0.7420 time=60.5s
[Epoch 888] loss=0.0447 miou=0.6302 f1=0.7423 time=60.4s
[Epoch 889] loss=0.0494 miou=0.6155 f1=0.7318 time=60.4s
[Epoch 890] loss=0.0525 miou=0.6371 f1=0.7480 time=60.5s
[Epoch 891] loss=0.0498 miou=0.6337 f1=0.7442 time=60.3s
[Epoch 892] loss=0.0416 miou=0.6351 f1=0.7443 time=60.3s
[Epoch 893] loss=0.0447 miou=0.6247 f1=0.7350 time=60.3s
[Epoch 894] loss=0.0417 miou=0.6240 f1=0.7384 time=60.4s
[Epoch 895] loss=0.0404 miou=0.6203 f1=0.7344 time=60.3s
[Epoch 896] loss=0.0481 miou=0.6355 f1=0.7465 time=60.2s
[Epoch 897] loss=0.0436 miou=0.6438 f1=0.7528 time=60.2s
[Epoch 898] loss=0.0373 miou=0.6260 f1=0.7390 time=60.4s
[Epoch 899] loss=0.0437 miou=0.6286 f1=0.7393 time=60.7s
[Epoch 900] loss=0.0422 miou=0.6377 f1=0.7476 time=60.4s
[Epoch 901] loss=0.0417 miou=0.6312 f1=0.7407 time=60.5s
[Epoch 902] loss=0.0428 miou=0.6293 f1=0.7403 time=60.5s
[Epoch 903] loss=0.0399 miou=0.6261 f1=0.7381 time=60.5s
[Epoch 904] loss=0.0443 miou=0.6317 f1=0.7435 time=60.5s
[Epoch 905] loss=0.0522 miou=0.6191 f1=0.7333 time=60.3s
[Epoch 906] loss=0.0489 miou=0.6187 f1=0.7325 time=60.4s
[Epoch 907] loss=0.0461 miou=0.6216 f1=0.7343 time=60.4s
[Epoch 908] loss=0.0407 miou=0.6177 f1=0.7316 time=60.3s
[Epoch 909] loss=0.0456 miou=0.6179 f1=0.7301 time=60.5s
[Epoch 910] loss=0.0497 miou=0.6039 f1=0.7221 time=60.5s
[Epoch 911] loss=0.0585 miou=0.6145 f1=0.7321 time=60.2s
[Epoch 912] loss=0.0477 miou=0.6249 f1=0.7430 time=60.4s
[Epoch 913] loss=0.0435 miou=0.6229 f1=0.7363 time=60.2s
[Epoch 914] loss=0.0423 miou=0.6167 f1=0.7314 time=60.4s
[Epoch 915] loss=0.0420 miou=0.6093 f1=0.7264 time=60.4s
[Epoch 916] loss=0.0478 miou=0.6151 f1=0.7295 time=60.5s
[Epoch 917] loss=0.0422 miou=0.6313 f1=0.7414 time=60.5s
[Epoch 918] loss=0.0420 miou=0.6192 f1=0.7315 time=60.5s
[Epoch 919] loss=0.0392 miou=0.6259 f1=0.7370 time=60.4s
[Epoch 920] loss=0.0405 miou=0.6135 f1=0.7265 time=60.4s
[Epoch 921] loss=0.0377 miou=0.6252 f1=0.7358 time=60.4s
[Epoch 922] loss=0.0414 miou=0.6158 f1=0.7285 time=60.5s
[Epoch 923] loss=0.0508 miou=0.6159 f1=0.7316 time=60.3s
[Epoch 924] loss=0.0460 miou=0.6280 f1=0.7381 time=60.3s
[Epoch 925] loss=0.0435 miou=0.6302 f1=0.7427 time=60.2s
[Epoch 926] loss=0.0418 miou=0.6257 f1=0.7385 time=60.5s
[Epoch 927] loss=0.0417 miou=0.6151 f1=0.7272 time=60.7s
[Epoch 928] loss=0.0389 miou=0.6272 f1=0.7371 time=60.5s
[Epoch 929] loss=0.0511 miou=0.6162 f1=0.7320 time=60.6s
[Epoch 930] loss=0.0496 miou=0.6404 f1=0.7465 time=60.5s
[Epoch 931] loss=0.0468 miou=0.6109 f1=0.7239 time=60.6s
[Epoch 932] loss=0.0442 miou=0.6314 f1=0.7425 time=60.3s
[Epoch 933] loss=0.0407 miou=0.6253 f1=0.7371 time=60.3s
[Epoch 934] loss=0.0399 miou=0.6365 f1=0.7487 time=60.7s
[Epoch 935] loss=0.0381 miou=0.6296 f1=0.7418 time=60.5s
[Epoch 936] loss=0.0436 miou=0.6178 f1=0.7314 time=60.4s
[Epoch 937] loss=0.0437 miou=0.6184 f1=0.7309 time=60.2s
[Epoch 938] loss=0.0447 miou=0.6249 f1=0.7372 time=60.0s
[Epoch 939] loss=0.0417 miou=0.6152 f1=0.7312 time=60.5s
[Epoch 940] loss=0.0431 miou=0.6105 f1=0.7251 time=60.5s
[Epoch 941] loss=0.0456 miou=0.6283 f1=0.7414 time=60.5s
[Epoch 942] loss=0.0463 miou=0.6247 f1=0.7361 time=60.6s
[Epoch 943] loss=0.0418 miou=0.6204 f1=0.7318 time=60.3s
[Epoch 944] loss=0.0420 miou=0.6192 f1=0.7329 time=60.4s
[Epoch 945] loss=0.0411 miou=0.6285 f1=0.7383 time=60.3s
[Epoch 946] loss=0.0418 miou=0.6228 f1=0.7311 time=60.4s
[Epoch 947] loss=0.0398 miou=0.6308 f1=0.7394 time=60.5s
[Epoch 948] loss=0.0468 miou=0.6204 f1=0.7347 time=60.4s
[Epoch 949] loss=0.0453 miou=0.6107 f1=0.7246 time=60.4s
[Epoch 950] loss=0.0404 miou=0.6221 f1=0.7324 time=60.4s
[Epoch 951] loss=0.0407 miou=0.6163 f1=0.7286 time=60.4s
[Epoch 952] loss=0.0419 miou=0.6194 f1=0.7344 time=60.5s
[Epoch 953] loss=0.0538 miou=0.6183 f1=0.7306 time=60.4s
[Epoch 954] loss=0.0426 miou=0.6250 f1=0.7370 time=60.4s
[Epoch 955] loss=0.0434 miou=0.6141 f1=0.7303 time=60.3s
[Epoch 956] loss=0.0387 miou=0.6271 f1=0.7390 time=60.3s
[Epoch 957] loss=0.0418 miou=0.6305 f1=0.7409 time=60.5s
[Epoch 958] loss=0.0385 miou=0.6173 f1=0.7299 time=60.4s
[Epoch 959] loss=0.0377 miou=0.6201 f1=0.7311 time=60.5s
[Epoch 960] loss=0.0398 miou=0.6201 f1=0.7315 time=60.6s
[Epoch 961] loss=0.0492 miou=0.6240 f1=0.7341 time=60.6s
[Epoch 962] loss=0.0517 miou=0.6247 f1=0.7341 time=60.4s
[Epoch 963] loss=0.0450 miou=0.6211 f1=0.7342 time=60.4s
[Epoch 964] loss=0.0454 miou=0.6178 f1=0.7296 time=60.5s
[Epoch 965] loss=0.0396 miou=0.6258 f1=0.7359 time=60.4s
[Epoch 966] loss=0.0392 miou=0.6255 f1=0.7371 time=60.4s
[Epoch 967] loss=0.0379 miou=0.6156 f1=0.7300 time=60.4s
[Epoch 968] loss=0.0444 miou=0.6155 f1=0.7256 time=60.3s
[Epoch 969] loss=0.0396 miou=0.6349 f1=0.7438 time=60.3s
[Epoch 970] loss=0.0406 miou=0.6262 f1=0.7373 time=60.3s
[Epoch 971] loss=0.0380 miou=0.6428 f1=0.7482 time=60.4s
[Epoch 972] loss=0.0422 miou=0.6181 f1=0.7280 time=60.3s
[Epoch 973] loss=0.0371 miou=0.6207 f1=0.7306 time=60.5s
[Epoch 974] loss=0.0369 miou=0.6275 f1=0.7357 time=60.4s
[Epoch 975] loss=0.0381 miou=0.6279 f1=0.7375 time=60.3s
[Epoch 976] loss=0.0379 miou=0.6331 f1=0.7444 time=60.2s
[Epoch 977] loss=0.0438 miou=0.6130 f1=0.7288 time=60.2s
[Epoch 978] loss=0.0425 miou=0.6270 f1=0.7358 time=60.4s
[Epoch 979] loss=0.0623 miou=0.6140 f1=0.7280 time=60.3s
[Epoch 980] loss=0.0485 miou=0.6268 f1=0.7421 time=60.5s
[Epoch 981] loss=0.0419 miou=0.6172 f1=0.7294 time=60.4s
[Epoch 982] loss=0.0404 miou=0.6059 f1=0.7228 time=60.1s
[Epoch 983] loss=0.0576 miou=0.6182 f1=0.7278 time=60.1s
[Epoch 984] loss=0.0456 miou=0.6159 f1=0.7305 time=60.2s
[Epoch 985] loss=0.0397 miou=0.6205 f1=0.7341 time=60.1s
[Epoch 986] loss=0.0369 miou=0.6269 f1=0.7403 time=60.0s
[Epoch 987] loss=0.0417 miou=0.6126 f1=0.7248 time=60.1s
[Epoch 988] loss=0.0429 miou=0.6219 f1=0.7351 time=60.0s
[Epoch 989] loss=0.0359 miou=0.6218 f1=0.7339 time=60.0s
[Epoch 990] loss=0.0348 miou=0.6159 f1=0.7314 time=59.9s
[Epoch 991] loss=0.0354 miou=0.6203 f1=0.7319 time=60.0s
[Epoch 992] loss=0.0372 miou=0.6216 f1=0.7346 time=60.0s
[Epoch 993] loss=0.0422 miou=0.6304 f1=0.7390 time=60.0s
[Epoch 994] loss=0.0474 miou=0.6135 f1=0.7286 time=59.9s
[Epoch 995] loss=0.0470 miou=0.6244 f1=0.7385 time=60.0s
[Epoch 996] loss=0.0443 miou=0.6350 f1=0.7487 time=60.0s
[Epoch 997] loss=0.0412 miou=0.6268 f1=0.7388 time=60.0s
[Epoch 998] loss=0.0371 miou=0.6234 f1=0.7372 time=59.9s
[Epoch 999] loss=0.0353 miou=0.6226 f1=0.7360 time=60.0s
[Epoch 1000] loss=0.0376 miou=0.6278 f1=0.7394 time=60.0s
