nohup: ignoring input
Run directory: ./outputs_sam_sirst_hq/IRSTD-1k_model-vitt_size256_use_HQ_param_bs4_e1000kp1_split-50_50_20250917_115147
[build_efficient_sam_hq] Partially loaded 253 tensors from baseline (278 scanned).
/home/bip/cry/anaconda3/lib/python3.9/site-packages/torch/cuda/__init__.py:611: UserWarning: Can't initialize NVML
  warnings.warn("Can't initialize NVML")
[Epoch 001] loss=0.8390 miou=0.4542 f1=0.5865 time=32.2s
[Epoch 002] loss=0.4878 miou=0.4827 f1=0.6171 time=30.0s
[Epoch 003] loss=0.4602 miou=0.5190 f1=0.6500 time=30.2s
[Epoch 004] loss=0.4288 miou=0.5281 f1=0.6609 time=30.3s
[Epoch 005] loss=0.4147 miou=0.5433 f1=0.6737 time=30.2s
[Epoch 006] loss=0.4007 miou=0.5552 f1=0.6877 time=30.1s
[Epoch 007] loss=0.3838 miou=0.5690 f1=0.6963 time=30.1s
[Epoch 008] loss=0.3732 miou=0.5710 f1=0.7012 time=30.1s
[Epoch 009] loss=0.3602 miou=0.5693 f1=0.6994 time=29.3s
[Epoch 010] loss=0.3513 miou=0.5411 f1=0.6774 time=30.0s
Unfroze at epoch 10: encoder + all heads.
[Epoch 011] loss=0.4044 miou=0.5786 f1=0.7032 time=61.3s
[Epoch 012] loss=0.3417 miou=0.6043 f1=0.7280 time=61.2s
[Epoch 013] loss=0.3329 miou=0.6095 f1=0.7349 time=61.4s
[Epoch 014] loss=0.3325 miou=0.6122 f1=0.7309 time=61.3s
[Epoch 015] loss=0.3224 miou=0.6099 f1=0.7367 time=61.4s
[Epoch 016] loss=0.3145 miou=0.5890 f1=0.7169 time=61.5s
[Epoch 017] loss=0.3050 miou=0.6397 f1=0.7524 time=61.1s
[Epoch 018] loss=0.3042 miou=0.6309 f1=0.7448 time=61.4s
[Epoch 019] loss=0.3012 miou=0.6280 f1=0.7434 time=61.1s
[Epoch 020] loss=0.3005 miou=0.6271 f1=0.7449 time=61.1s
[Epoch 021] loss=0.2958 miou=0.6200 f1=0.7364 time=61.4s
[Epoch 022] loss=0.2870 miou=0.6496 f1=0.7608 time=61.4s
[Epoch 023] loss=0.2804 miou=0.6526 f1=0.7654 time=61.3s
[Epoch 024] loss=0.2862 miou=0.6315 f1=0.7506 time=61.3s
[Epoch 025] loss=0.2787 miou=0.6495 f1=0.7564 time=61.1s
[Epoch 026] loss=0.2701 miou=0.5956 f1=0.6942 time=61.2s
[Epoch 027] loss=5.1315 miou=0.6078 f1=0.7294 time=61.3s
[Epoch 028] loss=0.3365 miou=0.6169 f1=0.7380 time=61.1s
[Epoch 029] loss=0.2897 miou=0.6389 f1=0.7535 time=61.1s
[Epoch 030] loss=0.2849 miou=0.6609 f1=0.7675 time=61.3s
[Epoch 031] loss=0.2729 miou=0.6587 f1=0.7699 time=61.3s
[Epoch 032] loss=0.2633 miou=0.6637 f1=0.7712 time=61.4s
[Epoch 033] loss=0.2667 miou=0.6568 f1=0.7670 time=61.5s
[Epoch 034] loss=0.2662 miou=0.6572 f1=0.7690 time=61.6s
[Epoch 035] loss=0.2670 miou=0.6516 f1=0.7647 time=62.0s
[Epoch 036] loss=0.2631 miou=0.6573 f1=0.7675 time=61.8s
[Epoch 037] loss=0.2597 miou=0.6482 f1=0.7644 time=61.6s
[Epoch 038] loss=0.2780 miou=0.6543 f1=0.7671 time=61.2s
[Epoch 039] loss=0.2638 miou=0.6581 f1=0.7694 time=61.4s
[Epoch 040] loss=0.2552 miou=0.6529 f1=0.7662 time=62.0s
[Epoch 041] loss=0.2541 miou=0.6614 f1=0.7718 time=61.7s
[Epoch 042] loss=0.2482 miou=0.6744 f1=0.7831 time=61.4s
[Epoch 043] loss=0.2496 miou=0.6577 f1=0.7697 time=61.3s
[Epoch 044] loss=0.2498 miou=0.6647 f1=0.7726 time=62.4s
[Epoch 045] loss=0.2721 miou=0.6588 f1=0.7661 time=61.2s
[Epoch 046] loss=0.2608 miou=0.6574 f1=0.7690 time=61.4s
[Epoch 047] loss=0.2490 miou=0.6471 f1=0.7599 time=60.8s
[Epoch 048] loss=0.2498 miou=0.6532 f1=0.7624 time=60.9s
[Epoch 049] loss=0.2446 miou=0.6686 f1=0.7743 time=61.2s
[Epoch 050] loss=0.2535 miou=0.6620 f1=0.7769 time=61.5s
[Epoch 051] loss=0.2456 miou=0.6692 f1=0.7766 time=62.6s
[Epoch 052] loss=0.2453 miou=0.6722 f1=0.7800 time=61.5s
[Epoch 053] loss=0.2395 miou=0.6387 f1=0.7553 time=62.3s
[Epoch 054] loss=0.2409 miou=0.6483 f1=0.7606 time=62.3s
[Epoch 055] loss=0.2449 miou=0.6516 f1=0.7681 time=62.3s
[Epoch 056] loss=0.2408 miou=0.6605 f1=0.7745 time=61.1s
[Epoch 057] loss=0.2435 miou=0.6478 f1=0.7606 time=61.2s
[Epoch 058] loss=0.2491 miou=0.6572 f1=0.7682 time=61.3s
[Epoch 059] loss=0.2413 miou=0.6534 f1=0.7665 time=61.4s
[Epoch 060] loss=0.2431 miou=0.6570 f1=0.7684 time=61.4s
[Epoch 061] loss=0.2431 miou=0.6554 f1=0.7696 time=61.4s
[Epoch 062] loss=0.2438 miou=0.6527 f1=0.7627 time=61.5s
[Epoch 063] loss=0.2435 miou=0.6580 f1=0.7670 time=61.5s
[Epoch 064] loss=0.2408 miou=0.6560 f1=0.7675 time=61.5s
[Epoch 065] loss=0.2311 miou=0.6861 f1=0.7904 time=61.5s
[Epoch 066] loss=0.2360 miou=0.6801 f1=0.7851 time=61.5s
[Epoch 067] loss=0.2368 miou=0.6718 f1=0.7779 time=61.4s
[Epoch 068] loss=0.2300 miou=0.6581 f1=0.7681 time=61.4s
[Epoch 069] loss=0.2337 miou=0.6627 f1=0.7749 time=61.4s
[Epoch 070] loss=0.2351 miou=0.6511 f1=0.7620 time=61.6s
[Epoch 071] loss=0.2378 miou=0.6391 f1=0.7543 time=62.3s
[Epoch 072] loss=0.2325 miou=0.6585 f1=0.7671 time=61.2s
[Epoch 073] loss=0.2390 miou=0.6578 f1=0.7649 time=62.6s
[Epoch 074] loss=0.2435 miou=0.6559 f1=0.7655 time=62.3s
[Epoch 075] loss=0.2380 miou=0.6570 f1=0.7635 time=61.6s
[Epoch 076] loss=0.2353 miou=0.6449 f1=0.7578 time=61.6s
[Epoch 077] loss=0.2404 miou=0.6395 f1=0.7528 time=61.4s
[Epoch 078] loss=0.2318 miou=0.6520 f1=0.7589 time=61.6s
[Epoch 079] loss=0.2325 miou=0.6482 f1=0.7586 time=62.4s
[Epoch 080] loss=0.2218 miou=0.6718 f1=0.7766 time=62.4s
[Epoch 081] loss=0.2300 miou=0.6134 f1=0.7249 time=62.3s
[Epoch 082] loss=0.2319 miou=0.6626 f1=0.7659 time=62.3s
[Epoch 083] loss=0.2202 miou=0.6542 f1=0.7622 time=62.1s
[Epoch 084] loss=0.2297 miou=0.6649 f1=0.7706 time=61.3s
[Epoch 085] loss=0.2264 miou=0.6493 f1=0.7597 time=61.4s
[Epoch 086] loss=0.2282 miou=0.6581 f1=0.7657 time=61.4s
[Epoch 087] loss=0.2236 miou=0.6610 f1=0.7696 time=61.2s
[Epoch 088] loss=0.2372 miou=0.6463 f1=0.7562 time=60.9s
[Epoch 089] loss=0.2261 miou=0.6707 f1=0.7759 time=61.0s
[Epoch 090] loss=0.2267 miou=0.6623 f1=0.7726 time=61.1s
[Epoch 091] loss=0.2244 miou=0.6530 f1=0.7623 time=61.4s
[Epoch 092] loss=0.2209 miou=0.6518 f1=0.7621 time=61.4s
[Epoch 093] loss=0.2260 miou=0.6609 f1=0.7696 time=61.3s
[Epoch 094] loss=0.2171 miou=0.6640 f1=0.7719 time=61.5s
[Epoch 095] loss=0.2135 miou=0.6285 f1=0.7393 time=61.2s
[Epoch 096] loss=0.2139 miou=0.6408 f1=0.7514 time=61.4s
[Epoch 097] loss=0.2269 miou=0.6271 f1=0.7421 time=61.2s
[Epoch 098] loss=0.2180 miou=0.6442 f1=0.7558 time=61.2s
[Epoch 099] loss=0.2246 miou=0.6581 f1=0.7682 time=61.7s
[Epoch 100] loss=0.2203 miou=0.6544 f1=0.7651 time=61.3s
[Epoch 101] loss=0.2118 miou=0.6469 f1=0.7595 time=61.2s
[Epoch 102] loss=0.2243 miou=0.6359 f1=0.7525 time=61.5s
[Epoch 103] loss=0.2207 miou=0.6493 f1=0.7601 time=61.5s
[Epoch 104] loss=0.2162 miou=0.6499 f1=0.7597 time=61.4s
[Epoch 105] loss=0.2130 miou=0.6661 f1=0.7769 time=61.8s
[Epoch 106] loss=0.2150 miou=0.6567 f1=0.7669 time=61.6s
[Epoch 107] loss=0.2184 miou=0.6556 f1=0.7658 time=61.5s
[Epoch 108] loss=0.2130 miou=0.6616 f1=0.7698 time=61.5s
[Epoch 109] loss=0.2059 miou=0.6602 f1=0.7706 time=61.5s
[Epoch 110] loss=0.2046 miou=0.6689 f1=0.7791 time=61.5s
[Epoch 111] loss=0.2037 miou=0.6517 f1=0.7675 time=61.5s
[Epoch 112] loss=0.2094 miou=0.6768 f1=0.7832 time=61.6s
[Epoch 113] loss=0.2077 miou=0.6639 f1=0.7746 time=61.5s
[Epoch 114] loss=0.2020 miou=0.6551 f1=0.7674 time=61.5s
[Epoch 115] loss=0.2059 miou=0.6545 f1=0.7672 time=61.5s
[Epoch 116] loss=0.2044 miou=0.6551 f1=0.7667 time=61.5s
[Epoch 117] loss=0.2193 miou=0.6453 f1=0.7577 time=61.5s
[Epoch 118] loss=0.2100 miou=0.6190 f1=0.7326 time=61.6s
[Epoch 119] loss=0.2084 miou=0.6466 f1=0.7599 time=61.6s
[Epoch 120] loss=0.1988 miou=0.6459 f1=0.7587 time=61.6s
[Epoch 121] loss=0.2025 miou=0.6336 f1=0.7466 time=61.5s
[Epoch 122] loss=0.2161 miou=0.6359 f1=0.7499 time=61.5s
[Epoch 123] loss=0.2179 miou=0.6453 f1=0.7569 time=61.6s
[Epoch 124] loss=0.2062 miou=0.6551 f1=0.7675 time=61.6s
[Epoch 125] loss=0.1998 miou=0.6456 f1=0.7635 time=61.5s
[Epoch 126] loss=0.1963 miou=0.6515 f1=0.7607 time=61.5s
[Epoch 127] loss=0.2057 miou=0.6519 f1=0.7590 time=61.5s
[Epoch 128] loss=0.1951 miou=0.6456 f1=0.7530 time=61.5s
[Epoch 129] loss=0.1938 miou=0.6463 f1=0.7571 time=61.5s
[Epoch 130] loss=0.2081 miou=0.6509 f1=0.7613 time=61.4s
[Epoch 131] loss=0.2065 miou=0.6559 f1=0.7623 time=61.4s
[Epoch 132] loss=0.1888 miou=0.6379 f1=0.7493 time=61.5s
[Epoch 133] loss=0.1996 miou=0.6525 f1=0.7633 time=61.5s
[Epoch 134] loss=0.1987 miou=0.6625 f1=0.7710 time=61.5s
[Epoch 135] loss=0.1904 miou=0.6615 f1=0.7723 time=61.5s
[Epoch 136] loss=0.1889 miou=0.6599 f1=0.7688 time=61.5s
[Epoch 137] loss=0.1900 miou=0.6613 f1=0.7692 time=61.4s
[Epoch 138] loss=0.1877 miou=0.6639 f1=0.7726 time=61.5s
[Epoch 139] loss=0.1864 miou=0.6582 f1=0.7705 time=61.5s
[Epoch 140] loss=0.1925 miou=0.6422 f1=0.7514 time=61.4s
[Epoch 141] loss=0.1952 miou=0.6342 f1=0.7482 time=61.4s
[Epoch 142] loss=0.1950 miou=0.6478 f1=0.7627 time=61.5s
[Epoch 143] loss=0.1906 miou=0.6554 f1=0.7653 time=61.5s
[Epoch 144] loss=0.1924 miou=0.6298 f1=0.7446 time=61.5s
[Epoch 145] loss=0.1798 miou=0.6516 f1=0.7623 time=61.5s
[Epoch 146] loss=0.1919 miou=0.6459 f1=0.7587 time=61.6s
[Epoch 147] loss=0.1886 miou=0.6494 f1=0.7640 time=61.5s
[Epoch 148] loss=0.1887 miou=0.6426 f1=0.7571 time=61.5s
[Epoch 149] loss=0.1944 miou=0.6591 f1=0.7638 time=61.6s
[Epoch 150] loss=0.1869 miou=0.6627 f1=0.7661 time=61.5s
[Epoch 151] loss=0.1830 miou=0.6483 f1=0.7544 time=61.5s
[Epoch 152] loss=0.1930 miou=0.6555 f1=0.7618 time=61.5s
[Epoch 153] loss=0.1874 miou=0.6484 f1=0.7600 time=61.5s
[Epoch 154] loss=0.1883 miou=0.6712 f1=0.7746 time=61.4s
[Epoch 155] loss=0.1802 miou=0.6547 f1=0.7609 time=61.4s
[Epoch 156] loss=0.1791 miou=0.6405 f1=0.7497 time=61.4s
[Epoch 157] loss=0.1888 miou=0.6424 f1=0.7504 time=61.4s
[Epoch 158] loss=0.1877 miou=0.6707 f1=0.7747 time=61.4s
[Epoch 159] loss=0.1846 miou=0.6623 f1=0.7739 time=61.4s
[Epoch 160] loss=0.1917 miou=0.6663 f1=0.7683 time=61.4s
[Epoch 161] loss=0.1907 miou=0.6607 f1=0.7651 time=61.4s
[Epoch 162] loss=0.1880 miou=0.6694 f1=0.7732 time=61.6s
[Epoch 163] loss=0.1793 miou=0.6526 f1=0.7596 time=61.5s
[Epoch 164] loss=0.1786 miou=0.6636 f1=0.7704 time=61.5s
[Epoch 165] loss=0.1823 miou=0.6435 f1=0.7548 time=61.5s
[Epoch 166] loss=0.1835 miou=0.6553 f1=0.7628 time=61.5s
[Epoch 167] loss=0.1739 miou=0.6474 f1=0.7551 time=61.5s
[Epoch 168] loss=0.1891 miou=0.6494 f1=0.7605 time=61.4s
[Epoch 169] loss=0.1771 miou=0.6614 f1=0.7692 time=61.5s
[Epoch 170] loss=0.2978 miou=0.6435 f1=0.7532 time=61.5s
[Epoch 171] loss=0.1771 miou=0.6570 f1=0.7634 time=61.4s
[Epoch 172] loss=0.1720 miou=0.6525 f1=0.7629 time=61.4s
[Epoch 173] loss=0.1846 miou=0.6372 f1=0.7490 time=61.5s
[Epoch 174] loss=0.1780 miou=0.6695 f1=0.7741 time=61.4s
[Epoch 175] loss=0.1725 miou=0.6589 f1=0.7672 time=61.4s
[Epoch 176] loss=0.1693 miou=0.6493 f1=0.7572 time=61.5s
[Epoch 177] loss=0.1757 miou=0.6508 f1=0.7617 time=61.5s
[Epoch 178] loss=0.2004 miou=0.6535 f1=0.7640 time=61.5s
[Epoch 179] loss=0.1790 miou=0.6439 f1=0.7524 time=61.5s
[Epoch 180] loss=0.1689 miou=0.6528 f1=0.7586 time=61.5s
[Epoch 181] loss=0.1741 miou=0.6472 f1=0.7564 time=61.5s
[Epoch 182] loss=0.1688 miou=0.6709 f1=0.7728 time=61.5s
[Epoch 183] loss=0.1676 miou=0.6555 f1=0.7613 time=61.5s
[Epoch 184] loss=0.1685 miou=0.6501 f1=0.7582 time=61.5s
[Epoch 185] loss=0.1733 miou=0.6636 f1=0.7684 time=61.5s
[Epoch 186] loss=0.1742 miou=0.6506 f1=0.7597 time=61.5s
[Epoch 187] loss=0.1786 miou=0.6365 f1=0.7469 time=61.6s
[Epoch 188] loss=0.1718 miou=0.6633 f1=0.7681 time=61.5s
[Epoch 189] loss=0.1691 miou=0.6587 f1=0.7669 time=61.5s
[Epoch 190] loss=0.1734 miou=0.6636 f1=0.7706 time=61.5s
[Epoch 191] loss=0.1630 miou=0.6579 f1=0.7657 time=61.6s
[Epoch 192] loss=0.1682 miou=0.6426 f1=0.7506 time=61.5s
[Epoch 193] loss=0.1664 miou=0.6550 f1=0.7638 time=61.5s
[Epoch 194] loss=0.1615 miou=0.6508 f1=0.7594 time=61.5s
[Epoch 195] loss=0.1673 miou=0.6507 f1=0.7576 time=61.5s
[Epoch 196] loss=0.1656 miou=0.6497 f1=0.7580 time=61.4s
[Epoch 197] loss=0.1686 miou=0.6511 f1=0.7584 time=61.5s
[Epoch 198] loss=0.1642 miou=0.6422 f1=0.7548 time=61.5s
[Epoch 199] loss=0.1664 miou=0.6536 f1=0.7592 time=61.3s
[Epoch 200] loss=0.1701 miou=0.6528 f1=0.7627 time=61.7s
[Epoch 201] loss=0.1596 miou=0.6573 f1=0.7641 time=61.7s
[Epoch 202] loss=0.1661 miou=0.6441 f1=0.7564 time=61.8s
[Epoch 203] loss=0.1762 miou=0.6239 f1=0.7385 time=61.5s
[Epoch 204] loss=0.1720 miou=0.6603 f1=0.7660 time=61.5s
[Epoch 205] loss=0.1653 miou=0.6516 f1=0.7616 time=61.5s
[Epoch 206] loss=0.1622 miou=0.6413 f1=0.7541 time=61.5s
[Epoch 207] loss=0.1665 miou=0.6561 f1=0.7662 time=61.5s
[Epoch 208] loss=0.1833 miou=0.6493 f1=0.7624 time=61.5s
[Epoch 209] loss=0.1719 miou=0.6524 f1=0.7609 time=61.5s
[Epoch 210] loss=0.1706 miou=0.6513 f1=0.7602 time=61.6s
[Epoch 211] loss=0.1589 miou=0.6625 f1=0.7726 time=61.5s
[Epoch 212] loss=0.1582 miou=0.6589 f1=0.7690 time=61.5s
[Epoch 213] loss=0.1638 miou=0.6517 f1=0.7635 time=61.5s
[Epoch 214] loss=0.1548 miou=0.6568 f1=0.7640 time=61.4s
[Epoch 215] loss=0.1495 miou=0.6493 f1=0.7625 time=61.5s
[Epoch 216] loss=0.1581 miou=0.6595 f1=0.7663 time=61.5s
[Epoch 217] loss=0.1567 miou=0.6477 f1=0.7557 time=61.5s
[Epoch 218] loss=0.1608 miou=0.6629 f1=0.7717 time=61.5s
[Epoch 219] loss=0.1541 miou=0.6583 f1=0.7668 time=61.5s
[Epoch 220] loss=0.1617 miou=0.6502 f1=0.7588 time=61.4s
[Epoch 221] loss=0.1577 miou=0.6568 f1=0.7651 time=61.4s
[Epoch 222] loss=0.1534 miou=0.6506 f1=0.7625 time=61.5s
[Epoch 223] loss=0.1628 miou=0.6488 f1=0.7616 time=61.4s
[Epoch 224] loss=0.1684 miou=0.6501 f1=0.7623 time=61.4s
[Epoch 225] loss=0.1580 miou=0.6591 f1=0.7687 time=61.6s
[Epoch 226] loss=0.1559 miou=0.6656 f1=0.7716 time=61.8s
[Epoch 227] loss=0.1625 miou=0.6576 f1=0.7686 time=61.4s
[Epoch 228] loss=0.1600 miou=0.6583 f1=0.7668 time=61.4s
[Epoch 229] loss=0.1557 miou=0.6554 f1=0.7622 time=61.4s
[Epoch 230] loss=0.1507 miou=0.6458 f1=0.7568 time=61.5s
[Epoch 231] loss=0.1527 miou=0.6438 f1=0.7534 time=61.4s
[Epoch 232] loss=0.1488 miou=0.6646 f1=0.7753 time=61.4s
[Epoch 233] loss=0.1533 miou=0.6587 f1=0.7663 time=61.5s
[Epoch 234] loss=0.1590 miou=0.6385 f1=0.7542 time=61.5s
[Epoch 235] loss=0.1582 miou=0.6573 f1=0.7652 time=61.5s
[Epoch 236] loss=0.1531 miou=0.6518 f1=0.7632 time=61.5s
[Epoch 237] loss=0.1495 miou=0.6511 f1=0.7624 time=61.6s
[Epoch 238] loss=0.1517 miou=0.6560 f1=0.7651 time=61.4s
[Epoch 239] loss=0.1455 miou=0.6362 f1=0.7506 time=61.5s
[Epoch 240] loss=0.1500 miou=0.6422 f1=0.7514 time=61.6s
[Epoch 241] loss=46.1560 miou=0.0457 f1=0.0800 time=61.8s
[Epoch 242] loss=0.4141 miou=0.5981 f1=0.7151 time=61.4s
[Epoch 243] loss=0.2434 miou=0.6380 f1=0.7516 time=61.5s
[Epoch 244] loss=0.1954 miou=0.6381 f1=0.7565 time=61.4s
[Epoch 245] loss=0.1801 miou=0.6424 f1=0.7590 time=61.2s
[Epoch 246] loss=0.1698 miou=0.6477 f1=0.7639 time=61.3s
[Epoch 247] loss=0.1670 miou=0.6510 f1=0.7659 time=61.4s
[Epoch 248] loss=0.1607 miou=0.6537 f1=0.7674 time=61.2s
[Epoch 249] loss=0.1515 miou=0.6598 f1=0.7725 time=61.4s
[Epoch 250] loss=0.1515 miou=0.6574 f1=0.7691 time=61.1s
[Epoch 251] loss=0.1476 miou=0.6578 f1=0.7689 time=61.4s
[Epoch 252] loss=0.1456 miou=0.6565 f1=0.7685 time=61.6s
[Epoch 253] loss=0.1489 miou=0.6521 f1=0.7654 time=61.6s
[Epoch 254] loss=0.1399 miou=0.6500 f1=0.7628 time=61.4s
[Epoch 255] loss=0.1434 miou=0.6453 f1=0.7588 time=61.2s
[Epoch 256] loss=0.1444 miou=0.6520 f1=0.7650 time=61.3s
[Epoch 257] loss=0.1399 miou=0.6445 f1=0.7585 time=61.4s
[Epoch 258] loss=0.1396 miou=0.6310 f1=0.7451 time=61.3s
[Epoch 259] loss=0.1554 miou=0.6421 f1=0.7547 time=61.5s
[Epoch 260] loss=0.1416 miou=0.6385 f1=0.7528 time=61.2s
[Epoch 261] loss=0.1418 miou=0.6603 f1=0.7732 time=61.2s
[Epoch 262] loss=0.1423 miou=0.6564 f1=0.7710 time=61.1s
[Epoch 263] loss=0.1373 miou=0.6481 f1=0.7662 time=61.3s
[Epoch 264] loss=0.1362 miou=0.6448 f1=0.7631 time=61.0s
[Epoch 265] loss=0.1390 miou=0.6352 f1=0.7543 time=61.0s
[Epoch 266] loss=0.1412 miou=0.6329 f1=0.7500 time=61.2s
[Epoch 267] loss=0.1439 miou=0.6402 f1=0.7563 time=61.0s
[Epoch 268] loss=0.1511 miou=0.6322 f1=0.7522 time=61.0s
[Epoch 269] loss=0.1540 miou=0.6437 f1=0.7593 time=61.3s
[Epoch 270] loss=0.1395 miou=0.6360 f1=0.7536 time=61.0s
[Epoch 271] loss=0.1478 miou=0.6534 f1=0.7672 time=61.2s
[Epoch 272] loss=0.1459 miou=0.6586 f1=0.7725 time=61.1s
[Epoch 273] loss=0.1441 miou=0.6436 f1=0.7577 time=61.3s
[Epoch 274] loss=0.1466 miou=0.6534 f1=0.7663 time=61.2s
[Epoch 275] loss=0.1464 miou=0.6460 f1=0.7609 time=61.4s
[Epoch 276] loss=0.1384 miou=0.6301 f1=0.7481 time=61.2s
[Epoch 277] loss=0.1381 miou=0.6511 f1=0.7659 time=61.1s
[Epoch 278] loss=0.1435 miou=0.6378 f1=0.7528 time=61.2s
[Epoch 279] loss=0.1364 miou=0.6435 f1=0.7583 time=61.2s
[Epoch 280] loss=0.1486 miou=0.6366 f1=0.7545 time=61.3s
[Epoch 281] loss=0.1472 miou=0.6433 f1=0.7588 time=61.2s
[Epoch 282] loss=0.1428 miou=0.6438 f1=0.7597 time=61.2s
[Epoch 283] loss=0.1423 miou=0.6382 f1=0.7549 time=61.3s
[Epoch 284] loss=0.1369 miou=0.6375 f1=0.7537 time=61.3s
[Epoch 285] loss=0.1363 miou=0.6422 f1=0.7582 time=61.1s
[Epoch 286] loss=0.1434 miou=0.6266 f1=0.7450 time=61.3s
[Epoch 287] loss=0.1346 miou=0.6443 f1=0.7579 time=61.3s
[Epoch 288] loss=0.1384 miou=0.6440 f1=0.7581 time=61.2s
[Epoch 289] loss=0.1363 miou=0.6443 f1=0.7602 time=61.4s
[Epoch 290] loss=0.1403 miou=0.6446 f1=0.7600 time=61.2s
[Epoch 291] loss=0.1349 miou=0.6448 f1=0.7563 time=61.2s
[Epoch 292] loss=0.1383 miou=0.6536 f1=0.7677 time=61.3s
[Epoch 293] loss=0.1374 miou=0.6471 f1=0.7617 time=61.3s
[Epoch 294] loss=0.1357 miou=0.6304 f1=0.7498 time=61.0s
[Epoch 295] loss=0.1447 miou=0.6310 f1=0.7457 time=61.3s
[Epoch 296] loss=0.1523 miou=0.6388 f1=0.7527 time=61.0s
[Epoch 297] loss=0.1452 miou=0.6455 f1=0.7605 time=61.2s
[Epoch 298] loss=0.1349 miou=0.6477 f1=0.7627 time=61.3s
[Epoch 299] loss=0.1364 miou=0.6505 f1=0.7613 time=61.1s
[Epoch 300] loss=0.1341 miou=0.6287 f1=0.7486 time=61.2s
[Epoch 301] loss=0.1321 miou=0.6359 f1=0.7500 time=61.2s
[Epoch 302] loss=0.1423 miou=0.6410 f1=0.7572 time=60.9s
[Epoch 303] loss=0.1374 miou=0.6562 f1=0.7677 time=60.9s
[Epoch 304] loss=0.1348 miou=0.6491 f1=0.7609 time=61.3s
[Epoch 305] loss=0.1353 miou=0.6387 f1=0.7546 time=61.3s
[Epoch 306] loss=0.1349 miou=0.6305 f1=0.7504 time=61.3s
[Epoch 307] loss=0.1358 miou=0.6503 f1=0.7642 time=61.3s
[Epoch 308] loss=0.1358 miou=0.6412 f1=0.7576 time=61.3s
[Epoch 309] loss=0.1367 miou=0.6468 f1=0.7615 time=61.3s
[Epoch 310] loss=0.1315 miou=0.6390 f1=0.7534 time=61.2s
[Epoch 311] loss=0.1369 miou=0.6239 f1=0.7463 time=61.3s
[Epoch 312] loss=0.1431 miou=0.6458 f1=0.7580 time=61.2s
[Epoch 313] loss=0.1373 miou=0.6438 f1=0.7588 time=61.2s
[Epoch 314] loss=0.1481 miou=0.6309 f1=0.7469 time=61.3s
[Epoch 315] loss=0.1347 miou=0.6370 f1=0.7501 time=61.3s
[Epoch 316] loss=0.1291 miou=0.6426 f1=0.7556 time=61.3s
[Epoch 317] loss=0.1255 miou=0.6349 f1=0.7486 time=61.2s
[Epoch 318] loss=0.1307 miou=0.6391 f1=0.7536 time=61.3s
[Epoch 319] loss=0.1342 miou=0.6519 f1=0.7630 time=61.3s
[Epoch 320] loss=0.1335 miou=0.6415 f1=0.7536 time=61.2s
[Epoch 321] loss=0.1359 miou=0.6476 f1=0.7591 time=61.2s
[Epoch 322] loss=0.1284 miou=0.6495 f1=0.7600 time=61.3s
[Epoch 323] loss=0.1359 miou=0.6417 f1=0.7550 time=61.2s
[Epoch 324] loss=0.1308 miou=0.6516 f1=0.7640 time=61.2s
[Epoch 325] loss=0.1280 miou=0.6337 f1=0.7474 time=61.3s
[Epoch 326] loss=0.1262 miou=0.6378 f1=0.7513 time=61.3s
[Epoch 327] loss=0.1290 miou=0.6424 f1=0.7568 time=61.3s
[Epoch 328] loss=0.1276 miou=0.6372 f1=0.7530 time=61.3s
[Epoch 329] loss=0.1316 miou=0.6469 f1=0.7573 time=61.0s
[Epoch 330] loss=0.1352 miou=0.6532 f1=0.7628 time=61.1s
[Epoch 331] loss=0.1288 miou=0.6326 f1=0.7453 time=61.1s
[Epoch 332] loss=0.1380 miou=0.6451 f1=0.7559 time=61.1s
[Epoch 333] loss=0.1319 miou=0.6439 f1=0.7549 time=61.0s
[Epoch 334] loss=0.1251 miou=0.6380 f1=0.7487 time=61.1s
[Epoch 335] loss=0.1261 miou=0.6460 f1=0.7579 time=61.1s
[Epoch 336] loss=0.1333 miou=0.6488 f1=0.7613 time=61.0s
[Epoch 337] loss=0.1272 miou=0.6549 f1=0.7643 time=61.2s
[Epoch 338] loss=0.1237 miou=0.6493 f1=0.7622 time=61.0s
[Epoch 339] loss=0.1238 miou=0.6427 f1=0.7584 time=61.3s
[Epoch 340] loss=0.1236 miou=0.6442 f1=0.7577 time=61.1s
[Epoch 341] loss=0.1263 miou=0.6388 f1=0.7512 time=61.1s
[Epoch 342] loss=0.1221 miou=0.6292 f1=0.7447 time=61.1s
[Epoch 343] loss=0.1207 miou=0.6434 f1=0.7580 time=61.3s
[Epoch 344] loss=0.1215 miou=0.6498 f1=0.7617 time=61.3s
[Epoch 345] loss=0.1187 miou=0.6477 f1=0.7606 time=61.2s
[Epoch 346] loss=0.1253 miou=0.6526 f1=0.7673 time=61.1s
[Epoch 347] loss=0.1246 miou=0.6373 f1=0.7530 time=61.0s
[Epoch 348] loss=18.8011 miou=0.5786 f1=0.6914 time=61.2s
[Epoch 349] loss=0.2045 miou=0.6522 f1=0.7594 time=61.0s
[Epoch 350] loss=0.1443 miou=0.6579 f1=0.7669 time=61.1s
[Epoch 351] loss=0.1317 miou=0.6512 f1=0.7604 time=61.3s
[Epoch 352] loss=0.1253 miou=0.6515 f1=0.7630 time=61.2s
[Epoch 353] loss=0.1214 miou=0.6629 f1=0.7711 time=61.3s
[Epoch 354] loss=0.1194 miou=0.6486 f1=0.7579 time=61.0s
[Epoch 355] loss=0.1149 miou=0.6555 f1=0.7640 time=61.3s
[Epoch 356] loss=0.1213 miou=0.6539 f1=0.7645 time=61.0s
[Epoch 357] loss=0.1141 miou=0.6550 f1=0.7631 time=61.0s
[Epoch 358] loss=0.1164 miou=0.6395 f1=0.7477 time=61.0s
[Epoch 359] loss=0.1179 miou=0.6525 f1=0.7611 time=61.0s
[Epoch 360] loss=0.1184 miou=0.6440 f1=0.7551 time=61.1s
[Epoch 361] loss=0.1162 miou=0.6488 f1=0.7586 time=61.1s
[Epoch 362] loss=0.1108 miou=0.6644 f1=0.7714 time=61.2s
[Epoch 363] loss=0.1150 miou=0.6409 f1=0.7513 time=61.1s
[Epoch 364] loss=0.1159 miou=0.6501 f1=0.7573 time=61.1s
[Epoch 365] loss=0.1131 miou=0.6488 f1=0.7577 time=61.0s
[Epoch 366] loss=0.1129 miou=0.6608 f1=0.7690 time=61.1s
[Epoch 367] loss=0.1212 miou=0.6437 f1=0.7536 time=61.3s
[Epoch 368] loss=0.1202 miou=0.6526 f1=0.7599 time=61.2s
[Epoch 369] loss=0.1170 miou=0.6409 f1=0.7516 time=61.2s
[Epoch 370] loss=0.1220 miou=0.6522 f1=0.7597 time=61.2s
[Epoch 371] loss=0.1146 miou=0.6705 f1=0.7757 time=61.1s
[Epoch 372] loss=0.1097 miou=0.6455 f1=0.7575 time=61.3s
[Epoch 373] loss=0.1160 miou=0.6682 f1=0.7754 time=61.1s
[Epoch 374] loss=0.1186 miou=0.6485 f1=0.7572 time=61.1s
[Epoch 375] loss=0.1173 miou=0.6623 f1=0.7709 time=61.3s
[Epoch 376] loss=0.1187 miou=0.6469 f1=0.7581 time=61.1s
[Epoch 377] loss=0.1249 miou=0.6461 f1=0.7548 time=61.1s
[Epoch 378] loss=0.1155 miou=0.6629 f1=0.7681 time=61.1s
[Epoch 379] loss=0.1161 miou=0.6566 f1=0.7637 time=61.1s
[Epoch 380] loss=0.1142 miou=0.6515 f1=0.7603 time=61.8s
[Epoch 381] loss=0.1190 miou=0.6565 f1=0.7627 time=61.6s
[Epoch 382] loss=0.1222 miou=0.6572 f1=0.7665 time=61.5s
[Epoch 383] loss=0.1213 miou=0.6519 f1=0.7614 time=61.6s
[Epoch 384] loss=0.1176 miou=0.6491 f1=0.7605 time=61.6s
[Epoch 385] loss=0.1121 miou=0.6495 f1=0.7600 time=61.5s
[Epoch 386] loss=0.1095 miou=0.6580 f1=0.7660 time=61.6s
[Epoch 387] loss=0.1182 miou=0.6447 f1=0.7569 time=61.7s
[Epoch 388] loss=0.1246 miou=0.6379 f1=0.7497 time=61.6s
[Epoch 389] loss=0.1264 miou=0.6526 f1=0.7631 time=61.7s
[Epoch 390] loss=0.1136 miou=0.6580 f1=0.7635 time=61.6s
[Epoch 391] loss=0.1349 miou=0.6533 f1=0.7636 time=61.8s
[Epoch 392] loss=0.1196 miou=0.6479 f1=0.7572 time=61.6s
[Epoch 393] loss=0.1186 miou=0.6366 f1=0.7475 time=62.6s
[Epoch 394] loss=0.1196 miou=0.6380 f1=0.7453 time=62.6s
[Epoch 395] loss=0.1147 miou=0.6477 f1=0.7546 time=62.3s
[Epoch 396] loss=0.1116 miou=0.6482 f1=0.7553 time=61.4s
[Epoch 397] loss=0.1144 miou=0.6538 f1=0.7625 time=61.4s
[Epoch 398] loss=0.1153 miou=0.6585 f1=0.7685 time=61.4s
[Epoch 399] loss=0.1160 miou=0.6460 f1=0.7580 time=61.4s
[Epoch 400] loss=0.1116 miou=0.6244 f1=0.7361 time=62.6s
[Epoch 401] loss=0.1184 miou=0.6480 f1=0.7564 time=62.5s
[Epoch 402] loss=0.1175 miou=0.6459 f1=0.7552 time=62.5s
[Epoch 403] loss=0.1164 miou=0.6394 f1=0.7505 time=62.5s
[Epoch 404] loss=0.1191 miou=0.6620 f1=0.7692 time=61.4s
[Epoch 405] loss=0.1213 miou=0.6559 f1=0.7658 time=61.4s
[Epoch 406] loss=0.1200 miou=0.6362 f1=0.7477 time=62.1s
[Epoch 407] loss=0.1158 miou=0.6467 f1=0.7574 time=62.4s
[Epoch 408] loss=0.1112 miou=0.6432 f1=0.7526 time=61.4s
[Epoch 409] loss=0.1149 miou=0.6518 f1=0.7617 time=61.3s
[Epoch 410] loss=0.1090 miou=0.6417 f1=0.7545 time=62.5s
[Epoch 411] loss=0.1084 miou=0.6456 f1=0.7550 time=62.1s
[Epoch 412] loss=0.1160 miou=0.6435 f1=0.7527 time=61.7s
[Epoch 413] loss=0.1146 miou=0.6526 f1=0.7612 time=62.5s
[Epoch 414] loss=0.1142 miou=0.6536 f1=0.7652 time=62.5s
[Epoch 415] loss=0.1205 miou=0.6327 f1=0.7517 time=62.5s
[Epoch 416] loss=0.1164 miou=0.6474 f1=0.7611 time=62.2s
[Epoch 417] loss=0.1301 miou=0.6421 f1=0.7525 time=62.6s
[Epoch 418] loss=0.1115 miou=0.6372 f1=0.7515 time=62.7s
[Epoch 419] loss=0.1104 miou=0.6495 f1=0.7587 time=61.4s
[Epoch 420] loss=0.1173 miou=0.6626 f1=0.7696 time=61.5s
[Epoch 421] loss=0.1114 miou=0.6610 f1=0.7683 time=61.5s
[Epoch 422] loss=0.1161 miou=0.6344 f1=0.7534 time=61.4s
[Epoch 423] loss=0.1216 miou=0.6551 f1=0.7644 time=61.4s
[Epoch 424] loss=0.1088 miou=0.6317 f1=0.7465 time=61.5s
[Epoch 425] loss=0.1206 miou=0.6534 f1=0.7633 time=61.5s
[Epoch 426] loss=0.1084 miou=0.6368 f1=0.7474 time=61.4s
[Epoch 427] loss=0.1128 miou=0.6347 f1=0.7495 time=61.3s
[Epoch 428] loss=0.1122 miou=0.6512 f1=0.7615 time=61.4s
[Epoch 429] loss=0.1234 miou=0.6460 f1=0.7589 time=61.3s
[Epoch 430] loss=0.1172 miou=0.6529 f1=0.7624 time=61.6s
[Epoch 431] loss=0.1075 miou=0.6378 f1=0.7496 time=61.7s
[Epoch 432] loss=0.1097 miou=0.6495 f1=0.7597 time=61.7s
[Epoch 433] loss=0.1081 miou=0.6366 f1=0.7473 time=61.5s
[Epoch 434] loss=0.1130 miou=0.6464 f1=0.7563 time=61.6s
[Epoch 435] loss=0.1099 miou=0.6286 f1=0.7380 time=61.6s
[Epoch 436] loss=0.1109 miou=0.6557 f1=0.7625 time=61.6s
[Epoch 437] loss=0.1118 miou=0.6475 f1=0.7579 time=61.6s
[Epoch 438] loss=0.1116 miou=0.6402 f1=0.7500 time=61.6s
[Epoch 439] loss=0.1112 miou=0.6360 f1=0.7469 time=61.5s
[Epoch 440] loss=0.1070 miou=0.6531 f1=0.7579 time=61.6s
[Epoch 441] loss=0.1106 miou=0.6403 f1=0.7506 time=61.6s
[Epoch 442] loss=0.1072 miou=0.6448 f1=0.7542 time=61.6s
[Epoch 443] loss=0.1112 miou=0.6500 f1=0.7603 time=61.5s
[Epoch 444] loss=0.1293 miou=0.6406 f1=0.7511 time=61.2s
[Epoch 445] loss=0.1158 miou=0.6364 f1=0.7481 time=61.2s
[Epoch 446] loss=0.1094 miou=0.6374 f1=0.7484 time=61.2s
[Epoch 447] loss=0.1089 miou=0.6448 f1=0.7543 time=61.2s
[Epoch 448] loss=0.1037 miou=0.6505 f1=0.7597 time=61.1s
[Epoch 449] loss=0.1086 miou=0.6314 f1=0.7435 time=61.1s
[Epoch 450] loss=0.1088 miou=0.6507 f1=0.7600 time=61.1s
[Epoch 451] loss=0.1052 miou=0.6523 f1=0.7628 time=61.2s
[Epoch 452] loss=0.1049 miou=0.6488 f1=0.7598 time=61.2s
[Epoch 453] loss=0.1065 miou=0.6448 f1=0.7562 time=61.2s
[Epoch 454] loss=0.1056 miou=0.6540 f1=0.7658 time=61.2s
[Epoch 455] loss=0.1071 miou=0.6449 f1=0.7555 time=61.1s
[Epoch 456] loss=0.1015 miou=0.6405 f1=0.7504 time=61.1s
[Epoch 457] loss=0.1088 miou=0.6222 f1=0.7341 time=61.2s
[Epoch 458] loss=0.1109 miou=0.6449 f1=0.7541 time=61.0s
[Epoch 459] loss=0.1069 miou=0.6365 f1=0.7466 time=61.1s
[Epoch 460] loss=0.1142 miou=0.6531 f1=0.7601 time=61.1s
[Epoch 461] loss=0.1065 miou=0.6492 f1=0.7601 time=61.1s
[Epoch 462] loss=0.0999 miou=0.6560 f1=0.7627 time=61.2s
[Epoch 463] loss=0.0988 miou=0.6532 f1=0.7602 time=61.2s
[Epoch 464] loss=0.0949 miou=0.6470 f1=0.7545 time=61.2s
[Epoch 465] loss=0.1008 miou=0.6602 f1=0.7655 time=61.1s
[Epoch 466] loss=0.1091 miou=0.6409 f1=0.7516 time=61.1s
[Epoch 467] loss=0.1063 miou=0.6441 f1=0.7542 time=61.2s
[Epoch 468] loss=0.1068 miou=0.6446 f1=0.7541 time=61.1s
[Epoch 469] loss=0.1050 miou=0.6495 f1=0.7593 time=61.1s
[Epoch 470] loss=0.1026 miou=0.6500 f1=0.7587 time=61.0s
[Epoch 471] loss=0.1007 miou=0.6643 f1=0.7702 time=61.2s
[Epoch 472] loss=0.1063 miou=0.6422 f1=0.7528 time=61.1s
[Epoch 473] loss=0.1080 miou=0.6509 f1=0.7594 time=61.1s
[Epoch 474] loss=0.1100 miou=0.6429 f1=0.7556 time=61.1s
[Epoch 475] loss=0.1065 miou=0.6375 f1=0.7505 time=61.1s
[Epoch 476] loss=0.1185 miou=0.6408 f1=0.7522 time=61.1s
[Epoch 477] loss=0.1187 miou=0.6386 f1=0.7486 time=61.0s
[Epoch 478] loss=0.1144 miou=0.6461 f1=0.7552 time=61.1s
[Epoch 479] loss=0.1262 miou=0.6450 f1=0.7558 time=61.3s
[Epoch 480] loss=0.1166 miou=0.6442 f1=0.7544 time=61.4s
[Epoch 481] loss=0.1033 miou=0.6473 f1=0.7548 time=61.1s
[Epoch 482] loss=0.1023 miou=0.6470 f1=0.7553 time=61.0s
[Epoch 483] loss=0.0994 miou=0.6583 f1=0.7638 time=61.2s
[Epoch 484] loss=0.1021 miou=0.6505 f1=0.7600 time=61.2s
[Epoch 485] loss=0.0970 miou=0.6500 f1=0.7603 time=61.1s
[Epoch 486] loss=0.0990 miou=0.6422 f1=0.7507 time=61.2s
[Epoch 487] loss=0.1138 miou=0.6542 f1=0.7638 time=61.2s
[Epoch 488] loss=0.1007 miou=0.6464 f1=0.7558 time=61.2s
[Epoch 489] loss=0.1062 miou=0.6444 f1=0.7513 time=61.1s
[Epoch 490] loss=0.1020 miou=0.6437 f1=0.7600 time=61.1s
[Epoch 491] loss=0.1105 miou=0.6448 f1=0.7546 time=61.2s
[Epoch 492] loss=0.1008 miou=0.6547 f1=0.7624 time=61.1s
[Epoch 493] loss=0.0954 miou=0.6584 f1=0.7652 time=61.0s
[Epoch 494] loss=0.0995 miou=0.6450 f1=0.7598 time=61.1s
[Epoch 495] loss=0.0993 miou=0.6587 f1=0.7698 time=61.1s
[Epoch 496] loss=0.0934 miou=0.6527 f1=0.7651 time=61.2s
[Epoch 497] loss=0.0983 miou=0.6521 f1=0.7613 time=61.2s
[Epoch 498] loss=0.0960 miou=0.6513 f1=0.7601 time=61.1s
[Epoch 499] loss=0.0987 miou=0.6518 f1=0.7622 time=61.2s
[Epoch 500] loss=0.0971 miou=0.6514 f1=0.7611 time=61.2s
[Epoch 501] loss=0.0937 miou=0.6498 f1=0.7610 time=61.2s
[Epoch 502] loss=0.0978 miou=0.6485 f1=0.7590 time=61.1s
[Epoch 503] loss=0.0982 miou=0.6380 f1=0.7489 time=61.3s
[Epoch 504] loss=0.0997 miou=0.6528 f1=0.7630 time=61.2s
[Epoch 505] loss=0.1012 miou=0.6378 f1=0.7481 time=61.2s
[Epoch 506] loss=0.0996 miou=0.6480 f1=0.7564 time=61.2s
[Epoch 507] loss=0.0971 miou=0.6487 f1=0.7597 time=61.2s
[Epoch 508] loss=0.0934 miou=0.6509 f1=0.7599 time=61.1s
[Epoch 509] loss=0.1027 miou=0.6289 f1=0.7474 time=61.2s
[Epoch 510] loss=0.1091 miou=0.6369 f1=0.7526 time=61.2s
[Epoch 511] loss=0.0995 miou=0.6471 f1=0.7589 time=61.2s
[Epoch 512] loss=0.0976 miou=0.6472 f1=0.7568 time=61.2s
[Epoch 513] loss=0.1043 miou=0.6512 f1=0.7618 time=61.2s
[Epoch 514] loss=0.1084 miou=0.6460 f1=0.7569 time=61.2s
[Epoch 515] loss=0.1114 miou=0.6408 f1=0.7517 time=61.1s
[Epoch 516] loss=0.1072 miou=0.6439 f1=0.7545 time=61.0s
[Epoch 517] loss=0.0963 miou=0.6587 f1=0.7665 time=61.1s
[Epoch 518] loss=0.0944 miou=0.6480 f1=0.7558 time=61.2s
[Epoch 519] loss=0.0933 miou=0.6510 f1=0.7583 time=61.1s
[Epoch 520] loss=0.0981 miou=0.6350 f1=0.7450 time=61.2s
[Epoch 521] loss=0.1004 miou=0.6404 f1=0.7516 time=61.1s
[Epoch 522] loss=0.0960 miou=0.6463 f1=0.7556 time=61.1s
[Epoch 523] loss=0.0965 miou=0.6398 f1=0.7520 time=61.1s
[Epoch 524] loss=0.0973 miou=0.6372 f1=0.7486 time=61.1s
[Epoch 525] loss=0.0975 miou=0.6427 f1=0.7534 time=61.1s
[Epoch 526] loss=0.0983 miou=0.6372 f1=0.7481 time=61.1s
[Epoch 527] loss=0.0989 miou=0.6466 f1=0.7541 time=61.1s
[Epoch 528] loss=0.1044 miou=0.6282 f1=0.7429 time=61.1s
[Epoch 529] loss=0.1039 miou=0.6454 f1=0.7551 time=61.1s
[Epoch 530] loss=0.1023 miou=0.6423 f1=0.7531 time=61.1s
[Epoch 531] loss=0.1128 miou=0.6200 f1=0.7348 time=61.2s
[Epoch 532] loss=0.0964 miou=0.6499 f1=0.7571 time=61.2s
[Epoch 533] loss=0.0972 miou=0.6409 f1=0.7519 time=61.1s
[Epoch 534] loss=0.0954 miou=0.6465 f1=0.7572 time=61.1s
[Epoch 535] loss=0.0933 miou=0.6490 f1=0.7597 time=61.0s
[Epoch 536] loss=0.0933 miou=0.6498 f1=0.7591 time=61.2s
[Epoch 537] loss=0.1025 miou=0.6484 f1=0.7565 time=61.2s
[Epoch 538] loss=0.0995 miou=0.6486 f1=0.7574 time=61.2s
[Epoch 539] loss=0.0951 miou=0.6420 f1=0.7542 time=61.1s
[Epoch 540] loss=0.1013 miou=0.6353 f1=0.7489 time=61.1s
[Epoch 541] loss=0.0964 miou=0.6470 f1=0.7571 time=61.0s
[Epoch 542] loss=0.0959 miou=0.6363 f1=0.7467 time=61.2s
[Epoch 543] loss=0.1007 miou=0.6311 f1=0.7485 time=61.3s
[Epoch 544] loss=0.0957 miou=0.6392 f1=0.7500 time=61.2s
[Epoch 545] loss=0.0942 miou=0.6334 f1=0.7471 time=61.2s
[Epoch 546] loss=0.1012 miou=0.6219 f1=0.7415 time=61.1s
[Epoch 547] loss=0.1020 miou=0.6449 f1=0.7537 time=61.2s
[Epoch 548] loss=0.0968 miou=0.6544 f1=0.7614 time=61.2s
[Epoch 549] loss=0.0938 miou=0.6522 f1=0.7620 time=61.1s
[Epoch 550] loss=0.0920 miou=0.6550 f1=0.7639 time=61.1s
[Epoch 551] loss=0.0947 miou=0.6514 f1=0.7592 time=61.1s
[Epoch 552] loss=0.0916 miou=0.6534 f1=0.7612 time=61.2s
[Epoch 553] loss=0.0926 miou=0.6579 f1=0.7660 time=61.0s
[Epoch 554] loss=0.0971 miou=0.6411 f1=0.7481 time=61.2s
[Epoch 555] loss=0.0991 miou=0.6512 f1=0.7589 time=62.0s
[Epoch 556] loss=0.0978 miou=0.6239 f1=0.7369 time=62.3s
[Epoch 557] loss=0.1065 miou=0.6349 f1=0.7486 time=62.3s
[Epoch 558] loss=0.0991 miou=0.6514 f1=0.7577 time=62.3s
[Epoch 559] loss=0.0926 miou=0.6484 f1=0.7528 time=62.3s
[Epoch 560] loss=0.0925 miou=0.6426 f1=0.7538 time=62.2s
[Epoch 561] loss=0.0952 miou=0.6479 f1=0.7576 time=62.2s
[Epoch 562] loss=0.0959 miou=0.6526 f1=0.7596 time=62.2s
[Epoch 563] loss=0.0937 miou=0.6389 f1=0.7489 time=62.3s
[Epoch 564] loss=0.0918 miou=0.6388 f1=0.7484 time=62.0s
[Epoch 565] loss=0.0991 miou=0.6375 f1=0.7480 time=61.2s
[Epoch 566] loss=0.1002 miou=0.6416 f1=0.7495 time=61.2s
[Epoch 567] loss=0.1001 miou=0.6370 f1=0.7492 time=62.2s
[Epoch 568] loss=0.0956 miou=0.6445 f1=0.7536 time=61.2s
[Epoch 569] loss=0.0929 miou=0.6334 f1=0.7456 time=61.1s
[Epoch 570] loss=0.0903 miou=0.6531 f1=0.7590 time=61.1s
[Epoch 571] loss=0.0928 miou=0.6416 f1=0.7540 time=61.2s
[Epoch 572] loss=0.0958 miou=0.6361 f1=0.7447 time=61.2s
[Epoch 573] loss=0.0929 miou=0.6411 f1=0.7509 time=61.1s
[Epoch 574] loss=0.0958 miou=0.6481 f1=0.7544 time=61.1s
[Epoch 575] loss=0.0968 miou=0.6193 f1=0.7302 time=61.1s
[Epoch 576] loss=0.0955 miou=0.6325 f1=0.7423 time=61.1s
[Epoch 577] loss=0.0975 miou=0.6284 f1=0.7376 time=61.1s
[Epoch 578] loss=0.0876 miou=0.6358 f1=0.7441 time=61.1s
[Epoch 579] loss=0.0877 miou=0.6271 f1=0.7388 time=61.0s
[Epoch 580] loss=0.0955 miou=0.6356 f1=0.7460 time=61.0s
[Epoch 581] loss=0.0937 miou=0.6431 f1=0.7502 time=61.2s
[Epoch 582] loss=0.0990 miou=0.6500 f1=0.7546 time=61.1s
[Epoch 583] loss=0.0874 miou=0.6459 f1=0.7510 time=61.1s
[Epoch 584] loss=0.0928 miou=0.6277 f1=0.7366 time=61.1s
[Epoch 585] loss=0.0846 miou=0.6424 f1=0.7494 time=61.2s
[Epoch 586] loss=0.0926 miou=0.6362 f1=0.7475 time=61.2s
[Epoch 587] loss=0.0879 miou=0.6453 f1=0.7549 time=61.2s
[Epoch 588] loss=0.0928 miou=0.6452 f1=0.7542 time=61.1s
[Epoch 589] loss=0.0847 miou=0.6343 f1=0.7430 time=61.1s
[Epoch 590] loss=0.0935 miou=0.6386 f1=0.7487 time=61.0s
[Epoch 591] loss=0.0929 miou=0.6368 f1=0.7486 time=61.1s
[Epoch 592] loss=0.0887 miou=0.6440 f1=0.7529 time=61.2s
[Epoch 593] loss=0.0942 miou=0.6462 f1=0.7543 time=61.1s
[Epoch 594] loss=0.0886 miou=0.6509 f1=0.7598 time=61.1s
[Epoch 595] loss=0.0885 miou=0.6416 f1=0.7509 time=61.1s
[Epoch 596] loss=0.0873 miou=0.6471 f1=0.7552 time=61.1s
[Epoch 597] loss=0.0873 miou=0.6373 f1=0.7479 time=61.1s
[Epoch 598] loss=0.0887 miou=0.6379 f1=0.7518 time=61.2s
[Epoch 599] loss=0.0968 miou=0.6412 f1=0.7500 time=61.1s
[Epoch 600] loss=0.0909 miou=0.6369 f1=0.7488 time=61.2s
[Epoch 601] loss=0.0923 miou=0.6348 f1=0.7475 time=61.1s
[Epoch 602] loss=0.0925 miou=0.6294 f1=0.7399 time=61.1s
[Epoch 603] loss=0.0908 miou=0.6468 f1=0.7584 time=61.1s
[Epoch 604] loss=0.0866 miou=0.6372 f1=0.7504 time=61.2s
[Epoch 605] loss=0.0916 miou=0.6334 f1=0.7445 time=61.1s
[Epoch 606] loss=0.0907 miou=0.6323 f1=0.7446 time=61.2s
[Epoch 607] loss=0.0897 miou=0.6199 f1=0.7316 time=61.4s
[Epoch 608] loss=0.0933 miou=0.6466 f1=0.7578 time=61.0s
[Epoch 609] loss=0.0946 miou=0.6468 f1=0.7582 time=61.1s
[Epoch 610] loss=9.6177 miou=0.6108 f1=0.7321 time=61.1s
[Epoch 611] loss=0.1338 miou=0.6111 f1=0.7313 time=61.1s
[Epoch 612] loss=0.1304 miou=0.6077 f1=0.7295 time=61.1s
[Epoch 613] loss=0.1249 miou=0.6107 f1=0.7291 time=61.1s
[Epoch 614] loss=0.1103 miou=0.6216 f1=0.7372 time=61.1s
[Epoch 615] loss=0.1124 miou=0.6123 f1=0.7248 time=61.1s
[Epoch 616] loss=0.1030 miou=0.6289 f1=0.7402 time=61.1s
[Epoch 617] loss=0.1059 miou=0.6291 f1=0.7398 time=61.1s
[Epoch 618] loss=0.1174 miou=0.6112 f1=0.7237 time=61.1s
[Epoch 619] loss=0.1222 miou=0.6192 f1=0.7297 time=61.1s
[Epoch 620] loss=0.1059 miou=0.6242 f1=0.7339 time=61.1s
[Epoch 621] loss=0.1046 miou=0.6121 f1=0.7243 time=61.1s
[Epoch 622] loss=0.1047 miou=0.6256 f1=0.7373 time=61.2s
[Epoch 623] loss=0.1009 miou=0.6130 f1=0.7256 time=61.1s
[Epoch 624] loss=0.1043 miou=0.6361 f1=0.7434 time=61.0s
[Epoch 625] loss=0.1059 miou=0.6207 f1=0.7332 time=61.1s
[Epoch 626] loss=0.1010 miou=0.6309 f1=0.7396 time=61.2s
[Epoch 627] loss=0.1013 miou=0.6201 f1=0.7296 time=61.2s
[Epoch 628] loss=0.0966 miou=0.6206 f1=0.7331 time=61.1s
[Epoch 629] loss=0.0971 miou=0.6242 f1=0.7360 time=61.2s
[Epoch 630] loss=0.0974 miou=0.6378 f1=0.7507 time=61.2s
[Epoch 631] loss=0.0919 miou=0.6352 f1=0.7488 time=61.1s
[Epoch 632] loss=0.0892 miou=0.6346 f1=0.7472 time=61.1s
[Epoch 633] loss=0.0885 miou=0.6265 f1=0.7395 time=61.1s
[Epoch 634] loss=0.0900 miou=0.6235 f1=0.7370 time=61.1s
[Epoch 635] loss=0.0875 miou=0.6250 f1=0.7364 time=61.1s
[Epoch 636] loss=0.0863 miou=0.6353 f1=0.7493 time=61.1s
[Epoch 637] loss=0.0864 miou=0.6305 f1=0.7430 time=61.1s
[Epoch 638] loss=0.0893 miou=0.6300 f1=0.7445 time=61.1s
[Epoch 639] loss=0.0873 miou=0.6203 f1=0.7343 time=61.2s
[Epoch 640] loss=0.0909 miou=0.6210 f1=0.7352 time=61.0s
[Epoch 641] loss=0.0824 miou=0.6318 f1=0.7452 time=61.0s
[Epoch 642] loss=0.0882 miou=0.6355 f1=0.7486 time=61.0s
[Epoch 643] loss=0.0852 miou=0.6229 f1=0.7347 time=61.1s
[Epoch 644] loss=0.0909 miou=0.6344 f1=0.7467 time=61.2s
[Epoch 645] loss=0.0919 miou=0.6317 f1=0.7430 time=61.2s
[Epoch 646] loss=0.0908 miou=0.6429 f1=0.7504 time=61.1s
[Epoch 647] loss=0.1009 miou=0.6282 f1=0.7402 time=61.1s
[Epoch 648] loss=0.0976 miou=0.6356 f1=0.7471 time=61.1s
[Epoch 649] loss=0.0937 miou=0.6378 f1=0.7511 time=61.1s
[Epoch 650] loss=0.0921 miou=0.6346 f1=0.7471 time=61.1s
[Epoch 651] loss=0.0875 miou=0.6363 f1=0.7476 time=61.1s
[Epoch 652] loss=0.0842 miou=0.6543 f1=0.7650 time=61.1s
[Epoch 653] loss=0.0876 miou=0.6439 f1=0.7518 time=61.1s
[Epoch 654] loss=0.0856 miou=0.6488 f1=0.7576 time=61.1s
[Epoch 655] loss=0.0906 miou=0.6459 f1=0.7559 time=61.1s
[Epoch 656] loss=0.0921 miou=0.6432 f1=0.7547 time=61.0s
[Epoch 657] loss=0.0855 miou=0.6473 f1=0.7541 time=61.0s
[Epoch 658] loss=0.0832 miou=0.6368 f1=0.7460 time=61.1s
[Epoch 659] loss=0.0899 miou=0.6329 f1=0.7444 time=61.1s
[Epoch 660] loss=0.0855 miou=0.6400 f1=0.7493 time=61.1s
[Epoch 661] loss=0.0848 miou=0.6440 f1=0.7519 time=61.1s
[Epoch 662] loss=0.0833 miou=0.6416 f1=0.7530 time=61.1s
[Epoch 663] loss=0.0892 miou=0.6363 f1=0.7503 time=60.9s
[Epoch 664] loss=0.0844 miou=0.6438 f1=0.7534 time=61.0s
[Epoch 665] loss=0.0835 miou=0.6351 f1=0.7475 time=61.0s
[Epoch 666] loss=0.0860 miou=0.6249 f1=0.7370 time=61.0s
[Epoch 667] loss=0.0913 miou=0.6361 f1=0.7459 time=61.2s
[Epoch 668] loss=0.0862 miou=0.6287 f1=0.7408 time=61.2s
[Epoch 669] loss=0.0951 miou=0.6406 f1=0.7487 time=61.0s
[Epoch 670] loss=0.0902 miou=0.6292 f1=0.7406 time=61.2s
[Epoch 671] loss=0.0985 miou=0.6318 f1=0.7459 time=61.2s
[Epoch 672] loss=0.0893 miou=0.6260 f1=0.7384 time=61.0s
[Epoch 673] loss=0.0853 miou=0.6355 f1=0.7466 time=61.1s
[Epoch 674] loss=0.0873 miou=0.6453 f1=0.7577 time=61.1s
[Epoch 675] loss=0.0844 miou=0.6309 f1=0.7428 time=61.1s
[Epoch 676] loss=0.0872 miou=0.6297 f1=0.7408 time=61.2s
[Epoch 677] loss=0.0872 miou=0.6505 f1=0.7612 time=61.1s
[Epoch 678] loss=0.0841 miou=0.6503 f1=0.7582 time=61.1s
[Epoch 679] loss=0.0848 miou=0.6530 f1=0.7594 time=61.2s
[Epoch 680] loss=0.0876 miou=0.6522 f1=0.7583 time=61.1s
[Epoch 681] loss=0.0836 miou=0.6357 f1=0.7465 time=61.2s
[Epoch 682] loss=0.0836 miou=0.6401 f1=0.7513 time=61.1s
[Epoch 683] loss=0.0795 miou=0.6493 f1=0.7594 time=61.1s
[Epoch 684] loss=0.0802 miou=0.6418 f1=0.7531 time=61.1s
[Epoch 685] loss=0.0855 miou=0.6298 f1=0.7440 time=61.2s
[Epoch 686] loss=0.0981 miou=0.6273 f1=0.7393 time=61.1s
[Epoch 687] loss=0.0918 miou=0.6359 f1=0.7471 time=61.1s
[Epoch 688] loss=0.0928 miou=0.6268 f1=0.7395 time=61.3s
[Epoch 689] loss=0.0886 miou=0.6331 f1=0.7445 time=61.2s
[Epoch 690] loss=0.0879 miou=0.6293 f1=0.7429 time=61.1s
[Epoch 691] loss=0.0858 miou=0.6133 f1=0.7337 time=61.1s
[Epoch 692] loss=0.0902 miou=0.6336 f1=0.7455 time=61.1s
[Epoch 693] loss=0.0953 miou=0.6314 f1=0.7439 time=61.2s
[Epoch 694] loss=0.0896 miou=0.6266 f1=0.7384 time=61.2s
[Epoch 695] loss=0.0875 miou=0.6240 f1=0.7379 time=61.2s
[Epoch 696] loss=0.0882 miou=0.6452 f1=0.7544 time=61.2s
[Epoch 697] loss=0.0829 miou=0.6361 f1=0.7489 time=61.1s
[Epoch 698] loss=0.0814 miou=0.6474 f1=0.7564 time=61.1s
[Epoch 699] loss=0.0835 miou=0.6521 f1=0.7611 time=61.1s
[Epoch 700] loss=0.0837 miou=0.6190 f1=0.7326 time=61.1s
[Epoch 701] loss=0.0860 miou=0.6312 f1=0.7437 time=61.2s
[Epoch 702] loss=0.0879 miou=0.6303 f1=0.7434 time=61.2s
[Epoch 703] loss=0.0880 miou=0.6312 f1=0.7445 time=61.2s
[Epoch 704] loss=0.0857 miou=0.6384 f1=0.7499 time=61.2s
[Epoch 705] loss=0.0855 miou=0.6264 f1=0.7403 time=61.2s
[Epoch 706] loss=0.0827 miou=0.6225 f1=0.7381 time=61.1s
[Epoch 707] loss=0.0823 miou=0.6297 f1=0.7435 time=61.1s
[Epoch 708] loss=0.0819 miou=0.6427 f1=0.7529 time=61.1s
[Epoch 709] loss=0.0829 miou=0.6291 f1=0.7472 time=61.0s
[Epoch 710] loss=0.0813 miou=0.6254 f1=0.7384 time=61.1s
[Epoch 711] loss=0.0861 miou=0.6284 f1=0.7396 time=61.2s
[Epoch 712] loss=0.0867 miou=0.6442 f1=0.7564 time=61.2s
[Epoch 713] loss=0.0893 miou=0.6364 f1=0.7474 time=61.2s
[Epoch 714] loss=0.0830 miou=0.6374 f1=0.7491 time=61.2s
[Epoch 715] loss=0.0810 miou=0.6477 f1=0.7569 time=61.2s
[Epoch 716] loss=0.0833 miou=0.6523 f1=0.7639 time=61.1s
[Epoch 717] loss=0.0845 miou=0.6382 f1=0.7470 time=60.9s
[Epoch 718] loss=0.0800 miou=0.6429 f1=0.7531 time=61.1s
[Epoch 719] loss=0.0942 miou=0.6355 f1=0.7478 time=61.1s
[Epoch 720] loss=0.0855 miou=0.6508 f1=0.7613 time=61.2s
[Epoch 721] loss=0.0859 miou=0.6358 f1=0.7505 time=61.2s
[Epoch 722] loss=0.0868 miou=0.6249 f1=0.7426 time=61.2s
[Epoch 723] loss=0.0911 miou=0.6381 f1=0.7531 time=61.2s
[Epoch 724] loss=0.0900 miou=0.6305 f1=0.7426 time=61.0s
[Epoch 725] loss=0.0824 miou=0.6367 f1=0.7486 time=60.9s
[Epoch 726] loss=0.0848 miou=0.6407 f1=0.7519 time=61.0s
[Epoch 727] loss=0.1041 miou=0.6191 f1=0.7364 time=61.2s
[Epoch 728] loss=0.0882 miou=0.6353 f1=0.7493 time=61.2s
[Epoch 729] loss=0.0851 miou=0.6435 f1=0.7509 time=61.2s
[Epoch 730] loss=0.0861 miou=0.6403 f1=0.7471 time=61.2s
[Epoch 731] loss=0.0822 miou=0.6373 f1=0.7469 time=61.2s
[Epoch 732] loss=0.0795 miou=0.6356 f1=0.7470 time=61.2s
[Epoch 733] loss=0.0827 miou=0.6116 f1=0.7278 time=61.2s
[Epoch 734] loss=0.0802 miou=0.6375 f1=0.7484 time=61.1s
[Epoch 735] loss=0.0855 miou=0.6326 f1=0.7440 time=61.1s
[Epoch 736] loss=0.0816 miou=0.6320 f1=0.7405 time=61.1s
[Epoch 737] loss=0.0812 miou=0.6308 f1=0.7405 time=61.2s
[Epoch 738] loss=0.0933 miou=0.6332 f1=0.7464 time=61.2s
[Epoch 739] loss=0.0967 miou=0.6431 f1=0.7547 time=61.2s
[Epoch 740] loss=0.0791 miou=0.6441 f1=0.7539 time=61.1s
[Epoch 741] loss=0.0860 miou=0.6236 f1=0.7357 time=61.1s
[Epoch 742] loss=0.0793 miou=0.6312 f1=0.7443 time=61.1s
[Epoch 743] loss=0.0842 miou=0.6330 f1=0.7455 time=61.2s
[Epoch 744] loss=0.0802 miou=0.6370 f1=0.7473 time=60.8s
[Epoch 745] loss=0.0812 miou=0.6382 f1=0.7517 time=60.7s
[Epoch 746] loss=0.0823 miou=0.6264 f1=0.7408 time=60.7s
[Epoch 747] loss=0.0779 miou=0.6172 f1=0.7336 time=61.1s
[Epoch 748] loss=0.0790 miou=0.6295 f1=0.7404 time=61.2s
[Epoch 749] loss=0.0813 miou=0.6441 f1=0.7545 time=61.1s
[Epoch 750] loss=0.0809 miou=0.6381 f1=0.7507 time=60.8s
[Epoch 751] loss=0.0804 miou=0.6362 f1=0.7481 time=60.9s
[Epoch 752] loss=0.0865 miou=0.6215 f1=0.7398 time=60.9s
[Epoch 753] loss=0.0821 miou=0.6373 f1=0.7454 time=60.9s
[Epoch 754] loss=0.0784 miou=0.6335 f1=0.7422 time=60.9s
[Epoch 755] loss=0.0787 miou=0.6425 f1=0.7489 time=60.9s
[Epoch 756] loss=0.0798 miou=0.6340 f1=0.7433 time=61.0s
[Epoch 757] loss=0.0804 miou=0.6431 f1=0.7526 time=61.2s
[Epoch 758] loss=0.0827 miou=0.6268 f1=0.7394 time=61.2s
[Epoch 759] loss=0.0798 miou=0.6419 f1=0.7513 time=61.2s
[Epoch 760] loss=0.0830 miou=0.6308 f1=0.7431 time=61.0s
[Epoch 761] loss=0.0818 miou=0.6430 f1=0.7525 time=60.9s
[Epoch 762] loss=0.0807 miou=0.6316 f1=0.7433 time=61.3s
[Epoch 763] loss=0.0813 miou=0.6409 f1=0.7515 time=61.3s
[Epoch 764] loss=0.0825 miou=0.6344 f1=0.7456 time=61.2s
[Epoch 765] loss=0.0769 miou=0.6379 f1=0.7470 time=61.1s
[Epoch 766] loss=0.0764 miou=0.6375 f1=0.7494 time=61.2s
[Epoch 767] loss=0.0816 miou=0.6481 f1=0.7554 time=61.1s
[Epoch 768] loss=0.0839 miou=0.6432 f1=0.7517 time=61.0s
[Epoch 769] loss=0.0809 miou=0.6259 f1=0.7404 time=61.0s
[Epoch 770] loss=0.0805 miou=0.6406 f1=0.7515 time=60.9s
[Epoch 771] loss=0.0770 miou=0.6428 f1=0.7538 time=60.9s
[Epoch 772] loss=0.0814 miou=0.6339 f1=0.7480 time=60.8s
[Epoch 773] loss=0.0808 miou=0.6403 f1=0.7519 time=60.8s
[Epoch 774] loss=0.0801 miou=0.6518 f1=0.7588 time=60.9s
[Epoch 775] loss=0.0882 miou=0.6385 f1=0.7500 time=60.8s
[Epoch 776] loss=0.0824 miou=0.6335 f1=0.7447 time=60.8s
[Epoch 777] loss=0.0806 miou=0.6273 f1=0.7402 time=60.9s
[Epoch 778] loss=0.0833 miou=0.6398 f1=0.7474 time=60.9s
[Epoch 779] loss=0.0832 miou=0.6364 f1=0.7486 time=61.1s
[Epoch 780] loss=0.0807 miou=0.6228 f1=0.7380 time=61.2s
[Epoch 781] loss=0.0814 miou=0.6323 f1=0.7446 time=61.0s
[Epoch 782] loss=0.0780 miou=0.6442 f1=0.7537 time=61.0s
[Epoch 783] loss=0.0783 miou=0.6361 f1=0.7454 time=60.9s
[Epoch 784] loss=0.0808 miou=0.6294 f1=0.7424 time=60.9s
[Epoch 785] loss=0.0928 miou=0.6387 f1=0.7482 time=60.8s
[Epoch 786] loss=0.0802 miou=0.6366 f1=0.7464 time=60.8s
[Epoch 787] loss=0.0786 miou=0.6410 f1=0.7484 time=60.9s
[Epoch 788] loss=0.0776 miou=0.6465 f1=0.7564 time=60.8s
[Epoch 789] loss=0.0758 miou=0.6257 f1=0.7382 time=60.7s
[Epoch 790] loss=0.0838 miou=0.6243 f1=0.7390 time=60.8s
[Epoch 791] loss=0.0785 miou=0.6375 f1=0.7497 time=60.8s
[Epoch 792] loss=0.0812 miou=0.6424 f1=0.7508 time=60.8s
[Epoch 793] loss=0.0805 miou=0.6502 f1=0.7597 time=60.8s
[Epoch 794] loss=0.0775 miou=0.6386 f1=0.7496 time=60.7s
[Epoch 795] loss=0.0767 miou=0.6309 f1=0.7408 time=60.8s
[Epoch 796] loss=0.0812 miou=0.6353 f1=0.7461 time=61.0s
[Epoch 797] loss=0.0773 miou=0.6375 f1=0.7479 time=61.4s
[Epoch 798] loss=0.0839 miou=0.6336 f1=0.7470 time=61.7s
[Epoch 799] loss=0.0847 miou=0.6321 f1=0.7435 time=60.9s
[Epoch 800] loss=0.0860 miou=0.6228 f1=0.7345 time=61.0s
[Epoch 801] loss=25.0924 miou=0.6186 f1=0.7294 time=60.9s
[Epoch 802] loss=0.0853 miou=0.6459 f1=0.7539 time=60.9s
[Epoch 803] loss=0.0811 miou=0.6345 f1=0.7437 time=61.0s
[Epoch 804] loss=0.0758 miou=0.6363 f1=0.7470 time=61.0s
[Epoch 805] loss=14.7436 miou=0.6450 f1=0.7537 time=61.0s
[Epoch 806] loss=0.0774 miou=0.6409 f1=0.7485 time=61.1s
[Epoch 807] loss=0.0798 miou=0.6272 f1=0.7365 time=61.0s
[Epoch 808] loss=0.0771 miou=0.6446 f1=0.7537 time=60.9s
[Epoch 809] loss=0.0870 miou=0.6384 f1=0.7487 time=60.8s
[Epoch 810] loss=0.0773 miou=0.6387 f1=0.7460 time=60.9s
[Epoch 811] loss=0.0782 miou=0.6446 f1=0.7526 time=60.8s
[Epoch 812] loss=0.0766 miou=0.6416 f1=0.7524 time=60.8s
[Epoch 813] loss=0.0766 miou=0.6378 f1=0.7485 time=61.0s
[Epoch 814] loss=0.0768 miou=0.6372 f1=0.7484 time=60.9s
[Epoch 815] loss=0.0793 miou=0.6287 f1=0.7382 time=61.0s
[Epoch 816] loss=0.0793 miou=0.6433 f1=0.7519 time=60.9s
[Epoch 817] loss=0.0761 miou=0.6464 f1=0.7556 time=61.0s
[Epoch 818] loss=0.0916 miou=0.6364 f1=0.7495 time=60.9s
[Epoch 819] loss=0.0825 miou=0.6367 f1=0.7496 time=61.0s
[Epoch 820] loss=0.0813 miou=0.6321 f1=0.7476 time=61.1s
[Epoch 821] loss=0.0919 miou=0.6403 f1=0.7486 time=61.2s
[Epoch 822] loss=0.0777 miou=0.6517 f1=0.7575 time=61.0s
[Epoch 823] loss=0.0758 miou=0.6588 f1=0.7620 time=60.9s
[Epoch 824] loss=0.0759 miou=0.6429 f1=0.7516 time=60.9s
[Epoch 825] loss=0.0755 miou=0.6443 f1=0.7516 time=61.0s
[Epoch 826] loss=0.0764 miou=0.6444 f1=0.7517 time=61.0s
[Epoch 827] loss=0.0740 miou=0.6369 f1=0.7452 time=61.0s
[Epoch 828] loss=0.0741 miou=0.6360 f1=0.7450 time=61.0s
[Epoch 829] loss=0.0731 miou=0.6405 f1=0.7513 time=61.0s
[Epoch 830] loss=0.0738 miou=0.6421 f1=0.7524 time=60.9s
[Epoch 831] loss=0.0764 miou=0.6440 f1=0.7535 time=60.9s
[Epoch 832] loss=0.0754 miou=0.6381 f1=0.7481 time=61.1s
[Epoch 833] loss=0.0785 miou=0.6405 f1=0.7516 time=60.9s
[Epoch 834] loss=0.0806 miou=0.6334 f1=0.7476 time=60.9s
[Epoch 835] loss=0.1060 miou=0.6500 f1=0.7585 time=60.8s
[Epoch 836] loss=0.0840 miou=0.6405 f1=0.7494 time=60.8s
[Epoch 837] loss=0.0806 miou=0.6490 f1=0.7552 time=60.8s
[Epoch 838] loss=0.0762 miou=0.6371 f1=0.7479 time=60.9s
[Epoch 839] loss=0.0771 miou=0.6381 f1=0.7501 time=60.8s
[Epoch 840] loss=0.0746 miou=0.6427 f1=0.7514 time=60.8s
[Epoch 841] loss=0.0750 miou=0.6508 f1=0.7609 time=60.8s
[Epoch 842] loss=0.0745 miou=0.6404 f1=0.7496 time=60.9s
[Epoch 843] loss=0.0787 miou=0.6464 f1=0.7561 time=60.8s
[Epoch 844] loss=0.0813 miou=0.6366 f1=0.7482 time=60.8s
[Epoch 845] loss=0.0758 miou=0.6243 f1=0.7399 time=60.8s
[Epoch 846] loss=0.0724 miou=0.6353 f1=0.7475 time=60.7s
[Epoch 847] loss=0.0739 miou=0.6307 f1=0.7442 time=60.7s
[Epoch 848] loss=0.0793 miou=0.6329 f1=0.7450 time=60.8s
[Epoch 849] loss=0.0777 miou=0.6449 f1=0.7541 time=60.7s
[Epoch 850] loss=0.0729 miou=0.6369 f1=0.7478 time=60.8s
[Epoch 851] loss=0.0715 miou=0.6434 f1=0.7544 time=61.7s
[Epoch 852] loss=0.0884 miou=0.6139 f1=0.7293 time=61.2s
[Epoch 853] loss=0.0864 miou=0.6233 f1=0.7372 time=61.7s
[Epoch 854] loss=0.0767 miou=0.6504 f1=0.7605 time=62.2s
[Epoch 855] loss=0.0815 miou=0.6488 f1=0.7579 time=62.0s
[Epoch 856] loss=0.0777 miou=0.6328 f1=0.7464 time=61.9s
[Epoch 857] loss=0.0763 miou=0.6322 f1=0.7472 time=61.1s
[Epoch 858] loss=0.0771 miou=0.6365 f1=0.7486 time=61.3s
[Epoch 859] loss=0.0768 miou=0.6420 f1=0.7517 time=61.2s
[Epoch 860] loss=0.0778 miou=0.6264 f1=0.7385 time=61.1s
[Epoch 861] loss=0.0800 miou=0.6467 f1=0.7561 time=62.0s
[Epoch 862] loss=0.0756 miou=0.6351 f1=0.7482 time=62.0s
[Epoch 863] loss=0.0736 miou=0.6378 f1=0.7513 time=61.9s
[Epoch 864] loss=0.0780 miou=0.6389 f1=0.7496 time=61.9s
[Epoch 865] loss=0.0769 miou=0.6367 f1=0.7483 time=61.1s
[Epoch 866] loss=0.0746 miou=0.6390 f1=0.7496 time=61.1s
[Epoch 867] loss=0.0750 miou=0.6413 f1=0.7533 time=61.1s
[Epoch 868] loss=0.0784 miou=0.6341 f1=0.7466 time=61.1s
[Epoch 869] loss=0.0774 miou=0.6199 f1=0.7362 time=61.3s
[Epoch 870] loss=0.0757 miou=0.6274 f1=0.7417 time=61.4s
[Epoch 871] loss=0.0951 miou=0.6161 f1=0.7296 time=62.0s
[Epoch 872] loss=0.0860 miou=0.6254 f1=0.7374 time=62.0s
[Epoch 873] loss=0.0773 miou=0.6173 f1=0.7313 time=62.0s
[Epoch 874] loss=0.0727 miou=0.6312 f1=0.7454 time=60.8s
[Epoch 875] loss=0.0767 miou=0.6427 f1=0.7524 time=62.2s
[Epoch 876] loss=0.0729 miou=0.6338 f1=0.7458 time=61.9s
[Epoch 877] loss=0.0829 miou=0.6245 f1=0.7440 time=62.0s
[Epoch 878] loss=0.0850 miou=0.6247 f1=0.7425 time=61.9s
[Epoch 879] loss=0.0766 miou=0.6221 f1=0.7375 time=62.0s
[Epoch 880] loss=0.0786 miou=0.6266 f1=0.7445 time=61.1s
[Epoch 881] loss=0.0725 miou=0.6335 f1=0.7467 time=61.1s
[Epoch 882] loss=0.0763 miou=0.6238 f1=0.7365 time=62.2s
[Epoch 883] loss=0.0786 miou=0.6373 f1=0.7479 time=61.9s
[Epoch 884] loss=0.0801 miou=0.6387 f1=0.7489 time=61.9s
[Epoch 885] loss=0.0720 miou=0.6427 f1=0.7500 time=62.2s
[Epoch 886] loss=0.0729 miou=0.6333 f1=0.7455 time=62.0s
[Epoch 887] loss=0.0695 miou=0.6283 f1=0.7391 time=61.2s
[Epoch 888] loss=0.0719 miou=0.6452 f1=0.7554 time=61.2s
[Epoch 889] loss=0.0712 miou=0.6306 f1=0.7431 time=62.1s
[Epoch 890] loss=0.0736 miou=0.6431 f1=0.7545 time=61.9s
[Epoch 891] loss=0.0682 miou=0.6442 f1=0.7545 time=61.9s
[Epoch 892] loss=0.0708 miou=0.6492 f1=0.7588 time=61.9s
[Epoch 893] loss=0.0710 miou=0.6449 f1=0.7542 time=62.0s
[Epoch 894] loss=0.0745 miou=0.6400 f1=0.7516 time=62.1s
[Epoch 895] loss=0.0778 miou=0.6474 f1=0.7574 time=62.0s
[Epoch 896] loss=0.0770 miou=0.6363 f1=0.7489 time=61.2s
[Epoch 897] loss=0.0818 miou=0.6450 f1=0.7536 time=61.1s
[Epoch 898] loss=0.0736 miou=0.6404 f1=0.7493 time=61.1s
[Epoch 899] loss=0.0742 miou=0.6461 f1=0.7537 time=61.1s
[Epoch 900] loss=0.0750 miou=0.6368 f1=0.7488 time=60.9s
[Epoch 901] loss=0.0755 miou=0.6353 f1=0.7473 time=61.1s
[Epoch 902] loss=0.0765 miou=0.6428 f1=0.7546 time=61.1s
[Epoch 903] loss=0.0699 miou=0.6457 f1=0.7574 time=60.9s
[Epoch 904] loss=0.0761 miou=0.6538 f1=0.7627 time=60.9s
[Epoch 905] loss=0.0719 miou=0.6357 f1=0.7459 time=60.9s
[Epoch 906] loss=0.0739 miou=0.6444 f1=0.7549 time=61.0s
[Epoch 907] loss=0.0818 miou=0.6366 f1=0.7457 time=60.9s
[Epoch 908] loss=0.0818 miou=0.6456 f1=0.7558 time=61.0s
[Epoch 909] loss=0.0830 miou=0.6343 f1=0.7467 time=61.0s
[Epoch 910] loss=0.0758 miou=0.6381 f1=0.7494 time=60.9s
[Epoch 911] loss=0.0747 miou=0.6407 f1=0.7502 time=61.2s
[Epoch 912] loss=0.0754 miou=0.6398 f1=0.7508 time=61.2s
[Epoch 913] loss=0.0803 miou=0.6146 f1=0.7290 time=61.2s
[Epoch 914] loss=0.0803 miou=0.6290 f1=0.7403 time=61.0s
[Epoch 915] loss=0.0799 miou=0.6277 f1=0.7440 time=61.1s
[Epoch 916] loss=0.0886 miou=0.6299 f1=0.7408 time=61.1s
[Epoch 917] loss=0.0775 miou=0.6382 f1=0.7510 time=61.2s
[Epoch 918] loss=0.0771 miou=0.6279 f1=0.7419 time=61.1s
[Epoch 919] loss=0.0731 miou=0.6380 f1=0.7505 time=61.1s
[Epoch 920] loss=0.0733 miou=0.6414 f1=0.7531 time=61.1s
[Epoch 921] loss=0.0748 miou=0.6248 f1=0.7413 time=61.3s
[Epoch 922] loss=0.0756 miou=0.6300 f1=0.7457 time=61.3s
[Epoch 923] loss=0.0767 miou=0.6390 f1=0.7532 time=61.1s
[Epoch 924] loss=0.0730 miou=0.6421 f1=0.7515 time=61.1s
[Epoch 925] loss=0.0711 miou=0.6389 f1=0.7462 time=61.1s
[Epoch 926] loss=0.0695 miou=0.6244 f1=0.7398 time=61.1s
[Epoch 927] loss=0.0757 miou=0.6213 f1=0.7380 time=60.8s
[Epoch 928] loss=0.0763 miou=0.6370 f1=0.7526 time=61.1s
[Epoch 929] loss=0.0782 miou=0.6275 f1=0.7354 time=61.0s
[Epoch 930] loss=0.0737 miou=0.6249 f1=0.7401 time=61.1s
[Epoch 931] loss=0.0719 miou=0.6227 f1=0.7332 time=61.0s
[Epoch 932] loss=0.0724 miou=0.6302 f1=0.7408 time=60.8s
[Epoch 933] loss=0.0742 miou=0.6238 f1=0.7417 time=60.9s
[Epoch 934] loss=0.0745 miou=0.6226 f1=0.7362 time=61.0s
[Epoch 935] loss=0.0784 miou=0.6407 f1=0.7561 time=60.9s
[Epoch 936] loss=0.0735 miou=0.6359 f1=0.7474 time=61.0s
[Epoch 937] loss=0.0730 miou=0.6447 f1=0.7548 time=61.0s
[Epoch 938] loss=0.0740 miou=0.6390 f1=0.7508 time=60.9s
[Epoch 939] loss=0.0709 miou=0.6325 f1=0.7451 time=61.0s
[Epoch 940] loss=0.0715 miou=0.6300 f1=0.7443 time=61.1s
[Epoch 941] loss=0.0699 miou=0.6427 f1=0.7526 time=60.9s
[Epoch 942] loss=0.0764 miou=0.6382 f1=0.7513 time=61.0s
[Epoch 943] loss=0.0736 miou=0.6393 f1=0.7499 time=60.9s
[Epoch 944] loss=0.0737 miou=0.6397 f1=0.7491 time=60.9s
[Epoch 945] loss=0.0757 miou=0.6412 f1=0.7500 time=60.8s
[Epoch 946] loss=1.1928 miou=0.6412 f1=0.7502 time=60.8s
[Epoch 947] loss=77.5895 miou=0.6166 f1=0.7304 time=61.0s
[Epoch 948] loss=0.0769 miou=0.6221 f1=0.7360 time=60.9s
[Epoch 949] loss=0.0716 miou=0.6377 f1=0.7513 time=61.0s
[Epoch 950] loss=0.0736 miou=0.6465 f1=0.7590 time=60.9s
[Epoch 951] loss=0.0776 miou=0.6344 f1=0.7467 time=60.8s
[Epoch 952] loss=0.0789 miou=0.6375 f1=0.7492 time=60.9s
[Epoch 953] loss=0.0787 miou=0.6159 f1=0.7315 time=60.8s
[Epoch 954] loss=0.0717 miou=0.6248 f1=0.7393 time=60.8s
[Epoch 955] loss=0.0721 miou=0.6291 f1=0.7448 time=61.0s
[Epoch 956] loss=0.0685 miou=0.6191 f1=0.7359 time=61.0s
[Epoch 957] loss=0.0728 miou=0.6211 f1=0.7361 time=61.0s
[Epoch 958] loss=0.0735 miou=0.6298 f1=0.7438 time=61.0s
[Epoch 959] loss=0.0725 miou=0.6200 f1=0.7368 time=60.9s
[Epoch 960] loss=0.0728 miou=0.6245 f1=0.7396 time=60.9s
[Epoch 961] loss=0.0738 miou=0.6292 f1=0.7451 time=60.9s
[Epoch 962] loss=0.0704 miou=0.6365 f1=0.7487 time=61.0s
[Epoch 963] loss=0.0705 miou=0.6358 f1=0.7479 time=60.9s
[Epoch 964] loss=0.0705 miou=0.6290 f1=0.7428 time=60.9s
[Epoch 965] loss=0.0720 miou=0.6356 f1=0.7491 time=60.9s
[Epoch 966] loss=0.0730 miou=0.6316 f1=0.7461 time=60.9s
[Epoch 967] loss=0.0700 miou=0.6364 f1=0.7490 time=60.8s
[Epoch 968] loss=0.0744 miou=0.6280 f1=0.7423 time=60.8s
[Epoch 969] loss=0.0712 miou=0.6295 f1=0.7421 time=60.9s
[Epoch 970] loss=0.0693 miou=0.6341 f1=0.7466 time=61.0s
[Epoch 971] loss=0.0740 miou=0.6342 f1=0.7469 time=61.1s
[Epoch 972] loss=0.0718 miou=0.6304 f1=0.7430 time=60.9s
[Epoch 973] loss=0.0787 miou=0.6323 f1=0.7456 time=61.6s
[Epoch 974] loss=0.0723 miou=0.6424 f1=0.7541 time=62.1s
[Epoch 975] loss=0.0702 miou=0.6365 f1=0.7466 time=62.1s
[Epoch 976] loss=0.0727 miou=0.6543 f1=0.7621 time=62.1s
[Epoch 977] loss=0.0711 miou=0.6398 f1=0.7509 time=62.0s
[Epoch 978] loss=0.0735 miou=0.6434 f1=0.7538 time=61.0s
[Epoch 979] loss=0.0742 miou=0.6425 f1=0.7536 time=61.2s
[Epoch 980] loss=0.0713 miou=0.6429 f1=0.7537 time=62.1s
[Epoch 981] loss=0.0696 miou=0.6405 f1=0.7506 time=61.9s
[Epoch 982] loss=0.0709 miou=0.6500 f1=0.7616 time=61.9s
[Epoch 983] loss=0.0683 miou=0.6369 f1=0.7476 time=62.2s
[Epoch 984] loss=0.0712 miou=0.6456 f1=0.7557 time=62.0s
[Epoch 985] loss=0.0709 miou=0.6524 f1=0.7602 time=62.2s
[Epoch 986] loss=0.0685 miou=0.6353 f1=0.7476 time=61.9s
[Epoch 987] loss=0.0677 miou=0.6433 f1=0.7537 time=61.8s
[Epoch 988] loss=0.0677 miou=0.6352 f1=0.7482 time=61.2s
[Epoch 989] loss=0.0736 miou=0.6324 f1=0.7428 time=61.3s
[Epoch 990] loss=0.0746 miou=0.6364 f1=0.7461 time=62.0s
[Epoch 991] loss=0.0758 miou=0.6374 f1=0.7487 time=61.0s
[Epoch 992] loss=0.0740 miou=0.6312 f1=0.7456 time=61.1s
[Epoch 993] loss=0.0745 miou=0.6330 f1=0.7443 time=61.2s
[Epoch 994] loss=0.0748 miou=0.6419 f1=0.7541 time=61.2s
[Epoch 995] loss=0.0725 miou=0.6436 f1=0.7542 time=61.2s
[Epoch 996] loss=0.0787 miou=0.6459 f1=0.7571 time=61.1s
[Epoch 997] loss=0.0761 miou=0.6426 f1=0.7536 time=61.0s
[Epoch 998] loss=0.0726 miou=0.6491 f1=0.7573 time=62.0s
[Epoch 999] loss=0.0705 miou=0.6451 f1=0.7549 time=61.2s
[Epoch 1000] loss=0.0717 miou=0.6386 f1=0.7510 time=62.0s
